Task ID  - seed 029478
Parameters for SLiM run:
  -s 029478 MyRecipe6_1_0.E
// Initial random seed:
1511430751098

// RunInitializeCallbacks():
initializeSLiMOptions(dimensionality = 'x');
initializeMutationRate(1e-07);
initializeMutationType(1, 0.5, "g", 0.5, 1);
initializeMutationType(2, 0.5, "g", -0.5, 1);
initializeMutationType(3, 0.5, "f", 0);
initializeMutationType(4, 0.5, "g", 0.5, 1);
initializeMutationType(5, 0.5, "g", -0.5, 1);
initializeMutationType(6, 0.5, "g", 0.6, 1);
initializeMutationType(7, 0.5, "g", -0.6, 1);
initializeGenomicElementType(1, c(m1, m2, m3, m4, m5, m6, m7), c(1, 1, 100, 1, 1, 1, 1));
initializeGenomicElement(g1, 0, 99999);
initializeRecombinationRate(0.001);
initializeInteractionType(1, "x", reciprocal=T", maxDistance=0.02);
initializeInteractionType(2, "x", reciprocal=T", maxDistance=1);

// Starting run at generation <start>:
1 

-------------------------------
Output1 for generation 100:

Oceanic mean pheno: 0.243311
Freshwater mean pheno: -0.848382
-------------------------------
Output1 for generation 200:

Oceanic mean pheno: 5.381
Freshwater mean pheno: -1.00904
-------------------------------
Output1 for generation 300:

Oceanic mean pheno: 6.4636
Freshwater mean pheno: -1.03881
-------------------------------
Output1 for generation 400:

Oceanic mean pheno: 6.61139
Freshwater mean pheno: -1.74982
-------------------------------
Output1 for generation 500:

Oceanic mean pheno: 6.50638
Freshwater mean pheno: -2.92342
-------------------------------
Output1 for generation 600:

Oceanic mean pheno: 6.76239
Freshwater mean pheno: -4.1419
-------------------------------
Output1 for generation 700:

Oceanic mean pheno: 7.24369
Freshwater mean pheno: -4.7999
-------------------------------
Output1 for generation 800:

Oceanic mean pheno: 8.08632
Freshwater mean pheno: -6.06893
-------------------------------
Output1 for generation 900:

Oceanic mean pheno: 8.60483
Freshwater mean pheno: -6.83871
-------------------------------
Output1 for generation 1000:

Oceanic mean pheno: 8.50463
Freshwater mean pheno: -7.77202
-------------------------------
Output1 for generation 1100:

Oceanic mean pheno: 9.47487
Freshwater mean pheno: -8.22346
-------------------------------
Output1 for generation 1200:

Oceanic mean pheno: 8.74748
Freshwater mean pheno: -7.92049
-------------------------------
Output1 for generation 1300:

Oceanic mean pheno: 9.31546
Freshwater mean pheno: -8.2516
-------------------------------
Output1 for generation 1400:

Oceanic mean pheno: 9.53965
Freshwater mean pheno: -8.61141
-------------------------------
Output1 for generation 1500:

Oceanic mean pheno: 9.40604
Freshwater mean pheno: -8.8319
-------------------------------
Output1 for generation 1600:

Oceanic mean pheno: 9.43757
Freshwater mean pheno: -8.40006
-------------------------------
Output1 for generation 1700:

Oceanic mean pheno: 9.37518
Freshwater mean pheno: -8.70245
-------------------------------
Output1 for generation 1800:

Oceanic mean pheno: 9.50163
Freshwater mean pheno: -8.65574
-------------------------------
Output1 for generation 1900:

Oceanic mean pheno: 9.12245
Freshwater mean pheno: -8.87959
-------------------------------
Output1 for generation 2000:

Oceanic mean pheno: 9.42914
Freshwater mean pheno: -9.0122
-------------------------------
Output1 for generation 2100:

Oceanic mean pheno: 9.4314
Freshwater mean pheno: -9.08506
-------------------------------
Output1 for generation 2200:

Oceanic mean pheno: 9.23295
Freshwater mean pheno: -8.53963
-------------------------------
Output1 for generation 2300:

Oceanic mean pheno: 9.30988
Freshwater mean pheno: -8.76814
-------------------------------
Output1 for generation 2400:

Oceanic mean pheno: 8.93355
Freshwater mean pheno: -8.55766
-------------------------------
Output1 for generation 2500:

Oceanic mean pheno: 9.34593
Freshwater mean pheno: -8.33328
-------------------------------
Output1 for generation 2600:

Oceanic mean pheno: 8.97484
Freshwater mean pheno: -8.43244
-------------------------------
Output1 for generation 2700:

Oceanic mean pheno: 9.36675
Freshwater mean pheno: -8.67804
-------------------------------
Output1 for generation 2800:

Oceanic mean pheno: 9.26487
Freshwater mean pheno: -9.24284
-------------------------------
Output1 for generation 2900:

Oceanic mean pheno: 9.35571
Freshwater mean pheno: -8.7212
-------------------------------
Output1 for generation 3000:

Oceanic mean pheno: 9.14215
Freshwater mean pheno: -8.52257
-------------------------------
Output1 for generation 3100:

Oceanic mean pheno: 9.2292
Freshwater mean pheno: -8.33114
-------------------------------
Output1 for generation 3200:

Oceanic mean pheno: 9.26614
Freshwater mean pheno: -8.72423
-------------------------------
Output1 for generation 3300:

Oceanic mean pheno: 8.8684
Freshwater mean pheno: -8.49453
-------------------------------
Output1 for generation 3400:

Oceanic mean pheno: 8.94883
Freshwater mean pheno: -9.03863
-------------------------------
Output1 for generation 3500:

Oceanic mean pheno: 9.31761
Freshwater mean pheno: -8.86548
-------------------------------
Output1 for generation 3600:

Oceanic mean pheno: 9.44355
Freshwater mean pheno: -8.90487
-------------------------------
Output1 for generation 3700:

Oceanic mean pheno: 8.99982
Freshwater mean pheno: -8.85196
-------------------------------
Output1 for generation 3800:

Oceanic mean pheno: 9.11552
Freshwater mean pheno: -8.67443
-------------------------------
Output1 for generation 3900:

Oceanic mean pheno: 9.623
Freshwater mean pheno: -8.50597
-------------------------------
Output1 for generation 4000:

Oceanic mean pheno: 9.31197
Freshwater mean pheno: -8.7611
-------------------------------
Output1 for generation 4100:

Oceanic mean pheno: 9.25212
Freshwater mean pheno: -9.1531
-------------------------------
Output1 for generation 4200:

Oceanic mean pheno: 9.53667
Freshwater mean pheno: -9.21307
-------------------------------
Output1 for generation 4300:

Oceanic mean pheno: 9.49067
Freshwater mean pheno: -9.06423
-------------------------------
Output1 for generation 4400:

Oceanic mean pheno: 9.01569
Freshwater mean pheno: -9.20942
-------------------------------
Output1 for generation 4500:

Oceanic mean pheno: 9.16841
Freshwater mean pheno: -9.0547
-------------------------------
Output1 for generation 4600:

Oceanic mean pheno: 9.18599
Freshwater mean pheno: -9.15132
-------------------------------
Output1 for generation 4700:

Oceanic mean pheno: 9.36811
Freshwater mean pheno: -8.9858
-------------------------------
Output1 for generation 4800:

Oceanic mean pheno: 9.57063
Freshwater mean pheno: -9.13444
-------------------------------
Output1 for generation 4900:

Oceanic mean pheno: 9.26623
Freshwater mean pheno: -8.95384
-------------------------------
Output1 for generation 5000:

Oceanic mean pheno: 9.64004
Freshwater mean pheno: -8.8534
-------------------------------
Output1 for generation 5100:

Oceanic mean pheno: 8.98618
Freshwater mean pheno: -9.18907
-------------------------------
Output1 for generation 5200:

Oceanic mean pheno: 9.26974
Freshwater mean pheno: -9.30918
-------------------------------
Output1 for generation 5300:

Oceanic mean pheno: 9.55901
Freshwater mean pheno: -8.90779
-------------------------------
Output1 for generation 5400:

Oceanic mean pheno: 9.46584
Freshwater mean pheno: -8.49894
-------------------------------
Output1 for generation 5500:

Oceanic mean pheno: 9.32994
Freshwater mean pheno: -8.9513
-------------------------------
Output1 for generation 5600:

Oceanic mean pheno: 9.67413
Freshwater mean pheno: -9.10285
-------------------------------
Output1 for generation 5700:

Oceanic mean pheno: 9.67817
Freshwater mean pheno: -8.8608
-------------------------------
Output1 for generation 5800:

Oceanic mean pheno: 9.20913
Freshwater mean pheno: -8.83022
-------------------------------
Output1 for generation 5900:

Oceanic mean pheno: 9.31294
Freshwater mean pheno: -8.66085
-------------------------------
Output1 for generation 6000:

Oceanic mean pheno: 9.45247
Freshwater mean pheno: -8.74526
-------------------------------
Output1 for generation 6100:

Oceanic mean pheno: 9.78384
Freshwater mean pheno: -8.60828
-------------------------------
Output1 for generation 6200:

Oceanic mean pheno: 8.97645
Freshwater mean pheno: -9.06131
-------------------------------
Output1 for generation 6300:

Oceanic mean pheno: 9.38351
Freshwater mean pheno: -9.4476
-------------------------------
Output1 for generation 6400:

Oceanic mean pheno: 9.60304
Freshwater mean pheno: -9.22969
-------------------------------
Output1 for generation 6500:

Oceanic mean pheno: 8.9446
Freshwater mean pheno: -9.01812
-------------------------------
Output1 for generation 6600:

Oceanic mean pheno: 8.84482
Freshwater mean pheno: -8.80206
-------------------------------
Output1 for generation 6700:

Oceanic mean pheno: 9.03908
Freshwater mean pheno: -8.89682
-------------------------------
Output1 for generation 6800:

Oceanic mean pheno: 9.21996
Freshwater mean pheno: -9.11901
-------------------------------
Output1 for generation 6900:

Oceanic mean pheno: 9.15956
Freshwater mean pheno: -9.19471
-------------------------------
Output1 for generation 7000:

Oceanic mean pheno: 9.35421
Freshwater mean pheno: -9.05458
-------------------------------
Output1 for generation 7100:

Oceanic mean pheno: 9.10928
Freshwater mean pheno: -9.30801
-------------------------------
Output1 for generation 7200:

Oceanic mean pheno: 9.75772
Freshwater mean pheno: -9.07482
-------------------------------
Output1 for generation 7300:

Oceanic mean pheno: 9.34598
Freshwater mean pheno: -8.95299
-------------------------------
Output1 for generation 7400:

Oceanic mean pheno: 9.02444
Freshwater mean pheno: -8.93899
-------------------------------
Output1 for generation 7500:

Oceanic mean pheno: 9.33537
Freshwater mean pheno: -9.1139
-------------------------------
Output1 for generation 7600:

Oceanic mean pheno: 9.4735
Freshwater mean pheno: -9.0254
-------------------------------
Output1 for generation 7700:

Oceanic mean pheno: 9.02075
Freshwater mean pheno: -9.33015
-------------------------------
Output1 for generation 7800:

Oceanic mean pheno: 9.4103
Freshwater mean pheno: -9.43001
-------------------------------
Output1 for generation 7900:

Oceanic mean pheno: 9.21078
Freshwater mean pheno: -9.12535
-------------------------------
Output1 for generation 8000:

Oceanic mean pheno: 9.31441
Freshwater mean pheno: -9.16305
-------------------------------
Output1 for generation 8100:

Oceanic mean pheno: 9.48581
Freshwater mean pheno: -8.98717
-------------------------------
Output1 for generation 8200:

Oceanic mean pheno: 9.52665
Freshwater mean pheno: -8.94739
-------------------------------
Output1 for generation 8300:

Oceanic mean pheno: 9.22492
Freshwater mean pheno: -9.00098
-------------------------------
Output1 for generation 8400:

Oceanic mean pheno: 9.45769
Freshwater mean pheno: -8.99982
-------------------------------
Output1 for generation 8500:

Oceanic mean pheno: 9.83871
Freshwater mean pheno: -9.08609
-------------------------------
Output1 for generation 8600:

Oceanic mean pheno: 9.41676
Freshwater mean pheno: -9.29115
-------------------------------
Output1 for generation 8700:

Oceanic mean pheno: 9.39721
Freshwater mean pheno: -8.88793
-------------------------------
Output1 for generation 8800:

Oceanic mean pheno: 9.8991
Freshwater mean pheno: -9.05629
-------------------------------
Output1 for generation 8900:

Oceanic mean pheno: 9.62955
Freshwater mean pheno: -8.92161
-------------------------------
Output1 for generation 9000:

Oceanic mean pheno: 9.59319
Freshwater mean pheno: -8.97842
-------------------------------
Output1 for generation 9100:

Oceanic mean pheno: 9.77764
Freshwater mean pheno: -9.48499
-------------------------------
Output1 for generation 9200:

Oceanic mean pheno: 9.31047
Freshwater mean pheno: -9.01217
-------------------------------
Output1 for generation 9300:

Oceanic mean pheno: 9.71343
Freshwater mean pheno: -8.74111
-------------------------------
Output1 for generation 9400:

Oceanic mean pheno: 9.42756
Freshwater mean pheno: -8.81486
-------------------------------
Output1 for generation 9500:

Oceanic mean pheno: 9.48182
Freshwater mean pheno: -8.80165
-------------------------------
Output1 for generation 9600:

Oceanic mean pheno: 9.24442
Freshwater mean pheno: -9.07895
-------------------------------
Output1 for generation 9700:

Oceanic mean pheno: 9.28964
Freshwater mean pheno: -8.98679
-------------------------------
Output1 for generation 9800:

Oceanic mean pheno: 9.26067
Freshwater mean pheno: -8.84213
-------------------------------
Output1 for generation 9900:

Oceanic mean pheno: 9.23845
Freshwater mean pheno: -9.15348
-------------------------------
Output1 for generation 10000:

Oceanic mean pheno: 9.68148
Freshwater mean pheno: -9.17898
-------------------------------
Output1 for generation 10100:

Oceanic mean pheno: 8.89152
Freshwater mean pheno: -9.50442
-------------------------------
Output1 for generation 10200:

Oceanic mean pheno: 9.56954
Freshwater mean pheno: -9.39321
-------------------------------
Output1 for generation 10300:

Oceanic mean pheno: 9.20852
Freshwater mean pheno: -8.77533
-------------------------------
Output1 for generation 10400:

Oceanic mean pheno: 9.37734
Freshwater mean pheno: -9.48532
-------------------------------
Output1 for generation 10500:

Oceanic mean pheno: 8.99993
Freshwater mean pheno: -9.268
-------------------------------
Output1 for generation 10600:

Oceanic mean pheno: 9.43387
Freshwater mean pheno: -8.91522
-------------------------------
Output1 for generation 10700:

Oceanic mean pheno: 9.55036
Freshwater mean pheno: -9.18385
-------------------------------
Output1 for generation 10800:

Oceanic mean pheno: 9.2253
Freshwater mean pheno: -9.20315
-------------------------------
Output1 for generation 10900:

Oceanic mean pheno: 9.27555
Freshwater mean pheno: -8.73333
-------------------------------
Output1 for generation 11000:

Oceanic mean pheno: 9.32925
Freshwater mean pheno: -8.99776
-------------------------------
Output1 for generation 11100:

Oceanic mean pheno: 9.34093
Freshwater mean pheno: -9.04001
-------------------------------
Output1 for generation 11200:

Oceanic mean pheno: 9.483
Freshwater mean pheno: -9.39299
-------------------------------
Output1 for generation 11300:

Oceanic mean pheno: 9.17723
Freshwater mean pheno: -9.43443
-------------------------------
Output1 for generation 11400:

Oceanic mean pheno: 9.40792
Freshwater mean pheno: -9.26647
-------------------------------
Output1 for generation 11500:

Oceanic mean pheno: 9.46338
Freshwater mean pheno: -8.67667
-------------------------------
Output1 for generation 11600:

Oceanic mean pheno: 9.31991
Freshwater mean pheno: -9.28356
-------------------------------
Output1 for generation 11700:

Oceanic mean pheno: 9.61858
Freshwater mean pheno: -9.22031
-------------------------------
Output1 for generation 11800:

Oceanic mean pheno: 9.36017
Freshwater mean pheno: -9.0422
-------------------------------
Output1 for generation 11900:

Oceanic mean pheno: 9.59322
Freshwater mean pheno: -9.17951
-------------------------------
Output1 for generation 12000:

Oceanic mean pheno: 9.4205
Freshwater mean pheno: -8.93864
-------------------------------
Output1 for generation 12100:

Oceanic mean pheno: 9.34702
Freshwater mean pheno: -9.1665
-------------------------------
Output1 for generation 12200:

Oceanic mean pheno: 9.34319
Freshwater mean pheno: -9.0544
-------------------------------
Output1 for generation 12300:

Oceanic mean pheno: 9.15438
Freshwater mean pheno: -8.90645
-------------------------------
Output1 for generation 12400:

Oceanic mean pheno: 9.24804
Freshwater mean pheno: -9.25745
-------------------------------
Output1 for generation 12500:

Oceanic mean pheno: 9.26164
Freshwater mean pheno: -9.33842
-------------------------------
Output1 for generation 12600:

Oceanic mean pheno: 9.39928
Freshwater mean pheno: -8.98211
-------------------------------
Output1 for generation 12700:

Oceanic mean pheno: 8.91655
Freshwater mean pheno: -9.01773
-------------------------------
Output1 for generation 12800:

Oceanic mean pheno: 9.42141
Freshwater mean pheno: -9.03966
-------------------------------
Output1 for generation 12900:

Oceanic mean pheno: 10.3828
Freshwater mean pheno: -7.44542
-------------------------------
Output1 for generation 13000:

Oceanic mean pheno: 9.48924
Freshwater mean pheno: -8.60211
-------------------------------
Output1 for generation 13100:

Oceanic mean pheno: 9.02262
Freshwater mean pheno: -8.85954
-------------------------------
Output1 for generation 13200:

Oceanic mean pheno: 9.3797
Freshwater mean pheno: -8.57014
-------------------------------
Output1 for generation 13300:

Oceanic mean pheno: 9.42388
Freshwater mean pheno: -9.29055
-------------------------------
Output1 for generation 13400:

Oceanic mean pheno: 9.31583
Freshwater mean pheno: -9.20053
-------------------------------
Output1 for generation 13500:

Oceanic mean pheno: 9.31573
Freshwater mean pheno: -8.88356
-------------------------------
Output1 for generation 13600:

Oceanic mean pheno: 9.54087
Freshwater mean pheno: -8.93177
-------------------------------
Output1 for generation 13700:

Oceanic mean pheno: 9.77329
Freshwater mean pheno: -9.0212
-------------------------------
Output1 for generation 13800:

Oceanic mean pheno: 9.71501
Freshwater mean pheno: -9.1088
-------------------------------
Output1 for generation 13900:

Oceanic mean pheno: 9.39834
Freshwater mean pheno: -9.3624
-------------------------------
Output1 for generation 14000:

Oceanic mean pheno: 9.31385
Freshwater mean pheno: -9.22215
-------------------------------
Output1 for generation 14100:

Oceanic mean pheno: 9.74509
Freshwater mean pheno: -8.87936
-------------------------------
Output1 for generation 14200:

Oceanic mean pheno: 9.4451
Freshwater mean pheno: -9.36857
-------------------------------
Output1 for generation 14300:

Oceanic mean pheno: 9.55336
Freshwater mean pheno: -8.76047
-------------------------------
Output1 for generation 14400:

Oceanic mean pheno: 9.44183
Freshwater mean pheno: -9.23403
-------------------------------
Output1 for generation 14500:

Oceanic mean pheno: 9.53934
Freshwater mean pheno: -9.33407
-------------------------------
Output1 for generation 14600:

Oceanic mean pheno: 9.0417
Freshwater mean pheno: -8.86312
-------------------------------
Output1 for generation 14700:

Oceanic mean pheno: 9.43575
Freshwater mean pheno: -9.1568
-------------------------------
Output1 for generation 14800:

Oceanic mean pheno: 9.43386
Freshwater mean pheno: -8.72207
-------------------------------
Output1 for generation 14900:

Oceanic mean pheno: 9.16694
Freshwater mean pheno: -9.1888
-------------------------------
Output1 for generation 15000:

Oceanic mean pheno: 9.07481
Freshwater mean pheno: -9.31953
-------------------------------
Output1 for generation 15100:

Oceanic mean pheno: 9.25782
Freshwater mean pheno: -9.35473
-------------------------------
Output1 for generation 15200:

Oceanic mean pheno: 8.92096
Freshwater mean pheno: -9.02186
-------------------------------
Output1 for generation 15300:

Oceanic mean pheno: 9.38063
Freshwater mean pheno: -9.04912
-------------------------------
Output1 for generation 15400:

Oceanic mean pheno: 9.12079
Freshwater mean pheno: -9.10768
-------------------------------
Output1 for generation 15500:

Oceanic mean pheno: 9.27344
Freshwater mean pheno: -8.91223
-------------------------------
Output1 for generation 15600:

Oceanic mean pheno: 9.4301
Freshwater mean pheno: -9.02021
-------------------------------
Output1 for generation 15700:

Oceanic mean pheno: 9.4217
Freshwater mean pheno: -9.09131
-------------------------------
Output1 for generation 15800:

Oceanic mean pheno: 9.4082
Freshwater mean pheno: -9.15399
-------------------------------
Output1 for generation 15900:

Oceanic mean pheno: 9.99467
Freshwater mean pheno: -8.41703
-------------------------------
Output1 for generation 16000:

Oceanic mean pheno: 10.0545
Freshwater mean pheno: -8.60204
-------------------------------
Output1 for generation 16100:

Oceanic mean pheno: 9.80376
Freshwater mean pheno: -9.37646
-------------------------------
Output1 for generation 16200:

Oceanic mean pheno: 9.46977
Freshwater mean pheno: -8.88707
-------------------------------
Output1 for generation 16300:

Oceanic mean pheno: 9.7586
Freshwater mean pheno: -9.51227
-------------------------------
Output1 for generation 16400:

Oceanic mean pheno: 9.77261
Freshwater mean pheno: -9.33383
-------------------------------
Output1 for generation 16500:

Oceanic mean pheno: 9.46319
Freshwater mean pheno: -9.1724
-------------------------------
Output1 for generation 16600:

Oceanic mean pheno: 9.62505
Freshwater mean pheno: -9.0756
-------------------------------
Output1 for generation 16700:

Oceanic mean pheno: 9.49452
Freshwater mean pheno: -9.51394
-------------------------------
Output1 for generation 16800:

Oceanic mean pheno: 9.86742
Freshwater mean pheno: -9.00799
-------------------------------
Output1 for generation 16900:

Oceanic mean pheno: 10.0702
Freshwater mean pheno: -9.18318
-------------------------------
Output1 for generation 17000:

Oceanic mean pheno: 9.73956
Freshwater mean pheno: -8.62554
-------------------------------
Output1 for generation 17100:

Oceanic mean pheno: 9.88592
Freshwater mean pheno: -9.4486
-------------------------------
Output1 for generation 17200:

Oceanic mean pheno: 9.30485
Freshwater mean pheno: -9.15464
-------------------------------
Output1 for generation 17300:

Oceanic mean pheno: 9.25072
Freshwater mean pheno: -8.84351
-------------------------------
Output1 for generation 17400:

Oceanic mean pheno: 9.36811
Freshwater mean pheno: -9.41848
-------------------------------
Output1 for generation 17500:

Oceanic mean pheno: 9.69516
Freshwater mean pheno: -9.39934
-------------------------------
Output1 for generation 17600:

Oceanic mean pheno: 9.39747
Freshwater mean pheno: -9.62201
-------------------------------
Output1 for generation 17700:

Oceanic mean pheno: 9.38844
Freshwater mean pheno: -9.339
-------------------------------
Output1 for generation 17800:

Oceanic mean pheno: 9.60567
Freshwater mean pheno: -9.1607
-------------------------------
Output1 for generation 17900:

Oceanic mean pheno: 9.46753
Freshwater mean pheno: -9.14815
-------------------------------
Output1 for generation 18000:

Oceanic mean pheno: 9.48627
Freshwater mean pheno: -9.00329
-------------------------------
Output1 for generation 18100:

Oceanic mean pheno: 9.76553
Freshwater mean pheno: -9.12326
-------------------------------
Output1 for generation 18200:

Oceanic mean pheno: 9.51353
Freshwater mean pheno: -8.85585
-------------------------------
Output1 for generation 18300:

Oceanic mean pheno: 8.92794
Freshwater mean pheno: -9.71187
-------------------------------
Output1 for generation 18400:

Oceanic mean pheno: 9.32837
Freshwater mean pheno: -9.39684
-------------------------------
Output1 for generation 18500:

Oceanic mean pheno: 9.66121
Freshwater mean pheno: -9.32411
-------------------------------
Output1 for generation 18600:

Oceanic mean pheno: 9.63282
Freshwater mean pheno: -9.19326
-------------------------------
Output1 for generation 18700:

Oceanic mean pheno: 9.22734
Freshwater mean pheno: -9.30697
-------------------------------
Output1 for generation 18800:

Oceanic mean pheno: 9.5308
Freshwater mean pheno: -9.08501
-------------------------------
Output1 for generation 18900:

Oceanic mean pheno: 9.84063
Freshwater mean pheno: -9.38565
-------------------------------
Output1 for generation 19000:

Oceanic mean pheno: 9.69145
Freshwater mean pheno: -9.30216
-------------------------------
Output1 for generation 19100:

Oceanic mean pheno: 9.54966
Freshwater mean pheno: -9.03366
-------------------------------
Output1 for generation 19200:

Oceanic mean pheno: 10.06
Freshwater mean pheno: -8.92034
-------------------------------
Output1 for generation 19300:

Oceanic mean pheno: 9.71149
Freshwater mean pheno: -8.97854
-------------------------------
Output1 for generation 19400:

Oceanic mean pheno: 9.30682
Freshwater mean pheno: -8.87412
-------------------------------
Output1 for generation 19500:

Oceanic mean pheno: 9.56591
Freshwater mean pheno: -9.03048
-------------------------------
Output1 for generation 19600:

Oceanic mean pheno: 9.52368
Freshwater mean pheno: -8.99127
-------------------------------
Output1 for generation 19700:

Oceanic mean pheno: 9.88981
Freshwater mean pheno: -9.10698
-------------------------------
Output1 for generation 19800:

Oceanic mean pheno: 9.43165
Freshwater mean pheno: -8.95466
-------------------------------
Output1 for generation 19900:

Oceanic mean pheno: 9.46319
Freshwater mean pheno: -8.91958
-------------------------------
Output1 for generation 20000:

Oceanic mean pheno: 9.21031
Freshwater mean pheno: -9.00036
new Freshwater mean pheno: 9.16239
-------------------------------
Output1 for generation 20100:

Oceanic mean pheno: 8.29361
Freshwater mean pheno: -9.14585
new Freshwater mean pheno: -9.55655
-------------------------------
Output1 for generation 20200:

Oceanic mean pheno: 8.40182
Freshwater mean pheno: -9.05268
new Freshwater mean pheno: -9.56261
-------------------------------
Output1 for generation 20300:

Oceanic mean pheno: 8.75766
Freshwater mean pheno: -9.23785
new Freshwater mean pheno: -8.99965
-------------------------------
Output1 for generation 20400:

Oceanic mean pheno: 8.8253
Freshwater mean pheno: -8.81752
new Freshwater mean pheno: -8.79033
-------------------------------
Output1 for generation 20500:

Oceanic mean pheno: 8.28612
Freshwater mean pheno: -9.01657
new Freshwater mean pheno: -9.32185
-------------------------------
Output1 for generation 20600:

Oceanic mean pheno: 8.85895
Freshwater mean pheno: -9.11843
new Freshwater mean pheno: -9.25547
-------------------------------
Output1 for generation 20700:

Oceanic mean pheno: 8.60581
Freshwater mean pheno: -9.20613
new Freshwater mean pheno: -9.18436
-------------------------------
Output1 for generation 20800:

Oceanic mean pheno: 8.42767
Freshwater mean pheno: -8.92363
new Freshwater mean pheno: -9.55368
-------------------------------
Output1 for generation 20900:

Oceanic mean pheno: 8.93237
Freshwater mean pheno: -9.44022
new Freshwater mean pheno: -9.59047
-------------------------------
Output1 for generation 21000:

Oceanic mean pheno: 8.62182
Freshwater mean pheno: -9.01227
new Freshwater mean pheno: -9.221
-------------------------------
Output1 for generation 21100:

Oceanic mean pheno: 8.63039
Freshwater mean pheno: -8.89027
new Freshwater mean pheno: -9.36462
-------------------------------
Output1 for generation 21200:

Oceanic mean pheno: 8.30533
Freshwater mean pheno: -8.97834
new Freshwater mean pheno: -9.12731
-------------------------------
Output1 for generation 21300:

Oceanic mean pheno: 5.99701
Freshwater mean pheno: -10.4494
new Freshwater mean pheno: -10.9648
-------------------------------
Output1 for generation 21400:

Oceanic mean pheno: 7.45625
Freshwater mean pheno: -9.72247
new Freshwater mean pheno: -9.6552
-------------------------------
Output1 for generation 21500:

Oceanic mean pheno: 8.22622
Freshwater mean pheno: -9.55894
new Freshwater mean pheno: -9.26093
-------------------------------
Output1 for generation 21600:

Oceanic mean pheno: 8.79358
Freshwater mean pheno: -9.7218
new Freshwater mean pheno: -9.5343
-------------------------------
Output1 for generation 21700:

Oceanic mean pheno: 8.85391
Freshwater mean pheno: -9.18348
new Freshwater mean pheno: -9.45175
-------------------------------
Output1 for generation 21800:

Oceanic mean pheno: 9.26982
Freshwater mean pheno: -9.44631
new Freshwater mean pheno: -9.36567
-------------------------------
Output1 for generation 21900:

Oceanic mean pheno: 9.24229
Freshwater mean pheno: -9.01378
new Freshwater mean pheno: -9.22111
-------------------------------
Output1 for generation 22000:

Oceanic mean pheno: 9.25778
Freshwater mean pheno: -9.17256
new Freshwater mean pheno: -9.38162
-------------------------------
Output1 for generation 22100:

Oceanic mean pheno: 9.65727
Freshwater mean pheno: -9.2741
new Freshwater mean pheno: -9.18488
-------------------------------
Output1 for generation 22200:

Oceanic mean pheno: 9.22034
Freshwater mean pheno: -9.47446
new Freshwater mean pheno: -8.8758
-------------------------------
Output1 for generation 22300:

Oceanic mean pheno: 9.09206
Freshwater mean pheno: -9.30656
new Freshwater mean pheno: -9.29381
-------------------------------
Output1 for generation 22400:

Oceanic mean pheno: 9.15531
Freshwater mean pheno: -9.24855
new Freshwater mean pheno: -9.35026
-------------------------------
Output1 for generation 22500:

Oceanic mean pheno: 9.32082
Freshwater mean pheno: -9.65311
new Freshwater mean pheno: -8.87766
-------------------------------
Output1 for generation 22600:

Oceanic mean pheno: 8.99682
Freshwater mean pheno: -9.89028
new Freshwater mean pheno: -9.13867
-------------------------------
Output1 for generation 22700:

Oceanic mean pheno: 9.51147
Freshwater mean pheno: -9.53353
new Freshwater mean pheno: -9.42056
-------------------------------
Output1 for generation 22800:

Oceanic mean pheno: 8.77329
Freshwater mean pheno: -9.58093
new Freshwater mean pheno: -9.23425
-------------------------------
Output1 for generation 22900:

Oceanic mean pheno: 9.29528
Freshwater mean pheno: -9.55295
new Freshwater mean pheno: -9.08373
-------------------------------
Output1 for generation 23000:

Oceanic mean pheno: 9.38748
Freshwater mean pheno: -9.1167
new Freshwater mean pheno: -9.29219
-------------------------------
Output1 for generation 23100:

Oceanic mean pheno: 9.33055
Freshwater mean pheno: -9.12937
new Freshwater mean pheno: -9.10461
-------------------------------
Output1 for generation 23200:

Oceanic mean pheno: 8.88748
Freshwater mean pheno: -9.14428
new Freshwater mean pheno: -9.61285
-------------------------------
Output1 for generation 23300:

Oceanic mean pheno: 8.80277
Freshwater mean pheno: -9.67071
new Freshwater mean pheno: -8.81419
-------------------------------
Output1 for generation 23400:

Oceanic mean pheno: 9.09871
Freshwater mean pheno: -9.26223
new Freshwater mean pheno: -9.14605
-------------------------------
Output1 for generation 23500:

Oceanic mean pheno: 9.10274
Freshwater mean pheno: -9.35854
new Freshwater mean pheno: -9.39685
-------------------------------
Output1 for generation 23600:

Oceanic mean pheno: 9.05194
Freshwater mean pheno: -9.62707
new Freshwater mean pheno: -9.21001
-------------------------------
Output1 for generation 23700:

Oceanic mean pheno: 9.18077
Freshwater mean pheno: -9.24154
new Freshwater mean pheno: -9.60032
-------------------------------
Output1 for generation 23800:

Oceanic mean pheno: 9.19773
Freshwater mean pheno: -9.22236
new Freshwater mean pheno: -9.47201
-------------------------------
Output1 for generation 23900:

Oceanic mean pheno: 9.33732
Freshwater mean pheno: -9.35033
new Freshwater mean pheno: -9.39737
-------------------------------
Output1 for generation 24000:

Oceanic mean pheno: 8.80689
Freshwater mean pheno: -9.14259
new Freshwater mean pheno: -9.16341
-------------------------------
Output1 for generation 24100:

Oceanic mean pheno: 9.19083
Freshwater mean pheno: -9.45863
new Freshwater mean pheno: -9.23382
-------------------------------
Output1 for generation 24200:

Oceanic mean pheno: 8.78452
Freshwater mean pheno: -9.03554
new Freshwater mean pheno: -9.39519
-------------------------------
Output1 for generation 24300:

Oceanic mean pheno: 9.57701
Freshwater mean pheno: -9.30558
new Freshwater mean pheno: -9.70123
-------------------------------
Output1 for generation 24400:

Oceanic mean pheno: 8.97978
Freshwater mean pheno: -8.77704
new Freshwater mean pheno: -9.0057
-------------------------------
Output1 for generation 24500:

Oceanic mean pheno: 9.45208
Freshwater mean pheno: -8.9087
new Freshwater mean pheno: -9.36114
-------------------------------
Output1 for generation 24600:

Oceanic mean pheno: 8.93161
Freshwater mean pheno: -8.98311
new Freshwater mean pheno: -9.48371
-------------------------------
Output1 for generation 24700:

Oceanic mean pheno: 9.28343
Freshwater mean pheno: -8.94331
new Freshwater mean pheno: -9.66693
-------------------------------
Output1 for generation 24800:

Oceanic mean pheno: 9.45569
Freshwater mean pheno: -9.19027
new Freshwater mean pheno: -9.27358
-------------------------------
Output1 for generation 24900:

Oceanic mean pheno: 9.18721
Freshwater mean pheno: -9.25325
new Freshwater mean pheno: -9.91248
-------------------------------
Output1 for generation 25000:

Oceanic mean pheno: 8.48231
Freshwater mean pheno: -9.8615
new Freshwater mean pheno: -10.1227
-------------------------------
Output1 for generation 25100:

Oceanic mean pheno: 8.82178
Freshwater mean pheno: -9.6508
new Freshwater mean pheno: -9.8554
-------------------------------
Output1 for generation 25200:

Oceanic mean pheno: 8.53415
Freshwater mean pheno: -9.50518
new Freshwater mean pheno: -9.69599
-------------------------------
Output1 for generation 25300:

Oceanic mean pheno: 8.85912
Freshwater mean pheno: -9.29924
new Freshwater mean pheno: -9.12749
-------------------------------
Output1 for generation 25400:

Oceanic mean pheno: 8.84233
Freshwater mean pheno: -9.15922
new Freshwater mean pheno: -9.25009
-------------------------------
Output1 for generation 25500:

Oceanic mean pheno: 8.60623
Freshwater mean pheno: -9.2629
new Freshwater mean pheno: -8.87614
-------------------------------
Output1 for generation 25600:

Oceanic mean pheno: 8.66854
Freshwater mean pheno: -8.9426
new Freshwater mean pheno: -9.16249
-------------------------------
Output1 for generation 25700:

Oceanic mean pheno: 8.49302
Freshwater mean pheno: -9.16837
new Freshwater mean pheno: -9.24301
-------------------------------
Output1 for generation 25800:

Oceanic mean pheno: 8.83088
Freshwater mean pheno: -8.91474
new Freshwater mean pheno: -8.86816
-------------------------------
Output1 for generation 25900:

Oceanic mean pheno: 8.06572
Freshwater mean pheno: -8.73804
new Freshwater mean pheno: -9.03286
-------------------------------
Output1 for generation 26000:

Oceanic mean pheno: 8.70172
Freshwater mean pheno: -8.84315
new Freshwater mean pheno: -9.39398
-------------------------------
Output1 for generation 26100:

Oceanic mean pheno: 9.12781
Freshwater mean pheno: -9.27932
new Freshwater mean pheno: -9.40011
-------------------------------
Output1 for generation 26200:

Oceanic mean pheno: 8.79801
Freshwater mean pheno: -9.14639
new Freshwater mean pheno: -9.24677
-------------------------------
Output1 for generation 26300:

Oceanic mean pheno: 9.02135
Freshwater mean pheno: -9.0026
new Freshwater mean pheno: -9.34843
-------------------------------
Output1 for generation 26400:

Oceanic mean pheno: 8.96215
Freshwater mean pheno: -9.57304
new Freshwater mean pheno: -9.20175
-------------------------------
Output1 for generation 26500:

Oceanic mean pheno: 9.35852
Freshwater mean pheno: -9.42104
new Freshwater mean pheno: -9.04409
-------------------------------
Output1 for generation 26600:

Oceanic mean pheno: 8.77854
Freshwater mean pheno: -9.68572
new Freshwater mean pheno: -9.645
-------------------------------
Output1 for generation 26700:

Oceanic mean pheno: 8.70288
Freshwater mean pheno: -9.3162
new Freshwater mean pheno: -9.23723
-------------------------------
Output1 for generation 26800:

Oceanic mean pheno: 8.99757
Freshwater mean pheno: -9.40305
new Freshwater mean pheno: -9.27251
-------------------------------
Output1 for generation 26900:

Oceanic mean pheno: 8.99287
Freshwater mean pheno: -9.2019
new Freshwater mean pheno: -9.3361
-------------------------------
Output1 for generation 27000:

Oceanic mean pheno: 8.47032
Freshwater mean pheno: -8.89451
new Freshwater mean pheno: -9.11978
-------------------------------
Output1 for generation 27100:

Oceanic mean pheno: 8.68916
Freshwater mean pheno: -8.9018
new Freshwater mean pheno: -9.30047
-------------------------------
Output1 for generation 27200:

Oceanic mean pheno: 8.87296
Freshwater mean pheno: -8.77428
new Freshwater mean pheno: -9.017
-------------------------------
Output1 for generation 27300:

Oceanic mean pheno: 8.89671
Freshwater mean pheno: -8.86436
new Freshwater mean pheno: -8.72756
-------------------------------
Output1 for generation 27400:

Oceanic mean pheno: 8.79907
Freshwater mean pheno: -8.78792
new Freshwater mean pheno: -8.77078
-------------------------------
Output1 for generation 27500:

Oceanic mean pheno: 8.64252
Freshwater mean pheno: -9.44198
new Freshwater mean pheno: -8.82337
-------------------------------
Output1 for generation 27600:

Oceanic mean pheno: 8.56929
Freshwater mean pheno: -8.82123
new Freshwater mean pheno: -9.01699
-------------------------------
Output1 for generation 27700:

Oceanic mean pheno: 8.53718
Freshwater mean pheno: -8.75958
new Freshwater mean pheno: -9.16381
-------------------------------
Output1 for generation 27800:

Oceanic mean pheno: 8.78086
Freshwater mean pheno: -8.91322
new Freshwater mean pheno: -8.92375
-------------------------------
Output1 for generation 27900:

Oceanic mean pheno: 8.53127
Freshwater mean pheno: -9.1795
new Freshwater mean pheno: -9.28008
-------------------------------
Output1 for generation 28000:

Oceanic mean pheno: 8.98647
Freshwater mean pheno: -9.33093
new Freshwater mean pheno: -9.06221
-------------------------------
Output1 for generation 28100:

Oceanic mean pheno: 9.31299
Freshwater mean pheno: -9.3853
new Freshwater mean pheno: -9.00495
-------------------------------
Output1 for generation 28200:

Oceanic mean pheno: 8.87524
Freshwater mean pheno: -8.98062
new Freshwater mean pheno: -9.06169
-------------------------------
Output1 for generation 28300:

Oceanic mean pheno: 9.63747
Freshwater mean pheno: -7.96139
new Freshwater mean pheno: -7.83175
-------------------------------
Output1 for generation 28400:

Oceanic mean pheno: 9.08164
Freshwater mean pheno: -8.38318
new Freshwater mean pheno: -8.40887
-------------------------------
Output1 for generation 28500:

Oceanic mean pheno: 9.01396
Freshwater mean pheno: -8.62969
new Freshwater mean pheno: -8.76128
-------------------------------
Output1 for generation 28600:

Oceanic mean pheno: 9.11418
Freshwater mean pheno: -8.82607
new Freshwater mean pheno: -9.09366
-------------------------------
Output1 for generation 28700:

Oceanic mean pheno: 9.13132
Freshwater mean pheno: -9.24409
new Freshwater mean pheno: -9.12885
-------------------------------
Output1 for generation 28800:

Oceanic mean pheno: 9.05052
Freshwater mean pheno: -9.16062
new Freshwater mean pheno: -9.09201
-------------------------------
Output1 for generation 28900:

Oceanic mean pheno: 9.03925
Freshwater mean pheno: -9.33531
new Freshwater mean pheno: -9.0355
-------------------------------
Output1 for generation 29000:

Oceanic mean pheno: 8.92673
Freshwater mean pheno: -9.45894
new Freshwater mean pheno: -9.23942
-------------------------------
Output1 for generation 29100:

Oceanic mean pheno: 8.8575
Freshwater mean pheno: -9.25912
new Freshwater mean pheno: -9.06967
-------------------------------
Output1 for generation 29200:

Oceanic mean pheno: 8.90631
Freshwater mean pheno: -9.17987
new Freshwater mean pheno: -9.12006
-------------------------------
Output1 for generation 29300:

Oceanic mean pheno: 9.0355
Freshwater mean pheno: -9.53842
new Freshwater mean pheno: -9.13043
-------------------------------
Output1 for generation 29400:

Oceanic mean pheno: 8.81762
Freshwater mean pheno: -9.02072
new Freshwater mean pheno: -9.3114
-------------------------------
Output1 for generation 29500:

Oceanic mean pheno: 9.09759
Freshwater mean pheno: -9.52646
new Freshwater mean pheno: -9.08598
-------------------------------
Output1 for generation 29600:

Oceanic mean pheno: 9.17143
Freshwater mean pheno: -9.34275
new Freshwater mean pheno: -9.82171
-------------------------------
Output1 for generation 29700:

Oceanic mean pheno: 9.09989
Freshwater mean pheno: -9.12409
new Freshwater mean pheno: -9.11062
-------------------------------
Output1 for generation 29800:

Oceanic mean pheno: 9.03745
Freshwater mean pheno: -9.08412
new Freshwater mean pheno: -9.75945
-------------------------------
Output1 for generation 29900:

Oceanic mean pheno: 9.37789
Freshwater mean pheno: -9.57981
new Freshwater mean pheno: -9.5413
-------------------------------
Output1 for generation 30000:

Oceanic mean pheno: 9.1817
Freshwater mean pheno: -9.49655
new Freshwater mean pheno: -9.44797
-------------------------------
Output1 for generation 30100:

Oceanic mean pheno: 8.90015
Freshwater mean pheno: -9.27612
new Freshwater mean pheno: -9.21447
-------------------------------
Output1 for generation 30200:

Oceanic mean pheno: 8.84802
Freshwater mean pheno: -9.02513
new Freshwater mean pheno: -9.12817
-------------------------------
Output1 for generation 30300:

Oceanic mean pheno: 8.84081
Freshwater mean pheno: -9.20244
new Freshwater mean pheno: -9.23308
-------------------------------
Output1 for generation 30400:

Oceanic mean pheno: 8.76867
Freshwater mean pheno: -9.27386
new Freshwater mean pheno: -9.38779
-------------------------------
Output1 for generation 30500:

Oceanic mean pheno: 9.01939
Freshwater mean pheno: -9.1681
new Freshwater mean pheno: -9.36208
-------------------------------
Output1 for generation 30600:

Oceanic mean pheno: 8.89338
Freshwater mean pheno: -9.34046
new Freshwater mean pheno: -9.18862
-------------------------------
Output1 for generation 30700:

Oceanic mean pheno: 9.18788
Freshwater mean pheno: -9.4819
new Freshwater mean pheno: -9.06103
-------------------------------
Output1 for generation 30800:

Oceanic mean pheno: 9.18438
Freshwater mean pheno: -9.16812
new Freshwater mean pheno: -9.13365
-------------------------------
Output1 for generation 30900:

Oceanic mean pheno: 8.96017
Freshwater mean pheno: -9.34403
new Freshwater mean pheno: -9.3546
-------------------------------
Output1 for generation 31000:

Oceanic mean pheno: 9.36509
Freshwater mean pheno: -9.46569
new Freshwater mean pheno: -9.12251
-------------------------------
Output1 for generation 31100:

Oceanic mean pheno: 9.60697
Freshwater mean pheno: -9.54772
new Freshwater mean pheno: -9.53363
-------------------------------
Output1 for generation 31200:

Oceanic mean pheno: 9.4138
Freshwater mean pheno: -9.08171
new Freshwater mean pheno: -9.33194
-------------------------------
Output1 for generation 31300:

Oceanic mean pheno: 8.91331
Freshwater mean pheno: -9.09881
new Freshwater mean pheno: -8.93202
-------------------------------
Output1 for generation 31400:

Oceanic mean pheno: 9.11959
Freshwater mean pheno: -9.34648
new Freshwater mean pheno: -9.4898
-------------------------------
Output1 for generation 31500:

Oceanic mean pheno: 8.97337
Freshwater mean pheno: -9.50424
new Freshwater mean pheno: -9.22699
-------------------------------
Output1 for generation 31600:

Oceanic mean pheno: 8.83379
Freshwater mean pheno: -9.70021
new Freshwater mean pheno: -9.0399
-------------------------------
Output1 for generation 31700:

Oceanic mean pheno: 9.628
Freshwater mean pheno: -9.31994
new Freshwater mean pheno: -9.34296
-------------------------------
Output1 for generation 31800:

Oceanic mean pheno: 8.73028
Freshwater mean pheno: -9.36841
new Freshwater mean pheno: -9.57597
-------------------------------
Output1 for generation 31900:

Oceanic mean pheno: 8.95042
Freshwater mean pheno: -9.31841
new Freshwater mean pheno: -9.36639
-------------------------------
Output1 for generation 32000:

Oceanic mean pheno: 9.13516
Freshwater mean pheno: -9.42347
new Freshwater mean pheno: -9.30016
-------------------------------
Output1 for generation 32100:

Oceanic mean pheno: 9.07409
Freshwater mean pheno: -9.27512
new Freshwater mean pheno: -9.12468
-------------------------------
Output1 for generation 32200:

Oceanic mean pheno: 8.97076
Freshwater mean pheno: -9.12024
new Freshwater mean pheno: -9.1664
-------------------------------
Output1 for generation 32300:

Oceanic mean pheno: 9.28624
Freshwater mean pheno: -9.42414
new Freshwater mean pheno: -9.2401
-------------------------------
Output1 for generation 32400:

Oceanic mean pheno: 8.93357
Freshwater mean pheno: -9.13079
new Freshwater mean pheno: -9.16264
-------------------------------
Output1 for generation 32500:

Oceanic mean pheno: 8.74246
Freshwater mean pheno: -8.91338
new Freshwater mean pheno: -9.46004
-------------------------------
Output1 for generation 32600:

Oceanic mean pheno: 8.00522
Freshwater mean pheno: -9.92927
new Freshwater mean pheno: -10.4148
-------------------------------
Output1 for generation 32700:

Oceanic mean pheno: 8.73601
Freshwater mean pheno: -9.23418
new Freshwater mean pheno: -9.59992
-------------------------------
Output1 for generation 32800:

Oceanic mean pheno: 8.38293
Freshwater mean pheno: -9.03197
new Freshwater mean pheno: -9.25944
-------------------------------
Output1 for generation 32900:

Oceanic mean pheno: 8.28852
Freshwater mean pheno: -8.83008
new Freshwater mean pheno: -9.23372
-------------------------------
Output1 for generation 33000:

Oceanic mean pheno: 8.52171
Freshwater mean pheno: -9.38047
new Freshwater mean pheno: -9.18302
-------------------------------
Output1 for generation 33100:

Oceanic mean pheno: 8.99795
Freshwater mean pheno: -9.67007
new Freshwater mean pheno: -9.10365
-------------------------------
Output1 for generation 33200:

Oceanic mean pheno: 8.7894
Freshwater mean pheno: -9.17361
new Freshwater mean pheno: -8.70185
-------------------------------
Output1 for generation 33300:

Oceanic mean pheno: 8.97593
Freshwater mean pheno: -8.9752
new Freshwater mean pheno: -8.64176
-------------------------------
Output1 for generation 33400:

Oceanic mean pheno: 8.54363
Freshwater mean pheno: -8.89942
new Freshwater mean pheno: -8.55346
-------------------------------
Output1 for generation 33500:

Oceanic mean pheno: 8.65123
Freshwater mean pheno: -9.12377
new Freshwater mean pheno: -8.88778
-------------------------------
Output1 for generation 33600:

Oceanic mean pheno: 8.61302
Freshwater mean pheno: -9.46307
new Freshwater mean pheno: -9.30298
-------------------------------
Output1 for generation 33700:

Oceanic mean pheno: 8.45714
Freshwater mean pheno: -9.396
new Freshwater mean pheno: -8.83602
-------------------------------
Output1 for generation 33800:

Oceanic mean pheno: 8.41342
Freshwater mean pheno: -9.25918
new Freshwater mean pheno: -9.0175
-------------------------------
Output1 for generation 33900:

Oceanic mean pheno: 8.65503
Freshwater mean pheno: -9.48007
new Freshwater mean pheno: -8.88687
-------------------------------
Output1 for generation 34000:

Oceanic mean pheno: 8.29672
Freshwater mean pheno: -9.15274
new Freshwater mean pheno: -8.92075
-------------------------------
Output1 for generation 34100:

Oceanic mean pheno: 8.78158
Freshwater mean pheno: -8.822
new Freshwater mean pheno: -9.31113
-------------------------------
Output1 for generation 34200:

Oceanic mean pheno: 8.50068
Freshwater mean pheno: -8.97426
new Freshwater mean pheno: -9.25457
-------------------------------
Output1 for generation 34300:

Oceanic mean pheno: 8.77267
Freshwater mean pheno: -9.22011
new Freshwater mean pheno: -9.04828
-------------------------------
Output1 for generation 34400:

Oceanic mean pheno: 8.51633
Freshwater mean pheno: -8.99967
new Freshwater mean pheno: -9.34903
-------------------------------
Output1 for generation 34500:

Oceanic mean pheno: 8.88322
Freshwater mean pheno: -9.4423
new Freshwater mean pheno: -9.19947
-------------------------------
Output1 for generation 34600:

Oceanic mean pheno: 8.65231
Freshwater mean pheno: -9.29434
new Freshwater mean pheno: -8.90651
-------------------------------
Output1 for generation 34700:

Oceanic mean pheno: 8.49836
Freshwater mean pheno: -9.26896
new Freshwater mean pheno: -9.54382
-------------------------------
Output1 for generation 34800:

Oceanic mean pheno: 8.84083
Freshwater mean pheno: -9.42334
new Freshwater mean pheno: -8.97906
-------------------------------
Output1 for generation 34900:

Oceanic mean pheno: 8.48301
Freshwater mean pheno: -9.1872
new Freshwater mean pheno: -9.29315
-------------------------------
Output1 for generation 35000:

Oceanic mean pheno: 8.87093
Freshwater mean pheno: -8.88971
new Freshwater mean pheno: -9.29941
-------------------------------
Output1 for generation 35100:

Oceanic mean pheno: 8.39736
Freshwater mean pheno: -9.41893
new Freshwater mean pheno: -9.54997
-------------------------------
Output1 for generation 35200:

Oceanic mean pheno: 8.62324
Freshwater mean pheno: -9.48731
new Freshwater mean pheno: -9.51052
-------------------------------
Output1 for generation 35300:

Oceanic mean pheno: 8.67114
Freshwater mean pheno: -9.01803
new Freshwater mean pheno: -9.09611
-------------------------------
Output1 for generation 35400:

Oceanic mean pheno: 8.68256
Freshwater mean pheno: -9.1478
new Freshwater mean pheno: -9.32182
-------------------------------
Output1 for generation 35500:

Oceanic mean pheno: 8.46029
Freshwater mean pheno: -9.19105
new Freshwater mean pheno: -8.99242
-------------------------------
Output1 for generation 35600:

Oceanic mean pheno: 8.65217
Freshwater mean pheno: -9.13685
new Freshwater mean pheno: -9.12949
-------------------------------
Output1 for generation 35700:

Oceanic mean pheno: 9.27089
Freshwater mean pheno: -8.37853
new Freshwater mean pheno: -9.10619
-------------------------------
Output1 for generation 35800:

Oceanic mean pheno: 8.73042
Freshwater mean pheno: -8.80259
new Freshwater mean pheno: -9.2347
-------------------------------
Output1 for generation 35900:

Oceanic mean pheno: 9.108
Freshwater mean pheno: -9.27472
new Freshwater mean pheno: -9.79014
-------------------------------
Output1 for generation 36000:

Oceanic mean pheno: 9.05772
Freshwater mean pheno: -8.80334
new Freshwater mean pheno: -9.54713
-------------------------------
Output1 for generation 36100:

Oceanic mean pheno: 8.82322
Freshwater mean pheno: -8.95422
new Freshwater mean pheno: -9.60878
-------------------------------
Output1 for generation 36200:

Oceanic mean pheno: 9.0022
Freshwater mean pheno: -8.85941
new Freshwater mean pheno: -9.16846
-------------------------------
Output1 for generation 36300:

Oceanic mean pheno: 8.62672
Freshwater mean pheno: -9.02722
new Freshwater mean pheno: -9.34895
-------------------------------
Output1 for generation 36400:

Oceanic mean pheno: 8.93881
Freshwater mean pheno: -9.0138
new Freshwater mean pheno: -9.22189
-------------------------------
Output1 for generation 36500:

Oceanic mean pheno: 9.10096
Freshwater mean pheno: -9.40779
new Freshwater mean pheno: -9.1237
-------------------------------
Output1 for generation 36600:

Oceanic mean pheno: 9.34665
Freshwater mean pheno: -8.94193
new Freshwater mean pheno: -8.92478
-------------------------------
Output1 for generation 36700:

Oceanic mean pheno: 8.75118
Freshwater mean pheno: -9.37306
new Freshwater mean pheno: -9.16225
-------------------------------
Output1 for generation 36800:

Oceanic mean pheno: 8.93551
Freshwater mean pheno: -9.00643
new Freshwater mean pheno: -9.02146
-------------------------------
Output1 for generation 36900:

Oceanic mean pheno: 9.14269
Freshwater mean pheno: -9.48364
new Freshwater mean pheno: -9.09068
-------------------------------
Output1 for generation 37000:

Oceanic mean pheno: 8.77559
Freshwater mean pheno: -9.24087
new Freshwater mean pheno: -8.74579
-------------------------------
Output1 for generation 37100:

Oceanic mean pheno: 8.52196
Freshwater mean pheno: -8.67565
new Freshwater mean pheno: -9.38626
-------------------------------
Output1 for generation 37200:

Oceanic mean pheno: 8.83162
Freshwater mean pheno: -9.11446
new Freshwater mean pheno: -8.99477
-------------------------------
Output1 for generation 37300:

Oceanic mean pheno: 9.14571
Freshwater mean pheno: -9.46378
new Freshwater mean pheno: -9.38308
-------------------------------
Output1 for generation 37400:

Oceanic mean pheno: 8.902
Freshwater mean pheno: -9.26937
new Freshwater mean pheno: -9.11453
-------------------------------
Output1 for generation 37500:

Oceanic mean pheno: 8.82624
Freshwater mean pheno: -9.16046
new Freshwater mean pheno: -9.03709
-------------------------------
Output1 for generation 37600:

Oceanic mean pheno: 8.52982
Freshwater mean pheno: -8.79693
new Freshwater mean pheno: -8.67752
-------------------------------
Output1 for generation 37700:

Oceanic mean pheno: 8.71728
Freshwater mean pheno: -9.07025
new Freshwater mean pheno: -9.52917
-------------------------------
Output1 for generation 37800:

Oceanic mean pheno: 8.7685
Freshwater mean pheno: -9.22075
new Freshwater mean pheno: -9.21998
-------------------------------
Output1 for generation 37900:

Oceanic mean pheno: 8.94503
Freshwater mean pheno: -9.39967
new Freshwater mean pheno: -9.05131
-------------------------------
Output1 for generation 38000:

Oceanic mean pheno: 8.32275
Freshwater mean pheno: -9.41739
new Freshwater mean pheno: -9.49106
-------------------------------
Output1 for generation 38100:

Oceanic mean pheno: 8.62646
Freshwater mean pheno: -9.29893
new Freshwater mean pheno: -9.35279
-------------------------------
Output1 for generation 38200:

Oceanic mean pheno: 8.70477
Freshwater mean pheno: -9.25034
new Freshwater mean pheno: -9.43703
-------------------------------
Output1 for generation 38300:

Oceanic mean pheno: 8.59879
Freshwater mean pheno: -9.38643
new Freshwater mean pheno: -9.60241
-------------------------------
Output1 for generation 38400:

Oceanic mean pheno: 8.94323
Freshwater mean pheno: -9.57166
new Freshwater mean pheno: -9.33064
-------------------------------
Output1 for generation 38500:

Oceanic mean pheno: 8.54132
Freshwater mean pheno: -8.93915
new Freshwater mean pheno: -9.2062
-------------------------------
Output1 for generation 38600:

Oceanic mean pheno: 8.66391
Freshwater mean pheno: -9.01405
new Freshwater mean pheno: -9.25878
-------------------------------
Output1 for generation 38700:

Oceanic mean pheno: 8.57186
Freshwater mean pheno: -9.13045
new Freshwater mean pheno: -9.08652
-------------------------------
Output1 for generation 38800:

Oceanic mean pheno: 8.66676
Freshwater mean pheno: -9.27059
new Freshwater mean pheno: -9.04972
-------------------------------
Output1 for generation 38900:

Oceanic mean pheno: 8.87103
Freshwater mean pheno: -8.83221
new Freshwater mean pheno: -8.73475
-------------------------------
Output1 for generation 39000:

Oceanic mean pheno: 8.75908
Freshwater mean pheno: -9.15813
new Freshwater mean pheno: -8.69288
-------------------------------
Output1 for generation 39100:

Oceanic mean pheno: 8.64223
Freshwater mean pheno: -9.30431
new Freshwater mean pheno: -9.1176
-------------------------------
Output1 for generation 39200:

Oceanic mean pheno: 8.78207
Freshwater mean pheno: -9.06709
new Freshwater mean pheno: -8.94605
-------------------------------
Output1 for generation 39300:

Oceanic mean pheno: 8.75529
Freshwater mean pheno: -9.16557
new Freshwater mean pheno: -9.20755
-------------------------------
Output1 for generation 39400:

Oceanic mean pheno: 8.60402
Freshwater mean pheno: -9.09225
new Freshwater mean pheno: -8.92739
-------------------------------
Output1 for generation 39500:

Oceanic mean pheno: 9.26133
Freshwater mean pheno: -9.56155
new Freshwater mean pheno: -9.42774
-------------------------------
Output1 for generation 39600:

Oceanic mean pheno: 9.22267
Freshwater mean pheno: -8.98044
new Freshwater mean pheno: -9.07872
-------------------------------
Output1 for generation 39700:

Oceanic mean pheno: 8.5756
Freshwater mean pheno: -8.81208
new Freshwater mean pheno: -8.80743
-------------------------------
Output1 for generation 39800:

Oceanic mean pheno: 8.78249
Freshwater mean pheno: -9.07626
new Freshwater mean pheno: -9.08715
-------------------------------
Output1 for generation 39900:

Oceanic mean pheno: 9.03947
Freshwater mean pheno: -9.09652
new Freshwater mean pheno: -9.1845
-------------------------------
Output1 for generation 40000:

Oceanic mean pheno: 8.61089
Freshwater mean pheno: -9.26279
new Freshwater mean pheno: -9.3437
elapsed: 5:57:49 / kernel: 7.32 / user: 21446.25 / mem: 260684
Done!
