Task ID  - seed 018766
Parameters for SLiM run:
  -s 018766 MyRecipe6_1_0.E
// Initial random seed:
1511201611535

// RunInitializeCallbacks():
initializeSLiMOptions(dimensionality = 'x');
initializeMutationRate(1e-07);
initializeMutationType(1, 0.5, "g", 0.5, 1);
initializeMutationType(2, 0.5, "g", -0.5, 1);
initializeMutationType(3, 0.5, "f", 0);
initializeMutationType(4, 0.5, "g", 0.5, 1);
initializeMutationType(5, 0.5, "g", -0.5, 1);
initializeMutationType(6, 0.5, "g", 0.6, 1);
initializeMutationType(7, 0.5, "g", -0.6, 1);
initializeGenomicElementType(1, c(m1, m2, m3, m4, m5, m6, m7), c(1, 1, 600, 1, 1, 1, 1));
initializeGenomicElement(g1, 0, 99999);
initializeRecombinationRate(0.001);
initializeInteractionType(1, "x", reciprocal=T", maxDistance=0.02);
initializeInteractionType(2, "x", reciprocal=T", maxDistance=1);

// Starting run at generation <start>:
1 

-------------------------------
Output1 for generation 100:

Oceanic mean pheno: 0.0171059
Freshwater mean pheno: -0.00110735
0 1 0 1 1 0 0 0 1 0 1 1 2 1 0 0 0 0 1 0 0 1 1 1 1 1 0 0 0 0 1 0 0 0 0 0 1 0 0 1 0 0 0 0 1 0 0 0 0 0 1 0 0 1 2 0 0 0 1 0 0 2 0 1 0 0 0 0 2 0 1 3 2 3 1 1 0 0 0 0 0 3 1 0 0 2 2 0 0 1 1 1 0 1 0 1 0 1 0 3 1 0 0 2 2 0 0 0 0 0 0 1 0 0 2 1 0 0 0 0 0 0 0 1 1 0 1 0 0 0 0 1 1 2 0 0 0 1 0 1 1 0 0 1 0 0 2 0 0 2 1 0 0 0 0 2 0 0 0 1 0 0 1 1 0 0 1 0 2 0 1 0 1 0 0 0 0 0 0 0 2 0 2 0 0 0 0 0 1 0 2 1 1 2 0 3 0 1 1 0 0 0 0 1 1 0 0 0 1 1 1 1 0 0 1 1 1 0 1 0 2 0 1 0 0 1 2 0 0 1 0 3 1 3 0 1 1 1 0 0 0 2 1 0 1 0 1 0 2 2 0 0 1 0 1 0 1 0 1 1 0 3 1 0 0 0 1 2 0 1 0 0 0 0 0 0 1 0 0 0 1 0 1 1 0 2 1 1 0 2 0 2 0 0 0 0 0 1 1 0 1 0 1 0 0 0 2 2 1 0 0 0 3 0 0 1 0 0 0 0 2 1 2 1 0 1 1 0 1 1 0 0 0 0 0 0 0 1 1 1 0 0 0 3 2 0 2 0 0 0 0 0 0 1 1 0 0 0 3 0 2 0 0 1 0 1 0 0 0 1 1 2 1 2 2 4 1 0 0 2 1 0 1 1 0 0 2 0 2 3 0 1 1 1 2 1 2 0 0 2 0 1 2 0 0 0 2 0 0 2 3 0 0 1 0 2 0 1 1 1 0 1 2 1 0 1 3 0 0 0 0 0 0 1 0 1 0 1 0 1 1 1 1 1 1 1 0 1 0 0 1 0 0 0 0 2 3 1 1 0 2 1 0 1 0 3 1 2 2 1 1 0 0 1 2 1 2 1 1 3 0 0 2 1 0 0 0 1 4 0 0 0 1 1 2 0 2 1 0 1 2 0 1 3 0 2 1 1 2 0 0 0 0 0 0 1 1 1 2 1 2 0 1 0 0 2 1 1 2 1 0 0 0 0 0 1 1 1 0 0 2 1 0 0 0 1 0 0 0 2 2 0 0 1 0 1 1 1 1 0 1 0 1 0 0 0 0 0 0 0 0 0 0 1 0 0 0 1 2 1 0 0 0 2 3 0 2 1 0 2 0 0 4 1 0 2 0 1 0 1 1 0 0 0 0 0 0 0 1 1 1 0 0 1 1 1 0 2 1 1 0 0 0 0 1 0 1 0 0 1 1 0 2 0 0 0 0 0 2 1 2 0 1 1 1 0 1 0 0 1 0 1 0 1 2 0 0 0 1 0 0 1 1 0 1 1 0 0 0 0 0 0 0 1 0 1 0 2 0 1 0 1 1 1 0 1 0 2 0 1 0 0 2 1 1 0 2 0 4 1 0 0 0 0 1 0 1 3 0 1 0 0 0 0 0 1 0 0 0 0 1 0 0 0 1 1 0 1 0 1 1 0 1 3 3 1 0 0 0 0 2 3 1 2 0 0 0 3 0 1 1 0 0 0 0 1 0 0 1 1 0 2 4 1 0 0 0 2 0 2 0 0 1 1 0 1 2 1 0 1 1 0 0 0 4 0 1 0 2 0 1 0 1 0 1 3 3 1 0 0 0 1 2 0 0 1 0 0 1 0 0 0 3 1 3 0 0 2 1 3 1 1 1 2 0 0 0 0 0 1 0 0 1 0 2 1 2 0 0 1 1 1 1 0 1 0 0 0 2 0 1 1 0 0 0 2 2 0 0 0 0 1 0 0 1 0 1 2 0 0 1 0 2 0 0 0 0 2 1 1 0 1 1 0 1 2 0 0 1 0 0 0 0 1 1 1 1 1 1 0 1 0 0 0 1 1 0 1 1 0 1 2 1 1 1 0 0 0 1 0 2 0 0 1 1 0 0 1 1 1 0 1 0 0 2 0 0 0 2 2 1 2 0 1 0 1 2 0 0 2 0 2 1 0 1 1 0 0 0 0 2 0 1 1 2 2 2 1 0 3 0 0 1 0 0 0 0 2 0 1 2 1 0 1 2 0 2 1 0 1 0 1 1 0 2 1 0 0 3 1
Mean: 0.677
Varience: 0.715386
-------------------------------
Output1 for generation 200:

Oceanic mean pheno: 0.473318
Freshwater mean pheno: 0.0111383
1 1 1 1 4 0 0 1 1 1 1 0 0 0 0 1 0 0 3 0 0 0 1 1 0 1 2 0 2 0 2 0 0 1 1 1 0 0 0 1 0 1 1 0 0 1 4 0 1 0 0 1 1 0 3 3 1 0 3 0 0 1 1 1 1 0 0 0 2 0 1 2 0 0 0 0 0 0 1 0 2 1 0 3 2 0 1 1 0 1 0 0 0 0 1 2 1 1 0 2 1 0 0 1 2 0 0 0 1 1 2 1 0 0 0 0 0 2 2 2 0 2 0 1 1 0 2 0 1 0 1 2 1 0 0 3 0 2 2 0 1 1 0 2 0 0 0 0 0 4 0 0 1 0 0 1 2 3 1 3 0 0 1 1 0 0 1 1 1 1 2 0 0 0 0 1 1 1 1 0 1 0 0 0 1 0 3 1 1 0 2 0 1 2 1 0 0 0 3 0 1 0 1 2 1 0 1 0 0 2 0 0 0 1 3 0 0 3 0 0 2 5 0 2 0 2 1 0 1 0 0 1 2 0 1 2 2 1 1 0 0 1 0 1 0 0 1 0 2 2 1 1 2 1 2 0 2 0 0 0 0 1 1 1 1 3 1 0 0 0 0 0 0 1 1 0 1 0 1 1 0 1 0 2 0 1 2 1 1 1 2 3 1 1 1 1 0 1 1 0 0 1 1 0 3 1 1 1 1 1 0 0 2 0 0 0 0 1 0 0 1 0 1 0 0 0 1 0 1 0 1 1 2 2 0 1 1 2 0 2 0 1 1 1 2 0 0 1 4 0 1 0 0 1 2 0 1 2 2 2 2 0 0 0 2 1 2 1 0 0 0 1 0 1 1 2 1 2 1 2 2 1 0 2 1 1 2 1 3 2 0 1 0 0 1 1 1 0 0 2 2 0 1 0 1 1 3 0 0 0 2 0 0 2 2 0 1 1 0 0 1 0 0 1 1 1 1 1 0 1 1 1 2 1 1 3 1 0 2 0 1 2 0 0 2 1 0 0 1 1 1 0 0 2 0 2 1 1 2 1 2 1 2 1 3 1 1 1 2 3 1 1 2 0 1 1 0 1 2 2 0 2 1 3 1 1 0 2 0 1 0 1 0 2 0 0 0 0 1 0 0 0 1 0 0 1 0 1 2 0 0 0 1 0 0 2 0 0 1 1 1 0 2 0 0 1 2 0 0 1 5 0 0 0 0 1 0 2 1 1 2 2 0 1 0 0 2 2 1 4 0 0 1 1 0 2 0 0 0 0 3 0 2 1 0 0 0 1 0 0 3 1 0 3 2 0 2 1 1 0 1 0 1 4 1 1 1 1 0 1 2 0 2 2 1 1 1 1 0 2 0 2 0 2 0 0 1 1 2 3 0 1 1 1 1 1 0 1 0 0 0 1 2 0 1 1 2 2 0 1 2 0 0 0 0 0 0 0 1 0 0 0 2 0 3 2 0 0 0 0 1 0 0 5 2 1 0 0 1 0 1 1 3 1 1 0 0 0 0 0 0 0 0 0 1 0 0 0 0 0 0 0 0 1 1 0 0 4 0 1 1 2 1 1 0 1 0 0 3 0 0 0 1 0 1 1 2 0 0 1 0 0 1 0 0 0 0 0 1 0 0 0 1 0 2 1 1 1 0 1 3 0 2 1 2 1 3 1 0 0 0 1 3 0 0 1 0 0 1 0 0 0 0 0 0 0 1 1 0 1 1 0 1 2 0 1 0 1 1 3 0 1 1 0 0 1 1 4 1 1 1 0 0 1 1 0 1 1 2 2 1 1 2 0 2 0 0 0 1 2 0 1 3 0 0 0 2 1 1 1 0 0 1 1 2 1 1 0 0 0 2 3 1 0 0 1 0 1 1 0 0 0 1 0 2 2 1 1 0 1 0 1 0 0 1 4 1 0 0 0 2 0 1 0 0 1 0 0 1 0 0 0 2 1 1 0 0 0 0 2 0 0 1 1 0 2 2 2 0 2 1 1 0 0 1 0 0 0 0 2 0 0 0 2 0 2 2 0 1 0 0 0 1 0 0 2 0 0 1 1 0 1 1 2 1 2 0 1 0 0 2 2 0 1 0 0 2 1 2 2 1 2 0 0 1 3 0 1 0 1 0 2 0 0 0 1 2 0 0 1 2 0 1 0 0 3 2 0 0 0 1 0 0 1 0 1 1 0 0 2 0 1 0 2 0 1 1 1 1 0 1 2 1 2 0 1 0 2 1 2 1 2 1 0 1 4 0 1 1 1
Mean: 0.821
Varience: 0.853813
-------------------------------
Output1 for generation 300:

Oceanic mean pheno: 0.902586
Freshwater mean pheno: -0.0526538
0 0 2 1 1 0 0 0 1 2 2 2 1 0 0 0 0 0 1 1 0 0 1 0 0 0 1 1 1 0 1 0 0 1 0 0 0 1 2 0 0 1 3 2 0 0 3 0 0 1 0 0 0 2 0 0 0 2 1 0 1 1 0 1 0 1 1 0 2 1 0 2 2 0 1 0 1 1 2 0 0 1 0 1 2 0 1 0 0 1 0 0 1 1 1 0 1 1 0 1 0 0 1 2 3 0 1 1 0 1 2 1 1 0 0 0 0 1 0 0 0 3 1 1 1 0 1 0 2 0 4 2 0 0 0 1 0 2 0 0 2 1 0 1 0 0 0 1 1 0 1 1 1 3 2 0 1 2 2 3 0 1 0 0 0 3 0 0 0 1 4 0 0 2 2 1 2 1 0 0 2 2 0 0 1 1 2 1 1 0 1 0 0 2 1 0 1 0 2 1 4 2 2 1 1 1 0 1 0 0 1 1 0 1 0 0 1 1 0 0 3 2 0 1 3 3 3 1 1 0 0 0 1 1 0 2 0 0 0 0 0 1 0 0 0 0 0 0 0 2 0 2 1 0 2 0 0 1 0 0 3 1 2 2 1 0 2 0 2 0 0 0 0 1 2 1 3 0 0 0 3 0 1 0 2 1 2 0 2 2 0 2 2 1 1 0 1 1 1 1 0 2 2 0 1 2 2 0 0 2 1 0 1 0 0 1 0 1 0 0 1 0 1 0 0 0 0 2 1 0 1 1 0 0 0 1 1 3 1 0 1 0 0 2 2 1 0 0 2 1 1 1 1 0 0 0 0 1 2 0 1 0 1 0 0 0 0 1 1 0 0 0 2 1 0 1 0 2 2 1 2 0 0 3 1 2 0 2 3 1 0 1 0 0 4 1 0 0 1 2 2 0 1 0 1 1 0 0 2 0 1 1 1 0 0 2 0 1 2 1 0 0 0 1 0 1 0 0 0 0 1 1 1 2 1 2 1 0 0 0 1 2 1 1 1 1 0 0 3 1 0 0 2 0 0 2 0 1 0 0 0 3 1 1 0 1 2 2 2 1 1 1 4 4 1 1 1 0 0 4 0 1 1 4 0 3 1 0 0 0 0 0 2 0 1 0 2 1 2 0 0 0 1 0 1 0 1 1 0 0 0 0 0 0 0 3 0 0 5 3 1 2 3 1 1 1 0 1 1 0 1 0 1 0 1 1 1 0 1 1 1 0 0 0 2 0 0 1 1 5 0 1 2 0 0 1 0 0 0 0 0 1 0 0 1 1 2 1 0 0 1 0 0 2 1 0 1 1 0 1 2 1 0 1 0 1 0 1 1 0 2 0 3 0 1 1 4 1 1 2 0 1 1 0 0 0 1 2 2 2 1 1 1 0 1 1 0 2 2 1 0 0 1 2 1 0 3 0 0 1 2 2 0 1 1 2 2 2 2 1 1 0 3 2 0 0 0 0 0 1 2 1 0 1 0 2 0 1 2 0 0 0 0 1 0 1 1 0 0 2 0 0 0 1 1 0 1 0 0 0 0 0 1 0 1 0 1 0 0 2 2 4 2 0 1 1 1 0 0 1 1 0 1 3 3 0 3 1 0 1 2 0 1 0 0 2 0 0 0 0 1 1 1 0 0 1 0 1 0 1 0 0 0 2 0 1 0 0 1 0 0 1 0 1 2 0 0 0 2 1 1 0 0 2 0 1 0 1 0 1 2 0 1 2 1 1 2 3 1 1 0 1 1 0 0 0 0 0 1 0 0 0 0 1 1 1 1 0 0 1 0 1 1 1 0 0 2 0 2 1 0 0 2 0 0 0 1 2 1 0 1 0 0 0 1 1 1 0 0 0 2 1 1 1 1 1 1 1 2 0 1 1 1 2 1 1 0 0 1 0 2 0 0 1 1 0 1 0 2 0 2 0 0 0 1 1 2 1 0 1 0 0 2 1 0 0 3 0 0 0 1 0 0 0 4 0 0 2 2 1 0 0 0 0 0 0 1 0 0 0 0 0 0 0 0 2 1 0 2 0 0 1 0 0 0 2 0 1 1 2 0 1 0 2 1 0 1 0 1 1 1 0 1 0 0 0 1 0 1 0 1 1 1 1 0 2 0 1 0 3 1 1 1 0 0 0 2 0 0 1 1 1 1 1 0 1 2 1 1 0 1 0 1 1 0 1 0 0 0 1 0 1 0 0 1 0 0 2 1 2 1 1 0 0 2 3 0 0 0 0 0 2 1 0 2 1 1 1 2 0
Mean: 0.79
Varience: 0.826727
-------------------------------
Output1 for generation 400:

Oceanic mean pheno: 1.29907
Freshwater mean pheno: -0.169999
2 0 5 1 1 2 1 0 0 0 4 0 1 1 0 0 2 0 2 0 1 1 1 1 3 0 0 1 1 0 2 0 1 0 1 0 2 2 1 0 1 1 3 0 0 0 1 0 1 0 1 0 0 0 0 1 0 2 0 0 1 2 2 1 0 2 0 0 2 2 2 0 0 0 0 0 2 0 0 2 0 1 0 1 4 1 1 0 0 1 0 0 0 0 0 1 0 1 0 1 0 0 0 1 2 1 0 2 1 0 3 3 1 0 2 0 1 1 0 0 0 1 2 2 2 2 1 1 1 0 1 1 1 0 0 1 1 0 0 1 0 1 4 1 0 0 1 1 0 0 2 1 0 0 0 1 0 1 0 3 2 0 0 1 0 0 1 1 1 0 2 0 0 0 1 2 1 0 1 0 1 1 1 3 1 3 2 1 1 0 0 1 1 1 1 1 1 0 3 0 2 0 2 2 2 2 1 1 0 1 1 0 1 0 0 0 0 1 0 0 2 2 0 0 0 1 2 0 1 1 1 0 2 1 0 0 2 0 1 0 2 0 0 1 0 1 1 1 3 0 0 1 2 1 1 0 0 1 1 0 3 1 1 0 3 1 1 0 1 0 1 0 1 3 3 1 2 2 0 1 1 0 2 0 1 0 0 2 2 2 0 1 1 1 1 0 3 1 0 0 2 0 0 0 0 3 1 0 0 0 0 3 0 1 0 1 0 2 0 2 1 0 0 0 0 0 1 3 2 0 3 1 1 0 0 0 1 4 1 1 0 1 0 1 2 2 0 0 2 2 1 2 0 1 4 2 0 0 1 0 2 1 1 0 0 3 0 0 0 1 2 0 0 3 1 1 0 0 1 1 1 0 1 1 0 0 0 0 3 1 0 0 0 0 3 2 1 0 4 1 0 0 1 1 0 1 0 0 1 2 0 0 1 0 0 0 0 1 2 1 0 1 1 2 1 2 1 2 0 0 2 0 1 3 1 1 0 2 1 0 2 0 0 3 0 2 0 0 1 1 1 0 1 4 0 2 3 2 0 1 2 2 0 1 1 0 1 1 1 1 1 0 4 1 1 2 0 0 0 4 1 2 1 4 0 1 1 1 1 0 0 0 0 1 0 0 1 0 0 1 1 0 1 0 0 1 1 1 1 0 0 0 0 0 2 1 0 0 1 2 0 1 2 2 0 2 2 0 0 1 2 1 1 1 1 2 1 0 4 0 1 1 2 1 0 1 0 1 1 4 0 2 1 1 2 0 0 0 2 1 1 0 2 0 0 1 1 1 0 2 2 1 3 2 2 3 1 1 1 1 1 0 1 2 1 0 0 1 2 3 3 1 1 0 3 1 2 1 0 0 1 1 0 1 0 2 1 1 1 1 1 1 0 0 0 1 3 1 1 1 1 0 0 1 4 0 3 3 2 0 2 1 1 1 1 0 0 1 2 0 0 0 5 2 1 0 0 0 3 0 4 1 0 1 2 1 0 1 1 1 1 0 1 0 0 0 0 3 1 1 0 0 1 1 1 1 0 0 2 1 0 1 2 3 0 0 0 0 1 1 0 0 3 2 1 0 3 0 0 0 1 0 0 3 2 2 0 1 0 1 1 0 2 0 1 1 0 0 0 0 1 0 1 2 0 1 0 2 0 0 4 0 1 1 2 2 0 1 1 0 0 0 1 0 3 0 1 0 0 2 0 2 0 2 0 2 0 1 1 0 1 0 2 2 2 2 1 1 0 1 1 1 0 2 0 0 0 0 0 1 0 1 1 4 2 1 1 2 1 0 0 0 0 0 1 0 1 1 1 1 0 1 1 2 1 0 0 2 1 5 2 1 1 0 0 1 2 2 0 1 0 3 3 2 1 0 0 0 1 0 3 0 0 0 3 0 0 1 0 1 4 2 0 1 1 0 1 0 2 2 2 0 1 2 0 2 0 1 0 2 0 1 2 0 2 0 0 1 1 0 0 1 0 0 1 0 2 3 0 2 1 0 1 2 1 1 1 0 0 0 0 2 1 0 1 0 0 0 2 2 0 1 0 0 0 2 3 0 0 1 5 1 0 0 1 1 0 0 1 0 0 0 0 0 1 2 0 0 0 1 1 0 2 0 0 0 1 3 0 2 0 2 0 2 0 0 3 0 1 2 0 5 2 0 1 0 1 0 0 0 1 0 2 1 0 3 1 0 0 1 0 1 1 0 1 2 0 1 1 1 2 1 1 3 2 2 0 0 0 0 0 1 1 0 0 0 1 0 2 1
Mean: 0.903
Varience: 1.0046
-------------------------------
Output1 for generation 500:

Oceanic mean pheno: 3.37012
Freshwater mean pheno: -0.144947
2 0 3 3 0 2 0 0 0 1 2 1 0 0 0 0 0 2 3 1 1 1 1 2 2 0 2 0 1 0 1 1 0 1 1 1 3 0 2 3 1 0 1 2 4 0 2 0 0 0 0 0 1 1 0 2 0 3 0 1 3 1 3 1 1 1 0 0 2 1 0 1 0 0 0 1 0 3 2 2 1 0 1 0 0 0 1 0 1 2 0 2 1 2 0 2 0 1 0 2 1 0 0 1 3 1 0 3 0 0 2 2 1 1 1 0 0 2 0 0 2 0 2 3 3 2 0 0 0 0 0 2 0 0 3 0 1 1 0 0 1 0 0 0 0 1 1 2 3 2 1 1 0 0 0 2 1 2 0 2 0 1 1 0 0 1 2 0 1 1 1 0 0 2 1 2 4 0 1 1 1 1 1 0 2 1 0 0 1 0 1 2 0 0 1 1 0 1 1 2 0 0 0 1 3 0 1 1 0 0 0 0 2 1 0 0 1 0 0 4 2 1 0 0 0 1 0 0 1 0 0 0 2 1 0 0 1 3 1 0 0 0 1 1 3 1 1 1 0 0 2 0 1 1 2 0 1 3 1 1 2 1 0 1 1 2 2 0 0 0 1 1 0 0 0 0 5 1 0 2 0 0 0 1 0 2 0 1 2 2 0 2 2 0 4 0 1 2 0 1 1 0 2 0 1 3 1 0 0 1 1 0 1 3 2 3 0 2 0 2 0 0 1 1 3 1 0 1 0 0 0 2 0 1 0 1 1 2 0 0 0 1 1 1 2 0 1 0 0 1 3 0 0 2 1 1 1 1 0 0 2 1 2 1 1 1 1 0 0 1 1 3 0 1 0 2 2 0 2 0 0 0 1 3 3 0 2 0 2 1 0 1 0 0 4 2 1 0 0 2 0 1 1 1 2 0 0 1 3 1 1 0 1 0 0 1 0 1 0 0 0 0 2 0 0 1 1 0 0 2 2 1 0 1 2 1 0 1 0 0 2 1 1 2 2 1 0 0 1 1 0 0 0 1 0 0 0 2 0 0 0 1 0 3 1 1 2 3 2 1 2 1 2 1 0 0 1 0 0 2 1 1 0 1 0 1 1 0 1 0 0 0 0 2 2 1 0 1 1 0 1 0 1 0 1 1 0 0 2 0 2 0 1 0 0 3 2 1 1 2 1 1 1 3 1 2 1 2 1 1 0 4 0 0 1 1 0 1 2 0 0 0 1 0 1 4 0 1 1 4 0 1 1 1 2 0 1 1 1 1 1 0 0 2 1 1 2 2 0 0 1 3 0 4 2 0 1 1 1 1 0 1 0 2 3 0 0 1 1 0 1 1 0 0 2 3 1 3 0 0 0 0 0 1 0 0 0 0 1 0 0 1 2 0 0 1 0 1 0 0 0 2 1 1 3 2 2 2 3 0 0 1 1 1 0 3 2 1 2 1 1 2 5 0 0 1 4 1 1 2 0 0 1 3 1 1 0 1 1 2 0 2 2 0 1 0 0 2 1 0 2 0 1 1 1 0 1 1 0 2 1 0 0 1 1 0 1 2 0 1 0 0 2 0 0 0 3 0 1 1 1 1 0 5 1 0 0 0 0 1 0 0 0 2 0 1 0 0 1 1 2 0 0 1 1 1 1 0 1 1 0 0 0 0 1 2 0 1 2 2 1 0 3 1 1 1 1 1 0 0 0 1 0 2 0 0 2 1 1 0 0 1 2 1 5 0 1 0 0 1 4 1 0 1 0 0 0 0 1 1 0 2 0 2 0 2 1 1 2 0 1 2 1 0 0 2 1 0 1 2 0 1 2 1 2 1 1 2 1 0 2 2 0 1 2 2 1 0 3 0 0 2 0 0 3 1 0 1 1 0 1 1 0 0 1 1 0 2 0 0 0 1 1 1 0 1 2 2 1 0 2 0 3 0 2 0 1 1 0 0 0 0 0 1 3 0 2 0 1 0 0 2 0 0 0 0 1 4 0 2 1 1 0 1 0 0 2 1 1 1 1 1 0 0 0 0 2 0 2 0 1 1 0 0 1 1 3 1 0 0 0 2 0 1 1 0 1 0 1 1 0 1 0 0 0 2 0 0 1 0 0 0 0 1 0 1 1 1 2 2 2 0 0 1 1 1 2 2 1 0 2 0 1 0 0 2 0 1 1 1 1 0 0 2 1 2 0 0 1 0 3 1 2 0 2 1 1 2 2 0 1 2 0 0 1 1 1 2 1 1 0 0 3 0 1 2 0 0 1 0
Mean: 0.901
Varience: 0.944143
-------------------------------
Output1 for generation 600:

Oceanic mean pheno: 3.64123
Freshwater mean pheno: -0.699591
1 0 2 2 1 0 1 1 0 2 1 1 0 2 1 0 0 2 1 0 0 1 0 2 1 1 2 1 1 2 2 1 2 0 1 1 1 1 0 2 2 0 0 1 1 0 0 1 1 0 1 0 3 1 0 0 0 3 2 0 1 2 3 2 0 1 0 1 1 0 3 1 0 2 0 4 1 1 0 1 0 0 2 1 1 0 1 2 0 2 0 1 0 2 0 1 0 1 1 2 3 0 0 1 2 1 0 0 2 1 2 2 2 0 1 1 1 2 3 1 0 1 1 3 2 2 1 1 1 2 0 0 0 1 2 0 0 1 1 0 1 1 1 0 1 1 0 1 2 1 1 1 1 0 1 2 0 3 1 3 0 0 0 0 2 0 1 1 0 1 1 1 1 0 1 3 2 0 1 1 2 0 1 2 0 4 0 1 1 3 1 0 1 1 0 1 1 1 1 1 0 1 1 4 2 0 1 0 1 2 1 0 0 0 1 4 3 0 0 2 2 0 0 1 0 1 0 0 1 1 1 0 1 1 0 0 5 1 3 1 0 0 1 4 1 2 1 3 1 2 0 0 0 0 1 2 0 3 0 0 3 0 1 0 1 2 2 1 1 2 1 0 1 0 1 3 3 1 0 2 0 1 0 0 1 3 1 3 0 2 1 1 2 1 1 1 1 1 0 0 0 0 1 1 1 2 1 1 1 0 0 1 1 1 1 2 4 0 1 1 2 0 1 1 1 1 0 0 0 0 0 1 0 1 0 0 0 0 1 1 0 1 1 1 1 2 1 0 0 0 1 0 0 0 0 1 1 1 0 0 2 5 0 1 1 2 1 0 1 2 1 2 1 2 1 0 1 2 1 1 1 1 2 1 3 0 1 2 2 0 0 0 1 1 4 2 3 1 0 0 1 0 2 0 1 0 3 0 1 1 0 0 0 2 1 0 1 0 0 0 0 0 2 2 0 2 2 0 0 2 1 0 1 0 0 2 1 2 1 0 1 1 0 3 0 3 2 0 2 0 2 0 0 1 2 0 0 1 1 0 0 1 1 3 1 0 3 1 2 1 2 0 1 1 0 1 1 0 0 3 0 1 0 3 0 1 0 1 1 0 0 1 0 1 3 1 1 1 2 1 3 0 0 0 0 1 0 1 0 1 0 1 1 2 1 1 2 0 3 2 1 0 0 1 2 1 2 1 3 1 1 2 0 1 2 1 0 1 0 1 0 0 2 1 2 1 0 0 0 4 0 1 1 0 0 1 0 1 4 2 1 1 5 0 0 0 1 1 0 0 1 0 0 3 1 0 2 2 4 0 1 1 1 1 1 1 3 1 1 0 1 2 0 0 2 0 0 0 0 1 0 1 1 0 2 0 0 0 2 1 0 1 1 0 0 1 1 2 0 0 1 1 1 2 1 0 2 3 1 0 0 0 0 1 1 4 1 0 1 0 2 2 5 1 0 0 1 0 1 2 0 2 0 2 0 3 1 2 1 1 0 2 0 0 2 1 0 2 0 0 1 2 0 0 2 2 2 2 0 1 0 0 0 0 2 0 2 0 0 2 0 0 2 3 0 0 2 2 0 1 0 0 1 3 2 2 0 2 0 1 1 1 2 0 2 0 0 1 1 0 0 1 2 1 1 0 1 0 2 1 0 1 1 1 1 1 1 1 2 3 0 0 2 1 3 2 2 0 1 1 2 1 0 0 0 1 0 2 2 2 1 0 2 1 1 1 1 0 1 1 2 1 0 2 0 0 0 0 1 1 2 2 1 1 1 3 2 1 0 0 0 1 0 1 0 2 0 1 0 3 1 1 2 1 1 0 0 1 2 0 1 1 1 1 2 1 1 0 1 1 0 0 0 1 0 0 0 0 3 2 0 2 2 1 2 1 1 0 0 0 0 0 0 1 0 1 2 0 1 1 3 0 0 0 3 2 1 1 1 0 1 0 1 1 2 0 0 1 0 1 0 3 0 1 0 1 1 2 0 1 1 1 0 1 0 0 0 0 0 0 2 3 0 1 0 0 1 0 0 0 3 1 0 1 1 1 1 1 1 0 1 0 0 2 2 2 0 1 1 0 0 2 0 0 2 4 0 0 2 0 3 1 3 0 0 1 0 2 2 2 1 0 1 0 1 1 2 0 0 1 0 0 3 0 2 2 0 0 0 1 3 0 1 2 0 3 0 2 0 2 0 0 2 0 2 2 1 1 1 1 0 0 1 1 4 3 1 0 2 0 0 1 1 1 0 1 2 0 0 0
Mean: 0.96
Varience: 0.951351
-------------------------------
Output1 for generation 700:

Oceanic mean pheno: 4.39409
Freshwater mean pheno: -0.75191
1 0 3 2 0 0 1 1 2 1 1 1 1 3 2 1 1 3 1 1 1 0 0 2 2 1 2 0 0 1 1 1 2 0 1 0 1 0 1 2 0 1 0 2 1 2 1 0 2 1 1 0 1 0 1 1 0 4 0 0 1 4 1 2 1 1 0 0 1 0 0 0 1 0 0 1 1 1 1 0 1 1 1 1 0 0 1 0 1 1 0 1 1 2 1 1 0 2 0 0 2 2 1 1 1 1 0 0 1 0 2 2 3 0 2 1 0 2 1 1 1 2 1 0 1 2 1 2 0 2 2 0 0 0 1 1 0 2 2 2 0 1 1 1 1 0 1 1 1 0 1 1 0 0 1 3 0 4 2 2 1 1 0 2 2 1 0 0 0 0 3 1 0 0 1 1 2 1 0 2 3 1 1 1 2 0 0 0 1 1 0 3 1 0 0 2 0 1 2 3 1 1 0 3 1 1 2 0 3 1 1 1 0 1 0 1 1 1 0 1 3 2 0 0 0 3 1 0 1 2 1 1 2 1 0 0 1 0 6 1 0 1 1 1 0 0 0 1 2 1 1 2 1 0 1 2 0 2 0 0 3 1 0 0 0 2 3 1 0 0 2 0 2 0 0 1 2 1 0 1 1 2 0 0 0 0 2 3 1 0 0 2 1 0 0 1 4 0 0 0 2 1 2 1 2 3 1 0 2 0 0 2 1 0 1 2 1 1 1 2 1 2 1 0 0 3 1 1 1 1 0 1 0 1 2 0 1 0 1 1 1 1 1 0 2 1 1 2 1 0 0 1 1 2 2 2 0 0 0 0 2 2 1 1 1 1 0 0 2 1 0 2 2 2 1 0 2 0 2 1 1 1 2 2 3 0 2 1 3 2 2 0 0 0 1 3 1 2 0 0 0 1 4 0 1 0 1 0 1 0 0 0 1 0 0 0 1 0 1 2 1 1 4 1 1 0 2 1 3 1 0 1 0 0 0 3 0 0 0 1 1 1 0 2 0 1 0 1 1 1 1 0 0 0 2 1 0 1 2 0 0 1 1 2 1 2 2 1 3 2 1 0 1 2 0 2 0 1 2 2 1 4 2 2 0 2 0 2 4 1 0 1 0 0 0 0 1 2 1 1 2 2 0 2 1 2 1 1 2 0 2 0 0 1 1 1 0 1 1 3 0 2 0 1 2 1 1 0 1 0 0 2 1 0 0 2 1 0 0 0 0 0 1 1 1 2 1 1 0 6 0 0 0 2 1 0 1 1 2 2 2 1 0 1 0 2 4 0 1 1 0 0 1 2 1 0 0 0 1 0 3 3 0 1 1 0 1 1 2 1 1 0 2 0 1 1 0 2 1 1 0 1 0 1 1 2 1 0 1 0 1 0 2 1 1 1 0 2 1 0 0 1 1 0 2 1 1 1 1 0 1 0 0 0 0 2 0 1 3 1 2 1 3 2 0 0 1 0 1 0 0 0 0 2 1 1 1 1 1 0 1 1 1 1 2 0 0 2 0 0 0 3 1 0 0 1 1 2 0 0 0 1 2 0 2 0 0 1 1 0 1 1 1 2 1 2 1 2 1 0 0 0 1 2 2 1 1 2 0 2 0 0 0 2 1 1 0 2 1 0 2 0 1 0 1 0 4 0 0 3 1 0 0 1 0 0 0 1 1 0 1 2 0 1 2 2 1 0 0 0 3 0 0 1 0 3 0 1 1 2 1 0 2 2 2 2 3 0 3 0 2 2 0 1 1 1 0 1 2 1 3 0 0 0 1 2 2 3 3 0 0 1 0 1 1 0 1 0 0 3 1 1 1 2 1 1 0 1 2 1 2 1 1 0 2 0 3 0 1 2 0 2 0 1 0 0 0 1 2 3 0 1 0 0 0 0 1 1 2 2 1 0 4 1 1 1 0 1 1 1 2 0 0 0 1 1 1 2 1 1 0 0 1 0 1 0 0 1 2 1 1 3 2 0 2 1 0 3 0 2 0 1 0 0 0 1 0 0 1 0 0 1 1 1 0 0 0 0 1 1 0 4 1 1 1 1 1 1 1 0 1 1 2 1 2 0 0 1 3 0 0 0 0 1 1 3 0 1 0 1 2 0 0 0 1 1 1 3 2 1 2 0 0 1 1 0 2 0 0 0 0 0 1 0 0 1 0 1 0 0 1 0 3 1 0 2 0 0 0 1 1 1 4 1 1 2 1 2 1 1 1 1 0 1 5 2 1 0 3 1 2 1 1 1 0 2 0 0 0 4
Mean: 0.971
Varience: 0.927086
-------------------------------
Output1 for generation 800:

Oceanic mean pheno: 4.64265
Freshwater mean pheno: -1.65387
0 0 5 3 0 1 0 0 0 0 2 1 0 0 3 1 4 2 0 1 0 1 0 0 2 0 1 0 0 1 0 1 0 0 2 2 2 1 3 1 1 0 1 1 0 1 4 1 3 3 1 1 1 1 0 1 0 4 0 0 3 4 1 0 0 2 1 0 1 0 0 4 0 1 2 0 1 0 1 2 1 2 0 1 1 0 1 0 0 0 0 0 2 1 1 2 0 1 0 1 2 0 0 1 1 1 0 1 1 0 4 1 1 0 4 2 2 0 1 1 4 2 2 1 1 2 0 2 0 0 1 1 1 1 0 1 0 1 2 0 0 2 1 1 0 0 1 1 2 2 2 0 0 1 2 0 1 4 0 2 0 1 1 0 0 1 2 0 0 0 0 0 0 0 0 2 2 1 1 3 1 0 0 3 1 2 1 1 1 0 1 0 1 1 0 2 0 1 3 1 2 1 0 3 2 2 1 0 3 2 0 0 0 3 0 0 1 0 1 0 2 2 2 0 4 1 0 0 1 2 2 0 2 1 1 0 1 1 3 1 1 0 0 2 0 0 0 1 1 1 0 2 1 1 1 0 0 1 0 1 5 1 0 0 3 1 2 2 1 0 1 5 1 0 1 1 2 1 0 1 2 2 0 1 1 0 0 4 0 1 0 2 2 0 0 1 3 0 0 1 0 1 2 2 2 2 2 0 0 0 1 2 0 0 1 2 0 2 1 1 1 3 1 1 0 2 0 0 1 0 0 1 1 1 1 0 0 0 1 1 0 1 2 1 2 1 1 0 0 0 0 2 0 2 0 1 0 2 0 1 1 2 0 0 1 0 1 0 0 1 0 2 1 4 2 0 0 0 2 0 1 1 0 3 2 1 0 1 3 1 1 0 0 0 0 1 0 1 2 3 1 1 3 0 1 1 2 0 2 2 0 3 0 0 0 2 1 0 2 0 1 1 2 1 2 0 2 3 1 2 1 0 0 0 1 2 1 0 0 1 0 1 0 4 1 2 0 0 1 0 0 1 1 0 3 2 0 1 0 3 0 0 1 2 2 1 0 2 1 1 1 0 0 1 0 2 1 2 0 1 1 2 2 1 0 2 0 1 0 1 0 1 1 1 1 1 1 1 1 1 2 0 0 0 0 4 2 2 2 1 1 1 0 1 1 1 0 1 0 2 0 2 1 2 1 3 0 1 3 1 0 3 3 0 1 2 1 0 0 0 0 1 1 3 0 3 0 0 0 4 1 1 0 4 1 1 0 2 0 0 1 1 1 0 0 0 6 0 0 1 0 1 0 2 1 0 0 0 1 1 3 2 0 2 0 2 3 1 1 3 1 1 0 0 1 2 0 0 0 0 0 2 0 3 0 3 1 0 1 0 3 0 1 1 0 0 2 1 0 0 0 0 1 0 2 1 1 1 3 1 0 0 0 0 2 1 0 0 3 0 1 0 2 0 3 0 0 1 2 0 0 0 1 2 1 1 1 1 0 1 0 3 1 0 0 0 0 0 0 0 0 3 0 1 0 0 1 1 0 0 1 0 1 0 2 0 1 1 0 0 2 1 2 1 0 0 4 1 2 0 0 0 2 3 3 1 2 0 1 4 1 1 0 1 0 0 0 2 0 0 0 1 0 0 0 1 3 1 0 1 0 1 0 0 1 1 2 2 1 2 0 0 0 2 4 2 1 3 0 1 0 1 2 0 0 1 0 1 3 2 0 2 1 2 1 3 2 1 2 0 1 1 1 1 0 0 1 2 2 1 3 0 2 1 0 1 2 1 1 1 0 2 0 2 0 0 0 0 0 1 1 3 3 2 2 2 0 1 1 0 2 0 0 0 2 0 3 0 1 1 0 0 1 2 1 2 0 0 1 3 0 3 0 1 0 1 0 2 0 0 0 0 0 0 0 0 1 0 2 1 1 0 1 1 1 2 0 2 0 1 2 0 2 1 2 0 0 0 1 2 0 2 1 0 1 1 0 4 0 2 0 1 0 0 0 0 1 0 1 1 1 1 0 2 2 0 0 0 2 0 0 1 2 1 1 1 1 1 0 0 3 2 4 1 2 1 1 2 1 1 0 0 1 0 0 3 2 0 0 1 1 0 0 2 2 0 3 2 2 1 0 0 0 1 1 1 3 1 0 0 0 1 1 1 0 4 1 1 3 1 0 1 2 1 0 1 0 0 0 0 0 4 2 0 0 0 0 0 1 2 1 2 6 0 3 3 4 0 1 0 2 1 0 2 0 0 2 0 0 4
Mean: 0.984
Varience: 1.13888
-------------------------------
Output1 for generation 900:

Oceanic mean pheno: 5.96198
Freshwater mean pheno: -2.15412
1 1 2 2 0 0 0 0 0 0 0 1 2 0 2 3 1 4 1 1 0 1 0 0 1 1 2 0 0 1 0 0 1 0 1 1 2 1 2 1 1 0 1 0 2 1 2 2 4 2 0 1 0 0 0 1 1 3 2 0 2 2 1 0 2 1 0 0 2 2 0 1 0 2 0 1 1 1 1 1 2 0 0 1 1 0 0 0 1 1 1 1 2 1 0 1 1 1 1 0 2 0 2 1 0 1 1 0 1 0 2 1 1 0 2 0 0 1 1 1 2 1 2 1 1 2 0 2 0 0 0 1 0 1 1 2 0 0 2 0 1 1 1 1 2 1 0 1 0 0 2 1 0 1 0 0 1 3 0 2 1 1 3 0 1 0 0 0 0 0 0 1 1 1 1 2 1 0 0 1 1 2 0 1 0 1 0 0 2 0 0 0 0 0 1 2 0 1 2 2 2 1 3 1 1 1 3 0 2 2 0 0 1 1 0 0 0 0 1 1 2 1 0 0 0 1 2 0 0 1 3 1 2 1 0 1 1 1 2 1 2 0 0 1 0 0 0 0 0 2 0 2 0 0 1 1 1 1 1 1 4 2 2 0 1 0 0 3 0 0 1 0 1 0 0 2 5 0 1 1 0 3 1 2 1 0 0 1 2 3 1 4 2 1 1 0 3 0 1 1 0 0 1 3 6 2 2 3 1 0 2 0 0 0 1 0 1 2 0 1 2 2 0 1 3 2 0 0 2 1 1 1 0 1 2 0 2 1 0 1 2 2 1 0 1 2 0 0 1 0 0 2 1 0 0 1 1 0 1 1 1 1 0 0 1 0 0 1 0 1 1 1 1 2 2 0 0 0 2 0 1 4 0 0 2 0 0 1 3 1 1 0 2 1 1 0 2 0 1 3 2 0 2 2 1 1 0 1 2 1 0 1 0 2 1 3 2 0 1 3 0 0 1 0 1 1 1 1 0 0 1 1 1 0 1 3 3 1 0 1 0 2 0 3 0 3 0 1 4 2 1 0 1 0 2 1 1 2 0 2 2 2 1 3 2 0 0 2 2 0 1 1 0 3 0 0 2 1 1 2 1 1 1 1 1 1 0 1 2 1 2 2 0 1 0 0 2 0 1 3 2 0 2 1 0 3 1 1 1 0 0 2 2 0 2 1 0 0 1 5 0 0 2 1 1 0 1 0 1 1 1 0 1 0 0 1 1 0 0 1 0 0 0 2 1 1 1 3 2 4 0 0 1 2 2 1 1 1 0 0 1 1 1 0 0 1 8 0 1 0 1 1 0 3 0 4 2 2 3 2 3 2 0 2 3 2 2 2 1 4 1 0 1 2 2 0 0 3 0 0 0 2 0 1 0 1 0 1 3 2 2 0 2 0 1 1 0 3 0 1 2 1 1 0 1 0 2 0 4 0 0 2 2 0 1 1 1 0 1 1 0 0 3 0 1 1 0 0 1 3 1 1 0 1 0 2 3 0 0 1 0 2 0 1 1 0 1 1 2 0 0 1 0 0 0 0 0 1 1 1 1 0 0 0 1 0 0 1 1 0 0 0 3 1 0 1 1 1 1 1 2 4 0 2 5 1 0 1 2 6 1 1 0 1 0 0 0 2 0 0 0 0 1 0 0 0 2 1 1 2 0 0 1 0 0 0 1 0 0 1 1 0 0 1 2 1 1 0 0 1 0 2 1 1 0 3 0 2 2 1 0 1 2 2 1 0 3 0 1 1 2 1 0 0 1 1 0 0 1 1 2 0 0 0 0 2 2 1 1 2 1 1 1 0 2 2 1 1 0 1 1 4 1 3 0 4 1 2 1 1 2 1 0 0 3 0 3 0 1 0 2 0 2 2 2 1 1 1 1 2 1 1 0 0 0 2 1 1 2 0 0 0 1 0 1 1 0 0 1 1 2 0 2 1 2 3 0 1 0 0 1 1 2 0 0 0 0 0 1 1 4 1 2 1 1 0 0 4 0 2 1 0 0 2 4 1 1 3 1 0 2 1 0 1 0 1 3 1 3 3 1 1 2 4 1 2 1 1 0 1 2 0 2 0 2 0 1 0 2 0 0 1 0 0 0 2 2 0 1 2 2 0 0 2 1 0 1 2 0 2 0 1 0 0 0 1 2 1 1 0 0 0 1 1 0 2 2 1 1 2 0 0 1 1 2 2 2 0 1 1 0 1 1 0 0 0 0 0 2 0 0 2 1 1 0 2 1 0 0 1 0 1 0 1 1 0 0 0 0 2
Mean: 0.988
Varience: 1.05691
-------------------------------
Output1 for generation 1000:

Oceanic mean pheno: 6.32603
Freshwater mean pheno: -2.86688
2 1 3 2 0 0 1 0 0 2 0 1 1 1 3 0 1 2 2 1 0 0 1 2 3 0 0 1 2 2 0 0 0 0 0 1 2 1 0 1 0 1 2 1 2 0 0 1 5 0 0 0 0 0 2 1 0 3 1 0 1 2 1 0 0 3 2 0 1 1 1 0 0 1 0 1 1 1 0 2 2 0 0 1 0 0 1 0 0 4 1 0 3 1 1 1 1 0 0 0 3 1 2 1 0 2 1 0 1 0 3 2 2 4 4 1 0 2 1 0 2 1 1 0 2 2 1 1 2 1 0 2 1 0 1 0 0 0 2 1 2 2 1 1 1 1 0 1 1 0 1 1 1 0 0 1 0 2 2 2 2 0 1 1 1 0 1 1 0 0 0 1 2 0 0 2 1 0 1 3 1 0 1 1 0 2 1 0 2 2 0 0 2 0 1 2 1 2 2 1 1 0 0 0 2 1 1 0 1 3 0 2 0 2 0 0 0 2 1 2 3 1 0 0 1 1 0 1 2 0 2 2 4 3 0 0 1 1 2 0 2 1 0 2 1 0 0 0 0 1 0 2 0 0 3 2 2 1 0 3 5 4 1 0 1 0 0 1 2 0 1 1 2 2 2 3 2 0 2 2 3 2 1 2 1 0 0 1 0 1 0 3 3 1 1 0 1 0 3 2 0 0 2 1 3 2 2 0 1 0 4 0 0 2 0 2 0 1 2 2 1 1 0 1 2 1 0 0 2 0 1 0 0 1 0 1 0 1 0 0 2 0 3 0 3 0 2 0 0 3 1 1 0 1 1 1 0 0 1 3 2 1 1 0 1 1 1 0 2 1 1 2 0 3 0 0 1 1 3 0 0 2 0 0 2 0 1 0 3 1 1 3 1 2 1 1 0 1 1 3 1 0 0 1 2 1 0 1 1 1 0 1 0 2 0 1 1 0 3 1 1 0 3 0 0 0 1 0 2 2 2 1 1 2 0 5 1 1 1 1 0 3 0 2 1 3 0 2 0 1 0 0 0 1 1 2 0 1 2 2 0 1 1 4 3 0 0 3 3 1 1 1 0 1 0 0 3 2 2 1 2 1 1 2 2 1 0 0 1 1 0 3 1 0 1 2 0 0 1 1 4 1 2 0 0 0 1 2 0 1 0 0 3 1 2 1 0 1 1 4 2 1 4 1 1 1 2 2 2 2 0 1 1 2 4 2 1 1 1 0 0 0 1 1 0 1 0 1 2 3 2 0 1 1 2 0 2 2 0 0 2 0 0 0 0 1 4 0 1 3 0 1 0 2 1 1 1 3 2 0 1 0 2 2 1 1 2 1 1 2 1 1 1 1 0 1 1 2 0 1 0 2 0 0 0 0 0 0 2 2 1 2 0 3 0 1 0 4 0 0 1 1 0 2 2 3 1 1 2 1 2 1 2 2 1 1 0 1 2 0 0 1 1 0 2 0 1 1 1 2 0 2 0 1 1 2 0 1 0 0 0 1 0 2 2 0 0 0 2 1 0 2 2 0 0 3 2 0 0 0 0 1 0 0 2 1 1 1 0 0 2 1 1 3 0 2 2 2 0 1 0 1 0 3 2 0 2 1 0 3 1 1 0 2 0 0 1 3 1 0 1 1 2 1 0 0 3 0 0 2 0 1 0 0 2 1 1 1 2 1 0 0 0 1 2 2 1 0 0 1 0 3 1 2 0 0 0 3 1 1 1 1 2 1 2 0 1 1 1 2 1 1 2 1 0 0 0 1 2 2 1 1 0 0 1 3 1 1 1 3 2 1 2 1 0 1 1 2 0 1 2 2 1 1 2 3 1 1 1 0 0 2 1 0 2 0 2 0 2 0 2 1 1 1 1 1 0 2 1 3 1 1 0 1 0 1 0 1 2 0 1 1 1 0 0 2 0 3 1 3 3 0 0 1 4 0 1 1 0 0 2 2 1 1 0 1 0 0 1 0 5 1 1 2 0 0 0 3 1 3 0 0 0 2 2 0 0 2 1 1 1 1 1 3 1 2 1 0 1 2 2 1 3 1 0 2 2 1 1 0 2 1 2 1 2 1 1 0 2 0 1 0 0 0 0 3 2 0 2 1 3 1 1 3 1 1 0 1 2 1 1 1 0 1 0 0 1 2 0 1 1 0 1 1 0 3 3 2 0 1 0 0 1 3 0 2 1 1 1 0 0 1 1 1 1 0 0 0 3 0 1 1 0 1 0 2 0 1 2 1 1 1 1 1 0 0 1 1 0 3
Mean: 1.057
Varience: 1.01877
-------------------------------
Output1 for generation 1100:

Oceanic mean pheno: 6.28167
Freshwater mean pheno: -3.23003
0 1 3 2 0 0 3 0 1 1 0 0 0 0 0 0 1 2 0 1 0 0 0 3 3 0 0 0 0 1 0 0 1 0 0 2 1 1 1 1 2 2 2 0 1 1 0 0 1 0 0 1 1 1 0 1 0 2 4 0 1 3 1 1 1 2 2 0 2 0 1 0 0 1 0 1 4 2 1 0 0 0 1 0 1 0 1 1 1 2 3 1 4 0 0 0 0 2 0 1 1 0 0 1 1 1 1 1 1 0 1 1 2 2 1 1 1 1 1 0 2 1 2 0 3 1 0 2 1 0 1 0 1 0 0 0 0 1 1 3 2 2 0 1 2 2 0 1 0 1 2 1 0 1 1 0 2 2 2 2 0 0 1 1 0 0 1 1 0 1 1 1 3 1 0 1 1 1 1 1 1 1 1 5 0 0 0 0 2 0 0 3 0 1 2 2 1 1 2 1 1 1 2 0 0 1 4 0 2 2 1 0 1 0 0 1 0 1 2 1 2 1 1 1 2 1 1 2 0 0 1 2 2 2 0 0 0 3 2 0 2 1 0 1 0 1 1 0 0 2 0 1 0 0 1 2 1 1 1 0 5 4 0 1 2 1 0 1 0 0 0 1 1 0 0 3 1 1 0 2 1 1 0 1 2 0 1 1 2 0 1 3 2 0 1 1 0 1 1 1 0 1 2 0 1 3 2 0 2 1 3 0 0 1 0 1 0 1 0 1 1 0 0 2 2 0 1 1 0 1 0 0 0 3 0 1 0 1 1 1 1 0 1 0 1 1 0 2 1 0 1 0 0 2 1 1 0 2 0 2 1 1 1 0 1 0 0 1 3 2 2 1 1 2 0 0 2 0 4 0 0 1 0 0 1 0 0 0 1 3 2 0 0 0 0 0 0 1 2 1 0 1 2 0 2 1 0 2 2 3 1 0 0 2 2 2 1 1 3 1 0 0 2 2 3 0 2 1 1 0 0 2 2 1 0 5 1 1 2 0 2 3 2 1 1 4 2 0 2 1 0 0 0 1 1 2 0 1 0 3 0 3 2 2 2 0 0 3 3 0 1 1 0 2 1 2 2 0 2 0 3 1 0 1 0 2 1 1 2 1 0 0 0 0 2 1 1 0 2 1 2 1 0 1 2 0 1 2 1 0 1 1 0 3 1 3 0 1 0 4 0 1 2 1 1 2 1 0 1 2 0 1 1 0 1 0 1 3 0 1 0 0 0 2 0 2 1 0 3 2 2 1 0 2 2 1 1 1 0 0 1 3 1 3 1 2 2 0 0 2 1 4 1 3 1 3 1 1 2 1 1 1 1 2 2 3 1 1 2 2 2 2 1 1 2 0 0 1 0 1 0 2 3 1 0 2 0 0 2 2 1 2 1 0 0 1 0 3 1 0 2 1 0 0 1 1 1 1 2 1 0 1 0 2 1 2 1 2 2 1 0 0 2 0 2 0 0 0 0 2 0 1 0 1 0 1 2 1 1 0 0 1 1 1 2 1 0 0 1 1 1 2 0 1 0 1 1 0 1 0 0 0 0 0 2 0 2 0 1 0 1 4 2 2 0 1 2 0 0 0 0 1 0 1 1 1 1 1 1 1 0 1 0 3 2 1 0 1 0 0 2 2 1 0 0 2 2 1 1 1 0 2 1 0 0 0 2 1 1 1 0 0 0 1 2 2 3 1 1 0 0 1 1 1 0 0 0 2 2 2 0 1 1 1 1 0 1 1 2 1 2 1 1 0 1 1 1 0 1 2 2 0 2 1 1 1 1 1 1 2 2 1 1 2 0 0 1 0 0 1 3 4 1 1 0 2 0 3 1 0 0 1 1 2 0 1 2 2 1 0 2 0 1 2 1 1 0 2 0 1 0 1 0 2 1 0 0 2 0 0 2 1 2 0 0 1 0 0 0 3 4 0 1 1 2 0 1 1 1 0 2 0 1 0 0 0 1 0 0 1 6 1 0 0 1 2 1 2 1 2 0 2 0 2 1 0 1 3 1 0 1 2 2 3 0 0 3 2 4 2 2 4 1 3 1 1 2 2 2 1 2 0 4 2 2 2 0 1 1 0 1 0 0 1 0 4 0 1 2 2 0 0 0 4 1 1 0 0 0 3 1 1 3 0 0 0 2 1 1 1 0 1 2 1 1 2 2 2 0 1 0 0 1 0 0 3 1 1 1 0 2 2 1 3 0 1 2 0 1 0 2 1 3 1 0 2 1 0 2 0 0 2 2 1 0 0 1 0 0 2
Mean: 1.025
Varience: 0.991366
-------------------------------
Output1 for generation 1200:

Oceanic mean pheno: 6.39389
Freshwater mean pheno: -4.06785
0 0 2 2 0 0 1 1 1 1 0 0 1 1 0 0 2 3 1 3 0 1 0 1 2 0 0 1 1 3 1 0 0 2 0 1 1 1 2 2 2 2 2 3 0 2 0 1 1 0 1 0 0 0 1 1 1 4 1 0 1 0 2 1 1 1 3 0 0 2 0 1 1 0 1 2 0 1 2 2 0 1 1 1 0 3 1 1 0 1 1 0 2 2 1 1 3 0 1 0 1 0 0 1 1 0 0 1 0 1 1 1 0 0 2 0 1 0 1 0 2 0 2 1 1 1 1 2 1 0 1 1 1 2 0 0 0 2 4 3 4 3 1 0 0 0 1 2 2 2 0 1 0 0 1 2 0 2 0 2 1 0 1 0 2 1 2 1 0 0 1 3 1 1 1 1 1 2 1 2 2 2 0 2 2 2 2 0 2 0 0 4 1 0 0 2 0 1 2 2 1 1 1 0 0 2 3 0 2 1 0 0 2 0 0 1 1 3 2 1 2 0 2 1 1 2 0 1 3 2 0 2 4 3 1 1 1 1 2 1 2 1 0 1 0 0 0 1 0 2 1 2 0 1 0 2 0 3 0 0 4 3 2 2 2 2 0 1 0 0 0 2 2 1 1 1 1 0 1 2 2 1 0 2 1 1 0 1 1 1 2 1 2 2 1 1 0 1 1 1 1 0 1 0 2 4 3 1 0 1 2 0 0 1 0 0 0 1 1 1 2 0 0 2 1 0 0 2 0 0 0 0 0 0 1 0 1 2 1 2 2 1 1 0 1 1 1 0 2 0 0 1 1 1 3 4 1 2 1 2 0 0 1 1 1 1 0 0 3 1 0 1 1 1 0 1 2 2 4 0 1 1 1 0 4 1 0 0 1 1 0 0 2 0 1 0 0 1 0 0 1 2 2 0 0 0 0 2 2 1 1 0 2 1 1 2 3 2 2 0 0 0 2 3 1 0 2 0 2 1 0 1 1 1 1 3 1 1 3 2 0 2 0 2 1 3 1 0 5 1 1 1 1 1 1 2 1 2 0 1 1 2 0 0 3 1 0 2 5 0 1 1 0 0 1 1 3 2 1 0 1 0 2 1 1 0 0 1 2 3 0 0 1 0 2 0 0 1 1 1 2 2 1 0 2 0 1 2 2 2 0 1 0 1 1 1 0 1 1 1 0 3 2 2 1 0 1 0 1 2 1 0 1 0 2 1 1 3 1 1 1 0 0 2 0 2 1 0 1 2 1 0 1 2 1 0 0 1 0 1 0 0 1 1 0 2 1 0 0 0 0 2 1 2 0 2 2 2 1 1 0 3 0 4 1 3 2 2 2 2 3 1 0 1 1 0 0 2 0 0 1 0 0 0 1 0 0 0 1 1 1 1 2 1 1 2 1 4 2 0 0 2 0 1 2 0 3 1 2 1 0 0 1 2 1 0 2 0 1 1 0 0 2 0 1 0 1 0 1 1 3 2 0 2 1 1 2 1 1 1 0 0 2 1 2 1 0 0 2 0 0 1 0 0 0 1 0 0 4 2 0 0 0 0 2 2 0 1 0 2 0 2 1 3 0 4 1 0 0 0 0 2 0 3 2 0 1 2 0 2 2 1 1 1 2 2 1 2 0 0 1 1 2 0 0 2 2 0 2 1 0 0 0 0 0 1 1 1 0 0 1 0 0 1 2 4 1 1 1 0 0 1 0 0 1 1 0 2 2 1 0 2 2 2 1 0 1 1 2 0 1 1 1 0 2 0 1 3 0 1 2 3 0 1 1 1 1 3 1 3 3 1 0 1 0 1 2 0 1 0 2 2 2 2 1 2 0 1 1 0 0 2 0 2 0 1 1 2 0 1 2 2 2 0 0 2 2 1 2 1 0 2 0 1 0 3 1 1 0 1 1 1 2 0 1 0 0 1 0 2 3 3 0 0 3 2 0 0 0 0 5 0 1 2 1 1 0 0 0 2 4 2 2 1 3 1 0 0 1 3 1 1 3 2 0 0 1 1 2 0 2 1 0 2 0 0 2 0 3 1 0 2 3 1 3 1 2 2 1 1 2 0 4 4 2 1 1 1 0 1 1 0 1 1 1 2 0 2 1 1 0 0 2 1 3 1 1 0 0 2 0 1 0 0 0 0 0 2 3 0 0 1 1 0 1 2 1 0 0 2 1 0 0 2 0 1 1 1 1 0 2 3 4 1 0 0 1 0 2 0 2 0 1 0 1 2 0 1 0 1 0 1 1 2 0 0 1 1 0 2
Mean: 1.05
Varience: 0.998498
-------------------------------
Output1 for generation 1300:

Oceanic mean pheno: 6.69594
Freshwater mean pheno: -4.70474
1 0 3 3 0 0 0 1 1 0 1 1 0 1 0 1 0 1 2 2 1 1 1 2 1 2 2 0 0 0 1 1 0 3 1 1 1 2 1 1 2 1 1 0 0 2 3 1 2 0 0 0 2 0 0 2 2 2 1 1 2 1 0 2 2 1 1 0 1 0 3 0 1 1 0 1 2 1 0 3 1 0 0 1 0 2 2 2 1 1 2 0 1 0 0 0 1 0 0 1 3 0 1 0 0 1 1 2 1 1 1 3 1 0 0 1 0 0 1 1 1 1 2 1 1 0 0 0 0 1 1 1 1 0 0 1 0 0 3 0 1 1 1 0 1 1 0 3 0 2 0 0 4 0 0 1 0 3 1 4 1 1 1 1 1 2 3 0 1 0 1 1 2 1 1 2 1 2 3 1 1 0 0 1 0 1 2 1 2 1 0 2 0 0 0 1 1 3 0 1 3 1 3 1 0 1 2 0 1 0 1 1 1 1 0 2 0 1 2 1 5 0 2 1 1 2 1 5 1 0 0 3 2 2 2 1 1 1 2 0 2 2 1 1 1 1 1 0 0 2 1 1 0 0 1 1 0 2 1 2 6 4 1 1 3 0 0 1 2 0 2 1 2 1 3 1 1 0 2 1 0 1 1 1 0 0 0 1 1 0 0 3 2 1 2 2 0 0 3 1 1 0 0 1 1 2 1 2 0 2 3 0 2 1 1 1 0 1 1 2 1 1 0 0 0 0 0 1 0 0 0 0 0 0 0 0 3 2 0 2 2 1 1 0 0 0 1 0 0 3 0 0 0 0 0 3 0 1 1 1 2 0 2 0 4 1 0 0 5 1 1 2 0 1 1 2 3 1 2 0 0 0 0 0 1 0 1 0 1 1 2 1 0 0 0 0 1 1 1 2 1 1 3 0 2 2 3 3 1 2 1 1 1 2 1 2 3 2 3 1 0 0 2 2 0 0 1 1 0 1 0 1 0 1 2 3 1 1 2 2 1 1 1 1 0 4 1 3 0 1 2 0 0 0 1 2 1 0 0 0 1 1 0 0 3 0 2 3 1 0 3 0 1 0 0 0 4 1 1 0 1 0 0 1 0 0 0 0 2 3 0 1 1 0 2 0 0 0 0 2 2 1 1 0 2 0 2 1 2 0 0 1 1 3 0 1 0 0 1 3 0 2 2 2 2 0 0 1 3 1 0 2 0 0 1 1 0 3 1 0 1 0 0 1 0 5 3 2 2 2 2 0 2 1 1 0 0 0 1 1 0 0 0 0 0 2 2 1 2 0 0 2 0 1 0 1 1 0 1 1 0 1 1 1 1 0 1 1 1 2 0 1 2 2 0 1 0 0 0 0 2 0 2 0 1 1 1 0 1 2 2 2 1 1 0 0 0 3 3 0 0 4 1 0 2 0 2 2 1 1 0 1 1 0 1 0 1 0 1 0 1 1 1 0 1 0 0 1 1 1 0 0 0 2 0 2 1 1 0 2 0 0 2 0 2 1 0 1 1 0 0 3 1 0 1 1 0 0 4 0 1 0 2 0 2 3 2 1 1 1 0 0 1 2 2 2 1 0 0 0 1 1 0 0 4 2 0 2 1 1 1 3 1 0 1 0 4 2 1 0 1 0 1 1 2 1 2 3 0 1 0 0 1 0 0 1 2 1 0 1 1 0 1 0 2 4 1 2 1 2 3 0 0 0 1 0 0 2 2 0 0 0 1 2 2 1 2 1 1 2 2 1 0 0 1 0 0 0 0 1 1 0 1 1 2 0 1 3 2 0 1 0 1 0 2 0 1 1 1 0 3 2 2 2 2 1 0 1 1 0 0 1 0 0 0 2 1 2 2 1 3 4 1 1 1 3 0 2 1 1 1 1 1 0 1 0 0 0 1 0 1 0 2 0 2 0 0 1 0 3 4 0 0 0 1 1 1 0 0 0 1 1 0 1 1 1 2 1 0 1 6 1 1 1 2 1 2 0 2 2 1 2 1 3 0 0 1 1 2 1 0 1 0 2 1 2 1 0 3 2 1 1 1 1 0 1 2 3 2 3 1 1 4 3 2 1 0 2 0 1 0 0 1 2 1 2 0 2 2 1 0 1 3 1 2 1 2 0 0 3 1 0 1 1 0 0 1 5 0 1 1 1 2 0 2 2 1 0 0 0 1 0 2 1 0 1 2 0 1 0 1 3 2 1 1 1 2 0 5 0 0 1 0 0 0 1 0 0 0 0 0 0 1 2 1 1 2 1 1 2
Mean: 1.026
Varience: 1.06038
-------------------------------
Output1 for generation 1400:

Oceanic mean pheno: 6.79149
Freshwater mean pheno: -5.15207
1 0 2 2 1 0 0 0 1 2 2 0 0 1 1 0 1 1 0 1 1 1 2 0 1 0 1 1 0 1 0 0 1 3 0 1 1 2 1 0 1 3 2 1 0 1 1 2 1 1 1 0 2 0 1 2 1 2 2 0 2 1 0 2 1 1 1 1 0 0 0 0 1 0 0 0 0 1 1 0 0 0 0 2 0 2 0 2 0 1 2 1 2 3 0 0 2 0 1 0 2 0 0 0 0 0 1 3 0 0 1 1 1 0 2 3 1 0 0 0 4 0 1 0 1 0 0 0 0 0 1 1 0 1 0 1 0 0 3 1 2 2 1 0 1 1 0 2 0 1 0 0 0 0 0 0 0 0 3 2 1 2 2 2 1 0 1 1 0 0 1 2 1 0 1 4 2 2 2 4 0 2 2 1 0 2 2 1 3 0 0 0 0 0 0 2 1 0 0 0 0 1 0 0 0 1 4 1 0 0 0 0 2 2 2 3 2 2 2 1 4 0 1 0 3 3 1 1 2 0 0 1 2 1 2 0 0 0 2 0 2 3 1 3 0 0 2 2 1 0 0 1 0 1 0 1 0 2 2 4 4 3 0 0 4 1 0 2 2 0 2 2 2 0 2 1 3 0 1 1 0 0 2 1 0 0 1 1 2 0 0 2 3 1 2 2 0 1 3 0 1 0 3 0 2 2 1 1 0 1 1 1 2 0 2 1 0 2 1 1 0 0 1 1 0 1 3 1 0 0 1 1 0 1 0 2 1 1 1 0 1 0 0 0 0 0 0 1 1 1 1 0 0 2 1 1 0 0 1 4 2 1 1 0 2 0 0 2 4 2 1 2 0 2 0 0 2 1 2 1 0 0 0 0 1 2 2 0 1 1 0 1 0 1 0 0 0 2 0 1 0 2 3 0 0 1 2 0 1 1 1 0 1 2 0 2 4 2 1 1 2 2 2 1 0 1 2 0 0 2 1 1 1 1 1 2 1 1 3 2 0 2 1 1 0 2 3 0 0 1 0 0 1 0 1 3 2 0 2 0 1 1 0 1 1 2 2 3 1 0 0 0 0 1 0 0 2 1 2 0 1 0 0 2 1 1 0 0 0 2 1 0 1 1 2 1 1 0 0 2 2 2 2 2 2 0 2 1 3 2 1 1 0 2 1 1 0 0 0 2 0 0 2 1 1 0 0 1 3 1 2 0 1 0 1 1 2 1 0 1 0 3 2 0 1 3 0 0 1 2 2 0 2 1 1 0 0 0 0 0 1 0 0 2 0 1 1 0 0 1 1 3 0 0 1 0 3 0 1 2 0 0 0 2 0 2 2 1 1 1 0 1 0 1 1 1 0 0 0 3 1 0 2 2 2 1 2 0 1 3 2 1 2 1 0 0 1 2 2 0 5 3 1 1 1 0 2 0 2 2 2 0 2 1 1 1 1 0 1 0 1 1 1 0 1 0 1 1 2 1 1 0 1 1 1 1 2 1 0 1 0 0 3 0 1 1 1 0 1 3 2 2 2 0 1 2 0 0 3 1 1 0 4 0 1 0 1 0 1 2 1 0 2 1 1 0 3 0 0 2 0 4 0 2 1 1 1 1 1 1 1 5 0 0 0 0 1 0 0 3 3 0 2 0 2 2 3 1 0 1 1 1 2 1 0 0 2 0 2 2 1 0 0 0 2 4 1 3 2 1 2 1 3 1 0 1 3 3 2 1 1 0 2 4 3 0 1 0 2 2 1 1 1 0 0 2 1 0 1 1 2 0 2 1 3 2 1 3 3 2 3 1 0 0 2 1 3 2 0 1 1 3 1 1 1 0 0 1 1 0 0 1 2 1 1 1 2 0 0 2 2 3 0 2 2 2 3 3 0 2 0 1 1 2 0 6 2 0 0 1 0 0 2 0 1 0 1 1 0 2 1 1 0 2 2 0 0 0 0 2 0 2 2 0 0 0 1 1 2 2 4 2 1 0 2 1 1 2 0 3 0 0 0 3 1 0 1 2 0 1 0 2 1 1 0 0 2 1 1 3 0 2 2 1 0 3 1 2 2 2 0 1 3 2 3 0 0 0 0 0 1 1 0 0 2 2 0 2 1 1 0 0 1 1 4 0 1 0 2 1 2 0 1 2 1 0 2 1 0 2 1 3 1 0 1 1 4 0 2 1 2 1 0 1 0 1 1 1 0 0 0 2 1 1 1 0 2 1 4 1 1 0 1 1 0 3 1 0 1 1 0 0 0 1 4 2 1 0 0 2
Mean: 1.048
Varience: 1.06476
-------------------------------
Output1 for generation 1500:

Oceanic mean pheno: 6.92222
Freshwater mean pheno: -5.36561
0 0 2 3 0 1 0 1 1 2 2 0 0 0 0 0 0 1 2 1 0 0 2 0 1 0 1 2 1 0 2 0 1 2 1 1 1 2 1 0 2 2 1 0 0 1 1 1 1 2 0 1 1 0 1 2 0 3 0 2 1 2 1 3 1 2 1 0 0 0 0 2 3 0 2 0 0 1 2 1 1 1 4 3 2 0 0 0 1 4 1 0 1 5 0 0 1 0 0 0 3 0 0 0 1 0 1 0 1 0 3 2 0 0 0 1 1 1 0 0 3 0 2 0 2 2 1 2 1 2 2 1 2 0 1 1 0 1 3 1 2 1 0 1 1 1 0 1 2 1 1 2 1 1 0 1 1 1 2 3 2 1 1 2 0 3 1 0 1 0 2 2 1 1 1 5 1 1 0 2 1 1 2 3 0 1 1 0 2 1 0 1 2 2 0 1 2 1 0 1 0 2 0 0 0 0 3 0 1 1 0 0 0 1 0 1 0 1 4 1 5 0 3 0 1 1 1 1 0 1 0 2 2 2 1 0 0 0 3 0 2 2 0 2 0 1 2 0 1 1 2 1 2 0 2 3 0 4 0 1 4 3 0 2 2 0 1 1 1 2 1 1 1 1 1 2 2 1 1 0 0 2 0 2 0 1 1 1 2 1 1 1 2 0 2 1 2 0 1 0 2 0 1 0 1 2 2 1 0 1 0 0 0 0 3 0 0 1 0 2 1 0 1 1 0 1 1 1 0 0 2 1 0 0 1 1 2 1 1 1 2 1 2 2 1 2 0 1 0 0 0 2 1 1 1 1 1 0 0 1 3 1 2 0 4 0 0 2 2 0 3 1 1 2 0 1 2 3 2 0 2 1 1 1 1 2 0 1 1 1 2 1 1 1 0 1 0 2 0 1 2 0 2 1 0 0 1 2 0 0 0 1 1 2 0 2 3 1 2 0 1 1 4 0 1 0 2 1 0 0 2 2 2 1 0 2 2 1 2 1 0 3 1 2 0 1 0 3 1 1 1 0 1 0 0 3 0 0 1 0 1 2 1 1 3 1 0 2 3 0 1 0 0 2 1 1 3 0 0 1 1 1 1 1 1 0 1 1 1 3 1 0 2 0 2 0 1 2 0 1 6 1 3 3 1 0 0 1 0 0 0 2 1 1 0 1 1 0 1 2 0 2 1 1 1 1 1 1 3 1 1 0 3 0 0 0 0 1 0 1 2 2 2 1 3 0 0 0 2 0 2 1 5 2 2 0 0 0 3 0 0 1 2 1 1 2 1 0 0 2 0 2 2 1 0 0 1 1 1 1 0 0 0 2 0 0 1 1 2 3 1 1 1 2 1 1 1 0 0 2 2 2 3 2 0 1 0 1 2 1 1 3 2 2 0 0 2 2 0 0 2 4 0 1 1 1 2 0 0 1 0 2 1 2 3 1 2 1 4 1 2 0 1 0 1 0 0 1 1 1 2 0 3 1 2 3 1 0 0 1 0 0 3 0 3 1 2 0 0 1 4 1 2 2 1 1 1 0 5 0 2 3 1 0 1 0 3 2 1 2 1 1 1 1 1 0 1 1 1 1 0 0 0 1 2 2 1 1 2 3 2 3 1 0 0 0 0 0 0 1 3 0 1 1 0 1 1 0 1 2 0 0 0 3 2 0 2 1 1 1 0 0 0 0 3 3 1 1 1 2 2 0 0 1 3 0 0 2 2 0 1 2 1 1 4 0 1 1 1 1 1 1 1 1 0 0 0 0 0 1 1 1 1 0 4 3 2 2 2 1 2 1 0 1 1 0 1 0 1 3 0 0 1 2 0 0 1 3 1 0 3 0 0 1 0 0 3 1 2 0 2 3 0 0 1 3 1 1 0 1 0 3 1 0 0 3 1 1 0 0 0 0 4 0 1 1 2 0 0 2 1 0 1 1 1 0 1 1 2 1 1 1 1 0 1 0 2 2 2 3 2 1 1 2 2 2 2 3 0 3 1 1 0 1 0 0 1 1 0 1 2 3 1 2 0 1 1 0 4 2 0 2 1 1 3 1 1 1 0 2 1 0 4 2 2 0 1 0 1 1 1 0 0 0 4 1 0 1 0 1 0 0 1 1 2 2 0 0 1 1 0 3 1 1 0 0 1 1 1 0 1 0 0 2 2 0 2 1 2 0 0 0 0 0 1 3 1 1 0 1 0 2 1 0 3 0 1 2 4 1 2 0 1 0 0 3 1 1 0 1 1 0 1 1 1 2 3 4 0 2
Mean: 1.083
Varience: 1.07118
-------------------------------
Output1 for generation 1600:

Oceanic mean pheno: 7.34808
Freshwater mean pheno: -5.67995
0 1 1 2 0 0 2 1 1 2 2 0 0 0 0 1 0 1 1 3 0 0 0 0 3 0 0 1 2 2 0 0 2 1 0 2 0 4 2 1 1 3 4 0 0 2 0 0 0 0 0 1 0 0 0 3 3 1 0 1 2 2 0 1 2 1 1 0 0 1 0 0 1 0 0 1 0 2 1 0 0 1 1 3 0 1 0 3 0 1 3 1 1 2 1 0 1 0 1 0 3 0 0 0 0 2 1 2 0 0 2 2 1 2 0 0 1 0 2 0 1 0 3 0 3 1 0 2 1 2 1 0 1 0 0 1 0 1 2 1 0 1 1 0 0 0 0 1 0 0 1 2 0 1 1 1 1 1 2 3 1 2 1 2 1 0 2 0 0 0 1 2 0 0 2 4 2 2 2 3 2 0 1 1 0 2 0 1 2 0 0 0 1 1 0 2 0 1 0 0 1 1 2 0 0 1 3 0 2 0 0 0 0 2 1 1 1 2 4 1 3 3 1 0 1 1 2 2 0 1 1 2 2 2 2 0 3 1 1 1 6 2 1 2 2 3 1 1 0 0 0 1 0 0 3 2 0 2 1 2 5 3 1 1 1 0 0 2 0 1 1 2 3 0 2 1 2 1 0 0 0 1 1 1 0 0 0 2 1 2 0 2 4 0 1 1 2 0 2 0 5 0 1 1 1 2 1 1 2 0 1 2 1 0 1 0 0 2 0 1 2 1 2 1 0 1 1 1 0 1 0 0 0 1 0 2 2 1 1 1 0 0 1 2 1 1 2 0 1 0 1 0 1 3 1 1 1 0 0 1 2 2 0 0 3 0 0 3 2 1 0 1 0 2 0 1 3 3 2 0 1 2 0 0 2 0 0 0 0 2 1 1 2 1 0 0 2 1 0 0 2 1 2 0 1 1 1 0 0 0 0 1 1 1 2 2 2 2 1 0 0 1 2 1 1 0 3 2 0 2 1 3 1 1 0 1 3 2 3 2 0 1 2 2 0 1 1 0 0 0 3 0 1 0 0 2 0 0 0 0 0 2 0 0 2 1 2 2 4 0 0 0 0 2 1 0 2 1 1 1 1 1 0 0 0 2 1 0 1 2 0 0 3 1 1 0 0 1 1 2 3 1 1 1 0 0 1 1 0 2 0 2 0 2 0 1 1 2 1 5 0 1 3 1 1 1 2 0 5 2 3 1 2 0 0 0 0 2 0 1 0 0 1 0 5 2 1 0 3 2 2 0 3 2 2 0 2 0 1 1 0 0 1 2 0 0 0 0 1 1 0 3 2 0 0 0 2 1 1 0 1 0 0 3 2 1 2 1 0 1 1 0 1 4 1 1 0 0 1 1 1 1 2 0 1 1 2 2 3 2 1 3 2 1 1 0 0 2 0 0 2 3 2 1 2 0 4 0 1 1 0 1 1 2 2 0 1 0 2 1 0 1 0 0 1 0 0 1 0 1 1 0 1 0 1 3 2 0 1 1 1 0 3 0 2 2 0 0 1 1 2 1 2 3 1 1 4 1 4 1 0 0 3 1 2 1 0 0 1 0 0 0 2 1 0 1 1 0 2 2 2 0 0 1 1 1 0 1 1 2 2 2 0 1 0 0 0 1 0 2 1 2 3 1 1 2 2 3 1 5 0 0 1 1 1 0 1 0 2 2 0 1 0 0 2 3 1 2 2 3 1 1 1 1 1 0 0 2 1 0 3 3 1 1 2 1 2 0 3 1 2 1 0 0 0 1 2 2 1 3 2 1 1 1 3 2 2 2 3 0 3 0 0 1 2 0 0 0 0 2 0 1 2 3 1 2 1 0 2 0 1 1 1 1 0 1 2 0 0 0 3 3 0 0 1 2 0 1 0 3 1 1 2 0 0 1 1 0 1 0 2 1 2 1 2 0 2 0 0 2 1 2 1 1 2 0 1 0 2 0 1 1 1 0 2 0 2 1 4 2 2 1 0 3 2 0 1 1 1 3 0 1 0 2 0 1 2 1 0 1 1 3 1 1 0 0 3 2 2 2 1 1 1 0 1 1 1 1 1 3 3 1 4 3 2 0 1 0 0 1 0 0 0 0 3 1 0 0 1 2 1 0 2 2 2 0 1 0 0 4 1 2 2 1 1 0 2 1 0 0 1 2 0 2 1 0 1 0 2 2 1 0 1 0 1 2 1 0 0 1 1 1 0 0 1 1 1 1 5 0 1 0 1 0 1 5 0 1 0 0 1 0 1 2 1 0 1 1 0 3
Mean: 1.07
Varience: 1.11021
-------------------------------
Output1 for generation 1700:

Oceanic mean pheno: 7.282
Freshwater mean pheno: -5.70539
1 0 1 1 0 0 1 1 1 0 1 1 0 5 1 0 3 2 0 1 1 1 1 1 1 0 0 0 0 2 0 1 2 0 2 3 0 3 0 0 3 3 2 1 1 1 2 0 0 1 1 1 0 0 1 3 2 2 0 1 2 0 0 1 1 1 0 1 0 1 1 0 1 0 0 3 1 2 0 0 0 1 1 2 0 2 0 2 1 2 3 0 1 2 1 0 1 1 0 2 4 1 1 3 2 2 1 1 1 0 1 0 0 2 0 1 0 1 0 0 1 1 3 0 2 0 1 1 1 2 0 1 2 2 0 1 0 1 3 1 0 2 0 4 1 1 0 5 3 0 0 0 1 0 1 0 1 1 1 5 1 1 2 2 1 1 1 0 2 0 1 1 2 0 3 3 1 2 1 3 2 0 1 4 1 1 2 2 1 0 0 0 3 2 1 3 0 1 1 0 1 0 1 1 0 0 2 2 0 1 0 0 0 0 0 1 1 4 3 2 1 0 1 1 1 4 1 3 1 2 1 1 2 1 1 0 0 0 3 1 4 1 2 0 0 1 1 0 0 0 1 1 1 0 3 3 0 1 0 1 5 3 0 4 1 0 1 1 0 1 3 1 2 0 1 2 2 0 2 0 0 1 3 1 1 1 1 1 1 2 0 2 4 0 2 2 1 0 2 1 3 0 0 2 1 2 2 1 0 1 1 2 0 0 0 1 2 3 1 3 1 1 3 1 1 0 2 1 1 1 2 2 0 1 1 1 4 1 0 1 0 1 2 2 2 0 1 0 0 0 1 0 1 2 2 2 1 0 1 2 1 1 1 1 3 0 1 0 2 0 1 3 0 3 0 3 3 3 3 0 0 1 2 0 2 1 0 1 1 1 0 1 0 0 1 0 0 2 2 0 2 1 1 0 0 1 0 0 0 0 0 0 0 1 0 4 1 3 2 0 1 2 1 1 1 3 2 1 0 2 2 3 0 3 0 2 1 1 3 3 1 1 0 2 2 3 0 1 2 1 1 0 1 1 1 2 2 0 0 0 0 3 0 2 2 1 1 2 3 1 0 0 0 1 2 1 3 0 1 1 1 1 1 0 1 0 1 1 2 4 0 0 2 2 2 3 0 2 0 3 2 3 1 1 0 1 0 0 0 1 0 0 1 3 0 1 3 0 1 3 0 0 1 1 1 2 1 0 4 2 0 2 2 1 0 0 0 1 0 1 0 0 1 0 2 1 1 0 2 1 0 0 1 1 2 1 0 2 2 0 1 2 2 3 0 1 0 0 0 2 1 4 2 1 1 1 1 1 1 0 3 0 0 1 1 0 3 2 0 2 0 0 0 1 3 0 0 1 1 1 2 1 2 0 0 0 2 1 2 1 1 1 1 1 1 1 0 2 1 2 1 2 0 2 1 0 3 2 0 2 0 2 0 3 2 0 1 1 1 3 0 2 0 1 1 0 0 1 0 1 0 0 2 0 0 2 2 1 1 2 0 1 3 2 1 1 0 1 0 1 1 1 2 1 2 1 3 2 2 0 0 0 3 1 1 1 0 0 1 1 1 0 1 2 1 0 0 1 0 1 2 0 1 0 2 1 1 1 2 1 3 1 0 1 1 1 1 1 2 0 1 1 1 0 1 1 4 2 1 6 0 1 0 2 2 0 1 0 1 1 0 0 0 0 2 4 3 1 2 2 1 1 3 2 1 0 0 1 3 0 1 3 1 1 0 0 1 0 4 0 2 0 1 0 2 1 1 1 0 3 4 1 1 0 0 2 3 3 1 2 0 1 0 1 1 0 1 1 0 5 1 0 2 2 1 2 1 1 1 0 0 1 2 1 0 0 3 1 0 1 3 2 1 0 3 1 1 2 1 4 2 2 2 0 1 0 0 1 0 0 1 1 1 4 2 0 0 0 0 0 2 0 1 0 1 0 2 1 2 1 1 1 1 0 0 1 2 1 1 0 1 1 0 2 3 0 2 0 3 3 1 0 1 1 1 1 2 1 0 1 2 2 0 1 0 0 3 0 2 1 1 1 2 0 0 1 1 3 1 3 0 2 3 2 2 2 1 0 1 3 2 0 0 1 2 1 1 1 1 1 0 1 0 1 2 2 0 1 0 4 2 0 3 2 0 2 3 3 1 0 0 1 1 6 2 2 3 1 0 2 0 1 0 1 1 5 1 0 0 0 1 2 0 1 3 0 1 1 3 1 0 0 0 1 0 3 1 2 1 0 0 2 0 2 5 0 2 0 0 5
Mean: 1.14
Varience: 1.1956
-------------------------------
Output1 for generation 1800:

Oceanic mean pheno: 7.02846
Freshwater mean pheno: -5.87225
1 1 1 1 0 2 0 1 1 0 0 2 0 0 1 0 0 1 0 3 0 0 3 1 3 1 0 0 1 0 0 0 0 2 0 3 0 3 1 1 4 2 3 0 0 3 1 0 1 0 1 3 1 0 1 3 2 1 2 1 0 1 0 2 1 2 1 0 0 2 0 1 0 1 1 2 0 3 0 2 0 0 2 2 0 3 0 1 4 1 2 0 2 2 1 2 2 0 1 3 3 2 1 0 0 2 0 2 0 2 3 0 1 1 2 0 0 2 0 0 3 0 3 0 4 0 1 3 2 3 0 1 0 2 1 0 0 1 2 0 0 1 0 1 2 0 0 2 3 1 1 0 2 1 1 1 3 0 1 3 1 2 1 1 1 0 1 0 0 1 0 1 1 0 4 2 2 0 1 3 2 0 0 1 3 1 1 1 2 2 0 1 2 2 4 2 1 2 0 0 1 2 0 1 0 1 2 1 0 1 0 1 0 1 2 2 0 4 3 0 0 2 2 1 1 1 2 1 1 0 1 1 3 1 1 1 0 0 3 1 6 2 0 0 2 1 1 0 1 0 1 1 1 0 1 1 0 3 0 1 4 2 2 1 2 0 0 2 0 0 1 1 3 0 0 1 1 1 1 0 0 1 0 1 1 1 1 2 1 1 0 1 3 2 0 1 1 2 2 2 2 1 0 0 2 2 1 3 0 1 0 2 2 0 1 0 0 5 1 5 1 1 2 1 0 1 2 1 1 1 1 2 0 0 0 0 0 0 1 0 0 2 2 1 2 0 1 1 1 0 0 1 0 2 3 3 0 0 1 0 1 0 1 2 4 1 2 1 1 0 1 4 0 2 1 0 2 1 2 1 1 1 1 0 2 1 0 1 0 1 1 2 0 1 1 0 2 3 1 1 2 0 1 3 1 1 1 0 0 2 1 0 0 1 1 0 1 3 1 1 0 3 1 1 1 1 1 2 0 1 2 2 0 1 1 0 1 1 2 2 1 2 0 2 1 1 0 0 0 0 0 0 1 0 3 2 0 1 1 0 1 3 0 1 4 0 3 3 4 1 1 2 1 1 1 2 5 0 1 0 3 1 0 2 1 0 1 1 1 3 1 0 4 2 0 0 1 1 0 2 2 2 2 0 3 1 0 0 2 4 1 0 1 1 2 1 2 1 0 4 1 2 1 0 1 2 2 0 5 2 0 1 1 0 0 0 2 1 1 1 0 1 0 2 2 0 1 0 2 2 2 1 1 0 2 1 0 3 0 0 3 0 2 3 2 1 1 0 1 3 1 3 1 0 1 1 2 2 1 0 3 2 0 1 1 1 2 0 1 0 0 0 2 2 1 0 1 1 0 0 3 2 3 1 0 1 1 2 3 1 2 3 2 2 1 2 1 5 0 0 3 0 2 0 1 0 2 1 1 1 1 1 1 1 2 1 0 1 2 4 1 2 0 2 2 1 0 0 0 2 0 0 0 0 1 2 2 0 1 2 1 0 4 2 1 1 0 1 0 1 1 3 4 1 1 4 1 3 2 0 1 2 3 1 2 2 1 0 0 1 0 0 1 2 0 0 0 0 0 2 1 1 1 0 2 2 1 2 1 1 2 1 1 3 0 0 0 3 0 0 1 1 3 2 0 0 2 2 0 1 1 2 2 2 0 0 1 0 1 2 2 1 0 1 2 2 2 1 2 2 2 0 1 1 0 0 0 1 4 1 2 2 2 2 0 0 4 2 2 0 4 0 1 1 0 1 0 2 1 1 1 0 1 0 0 3 3 3 1 0 2 0 0 1 0 0 1 2 0 0 0 0 2 3 2 2 1 1 3 0 5 0 3 3 0 1 3 0 0 2 2 3 0 1 0 1 1 1 1 2 1 1 1 0 1 1 0 0 1 2 1 2 1 2 0 0 2 1 0 1 2 0 1 0 2 1 0 2 3 0 2 0 0 1 1 0 2 1 0 0 3 1 0 2 0 0 1 0 1 1 1 1 1 1 0 3 1 1 1 0 0 4 2 4 1 0 1 1 2 1 1 0 3 1 1 1 1 1 0 1 2 0 2 3 2 1 1 1 0 0 3 0 0 0 4 0 3 1 1 2 0 1 1 1 1 3 1 0 1 3 1 1 1 2 0 1 1 2 0 2 0 0 4 2 2 1 2 1 2 1 1 0 1 2 1 2 1 0 0 0 0 2 0 1 2 3 2 2 3 0 0 1 0 1 3 4 1 2 1 0 0 2 0 1 1 0 3 1 0 2
Mean: 1.161
Varience: 1.18226
-------------------------------
Output1 for generation 1900:

Oceanic mean pheno: 6.97773
Freshwater mean pheno: -5.75923
1 0 1 3 1 0 2 1 2 0 0 0 1 5 0 3 0 1 0 4 0 1 1 0 2 1 0 0 0 0 0 1 0 0 1 3 1 3 4 1 3 2 3 2 1 2 1 1 1 0 0 0 1 1 1 2 1 1 1 1 0 1 0 2 1 1 1 1 0 2 1 0 1 0 1 3 1 4 1 0 3 1 1 1 0 0 2 1 0 1 2 0 2 2 3 0 1 1 0 3 3 1 0 0 1 1 0 1 2 1 4 2 0 2 1 2 0 1 0 1 1 0 2 2 3 1 1 1 0 3 1 3 1 2 0 1 0 2 2 2 1 1 0 1 1 1 1 2 0 1 0 0 1 1 0 0 1 0 0 2 1 2 1 1 0 0 1 1 0 1 0 2 1 2 3 2 2 2 1 3 1 0 0 3 0 3 2 1 1 2 3 1 1 3 3 4 1 0 1 0 1 0 1 1 0 1 1 2 0 0 1 1 0 1 1 3 0 1 4 1 0 1 0 3 3 1 3 1 0 3 2 1 2 1 0 0 1 0 2 0 4 1 2 1 1 0 1 1 1 0 0 2 1 1 2 1 0 2 1 1 7 2 1 0 1 0 0 1 4 0 1 1 3 3 2 3 2 1 0 1 1 2 0 1 0 0 0 0 0 1 0 1 2 0 0 1 2 1 3 0 3 1 1 1 2 2 1 3 0 1 1 1 2 2 1 0 0 2 2 1 1 1 2 1 2 0 4 2 1 0 1 1 0 0 1 0 2 0 0 0 2 3 1 2 4 2 1 0 2 0 1 2 0 0 3 3 0 2 2 0 1 0 4 1 2 1 0 0 2 0 3 1 1 1 0 1 2 1 3 1 1 2 0 2 2 2 1 0 1 1 1 1 0 1 1 0 2 1 1 1 1 0 1 2 0 0 0 0 1 0 0 1 1 1 0 1 0 2 2 0 0 3 3 1 1 0 1 1 0 1 0 3 0 2 1 1 1 1 4 4 0 2 1 1 1 2 0 0 2 0 0 1 3 0 2 2 0 1 3 2 0 2 1 0 5 2 2 2 3 1 2 1 0 1 0 0 4 0 1 1 2 2 2 1 0 0 2 1 1 3 2 0 3 2 0 1 0 0 0 1 4 1 1 0 0 3 0 0 2 0 1 1 1 0 4 1 1 0 0 5 0 0 1 0 1 1 0 1 4 2 0 4 1 0 2 1 0 1 1 0 0 1 1 2 2 0 1 1 1 3 2 0 0 0 3 0 0 2 1 0 0 0 1 4 0 1 0 1 1 1 1 1 0 1 3 0 2 1 1 1 2 3 0 2 2 1 3 0 0 1 1 1 0 1 1 0 0 2 0 0 1 1 1 0 1 0 1 2 1 1 3 1 2 1 1 1 0 2 0 0 1 0 1 2 2 0 1 1 2 3 1 1 1 1 0 2 1 1 1 4 2 0 0 1 2 0 0 2 1 0 2 1 1 1 2 3 2 2 0 2 1 0 3 1 2 0 0 1 0 1 0 1 6 1 1 3 2 4 2 0 0 1 2 0 0 2 0 0 1 1 0 0 0 1 0 1 0 1 2 0 0 5 0 3 1 1 1 2 2 2 2 0 1 1 1 0 0 1 1 2 2 3 3 1 1 0 1 0 2 0 0 2 3 5 0 1 2 1 1 1 1 2 0 0 2 2 1 0 2 2 1 0 2 1 1 1 1 3 2 0 2 0 3 1 0 1 2 0 2 0 3 1 0 1 0 1 2 2 0 2 1 1 3 0 1 2 1 3 1 1 0 1 1 0 3 2 4 1 2 1 0 0 2 3 2 1 1 2 1 1 2 0 2 2 3 4 3 0 1 1 1 5 0 0 0 1 2 5 0 2 1 1 4 1 0 2 1 0 1 1 2 1 1 2 0 1 1 1 0 1 3 0 1 2 1 4 1 2 1 0 2 1 1 0 0 0 1 1 1 0 3 1 0 4 1 2 1 1 2 2 1 2 1 2 3 1 1 1 1 0 0 3 0 4 1 0 2 0 0 1 5 0 2 1 1 1 2 3 0 0 0 0 3 3 3 2 1 0 0 1 1 1 0 0 1 0 0 1 0 2 0 1 0 0 2 1 2 0 1 2 1 2 1 2 1 1 2 4 1 0 0 2 0 1 1 0 2 1 1 1 0 0 0 2 1 3 1 0 0 0 0 3 0 0 0 0 1 2 3 0 0 0 1 1 2 4 2 0 3 1 1 2 0 0 1 0 1 0 0 3
Mean: 1.171
Varience: 1.24901
-------------------------------
Output1 for generation 2000:

Oceanic mean pheno: 6.96599
Freshwater mean pheno: -6.17033
2 1 0 2 0 1 1 0 2 0 1 0 0 3 0 2 0 1 2 1 0 1 1 0 1 2 1 0 1 1 0 1 2 1 2 3 2 2 3 0 4 1 2 0 1 1 1 1 0 0 0 2 1 1 1 5 2 3 2 3 1 0 0 1 2 1 3 1 1 3 0 0 1 2 1 2 0 4 0 0 1 1 3 2 0 0 2 2 0 1 0 0 0 2 2 0 1 1 1 2 2 1 2 0 0 1 0 3 1 1 2 0 1 1 0 1 2 1 0 0 0 3 1 5 4 2 2 2 0 2 1 2 2 2 2 0 0 1 1 1 0 2 0 1 1 0 0 3 1 0 1 0 1 1 0 1 2 1 1 3 0 1 1 1 0 1 1 0 0 0 0 2 0 1 3 3 1 2 1 2 1 0 1 2 1 3 0 1 1 2 1 1 2 2 2 3 1 0 1 0 3 0 2 2 0 0 0 0 0 0 0 0 0 2 0 5 0 1 2 1 2 3 2 4 1 1 2 0 2 1 0 0 2 1 0 0 1 2 3 2 5 1 0 0 1 0 2 0 0 0 1 1 1 2 2 3 0 1 3 2 4 1 0 1 1 0 0 1 2 0 1 1 3 2 0 1 1 0 0 0 0 0 0 0 0 0 1 1 0 0 1 1 2 0 0 2 1 0 3 0 2 1 1 0 1 2 1 4 2 3 1 1 2 1 0 1 0 2 1 2 1 0 3 1 1 1 2 1 2 1 0 0 0 2 1 0 1 0 1 1 2 2 1 1 4 1 2 0 1 2 0 0 0 0 2 1 0 3 1 2 2 2 1 1 4 0 0 0 1 0 2 2 1 2 0 0 2 1 4 3 1 1 1 1 2 1 1 0 2 0 1 2 0 1 1 2 0 2 0 1 2 1 3 2 0 0 0 0 1 1 2 2 3 2 1 0 1 3 3 0 0 1 2 2 1 1 1 1 3 1 0 2 1 1 0 0 2 4 2 3 0 2 0 1 0 1 0 0 0 1 0 1 2 0 3 2 1 2 2 1 0 1 2 3 4 2 0 3 3 1 2 0 2 1 0 0 3 1 1 1 3 1 2 1 0 0 1 1 2 0 1 0 3 2 1 1 0 1 0 1 6 0 2 0 0 2 1 0 2 1 0 0 2 0 1 3 1 1 0 3 0 0 2 0 2 1 2 2 4 3 1 3 1 0 0 2 0 2 0 0 0 1 1 2 3 1 0 0 1 2 2 1 0 0 1 0 0 1 2 0 0 1 2 1 1 0 1 2 1 1 1 1 2 4 4 0 2 2 2 0 4 1 1 1 0 3 4 0 0 0 0 1 1 2 0 1 0 2 1 1 3 1 1 0 1 3 1 0 1 0 2 0 2 1 1 0 0 1 1 2 1 1 2 1 2 0 4 0 0 2 1 1 1 1 0 3 0 0 1 3 1 0 0 0 2 0 1 0 0 0 1 0 0 0 0 3 2 1 1 1 0 0 3 0 1 0 1 1 0 1 0 1 5 2 0 1 5 2 2 1 0 0 1 0 1 2 0 0 0 2 1 0 0 4 0 3 0 1 1 0 0 3 0 1 3 1 0 1 1 1 0 2 2 1 1 0 0 2 1 0 2 1 2 0 2 0 2 1 1 1 0 0 0 4 0 0 2 1 1 1 3 2 2 2 2 2 1 1 5 1 1 0 1 3 4 2 1 4 2 0 1 0 2 1 0 0 2 1 3 0 2 0 2 1 0 1 1 1 0 2 1 1 2 1 2 1 4 3 3 3 1 0 0 0 1 3 4 2 2 2 0 0 3 5 3 1 1 4 2 0 0 1 1 4 1 1 2 1 1 1 2 2 1 0 1 1 1 0 1 1 0 1 2 1 1 1 1 0 0 1 0 3 2 1 0 0 1 2 0 2 3 0 1 0 1 3 0 1 1 0 2 2 1 1 0 1 1 0 1 2 4 1 0 2 1 1 3 1 1 1 1 0 1 3 2 0 2 2 0 0 1 2 0 4 1 3 1 1 2 1 4 1 2 0 1 0 1 3 0 1 0 0 4 3 2 2 0 1 0 0 0 0 0 2 1 1 0 1 0 3 0 1 0 0 1 1 2 0 1 1 1 3 3 3 1 1 1 2 1 1 3 2 1 2 0 0 2 0 3 1 2 0 2 1 0 2 1 1 0 1 2 1 2 0 1 0 3 0 2 0 1 0 2 0 1 2 2 1 2 0 1 1 0 0 0 0 1 0 2 3
Mean: 1.172
Varience: 1.23565
-------------------------------
Output1 for generation 2100:

Oceanic mean pheno: 6.99437
Freshwater mean pheno: -6.30903
1 0 0 2 1 1 1 1 1 0 1 1 0 3 1 1 1 1 0 1 0 1 1 2 1 2 0 1 1 2 0 2 1 2 0 5 1 1 0 2 5 1 1 0 1 1 0 0 0 3 0 1 2 0 0 3 1 4 1 3 2 0 0 1 1 1 3 1 0 2 1 1 3 1 1 3 1 2 0 2 2 1 2 1 0 1 2 0 0 2 0 2 0 2 4 0 0 0 2 2 3 2 1 0 1 1 0 2 1 1 1 0 1 0 0 0 0 1 1 0 1 3 1 1 2 0 1 1 0 2 2 0 1 1 0 1 1 1 2 0 1 1 0 1 0 0 0 1 0 2 1 0 2 0 0 0 3 0 1 6 2 1 1 2 0 1 1 0 0 0 0 3 2 0 2 3 1 0 0 2 2 0 3 1 2 4 2 1 1 3 1 1 2 1 2 3 0 1 1 0 2 0 1 1 0 0 0 0 1 0 2 2 0 1 0 4 1 1 4 0 0 4 1 4 3 3 2 0 1 0 0 1 3 1 0 1 2 1 1 0 4 3 1 0 0 0 2 2 2 1 1 1 1 0 2 2 1 2 2 1 3 1 0 1 3 0 1 1 2 0 1 1 2 2 0 0 3 0 1 0 0 1 0 2 2 0 2 2 1 1 1 1 2 0 0 2 3 1 2 0 3 1 0 0 2 3 1 3 0 1 1 0 2 1 0 1 0 1 2 1 3 0 4 1 1 2 2 2 2 0 0 1 0 3 1 0 1 1 1 1 0 2 1 1 4 1 4 0 0 0 1 1 1 1 2 2 1 1 0 1 2 2 2 1 2 2 0 0 2 1 0 3 1 1 0 1 2 1 4 4 4 2 1 0 4 2 1 0 0 1 3 2 0 0 1 1 0 1 1 1 1 1 2 4 0 0 0 2 1 2 1 1 1 3 0 1 0 1 4 1 0 2 1 2 0 1 0 3 1 1 1 3 0 1 0 1 2 1 3 1 1 3 0 2 1 1 2 0 0 0 2 1 1 1 2 1 0 1 2 1 0 0 1 1 3 1 1 2 3 5 1 1 2 2 0 0 4 3 1 1 4 2 1 1 1 1 2 2 1 0 1 0 2 1 0 2 1 1 1 1 6 0 2 0 1 1 0 1 2 1 0 1 2 1 1 3 1 1 2 3 0 0 2 1 0 1 0 0 3 2 0 3 0 1 0 0 1 1 0 1 0 1 0 2 1 0 3 0 1 2 1 0 0 0 1 2 0 2 2 0 1 4 0 1 1 2 0 1 1 1 1 2 1 2 3 1 2 2 1 0 0 1 0 3 0 3 3 0 0 1 0 1 1 2 0 3 0 2 3 0 1 1 2 0 3 2 0 0 1 0 3 2 1 3 2 2 0 2 0 0 1 0 2 0 2 0 2 1 0 2 0 2 0 1 0 2 0 1 2 3 1 0 0 0 1 1 0 0 1 0 1 0 1 2 0 3 2 1 0 1 0 0 2 1 1 2 0 1 1 1 0 2 4 1 0 1 3 2 2 0 0 2 1 1 2 2 2 0 2 3 0 2 0 1 1 0 0 2 1 0 2 2 0 0 2 1 1 2 1 1 0 2 0 0 1 0 1 1 0 2 2 2 1 0 0 1 1 2 2 0 3 1 0 4 1 0 2 0 3 2 2 2 1 1 2 2 1 2 3 0 1 1 1 1 0 2 2 2 1 0 0 0 1 4 0 0 2 2 3 0 2 0 1 0 1 1 3 2 0 1 0 3 2 0 1 2 2 3 2 4 1 1 2 1 0 1 3 2 1 2 2 1 3 4 1 1 1 2 2 0 0 0 1 2 2 0 1 0 0 2 3 3 2 3 1 3 1 0 0 0 2 2 2 2 0 1 1 0 1 2 2 2 1 1 0 1 0 4 2 1 2 0 2 1 3 4 1 1 1 1 0 0 1 0 1 1 2 3 1 0 2 1 1 2 1 2 2 1 1 2 0 1 1 1 0 1 3 2 0 1 0 3 0 6 1 1 1 0 1 1 1 1 2 0 1 1 0 2 0 2 1 1 2 2 1 2 0 2 0 1 1 1 2 0 1 0 0 0 2 3 0 1 0 1 2 2 2 0 2 1 0 1 2 3 0 1 1 3 1 1 0 1 0 1 1 0 2 0 1 3 0 0 1 2 1 1 2 0 0 3 0 0 0 1 0 0 2 1 1 0 0 0 0 1 3 3 2 1 1 1 1 1 1 0 1 0 1 0 0 3
Mean: 1.187
Varience: 1.17521
-------------------------------
Output1 for generation 2200:

Oceanic mean pheno: 7.57881
Freshwater mean pheno: -7.01883
1 0 0 0 1 0 2 0 3 0 2 0 2 1 1 0 0 1 1 1 1 2 3 0 2 0 0 1 1 0 1 2 1 1 0 4 0 1 0 3 4 2 2 1 1 3 0 0 0 1 1 1 0 0 1 3 1 1 2 4 1 1 0 1 2 2 1 2 1 2 3 0 0 2 2 3 2 1 0 0 1 1 1 3 0 0 2 0 0 1 0 1 1 1 2 0 0 0 0 5 1 1 0 0 1 0 0 1 1 1 1 1 0 1 3 0 0 1 1 0 0 1 1 1 1 1 2 2 0 2 0 2 3 2 1 1 0 0 2 0 1 1 0 1 0 1 2 5 1 1 2 1 1 0 1 1 1 1 2 3 1 1 0 2 0 2 0 1 2 0 2 1 2 0 3 3 1 0 0 2 1 0 2 1 1 4 3 1 0 1 0 1 4 2 1 2 0 0 2 2 1 2 0 3 0 1 0 0 1 1 0 2 0 1 0 2 0 1 1 0 2 3 1 4 1 3 3 0 2 0 1 1 2 1 0 2 1 1 3 0 4 1 2 0 1 1 0 0 1 0 2 1 1 1 4 3 0 2 2 1 2 0 0 0 1 1 2 2 1 0 0 1 0 1 1 1 1 1 0 1 1 2 0 0 1 0 0 1 0 1 1 1 3 1 1 1 3 1 2 0 2 1 0 0 2 2 2 3 0 1 2 0 2 0 0 1 0 0 1 2 0 0 2 1 0 0 3 4 5 0 3 1 1 1 1 0 1 1 2 2 0 2 1 2 3 1 4 0 1 0 0 1 2 0 2 2 1 1 0 1 1 1 1 0 2 2 0 1 4 0 2 2 0 3 0 3 1 1 3 3 0 1 2 0 3 1 0 1 0 1 0 1 1 0 1 1 0 1 0 1 1 1 5 2 1 0 0 1 0 3 0 0 1 2 0 0 0 1 3 1 0 1 1 2 2 0 0 2 1 1 0 1 1 2 1 1 1 3 2 1 1 2 0 2 2 1 1 1 0 1 0 0 1 0 2 1 1 2 2 0 0 1 0 2 3 2 1 2 2 2 2 1 2 2 0 0 3 1 2 0 2 0 2 2 2 0 2 4 2 0 1 1 2 1 0 0 2 0 1 2 2 0 2 0 0 0 0 0 1 0 3 0 1 1 1 3 1 0 1 2 1 0 1 1 2 1 4 0 4 3 0 3 0 1 2 0 0 0 0 0 1 3 1 2 1 0 2 2 0 1 3 1 0 0 1 0 1 3 1 0 0 0 2 1 0 0 0 1 1 0 2 1 2 3 3 2 1 3 1 1 0 1 0 2 1 2 3 1 0 0 1 0 1 3 0 3 0 0 1 0 2 1 2 0 3 0 1 1 1 1 3 0 2 2 4 1 0 1 0 1 0 2 1 0 1 1 1 0 0 2 0 3 2 3 1 0 0 1 2 3 0 1 3 0 2 2 1 0 0 0 0 0 1 1 2 2 2 3 0 1 1 2 2 2 2 1 0 1 1 1 1 1 4 1 1 2 1 2 3 1 0 0 0 1 0 4 1 0 2 4 0 1 0 1 1 2 1 2 0 0 0 3 0 2 1 1 0 2 2 4 0 2 1 0 1 0 0 2 4 2 3 2 0 1 0 0 2 0 3 1 2 1 1 5 3 0 2 1 1 2 3 1 2 1 3 2 0 0 3 0 1 2 2 1 1 3 1 2 0 0 1 2 1 3 0 1 1 0 2 0 2 0 1 0 0 1 2 1 1 2 0 2 1 2 1 1 2 2 1 2 1 0 1 1 0 0 4 2 0 1 2 1 2 4 1 1 0 1 1 0 2 0 0 1 0 0 3 0 0 0 3 3 1 2 1 4 1 1 2 1 0 1 1 3 0 2 0 0 0 3 0 1 3 1 0 1 1 1 3 5 1 0 2 0 1 3 0 2 1 0 0 1 1 0 2 1 1 0 0 0 2 1 0 4 1 1 3 0 2 4 1 1 2 1 0 0 4 3 0 1 0 2 0 4 2 2 3 1 0 2 1 1 2 2 1 1 0 3 1 1 0 0 2 2 0 4 0 0 1 1 1 1 4 0 1 0 0 0 1 3 2 0 1 1 1 2 2 1 0 1 2 0 0 5 0 0 2 2 0 0 0 1 1 0 0 1 1 0 2 1 1 1 0 3 1 3 2 1 0 0 0 0 1 1 1 0 1 1 1 0 1 0 1 0 2 3 2 1 1 1 2 0 0 1 0 0 1 1 2 2
Mean: 1.158
Varience: 1.20024
-------------------------------
Output1 for generation 2300:

Oceanic mean pheno: 7.10742
Freshwater mean pheno: -7.26009
3 1 0 2 1 1 3 1 2 0 1 3 0 1 1 0 0 2 0 3 2 2 1 2 2 0 1 1 1 1 1 1 1 0 1 4 0 3 1 2 1 1 1 0 0 2 1 1 1 2 0 1 1 0 1 3 2 2 3 5 0 1 0 2 1 2 2 1 2 1 2 0 0 3 1 2 0 0 2 2 0 2 1 2 0 0 4 0 2 1 1 2 0 1 1 0 1 1 0 5 1 1 0 0 1 0 1 2 2 4 1 1 0 0 2 1 0 1 2 0 0 0 1 1 1 2 2 3 1 2 0 0 0 1 2 1 1 0 2 1 1 0 0 0 0 2 2 2 1 1 0 0 1 1 0 2 1 1 2 2 3 2 0 2 0 3 0 0 0 0 0 2 1 0 4 2 2 1 1 0 1 1 1 0 3 1 2 2 0 4 1 2 3 1 2 2 2 1 3 0 1 0 0 1 0 1 0 0 0 1 1 1 0 2 1 2 2 1 2 0 2 1 1 5 1 1 3 1 1 0 1 1 2 5 0 0 0 1 4 0 3 2 2 1 1 0 1 1 0 1 2 1 2 3 3 2 0 3 1 2 2 4 0 1 1 1 1 0 2 3 0 1 0 3 0 0 1 0 1 0 1 2 1 1 2 1 0 1 1 1 2 1 5 1 0 1 2 0 3 1 2 1 0 0 1 4 1 2 2 2 1 1 2 1 0 1 3 1 1 0 2 0 1 3 0 1 2 3 4 1 1 1 0 1 0 0 1 0 2 2 1 0 0 2 4 4 3 2 2 1 0 3 5 1 3 3 1 2 0 0 1 3 1 1 4 0 0 0 1 0 1 1 1 2 0 2 1 1 3 1 1 1 1 1 2 0 0 0 0 1 1 2 1 2 3 2 1 1 0 1 3 2 3 1 1 0 3 1 1 2 1 2 2 4 1 3 0 2 4 3 0 1 1 3 1 1 2 1 1 0 1 2 0 0 1 1 3 2 2 1 2 2 0 1 1 1 1 0 0 0 0 1 1 0 3 1 1 4 2 0 3 0 2 2 3 3 1 2 2 3 1 2 1 2 1 0 4 1 2 2 2 0 1 1 1 2 1 1 1 0 1 2 3 0 0 1 0 0 3 2 2 0 1 1 1 2 1 1 1 1 1 1 1 1 0 3 1 1 0 3 0 0 1 1 3 1 1 1 3 3 0 2 1 3 0 0 1 0 0 3 0 1 1 1 1 0 1 4 0 1 1 4 0 0 1 2 0 2 0 1 2 0 0 1 1 0 2 2 0 1 3 1 3 3 2 0 1 1 1 1 0 2 1 2 4 3 3 2 1 0 1 1 1 3 0 2 0 1 0 0 1 0 1 0 1 2 4 0 2 3 3 0 1 2 3 1 1 1 1 0 2 1 1 2 1 1 3 0 0 3 0 1 3 3 1 1 1 2 2 3 0 0 1 1 1 2 2 1 1 0 1 0 1 0 1 2 2 3 0 0 0 2 2 2 2 0 0 3 1 1 0 2 4 2 2 2 4 4 2 0 1 0 3 1 0 2 0 3 3 2 1 0 1 1 0 1 0 1 2 0 0 1 0 1 3 1 1 2 1 2 0 2 2 1 2 1 3 0 1 2 3 1 1 1 0 0 1 1 2 1 3 0 0 3 0 1 2 1 2 3 5 1 0 0 2 2 2 2 5 1 2 2 1 0 0 0 1 1 0 0 0 0 3 2 1 1 1 1 0 1 3 0 1 1 0 1 2 1 2 1 2 2 1 1 1 0 2 2 2 2 1 1 1 1 1 1 1 3 2 0 1 2 3 3 0 1 0 3 2 1 1 0 0 1 1 1 3 0 0 1 2 2 1 2 1 2 2 3 2 1 1 3 1 2 1 1 3 0 1 4 2 1 3 2 2 0 0 1 3 3 1 0 3 0 1 0 1 1 2 0 1 0 2 1 0 0 1 0 2 0 2 3 0 2 2 1 3 0 0 1 0 2 0 2 0 4 3 1 1 0 1 1 1 4 2 1 4 2 0 3 0 0 1 0 3 2 2 2 2 0 0 0 2 1 2 3 0 0 2 0 1 1 2 0 1 0 1 1 4 3 2 1 0 1 3 1 1 1 1 0 2 0 1 5 2 2 2 3 0 0 0 3 2 0 3 1 1 1 1 2 1 0 0 3 0 3 2 1 1 1 0 0 0 1 0 1 1 1 1 1 0 2 2 0 1 1 2 0 0 1 4 1 2 0 2 0 1 0 0 2
Mean: 1.281
Varience: 1.23127
-------------------------------
Output1 for generation 2400:

Oceanic mean pheno: 7.20461
Freshwater mean pheno: -7.26055
1 0 0 3 0 0 1 1 2 1 0 1 0 1 2 0 0 2 1 2 0 2 1 0 3 1 0 1 3 0 2 1 2 0 3 3 0 2 0 1 2 1 2 2 0 4 1 2 0 1 1 1 1 1 2 3 2 4 2 2 1 2 2 1 0 2 3 1 1 0 1 1 0 3 1 4 2 1 1 0 1 1 2 1 0 0 2 0 0 1 2 2 0 1 1 1 1 1 0 3 2 0 1 0 0 0 1 1 1 2 3 0 0 2 2 2 1 1 2 0 0 1 3 0 1 0 1 2 0 3 0 0 2 1 1 2 0 0 1 2 0 3 0 0 2 2 2 3 2 2 2 0 1 3 0 1 3 1 2 3 0 0 0 1 1 1 0 1 1 1 0 1 1 0 3 1 1 0 2 1 1 0 1 0 3 2 2 1 1 2 1 1 2 1 2 2 2 0 2 1 1 0 0 0 0 1 0 2 1 1 0 1 1 3 2 2 2 1 3 0 1 1 1 5 2 2 3 0 1 1 3 2 2 1 0 0 1 1 2 0 2 1 2 0 2 0 0 0 1 1 1 3 3 1 3 4 0 2 0 2 2 1 1 1 1 1 1 0 0 0 0 2 1 1 1 0 4 1 2 1 0 0 3 0 0 0 0 1 2 0 2 2 3 1 1 1 2 1 1 1 2 1 0 1 1 2 2 2 0 1 1 3 1 1 2 1 1 0 2 0 1 1 1 1 0 0 2 3 3 1 1 1 0 1 1 0 0 1 2 1 1 1 1 3 2 1 4 1 0 0 1 1 1 1 1 2 1 0 0 2 3 2 1 0 3 0 1 1 1 0 1 0 0 3 0 1 1 2 3 1 0 1 1 0 3 0 0 1 0 1 0 1 0 2 2 0 1 1 1 1 2 1 3 1 2 1 2 1 2 3 1 1 2 4 1 1 0 2 2 2 3 0 1 1 2 0 0 1 2 1 0 1 0 1 1 3 2 2 2 1 0 2 1 3 1 1 0 0 0 0 2 1 3 0 4 1 1 2 2 0 0 1 1 1 2 0 0 2 2 4 1 0 1 3 0 0 5 3 2 2 2 0 1 0 1 0 2 2 4 0 3 1 5 2 3 1 0 2 2 2 2 0 1 0 0 0 1 1 1 2 3 1 0 3 1 2 1 1 1 4 0 1 2 1 0 1 1 0 2 4 2 3 0 4 1 1 1 0 1 1 0 2 2 3 1 1 2 2 0 1 1 3 0 0 2 1 0 2 1 0 0 0 1 1 1 2 0 1 0 3 1 1 2 3 2 1 1 2 4 3 0 3 1 1 0 1 2 1 1 1 2 0 0 1 0 3 0 2 1 1 2 1 2 0 3 0 1 0 2 0 3 1 3 1 1 1 2 1 0 2 1 1 1 2 2 0 1 2 0 2 0 2 3 3 0 1 1 1 2 3 2 1 0 0 0 1 0 0 0 0 1 1 1 0 2 3 4 0 1 2 3 0 1 2 1 2 0 3 0 2 0 3 2 2 1 0 2 3 2 0 1 0 1 2 0 1 2 0 2 2 1 2 2 1 0 0 0 1 1 0 0 2 0 0 4 1 1 2 1 3 0 1 1 1 1 1 1 1 2 0 4 2 0 2 1 1 1 1 2 2 2 0 1 0 2 0 3 2 1 3 5 0 1 0 2 2 0 2 3 1 3 1 1 1 0 0 0 1 0 0 2 0 1 3 2 1 2 0 0 2 2 0 1 0 0 0 1 1 0 2 1 3 2 0 0 0 1 3 2 1 1 0 1 1 1 0 2 3 0 0 0 0 1 3 0 0 1 0 2 1 0 1 1 3 0 1 3 0 0 0 2 3 0 3 1 1 1 2 0 4 0 3 2 1 1 1 4 1 1 3 2 1 1 1 2 1 0 2 2 4 0 1 1 0 1 0 1 1 4 0 2 0 0 0 2 2 1 0 3 0 2 1 1 1 1 1 2 0 1 2 2 3 0 1 1 1 2 1 0 0 1 2 1 2 2 1 1 1 1 2 1 1 2 1 0 2 1 1 3 1 0 0 3 1 1 3 1 1 1 1 1 2 4 0 1 1 1 3 2 3 1 0 1 1 2 2 0 1 1 0 0 1 2 3 0 2 1 4 0 1 0 3 1 0 0 2 1 1 2 2 0 2 0 3 0 2 3 2 1 0 1 0 1 1 1 1 3 0 1 1 0 1 1 1 2 2 2 1 1 1 3 2 0 1 1 0 3 0 0 1
Mean: 1.225
Varience: 1.11149
-------------------------------
Output1 for generation 2500:

Oceanic mean pheno: 6.9931
Freshwater mean pheno: -7.2532
1 0 0 1 0 0 2 0 1 1 0 2 0 2 0 0 0 1 0 2 0 3 2 1 3 1 2 3 2 1 2 2 1 0 2 3 0 2 2 0 3 2 2 1 1 3 0 0 1 0 1 2 0 0 1 1 2 2 3 1 0 1 1 1 1 3 2 1 1 0 1 3 1 1 1 4 2 1 1 0 1 2 0 0 1 1 3 0 2 3 1 1 2 1 2 2 1 1 1 4 1 0 1 2 0 2 0 0 1 3 4 0 0 0 1 0 0 0 0 1 0 0 1 1 2 0 0 2 2 1 2 0 0 3 1 1 0 0 1 0 0 2 0 0 0 3 1 2 0 3 1 3 0 0 2 0 2 1 2 2 1 0 0 2 0 1 1 1 0 1 0 2 3 2 3 1 1 0 0 1 1 1 1 1 0 2 2 2 1 2 1 1 3 3 0 3 0 0 1 0 0 0 0 0 0 3 0 1 0 3 0 1 1 1 1 2 1 0 1 0 2 2 1 5 1 2 4 1 2 0 2 2 2 2 0 1 1 0 2 1 2 2 3 2 2 1 0 0 2 2 1 0 4 0 3 2 0 1 2 1 2 1 2 2 2 1 0 0 0 0 0 2 1 1 0 1 2 2 0 1 0 1 2 0 0 0 0 2 1 0 1 1 3 0 0 2 2 1 1 0 1 3 0 0 2 4 1 2 1 2 1 0 0 0 1 1 2 0 1 0 3 1 3 1 0 1 1 3 2 0 3 1 0 1 0 0 0 0 2 2 1 1 0 4 1 3 5 0 0 0 0 1 1 1 1 2 3 0 2 1 3 2 1 1 2 1 1 2 1 2 2 0 1 3 0 0 1 1 3 3 0 1 2 0 0 2 0 2 0 2 2 0 1 2 1 0 1 4 0 1 2 1 3 0 1 1 2 0 1 1 1 0 3 3 1 3 1 0 4 2 0 0 0 1 1 2 1 2 2 0 0 1 1 0 0 1 1 2 0 0 1 1 1 1 0 2 2 3 1 1 0 1 1 1 4 2 1 3 2 0 0 0 0 1 2 0 0 2 3 3 1 0 2 2 0 1 2 2 2 1 2 0 1 0 1 0 1 4 3 3 0 1 4 1 2 1 0 1 2 3 2 1 3 2 0 0 2 2 2 2 1 0 2 2 1 2 1 1 1 2 1 0 2 1 1 1 2 0 2 2 0 2 0 2 1 0 0 1 0 1 0 2 4 0 1 2 4 1 1 2 1 2 0 2 2 1 0 1 1 1 2 1 1 2 1 1 1 2 1 1 1 1 1 2 2 2 3 1 1 3 0 1 1 2 2 2 3 0 3 0 1 0 0 2 0 3 1 1 0 1 2 0 1 0 2 0 0 1 2 1 3 1 2 1 1 1 2 2 1 0 2 1 2 1 1 1 1 0 0 3 0 3 2 2 2 0 0 1 2 2 0 0 1 0 0 2 0 1 0 1 2 1 0 3 2 2 2 1 1 1 2 2 1 0 1 0 1 1 0 2 0 6 3 4 0 1 2 3 1 1 1 0 0 1 1 1 2 1 1 4 0 1 1 2 0 1 0 3 1 0 2 3 1 0 2 2 1 2 1 1 1 0 1 0 1 1 2 0 0 0 2 2 1 3 0 0 1 0 1 3 2 3 1 0 0 0 2 0 2 2 1 1 1 2 3 3 2 0 3 1 3 0 1 1 0 1 0 3 0 2 4 3 1 3 0 2 2 1 0 3 2 1 1 0 1 1 3 1 0 1 0 3 2 1 0 0 1 2 1 1 2 2 0 0 0 1 2 1 1 0 1 2 2 2 0 0 0 0 3 0 0 0 2 2 0 2 1 0 1 0 2 2 1 2 1 2 1 3 1 3 0 2 2 2 0 3 0 2 0 2 3 1 2 0 2 0 0 0 0 3 1 1 1 0 1 1 1 1 3 1 0 0 0 1 1 1 1 0 2 1 2 5 0 3 0 3 2 1 4 1 1 1 3 1 0 0 1 1 1 0 1 2 1 2 1 0 3 2 0 3 1 1 1 1 0 1 0 2 1 1 0 0 3 2 0 2 2 0 0 1 1 1 3 1 0 1 0 0 1 6 2 0 1 1 2 1 0 0 1 0 2 0 1 3 0 2 0 4 0 1 0 3 2 0 2 1 2 2 0 1 0 1 0 1 1 2 3 2 4 0 1 1 3 0 1 1 1 0 1 1 0 0 1 1 2 2 2 1 0 0 2 3 1 3 2 1 2 0 1 1
Mean: 1.207
Varience: 1.1493
-------------------------------
Output1 for generation 2600:

Oceanic mean pheno: 7.44969
Freshwater mean pheno: -7.37825
2 0 0 2 1 2 0 2 1 1 1 0 0 1 2 3 1 3 0 1 1 2 1 1 3 2 1 0 2 1 2 1 0 1 2 3 2 1 2 0 3 2 4 1 1 1 1 0 0 0 0 1 1 1 0 1 2 3 2 2 3 2 0 1 2 1 1 2 1 0 1 3 1 2 0 2 1 2 1 1 0 1 0 1 1 2 1 0 0 1 2 0 1 1 5 1 0 0 1 4 1 0 1 2 1 0 0 2 3 2 1 2 0 0 0 0 2 1 0 1 1 0 1 1 1 0 0 2 2 1 1 0 0 1 2 1 0 0 1 0 0 2 1 0 0 4 1 2 0 2 1 0 1 1 1 1 2 0 2 2 1 2 0 3 0 1 1 2 0 0 1 1 3 1 3 3 2 0 0 1 0 2 0 1 0 2 1 2 0 3 0 1 1 2 0 3 1 1 0 0 1 1 0 0 0 0 1 1 0 1 0 1 0 1 0 1 2 0 1 1 0 1 1 4 3 2 3 2 2 1 2 1 2 2 2 0 0 1 3 1 2 1 3 0 3 0 0 1 0 1 2 0 2 0 2 3 1 1 2 4 3 0 1 1 1 0 3 0 0 0 0 3 0 1 1 1 1 0 0 0 0 1 1 1 1 0 0 0 0 1 0 2 3 0 1 1 2 0 2 1 1 1 0 0 2 3 1 2 2 1 0 0 1 1 0 3 3 1 2 0 3 0 1 1 0 1 1 1 3 0 3 1 0 1 0 0 1 1 1 1 1 1 2 1 2 4 2 0 1 1 3 0 3 2 1 4 0 0 1 0 2 1 0 0 4 0 0 1 1 0 1 0 1 4 1 1 2 2 3 1 1 1 2 0 1 1 1 1 1 1 0 0 0 2 1 1 1 3 2 1 3 1 3 1 0 0 0 0 3 2 0 1 0 2 2 2 0 0 2 4 3 0 1 1 2 0 0 0 3 0 1 1 0 0 0 3 2 1 0 2 2 1 2 1 2 1 2 1 0 1 1 2 1 0 6 3 1 4 0 1 1 0 0 1 2 1 1 3 4 3 2 1 2 3 0 1 4 1 1 1 3 0 3 1 1 1 2 3 2 1 1 2 3 1 1 1 1 3 2 4 3 0 0 0 0 2 1 4 1 1 3 3 1 3 0 1 2 1 0 1 1 1 1 3 0 2 0 0 2 2 0 1 1 1 2 1 0 0 0 1 0 1 2 3 1 1 1 1 0 1 4 1 2 0 1 1 1 0 0 0 1 0 1 2 1 1 2 2 2 1 1 1 1 2 2 0 2 2 0 1 1 2 0 2 0 0 3 0 0 0 3 1 3 1 1 6 1 2 2 0 1 0 0 1 0 1 1 1 1 0 4 2 2 1 1 2 2 3 1 0 3 1 1 2 1 0 2 3 0 2 0 3 2 3 0 0 0 1 1 2 0 1 0 0 0 2 0 1 0 0 2 1 1 1 2 2 3 2 1 0 1 1 3 2 2 0 1 1 1 1 2 4 2 5 0 1 2 3 2 0 0 0 1 1 1 1 2 0 0 4 0 2 3 1 0 1 2 1 2 0 2 1 0 0 3 1 0 2 1 1 1 1 1 1 1 0 4 1 1 0 3 1 2 1 0 1 3 0 1 0 3 1 3 0 0 0 1 0 2 2 1 1 0 0 3 3 1 1 3 2 2 1 2 0 1 0 1 2 1 0 1 0 2 2 0 2 3 1 1 2 2 2 2 0 0 1 3 1 0 3 0 0 4 0 0 0 1 1 2 2 0 1 0 0 0 0 2 0 1 2 1 0 1 2 0 2 0 0 3 0 0 0 1 1 3 1 2 2 1 0 2 3 1 1 2 2 0 1 0 3 1 3 4 2 2 0 0 2 2 2 0 1 1 0 0 0 0 0 0 3 2 2 1 1 2 0 0 1 1 1 0 0 0 0 0 2 1 1 1 0 4 3 1 1 2 1 1 2 2 2 0 1 1 0 2 0 2 3 0 1 1 1 1 2 2 3 1 0 0 2 1 1 1 0 1 3 1 2 1 1 0 2 3 2 1 2 2 1 0 1 2 2 1 1 0 0 2 1 2 5 1 1 1 2 2 1 1 3 1 0 2 0 2 4 2 3 0 3 2 0 2 4 4 1 2 2 1 0 1 2 0 0 1 2 1 2 2 1 2 2 1 1 2 0 0 2 2 0 1 2 0 1 0 4 2 5 1 1 1 0 0 3 0 0 2 0 2 1 2 1
Mean: 1.218
Varience: 1.19567
-------------------------------
Output1 for generation 2700:

Oceanic mean pheno: 7.44122
Freshwater mean pheno: -7.17533
3 1 1 3 0 0 2 1 2 1 3 0 0 2 0 1 0 3 1 0 1 2 1 0 1 1 2 1 1 1 1 0 1 1 0 3 2 2 2 2 5 4 1 1 2 0 1 1 0 0 2 1 2 1 2 1 4 1 2 1 1 2 0 2 0 4 2 2 3 2 2 1 2 2 0 3 1 1 2 0 1 1 1 1 0 0 3 1 0 1 0 0 1 1 2 0 1 1 0 3 3 0 2 3 1 1 1 2 2 2 2 0 2 0 1 1 2 2 0 1 1 0 2 1 0 0 0 2 0 1 1 0 0 1 1 0 0 0 1 0 1 2 2 1 1 3 2 2 1 2 1 0 1 0 0 0 3 1 2 3 1 0 1 3 1 3 1 2 1 0 0 3 1 0 2 2 1 0 0 0 1 1 1 3 2 2 1 0 0 4 1 2 1 3 0 2 2 1 1 1 1 0 1 1 1 0 1 0 0 1 1 1 0 2 0 1 0 0 3 0 0 1 2 2 4 3 3 1 3 1 2 2 2 3 0 0 1 1 2 2 2 3 0 1 1 1 0 1 1 1 1 2 3 2 1 3 1 1 3 1 2 0 2 2 2 0 1 0 1 1 2 2 1 2 1 1 2 0 0 2 2 2 2 0 2 0 1 0 0 1 0 1 2 0 0 1 2 0 2 2 2 1 0 1 2 1 2 2 0 2 1 2 1 1 0 1 2 0 1 1 5 1 2 1 3 2 2 1 2 1 1 2 0 0 0 1 1 1 1 1 0 0 2 1 3 2 2 1 0 0 1 1 2 1 3 1 0 0 2 2 1 1 1 0 3 0 0 1 2 0 2 0 0 3 1 2 3 1 3 1 1 1 2 3 1 1 3 1 2 2 0 2 0 0 2 0 0 1 1 1 2 0 3 0 0 0 2 0 3 1 0 1 0 2 0 0 2 0 3 2 4 1 1 3 1 1 1 0 1 1 0 6 0 0 0 4 2 0 0 1 0 2 0 1 0 1 1 1 1 1 0 1 1 0 5 2 4 4 0 1 1 0 0 1 0 1 1 3 3 4 3 0 1 4 1 0 3 1 2 0 2 0 1 0 0 1 2 1 2 1 0 1 5 0 1 0 2 1 3 2 3 1 3 0 1 1 1 1 2 2 5 2 1 2 0 1 3 1 2 2 2 1 3 1 0 1 2 0 3 2 0 1 1 2 1 1 0 0 0 2 1 1 1 3 2 0 1 2 1 3 2 1 0 0 2 0 0 0 0 1 1 0 0 1 4 1 1 2 0 1 2 5 2 2 2 0 2 1 0 1 1 1 0 3 0 1 4 0 0 0 1 1 2 1 1 3 1 0 1 0 5 0 0 1 0 0 0 0 1 0 2 1 1 1 2 1 2 2 2 0 2 1 2 0 2 0 2 2 0 4 0 2 2 1 0 0 0 2 1 2 0 1 0 0 1 2 0 0 0 0 1 1 0 2 2 1 3 2 3 0 1 2 1 1 2 0 0 1 1 1 1 4 1 2 0 1 3 2 1 0 0 0 0 2 1 2 0 0 0 3 1 4 1 1 0 0 4 1 0 0 1 2 0 0 2 2 1 4 1 1 1 2 0 1 2 1 1 0 2 2 2 0 2 1 0 1 1 1 1 0 1 1 3 1 0 2 1 1 2 2 1 2 1 0 2 5 0 0 3 3 2 1 1 1 1 0 0 1 0 3 2 1 1 4 2 2 2 1 0 2 4 3 1 1 0 0 1 1 0 2 4 0 4 0 0 0 1 3 2 1 1 1 1 1 1 0 1 0 0 0 0 0 3 2 0 1 1 0 2 1 0 0 0 2 1 0 1 1 1 1 2 4 1 1 3 1 0 4 0 2 2 3 1 0 0 0 0 2 0 3 1 2 0 1 1 0 0 1 1 3 1 1 1 1 3 0 0 0 2 4 1 2 3 0 1 2 3 1 2 2 3 2 0 2 0 2 0 4 1 2 0 0 0 1 2 3 4 1 0 1 2 2 1 3 2 1 2 0 0 2 0 1 3 2 1 4 1 2 1 2 1 1 3 1 0 2 0 1 0 2 1 4 0 0 0 0 0 0 1 4 0 2 0 2 1 1 1 1 1 1 0 0 2 2 1 3 0 1 1 1 1 4 2 1 1 1 1 0 0 0 0 2 0 1 1 2 1 3 4 0 0 2 3 1 1 3 2 0 2 1 0 0 0 2 4 3 2 1 0 1 1 1 0 1 1 0 2 1 2 1
Mean: 1.238
Varience: 1.2426
-------------------------------
Output1 for generation 2800:

Oceanic mean pheno: 7.5733
Freshwater mean pheno: -7.0401
4 0 0 3 0 0 0 2 2 1 0 0 1 1 0 1 2 3 1 1 0 0 2 1 2 1 1 0 1 1 0 2 1 1 0 3 2 1 1 3 2 2 1 2 1 0 0 1 0 3 1 1 1 0 1 3 2 3 2 1 2 3 1 2 0 2 0 1 2 2 1 1 3 2 0 1 1 0 0 1 1 1 0 1 2 0 0 0 0 1 2 0 1 2 3 0 0 1 1 7 1 0 1 2 2 1 0 2 1 2 2 1 0 0 1 0 2 2 1 1 1 2 1 2 0 0 1 3 0 1 1 2 0 1 1 3 0 1 4 1 0 1 2 0 0 3 2 2 2 2 0 0 2 1 1 1 2 0 2 1 2 2 1 1 0 1 1 4 3 0 1 2 2 2 3 1 2 0 2 1 1 0 1 3 1 1 0 1 1 2 0 3 2 4 0 2 1 1 1 0 1 0 0 1 0 1 0 2 0 2 0 3 0 1 0 3 0 1 2 0 0 2 1 2 1 1 5 0 2 2 1 1 4 4 1 1 1 2 2 0 1 3 0 4 2 2 0 0 0 1 1 0 3 1 1 2 1 3 2 1 2 0 0 1 2 1 2 1 0 1 3 2 2 1 3 1 1 0 2 2 2 0 1 1 1 1 0 1 0 0 0 1 2 0 0 1 2 3 1 2 2 1 0 0 3 1 1 1 0 1 2 1 1 0 2 0 1 0 1 2 3 1 1 1 0 1 2 1 6 1 1 1 0 3 1 0 1 0 0 2 2 0 1 0 3 1 2 1 1 1 1 1 2 2 1 1 1 3 1 1 1 2 0 1 2 0 0 1 3 0 2 0 0 4 1 4 2 2 3 1 0 2 3 1 1 0 1 1 1 0 1 1 0 1 1 1 1 2 0 2 1 0 3 2 2 0 1 2 0 1 0 3 0 0 1 2 3 1 6 1 2 0 1 1 2 0 0 3 1 0 2 2 1 0 0 0 1 0 0 0 0 1 0 0 1 2 1 0 0 0 1 1 0 0 5 0 2 5 2 1 1 2 0 1 1 2 1 3 2 4 2 0 2 5 1 1 2 1 2 0 2 0 1 0 0 1 1 3 4 1 0 2 5 1 1 0 0 0 3 2 3 0 3 3 1 1 1 0 4 1 2 2 1 3 2 2 2 4 1 1 1 1 3 3 1 1 0 0 3 2 0 1 2 1 2 1 0 1 1 1 2 1 1 3 1 0 1 2 0 2 3 2 0 0 1 2 1 0 0 1 0 0 0 1 1 1 2 3 0 1 2 3 4 3 3 2 1 4 2 0 2 1 0 2 2 1 2 1 0 0 1 0 1 5 0 4 2 1 1 3 1 1 1 0 1 0 3 0 1 1 4 3 2 1 4 1 2 3 2 1 1 1 3 1 2 1 1 3 1 3 0 2 2 2 1 1 1 2 1 2 0 1 0 0 1 1 0 0 0 1 2 1 0 1 1 1 3 0 1 1 2 1 1 1 1 0 0 1 1 2 1 4 1 2 1 0 2 3 2 0 0 1 0 3 4 1 1 0 0 4 1 1 0 0 0 0 1 2 1 0 1 2 0 0 1 1 1 5 2 1 1 1 1 1 1 2 4 1 0 2 2 0 0 1 0 1 1 1 2 1 2 0 3 1 0 1 1 0 0 3 1 1 1 0 2 2 1 1 1 1 3 0 1 2 2 1 1 1 0 0 2 1 2 2 0 2 2 1 0 2 5 1 1 2 1 1 1 4 1 2 1 1 4 0 2 0 2 1 2 2 0 0 1 0 1 0 1 1 0 1 1 0 2 1 1 1 1 0 1 2 3 0 0 1 1 1 1 1 2 1 1 4 4 3 2 1 0 2 0 2 1 2 1 1 0 2 0 2 0 3 1 2 3 0 1 1 1 0 1 2 4 1 1 2 4 0 2 2 2 1 1 0 4 0 0 2 2 0 1 2 3 2 0 2 1 2 1 2 1 2 1 0 0 0 0 0 3 1 0 3 1 2 2 2 2 0 3 0 0 1 1 0 2 0 1 2 1 3 1 0 1 2 2 1 0 2 1 0 1 0 2 1 1 1 0 2 0 1 2 4 0 1 0 1 1 2 1 1 1 1 0 1 1 2 1 2 0 1 0 1 1 2 3 2 1 2 1 0 2 1 1 1 0 2 0 2 1 1 2 0 0 4 1 1 1 2 3 0 1 2 1 1 0 3 2 2 2 0 1 0 0 1 0 1 2 0 2 1 1 1
Mean: 1.259
Varience: 1.22715
-------------------------------
Output1 for generation 2900:

Oceanic mean pheno: 8.01272
Freshwater mean pheno: -7.67431
2 2 0 3 0 0 0 2 2 1 1 1 1 0 2 1 0 3 1 2 1 3 1 0 1 2 2 0 1 0 0 1 1 2 0 3 1 2 2 2 3 5 1 1 0 1 3 1 0 1 3 2 1 1 2 1 2 3 1 1 1 3 0 2 0 1 0 1 2 2 3 1 2 2 0 2 2 0 0 1 0 0 1 0 1 1 1 1 2 1 3 0 1 3 2 1 1 5 1 4 1 0 0 1 1 0 0 1 1 1 1 3 0 2 2 1 2 1 1 0 0 2 1 0 2 0 1 5 2 1 0 0 1 1 1 0 1 1 2 1 1 2 0 0 0 3 2 2 0 2 0 1 2 1 0 0 2 0 3 2 1 0 0 4 0 1 2 5 2 3 2 0 1 1 3 0 1 1 2 0 0 2 0 3 1 1 1 1 1 1 1 1 1 2 0 2 1 2 1 1 0 0 0 1 1 0 1 1 1 2 0 3 0 1 0 3 1 0 1 3 0 1 3 2 1 1 1 1 3 0 2 1 4 3 1 0 0 1 1 0 1 4 2 3 1 1 0 1 0 2 1 0 1 1 2 2 1 1 1 2 4 0 0 1 2 0 0 1 0 1 1 1 0 0 1 0 2 0 1 1 1 0 1 0 1 0 1 0 2 0 1 3 2 0 2 2 2 2 1 0 3 0 0 2 4 1 2 1 1 1 0 0 3 0 0 0 3 1 1 2 4 0 2 1 0 1 2 2 4 2 3 1 0 1 2 1 1 0 1 2 1 0 1 0 3 1 2 1 1 1 0 0 1 1 1 2 0 4 1 1 1 1 1 0 1 0 0 2 2 0 1 3 1 2 0 3 3 2 3 0 3 1 3 0 1 0 1 2 1 1 0 2 1 2 2 1 2 2 2 5 2 0 3 1 1 0 1 0 0 1 1 4 0 0 0 2 1 2 3 3 3 1 1 0 1 0 1 2 3 0 1 1 1 2 0 0 1 1 0 0 0 1 0 0 2 2 0 1 0 0 2 2 2 0 6 1 4 3 1 1 2 4 0 1 1 0 2 2 1 2 2 0 1 2 1 2 3 2 3 2 2 0 1 0 1 1 2 2 2 1 2 1 3 0 1 1 1 0 1 3 2 0 3 0 1 2 2 0 1 1 2 1 1 3 0 4 3 2 0 2 1 3 3 1 0 2 0 0 2 2 2 0 1 1 1 1 0 0 0 4 1 2 2 2 2 1 1 4 0 0 2 0 0 1 2 1 2 2 1 0 0 1 0 2 1 2 2 4 1 1 1 1 4 3 4 0 2 3 2 0 2 1 0 3 2 2 2 2 0 0 1 1 0 2 0 3 1 1 0 0 2 1 0 0 2 1 0 1 1 2 2 1 2 1 3 2 3 3 2 1 1 0 3 1 2 0 3 2 0 3 1 3 1 2 1 1 2 3 1 2 0 3 0 1 0 1 0 0 0 2 1 4 1 3 1 3 3 1 4 1 7 2 1 0 1 2 0 2 3 0 1 3 3 2 1 0 3 2 1 1 1 0 0 1 3 2 0 2 1 2 0 0 1 0 0 1 1 2 1 1 2 3 1 1 1 3 0 1 1 2 2 0 1 0 2 3 2 2 2 0 2 0 2 1 1 0 1 2 2 0 2 0 3 0 0 0 5 2 0 3 2 2 0 3 4 3 0 1 1 0 3 2 1 2 1 1 2 2 0 2 2 0 3 1 1 2 2 0 0 2 3 1 2 2 0 1 4 3 2 0 2 4 2 1 3 1 2 1 2 3 1 1 0 2 2 0 1 3 1 1 1 0 4 2 1 0 1 1 3 0 0 0 1 4 3 0 4 2 1 0 4 3 1 2 2 1 1 1 4 3 2 3 0 3 1 0 1 1 1 3 2 2 0 1 1 0 1 1 0 3 2 1 2 1 3 0 2 2 4 0 0 2 1 0 0 2 3 1 2 0 3 2 0 1 3 2 1 2 1 1 0 0 1 0 1 0 2 2 1 3 3 1 2 3 1 0 3 0 3 1 0 2 1 0 1 4 2 1 1 1 2 2 2 2 0 1 2 0 1 0 3 1 0 0 1 0 0 1 2 2 1 0 1 0 1 4 1 1 1 0 2 0 1 2 1 2 0 2 0 1 1 4 3 1 1 2 2 0 0 0 0 0 0 1 2 2 0 0 3 0 0 2 1 0 2 3 2 1 1 3 0 2 2 2 3 2 2 0 3 0 1 2 0 0 2 2 2 0 1 1
Mean: 1.326
Varience: 1.29302
-------------------------------
Output1 for generation 3000:

Oceanic mean pheno: 8.46895
Freshwater mean pheno: -7.68948
2 0 1 2 0 0 1 2 3 1 0 1 1 1 1 0 0 2 0 2 0 2 1 1 1 1 1 0 3 0 1 0 1 1 1 3 2 1 2 2 2 3 2 0 0 1 1 1 2 2 0 3 1 1 4 1 2 4 4 1 2 3 3 0 0 2 0 1 2 2 2 0 3 1 0 2 1 1 2 1 1 0 1 3 1 0 0 2 0 2 1 1 1 1 3 1 1 0 0 5 3 1 0 0 1 1 0 0 1 3 2 0 0 2 0 1 0 2 0 0 0 1 1 2 3 1 1 5 0 0 3 2 0 1 2 0 1 4 3 0 1 2 1 0 0 2 2 3 0 1 0 0 2 2 1 0 3 0 1 1 0 0 0 4 1 1 3 2 3 1 2 0 2 1 2 0 1 0 2 2 1 1 1 1 1 0 1 2 0 1 1 1 1 2 3 6 0 1 0 1 2 0 1 0 1 2 0 3 0 3 0 3 2 2 1 3 1 2 3 1 3 1 1 1 2 1 2 0 2 1 4 1 3 4 1 1 0 0 2 0 0 3 1 2 0 1 0 0 0 2 1 2 1 1 1 2 1 1 1 1 3 2 1 1 1 1 1 2 0 1 2 0 2 2 5 2 2 1 2 1 0 0 3 0 4 1 2 0 0 0 0 4 2 1 0 1 2 0 2 0 3 2 0 1 3 1 2 1 0 1 1 1 0 1 0 0 1 3 1 1 4 1 2 1 0 0 3 3 4 0 1 3 0 1 1 1 1 1 1 2 1 0 0 0 3 2 1 3 2 1 1 1 1 2 3 1 0 3 0 0 2 3 0 0 1 1 1 1 2 0 1 2 0 3 1 2 2 2 5 1 1 1 4 1 1 1 0 0 2 2 1 2 1 1 2 0 1 1 1 1 1 0 3 0 1 1 0 0 1 2 0 1 0 1 3 4 1 2 3 1 3 2 1 1 2 0 1 2 0 0 1 3 2 2 2 0 3 2 0 0 0 1 0 1 2 4 1 1 0 0 0 1 2 0 3 2 2 3 2 1 2 1 1 2 1 0 1 3 2 2 3 0 1 2 0 1 2 2 3 2 2 1 2 0 0 2 2 2 5 1 1 3 4 2 1 0 1 1 1 2 2 0 1 1 1 3 1 1 1 1 4 1 1 2 1 2 2 1 0 2 0 0 2 0 1 2 0 0 4 1 3 2 2 1 0 1 0 0 3 1 1 1 1 2 2 0 1 0 0 0 2 4 1 0 2 3 2 1 1 0 1 0 1 1 1 2 1 4 3 2 1 1 4 3 4 1 2 3 1 0 0 1 0 2 3 2 1 1 0 1 0 1 0 3 0 3 2 0 1 0 4 1 1 1 2 0 1 0 2 1 1 0 6 2 2 1 3 2 3 1 2 1 2 1 1 0 1 0 0 4 1 2 1 1 2 0 0 2 1 4 0 1 1 0 0 1 0 1 0 2 1 3 2 3 3 2 2 0 3 2 1 1 4 2 1 1 1 4 1 0 2 3 2 2 1 0 2 1 2 0 0 1 1 1 2 0 1 2 0 3 1 0 1 0 0 1 2 3 1 0 2 2 2 3 3 2 1 1 2 2 0 1 0 1 2 1 0 1 1 0 1 0 3 0 2 1 0 0 2 0 1 0 2 0 0 2 1 3 0 2 3 0 1 1 4 3 1 2 1 0 1 2 0 3 3 1 0 2 0 0 0 0 3 2 2 1 1 2 0 1 2 1 1 1 0 1 2 3 1 0 0 1 3 0 2 0 2 1 2 1 3 1 0 0 1 0 1 1 2 0 1 1 2 2 2 1 1 2 5 0 0 0 2 4 2 0 2 1 1 0 3 2 3 1 2 1 2 0 1 2 2 2 0 2 0 1 1 2 2 3 2 2 2 0 1 1 1 2 0 2 3 0 2 1 4 2 3 0 2 1 0 0 0 0 1 1 2 1 1 2 3 2 0 3 2 3 1 2 1 1 0 0 1 1 0 0 2 1 1 2 2 2 0 5 2 0 2 0 1 1 1 0 2 1 2 3 2 2 1 1 2 2 2 1 1 3 0 1 0 1 2 1 1 1 1 0 0 0 2 5 0 1 1 1 1 1 2 1 1 2 0 0 2 3 1 1 2 1 0 1 1 1 2 1 0 1 2 1 2 0 1 1 0 2 1 4 1 0 1 1 1 2 3 1 0 2 3 1 1 4 1 3 2 2 4 2 1 0 0 2 0 2 0 2 2 1 3 1 0 1
Mean: 1.325
Varience: 1.25863
-------------------------------
Output1 for generation 3100:

Oceanic mean pheno: 8.34156
Freshwater mean pheno: -7.46428
2 1 0 2 2 1 3 3 2 1 0 2 2 1 1 1 1 2 1 1 1 1 1 1 1 0 2 0 2 0 1 1 2 1 0 2 1 1 3 3 2 2 2 1 0 2 0 0 0 2 3 2 0 1 2 1 0 1 0 2 2 4 0 2 1 3 0 1 2 3 0 1 3 2 0 3 1 0 1 3 1 2 2 0 0 1 0 3 0 2 1 1 3 2 2 1 1 0 1 3 1 2 0 1 1 3 1 1 0 3 2 0 2 2 1 1 0 1 0 2 0 1 1 2 2 0 1 3 0 0 0 0 1 1 1 1 2 2 4 2 0 2 1 3 3 3 2 3 0 1 0 1 4 0 1 1 3 2 1 2 1 0 0 2 3 0 1 1 3 4 0 0 1 0 3 2 2 0 2 1 0 0 0 2 3 1 0 2 0 1 0 2 2 2 1 5 2 2 0 3 0 0 0 0 2 0 1 0 0 4 1 3 0 2 1 3 2 2 2 0 1 1 1 1 1 3 2 0 4 1 1 1 3 5 1 0 0 1 1 1 0 4 2 1 1 0 1 0 0 0 2 0 2 2 2 2 1 1 1 2 3 0 0 0 1 0 0 1 0 3 1 1 3 1 0 1 2 1 1 1 1 0 0 1 1 0 4 0 1 0 0 3 3 2 6 2 4 0 0 0 3 1 0 3 3 1 2 1 0 1 1 0 0 0 1 1 1 2 0 1 3 0 2 1 2 0 2 3 2 0 2 0 0 1 1 2 2 3 0 4 3 0 0 0 3 2 2 2 1 2 1 0 2 1 2 0 1 1 0 0 4 1 0 0 3 0 1 1 4 1 2 1 1 3 1 1 2 2 4 1 1 1 1 1 1 3 0 0 3 2 2 3 0 0 1 1 0 2 3 2 1 1 3 1 1 0 1 1 2 3 1 2 2 0 2 2 1 1 4 1 2 0 3 2 1 1 2 0 0 0 1 2 2 6 0 0 2 2 0 0 1 2 1 2 1 2 0 1 0 1 1 2 2 0 3 0 0 3 2 3 1 0 1 1 1 2 2 4 1 3 4 1 2 3 2 2 3 1 3 2 1 1 4 1 2 0 3 1 3 3 1 1 4 1 1 0 2 0 1 2 3 1 1 1 0 0 1 0 1 2 4 1 1 1 2 3 2 1 0 3 2 0 1 0 1 4 1 2 4 1 3 1 2 2 2 0 3 2 3 2 0 1 3 3 1 1 1 0 1 0 3 1 0 0 2 2 2 1 0 0 1 0 0 1 1 1 2 3 0 1 2 1 4 4 2 0 3 2 1 0 0 2 0 2 1 1 3 0 0 0 3 0 0 1 0 4 2 0 2 0 2 0 0 1 1 1 0 2 1 1 1 0 3 2 3 1 2 2 2 0 1 1 1 0 2 0 1 0 1 1 1 3 2 2 2 1 1 1 4 3 2 1 1 1 1 2 0 2 1 4 2 2 1 3 2 3 3 1 3 2 0 1 4 0 2 1 2 1 0 0 4 5 1 2 0 0 1 3 2 1 0 0 0 0 2 2 1 1 1 2 0 1 2 1 2 1 1 1 2 0 2 3 2 4 2 1 1 1 0 2 1 2 0 1 1 0 0 0 1 0 2 0 3 1 1 0 0 0 3 0 2 0 1 0 2 2 1 2 0 2 7 0 0 2 5 4 1 3 1 0 1 0 0 2 4 2 0 0 0 1 1 1 3 3 1 2 2 1 0 1 4 1 1 1 1 1 2 4 0 0 0 0 2 2 2 0 2 1 0 2 1 1 1 1 2 1 2 1 1 1 2 1 1 1 0 0 2 1 2 0 1 0 0 3 4 0 2 1 0 1 3 2 0 0 0 2 0 0 2 2 0 2 2 1 0 1 1 1 0 3 1 1 0 2 2 2 3 0 1 3 1 0 3 0 4 0 1 3 2 0 1 0 0 3 1 1 3 0 3 1 2 2 0 1 2 0 1 1 4 2 0 1 0 1 1 0 4 1 1 3 0 1 0 3 2 0 4 0 2 2 1 1 2 1 0 1 2 4 1 0 1 0 2 1 1 1 0 0 0 1 2 2 2 1 4 1 2 1 2 2 0 1 1 1 1 4 1 0 0 2 0 0 2 4 1 1 1 1 1 1 1 1 4 3 2 1 0 2 1 0 0 0 2 0 1 3 1 2 1 1 0 2 1 0 1 3 1 2 2 5 0 4 2 1 2 3 1 0 0 0 0 3 1 1 1 0 2 3 3 1
Mean: 1.35
Varience: 1.37688
-------------------------------
Output1 for generation 3200:

Oceanic mean pheno: 8.82367
Freshwater mean pheno: -7.57352
1 3 0 2 2 0 1 4 0 3 1 1 0 2 1 1 2 5 0 2 1 2 1 1 1 1 1 1 3 2 1 1 1 1 0 2 2 1 2 3 2 3 1 2 0 2 0 0 1 3 1 2 1 0 1 1 1 1 0 2 2 4 0 0 0 2 2 1 3 1 1 2 2 3 0 2 0 0 1 1 3 0 3 1 1 0 2 4 0 3 1 1 1 1 4 1 1 0 1 3 1 1 0 1 1 0 1 0 0 2 2 0 0 1 2 0 0 2 2 2 1 1 1 1 2 0 1 2 1 0 0 0 0 1 1 0 1 1 2 0 2 3 1 4 2 5 2 4 0 1 1 3 2 0 0 0 3 2 1 1 0 2 1 2 0 0 1 2 2 1 0 0 1 1 2 0 3 0 2 0 1 2 1 1 4 1 1 1 0 2 2 2 1 2 1 3 0 1 0 2 0 2 1 0 1 3 0 1 1 2 1 2 0 1 0 2 0 2 2 0 3 1 0 2 1 1 1 1 2 0 4 2 2 3 0 0 1 3 1 3 0 5 2 1 1 1 1 0 0 0 2 0 2 4 0 2 0 1 1 1 3 0 1 0 2 3 1 0 0 4 2 1 2 0 1 2 2 1 1 2 0 0 0 0 3 0 2 0 0 1 0 1 2 2 2 1 3 0 0 0 4 1 0 0 3 1 2 1 0 1 0 2 1 1 1 0 2 1 0 0 4 0 3 1 1 2 2 1 4 1 1 0 0 0 3 1 1 1 1 2 2 0 1 6 3 2 0 1 1 0 1 0 1 1 0 1 2 1 1 0 2 2 0 1 2 3 0 1 4 1 1 2 0 6 1 2 2 2 3 0 0 1 3 3 1 1 1 1 2 0 0 1 2 0 1 2 2 2 3 1 1 0 3 0 2 0 2 2 2 2 2 1 0 2 2 1 1 1 2 0 2 1 1 2 1 3 1 1 2 2 0 2 0 2 0 2 1 3 0 3 1 1 0 1 1 2 1 0 1 0 1 1 0 0 3 0 0 3 1 1 1 1 1 1 5 1 2 4 1 4 3 0 1 3 0 2 2 1 2 4 2 1 2 1 1 1 1 0 5 1 2 1 2 0 0 0 1 0 3 1 1 0 1 0 0 1 1 2 2 3 3 0 1 1 0 2 0 2 2 2 2 1 1 0 1 1 0 2 3 0 3 0 2 3 1 0 1 0 1 3 1 1 1 5 1 0 1 0 0 0 1 1 0 1 2 2 1 1 3 2 0 0 0 0 2 2 1 3 0 2 3 2 2 2 3 0 3 3 0 1 0 1 0 2 0 1 1 1 0 0 2 0 0 1 0 5 2 2 2 1 1 0 2 1 0 1 0 1 3 2 1 1 2 2 1 1 2 1 1 0 1 1 1 0 2 0 3 1 0 2 2 2 1 0 3 3 0 2 1 2 1 1 1 1 0 1 2 2 1 1 1 1 1 2 2 2 3 1 2 2 1 0 3 0 1 0 0 3 1 1 5 4 1 2 0 0 0 0 1 0 1 0 1 0 1 0 1 0 0 2 2 0 1 0 2 1 0 1 1 0 2 1 2 1 2 3 2 2 0 2 0 2 2 1 1 4 0 0 1 0 1 0 1 1 0 0 0 1 2 0 1 0 1 3 2 0 1 1 1 3 8 0 1 1 3 4 0 2 1 1 1 1 0 2 4 2 1 0 0 1 0 1 3 2 0 1 2 2 1 1 4 0 1 1 2 1 1 2 1 0 1 0 5 1 1 1 1 2 0 1 2 0 1 1 1 0 2 1 2 1 0 2 1 1 1 2 0 0 2 0 0 1 1 2 3 0 2 0 0 1 3 2 1 0 1 1 1 0 1 1 0 3 0 2 0 2 0 1 1 3 0 1 0 0 1 1 0 2 1 2 2 0 2 2 2 2 0 4 3 1 0 1 0 0 1 1 3 3 1 0 2 3 0 2 2 2 1 2 1 1 0 2 1 1 3 0 4 4 2 2 2 2 0 2 2 2 4 2 0 4 2 0 3 0 2 1 0 1 0 1 1 0 3 1 1 1 1 1 2 0 4 2 0 1 1 3 1 2 3 2 2 1 1 0 1 2 1 1 1 1 0 1 4 1 0 2 2 0 2 0 2 2 3 1 0 2 0 3 2 1 1 0 0 0 1 3 0 2 1 1 0 3 1 0 1 3 1 0 2 2 1 1 2 1 2 1 1 0 1 1 0 5 1 1 2 0 2 1 3 1
Mean: 1.283
Varience: 1.29621
-------------------------------
Output1 for generation 3300:

Oceanic mean pheno: 8.43875
Freshwater mean pheno: -7.76511
1 3 1 4 1 1 2 2 2 1 0 2 0 2 2 4 0 2 2 1 1 0 0 0 1 0 2 0 2 0 2 0 2 1 0 2 2 1 3 2 4 2 2 0 0 2 0 0 2 5 1 2 0 2 1 0 1 1 1 1 1 3 1 0 2 4 0 2 2 1 1 1 3 1 0 2 1 0 0 2 1 2 0 1 1 0 1 1 3 2 3 0 1 2 4 2 0 3 0 2 2 0 0 1 0 0 1 2 0 3 2 0 1 1 0 1 0 0 1 1 1 2 1 0 2 1 1 3 1 1 0 0 0 2 1 0 2 1 1 0 1 2 0 2 2 4 2 3 0 1 3 0 3 2 0 1 3 1 1 1 0 0 4 2 1 0 2 1 1 0 0 0 1 1 2 2 1 1 3 1 2 1 1 1 3 2 1 1 1 2 1 1 2 4 3 3 1 1 0 3 1 0 3 0 1 2 0 1 0 2 1 3 1 0 0 2 0 2 1 0 0 1 0 2 1 3 1 2 2 1 3 2 2 2 1 0 1 1 1 2 0 3 0 1 0 1 1 1 1 0 1 1 2 4 0 2 0 2 2 1 4 1 4 0 1 1 0 0 0 2 3 1 2 2 2 1 1 1 1 2 1 1 2 0 4 0 3 3 0 0 2 1 4 2 0 1 6 1 0 2 2 2 1 0 4 3 2 2 0 1 2 3 1 0 0 1 1 1 0 0 2 1 5 2 1 0 1 1 3 1 2 0 1 3 3 2 0 1 0 1 1 0 0 0 2 1 0 1 1 0 0 1 1 1 1 2 1 1 3 0 2 1 0 1 3 1 2 1 2 0 1 1 0 3 0 2 1 2 2 0 3 2 1 0 2 1 1 2 1 1 0 2 1 1 3 2 1 1 1 2 2 1 2 0 0 0 1 0 1 0 1 0 0 1 0 2 1 0 4 1 2 1 1 2 2 1 0 0 2 1 1 0 0 1 1 1 3 2 1 1 2 1 1 1 2 1 1 2 0 2 0 0 1 1 2 0 1 4 1 0 3 1 1 2 3 0 2 3 1 2 3 1 1 4 0 1 2 2 3 1 1 1 2 1 0 0 1 0 2 2 0 2 4 2 0 1 1 0 2 2 0 0 2 0 0 1 1 1 0 3 2 0 2 1 0 2 0 2 1 2 0 1 1 1 2 2 1 1 3 0 2 2 2 2 0 1 0 1 1 2 2 1 0 1 3 0 1 0 0 1 2 0 0 1 1 2 1 1 0 0 0 0 0 0 3 2 3 3 1 1 1 2 2 4 2 1 3 3 5 1 0 1 1 2 0 1 1 0 0 1 1 1 1 2 0 4 2 1 2 0 1 0 2 1 0 0 2 3 1 1 3 0 2 2 1 1 1 1 1 0 0 0 1 0 1 0 2 0 1 2 1 2 3 0 3 0 1 3 1 3 0 1 0 0 2 1 1 0 1 1 1 1 1 5 2 2 2 1 1 1 0 0 3 1 2 1 0 2 0 0 2 5 1 3 2 0 0 0 1 0 0 1 0 2 3 1 1 0 1 3 2 2 0 1 0 2 0 1 3 2 1 1 1 0 0 1 0 2 0 2 0 2 1 1 2 2 0 0 0 1 1 1 0 0 1 0 0 0 5 0 3 0 1 1 0 2 1 1 1 2 3 0 0 2 2 3 1 2 3 0 1 2 1 2 3 2 1 0 0 1 0 0 4 3 2 0 1 1 0 1 4 0 0 1 2 2 3 1 0 1 1 0 2 2 1 1 1 2 0 1 2 0 1 2 1 0 3 1 1 1 1 0 2 1 0 1 1 0 2 1 0 0 1 2 2 1 1 1 0 2 3 3 0 3 0 1 2 0 2 1 1 3 1 1 1 1 0 2 1 6 1 1 1 1 0 0 1 0 1 4 3 1 3 1 4 1 0 3 2 1 1 1 0 1 0 1 2 1 1 0 1 3 1 4 2 1 0 2 1 1 0 1 0 2 2 1 2 3 2 1 1 1 0 2 2 0 2 3 1 2 2 1 1 1 0 2 0 2 2 0 1 0 3 1 1 2 0 2 0 0 3 1 0 0 2 3 0 0 3 2 0 1 1 2 3 2 0 2 0 1 1 0 3 3 0 1 1 1 3 0 1 1 2 1 1 2 0 1 1 2 1 1 0 1 3 2 2 0 0 0 0 2 1 1 0 3 1 2 2 3 1 2 4 3 3 1 1 1 0 1 0 4 3 2 2 0 1 3 4 2
Mean: 1.265
Varience: 1.20798
-------------------------------
Output1 for generation 3400:

Oceanic mean pheno: 8.52804
Freshwater mean pheno: -7.86386
0 1 0 5 4 0 2 2 2 0 0 1 0 2 0 2 0 3 1 1 1 2 1 0 2 2 2 1 2 0 1 0 5 4 2 2 3 1 3 1 3 4 1 1 2 2 0 1 3 1 1 2 0 2 1 0 1 0 2 1 2 3 0 1 0 3 3 0 3 0 2 0 2 2 0 1 0 0 2 1 0 1 1 1 1 0 0 0 0 1 3 1 1 3 5 2 0 0 1 2 1 0 0 3 1 0 1 2 2 1 1 1 0 1 1 0 0 0 1 2 1 2 1 0 0 0 2 6 0 0 0 2 1 1 1 1 1 3 3 0 2 2 1 2 2 5 4 1 1 1 1 1 2 0 0 2 2 1 1 1 1 0 0 0 3 1 3 1 2 0 0 2 2 1 3 2 2 0 4 1 2 0 1 0 1 2 1 1 2 2 1 0 1 2 2 3 0 2 0 2 1 1 1 0 1 2 0 0 2 2 1 3 0 0 0 2 1 2 1 0 1 2 0 1 1 1 2 2 1 1 3 0 3 3 0 1 0 1 1 1 2 3 0 1 0 0 2 1 0 1 2 1 2 1 1 3 1 2 0 2 4 2 1 0 2 2 1 0 0 0 3 0 1 1 0 0 1 1 0 3 1 1 0 1 4 1 1 0 1 0 2 1 3 0 1 1 6 1 2 2 1 0 1 0 4 2 3 1 0 1 1 2 0 0 0 0 0 1 2 0 2 1 2 4 1 0 3 2 3 2 2 0 0 0 3 1 2 3 2 0 0 2 0 0 1 0 1 1 1 1 1 0 1 3 1 2 0 2 0 1 3 1 0 2 2 1 1 2 2 0 1 2 0 3 1 4 3 2 3 0 3 1 1 0 2 0 1 2 2 0 0 0 1 0 1 1 1 2 0 2 2 0 3 0 0 0 0 0 0 0 1 0 1 2 1 2 1 0 1 2 3 0 1 2 3 1 0 0 3 1 1 0 1 0 0 0 1 1 0 1 0 0 0 1 3 1 0 1 1 1 0 2 0 0 1 0 1 5 1 0 2 0 1 2 4 0 1 2 1 4 2 2 1 3 0 3 3 2 2 1 2 2 2 2 0 0 4 1 3 2 0 1 3 2 3 0 1 1 5 1 1 1 3 0 0 1 1 0 0 1 2 0 1 1 0 2 0 1 2 1 1 1 1 0 2 2 0 0 3 0 1 0 2 2 1 0 0 2 0 1 0 2 0 0 2 2 1 0 1 1 4 0 2 1 2 3 2 1 0 0 0 1 0 0 2 2 2 3 1 2 3 2 3 3 2 2 2 4 2 0 1 3 0 1 1 3 2 0 1 1 0 1 2 3 3 4 2 3 1 1 1 2 0 1 1 1 1 1 2 1 2 0 2 3 1 0 3 2 2 0 1 0 1 0 2 0 1 2 1 1 1 3 2 0 2 1 0 1 1 2 1 0 0 0 1 1 1 0 2 1 0 1 1 2 1 2 2 0 1 1 2 0 4 1 2 2 0 3 1 1 2 6 2 2 2 1 0 0 3 0 1 1 0 4 2 2 0 0 1 5 2 3 1 0 1 0 0 1 2 3 2 2 1 0 1 0 0 2 1 3 0 1 1 1 1 2 2 2 1 1 1 1 0 1 1 1 0 1 3 0 3 2 1 2 1 1 1 2 1 3 1 0 0 2 3 4 2 0 0 0 2 1 4 2 4 2 0 0 0 1 2 1 5 3 0 0 1 2 1 2 4 0 2 1 2 0 3 2 1 2 1 1 3 0 2 1 1 3 3 2 2 0 0 0 2 2 1 2 1 2 1 1 1 2 0 0 2 0 2 2 2 1 1 2 2 1 1 0 0 2 1 3 2 2 1 2 2 0 0 2 1 3 1 1 2 2 0 2 1 3 1 0 1 0 1 0 0 0 2 4 3 0 3 0 2 1 1 3 0 0 0 0 2 2 1 0 2 0 3 1 1 4 0 4 0 2 1 2 1 1 1 2 0 3 1 1 2 2 2 3 0 1 1 2 0 1 1 1 1 1 0 2 1 0 1 2 0 3 0 0 3 1 3 0 3 0 1 0 2 1 3 1 2 1 2 3 2 1 2 1 1 1 2 2 3 3 0 1 1 0 1 1 3 1 2 1 1 2 3 0 1 1 2 2 2 1 1 1 1 0 0 0 0 2 3 1 1 0 0 0 1 1 2 1 0 3 1 1 1 2 0 2 3 3 3 2 2 2 0 1 1 5 0 2 2 0 1 1 5 1
Mean: 1.3
Varience: 1.3013
-------------------------------
Output1 for generation 3500:

Oceanic mean pheno: 8.68611
Freshwater mean pheno: -8.01353
0 0 0 3 2 2 3 3 1 0 0 0 0 3 1 3 0 5 0 2 0 1 2 3 4 1 2 0 3 0 1 1 2 1 1 5 3 1 5 2 5 4 1 2 0 1 0 2 2 1 2 2 0 3 1 0 2 1 1 1 3 2 0 1 1 2 1 1 2 1 0 2 2 1 1 1 1 0 1 4 0 0 0 1 1 2 1 1 3 1 1 0 0 3 2 1 1 1 0 4 1 0 1 1 0 0 1 2 1 2 1 0 1 1 1 0 0 2 1 1 1 3 3 1 0 0 2 5 2 2 0 1 3 1 2 2 1 1 1 0 0 4 0 2 4 5 3 1 0 2 2 0 2 2 0 1 2 0 1 1 1 2 0 1 1 0 2 2 0 2 0 0 2 2 3 1 5 1 4 2 1 0 3 0 2 0 0 1 2 1 1 0 2 2 2 3 0 2 0 2 2 0 1 0 2 1 0 1 2 2 3 1 1 0 0 2 0 2 4 0 2 1 1 1 1 4 1 0 2 2 2 2 3 2 0 0 1 1 1 2 1 1 0 0 2 0 1 1 1 0 1 1 2 1 0 4 0 3 3 3 4 0 1 2 3 2 1 1 0 0 1 0 1 2 1 2 1 0 1 3 3 1 0 1 5 2 2 1 0 1 3 1 3 0 1 1 4 1 3 1 1 1 2 1 3 2 2 1 0 2 1 2 0 0 1 0 2 2 1 0 2 1 2 3 4 0 1 1 3 1 0 2 0 1 2 2 0 2 0 0 0 0 0 0 2 0 1 1 1 1 1 1 1 0 1 1 1 1 1 0 2 1 1 3 1 1 0 2 2 1 1 1 0 4 1 1 2 4 1 0 1 1 2 1 2 0 1 2 0 0 0 0 0 0 2 2 0 2 2 1 2 1 3 2 0 0 2 1 0 1 0 0 0 1 0 1 1 1 1 3 1 3 2 1 1 0 0 0 6 0 1 0 1 2 0 2 2 2 0 1 1 3 1 2 4 3 0 0 0 0 0 2 0 0 1 0 1 4 1 3 1 1 1 2 2 0 2 3 1 2 3 1 2 3 1 2 5 1 3 3 1 2 2 2 1 0 3 1 2 2 1 3 5 1 3 0 0 0 4 2 1 3 2 0 0 1 2 0 0 2 3 1 1 0 0 4 0 1 2 1 0 0 1 1 0 3 1 0 3 0 3 1 0 2 0 0 0 1 1 1 1 1 1 0 2 1 1 0 1 1 2 0 0 1 1 3 1 2 0 2 1 0 1 0 3 2 2 3 1 0 4 2 3 2 3 0 1 3 0 0 0 2 0 2 0 3 3 1 0 2 0 2 0 2 1 4 2 0 2 2 1 0 0 2 1 2 2 0 2 1 2 1 3 2 1 1 2 1 3 1 1 0 2 0 2 0 1 0 1 4 1 2 1 0 3 0 1 1 2 2 0 1 1 1 3 1 1 1 2 0 0 2 1 3 1 2 3 0 0 1 0 0 3 1 1 1 0 4 0 2 1 5 1 3 0 1 0 1 1 0 0 0 2 1 3 1 0 2 1 3 0 1 0 0 0 2 0 1 2 1 2 1 1 2 2 0 1 1 0 5 0 1 1 2 1 1 1 0 4 0 1 0 0 0 2 0 0 0 3 0 2 0 2 2 0 1 1 1 2 3 2 3 0 0 3 2 2 1 1 0 2 1 1 1 3 3 0 0 0 2 0 1 4 2 0 0 1 2 0 1 4 1 0 0 4 1 1 1 0 2 0 1 2 1 0 2 1 3 3 1 3 0 0 2 0 1 1 1 1 3 2 1 1 2 2 2 1 0 2 2 0 1 1 2 4 1 1 0 0 0 1 2 0 2 1 1 0 2 1 1 1 2 0 2 0 1 0 1 3 4 0 2 1 0 0 2 1 0 1 4 3 0 1 1 2 1 2 2 0 0 0 0 1 3 0 1 2 0 3 0 1 4 0 2 0 2 1 2 3 1 0 0 0 3 1 1 3 2 1 2 0 3 1 2 0 0 1 2 0 1 0 1 2 1 1 3 0 3 1 1 1 3 3 3 1 0 0 0 1 0 4 1 0 1 1 2 1 1 1 1 0 1 1 1 2 1 1 0 1 1 1 1 2 2 1 1 3 0 2 1 4 0 3 2 0 2 0 0 1 0 1 1 1 1 1 3 1 0 0 0 1 2 1 1 0 3 1 1 1 1 1 2 3 2 3 1 3 0 1 0 0 3 0 2 2 0 1 2 5 2
Mean: 1.294
Varience: 1.35292
-------------------------------
Output1 for generation 3600:

Oceanic mean pheno: 8.875
Freshwater mean pheno: -8.20959
3 1 0 3 2 0 2 1 2 1 1 0 2 1 1 2 0 3 1 1 2 1 2 2 2 0 3 0 4 0 2 1 3 1 2 2 3 2 5 0 4 4 1 1 1 1 0 2 2 1 2 2 1 2 3 0 0 0 3 1 2 4 0 0 2 2 1 0 2 1 1 3 2 3 1 2 0 1 2 3 1 0 0 1 1 1 0 2 1 3 1 1 0 4 2 3 3 1 0 2 6 1 0 1 0 0 1 1 2 1 2 1 1 1 2 1 1 1 1 3 0 4 1 2 1 0 2 4 0 2 2 0 1 3 3 0 3 1 1 0 0 7 1 4 2 5 3 4 2 2 0 0 2 0 0 1 3 1 0 1 1 0 0 0 1 1 2 1 2 1 2 1 1 3 2 1 2 3 2 0 1 0 2 1 1 0 1 0 3 3 1 3 1 2 1 3 1 2 0 3 2 0 2 0 1 1 0 1 1 4 2 1 0 0 0 3 3 2 2 0 0 1 0 2 2 1 2 0 1 1 2 1 4 2 1 1 2 1 1 1 0 3 1 0 2 0 1 1 2 0 0 2 1 1 0 4 0 4 1 3 4 0 0 0 4 2 1 3 0 0 2 2 0 2 0 0 1 0 0 2 1 2 0 0 2 0 1 0 1 0 2 1 3 0 2 1 3 1 3 2 2 1 1 0 3 2 2 1 0 2 1 2 1 0 0 1 0 2 2 0 3 1 2 2 0 1 3 1 3 3 0 1 1 1 2 1 1 2 0 4 2 0 1 1 1 1 0 2 0 1 1 1 2 0 1 1 0 2 1 0 1 1 1 1 2 2 0 2 2 1 2 2 0 5 1 2 1 2 1 0 0 1 1 1 0 0 2 1 2 0 2 0 0 0 2 2 0 2 0 1 1 0 2 1 0 0 0 1 0 0 0 0 0 0 1 0 1 0 1 3 1 4 3 2 1 0 1 1 5 1 0 0 0 0 0 1 1 1 0 0 0 1 0 2 2 3 0 0 1 2 0 1 0 2 1 0 0 5 2 3 1 2 0 0 2 1 1 2 2 3 3 0 2 2 0 3 3 2 3 3 1 1 1 2 2 0 2 1 2 1 2 2 2 0 3 0 0 3 3 2 2 3 1 0 0 0 3 0 1 2 2 1 0 0 0 3 1 1 2 1 2 0 1 1 0 1 1 0 3 0 3 2 0 2 2 0 0 2 1 2 2 0 0 2 2 3 2 3 1 0 1 1 0 1 4 4 3 4 2 2 2 1 1 0 3 3 3 2 0 0 4 2 2 2 2 0 1 4 0 0 0 2 1 3 2 1 2 0 1 1 1 1 0 1 0 6 1 0 1 2 1 3 1 1 0 1 4 0 2 0 2 1 2 2 2 1 1 2 2 0 1 0 1 0 2 2 1 0 3 2 0 2 1 1 2 0 0 1 2 3 1 1 0 2 0 3 0 0 2 1 1 2 2 2 1 2 2 0 0 2 1 0 4 0 1 0 3 1 0 1 1 6 1 1 1 2 1 1 1 0 1 0 1 3 3 1 0 1 1 3 1 0 2 0 0 1 2 2 2 1 4 1 2 0 0 0 0 1 2 4 1 0 2 2 0 0 1 0 2 3 1 0 0 0 1 0 0 0 2 0 2 1 1 1 2 1 1 0 2 3 1 2 0 0 2 3 2 1 2 1 3 3 0 3 5 4 1 1 0 2 0 1 3 2 0 0 1 2 1 1 2 1 1 0 3 1 1 2 0 3 0 1 2 1 0 2 2 3 1 5 3 1 0 0 2 2 0 0 0 2 2 1 2 1 3 1 1 0 3 3 1 1 0 1 2 1 1 2 1 1 1 3 0 0 1 1 0 1 0 2 1 3 1 0 2 2 0 1 1 1 0 1 1 2 0 1 2 0 2 3 1 0 1 2 3 0 1 2 0 0 0 0 1 1 2 2 1 0 3 0 1 2 0 1 2 2 1 2 0 1 0 1 1 3 2 0 4 3 1 1 2 1 0 4 0 0 3 2 2 1 1 2 1 1 0 2 0 3 0 2 2 2 2 1 2 0 0 1 1 0 4 1 0 0 2 2 1 1 1 1 0 1 2 0 2 1 3 0 1 1 1 2 3 2 0 1 2 1 3 3 2 1 2 2 0 1 0 1 3 1 0 0 1 1 0 2 3 2 1 2 0 1 3 2 1 3 1 2 1 1 1 1 4 2 2 2 5 2 0 0 0 4 0 2 2 1 3 1 3 1
Mean: 1.335
Varience: 1.36414
-------------------------------
Output1 for generation 3700:

Oceanic mean pheno: 8.93416
Freshwater mean pheno: -8.40179
0 0 0 3 2 0 2 1 2 0 0 1 3 0 1 4 1 2 3 2 0 1 1 3 0 1 2 0 3 1 2 1 3 2 0 2 5 1 3 1 5 4 2 0 0 0 0 0 1 1 0 2 1 1 1 2 1 0 1 2 1 3 1 0 1 3 1 1 3 2 0 0 2 2 1 3 0 1 0 4 0 1 0 0 1 2 3 0 0 2 3 2 0 3 5 1 1 1 0 1 2 0 2 2 0 1 0 0 1 3 2 1 2 1 4 2 0 0 1 1 2 5 2 1 1 0 1 4 0 2 0 1 1 1 4 1 1 2 1 0 0 4 1 2 1 4 3 2 1 1 1 0 1 2 0 2 2 0 1 3 0 1 1 0 1 3 2 1 0 0 0 0 1 1 3 2 2 1 3 1 1 1 2 0 1 0 0 0 4 1 1 0 1 1 1 3 1 0 0 2 1 0 0 1 1 2 0 0 1 3 3 1 1 0 0 2 0 3 4 1 0 2 0 2 4 1 2 1 2 2 2 1 2 3 0 0 1 1 1 1 0 2 0 1 3 2 2 1 1 1 1 2 4 0 1 3 1 5 0 2 3 1 0 1 2 2 2 3 2 0 2 1 0 2 1 3 1 0 1 3 1 1 1 1 2 1 0 1 0 1 1 2 2 1 2 3 3 1 3 2 1 2 0 1 4 1 3 1 0 1 2 0 0 0 1 1 0 2 1 0 3 0 3 2 1 1 2 1 3 2 0 1 0 0 4 1 1 0 2 1 4 1 0 0 2 0 0 1 2 2 2 3 1 0 1 3 1 0 0 0 1 1 2 0 1 1 0 1 0 2 1 2 0 4 1 2 2 2 1 1 1 1 1 0 1 0 0 1 0 1 2 0 0 0 3 3 0 1 0 0 3 0 3 1 0 1 1 1 0 0 1 0 0 1 3 1 1 0 2 1 3 0 4 1 0 0 3 0 4 2 0 0 1 0 0 0 1 1 2 1 1 1 1 0 3 4 1 1 0 1 0 2 2 1 1 0 1 3 2 2 1 1 0 1 5 1 2 2 1 3 5 0 4 3 0 3 3 2 5 0 2 2 1 1 1 1 2 1 2 1 1 2 2 0 1 0 1 1 3 1 0 1 1 2 1 1 1 0 2 2 2 3 0 1 1 2 2 2 2 1 0 1 1 2 0 3 2 0 2 1 4 0 0 2 2 0 1 1 1 1 0 2 0 1 4 2 1 3 1 1 2 0 1 1 2 3 2 1 0 1 0 0 1 0 4 2 1 4 1 0 3 4 2 1 5 0 1 6 0 0 1 4 0 1 0 1 2 0 0 1 2 3 1 2 1 4 1 1 1 1 1 1 1 2 0 1 2 2 1 0 2 1 2 4 2 2 2 3 3 0 2 2 1 0 2 2 2 1 1 2 1 2 2 1 1 1 1 1 2 1 0 2 0 0 0 2 0 0 2 1 2 4 2 0 2 2 3 1 0 3 1 0 3 1 1 2 3 1 0 0 1 6 1 0 1 1 1 0 2 1 0 0 1 1 3 0 0 0 1 4 0 2 2 0 1 2 0 1 1 2 1 1 2 0 2 1 2 1 2 2 0 2 5 0 1 0 0 0 0 2 2 1 1 0 2 0 0 1 3 1 2 1 2 1 2 2 1 0 0 2 2 2 2 0 3 3 4 1 1 0 1 1 0 1 3 2 2 3 0 2 1 2 6 2 2 0 2 2 2 3 4 0 1 1 2 1 1 1 0 1 1 1 1 1 1 1 2 4 2 3 0 1 0 1 1 1 0 0 3 0 1 1 1 3 1 3 2 0 4 0 1 0 0 2 2 0 3 0 1 1 2 3 1 1 1 3 1 0 0 0 0 4 1 2 0 3 1 2 1 1 0 1 0 0 0 2 3 0 2 2 1 0 1 0 3 1 1 2 0 0 1 0 1 0 0 3 2 0 5 1 3 2 0 1 0 1 1 3 0 2 0 0 2 1 3 1 4 1 0 1 1 2 0 2 0 0 1 2 0 1 2 1 2 0 1 1 1 2 0 3 1 2 3 1 1 1 0 2 3 1 3 2 1 2 4 1 3 1 2 1 1 1 1 0 3 2 1 0 1 0 3 1 3 2 0 1 3 2 4 2 2 0 1 2 0 1 0 2 2 0 1 1 1 1 0 3 1 1 0 2 0 2 2 1 2 3 1 1 1 1 0 1 3 3 2 2 5 0 0 3 0 4 0 1 2 1 2 1 4 1
Mean: 1.342
Varience: 1.40044
-------------------------------
Output1 for generation 3800:

Oceanic mean pheno: 8.83914
Freshwater mean pheno: -8.29486
0 3 1 3 2 0 2 3 2 0 1 2 1 1 1 3 1 2 0 1 2 1 0 0 0 1 1 1 5 1 1 1 2 1 0 2 3 1 3 0 2 4 2 1 1 0 2 2 3 1 0 3 0 0 1 1 0 4 1 1 2 2 2 0 1 2 3 0 3 2 1 0 1 1 3 2 4 0 0 2 1 0 0 0 2 1 1 2 0 3 2 1 0 4 2 2 0 3 0 1 4 0 1 1 0 0 0 1 0 2 2 1 2 1 1 0 0 0 0 1 2 2 1 1 3 0 1 3 0 1 2 1 1 1 3 1 0 1 1 2 0 6 0 0 1 4 3 2 1 1 0 1 0 2 0 2 3 0 2 3 1 0 3 1 0 3 1 2 1 2 2 0 2 1 2 0 4 2 3 1 5 2 2 0 1 1 0 2 1 2 2 0 2 1 1 3 2 0 0 2 1 1 1 0 2 2 1 0 1 3 2 2 0 0 0 2 2 4 1 1 2 1 1 3 1 2 2 0 1 0 4 1 2 4 0 0 0 2 1 2 0 1 0 2 3 1 2 1 0 2 1 2 2 1 0 2 2 4 0 2 4 1 0 1 2 0 2 2 2 0 4 2 3 4 2 2 2 0 0 3 2 2 0 0 3 1 1 0 2 1 1 1 2 2 0 2 2 0 1 3 1 2 0 0 4 1 1 2 0 1 0 2 0 0 4 0 3 3 1 2 2 0 3 4 1 2 3 1 3 1 1 1 2 1 1 1 1 1 0 0 2 2 0 2 1 0 0 2 0 1 4 1 1 0 1 2 2 0 0 3 2 1 1 0 2 1 1 0 1 1 2 1 0 3 0 2 1 2 2 2 0 1 2 1 1 0 0 3 0 2 1 1 0 1 2 2 1 1 0 1 1 0 2 1 0 0 1 0 0 1 0 0 2 0 1 1 4 0 1 1 1 0 9 2 0 0 1 0 4 1 0 0 0 0 1 1 1 2 1 0 1 1 2 1 2 2 0 1 2 0 0 2 1 1 2 1 2 2 2 2 4 1 1 1 2 2 2 2 2 2 2 1 1 1 2 1 4 2 5 0 1 1 1 2 1 3 3 0 2 3 1 2 2 1 1 2 0 1 3 2 0 3 0 0 0 1 1 0 1 2 1 3 0 1 1 2 2 1 2 1 2 0 2 0 1 4 2 0 3 1 2 2 1 1 0 0 0 1 1 2 2 1 1 1 2 2 1 2 1 0 2 0 1 0 1 1 1 1 2 0 0 0 0 0 2 3 1 2 1 2 3 1 3 1 5 0 4 3 1 2 3 2 0 1 2 1 4 0 0 2 1 1 1 2 0 4 1 0 1 3 2 2 0 2 0 5 2 0 2 2 2 1 1 2 1 0 1 3 3 0 3 3 2 1 3 1 2 4 2 1 1 2 3 1 3 0 1 2 1 0 1 1 0 0 2 2 1 0 1 0 0 4 2 1 2 1 4 0 0 2 1 2 5 0 2 1 2 1 0 1 0 4 1 0 0 0 1 0 2 1 0 0 0 0 4 0 1 1 1 3 0 0 0 0 1 2 0 2 1 3 2 1 0 0 0 1 1 2 0 3 0 2 2 0 1 0 0 0 0 2 1 2 3 1 1 1 1 1 2 0 2 3 3 1 2 1 4 0 2 2 2 2 0 0 2 4 1 1 1 0 2 1 1 0 2 4 2 2 2 2 0 0 3 3 0 0 1 3 1 3 2 0 2 0 2 0 1 2 2 0 2 2 1 1 1 1 3 4 1 2 2 1 1 0 1 1 1 0 1 1 2 1 2 3 1 2 1 0 2 0 0 0 0 1 3 2 2 1 0 0 1 3 2 0 1 1 1 0 0 0 1 6 1 1 2 0 2 2 0 1 0 2 1 3 0 1 2 1 2 3 1 1 1 0 1 2 1 2 1 1 0 0 1 1 2 2 2 0 4 0 2 2 0 4 1 2 0 2 0 1 1 0 2 1 0 1 3 2 2 1 0 3 1 3 0 0 2 3 0 2 0 0 2 1 0 1 2 1 1 1 1 1 3 1 3 0 3 2 1 0 2 4 0 1 2 3 0 0 1 1 0 1 1 1 2 3 0 0 1 0 1 1 3 0 1 1 4 0 1 0 4 0 3 1 1 2 0 1 2 0 0 2 2 3 1 3 1 1 0 5 0 1 3 0 2 3 1 1 2 1 0 0 2 3 2 3 3 1 0 1 1 5 1 1 3 1 2 1 5 1
Mean: 1.349
Varience: 1.39259
-------------------------------
Output1 for generation 3900:

Oceanic mean pheno: 8.22097
Freshwater mean pheno: -8.13284
0 1 3 3 1 1 2 2 3 0 1 2 2 0 0 1 0 2 3 1 0 2 0 1 0 0 2 3 3 0 2 0 2 1 2 4 3 2 1 2 4 2 1 0 2 1 0 1 2 1 2 4 0 1 1 2 0 0 1 2 1 5 1 1 2 2 3 1 2 0 0 0 2 0 1 2 0 0 0 3 0 0 0 1 1 0 1 0 2 2 1 0 2 3 3 2 1 0 1 1 3 0 2 1 0 0 1 0 1 1 0 0 0 2 0 0 2 1 0 0 0 0 2 1 2 0 1 3 0 2 1 2 1 3 2 0 0 2 2 1 0 5 1 1 1 4 3 3 1 1 0 0 0 0 0 1 2 0 2 1 1 0 5 2 2 2 1 1 0 2 0 0 2 1 2 0 2 2 2 0 1 3 1 1 1 1 0 1 4 2 0 0 3 4 2 3 2 2 0 3 2 0 0 1 1 1 0 3 1 2 1 2 2 0 0 3 2 2 3 1 1 3 1 1 3 3 0 0 1 1 2 4 4 2 0 2 2 0 1 2 1 1 0 2 5 0 1 2 1 1 0 0 3 0 1 3 0 5 0 4 3 1 0 4 3 0 0 0 1 0 3 4 1 0 1 1 1 1 1 1 1 0 1 1 3 0 0 1 2 2 3 2 3 0 2 5 2 0 1 1 1 0 0 1 4 1 3 1 0 0 2 1 1 0 1 1 0 2 0 2 2 0 5 3 1 1 3 4 3 2 1 1 2 1 1 2 2 0 0 0 1 1 3 0 2 1 1 1 1 1 1 0 0 0 1 0 3 0 1 1 1 1 2 2 0 1 1 0 1 2 2 0 0 2 0 2 1 1 1 2 2 1 2 2 0 2 0 2 1 0 1 0 0 1 2 2 1 2 1 1 2 0 3 2 0 0 1 1 0 0 2 0 2 1 2 1 3 1 3 2 2 0 8 0 0 1 2 2 6 1 1 0 1 1 0 0 1 0 0 1 1 1 0 2 2 2 0 1 1 0 0 2 1 0 1 0 2 2 2 0 5 0 1 1 2 4 1 2 2 2 2 4 1 3 0 1 2 1 3 2 1 0 4 2 0 1 2 0 2 1 1 1 3 1 4 1 0 1 6 2 1 3 2 0 2 3 1 0 2 1 1 1 0 0 3 2 3 2 2 1 0 1 2 3 2 2 1 1 3 1 1 0 0 1 0 0 0 0 2 1 3 1 1 0 2 2 2 2 0 1 2 1 2 1 2 1 1 2 1 0 3 2 2 1 3 1 1 4 0 1 3 1 2 2 5 0 2 3 0 2 1 3 1 1 1 2 2 0 0 2 1 1 0 2 2 4 2 2 3 2 3 1 0 2 1 2 3 0 2 2 2 1 3 2 3 0 1 1 3 0 0 1 1 3 2 2 1 5 4 1 1 3 3 1 2 1 1 2 1 0 0 0 0 2 0 1 1 1 1 2 0 3 2 1 2 2 3 1 0 2 0 2 2 4 4 1 2 1 1 1 1 2 2 1 0 1 4 0 1 0 1 1 0 0 2 0 0 3 1 4 0 0 2 2 0 2 1 2 1 2 2 2 1 1 2 1 1 4 0 3 0 1 3 1 0 0 1 1 3 3 1 1 0 0 1 0 2 2 2 1 2 2 2 3 3 1 4 0 1 2 1 4 0 0 3 3 1 2 1 0 3 1 0 0 2 3 1 2 2 0 1 1 2 1 1 0 3 3 0 2 3 1 2 0 4 1 0 2 1 0 2 4 3 1 1 0 0 5 1 2 2 2 0 0 2 1 0 0 0 3 1 0 1 1 1 0 2 0 2 0 0 0 0 1 2 2 1 0 1 0 2 3 1 1 2 2 1 1 0 1 1 3 1 0 0 0 0 1 0 1 0 0 0 2 0 1 1 2 0 4 1 1 1 0 2 3 1 2 0 1 1 0 0 2 0 2 2 0 2 1 3 3 1 1 0 2 0 2 0 1 0 0 0 2 1 0 3 3 2 2 0 1 0 3 1 0 3 2 0 4 1 0 1 2 1 4 0 2 0 1 2 2 2 1 3 1 3 1 1 1 4 2 0 1 0 1 1 0 3 1 1 1 2 1 2 3 0 0 0 1 2 0 2 0 0 1 3 0 1 0 1 0 2 2 1 1 1 2 0 2 1 0 3 2 0 2 1 1 0 1 2 1 2 1 2 6 1 2 1 2 1 1 2 2 2 1 4 0 0 0 1 3 1 1 1 1 3 0 4 1
Mean: 1.349
Varience: 1.42462
-------------------------------
Output1 for generation 4000:

Oceanic mean pheno: 8.94406
Freshwater mean pheno: -8.31288
1 1 0 3 2 0 2 2 1 1 0 2 2 0 0 2 2 3 0 1 0 1 1 0 1 1 1 3 2 0 4 1 1 1 0 6 3 1 2 1 4 4 1 0 0 1 0 2 3 1 0 4 2 2 3 1 0 0 0 1 1 3 0 0 0 2 2 0 1 1 1 1 1 0 1 2 0 2 1 3 0 0 2 1 1 0 2 0 1 4 3 0 0 3 3 1 0 0 1 1 2 1 2 2 0 0 2 0 1 1 0 0 0 1 1 0 1 0 0 1 2 1 3 3 3 0 1 3 1 2 3 1 2 1 3 0 0 3 2 3 1 2 0 2 0 3 3 3 0 1 2 0 0 0 0 3 1 1 2 1 0 1 3 0 1 1 1 1 1 0 0 0 1 1 2 0 3 4 2 1 2 1 1 2 2 0 0 0 1 2 0 0 2 2 3 3 1 1 1 2 2 0 1 0 1 2 2 0 1 3 1 2 0 0 3 4 2 2 3 1 1 2 1 1 3 4 1 2 1 0 1 2 3 3 1 1 0 0 1 3 1 2 0 2 1 1 2 2 3 0 0 1 1 1 1 1 1 4 0 3 2 0 3 1 1 1 0 0 1 3 2 4 1 2 0 0 2 0 0 2 0 2 2 2 2 0 0 2 2 1 3 1 2 3 1 4 2 1 1 1 1 0 1 0 3 2 1 2 1 0 0 0 1 0 1 1 1 2 1 2 3 1 6 3 1 0 2 3 1 2 0 0 2 1 1 1 0 0 1 0 1 1 2 2 2 0 0 1 1 2 1 0 0 0 1 2 0 0 1 1 1 1 0 1 1 0 1 0 0 1 2 0 1 2 0 3 1 1 0 1 0 1 2 2 1 1 1 1 1 1 1 1 0 1 1 2 0 2 1 1 2 0 2 1 1 1 0 0 1 1 2 1 1 1 1 2 1 0 2 1 3 1 3 1 0 2 2 1 5 0 0 2 1 3 0 0 1 1 1 0 1 1 0 0 2 3 1 0 0 0 0 2 0 0 1 1 4 2 3 2 2 1 1 2 1 3 1 4 1 4 2 0 3 1 1 3 2 0 5 0 1 0 3 2 0 0 1 0 2 3 1 4 5 0 4 0 1 2 5 2 2 1 2 1 1 2 3 2 1 3 1 2 2 1 2 1 2 1 2 2 1 1 1 1 1 2 1 1 5 0 1 1 0 3 0 2 0 3 2 1 1 1 2 1 2 1 1 3 0 1 1 0 2 0 3 1 2 1 0 2 1 3 2 1 2 2 1 4 1 1 2 1 2 1 2 0 2 7 0 1 3 2 0 2 1 1 2 0 0 3 1 2 0 2 1 3 1 1 5 2 4 1 0 1 1 2 3 0 2 2 3 0 1 2 1 1 2 1 2 1 0 1 1 0 3 1 1 1 3 1 0 3 3 2 1 0 0 2 1 1 0 0 2 2 0 1 0 1 2 0 3 1 1 2 3 2 4 1 0 0 0 3 1 1 2 2 2 1 0 0 1 2 2 2 0 1 3 0 1 1 3 2 2 1 3 1 0 2 1 3 2 3 0 1 0 1 0 1 2 4 3 3 1 2 2 2 1 2 0 3 0 0 3 0 1 0 1 1 1 3 2 2 1 0 2 2 1 3 1 1 2 1 2 2 2 2 1 0 1 3 1 2 2 1 2 3 1 1 3 0 2 2 0 0 1 3 1 4 2 1 0 1 4 2 1 0 1 2 2 2 3 1 0 0 2 2 0 2 0 1 0 2 1 1 0 2 0 5 0 2 1 3 1 0 2 1 0 0 1 0 1 0 1 1 1 1 1 2 1 0 0 0 0 1 5 0 4 0 0 1 1 2 1 0 2 3 3 1 1 1 1 4 1 0 2 0 0 0 0 1 1 0 1 1 1 1 2 0 0 2 0 0 1 0 1 3 1 2 1 0 2 1 0 1 1 1 2 0 3 2 3 3 1 0 0 3 0 3 2 2 0 0 0 0 1 1 1 1 3 1 1 3 1 3 2 0 1 0 1 3 1 1 3 0 1 2 0 2 0 1 3 2 1 0 4 0 1 0 2 0 3 2 1 0 2 2 1 1 1 2 1 2 1 1 2 3 2 1 1 1 2 1 1 1 1 3 2 0 1 0 2 0 2 2 0 1 1 1 0 2 0 1 2 1 1 3 2 0 0 4 0 2 4 0 3 3 3 1 1 1 0 1 1 4 2 1 3 0 0 0 1 4 0 2 1 1 3 3 3 1
Mean: 1.334
Varience: 1.30775
-------------------------------
Output1 for generation 4100:

Oceanic mean pheno: 8.6162
Freshwater mean pheno: -8.63302
0 2 1 3 1 1 3 2 1 0 0 0 4 3 0 2 2 2 0 2 0 1 3 1 3 0 1 1 2 1 2 2 2 1 0 3 3 1 1 0 5 3 1 1 0 1 0 0 1 2 0 4 2 0 1 2 0 0 1 2 1 2 1 1 2 2 2 0 1 1 1 0 1 0 2 1 0 1 0 4 0 2 1 1 2 1 1 0 1 4 1 0 2 3 4 0 0 1 1 1 2 0 2 0 0 1 2 0 0 1 2 2 0 0 0 0 2 2 2 0 0 1 2 1 1 1 2 2 0 2 1 2 1 2 2 0 0 1 2 0 1 3 0 0 0 4 2 2 0 1 0 0 1 1 1 4 1 0 2 3 1 0 2 1 0 1 1 0 0 0 1 2 0 1 2 1 2 0 2 2 1 1 1 2 1 1 0 0 1 1 1 3 1 3 2 2 2 2 0 1 1 3 2 0 2 1 2 0 1 2 2 2 0 1 0 1 1 3 1 1 2 2 1 1 1 2 0 1 1 0 2 1 5 2 2 0 2 0 1 2 0 2 1 1 2 1 1 3 0 2 0 1 2 1 2 1 0 5 0 2 1 1 1 1 0 1 0 1 1 1 4 4 2 3 0 1 1 0 2 1 1 2 1 1 3 0 1 2 1 0 1 1 3 1 1 4 2 0 3 1 1 0 0 1 4 1 2 1 0 0 1 0 1 2 0 1 1 1 1 0 3 1 6 4 1 2 2 2 1 1 1 0 3 0 3 2 1 3 0 0 0 1 1 0 4 1 0 0 1 3 2 0 0 0 1 0 3 0 2 1 1 1 0 2 0 1 0 1 0 1 3 0 2 2 0 2 1 1 0 1 0 1 4 3 0 0 1 0 2 2 1 0 0 1 3 1 0 1 0 3 2 0 3 1 1 2 1 1 0 0 3 0 1 1 2 1 2 0 2 0 1 1 3 1 0 0 3 2 4 2 1 1 1 3 0 0 0 2 0 0 0 2 1 0 2 2 1 0 0 2 1 1 0 0 2 1 5 2 2 3 3 0 2 1 1 2 1 4 0 2 5 1 1 2 0 1 2 0 2 1 2 2 2 1 0 0 0 0 2 1 1 4 3 0 2 0 0 2 5 2 0 3 2 0 1 1 1 1 1 2 1 2 2 0 2 3 1 1 2 1 0 2 2 1 1 3 3 0 3 0 2 1 0 3 0 0 1 0 3 2 2 0 1 0 2 2 1 2 1 0 1 3 0 1 1 1 2 0 0 1 1 0 2 1 2 1 0 3 1 3 3 1 3 1 2 1 2 4 0 1 0 1 0 2 1 2 1 1 0 4 3 2 0 3 2 4 2 2 5 0 3 0 1 1 0 2 2 1 1 1 1 1 1 4 0 0 2 1 2 0 1 1 2 0 2 2 1 1 1 0 2 2 4 1 0 1 0 3 1 3 1 1 0 3 1 1 0 2 2 1 0 4 1 0 3 1 3 1 0 0 0 1 2 1 3 1 0 2 0 2 2 1 3 0 1 3 2 1 1 1 2 2 1 0 3 1 0 3 1 5 2 1 1 1 1 1 0 2 1 3 2 2 0 2 1 0 0 2 0 3 0 2 2 0 1 1 1 0 0 2 2 1 3 0 2 1 1 0 1 0 2 1 3 1 2 1 3 1 1 2 1 2 1 1 2 3 1 2 2 0 4 0 1 1 2 1 2 1 1 1 1 1 2 2 0 1 1 5 1 2 2 1 1 0 2 0 3 1 0 1 1 2 0 2 1 1 0 5 1 2 1 4 3 0 1 1 0 0 0 0 1 2 2 1 1 1 1 4 3 0 1 1 1 3 2 0 2 0 0 0 1 3 2 0 3 3 2 0 0 0 0 2 1 2 1 3 0 0 0 1 1 0 1 2 2 1 2 2 0 3 0 2 2 0 2 2 2 2 1 1 1 0 1 0 1 2 1 1 2 3 3 3 0 1 0 3 0 3 1 2 2 0 0 2 2 0 1 1 3 2 0 1 1 3 1 0 3 0 1 3 0 2 3 1 0 3 1 2 1 1 1 2 2 0 2 2 1 0 3 0 3 2 2 0 2 1 0 0 2 2 0 2 0 1 3 3 0 0 1 0 2 3 2 0 1 2 3 0 0 1 1 0 3 3 0 3 2 2 1 1 1 1 2 2 0 2 3 1 1 3 2 3 2 0 4 3 2 1 1 1 0 0 1 2 2 1 3 0 1 1 1 6 0 3 2 1 3 0 3 2
Mean: 1.318
Varience: 1.28616
-------------------------------
Output1 for generation 4200:

Oceanic mean pheno: 9.01815
Freshwater mean pheno: -8.68485
0 2 0 2 1 2 3 3 2 0 0 0 2 2 0 3 1 2 0 1 0 0 0 0 3 0 1 3 3 0 2 1 2 2 1 5 4 3 3 0 3 2 1 1 1 0 1 0 2 1 0 2 0 2 1 2 1 2 2 1 0 3 3 2 1 1 2 1 2 2 1 1 2 1 2 2 1 2 0 2 0 4 0 2 1 1 1 0 3 2 1 0 0 2 5 0 3 0 1 2 2 2 0 1 2 1 1 0 0 2 2 1 0 0 1 0 1 0 1 1 0 1 2 1 1 0 2 3 1 0 1 2 2 1 2 1 1 0 2 2 1 1 1 0 0 3 1 2 1 3 0 0 3 1 1 1 2 0 3 1 0 0 3 2 2 1 2 3 1 1 0 1 1 1 3 0 1 1 2 3 3 2 1 2 1 0 0 0 2 1 1 4 2 5 1 3 3 2 1 3 1 1 0 2 2 4 1 0 1 2 0 4 1 0 0 1 4 2 2 1 0 2 0 3 2 1 0 1 1 2 3 0 3 3 0 0 1 0 2 3 1 1 0 1 2 1 0 1 1 0 1 0 1 1 2 1 3 2 0 1 1 2 0 1 0 3 1 1 1 1 2 3 3 1 1 2 2 0 0 2 0 0 1 1 2 0 3 2 2 0 1 2 2 3 2 3 1 2 2 1 1 0 1 4 1 1 1 0 0 0 3 0 0 1 0 2 1 1 0 2 2 3 5 2 1 0 2 3 1 1 1 1 1 0 1 1 0 2 1 1 0 2 2 0 3 1 0 0 1 3 3 0 1 0 1 1 0 0 1 2 1 1 0 2 1 0 0 0 0 1 3 1 1 2 0 2 3 1 1 1 0 2 2 1 1 0 0 2 3 1 1 2 1 1 3 1 1 1 0 4 1 0 2 2 0 1 0 2 1 1 1 1 0 1 2 1 1 0 2 0 2 1 3 1 2 0 3 1 4 2 0 0 0 2 0 1 3 0 1 1 0 1 1 1 3 3 1 1 0 1 0 2 1 1 2 0 3 3 2 2 1 0 2 0 1 1 2 5 1 1 2 1 1 1 3 2 2 1 3 0 3 0 3 1 0 2 0 2 2 1 1 1 4 0 2 1 0 2 5 3 0 2 1 0 0 0 1 1 1 1 2 1 5 2 4 2 2 1 3 1 0 1 1 4 1 2 1 0 2 1 1 1 2 4 0 1 0 1 3 1 1 1 1 0 2 2 0 2 1 1 1 1 0 0 1 2 3 0 1 2 3 1 1 2 3 3 0 2 0 1 3 3 3 1 3 1 1 4 0 0 4 1 0 1 1 1 1 0 1 2 3 2 1 2 2 3 0 3 3 0 1 1 0 1 0 2 3 2 1 1 1 1 3 4 0 1 1 1 2 3 0 2 3 0 2 4 1 1 2 2 0 3 0 0 0 0 0 0 1 1 0 3 0 0 0 1 2 0 0 0 1 3 3 1 2 1 4 1 0 1 1 3 2 0 2 1 0 1 0 3 0 1 3 0 2 3 1 1 1 2 4 2 3 2 3 2 1 4 1 4 1 0 0 3 0 1 0 2 3 2 3 1 0 1 1 0 0 1 0 3 1 0 2 1 0 0 2 1 1 1 4 2 0 1 0 1 2 0 3 0 4 0 4 1 2 3 1 1 0 5 1 2 1 0 2 5 0 1 3 0 2 2 2 3 2 3 0 2 0 1 1 0 3 3 4 1 1 3 0 2 4 0 0 1 2 0 0 1 1 1 1 2 1 3 1 1 1 6 1 2 1 4 1 0 2 2 2 0 0 1 1 1 3 0 2 1 1 2 1 0 2 1 1 1 2 1 1 1 1 0 0 3 1 1 0 3 3 2 2 0 0 1 2 2 3 2 0 1 3 0 0 0 1 2 1 1 3 0 1 2 1 2 1 1 1 1 3 2 0 0 0 0 1 2 2 1 2 0 2 0 5 2 0 2 0 2 0 4 0 1 1 0 2 0 slurmstepd: error: *** JOB 243345 ON n035 CANCELLED AT 2017-11-20T14:19:41 ***
