Task ID  - seed 013638
Parameters for SLiM run:
  -s 013638 MyRecipe1_9_9.E
// Initial random seed:
1504903003628

// RunInitializeCallbacks():
initializeSLiMOptions(dimensionality = 'x');
initializeMutationRate(1e-07);
initializeMutationType(1, 0.5, "g", 0.5, 1);
initializeMutationType(2, 0.5, "g", -0.5, 1);
initializeMutationType(3, 0.5, "f", 0);
initializeGenomicElementType(1, m3, 1);
initializeGenomicElementType(2, c(m1, m2), c(1, 1));
initializeGenomicElement(g1, 0, 399);
initializeGenomicElement(g2, 400, 499);
initializeGenomicElement(g2, 500, 500);
initializeGenomicElement(g2, 501, 600);
initializeGenomicElement(g1, 601, 1000);
initializeGenomicElement(g1, 1001, 1400);
initializeGenomicElement(g2, 1401, 1500);
initializeGenomicElement(g2, 1501, 1501);
initializeGenomicElement(g2, 1502, 1601);
initializeGenomicElement(g1, 1602, 2001);
initializeGenomicElement(g1, 2002, 2401);
initializeGenomicElement(g2, 2402, 2501);
initializeGenomicElement(g2, 2502, 2502);
initializeGenomicElement(g2, 2503, 2602);
initializeGenomicElement(g1, 2603, 3002);
initializeGenomicElement(g1, 3003, 3402);
initializeGenomicElement(g2, 3403, 3502);
initializeGenomicElement(g2, 3503, 3503);
initializeGenomicElement(g2, 3504, 3603);
initializeGenomicElement(g1, 3604, 4003);
initializeGenomicElement(g1, 4004, 4403);
initializeGenomicElement(g2, 4404, 4503);
initializeGenomicElement(g2, 4504, 4504);
initializeGenomicElement(g2, 4505, 4604);
initializeGenomicElement(g1, 4605, 5004);
initializeGenomicElement(g1, 5005, 5404);
initializeGenomicElement(g2, 5405, 5504);
initializeGenomicElement(g2, 5505, 5505);
initializeGenomicElement(g2, 5506, 5605);
initializeGenomicElement(g1, 5606, 6005);
initializeGenomicElement(g1, 6006, 6405);
initializeGenomicElement(g2, 6406, 6505);
initializeGenomicElement(g2, 6506, 6506);
initializeGenomicElement(g2, 6507, 6606);
initializeGenomicElement(g1, 6607, 7006);
initializeGenomicElement(g1, 7007, 7406);
initializeGenomicElement(g2, 7407, 7506);
initializeGenomicElement(g2, 7507, 7507);
initializeGenomicElement(g2, 7508, 7607);
initializeGenomicElement(g1, 7608, 8007);
initializeGenomicElement(g1, 8008, 8407);
initializeGenomicElement(g2, 8408, 8507);
initializeGenomicElement(g2, 8508, 8508);
initializeGenomicElement(g2, 8509, 8608);
initializeGenomicElement(g1, 8609, 9008);
initializeGenomicElement(g1, 9009, 9408);
initializeGenomicElement(g2, 9409, 9508);
initializeGenomicElement(g2, 9509, 9509);
initializeGenomicElement(g2, 9510, 9609);
initializeGenomicElement(g1, 9610, 10009);
end of chromosome position: 10010
initializeRecombinationRate(0.001);
initializeInteractionType(1, "x", reciprocal=T", maxDistance=0.02);
initializeInteractionType(2, "x", reciprocal=T", maxDistance=1);

// Starting run at generation <start>:
1 

-------------------------------
Output1 for generation 1:

Oceanic mean pheno: -0.056
Freshwater mean pheno: -0.042
mean Ocean/Fresh Fst: 0.000151338
between lakes Fst: 0.00441818
-------------------------------
Output1 for generation 101:

Oceanic mean pheno: 1.24561
Freshwater mean pheno: -9.34399
mean Ocean/Fresh Fst: 0.0229373
between lakes Fst: 0.777856
-------------------------------
Output1 for generation 201:

Oceanic mean pheno: 3.19242
Freshwater mean pheno: -9.46955
mean Ocean/Fresh Fst: 0.023019
between lakes Fst: 0.809574
-------------------------------
Output1 for generation 301:

Oceanic mean pheno: 3.31137
Freshwater mean pheno: -10.2014
mean Ocean/Fresh Fst: 0.026712
between lakes Fst: 0.826153
-------------------------------
Output1 for generation 401:

Oceanic mean pheno: 4.70722
Freshwater mean pheno: -9.16215
mean Ocean/Fresh Fst: 0.0265366
between lakes Fst: 0.842463
-------------------------------
Output1 for generation 501:

Oceanic mean pheno: 5.72508
Freshwater mean pheno: -9.51144
mean Ocean/Fresh Fst: 0.0335233
between lakes Fst: 0.855314
-------------------------------
Output1 for generation 601:

Oceanic mean pheno: 6.09833
Freshwater mean pheno: -9.11405
mean Ocean/Fresh Fst: 0.0343748
between lakes Fst: 0.863166
-------------------------------
Output1 for generation 701:

Oceanic mean pheno: 5.24748
Freshwater mean pheno: -8.90204
mean Ocean/Fresh Fst: 0.0322209
between lakes Fst: 0.873851
-------------------------------
Output1 for generation 801:

Oceanic mean pheno: 6.9198
Freshwater mean pheno: -9.56207
mean Ocean/Fresh Fst: 0.0397801
between lakes Fst: 0.86828
-------------------------------
Output1 for generation 901:

Oceanic mean pheno: 6.36394
Freshwater mean pheno: -9.56452
mean Ocean/Fresh Fst: 0.0358563
between lakes Fst: 0.881647
-------------------------------
Output1 for generation 1001:

Oceanic mean pheno: 6.37026
Freshwater mean pheno: -9.7287
mean Ocean/Fresh Fst: 0.0347741
between lakes Fst: 0.88191
-------------------------------
Output1 for generation 1101:

Oceanic mean pheno: 6.82235
Freshwater mean pheno: -9.57384
mean Ocean/Fresh Fst: 0.0377041
between lakes Fst: 0.902505
-------------------------------
Output1 for generation 1201:

Oceanic mean pheno: 6.463
Freshwater mean pheno: -9.82481
mean Ocean/Fresh Fst: 0.0333762
between lakes Fst: 0.899694
-------------------------------
Output1 for generation 1301:

Oceanic mean pheno: 5.31589
Freshwater mean pheno: -9.97931
mean Ocean/Fresh Fst: 0.0332707
between lakes Fst: 0.909882
-------------------------------
Output1 for generation 1401:

Oceanic mean pheno: 6.15981
Freshwater mean pheno: -10.2194
mean Ocean/Fresh Fst: 0.0366179
between lakes Fst: 0.898083
-------------------------------
Output1 for generation 1501:

Oceanic mean pheno: 6.71684
Freshwater mean pheno: -10.26
mean Ocean/Fresh Fst: 0.0418364
between lakes Fst: 0.894189
-------------------------------
Output1 for generation 1601:

Oceanic mean pheno: 6.87667
Freshwater mean pheno: -9.66797
mean Ocean/Fresh Fst: 0.0402277
between lakes Fst: 0.899577
-------------------------------
Output1 for generation 1701:

Oceanic mean pheno: 6.19632
Freshwater mean pheno: -9.74136
mean Ocean/Fresh Fst: 0.0379224
between lakes Fst: 0.888606
-------------------------------
Output1 for generation 1801:

Oceanic mean pheno: 5.95766
Freshwater mean pheno: -9.80303
mean Ocean/Fresh Fst: 0.0389878
between lakes Fst: 0.901338
-------------------------------
Output1 for generation 1901:

Oceanic mean pheno: 5.2918
Freshwater mean pheno: -9.68093
mean Ocean/Fresh Fst: 0.0423178
between lakes Fst: 0.887764
-------------------------------
Output1 for generation 2001:

Oceanic mean pheno: 6.02224
Freshwater mean pheno: -9.40576
mean Ocean/Fresh Fst: 0.0432914
between lakes Fst: 0.892335
-------------------------------
Output1 for generation 2101:

Oceanic mean pheno: 4.97915
Freshwater mean pheno: -9.76593
mean Ocean/Fresh Fst: 0.0416894
between lakes Fst: 0.884652
-------------------------------
Output1 for generation 2201:

Oceanic mean pheno: 4.50859
Freshwater mean pheno: -9.737
mean Ocean/Fresh Fst: 0.0351337
between lakes Fst: 0.872667
-------------------------------
Output1 for generation 2301:

Oceanic mean pheno: 4.74484
Freshwater mean pheno: -9.754
mean Ocean/Fresh Fst: 0.035849
between lakes Fst: 0.86431
-------------------------------
Output1 for generation 2401:

Oceanic mean pheno: 4.2788
Freshwater mean pheno: -9.98527
mean Ocean/Fresh Fst: 0.0298849
between lakes Fst: 0.874202
-------------------------------
Output1 for generation 2501:

Oceanic mean pheno: 5.72849
Freshwater mean pheno: -9.90626
mean Ocean/Fresh Fst: 0.0337055
between lakes Fst: 0.878941
-------------------------------
Output1 for generation 2601:

Oceanic mean pheno: 7.07435
Freshwater mean pheno: -9.30712
mean Ocean/Fresh Fst: 0.0367153
between lakes Fst: 0.878561
-------------------------------
Output1 for generation 2701:

Oceanic mean pheno: 6.54711
Freshwater mean pheno: -9.54254
mean Ocean/Fresh Fst: 0.0391253
between lakes Fst: 0.881527
-------------------------------
Output1 for generation 2801:

Oceanic mean pheno: 5.77085
Freshwater mean pheno: -9.96733
mean Ocean/Fresh Fst: 0.0356737
between lakes Fst: 0.884191
-------------------------------
Output1 for generation 2901:

Oceanic mean pheno: 5.99914
Freshwater mean pheno: -9.66852
mean Ocean/Fresh Fst: 0.0326917
between lakes Fst: 0.880048
-------------------------------
Output1 for generation 3001:

Oceanic mean pheno: 4.85977
Freshwater mean pheno: -9.33605
mean Ocean/Fresh Fst: 0.0290555
between lakes Fst: 0.886919
-------------------------------
Output1 for generation 3101:

Oceanic mean pheno: 4.7584
Freshwater mean pheno: -8.88101
mean Ocean/Fresh Fst: 0.0269566
between lakes Fst: 0.873897
-------------------------------
Output1 for generation 3201:

Oceanic mean pheno: 5.53753
Freshwater mean pheno: -9.12519
mean Ocean/Fresh Fst: 0.0312692
between lakes Fst: 0.888772
-------------------------------
Output1 for generation 3301:

Oceanic mean pheno: 4.82971
Freshwater mean pheno: -9.18255
mean Ocean/Fresh Fst: 0.0290773
between lakes Fst: 0.897304
-------------------------------
Output1 for generation 3401:

Oceanic mean pheno: 6.25249
Freshwater mean pheno: -9.58567
mean Ocean/Fresh Fst: 0.0309297
between lakes Fst: 0.909915
-------------------------------
Output1 for generation 3501:

Oceanic mean pheno: 5.27457
Freshwater mean pheno: -9.81851
mean Ocean/Fresh Fst: 0.0317002
between lakes Fst: 0.887866
-------------------------------
Output1 for generation 3601:

Oceanic mean pheno: 4.70298
Freshwater mean pheno: -9.88663
mean Ocean/Fresh Fst: 0.0330494
between lakes Fst: 0.887692
-------------------------------
Output1 for generation 3701:

Oceanic mean pheno: 4.68602
Freshwater mean pheno: -9.53783
mean Ocean/Fresh Fst: 0.0311208
between lakes Fst: 0.893095
-------------------------------
Output1 for generation 3801:

Oceanic mean pheno: 4.99299
Freshwater mean pheno: -9.72926
mean Ocean/Fresh Fst: 0.0320723
between lakes Fst: 0.903352
-------------------------------
Output1 for generation 3901:

Oceanic mean pheno: 5.19245
Freshwater mean pheno: -9.13905
mean Ocean/Fresh Fst: 0.0305852
between lakes Fst: 0.881605
-------------------------------
Output1 for generation 4001:

Oceanic mean pheno: 5.82057
Freshwater mean pheno: -9.59175
mean Ocean/Fresh Fst: 0.0322127
between lakes Fst: 0.894572
-------------------------------
Output1 for generation 4101:

Oceanic mean pheno: 6.13226
Freshwater mean pheno: -9.73438
mean Ocean/Fresh Fst: 0.0368234
between lakes Fst: 0.890677
-------------------------------
Output1 for generation 4201:

Oceanic mean pheno: 7.13939
Freshwater mean pheno: -9.25394
mean Ocean/Fresh Fst: 0.0385293
between lakes Fst: 0.878843
-------------------------------
Output1 for generation 4301:

Oceanic mean pheno: 6.7673
Freshwater mean pheno: -9.38885
mean Ocean/Fresh Fst: 0.0414124
between lakes Fst: 0.892188
-------------------------------
Output1 for generation 4401:

Oceanic mean pheno: 6.9269
Freshwater mean pheno: -10.0713
mean Ocean/Fresh Fst: 0.0393904
between lakes Fst: 0.897359
-------------------------------
Output1 for generation 4501:

Oceanic mean pheno: 6.94102
Freshwater mean pheno: -9.62405
mean Ocean/Fresh Fst: 0.0388469
between lakes Fst: 0.901524
-------------------------------
Output1 for generation 4601:

Oceanic mean pheno: 6.22387
Freshwater mean pheno: -8.88767
mean Ocean/Fresh Fst: 0.0356184
between lakes Fst: 0.889933
-------------------------------
Output1 for generation 4701:

Oceanic mean pheno: 6.54693
Freshwater mean pheno: -9.32377
mean Ocean/Fresh Fst: 0.0327987
between lakes Fst: 0.885424
-------------------------------
Output1 for generation 4801:

Oceanic mean pheno: 6.61862
Freshwater mean pheno: -9.33246
mean Ocean/Fresh Fst: 0.0303844
between lakes Fst: 0.881864
-------------------------------
Output1 for generation 4901:

Oceanic mean pheno: 6.11373
Freshwater mean pheno: -9.12066
mean Ocean/Fresh Fst: 0.0303393
between lakes Fst: 0.878151
-------------------------------
Output1 for generation 5001:

Oceanic mean pheno: 5.85478
Freshwater mean pheno: -9.59529
mean Ocean/Fresh Fst: 0.0306069
between lakes Fst: 0.886149
-------------------------------
Output1 for generation 5101:

Oceanic mean pheno: 5.28195
Freshwater mean pheno: -9.65207
mean Ocean/Fresh Fst: 0.0304173
between lakes Fst: 0.888446
-------------------------------
Output1 for generation 5201:

Oceanic mean pheno: 5.02243
Freshwater mean pheno: -9.99172
mean Ocean/Fresh Fst: 0.0343123
between lakes Fst: 0.884495
-------------------------------
Output1 for generation 5301:

Oceanic mean pheno: 5.08929
Freshwater mean pheno: -9.63836
mean Ocean/Fresh Fst: 0.0314823
between lakes Fst: 0.873004
-------------------------------
Output1 for generation 5401:

Oceanic mean pheno: 5.6448
Freshwater mean pheno: -10.189
mean Ocean/Fresh Fst: 0.0328378
between lakes Fst: 0.865308
-------------------------------
Output1 for generation 5501:

Oceanic mean pheno: 6.65703
Freshwater mean pheno: -10.2799
mean Ocean/Fresh Fst: 0.0391674
between lakes Fst: 0.864986
-------------------------------
Output1 for generation 5601:

Oceanic mean pheno: 7.30673
Freshwater mean pheno: -9.85093
mean Ocean/Fresh Fst: 0.0370172
between lakes Fst: 0.863108
-------------------------------
Output1 for generation 5701:

Oceanic mean pheno: 7.30186
Freshwater mean pheno: -9.84557
mean Ocean/Fresh Fst: 0.0344778
between lakes Fst: 0.865498
-------------------------------
Output1 for generation 5801:

Oceanic mean pheno: 7.70522
Freshwater mean pheno: -9.32526
mean Ocean/Fresh Fst: 0.0354768
between lakes Fst: 0.875116
-------------------------------
Output1 for generation 5901:

Oceanic mean pheno: 7.22026
Freshwater mean pheno: -9.73001
mean Ocean/Fresh Fst: 0.0375616
between lakes Fst: 0.893464
-------------------------------
Output1 for generation 6001:

Oceanic mean pheno: 6.05431
Freshwater mean pheno: -9.46538
mean Ocean/Fresh Fst: 0.0323565
between lakes Fst: 0.885781
-------------------------------
Output1 for generation 6101:

Oceanic mean pheno: 5.2544
Freshwater mean pheno: -9.27358
mean Ocean/Fresh Fst: 0.0308141
between lakes Fst: 0.886354
-------------------------------
Output1 for generation 6201:

Oceanic mean pheno: 6.55036
Freshwater mean pheno: -9.12588
mean Ocean/Fresh Fst: 0.0360038
between lakes Fst: 0.883401
-------------------------------
Output1 for generation 6301:

Oceanic mean pheno: 7.51459
Freshwater mean pheno: -9.47514
mean Ocean/Fresh Fst: 0.0386282
between lakes Fst: 0.886331
-------------------------------
Output1 for generation 6401:

Oceanic mean pheno: 7.29738
Freshwater mean pheno: -9.82009
mean Ocean/Fresh Fst: 0.0368406
between lakes Fst: 0.886547
-------------------------------
Output1 for generation 6501:

Oceanic mean pheno: 6.02388
Freshwater mean pheno: -9.87727
mean Ocean/Fresh Fst: 0.0342863
between lakes Fst: 0.887521
-------------------------------
Output1 for generation 6601:

Oceanic mean pheno: 5.79306
Freshwater mean pheno: -9.73912
mean Ocean/Fresh Fst: 0.0326941
between lakes Fst: 0.889963
-------------------------------
Output1 for generation 6701:

Oceanic mean pheno: 5.68213
Freshwater mean pheno: -9.92588
mean Ocean/Fresh Fst: 0.0317877
between lakes Fst: 0.889506
-------------------------------
Output1 for generation 6801:

Oceanic mean pheno: 5.9799
Freshwater mean pheno: -9.90102
mean Ocean/Fresh Fst: 0.033266
between lakes Fst: 0.885707
-------------------------------
Output1 for generation 6901:

Oceanic mean pheno: 5.95107
Freshwater mean pheno: -10.1835
mean Ocean/Fresh Fst: 0.0359085
between lakes Fst: 0.896647
-------------------------------
Output1 for generation 7001:

Oceanic mean pheno: 5.31168
Freshwater mean pheno: -9.90234
mean Ocean/Fresh Fst: 0.0337102
between lakes Fst: 0.888267
-------------------------------
Output1 for generation 7101:

Oceanic mean pheno: 5.32451
Freshwater mean pheno: -9.99624
mean Ocean/Fresh Fst: 0.0364293
between lakes Fst: 0.886739
-------------------------------
Output1 for generation 7201:

Oceanic mean pheno: 6.77187
Freshwater mean pheno: -9.71687
mean Ocean/Fresh Fst: 0.0409803
between lakes Fst: 0.873508
-------------------------------
Output1 for generation 7301:

Oceanic mean pheno: 6.88519
Freshwater mean pheno: -9.51305
mean Ocean/Fresh Fst: 0.0357879
between lakes Fst: 0.881447
-------------------------------
Output1 for generation 7401:

Oceanic mean pheno: 7.42194
Freshwater mean pheno: -9.31667
mean Ocean/Fresh Fst: 0.0375631
between lakes Fst: 0.873372
-------------------------------
Output1 for generation 7501:

Oceanic mean pheno: 6.84356
Freshwater mean pheno: -9.6517
mean Ocean/Fresh Fst: 0.0352696
between lakes Fst: 0.890659
-------------------------------
Output1 for generation 7601:

Oceanic mean pheno: 6.55498
Freshwater mean pheno: -9.64879
mean Ocean/Fresh Fst: 0.0355784
between lakes Fst: 0.8869
-------------------------------
Output1 for generation 7701:

Oceanic mean pheno: 6.60023
Freshwater mean pheno: -9.60728
mean Ocean/Fresh Fst: 0.0400168
between lakes Fst: 0.877992
-------------------------------
Output1 for generation 7801:

Oceanic mean pheno: 7.91064
Freshwater mean pheno: -9.51712
mean Ocean/Fresh Fst: 0.0406984
between lakes Fst: 0.88644
-------------------------------
Output1 for generation 7901:

Oceanic mean pheno: 7.29724
Freshwater mean pheno: -9.01127
mean Ocean/Fresh Fst: 0.0407579
between lakes Fst: 0.890212
-------------------------------
Output1 for generation 8001:

Oceanic mean pheno: 8.32452
Freshwater mean pheno: -9.08026
mean Ocean/Fresh Fst: 0.0416399
between lakes Fst: 0.89147
-------------------------------
Output1 for generation 8101:

Oceanic mean pheno: 7.78057
Freshwater mean pheno: -9.07056
mean Ocean/Fresh Fst: 0.044346
between lakes Fst: 0.883654
-------------------------------
Output1 for generation 8201:

Oceanic mean pheno: 7.95518
Freshwater mean pheno: -9.27284
mean Ocean/Fresh Fst: 0.0367919
between lakes Fst: 0.883808
-------------------------------
Output1 for generation 8301:

Oceanic mean pheno: 7.23673
Freshwater mean pheno: -9.56294
mean Ocean/Fresh Fst: 0.039097
between lakes Fst: 0.901945
-------------------------------
Output1 for generation 8401:

Oceanic mean pheno: 6.56384
Freshwater mean pheno: -9.39202
mean Ocean/Fresh Fst: 0.0349166
between lakes Fst: 0.899245
-------------------------------
Output1 for generation 8501:

Oceanic mean pheno: 6.83544
Freshwater mean pheno: -8.91453
mean Ocean/Fresh Fst: 0.0372923
between lakes Fst: 0.888064
-------------------------------
Output1 for generation 8601:

Oceanic mean pheno: 6.59671
Freshwater mean pheno: -8.73806
mean Ocean/Fresh Fst: 0.0332333
between lakes Fst: 0.894784
-------------------------------
Output1 for generation 8701:

Oceanic mean pheno: 5.92029
Freshwater mean pheno: -8.88668
mean Ocean/Fresh Fst: 0.0346891
between lakes Fst: 0.897571
-------------------------------
Output1 for generation 8801:

Oceanic mean pheno: 5.55162
Freshwater mean pheno: -8.9556
mean Ocean/Fresh Fst: 0.0371609
between lakes Fst: 0.902153
-------------------------------
Output1 for generation 8901:

Oceanic mean pheno: 5.3777
Freshwater mean pheno: -9.01214
mean Ocean/Fresh Fst: 0.0352421
between lakes Fst: 0.888976
-------------------------------
Output1 for generation 9001:

Oceanic mean pheno: 7.80665
Freshwater mean pheno: -8.61414
mean Ocean/Fresh Fst: 0.0360405
between lakes Fst: 0.890736
-------------------------------
Output1 for generation 9101:

Oceanic mean pheno: 7.35976
Freshwater mean pheno: -8.77199
mean Ocean/Fresh Fst: 0.0375682
between lakes Fst: 0.89004
-------------------------------
Output1 for generation 9201:

Oceanic mean pheno: 5.82081
Freshwater mean pheno: -9.09949
mean Ocean/Fresh Fst: 0.0316194
between lakes Fst: 0.885573
-------------------------------
Output1 for generation 9301:

Oceanic mean pheno: 5.93259
Freshwater mean pheno: -9.17542
mean Ocean/Fresh Fst: 0.0360321
between lakes Fst: 0.875655
-------------------------------
Output1 for generation 9401:

Oceanic mean pheno: 6.30716
Freshwater mean pheno: -9.26461
mean Ocean/Fresh Fst: 0.042416
between lakes Fst: 0.880294
-------------------------------
Output1 for generation 9501:

Oceanic mean pheno: 7.02728
Freshwater mean pheno: -9.12306
mean Ocean/Fresh Fst: 0.0456625
between lakes Fst: 0.881998
-------------------------------
Output1 for generation 9601:

Oceanic mean pheno: 7.30503
Freshwater mean pheno: -9.56346
mean Ocean/Fresh Fst: 0.0429832
between lakes Fst: 0.886835
-------------------------------
Output1 for generation 9701:

Oceanic mean pheno: 7.74491
Freshwater mean pheno: -9.64738
mean Ocean/Fresh Fst: 0.0471482
between lakes Fst: 0.884868
-------------------------------
Output1 for generation 9801:

Oceanic mean pheno: 6.83889
Freshwater mean pheno: -9.47202
mean Ocean/Fresh Fst: 0.0424908
between lakes Fst: 0.875333
-------------------------------
Output1 for generation 9901:

Oceanic mean pheno: 7.64749
Freshwater mean pheno: -9.56471
mean Ocean/Fresh Fst: 0.0436618
between lakes Fst: 0.87943
-------------------------------
Output1 for generation 10000:

Oceanic mean pheno: 7.12065
Freshwater mean pheno: -9.12515
mean Ocean/Fresh Fst: 0.0452025
between lakes Fst: 0.873944
Oceanic mean pheno7.12065
Freshwater mean pheno-9.12515
whole: 155
Oceanic: 112
Freshwater: 119
fstsize: 155
elapsed: 21:08.12 / kernel: 0.25 / user: 1268.55 / mem: 145372
Done!
