Task ID  - seed 020228
Parameters for SLiM run:
  -s 020228 MyRecipe1_9_9.E
// Initial random seed:
1503873977222

// RunInitializeCallbacks():
initializeSLiMOptions(dimensionality = 'x');
initializeMutationRate(1e-07);
initializeMutationType(1, 0.5, "g", 0.5, 1);
initializeMutationType(2, 0.5, "g", -0.5, 1);
initializeMutationType(3, 0.5, "f", 0);
initializeGenomicElementType(1, m3, 1);
initializeGenomicElementType(2, c(m1, m2), c(1, 1));
initializeGenomicElement(g1, 0, 399);
initializeGenomicElement(g2, 400, 499);
initializeGenomicElement(g2, 500, 500);
initializeGenomicElement(g2, 501, 600);
initializeGenomicElement(g1, 601, 1000);
initializeGenomicElement(g1, 1001, 1400);
initializeGenomicElement(g2, 1401, 1500);
initializeGenomicElement(g2, 1501, 1501);
initializeGenomicElement(g2, 1502, 1601);
initializeGenomicElement(g1, 1602, 2001);
initializeGenomicElement(g1, 2002, 2401);
initializeGenomicElement(g2, 2402, 2501);
initializeGenomicElement(g2, 2502, 2502);
initializeGenomicElement(g2, 2503, 2602);
initializeGenomicElement(g1, 2603, 3002);
initializeGenomicElement(g1, 3003, 3402);
initializeGenomicElement(g2, 3403, 3502);
initializeGenomicElement(g2, 3503, 3503);
initializeGenomicElement(g2, 3504, 3603);
initializeGenomicElement(g1, 3604, 4003);
initializeGenomicElement(g1, 4004, 4403);
initializeGenomicElement(g2, 4404, 4503);
initializeGenomicElement(g2, 4504, 4504);
initializeGenomicElement(g2, 4505, 4604);
initializeGenomicElement(g1, 4605, 5004);
initializeGenomicElement(g1, 5005, 5404);
initializeGenomicElement(g2, 5405, 5504);
initializeGenomicElement(g2, 5505, 5505);
initializeGenomicElement(g2, 5506, 5605);
initializeGenomicElement(g1, 5606, 6005);
initializeGenomicElement(g1, 6006, 6405);
initializeGenomicElement(g2, 6406, 6505);
initializeGenomicElement(g2, 6506, 6506);
initializeGenomicElement(g2, 6507, 6606);
initializeGenomicElement(g1, 6607, 7006);
initializeGenomicElement(g1, 7007, 7406);
initializeGenomicElement(g2, 7407, 7506);
initializeGenomicElement(g2, 7507, 7507);
initializeGenomicElement(g2, 7508, 7607);
initializeGenomicElement(g1, 7608, 8007);
initializeGenomicElement(g1, 8008, 8407);
initializeGenomicElement(g2, 8408, 8507);
initializeGenomicElement(g2, 8508, 8508);
initializeGenomicElement(g2, 8509, 8608);
initializeGenomicElement(g1, 8609, 9008);
initializeGenomicElement(g1, 9009, 9408);
initializeGenomicElement(g2, 9409, 9508);
initializeGenomicElement(g2, 9509, 9509);
initializeGenomicElement(g2, 9510, 9609);
initializeGenomicElement(g1, 9610, 10009);
end of chromosome position: 10010
initializeRecombinationRate(0.001);
initializeInteractionType(1, "x", reciprocal=T", maxDistance=0.02);
initializeInteractionType(2, "x", reciprocal=T", maxDistance=1);

// Starting run at generation <start>:
1 

-------------------------------
Output1 for generation 1:

Oceanic mean pheno: -0.068
Freshwater mean pheno: 0.044
mean Ocean/Fresh Fst: 0.000104215
between lakes Fst: 0.00383291
-------------------------------
Output1 for generation 101:

Oceanic mean pheno: 2.00538
Freshwater mean pheno: -10.4879
mean Ocean/Fresh Fst: 0.0258294
between lakes Fst: 0.781552
-------------------------------
Output1 for generation 201:

Oceanic mean pheno: 3.55609
Freshwater mean pheno: -10.0889
mean Ocean/Fresh Fst: 0.0307651
between lakes Fst: 0.819543
-------------------------------
Output1 for generation 301:

Oceanic mean pheno: 4.01653
Freshwater mean pheno: -9.78676
mean Ocean/Fresh Fst: 0.0314972
between lakes Fst: 0.848189
-------------------------------
Output1 for generation 401:

Oceanic mean pheno: 3.54297
Freshwater mean pheno: -10.0416
mean Ocean/Fresh Fst: 0.0332455
between lakes Fst: 0.859942
-------------------------------
Output1 for generation 501:

Oceanic mean pheno: 4.39815
Freshwater mean pheno: -9.19572
mean Ocean/Fresh Fst: 0.0314973
between lakes Fst: 0.861477
-------------------------------
Output1 for generation 601:

Oceanic mean pheno: 3.52477
Freshwater mean pheno: -9.61589
mean Ocean/Fresh Fst: 0.0291144
between lakes Fst: 0.87386
-------------------------------
Output1 for generation 701:

Oceanic mean pheno: 3.12403
Freshwater mean pheno: -9.85791
mean Ocean/Fresh Fst: 0.0252971
between lakes Fst: 0.86551
-------------------------------
Output1 for generation 801:

Oceanic mean pheno: 4.80986
Freshwater mean pheno: -10.0396
mean Ocean/Fresh Fst: 0.0318782
between lakes Fst: 0.869076
-------------------------------
Output1 for generation 901:

Oceanic mean pheno: 4.25899
Freshwater mean pheno: -10.3869
mean Ocean/Fresh Fst: 0.0343796
between lakes Fst: 0.891292
-------------------------------
Output1 for generation 1001:

Oceanic mean pheno: 6.10051
Freshwater mean pheno: -10.1663
mean Ocean/Fresh Fst: 0.0364729
between lakes Fst: 0.885034
-------------------------------
Output1 for generation 1101:

Oceanic mean pheno: 7.98431
Freshwater mean pheno: -9.62128
mean Ocean/Fresh Fst: 0.0399722
between lakes Fst: 0.875428
-------------------------------
Output1 for generation 1201:

Oceanic mean pheno: 8.04142
Freshwater mean pheno: -10.0762
mean Ocean/Fresh Fst: 0.0439959
between lakes Fst: 0.889085
-------------------------------
Output1 for generation 1301:

Oceanic mean pheno: 7.10154
Freshwater mean pheno: -9.70116
mean Ocean/Fresh Fst: 0.0375617
between lakes Fst: 0.888434
-------------------------------
Output1 for generation 1401:

Oceanic mean pheno: 7.42362
Freshwater mean pheno: -9.45451
mean Ocean/Fresh Fst: 0.0375811
between lakes Fst: 0.891301
-------------------------------
Output1 for generation 1501:

Oceanic mean pheno: 6.70673
Freshwater mean pheno: -9.7279
mean Ocean/Fresh Fst: 0.0389231
between lakes Fst: 0.894951
-------------------------------
Output1 for generation 1601:

Oceanic mean pheno: 6.9928
Freshwater mean pheno: -9.95546
mean Ocean/Fresh Fst: 0.0479703
between lakes Fst: 0.908406
-------------------------------
Output1 for generation 1701:

Oceanic mean pheno: 6.52813
Freshwater mean pheno: -10.2457
mean Ocean/Fresh Fst: 0.0429743
between lakes Fst: 0.906002
-------------------------------
Output1 for generation 1801:

Oceanic mean pheno: 6.53627
Freshwater mean pheno: -10.3291
mean Ocean/Fresh Fst: 0.0476796
between lakes Fst: 0.894132
-------------------------------
Output1 for generation 1901:

Oceanic mean pheno: 6.34409
Freshwater mean pheno: -9.76057
mean Ocean/Fresh Fst: 0.0414202
between lakes Fst: 0.894154
-------------------------------
Output1 for generation 2001:

Oceanic mean pheno: 6.11061
Freshwater mean pheno: -9.59091
mean Ocean/Fresh Fst: 0.0366122
between lakes Fst: 0.885116
-------------------------------
Output1 for generation 2101:

Oceanic mean pheno: 4.85699
Freshwater mean pheno: -9.57498
mean Ocean/Fresh Fst: 0.0331524
between lakes Fst: 0.887667
-------------------------------
Output1 for generation 2201:

Oceanic mean pheno: 5.82378
Freshwater mean pheno: -9.19522
mean Ocean/Fresh Fst: 0.0378143
between lakes Fst: 0.870254
-------------------------------
Output1 for generation 2301:

Oceanic mean pheno: 6.31185
Freshwater mean pheno: -9.90811
mean Ocean/Fresh Fst: 0.0420201
between lakes Fst: 0.879282
-------------------------------
Output1 for generation 2401:

Oceanic mean pheno: 7.0605
Freshwater mean pheno: -9.42691
mean Ocean/Fresh Fst: 0.0420448
between lakes Fst: 0.873143
-------------------------------
Output1 for generation 2501:

Oceanic mean pheno: 6.49214
Freshwater mean pheno: -9.06561
mean Ocean/Fresh Fst: 0.0414753
between lakes Fst: 0.874605
-------------------------------
Output1 for generation 2601:

Oceanic mean pheno: 6.82143
Freshwater mean pheno: -8.78535
mean Ocean/Fresh Fst: 0.0425364
between lakes Fst: 0.872844
-------------------------------
Output1 for generation 2701:

Oceanic mean pheno: 6.26459
Freshwater mean pheno: -9.12904
mean Ocean/Fresh Fst: 0.0382615
between lakes Fst: 0.890418
-------------------------------
Output1 for generation 2801:

Oceanic mean pheno: 5.58944
Freshwater mean pheno: -8.7457
mean Ocean/Fresh Fst: 0.0325322
between lakes Fst: 0.879657
-------------------------------
Output1 for generation 2901:

Oceanic mean pheno: 4.79461
Freshwater mean pheno: -8.98222
mean Ocean/Fresh Fst: 0.0346288
between lakes Fst: 0.885337
-------------------------------
Output1 for generation 3001:

Oceanic mean pheno: 4.30363
Freshwater mean pheno: -9.44357
mean Ocean/Fresh Fst: 0.035545
between lakes Fst: 0.896346
-------------------------------
Output1 for generation 3101:

Oceanic mean pheno: 4.47412
Freshwater mean pheno: -9.57337
mean Ocean/Fresh Fst: 0.0341579
between lakes Fst: 0.901406
-------------------------------
Output1 for generation 3201:

Oceanic mean pheno: 3.7705
Freshwater mean pheno: -9.24531
mean Ocean/Fresh Fst: 0.033149
between lakes Fst: 0.887675
-------------------------------
Output1 for generation 3301:

Oceanic mean pheno: 3.44069
Freshwater mean pheno: -8.76939
mean Ocean/Fresh Fst: 0.0287864
between lakes Fst: 0.865977
-------------------------------
Output1 for generation 3401:

Oceanic mean pheno: 3.47373
Freshwater mean pheno: -9.57835
mean Ocean/Fresh Fst: 0.0362892
between lakes Fst: 0.881203
-------------------------------
Output1 for generation 3501:

Oceanic mean pheno: 3.47926
Freshwater mean pheno: -9.28185
mean Ocean/Fresh Fst: 0.0319495
between lakes Fst: 0.880691
-------------------------------
Output1 for generation 3601:

Oceanic mean pheno: 4.86471
Freshwater mean pheno: -9.07357
mean Ocean/Fresh Fst: 0.0350297
between lakes Fst: 0.874581
-------------------------------
Output1 for generation 3701:

Oceanic mean pheno: 5.39533
Freshwater mean pheno: -9.46749
mean Ocean/Fresh Fst: 0.0415744
between lakes Fst: 0.886542
-------------------------------
Output1 for generation 3801:

Oceanic mean pheno: 4.57575
Freshwater mean pheno: -9.67315
mean Ocean/Fresh Fst: 0.0398174
between lakes Fst: 0.870428
-------------------------------
Output1 for generation 3901:

Oceanic mean pheno: 3.44509
Freshwater mean pheno: -9.93975
mean Ocean/Fresh Fst: 0.0372418
between lakes Fst: 0.902535
-------------------------------
Output1 for generation 4001:

Oceanic mean pheno: 4.67854
Freshwater mean pheno: -9.93892
mean Ocean/Fresh Fst: 0.0443032
between lakes Fst: 0.894342
-------------------------------
Output1 for generation 4101:

Oceanic mean pheno: 4.90568
Freshwater mean pheno: -9.60045
mean Ocean/Fresh Fst: 0.0375248
between lakes Fst: 0.906601
-------------------------------
Output1 for generation 4201:

Oceanic mean pheno: 6.79697
Freshwater mean pheno: -9.8895
mean Ocean/Fresh Fst: 0.0455057
between lakes Fst: 0.908368
-------------------------------
Output1 for generation 4301:

Oceanic mean pheno: 6.47747
Freshwater mean pheno: -9.53706
mean Ocean/Fresh Fst: 0.0421121
between lakes Fst: 0.882962
-------------------------------
Output1 for generation 4401:

Oceanic mean pheno: 6.4563
Freshwater mean pheno: -9.67335
mean Ocean/Fresh Fst: 0.0415545
between lakes Fst: 0.896873
-------------------------------
Output1 for generation 4501:

Oceanic mean pheno: 6.22099
Freshwater mean pheno: -9.7616
mean Ocean/Fresh Fst: 0.0399541
between lakes Fst: 0.897639
-------------------------------
Output1 for generation 4601:

Oceanic mean pheno: 5.67118
Freshwater mean pheno: -9.64084
mean Ocean/Fresh Fst: 0.0402347
between lakes Fst: 0.897976
-------------------------------
Output1 for generation 4701:

Oceanic mean pheno: 5.64641
Freshwater mean pheno: -9.29034
mean Ocean/Fresh Fst: 0.040596
between lakes Fst: 0.896416
-------------------------------
Output1 for generation 4801:

Oceanic mean pheno: 6.44596
Freshwater mean pheno: -8.83817
mean Ocean/Fresh Fst: 0.0364962
between lakes Fst: 0.899013
-------------------------------
Output1 for generation 4901:

Oceanic mean pheno: 7.61666
Freshwater mean pheno: -9.34036
mean Ocean/Fresh Fst: 0.044275
between lakes Fst: 0.903736
-------------------------------
Output1 for generation 5001:

Oceanic mean pheno: 6.5169
Freshwater mean pheno: -9.38564
mean Ocean/Fresh Fst: 0.0395271
between lakes Fst: 0.898704
-------------------------------
Output1 for generation 5101:

Oceanic mean pheno: 6.14198
Freshwater mean pheno: -9.24324
mean Ocean/Fresh Fst: 0.0372658
between lakes Fst: 0.901927
-------------------------------
Output1 for generation 5201:

Oceanic mean pheno: 6.17145
Freshwater mean pheno: -8.78474
mean Ocean/Fresh Fst: 0.0379737
between lakes Fst: 0.901652
-------------------------------
Output1 for generation 5301:

Oceanic mean pheno: 6.38384
Freshwater mean pheno: -8.40311
mean Ocean/Fresh Fst: 0.0386434
between lakes Fst: 0.895654
-------------------------------
Output1 for generation 5401:

Oceanic mean pheno: 6.70249
Freshwater mean pheno: -8.47856
mean Ocean/Fresh Fst: 0.0380495
between lakes Fst: 0.903032
-------------------------------
Output1 for generation 5501:

Oceanic mean pheno: 7.28591
Freshwater mean pheno: -8.47919
mean Ocean/Fresh Fst: 0.0429685
between lakes Fst: 0.897917
-------------------------------
Output1 for generation 5601:

Oceanic mean pheno: 7.35963
Freshwater mean pheno: -8.74453
mean Ocean/Fresh Fst: 0.0422879
between lakes Fst: 0.902767
-------------------------------
Output1 for generation 5701:

Oceanic mean pheno: 6.11236
Freshwater mean pheno: -8.82443
mean Ocean/Fresh Fst: 0.0360392
between lakes Fst: 0.913137
-------------------------------
Output1 for generation 5801:

Oceanic mean pheno: 5.9944
Freshwater mean pheno: -8.76518
mean Ocean/Fresh Fst: 0.0403226
between lakes Fst: 0.893422
-------------------------------
Output1 for generation 5901:

Oceanic mean pheno: 6.0172
Freshwater mean pheno: -8.50203
mean Ocean/Fresh Fst: 0.0429016
between lakes Fst: 0.898583
-------------------------------
Output1 for generation 6001:

Oceanic mean pheno: 6.30129
Freshwater mean pheno: -8.81411
mean Ocean/Fresh Fst: 0.0388493
between lakes Fst: 0.888715
-------------------------------
Output1 for generation 6101:

Oceanic mean pheno: 7.48816
Freshwater mean pheno: -8.75575
mean Ocean/Fresh Fst: 0.0416805
between lakes Fst: 0.903784
-------------------------------
Output1 for generation 6201:

Oceanic mean pheno: 6.57772
Freshwater mean pheno: -9.01422
mean Ocean/Fresh Fst: 0.0429174
between lakes Fst: 0.912695
-------------------------------
Output1 for generation 6301:

Oceanic mean pheno: 7.14523
Freshwater mean pheno: -8.89365
mean Ocean/Fresh Fst: 0.0435994
between lakes Fst: 0.901705
-------------------------------
Output1 for generation 6401:

Oceanic mean pheno: 6.10169
Freshwater mean pheno: -8.87822
mean Ocean/Fresh Fst: 0.0375435
between lakes Fst: 0.884754
-------------------------------
Output1 for generation 6501:

Oceanic mean pheno: 5.67644
Freshwater mean pheno: -8.81518
mean Ocean/Fresh Fst: 0.0374805
between lakes Fst: 0.887646
-------------------------------
Output1 for generation 6601:

Oceanic mean pheno: 5.52616
Freshwater mean pheno: -8.97344
mean Ocean/Fresh Fst: 0.037004
between lakes Fst: 0.889617
-------------------------------
Output1 for generation 6701:

Oceanic mean pheno: 4.29677
Freshwater mean pheno: -8.79811
mean Ocean/Fresh Fst: 0.0321838
between lakes Fst: 0.879322
-------------------------------
Output1 for generation 6801:

Oceanic mean pheno: 5.06801
Freshwater mean pheno: -9.54006
mean Ocean/Fresh Fst: 0.0381176
between lakes Fst: 0.906978
-------------------------------
Output1 for generation 6901:

Oceanic mean pheno: 4.7939
Freshwater mean pheno: -9.5493
mean Ocean/Fresh Fst: 0.0381853
between lakes Fst: 0.908413
-------------------------------
Output1 for generation 7001:

Oceanic mean pheno: 5.2586
Freshwater mean pheno: -9.02284
mean Ocean/Fresh Fst: 0.0370138
between lakes Fst: 0.899773
-------------------------------
Output1 for generation 7101:

Oceanic mean pheno: 4.78416
Freshwater mean pheno: -8.18286
mean Ocean/Fresh Fst: 0.04005
between lakes Fst: 0.895583
-------------------------------
Output1 for generation 7201:

Oceanic mean pheno: 4.06455
Freshwater mean pheno: -8.09827
mean Ocean/Fresh Fst: 0.0363831
between lakes Fst: 0.881368
-------------------------------
Output1 for generation 7301:

Oceanic mean pheno: 3.44544
Freshwater mean pheno: -8.47588
mean Ocean/Fresh Fst: 0.0309979
between lakes Fst: 0.882846
-------------------------------
Output1 for generation 7401:

Oceanic mean pheno: 2.66527
Freshwater mean pheno: -8.85494
mean Ocean/Fresh Fst: 0.0333079
between lakes Fst: 0.888231
-------------------------------
Output1 for generation 7501:

Oceanic mean pheno: 3.97242
Freshwater mean pheno: -9.02948
mean Ocean/Fresh Fst: 0.0323145
between lakes Fst: 0.893602
-------------------------------
Output1 for generation 7601:

Oceanic mean pheno: 4.90128
Freshwater mean pheno: -9.07494
mean Ocean/Fresh Fst: 0.0352595
between lakes Fst: 0.894326
-------------------------------
Output1 for generation 7701:

Oceanic mean pheno: 6.0544
Freshwater mean pheno: -8.90897
mean Ocean/Fresh Fst: 0.0382898
between lakes Fst: 0.891646
-------------------------------
Output1 for generation 7801:

Oceanic mean pheno: 5.3608
Freshwater mean pheno: -8.9835
mean Ocean/Fresh Fst: 0.0378538
between lakes Fst: 0.89661
-------------------------------
Output1 for generation 7901:

Oceanic mean pheno: 5.76228
Freshwater mean pheno: -9.04985
mean Ocean/Fresh Fst: 0.0406877
between lakes Fst: 0.895311
-------------------------------
Output1 for generation 8001:

Oceanic mean pheno: 5.576
Freshwater mean pheno: -8.96333
mean Ocean/Fresh Fst: 0.0365851
between lakes Fst: 0.889842
-------------------------------
Output1 for generation 8101:

Oceanic mean pheno: 6.3476
Freshwater mean pheno: -9.10607
mean Ocean/Fresh Fst: 0.0367303
between lakes Fst: 0.891391
-------------------------------
Output1 for generation 8201:

Oceanic mean pheno: 5.97635
Freshwater mean pheno: -9.35823
mean Ocean/Fresh Fst: 0.0394478
between lakes Fst: 0.892745
-------------------------------
Output1 for generation 8301:

Oceanic mean pheno: 6.80063
Freshwater mean pheno: -9.45524
mean Ocean/Fresh Fst: 0.0396678
between lakes Fst: 0.887492
-------------------------------
Output1 for generation 8401:

Oceanic mean pheno: 6.41787
Freshwater mean pheno: -9.61771
mean Ocean/Fresh Fst: 0.0445615
between lakes Fst: 0.892724
-------------------------------
Output1 for generation 8501:

Oceanic mean pheno: 6.26948
Freshwater mean pheno: -8.76516
mean Ocean/Fresh Fst: 0.037282
between lakes Fst: 0.892695
-------------------------------
Output1 for generation 8601:

Oceanic mean pheno: 6.18249
Freshwater mean pheno: -9.35827
mean Ocean/Fresh Fst: 0.0374657
between lakes Fst: 0.875004
-------------------------------
Output1 for generation 8701:

Oceanic mean pheno: 5.54994
Freshwater mean pheno: -9.07075
mean Ocean/Fresh Fst: 0.0389241
between lakes Fst: 0.872959
-------------------------------
Output1 for generation 8801:

Oceanic mean pheno: 5.94292
Freshwater mean pheno: -9.17842
mean Ocean/Fresh Fst: 0.0352191
between lakes Fst: 0.867182
-------------------------------
Output1 for generation 8901:

Oceanic mean pheno: 6.87255
Freshwater mean pheno: -9.21026
mean Ocean/Fresh Fst: 0.0415127
between lakes Fst: 0.879408
-------------------------------
Output1 for generation 9001:

Oceanic mean pheno: 7.67646
Freshwater mean pheno: -8.69811
mean Ocean/Fresh Fst: 0.0418469
between lakes Fst: 0.872294
-------------------------------
Output1 for generation 9101:

Oceanic mean pheno: 6.70674
Freshwater mean pheno: -9.18423
mean Ocean/Fresh Fst: 0.041092
between lakes Fst: 0.872836
-------------------------------
Output1 for generation 9201:

Oceanic mean pheno: 6.35737
Freshwater mean pheno: -9.18146
mean Ocean/Fresh Fst: 0.0421994
between lakes Fst: 0.865365
-------------------------------
Output1 for generation 9301:

Oceanic mean pheno: 6.00144
Freshwater mean pheno: -9.42865
mean Ocean/Fresh Fst: 0.0419534
between lakes Fst: 0.866469
-------------------------------
Output1 for generation 9401:

Oceanic mean pheno: 5.05357
Freshwater mean pheno: -9.25307
mean Ocean/Fresh Fst: 0.0402189
between lakes Fst: 0.865296
-------------------------------
Output1 for generation 9501:

Oceanic mean pheno: 3.68187
Freshwater mean pheno: -9.22543
mean Ocean/Fresh Fst: 0.0367514
between lakes Fst: 0.859461
-------------------------------
Output1 for generation 9601:

Oceanic mean pheno: 4.69861
Freshwater mean pheno: -8.85296
mean Ocean/Fresh Fst: 0.0410016
between lakes Fst: 0.855145
-------------------------------
Output1 for generation 9701:

Oceanic mean pheno: 5.47951
Freshwater mean pheno: -9.27788
mean Ocean/Fresh Fst: 0.0414607
between lakes Fst: 0.849832
-------------------------------
Output1 for generation 9801:

Oceanic mean pheno: 5.34034
Freshwater mean pheno: -9.23565
mean Ocean/Fresh Fst: 0.0385017
between lakes Fst: 0.855593
-------------------------------
Output1 for generation 9901:

Oceanic mean pheno: 3.93677
Freshwater mean pheno: -9.14097
mean Ocean/Fresh Fst: 0.0354005
between lakes Fst: 0.859079
-------------------------------
Output1 for generation 10000:

Oceanic mean pheno: 4.52222
Freshwater mean pheno: -9.13819
mean Ocean/Fresh Fst: 0.0392337
between lakes Fst: 0.860092
Oceanic mean pheno4.52222
Freshwater mean pheno-9.13819
whole: 174
Oceanic: 131
Freshwater: 134
fstsize: 174
elapsed: 20:16.98 / kernel: 0.27 / user: 1217.28 / mem: 145452
Done!
