Task ID  - seed 008951
Parameters for SLiM run:
  -s 008951 MyRecipe1_9_9.E
// Initial random seed:
1503425785132

// RunInitializeCallbacks():
initializeSLiMOptions(dimensionality = 'x');
initializeMutationRate(1e-07);
initializeMutationType(1, 0.5, "g", 0.5, 1);
initializeMutationType(2, 0.5, "g", -0.5, 1);
initializeMutationType(3, 0.5, "f", 0);
initializeGenomicElementType(1, m3, 1);
initializeGenomicElementType(2, c(m1, m2), c(1, 1));
initializeGenomicElement(g1, 0, 399);
initializeGenomicElement(g2, 400, 499);
initializeGenomicElement(g2, 500, 500);
initializeGenomicElement(g2, 501, 600);
initializeGenomicElement(g1, 601, 1000);
initializeGenomicElement(g1, 1001, 1400);
initializeGenomicElement(g2, 1401, 1500);
initializeGenomicElement(g2, 1501, 1501);
initializeGenomicElement(g2, 1502, 1601);
initializeGenomicElement(g1, 1602, 2001);
initializeGenomicElement(g1, 2002, 2401);
initializeGenomicElement(g2, 2402, 2501);
initializeGenomicElement(g2, 2502, 2502);
initializeGenomicElement(g2, 2503, 2602);
initializeGenomicElement(g1, 2603, 3002);
initializeGenomicElement(g1, 3003, 3402);
initializeGenomicElement(g2, 3403, 3502);
initializeGenomicElement(g2, 3503, 3503);
initializeGenomicElement(g2, 3504, 3603);
initializeGenomicElement(g1, 3604, 4003);
initializeGenomicElement(g1, 4004, 4403);
initializeGenomicElement(g2, 4404, 4503);
initializeGenomicElement(g2, 4504, 4504);
initializeGenomicElement(g2, 4505, 4604);
initializeGenomicElement(g1, 4605, 5004);
initializeGenomicElement(g1, 5005, 5404);
initializeGenomicElement(g2, 5405, 5504);
initializeGenomicElement(g2, 5505, 5505);
initializeGenomicElement(g2, 5506, 5605);
initializeGenomicElement(g1, 5606, 6005);
initializeGenomicElement(g1, 6006, 6405);
initializeGenomicElement(g2, 6406, 6505);
initializeGenomicElement(g2, 6506, 6506);
initializeGenomicElement(g2, 6507, 6606);
initializeGenomicElement(g1, 6607, 7006);
initializeGenomicElement(g1, 7007, 7406);
initializeGenomicElement(g2, 7407, 7506);
initializeGenomicElement(g2, 7507, 7507);
initializeGenomicElement(g2, 7508, 7607);
initializeGenomicElement(g1, 7608, 8007);
initializeGenomicElement(g1, 8008, 8407);
initializeGenomicElement(g2, 8408, 8507);
initializeGenomicElement(g2, 8508, 8508);
initializeGenomicElement(g2, 8509, 8608);
initializeGenomicElement(g1, 8609, 9008);
initializeGenomicElement(g1, 9009, 9408);
initializeGenomicElement(g2, 9409, 9508);
initializeGenomicElement(g2, 9509, 9509);
initializeGenomicElement(g2, 9510, 9609);
initializeGenomicElement(g1, 9610, 10009);
end of chromosome position: 10010
initializeRecombinationRate(0.001);
initializeInteractionType(1, "x", reciprocal=T", maxDistance=0.02);
initializeInteractionType(2, "x", reciprocal=T", maxDistance=1);

// Starting run at generation <start>:
1 

-------------------------------
Output1 for generation 1:

Oceanic mean pheno: -0.046
Freshwater mean pheno: 0.036
-------------------------------
Output1 for generation 101:

Oceanic mean pheno: 1.38898
Freshwater mean pheno: -9.40472
-------------------------------
Output1 for generation 201:

Oceanic mean pheno: 4.71167
Freshwater mean pheno: -10.2678
-------------------------------
Output1 for generation 301:

Oceanic mean pheno: 4.32616
Freshwater mean pheno: -9.64743
-------------------------------
Output1 for generation 401:

Oceanic mean pheno: 4.84957
Freshwater mean pheno: -9.48807
-------------------------------
Output1 for generation 501:

Oceanic mean pheno: 5.97748
Freshwater mean pheno: -10.419
-------------------------------
Output1 for generation 601:

Oceanic mean pheno: 5.8001
Freshwater mean pheno: -9.66951
-------------------------------
Output1 for generation 701:

Oceanic mean pheno: 5.73583
Freshwater mean pheno: -9.83839
-------------------------------
Output1 for generation 801:

Oceanic mean pheno: 5.99221
Freshwater mean pheno: -10.0764
-------------------------------
Output1 for generation 901:

Oceanic mean pheno: 6.79017
Freshwater mean pheno: -9.99751
-------------------------------
Output1 for generation 1001:

Oceanic mean pheno: 7.11847
Freshwater mean pheno: -9.99918
-------------------------------
Output1 for generation 1101:

Oceanic mean pheno: 7.87384
Freshwater mean pheno: -9.64269
-------------------------------
Output1 for generation 1201:

Oceanic mean pheno: 7.81288
Freshwater mean pheno: -9.73947
-------------------------------
Output1 for generation 1301:

Oceanic mean pheno: 7.85357
Freshwater mean pheno: -9.55013
-------------------------------
Output1 for generation 1401:

Oceanic mean pheno: 8.32121
Freshwater mean pheno: -9.44152
-------------------------------
Output1 for generation 1501:

Oceanic mean pheno: 7.1342
Freshwater mean pheno: -9.34991
-------------------------------
Output1 for generation 1601:

Oceanic mean pheno: 6.38916
Freshwater mean pheno: -9.10037
-------------------------------
Output1 for generation 1701:

Oceanic mean pheno: 6.58057
Freshwater mean pheno: -9.27477
-------------------------------
Output1 for generation 1801:

Oceanic mean pheno: 5.65135
Freshwater mean pheno: -9.39274
-------------------------------
Output1 for generation 1901:

Oceanic mean pheno: 6.55935
Freshwater mean pheno: -9.20318
-------------------------------
Output1 for generation 2001:

Oceanic mean pheno: 6.4996
Freshwater mean pheno: -9.56433
-------------------------------
Output1 for generation 2101:

Oceanic mean pheno: 7.81162
Freshwater mean pheno: -9.89014
-------------------------------
Output1 for generation 2201:

Oceanic mean pheno: 8.08566
Freshwater mean pheno: -9.36017
-------------------------------
Output1 for generation 2301:

Oceanic mean pheno: 6.51969
Freshwater mean pheno: -9.07131
-------------------------------
Output1 for generation 2401:

Oceanic mean pheno: 6.2106
Freshwater mean pheno: -9.78963
-------------------------------
Output1 for generation 2501:

Oceanic mean pheno: 6.66823
Freshwater mean pheno: -9.61226
-------------------------------
Output1 for generation 2601:

Oceanic mean pheno: 7.14275
Freshwater mean pheno: -9.39091
-------------------------------
Output1 for generation 2701:

Oceanic mean pheno: 7.37663
Freshwater mean pheno: -9.35047
-------------------------------
Output1 for generation 2801:

Oceanic mean pheno: 7.08007
Freshwater mean pheno: -9.37499
-------------------------------
Output1 for generation 2901:

Oceanic mean pheno: 6.24593
Freshwater mean pheno: -9.37428
-------------------------------
Output1 for generation 3001:

Oceanic mean pheno: 6.93641
Freshwater mean pheno: -9.96371
-------------------------------
Output1 for generation 3101:

Oceanic mean pheno: 5.6562
Freshwater mean pheno: -9.27322
-------------------------------
Output1 for generation 3201:

Oceanic mean pheno: 5.06197
Freshwater mean pheno: -9.5863
-------------------------------
Output1 for generation 3301:

Oceanic mean pheno: 4.80699
Freshwater mean pheno: -9.75633
-------------------------------
Output1 for generation 3401:

Oceanic mean pheno: 5.20326
Freshwater mean pheno: -10.2
-------------------------------
Output1 for generation 3501:

Oceanic mean pheno: 5.99392
Freshwater mean pheno: -9.63641
-------------------------------
Output1 for generation 3601:

Oceanic mean pheno: 4.9448
Freshwater mean pheno: -9.61233
-------------------------------
Output1 for generation 3701:

Oceanic mean pheno: 3.58027
Freshwater mean pheno: -10.0927
-------------------------------
Output1 for generation 3801:

Oceanic mean pheno: 4.07769
Freshwater mean pheno: -9.45198
-------------------------------
Output1 for generation 3901:

Oceanic mean pheno: 6.87464
Freshwater mean pheno: -8.70718
-------------------------------
Output1 for generation 4001:

Oceanic mean pheno: 7.63687
Freshwater mean pheno: -8.97666
-------------------------------
Output1 for generation 4101:

Oceanic mean pheno: 6.73246
Freshwater mean pheno: -9.54201
-------------------------------
Output1 for generation 4201:

Oceanic mean pheno: 7.82959
Freshwater mean pheno: -9.3274
-------------------------------
Output1 for generation 4301:

Oceanic mean pheno: 7.46203
Freshwater mean pheno: -9.70664
-------------------------------
Output1 for generation 4401:

Oceanic mean pheno: 7.12432
Freshwater mean pheno: -9.25686
-------------------------------
Output1 for generation 4501:

Oceanic mean pheno: 6.43301
Freshwater mean pheno: -9.30051
-------------------------------
Output1 for generation 4601:

Oceanic mean pheno: 6.1316
Freshwater mean pheno: -9.75802
-------------------------------
Output1 for generation 4701:

Oceanic mean pheno: 6.49653
Freshwater mean pheno: -9.48433
-------------------------------
Output1 for generation 4801:

Oceanic mean pheno: 6.63965
Freshwater mean pheno: -9.90861
-------------------------------
Output1 for generation 4901:

Oceanic mean pheno: 6.88937
Freshwater mean pheno: -9.74929
-------------------------------
Output1 for generation 5001:

Oceanic mean pheno: 6.24561
Freshwater mean pheno: -9.56736
-------------------------------
Output1 for generation 5101:

Oceanic mean pheno: 7.28023
Freshwater mean pheno: -9.6813
-------------------------------
Output1 for generation 5201:

Oceanic mean pheno: 6.53497
Freshwater mean pheno: -9.22844
-------------------------------
Output1 for generation 5301:

Oceanic mean pheno: 6.60702
Freshwater mean pheno: -9.14777
-------------------------------
Output1 for generation 5401:

Oceanic mean pheno: 6.99312
Freshwater mean pheno: -9.31771
-------------------------------
Output1 for generation 5501:

Oceanic mean pheno: 8.31656
Freshwater mean pheno: -9.5678
-------------------------------
Output1 for generation 5601:

Oceanic mean pheno: 7.91768
Freshwater mean pheno: -9.13597
-------------------------------
Output1 for generation 5701:

Oceanic mean pheno: 7.13124
Freshwater mean pheno: -9.5949
-------------------------------
Output1 for generation 5801:

Oceanic mean pheno: 6.68372
Freshwater mean pheno: -9.23573
-------------------------------
Output1 for generation 5901:

Oceanic mean pheno: 5.79594
Freshwater mean pheno: -9.36901
-------------------------------
Output1 for generation 6001:

Oceanic mean pheno: 5.52956
Freshwater mean pheno: -9.49173
-------------------------------
Output1 for generation 6101:

Oceanic mean pheno: 7.00038
Freshwater mean pheno: -9.72099
-------------------------------
Output1 for generation 6201:

Oceanic mean pheno: 7.44148
Freshwater mean pheno: -9.70048
-------------------------------
Output1 for generation 6301:

Oceanic mean pheno: 6.41856
Freshwater mean pheno: -9.66206
-------------------------------
Output1 for generation 6401:

Oceanic mean pheno: 6.12018
Freshwater mean pheno: -9.40561
-------------------------------
Output1 for generation 6501:

Oceanic mean pheno: 6.09331
Freshwater mean pheno: -9.48184
-------------------------------
Output1 for generation 6601:

Oceanic mean pheno: 7.21365
Freshwater mean pheno: -9.92397
-------------------------------
Output1 for generation 6701:

Oceanic mean pheno: 7.6281
Freshwater mean pheno: -9.58323
-------------------------------
Output1 for generation 6801:

Oceanic mean pheno: 7.64904
Freshwater mean pheno: -9.71875
-------------------------------
Output1 for generation 6901:

Oceanic mean pheno: 7.5917
Freshwater mean pheno: -9.84124
-------------------------------
Output1 for generation 7001:

Oceanic mean pheno: 7.73642
Freshwater mean pheno: -9.63986
-------------------------------
Output1 for generation 7101:

Oceanic mean pheno: 7.1962
Freshwater mean pheno: -9.75074
-------------------------------
Output1 for generation 7201:

Oceanic mean pheno: 6.76627
Freshwater mean pheno: -10.2602
-------------------------------
Output1 for generation 7301:

Oceanic mean pheno: 7.4042
Freshwater mean pheno: -9.81074
-------------------------------
Output1 for generation 7401:

Oceanic mean pheno: 7.26843
Freshwater mean pheno: -9.87625
-------------------------------
Output1 for generation 7501:

Oceanic mean pheno: 7.04851
Freshwater mean pheno: -9.70643
-------------------------------
Output1 for generation 7601:

Oceanic mean pheno: 6.43565
Freshwater mean pheno: -9.30165
-------------------------------
Output1 for generation 7701:

Oceanic mean pheno: 6.75088
Freshwater mean pheno: -9.34232
-------------------------------
Output1 for generation 7801:

Oceanic mean pheno: 6.44142
Freshwater mean pheno: -9.34822
-------------------------------
Output1 for generation 7901:

Oceanic mean pheno: 4.89784
Freshwater mean pheno: -9.46681
-------------------------------
Output1 for generation 8001:

Oceanic mean pheno: 4.94213
Freshwater mean pheno: -9.39792
-------------------------------
Output1 for generation 8101:

Oceanic mean pheno: 4.51022
Freshwater mean pheno: -9.02835
-------------------------------
Output1 for generation 8201:

Oceanic mean pheno: 4.20095
Freshwater mean pheno: -9.41584
-------------------------------
Output1 for generation 8301:

Oceanic mean pheno: 4.04967
Freshwater mean pheno: -9.66091
-------------------------------
Output1 for generation 8401:

Oceanic mean pheno: 5.17825
Freshwater mean pheno: -9.48393
-------------------------------
Output1 for generation 8501:

Oceanic mean pheno: 5.05233
Freshwater mean pheno: -9.14706
-------------------------------
Output1 for generation 8601:

Oceanic mean pheno: 5.61678
Freshwater mean pheno: -9.32153
-------------------------------
Output1 for generation 8701:

Oceanic mean pheno: 6.87683
Freshwater mean pheno: -9.10171
-------------------------------
Output1 for generation 8801:

Oceanic mean pheno: 7.52098
Freshwater mean pheno: -9.47596
-------------------------------
Output1 for generation 8901:

Oceanic mean pheno: 7.57166
Freshwater mean pheno: -8.93368
-------------------------------
Output1 for generation 9001:

Oceanic mean pheno: 7.27384
Freshwater mean pheno: -9.50635
-------------------------------
Output1 for generation 9101:

Oceanic mean pheno: 6.29728
Freshwater mean pheno: -9.26154
-------------------------------
Output1 for generation 9201:

Oceanic mean pheno: 6.72588
Freshwater mean pheno: -8.93982
-------------------------------
Output1 for generation 9301:

Oceanic mean pheno: 5.92013
Freshwater mean pheno: -9.2572
-------------------------------
Output1 for generation 9401:

Oceanic mean pheno: 6.86297
Freshwater mean pheno: -9.09069
-------------------------------
Output1 for generation 9501:

Oceanic mean pheno: 6.92719
Freshwater mean pheno: -9.05828
-------------------------------
Output1 for generation 9601:

Oceanic mean pheno: 7.64326
Freshwater mean pheno: -8.97427
-------------------------------
Output1 for generation 9701:

Oceanic mean pheno: 8.62103
Freshwater mean pheno: -9.05611
-------------------------------
Output1 for generation 9801:

Oceanic mean pheno: 8.40731
Freshwater mean pheno: -8.83822
-------------------------------
Output1 for generation 9901:

Oceanic mean pheno: 8.22216
Freshwater mean pheno: -8.94375
-------------------------------
Output1 for generation 10000:

Oceanic mean pheno: 7.80209
Freshwater mean pheno: -9.54196
Oceanic mean pheno7.80209
Freshwater mean pheno-9.54196
whole: 182
Oceanic: 132
Freshwater: 136
fstsize: 182
elapsed: 18:59.89 / kernel: 0.32 / user: 1140.18 / mem: 145516
Done!
