Task ID  - seed 009340
Parameters for SLiM run:
  -s 009340 MyRecipe1_9_9.E
// Initial random seed:
1504890801913

// RunInitializeCallbacks():
initializeSLiMOptions(dimensionality = 'x');
initializeMutationRate(1e-07);
initializeMutationType(1, 0.5, "g", 0.5, 1);
initializeMutationType(2, 0.5, "g", -0.5, 1);
initializeMutationType(3, 0.5, "f", 0);
initializeGenomicElementType(1, m3, 1);
initializeGenomicElementType(2, c(m1, m2), c(1, 1));
initializeGenomicElement(g1, 0, 399);
initializeGenomicElement(g2, 400, 499);
initializeGenomicElement(g2, 500, 500);
initializeGenomicElement(g2, 501, 600);
initializeGenomicElement(g1, 601, 1000);
initializeGenomicElement(g1, 1001, 1400);
initializeGenomicElement(g2, 1401, 1500);
initializeGenomicElement(g2, 1501, 1501);
initializeGenomicElement(g2, 1502, 1601);
initializeGenomicElement(g1, 1602, 2001);
initializeGenomicElement(g1, 2002, 2401);
initializeGenomicElement(g2, 2402, 2501);
initializeGenomicElement(g2, 2502, 2502);
initializeGenomicElement(g2, 2503, 2602);
initializeGenomicElement(g1, 2603, 3002);
initializeGenomicElement(g1, 3003, 3402);
initializeGenomicElement(g2, 3403, 3502);
initializeGenomicElement(g2, 3503, 3503);
initializeGenomicElement(g2, 3504, 3603);
initializeGenomicElement(g1, 3604, 4003);
initializeGenomicElement(g1, 4004, 4403);
initializeGenomicElement(g2, 4404, 4503);
initializeGenomicElement(g2, 4504, 4504);
initializeGenomicElement(g2, 4505, 4604);
initializeGenomicElement(g1, 4605, 5004);
initializeGenomicElement(g1, 5005, 5404);
initializeGenomicElement(g2, 5405, 5504);
initializeGenomicElement(g2, 5505, 5505);
initializeGenomicElement(g2, 5506, 5605);
initializeGenomicElement(g1, 5606, 6005);
initializeGenomicElement(g1, 6006, 6405);
initializeGenomicElement(g2, 6406, 6505);
initializeGenomicElement(g2, 6506, 6506);
initializeGenomicElement(g2, 6507, 6606);
initializeGenomicElement(g1, 6607, 7006);
initializeGenomicElement(g1, 7007, 7406);
initializeGenomicElement(g2, 7407, 7506);
initializeGenomicElement(g2, 7507, 7507);
initializeGenomicElement(g2, 7508, 7607);
initializeGenomicElement(g1, 7608, 8007);
initializeGenomicElement(g1, 8008, 8407);
initializeGenomicElement(g2, 8408, 8507);
initializeGenomicElement(g2, 8508, 8508);
initializeGenomicElement(g2, 8509, 8608);
initializeGenomicElement(g1, 8609, 9008);
initializeGenomicElement(g1, 9009, 9408);
initializeGenomicElement(g2, 9409, 9508);
initializeGenomicElement(g2, 9509, 9509);
initializeGenomicElement(g2, 9510, 9609);
initializeGenomicElement(g1, 9610, 10009);
end of chromosome position: 10010
initializeRecombinationRate(0.001);
initializeInteractionType(1, "x", reciprocal=T", maxDistance=0.02);
initializeInteractionType(2, "x", reciprocal=T", maxDistance=1);

// Starting run at generation <start>:
1 

-------------------------------
Output1 for generation 1:

Oceanic mean pheno: 0.014
Freshwater mean pheno: -0.075
mean Ocean/Fresh Fst: 9.33636e-05
between lakes Fst: 0.00527427
between Marine Regions Fst: 0.00443257
-------------------------------
Output1 for generation 101:

Oceanic mean pheno: 1.36517
Freshwater mean pheno: -9.87989
mean Ocean/Fresh Fst: 0.0239706
between lakes Fst: 0.115354
between Marine Regions Fst: 0.0120124
-------------------------------
Output1 for generation 201:

Oceanic mean pheno: 3.39177
Freshwater mean pheno: -11.0337
mean Ocean/Fresh Fst: 0.0361562
between lakes Fst: 0.171461
between Marine Regions Fst: 0.0110314
-------------------------------
Output1 for generation 301:

Oceanic mean pheno: 5.71606
Freshwater mean pheno: -9.82734
mean Ocean/Fresh Fst: 0.0410945
between lakes Fst: 0.22519
between Marine Regions Fst: 0.0142207
-------------------------------
Output1 for generation 401:

Oceanic mean pheno: 6.95583
Freshwater mean pheno: -9.7434
mean Ocean/Fresh Fst: 0.0415668
between lakes Fst: 0.272247
between Marine Regions Fst: 0.0122911
-------------------------------
Output1 for generation 501:

Oceanic mean pheno: 7.24311
Freshwater mean pheno: -9.20384
mean Ocean/Fresh Fst: 0.03839
between lakes Fst: 0.243638
between Marine Regions Fst: 0.0145346
-------------------------------
Output1 for generation 601:

Oceanic mean pheno: 6.74649
Freshwater mean pheno: -9.31878
mean Ocean/Fresh Fst: 0.0360531
between lakes Fst: 0.300763
between Marine Regions Fst: 0.0151943
-------------------------------
Output1 for generation 701:

Oceanic mean pheno: 7.22725
Freshwater mean pheno: -9.25213
mean Ocean/Fresh Fst: 0.0394881
between lakes Fst: 0.306723
between Marine Regions Fst: 0.0130221
-------------------------------
Output1 for generation 801:

Oceanic mean pheno: 6.60044
Freshwater mean pheno: -9.29686
mean Ocean/Fresh Fst: 0.0356326
between lakes Fst: 0.360855
between Marine Regions Fst: 0.0150652
-------------------------------
Output1 for generation 901:

Oceanic mean pheno: 5.73615
Freshwater mean pheno: -9.27653
mean Ocean/Fresh Fst: 0.0383447
between lakes Fst: 0.354611
between Marine Regions Fst: 0.0155937
-------------------------------
Output1 for generation 1001:

Oceanic mean pheno: 6.43121
Freshwater mean pheno: -9.58054
mean Ocean/Fresh Fst: 0.0375418
between lakes Fst: 0.357197
between Marine Regions Fst: 0.0128713
-------------------------------
Output1 for generation 1101:

Oceanic mean pheno: 7.62703
Freshwater mean pheno: -9.71327
mean Ocean/Fresh Fst: 0.0466401
between lakes Fst: 0.420771
between Marine Regions Fst: 0.0141812
-------------------------------
Output1 for generation 1201:

Oceanic mean pheno: 6.34773
Freshwater mean pheno: -9.91757
mean Ocean/Fresh Fst: 0.0383134
between lakes Fst: 0.353696
between Marine Regions Fst: 0.0155575
-------------------------------
Output1 for generation 1301:

Oceanic mean pheno: 8.10232
Freshwater mean pheno: -9.98959
mean Ocean/Fresh Fst: 0.0439766
between lakes Fst: 0.368154
between Marine Regions Fst: 0.0145075
-------------------------------
Output1 for generation 1401:

Oceanic mean pheno: 6.72897
Freshwater mean pheno: -9.8006
mean Ocean/Fresh Fst: 0.0358565
between lakes Fst: 0.39862
between Marine Regions Fst: 0.0149584
-------------------------------
Output1 for generation 1501:

Oceanic mean pheno: 7.05486
Freshwater mean pheno: -10.2322
mean Ocean/Fresh Fst: 0.0398631
between lakes Fst: 0.411876
between Marine Regions Fst: 0.0122372
-------------------------------
Output1 for generation 1601:

Oceanic mean pheno: 7.05336
Freshwater mean pheno: -9.90891
mean Ocean/Fresh Fst: 0.0372671
between lakes Fst: 0.393518
between Marine Regions Fst: 0.0132749
-------------------------------
Output1 for generation 1701:

Oceanic mean pheno: 6.91447
Freshwater mean pheno: -10.0789
mean Ocean/Fresh Fst: 0.0395093
between lakes Fst: 0.418776
between Marine Regions Fst: 0.0157168
-------------------------------
Output1 for generation 1801:

Oceanic mean pheno: 7.22192
Freshwater mean pheno: -9.67409
mean Ocean/Fresh Fst: 0.0411199
between lakes Fst: 0.411102
between Marine Regions Fst: 0.0122742
-------------------------------
Output1 for generation 1901:

Oceanic mean pheno: 7.60442
Freshwater mean pheno: -9.57153
mean Ocean/Fresh Fst: 0.0377134
between lakes Fst: 0.418439
between Marine Regions Fst: 0.0134332
-------------------------------
Output1 for generation 2001:

Oceanic mean pheno: 5.72462
Freshwater mean pheno: -9.86304
mean Ocean/Fresh Fst: 0.0338813
between lakes Fst: 0.41145
between Marine Regions Fst: 0.0150434
-------------------------------
Output1 for generation 2101:

Oceanic mean pheno: 5.28726
Freshwater mean pheno: -10.1821
mean Ocean/Fresh Fst: 0.0374168
between lakes Fst: 0.401502
between Marine Regions Fst: 0.0131151
-------------------------------
Output1 for generation 2201:

Oceanic mean pheno: 5.09824
Freshwater mean pheno: -9.81717
mean Ocean/Fresh Fst: 0.0339218
between lakes Fst: 0.381836
between Marine Regions Fst: 0.0162621
-------------------------------
Output1 for generation 2301:

Oceanic mean pheno: 3.89087
Freshwater mean pheno: -9.77498
mean Ocean/Fresh Fst: 0.0297505
between lakes Fst: 0.440424
between Marine Regions Fst: 0.0145979
-------------------------------
Output1 for generation 2401:

Oceanic mean pheno: 5.14402
Freshwater mean pheno: -9.12567
mean Ocean/Fresh Fst: 0.0339085
between lakes Fst: 0.428687
between Marine Regions Fst: 0.0137765
-------------------------------
Output1 for generation 2501:

Oceanic mean pheno: 5.15911
Freshwater mean pheno: -9.34673
mean Ocean/Fresh Fst: 0.0336076
between lakes Fst: 0.399365
between Marine Regions Fst: 0.0173108
-------------------------------
Output1 for generation 2601:

Oceanic mean pheno: 6.98277
Freshwater mean pheno: -8.90908
mean Ocean/Fresh Fst: 0.0391986
between lakes Fst: 0.389111
between Marine Regions Fst: 0.0157356
-------------------------------
Output1 for generation 2701:

Oceanic mean pheno: 6.86943
Freshwater mean pheno: -9.60966
mean Ocean/Fresh Fst: 0.044643
between lakes Fst: 0.414002
between Marine Regions Fst: 0.0156879
-------------------------------
Output1 for generation 2801:

Oceanic mean pheno: 7.20289
Freshwater mean pheno: -9.79128
mean Ocean/Fresh Fst: 0.0475056
between lakes Fst: 0.430278
between Marine Regions Fst: 0.0194367
-------------------------------
Output1 for generation 2901:

Oceanic mean pheno: 6.84073
Freshwater mean pheno: -9.41045
mean Ocean/Fresh Fst: 0.043802
between lakes Fst: 0.438569
between Marine Regions Fst: 0.0156152
-------------------------------
Output1 for generation 3001:

Oceanic mean pheno: 7.1329
Freshwater mean pheno: -9.03415
mean Ocean/Fresh Fst: 0.039857
between lakes Fst: 0.431887
between Marine Regions Fst: 0.0141044
-------------------------------
Output1 for generation 3101:

Oceanic mean pheno: 6.89117
Freshwater mean pheno: -9.46008
mean Ocean/Fresh Fst: 0.0457406
between lakes Fst: 0.429628
between Marine Regions Fst: 0.0140188
-------------------------------
Output1 for generation 3201:

Oceanic mean pheno: 7.16397
Freshwater mean pheno: -9.51492
mean Ocean/Fresh Fst: 0.0517246
between lakes Fst: 0.482757
between Marine Regions Fst: 0.0155294
-------------------------------
Output1 for generation 3301:

Oceanic mean pheno: 7.17219
Freshwater mean pheno: -9.33971
mean Ocean/Fresh Fst: 0.044139
between lakes Fst: 0.367336
between Marine Regions Fst: 0.0168689
-------------------------------
Output1 for generation 3401:

Oceanic mean pheno: 6.62228
Freshwater mean pheno: -9.29745
mean Ocean/Fresh Fst: 0.0418873
between lakes Fst: 0.431181
between Marine Regions Fst: 0.014318
-------------------------------
Output1 for generation 3501:

Oceanic mean pheno: 6.57446
Freshwater mean pheno: -9.17406
mean Ocean/Fresh Fst: 0.037945
between lakes Fst: 0.388943
between Marine Regions Fst: 0.0130618
-------------------------------
Output1 for generation 3601:

Oceanic mean pheno: 6.22092
Freshwater mean pheno: -9.0336
mean Ocean/Fresh Fst: 0.0368737
between lakes Fst: 0.388479
between Marine Regions Fst: 0.0187933
-------------------------------
Output1 for generation 3701:

Oceanic mean pheno: 6.24569
Freshwater mean pheno: -9.77723
mean Ocean/Fresh Fst: 0.0396995
between lakes Fst: 0.439905
between Marine Regions Fst: 0.0152227
-------------------------------
Output1 for generation 3801:

Oceanic mean pheno: 5.26684
Freshwater mean pheno: -9.59323
mean Ocean/Fresh Fst: 0.035347
between lakes Fst: 0.411942
between Marine Regions Fst: 0.0148296
-------------------------------
Output1 for generation 3901:

Oceanic mean pheno: 6.25623
Freshwater mean pheno: -9.94359
mean Ocean/Fresh Fst: 0.0404994
between lakes Fst: 0.407367
between Marine Regions Fst: 0.0124128
-------------------------------
Output1 for generation 4001:

Oceanic mean pheno: 6.5352
Freshwater mean pheno: -9.9674
mean Ocean/Fresh Fst: 0.039828
between lakes Fst: 0.402179
between Marine Regions Fst: 0.0146596
-------------------------------
Output1 for generation 4101:

Oceanic mean pheno: 6.38408
Freshwater mean pheno: -9.92578
mean Ocean/Fresh Fst: 0.0428948
between lakes Fst: 0.445362
between Marine Regions Fst: 0.01715
-------------------------------
Output1 for generation 4201:

Oceanic mean pheno: 5.80141
Freshwater mean pheno: -9.83012
mean Ocean/Fresh Fst: 0.0378091
between lakes Fst: 0.425752
between Marine Regions Fst: 0.0161205
-------------------------------
Output1 for generation 4301:

Oceanic mean pheno: 6.34404
Freshwater mean pheno: -10.0499
mean Ocean/Fresh Fst: 0.0394497
between lakes Fst: 0.412239
between Marine Regions Fst: 0.0191382
-------------------------------
Output1 for generation 4401:

Oceanic mean pheno: 5.97247
Freshwater mean pheno: -9.34309
mean Ocean/Fresh Fst: 0.0387495
between lakes Fst: 0.397992
between Marine Regions Fst: 0.0149889
-------------------------------
Output1 for generation 4501:

Oceanic mean pheno: 6.60183
Freshwater mean pheno: -9.29816
mean Ocean/Fresh Fst: 0.0394861
between lakes Fst: 0.414402
between Marine Regions Fst: 0.0159847
-------------------------------
Output1 for generation 4601:

Oceanic mean pheno: 6.30524
Freshwater mean pheno: -9.60709
mean Ocean/Fresh Fst: 0.0390794
between lakes Fst: 0.434503
between Marine Regions Fst: 0.0172768
-------------------------------
Output1 for generation 4701:

Oceanic mean pheno: 6.87937
Freshwater mean pheno: -9.48191
mean Ocean/Fresh Fst: 0.0400508
between lakes Fst: 0.462928
between Marine Regions Fst: 0.0166869
-------------------------------
Output1 for generation 4801:

Oceanic mean pheno: 6.50192
Freshwater mean pheno: -9.60512
mean Ocean/Fresh Fst: 0.0406426
between lakes Fst: 0.447971
between Marine Regions Fst: 0.0164723
-------------------------------
Output1 for generation 4901:

Oceanic mean pheno: 5.86848
Freshwater mean pheno: -9.00746
mean Ocean/Fresh Fst: 0.0363011
between lakes Fst: 0.416052
between Marine Regions Fst: 0.0149237
-------------------------------
Output1 for generation 5001:

Oceanic mean pheno: 5.88773
Freshwater mean pheno: -8.92949
mean Ocean/Fresh Fst: 0.0373285
between lakes Fst: 0.404615
between Marine Regions Fst: 0.0151466
-------------------------------
Output1 for generation 5101:

Oceanic mean pheno: 6.55777
Freshwater mean pheno: -9.25036
mean Ocean/Fresh Fst: 0.0443688
between lakes Fst: 0.466617
between Marine Regions Fst: 0.0154306
-------------------------------
Output1 for generation 5201:

Oceanic mean pheno: 6.47694
Freshwater mean pheno: -9.13984
mean Ocean/Fresh Fst: 0.0424601
between lakes Fst: 0.496733
between Marine Regions Fst: 0.0153524
-------------------------------
Output1 for generation 5301:

Oceanic mean pheno: 7.37757
Freshwater mean pheno: -8.95744
mean Ocean/Fresh Fst: 0.044398
between lakes Fst: 0.4516
between Marine Regions Fst: 0.0159262
-------------------------------
Output1 for generation 5401:

Oceanic mean pheno: 7.61616
Freshwater mean pheno: -9.53103
mean Ocean/Fresh Fst: 0.0481505
between lakes Fst: 0.4622
between Marine Regions Fst: 0.0165963
-------------------------------
Output1 for generation 5501:

Oceanic mean pheno: 7.31176
Freshwater mean pheno: -9.44335
mean Ocean/Fresh Fst: 0.0462989
between lakes Fst: 0.423241
between Marine Regions Fst: 0.0149102
-------------------------------
Output1 for generation 5601:

Oceanic mean pheno: 7.27273
Freshwater mean pheno: -8.73697
mean Ocean/Fresh Fst: 0.0416544
between lakes Fst: 0.446649
between Marine Regions Fst: 0.0178973
-------------------------------
Output1 for generation 5701:

Oceanic mean pheno: 6.19812
Freshwater mean pheno: -8.99144
mean Ocean/Fresh Fst: 0.0353989
between lakes Fst: 0.406009
between Marine Regions Fst: 0.0156477
-------------------------------
Output1 for generation 5801:

Oceanic mean pheno: 6.41325
Freshwater mean pheno: -8.96648
mean Ocean/Fresh Fst: 0.0356741
between lakes Fst: 0.381996
between Marine Regions Fst: 0.01546
-------------------------------
Output1 for generation 5901:

Oceanic mean pheno: 5.45375
Freshwater mean pheno: -8.62511
mean Ocean/Fresh Fst: 0.0345086
between lakes Fst: 0.462124
between Marine Regions Fst: 0.0162934
-------------------------------
Output1 for generation 6001:

Oceanic mean pheno: 5.06449
Freshwater mean pheno: -9.30258
mean Ocean/Fresh Fst: 0.0376049
between lakes Fst: 0.459026
between Marine Regions Fst: 0.0140825
-------------------------------
Output1 for generation 6101:

Oceanic mean pheno: 5.36654
Freshwater mean pheno: -9.53625
mean Ocean/Fresh Fst: 0.0360912
between lakes Fst: 0.382576
between Marine Regions Fst: 0.0164665
-------------------------------
Output1 for generation 6201:

Oceanic mean pheno: 5.57029
Freshwater mean pheno: -9.60832
mean Ocean/Fresh Fst: 0.0388846
between lakes Fst: 0.460298
between Marine Regions Fst: 0.0165344
-------------------------------
Output1 for generation 6301:

Oceanic mean pheno: 5.91095
Freshwater mean pheno: -9.26984
mean Ocean/Fresh Fst: 0.0383459
between lakes Fst: 0.445284
between Marine Regions Fst: 0.0180981
-------------------------------
Output1 for generation 6401:

Oceanic mean pheno: 4.84752
Freshwater mean pheno: -9.28398
mean Ocean/Fresh Fst: 0.0359867
between lakes Fst: 0.462233
between Marine Regions Fst: 0.0147438
-------------------------------
Output1 for generation 6501:

Oceanic mean pheno: 5.10148
Freshwater mean pheno: -9.53766
mean Ocean/Fresh Fst: 0.0409669
between lakes Fst: 0.441705
between Marine Regions Fst: 0.0144714
-------------------------------
Output1 for generation 6601:

Oceanic mean pheno: 6.47325
Freshwater mean pheno: -9.62484
mean Ocean/Fresh Fst: 0.0400927
between lakes Fst: 0.445474
between Marine Regions Fst: 0.0150227
-------------------------------
Output1 for generation 6701:

Oceanic mean pheno: 6.9618
Freshwater mean pheno: -9.72166
mean Ocean/Fresh Fst: 0.0481118
between lakes Fst: 0.477678
between Marine Regions Fst: 0.0150208
-------------------------------
Output1 for generation 6801:

Oceanic mean pheno: 7.64954
Freshwater mean pheno: -9.87046
mean Ocean/Fresh Fst: 0.0497949
between lakes Fst: 0.488853
between Marine Regions Fst: 0.0161809
-------------------------------
Output1 for generation 6901:

Oceanic mean pheno: 7.14077
Freshwater mean pheno: -9.55091
mean Ocean/Fresh Fst: 0.0416641
between lakes Fst: 0.447468
between Marine Regions Fst: 0.0145837
-------------------------------
Output1 for generation 7001:

Oceanic mean pheno: 6.87399
Freshwater mean pheno: -9.54619
mean Ocean/Fresh Fst: 0.0395207
between lakes Fst: 0.450164
between Marine Regions Fst: 0.0177229
-------------------------------
Output1 for generation 7101:

Oceanic mean pheno: 7.5367
Freshwater mean pheno: -9.27368
mean Ocean/Fresh Fst: 0.0407374
between lakes Fst: 0.421366
between Marine Regions Fst: 0.0185515
-------------------------------
Output1 for generation 7201:

Oceanic mean pheno: 7.59687
Freshwater mean pheno: -9.17399
mean Ocean/Fresh Fst: 0.038845
between lakes Fst: 0.437919
between Marine Regions Fst: 0.0148734
-------------------------------
Output1 for generation 7301:

Oceanic mean pheno: 6.32144
Freshwater mean pheno: -9.37577
mean Ocean/Fresh Fst: 0.0357931
between lakes Fst: 0.450494
between Marine Regions Fst: 0.0147979
-------------------------------
Output1 for generation 7401:

Oceanic mean pheno: 7.83421
Freshwater mean pheno: -9.64136
mean Ocean/Fresh Fst: 0.0461667
between lakes Fst: 0.468493
between Marine Regions Fst: 0.014396
-------------------------------
Output1 for generation 7501:

Oceanic mean pheno: 7.44767
Freshwater mean pheno: -9.7201
mean Ocean/Fresh Fst: 0.0441829
between lakes Fst: 0.463711
between Marine Regions Fst: 0.0182593
-------------------------------
Output1 for generation 7601:

Oceanic mean pheno: 6.38604
Freshwater mean pheno: -9.7392
mean Ocean/Fresh Fst: 0.0384314
between lakes Fst: 0.459776
between Marine Regions Fst: 0.0157649
-------------------------------
Output1 for generation 7701:

Oceanic mean pheno: 7.18357
Freshwater mean pheno: -9.87217
mean Ocean/Fresh Fst: 0.042523
between lakes Fst: 0.491475
between Marine Regions Fst: 0.0174521
-------------------------------
Output1 for generation 7801:

Oceanic mean pheno: 6.23384
Freshwater mean pheno: -9.65815
mean Ocean/Fresh Fst: 0.0393282
between lakes Fst: 0.482966
between Marine Regions Fst: 0.0161744
-------------------------------
Output1 for generation 7901:

Oceanic mean pheno: 6.53439
Freshwater mean pheno: -9.8787
mean Ocean/Fresh Fst: 0.0363659
between lakes Fst: 0.45299
between Marine Regions Fst: 0.0150713
-------------------------------
Output1 for generation 8001:

Oceanic mean pheno: 7.33253
Freshwater mean pheno: -9.45953
mean Ocean/Fresh Fst: 0.0361059
between lakes Fst: 0.445103
between Marine Regions Fst: 0.0169222
-------------------------------
Output1 for generation 8101:

Oceanic mean pheno: 7.391
Freshwater mean pheno: -9.55238
mean Ocean/Fresh Fst: 0.0417171
between lakes Fst: 0.529561
between Marine Regions Fst: 0.0153378
-------------------------------
Output1 for generation 8201:

Oceanic mean pheno: 7.95648
Freshwater mean pheno: -9.79778
mean Ocean/Fresh Fst: 0.0440083
between lakes Fst: 0.498354
between Marine Regions Fst: 0.0159006
-------------------------------
Output1 for generation 8301:

Oceanic mean pheno: 8.17433
Freshwater mean pheno: -9.93718
mean Ocean/Fresh Fst: 0.0471682
between lakes Fst: 0.495147
between Marine Regions Fst: 0.0140324
-------------------------------
Output1 for generation 8401:

Oceanic mean pheno: 7.95625
Freshwater mean pheno: -9.77958
mean Ocean/Fresh Fst: 0.0464028
between lakes Fst: 0.498961
between Marine Regions Fst: 0.0170013
-------------------------------
Output1 for generation 8501:

Oceanic mean pheno: 7.56767
Freshwater mean pheno: -9.72725
mean Ocean/Fresh Fst: 0.0416175
between lakes Fst: 0.488264
between Marine Regions Fst: 0.0152685
-------------------------------
Output1 for generation 8601:

Oceanic mean pheno: 6.50311
Freshwater mean pheno: -9.70974
mean Ocean/Fresh Fst: 0.0392045
between lakes Fst: 0.47176
between Marine Regions Fst: 0.016728
-------------------------------
Output1 for generation 8701:

Oceanic mean pheno: 6.79581
Freshwater mean pheno: -9.90211
mean Ocean/Fresh Fst: 0.0416309
between lakes Fst: 0.474622
between Marine Regions Fst: 0.0170792
-------------------------------
Output1 for generation 8801:

Oceanic mean pheno: 6.90098
Freshwater mean pheno: -9.46677
mean Ocean/Fresh Fst: 0.0417796
between lakes Fst: 0.491062
between Marine Regions Fst: 0.0150987
-------------------------------
Output1 for generation 8901:

Oceanic mean pheno: 8.01133
Freshwater mean pheno: -9.49
mean Ocean/Fresh Fst: 0.0463707
between lakes Fst: 0.490104
between Marine Regions Fst: 0.0165938
-------------------------------
Output1 for generation 9001:

Oceanic mean pheno: 8.83244
Freshwater mean pheno: -9.1014
mean Ocean/Fresh Fst: 0.0474858
between lakes Fst: 0.4938
between Marine Regions Fst: 0.0153616
-------------------------------
Output1 for generation 9101:

Oceanic mean pheno: 6.81875
Freshwater mean pheno: -9.47019
mean Ocean/Fresh Fst: 0.0451169
between lakes Fst: 0.450926
between Marine Regions Fst: 0.0185279
-------------------------------
Output1 for generation 9201:

Oceanic mean pheno: 7.35014
Freshwater mean pheno: -9.28065
mean Ocean/Fresh Fst: 0.0433188
between lakes Fst: 0.474468
between Marine Regions Fst: 0.0187277
-------------------------------
Output1 for generation 9301:

Oceanic mean pheno: 7.01523
Freshwater mean pheno: -9.21317
mean Ocean/Fresh Fst: 0.0526978
between lakes Fst: 0.529869
between Marine Regions Fst: 0.0192108
-------------------------------
Output1 for generation 9401:

Oceanic mean pheno: 6.12444
Freshwater mean pheno: -9.13968
mean Ocean/Fresh Fst: 0.043206
between lakes Fst: 0.47306
between Marine Regions Fst: 0.0166772
-------------------------------
Output1 for generation 9501:

Oceanic mean pheno: 5.50522
Freshwater mean pheno: -9.24883
mean Ocean/Fresh Fst: 0.0416167
between lakes Fst: 0.489568
between Marine Regions Fst: 0.0164302
-------------------------------
Output1 for generation 9601:

Oceanic mean pheno: 4.56357
Freshwater mean pheno: -9.47637
mean Ocean/Fresh Fst: 0.0356248
between lakes Fst: 0.491159
between Marine Regions Fst: 0.0166462
-------------------------------
Output1 for generation 9701:

Oceanic mean pheno: 5.67916
Freshwater mean pheno: -9.1412
mean Ocean/Fresh Fst: 0.0390386
between lakes Fst: 0.527707
between Marine Regions Fst: 0.0165494
-------------------------------
Output1 for generation 9801:

Oceanic mean pheno: 6.06191
Freshwater mean pheno: -9.5568
mean Ocean/Fresh Fst: 0.0377608
between lakes Fst: 0.516266
between Marine Regions Fst: 0.0162158
-------------------------------
Output1 for generation 9901:

Oceanic mean pheno: 6.15489
Freshwater mean pheno: -9.15577
mean Ocean/Fresh Fst: 0.0349639
between lakes Fst: 0.510343
between Marine Regions Fst: 0.0161513
-------------------------------
Output1 for generation 10000:

Oceanic mean pheno: 6.56867
Freshwater mean pheno: -9.06531
mean Ocean/Fresh Fst: 0.0365823
between lakes Fst: 0.504289
between Marine Regions Fst: 0.020294
Oceanic mean pheno6.56867
Freshwater mean pheno-9.06531
whole: 209
Oceanic: 150
Freshwater: 158
fstsize: 209
elapsed: 21:24.76 / kernel: 0.23 / user: 1285.20 / mem: 147828
Done!
