Task ID  - seed 009060
Parameters for SLiM run:
  -s 009060 MyRecipe1_9_9.E
// Initial random seed:
1505598187037

// RunInitializeCallbacks():
initializeSLiMOptions(dimensionality = 'x');
initializeMutationRate(1e-06);
initializeMutationType(1, 0.5, "g", 0.5, 1);
initializeMutationType(2, 0.5, "g", -0.5, 1);
initializeMutationType(3, 0.5, "f", 0);
initializeGenomicElementType(1, m3, 1);
initializeGenomicElementType(2, c(m1, m2), c(1, 1));
initializeGenomicElement(g1, 0, 399);
initializeGenomicElement(g2, 400, 499);
initializeGenomicElement(g2, 500, 500);
initializeGenomicElement(g2, 501, 600);
initializeGenomicElement(g1, 601, 1000);
initializeGenomicElement(g1, 1001, 1400);
initializeGenomicElement(g2, 1401, 1500);
initializeGenomicElement(g2, 1501, 1501);
initializeGenomicElement(g2, 1502, 1601);
initializeGenomicElement(g1, 1602, 2001);
initializeGenomicElement(g1, 2002, 2401);
initializeGenomicElement(g2, 2402, 2501);
initializeGenomicElement(g2, 2502, 2502);
initializeGenomicElement(g2, 2503, 2602);
initializeGenomicElement(g1, 2603, 3002);
initializeGenomicElement(g1, 3003, 3402);
initializeGenomicElement(g2, 3403, 3502);
initializeGenomicElement(g2, 3503, 3503);
initializeGenomicElement(g2, 3504, 3603);
initializeGenomicElement(g1, 3604, 4003);
initializeGenomicElement(g1, 4004, 4403);
initializeGenomicElement(g2, 4404, 4503);
initializeGenomicElement(g2, 4504, 4504);
initializeGenomicElement(g2, 4505, 4604);
initializeGenomicElement(g1, 4605, 5004);
initializeGenomicElement(g1, 5005, 5404);
initializeGenomicElement(g2, 5405, 5504);
initializeGenomicElement(g2, 5505, 5505);
initializeGenomicElement(g2, 5506, 5605);
initializeGenomicElement(g1, 5606, 6005);
initializeGenomicElement(g1, 6006, 6405);
initializeGenomicElement(g2, 6406, 6505);
initializeGenomicElement(g2, 6506, 6506);
initializeGenomicElement(g2, 6507, 6606);
initializeGenomicElement(g1, 6607, 7006);
initializeGenomicElement(g1, 7007, 7406);
initializeGenomicElement(g2, 7407, 7506);
initializeGenomicElement(g2, 7507, 7507);
initializeGenomicElement(g2, 7508, 7607);
initializeGenomicElement(g1, 7608, 8007);
initializeGenomicElement(g1, 8008, 8407);
initializeGenomicElement(g2, 8408, 8507);
initializeGenomicElement(g2, 8508, 8508);
initializeGenomicElement(g2, 8509, 8608);
initializeGenomicElement(g1, 8609, 9008);
initializeGenomicElement(g1, 9009, 9408);
initializeGenomicElement(g2, 9409, 9508);
initializeGenomicElement(g2, 9509, 9509);
initializeGenomicElement(g2, 9510, 9609);
initializeGenomicElement(g1, 9610, 10009);
end of chromosome position: 10010
initializeRecombinationRate(0.001);
initializeInteractionType(1, "x", reciprocal=T", maxDistance=0.02);
initializeInteractionType(2, "x", reciprocal=T", maxDistance=1);

// Starting run at generation <start>:
1 

-------------------------------
Output1 for generation 1:

Oceanic mean pheno: 0.076
Freshwater mean pheno: 0.046
-------------------------------
Output1 for generation 101:

Oceanic mean pheno: 1.28724
Freshwater mean pheno: -9.42148
-------------------------------
Output1 for generation 201:

Oceanic mean pheno: 1.24767
Freshwater mean pheno: -9.90451
-------------------------------
Output1 for generation 301:

Oceanic mean pheno: 0.950234
Freshwater mean pheno: -10.0309
-------------------------------
Output1 for generation 401:

Oceanic mean pheno: 3.67621
Freshwater mean pheno: -10.4609
-------------------------------
Output1 for generation 501:

Oceanic mean pheno: 4.34944
Freshwater mean pheno: -10.1093
-------------------------------
Output1 for generation 601:

Oceanic mean pheno: 6.01358
Freshwater mean pheno: -10.0765
-------------------------------
Output1 for generation 701:

Oceanic mean pheno: 5.16252
Freshwater mean pheno: -10.1147
-------------------------------
Output1 for generation 801:

Oceanic mean pheno: 6.12753
Freshwater mean pheno: -10.3843
-------------------------------
Output1 for generation 901:

Oceanic mean pheno: 6.94307
Freshwater mean pheno: -10.0117
-------------------------------
Output1 for generation 1001:

Oceanic mean pheno: 7.26299
Freshwater mean pheno: -10.3865
-------------------------------
Output1 for generation 1101:

Oceanic mean pheno: 6.67844
Freshwater mean pheno: -10.2236
-------------------------------
Output1 for generation 1201:

Oceanic mean pheno: 7.24928
Freshwater mean pheno: -9.98566
-------------------------------
Output1 for generation 1301:

Oceanic mean pheno: 7.51675
Freshwater mean pheno: -9.91359
-------------------------------
Output1 for generation 1401:

Oceanic mean pheno: 7.3098
Freshwater mean pheno: -9.84588
-------------------------------
Output1 for generation 1501:

Oceanic mean pheno: 5.93305
Freshwater mean pheno: -9.30987
-------------------------------
Output1 for generation 1601:

Oceanic mean pheno: 7.99482
Freshwater mean pheno: -9.55828
-------------------------------
Output1 for generation 1701:

Oceanic mean pheno: 7.81888
Freshwater mean pheno: -9.61014
-------------------------------
Output1 for generation 1801:

Oceanic mean pheno: 6.77746
Freshwater mean pheno: -9.31116
-------------------------------
Output1 for generation 1901:

Oceanic mean pheno: 6.59829
Freshwater mean pheno: -9.44106
-------------------------------
Output1 for generation 2001:

Oceanic mean pheno: 5.89643
Freshwater mean pheno: -10.1818
-------------------------------
Output1 for generation 2101:

Oceanic mean pheno: 6.3383
Freshwater mean pheno: -9.96225
-------------------------------
Output1 for generation 2201:

Oceanic mean pheno: 5.30234
Freshwater mean pheno: -9.90609
-------------------------------
Output1 for generation 2301:

Oceanic mean pheno: 5.49804
Freshwater mean pheno: -9.95193
-------------------------------
Output1 for generation 2401:

Oceanic mean pheno: 6.27372
Freshwater mean pheno: -9.88561
-------------------------------
Output1 for generation 2501:

Oceanic mean pheno: 4.89171
Freshwater mean pheno: -9.53133
-------------------------------
Output1 for generation 2601:

Oceanic mean pheno: 5.40156
Freshwater mean pheno: -10.3346
-------------------------------
Output1 for generation 2701:

Oceanic mean pheno: 6.50346
Freshwater mean pheno: -9.93074
-------------------------------
Output1 for generation 2801:

Oceanic mean pheno: 5.0849
Freshwater mean pheno: -9.94339
-------------------------------
Output1 for generation 2901:

Oceanic mean pheno: 4.72249
Freshwater mean pheno: -10.0854
-------------------------------
Output1 for generation 3001:

Oceanic mean pheno: 5.51373
Freshwater mean pheno: -9.91813
-------------------------------
Output1 for generation 3101:

Oceanic mean pheno: 6.53648
Freshwater mean pheno: -9.6303
-------------------------------
Output1 for generation 3201:

Oceanic mean pheno: 6.9148
Freshwater mean pheno: -9.5501
-------------------------------
Output1 for generation 3301:

Oceanic mean pheno: 8.61347
Freshwater mean pheno: -9.64164
-------------------------------
Output1 for generation 3401:

Oceanic mean pheno: 7.78699
Freshwater mean pheno: -9.46837
-------------------------------
Output1 for generation 3501:

Oceanic mean pheno: 7.56206
Freshwater mean pheno: -9.09545
-------------------------------
Output1 for generation 3601:

Oceanic mean pheno: 8.74353
Freshwater mean pheno: -9.05466
-------------------------------
Output1 for generation 3701:

Oceanic mean pheno: 8.52797
Freshwater mean pheno: -9.41889
-------------------------------
Output1 for generation 3801:

Oceanic mean pheno: 8.12756
Freshwater mean pheno: -9.21745
-------------------------------
Output1 for generation 3901:

Oceanic mean pheno: 7.52906
Freshwater mean pheno: -9.19649
-------------------------------
Output1 for generation 4001:

Oceanic mean pheno: 6.72398
Freshwater mean pheno: -9.75519
-------------------------------
Output1 for generation 4101:

Oceanic mean pheno: 7.80325
Freshwater mean pheno: -9.54247
-------------------------------
Output1 for generation 4201:

Oceanic mean pheno: 7.98316
Freshwater mean pheno: -9.33172
-------------------------------
Output1 for generation 4301:

Oceanic mean pheno: 7.50889
Freshwater mean pheno: -9.85711
-------------------------------
Output1 for generation 4401:

Oceanic mean pheno: 6.91226
Freshwater mean pheno: -9.51809
-------------------------------
Output1 for generation 4501:

Oceanic mean pheno: 5.66164
Freshwater mean pheno: -9.95383
-------------------------------
Output1 for generation 4601:

Oceanic mean pheno: 5.2279
Freshwater mean pheno: -9.87163
-------------------------------
Output1 for generation 4701:

Oceanic mean pheno: 4.88203
Freshwater mean pheno: -9.39961
-------------------------------
Output1 for generation 4801:

Oceanic mean pheno: 5.8766
Freshwater mean pheno: -9.38641
-------------------------------
Output1 for generation 4901:

Oceanic mean pheno: 5.99058
Freshwater mean pheno: -9.70954
-------------------------------
Output1 for generation 5001:

Oceanic mean pheno: 7.16031
Freshwater mean pheno: -9.59776
-------------------------------
Output1 for generation 5101:

Oceanic mean pheno: 5.87236
Freshwater mean pheno: -9.33307
-------------------------------
Output1 for generation 5201:

Oceanic mean pheno: 7.69133
Freshwater mean pheno: -9.16676
-------------------------------
Output1 for generation 5301:

Oceanic mean pheno: 6.42105
Freshwater mean pheno: -9.37064
-------------------------------
Output1 for generation 5401:

Oceanic mean pheno: 6.54716
Freshwater mean pheno: -9.47935
-------------------------------
Output1 for generation 5501:

Oceanic mean pheno: 6.4555
Freshwater mean pheno: -9.9714
-------------------------------
Output1 for generation 5601:

Oceanic mean pheno: 7.26272
Freshwater mean pheno: -9.49932
-------------------------------
Output1 for generation 5701:

Oceanic mean pheno: 8.19907
Freshwater mean pheno: -9.55502
-------------------------------
Output1 for generation 5801:

Oceanic mean pheno: 8.63252
Freshwater mean pheno: -9.79254
-------------------------------
Output1 for generation 5901:

Oceanic mean pheno: 5.66685
Freshwater mean pheno: -9.29808
-------------------------------
Output1 for generation 6001:

Oceanic mean pheno: 6.79026
Freshwater mean pheno: -8.91523
-------------------------------
Output1 for generation 6101:

Oceanic mean pheno: 6.55009
Freshwater mean pheno: -9.37747
-------------------------------
Output1 for generation 6201:

Oceanic mean pheno: 5.92108
Freshwater mean pheno: -9.09318
-------------------------------
Output1 for generation 6301:

Oceanic mean pheno: 6.11149
Freshwater mean pheno: -9.37688
-------------------------------
Output1 for generation 6401:

Oceanic mean pheno: 5.97986
Freshwater mean pheno: -9.04461
-------------------------------
Output1 for generation 6501:

Oceanic mean pheno: 5.75331
Freshwater mean pheno: -9.61838
-------------------------------
Output1 for generation 6601:

Oceanic mean pheno: 5.99295
Freshwater mean pheno: -9.7434
-------------------------------
Output1 for generation 6701:

Oceanic mean pheno: 7.63315
Freshwater mean pheno: -9.07662
-------------------------------
Output1 for generation 6801:

Oceanic mean pheno: 7.01357
Freshwater mean pheno: -8.56565
-------------------------------
Output1 for generation 6901:

Oceanic mean pheno: 9.10014
Freshwater mean pheno: -9.22229
-------------------------------
Output1 for generation 7001:

Oceanic mean pheno: 8.14847
Freshwater mean pheno: -9.28539
-------------------------------
Output1 for generation 7101:

Oceanic mean pheno: 8.53831
Freshwater mean pheno: -9.39719
-------------------------------
Output1 for generation 7201:

Oceanic mean pheno: 8.73402
Freshwater mean pheno: -9.70197
-------------------------------
Output1 for generation 7301:

Oceanic mean pheno: 7.6257
Freshwater mean pheno: -9.24409
-------------------------------
Output1 for generation 7401:

Oceanic mean pheno: 6.39215
Freshwater mean pheno: -9.54845
-------------------------------
Output1 for generation 7501:

Oceanic mean pheno: 4.90804
Freshwater mean pheno: -10.1508
-------------------------------
Output1 for generation 7601:

Oceanic mean pheno: 4.99607
Freshwater mean pheno: -9.95244
-------------------------------
Output1 for generation 7701:

Oceanic mean pheno: 5.23062
Freshwater mean pheno: -9.7074
-------------------------------
Output1 for generation 7801:

Oceanic mean pheno: 4.90776
Freshwater mean pheno: -9.88682
-------------------------------
Output1 for generation 7901:

Oceanic mean pheno: 6.56819
Freshwater mean pheno: -10.0443
-------------------------------
Output1 for generation 8001:

Oceanic mean pheno: 7.82508
Freshwater mean pheno: -9.27659
-------------------------------
Output1 for generation 8101:

Oceanic mean pheno: 7.79432
Freshwater mean pheno: -9.54864
-------------------------------
Output1 for generation 8201:

Oceanic mean pheno: 7.32692
Freshwater mean pheno: -9.83463
-------------------------------
Output1 for generation 8301:

Oceanic mean pheno: 8.03818
Freshwater mean pheno: -9.41163
-------------------------------
Output1 for generation 8401:

Oceanic mean pheno: 9.03211
Freshwater mean pheno: -9.63611
-------------------------------
Output1 for generation 8501:

Oceanic mean pheno: 8.15215
Freshwater mean pheno: -10.1967
-------------------------------
Output1 for generation 8601:

Oceanic mean pheno: 8.09711
Freshwater mean pheno: -10.4017
-------------------------------
Output1 for generation 8701:

Oceanic mean pheno: 6.77904
Freshwater mean pheno: -10.0064
-------------------------------
Output1 for generation 8801:

Oceanic mean pheno: 7.55847
Freshwater mean pheno: -9.78119
-------------------------------
Output1 for generation 8901:

Oceanic mean pheno: 7.70883
Freshwater mean pheno: -10.1482
-------------------------------
Output1 for generation 9001:

Oceanic mean pheno: 8.194
Freshwater mean pheno: -9.46714
-------------------------------
Output1 for generation 9101:

Oceanic mean pheno: 8.00384
Freshwater mean pheno: -9.43645
-------------------------------
Output1 for generation 9201:

Oceanic mean pheno: 7.45857
Freshwater mean pheno: -9.03271
-------------------------------
Output1 for generation 9301:

Oceanic mean pheno: 7.71039
Freshwater mean pheno: -9.39652
-------------------------------
Output1 for generation 9401:

Oceanic mean pheno: 7.24573
Freshwater mean pheno: -9.80662
-------------------------------
Output1 for generation 9501:

Oceanic mean pheno: 6.45103
Freshwater mean pheno: -10.0414
-------------------------------
Output1 for generation 9601:

Oceanic mean pheno: 7.17834
Freshwater mean pheno: -9.83365
-------------------------------
Output1 for generation 9701:

Oceanic mean pheno: 5.68132
Freshwater mean pheno: -9.40741
-------------------------------
Output1 for generation 9801:

Oceanic mean pheno: 5.54253
Freshwater mean pheno: -9.11611
-------------------------------
Output1 for generation 9901:

Oceanic mean pheno: 6.75216
Freshwater mean pheno: -9.71547
-------------------------------
Output1 for generation 10000:

Oceanic mean pheno: 4.7008
Freshwater mean pheno: -9.5378
Oceanic mean pheno4.7008
Freshwater mean pheno-9.5378
whole: 1742
Oceanic: 1289
Freshwater: 1262
fstsize: 1742
elapsed: 21:17.43 / kernel: 0.60 / user: 1277.50 / mem: 164272
Done!
