Task ID  - seed 028928
Parameters for SLiM run:
  -s 028928 MyRecipe2_2_4.E
// Initial random seed:
1504871644640

// RunInitializeCallbacks():
initializeSLiMOptions(dimensionality = 'x');
initializeMutationRate(1e-07);
initializeMutationType(1, 0.5, "g", 0.5, 1);
initializeMutationType(2, 0.5, "g", -0.5, 1);
initializeMutationType(3, 0.5, "f", 0);
initializeMutationType(4, 0.5, "f", 0);
initializeGenomicElementType(1, c(m4, m3), c(2, 1));
initializeGenomicElementType(2, c(m1, m2), c(1, 1));
initializeGenomicElement(g1, 0, 449);
initializeGenomicElement(g2, 450, 549);
initializeGenomicElement(g1, 550, 999);
initializeGenomicElement(g1, 1000, 1449);
initializeGenomicElement(g2, 1450, 1549);
initializeGenomicElement(g1, 1550, 1999);
initializeGenomicElement(g1, 2000, 2449);
initializeGenomicElement(g2, 2450, 2549);
initializeGenomicElement(g1, 2550, 2999);
initializeGenomicElement(g1, 3000, 3449);
initializeGenomicElement(g2, 3450, 3549);
initializeGenomicElement(g1, 3550, 3999);
initializeGenomicElement(g1, 4000, 4449);
initializeGenomicElement(g2, 4450, 4549);
initializeGenomicElement(g1, 4550, 4999);
initializeGenomicElement(g1, 5000, 5449);
initializeGenomicElement(g2, 5450, 5549);
initializeGenomicElement(g1, 5550, 5999);
initializeGenomicElement(g1, 6000, 6449);
initializeGenomicElement(g2, 6450, 6549);
initializeGenomicElement(g1, 6550, 6999);
initializeGenomicElement(g1, 7000, 7449);
initializeGenomicElement(g2, 7450, 7549);
initializeGenomicElement(g1, 7550, 7999);
initializeGenomicElement(g1, 8000, 8449);
initializeGenomicElement(g2, 8450, 8549);
initializeGenomicElement(g1, 8550, 8999);
initializeGenomicElement(g1, 9000, 9449);
initializeGenomicElement(g2, 9450, 9549);
initializeGenomicElement(g1, 9550, 9999);
end of chromosome position: 10000
initializeRecombinationRate(0.001);
initializeInteractionType(1, "x", reciprocal=T", maxDistance=0.02);
initializeInteractionType(2, "x", reciprocal=T", maxDistance=1);

// Starting run at generation <start>:
1 

-------------------------------
Output1 for generation 1:

Oceanic mean pheno: 4.22618
Freshwater mean pheno: 4.30295
mean Ocean/Fresh Fst: 9.76081e-05
between lakes Fst: 0.00406319
between Marine Regions Fst: 0.00423303
-------------------------------
Output1 for generation 101:

Oceanic mean pheno: 6.07023
Freshwater mean pheno: -7.97978
mean Ocean/Fresh Fst: 0.0493997
between lakes Fst: 0.126836
between Marine Regions Fst: 0.0122336
-------------------------------
Output1 for generation 201:

Oceanic mean pheno: 6.35027
Freshwater mean pheno: -9.32581
mean Ocean/Fresh Fst: 0.0673356
between lakes Fst: 0.170123
between Marine Regions Fst: 0.011682
-------------------------------
Output1 for generation 301:

Oceanic mean pheno: 7.0497
Freshwater mean pheno: -9.54578
mean Ocean/Fresh Fst: 0.0695221
between lakes Fst: 0.200921
between Marine Regions Fst: 0.0114337
-------------------------------
Output1 for generation 401:

Oceanic mean pheno: 7.01287
Freshwater mean pheno: -9.57466
mean Ocean/Fresh Fst: 0.0726458
between lakes Fst: 0.225881
between Marine Regions Fst: 0.0101476
-------------------------------
Output1 for generation 501:

Oceanic mean pheno: 7.19142
Freshwater mean pheno: -9.60133
mean Ocean/Fresh Fst: 0.0702142
between lakes Fst: 0.241286
between Marine Regions Fst: 0.0119833
-------------------------------
Output1 for generation 601:

Oceanic mean pheno: 7.55344
Freshwater mean pheno: -9.58264
mean Ocean/Fresh Fst: 0.0928099
between lakes Fst: 0.308946
between Marine Regions Fst: 0.0172548
-------------------------------
Output1 for generation 701:

Oceanic mean pheno: 8.14224
Freshwater mean pheno: -9.53474
mean Ocean/Fresh Fst: 0.073276
between lakes Fst: 0.254922
between Marine Regions Fst: 0.0137376
-------------------------------
Output1 for generation 801:

Oceanic mean pheno: 7.15479
Freshwater mean pheno: -9.45019
mean Ocean/Fresh Fst: 0.057874
between lakes Fst: 0.308521
between Marine Regions Fst: 0.0115363
-------------------------------
Output1 for generation 901:

Oceanic mean pheno: 7.55778
Freshwater mean pheno: -9.31102
mean Ocean/Fresh Fst: 0.0766503
between lakes Fst: 0.343543
between Marine Regions Fst: 0.0124496
-------------------------------
Output1 for generation 1001:

Oceanic mean pheno: 7.64867
Freshwater mean pheno: -9.36486
mean Ocean/Fresh Fst: 0.0824249
between lakes Fst: 0.299863
between Marine Regions Fst: 0.0177617
-------------------------------
Output1 for generation 1101:

Oceanic mean pheno: 7.36505
Freshwater mean pheno: -9.50436
mean Ocean/Fresh Fst: 0.0831536
between lakes Fst: 0.333604
between Marine Regions Fst: 0.0147332
-------------------------------
Output1 for generation 1201:

Oceanic mean pheno: 7.04928
Freshwater mean pheno: -9.49268
mean Ocean/Fresh Fst: 0.0618261
between lakes Fst: 0.309281
between Marine Regions Fst: 0.012829
-------------------------------
Output1 for generation 1301:

Oceanic mean pheno: 6.79591
Freshwater mean pheno: -9.45574
mean Ocean/Fresh Fst: 0.0660374
between lakes Fst: 0.350631
between Marine Regions Fst: 0.0122936
-------------------------------
Output1 for generation 1401:

Oceanic mean pheno: 5.55561
Freshwater mean pheno: -9.40695
mean Ocean/Fresh Fst: 0.0659331
between lakes Fst: 0.378617
between Marine Regions Fst: 0.0125555
-------------------------------
Output1 for generation 1501:

Oceanic mean pheno: 6.00961
Freshwater mean pheno: -9.43511
mean Ocean/Fresh Fst: 0.0714158
between lakes Fst: 0.357136
between Marine Regions Fst: 0.0142204
-------------------------------
Output1 for generation 1601:

Oceanic mean pheno: 5.89239
Freshwater mean pheno: -9.55197
mean Ocean/Fresh Fst: 0.0584253
between lakes Fst: 0.300016
between Marine Regions Fst: 0.010054
-------------------------------
Output1 for generation 1701:

Oceanic mean pheno: 6.72517
Freshwater mean pheno: -9.41344
mean Ocean/Fresh Fst: 0.0738873
between lakes Fst: 0.36487
between Marine Regions Fst: 0.0123696
-------------------------------
Output1 for generation 1801:

Oceanic mean pheno: 6.09336
Freshwater mean pheno: -9.33167
mean Ocean/Fresh Fst: 0.0670225
between lakes Fst: 0.382014
between Marine Regions Fst: 0.0131422
-------------------------------
Output1 for generation 1901:

Oceanic mean pheno: 6.33594
Freshwater mean pheno: -9.4686
mean Ocean/Fresh Fst: 0.0593496
between lakes Fst: 0.328771
between Marine Regions Fst: 0.0126927
-------------------------------
Output1 for generation 2001:

Oceanic mean pheno: 6.91975
Freshwater mean pheno: -9.58998
mean Ocean/Fresh Fst: 0.0764916
between lakes Fst: 0.353558
between Marine Regions Fst: 0.0118534
-------------------------------
Output1 for generation 2101:

Oceanic mean pheno: 5.87523
Freshwater mean pheno: -9.38811
mean Ocean/Fresh Fst: 0.0633479
between lakes Fst: 0.332443
between Marine Regions Fst: 0.0168418
-------------------------------
Output1 for generation 2201:

Oceanic mean pheno: 6.26331
Freshwater mean pheno: -9.39334
mean Ocean/Fresh Fst: 0.0712257
between lakes Fst: 0.373601
between Marine Regions Fst: 0.0126138
-------------------------------
Output1 for generation 2301:

Oceanic mean pheno: 7.03215
Freshwater mean pheno: -9.16152
mean Ocean/Fresh Fst: 0.0622535
between lakes Fst: 0.3426
between Marine Regions Fst: 0.0148998
-------------------------------
Output1 for generation 2401:

Oceanic mean pheno: 6.60119
Freshwater mean pheno: -9.47388
mean Ocean/Fresh Fst: 0.0702297
between lakes Fst: 0.333872
between Marine Regions Fst: 0.0173234
-------------------------------
Output1 for generation 2501:

Oceanic mean pheno: 7.13857
Freshwater mean pheno: -9.37596
mean Ocean/Fresh Fst: 0.0617545
between lakes Fst: 0.373551
between Marine Regions Fst: 0.0131559
-------------------------------
Output1 for generation 2601:

Oceanic mean pheno: 7.06993
Freshwater mean pheno: -9.17145
mean Ocean/Fresh Fst: 0.0645548
between lakes Fst: 0.383101
between Marine Regions Fst: 0.0139337
-------------------------------
Output1 for generation 2701:

Oceanic mean pheno: 6.32706
Freshwater mean pheno: -9.32491
mean Ocean/Fresh Fst: 0.0743417
between lakes Fst: 0.425575
between Marine Regions Fst: 0.0135914
-------------------------------
Output1 for generation 2801:

Oceanic mean pheno: 6.2257
Freshwater mean pheno: -9.53406
mean Ocean/Fresh Fst: 0.0713558
between lakes Fst: 0.370329
between Marine Regions Fst: 0.0135762
-------------------------------
Output1 for generation 2901:

Oceanic mean pheno: 6.11345
Freshwater mean pheno: -9.33634
mean Ocean/Fresh Fst: 0.065095
between lakes Fst: 0.328754
between Marine Regions Fst: 0.0129202
-------------------------------
Output1 for generation 3001:

Oceanic mean pheno: 5.6728
Freshwater mean pheno: -9.3127
mean Ocean/Fresh Fst: 0.0598541
between lakes Fst: 0.34758
between Marine Regions Fst: 0.0130978
-------------------------------
Output1 for generation 3101:

Oceanic mean pheno: 6.00078
Freshwater mean pheno: -9.49154
mean Ocean/Fresh Fst: 0.0626271
between lakes Fst: 0.336432
between Marine Regions Fst: 0.0139037
-------------------------------
Output1 for generation 3201:

Oceanic mean pheno: 6.44432
Freshwater mean pheno: -9.43084
mean Ocean/Fresh Fst: 0.0642526
between lakes Fst: 0.391619
between Marine Regions Fst: 0.0135767
-------------------------------
Output1 for generation 3301:

Oceanic mean pheno: 7.09341
Freshwater mean pheno: -9.43103
mean Ocean/Fresh Fst: 0.069925
between lakes Fst: 0.391593
between Marine Regions Fst: 0.0125917
-------------------------------
Output1 for generation 3401:

Oceanic mean pheno: 7.26678
Freshwater mean pheno: -9.49351
mean Ocean/Fresh Fst: 0.0705711
between lakes Fst: 0.377031
between Marine Regions Fst: 0.0163953
-------------------------------
Output1 for generation 3501:

Oceanic mean pheno: 6.99985
Freshwater mean pheno: -9.26949
mean Ocean/Fresh Fst: 0.0698219
between lakes Fst: 0.336459
between Marine Regions Fst: 0.0159514
-------------------------------
Output1 for generation 3601:

Oceanic mean pheno: 6.75344
Freshwater mean pheno: -9.15571
mean Ocean/Fresh Fst: 0.0625633
between lakes Fst: 0.339809
between Marine Regions Fst: 0.0160116
-------------------------------
Output1 for generation 3701:

Oceanic mean pheno: 7.28666
Freshwater mean pheno: -9.23075
mean Ocean/Fresh Fst: 0.0696049
between lakes Fst: 0.425718
between Marine Regions Fst: 0.0135494
-------------------------------
Output1 for generation 3801:

Oceanic mean pheno: 6.75549
Freshwater mean pheno: -9.22883
mean Ocean/Fresh Fst: 0.0654258
between lakes Fst: 0.38916
between Marine Regions Fst: 0.0143285
-------------------------------
Output1 for generation 3901:

Oceanic mean pheno: 6.13533
Freshwater mean pheno: -9.18481
mean Ocean/Fresh Fst: 0.0564318
between lakes Fst: 0.360593
between Marine Regions Fst: 0.0135475
-------------------------------
Output1 for generation 4001:

Oceanic mean pheno: 5.52239
Freshwater mean pheno: -9.42895
mean Ocean/Fresh Fst: 0.0572205
between lakes Fst: 0.357943
between Marine Regions Fst: 0.0173017
-------------------------------
Output1 for generation 4101:

Oceanic mean pheno: 5.42643
Freshwater mean pheno: -9.16051
mean Ocean/Fresh Fst: 0.0532068
between lakes Fst: 0.394306
between Marine Regions Fst: 0.0159205
-------------------------------
Output1 for generation 4201:

Oceanic mean pheno: 5.12787
Freshwater mean pheno: -9.15323
mean Ocean/Fresh Fst: 0.0539715
between lakes Fst: 0.42517
between Marine Regions Fst: 0.0147585
-------------------------------
Output1 for generation 4301:

Oceanic mean pheno: 4.72438
Freshwater mean pheno: -9.1411
mean Ocean/Fresh Fst: 0.0549639
between lakes Fst: 0.407286
between Marine Regions Fst: 0.0152799
-------------------------------
Output1 for generation 4401:

Oceanic mean pheno: 5.22843
Freshwater mean pheno: -9.08895
mean Ocean/Fresh Fst: 0.0609645
between lakes Fst: 0.471753
between Marine Regions Fst: 0.0130631
-------------------------------
Output1 for generation 4501:

Oceanic mean pheno: 5.68357
Freshwater mean pheno: -9.06393
mean Ocean/Fresh Fst: 0.0513616
between lakes Fst: 0.364537
between Marine Regions Fst: 0.0135304
-------------------------------
Output1 for generation 4601:

Oceanic mean pheno: 5.48952
Freshwater mean pheno: -9.08506
mean Ocean/Fresh Fst: 0.0620669
between lakes Fst: 0.39792
between Marine Regions Fst: 0.0141312
-------------------------------
Output1 for generation 4701:

Oceanic mean pheno: 6.37989
Freshwater mean pheno: -9.17764
mean Ocean/Fresh Fst: 0.0554705
between lakes Fst: 0.498558
between Marine Regions Fst: 0.0124519
-------------------------------
Output1 for generation 4801:

Oceanic mean pheno: 6.82288
Freshwater mean pheno: -9.10202
mean Ocean/Fresh Fst: 0.0559414
between lakes Fst: 0.404089
between Marine Regions Fst: 0.0124337
-------------------------------
Output1 for generation 4901:

Oceanic mean pheno: 6.94904
Freshwater mean pheno: -8.8382
mean Ocean/Fresh Fst: 0.0564943
between lakes Fst: 0.413252
between Marine Regions Fst: 0.0182097
-------------------------------
Output1 for generation 5001:

Oceanic mean pheno: 7.01171
Freshwater mean pheno: -8.9527
mean Ocean/Fresh Fst: 0.0545978
between lakes Fst: 0.39753
between Marine Regions Fst: 0.0143458
-------------------------------
Output1 for generation 5101:

Oceanic mean pheno: 6.32909
Freshwater mean pheno: -9.21741
mean Ocean/Fresh Fst: 0.0541684
between lakes Fst: 0.409114
between Marine Regions Fst: 0.0137554
-------------------------------
Output1 for generation 5201:

Oceanic mean pheno: 6.31531
Freshwater mean pheno: -9.10729
mean Ocean/Fresh Fst: 0.056069
between lakes Fst: 0.460183
between Marine Regions Fst: 0.0148955
-------------------------------
Output1 for generation 5301:

Oceanic mean pheno: 6.41489
Freshwater mean pheno: -9.25303
mean Ocean/Fresh Fst: 0.0558923
between lakes Fst: 0.462164
between Marine Regions Fst: 0.0128395
-------------------------------
Output1 for generation 5401:

Oceanic mean pheno: 6.24148
Freshwater mean pheno: -9.47018
mean Ocean/Fresh Fst: 0.0629393
between lakes Fst: 0.531643
between Marine Regions Fst: 0.0144029
-------------------------------
Output1 for generation 5501:

Oceanic mean pheno: 6.18841
Freshwater mean pheno: -9.5623
mean Ocean/Fresh Fst: 0.0541724
between lakes Fst: 0.455599
between Marine Regions Fst: 0.0133537
-------------------------------
Output1 for generation 5601:

Oceanic mean pheno: 6.11334
Freshwater mean pheno: -9.57315
mean Ocean/Fresh Fst: 0.0537528
between lakes Fst: 0.413224
between Marine Regions Fst: 0.0152072
-------------------------------
Output1 for generation 5701:

Oceanic mean pheno: 6.18079
Freshwater mean pheno: -9.76023
mean Ocean/Fresh Fst: 0.0589989
between lakes Fst: 0.458016
between Marine Regions Fst: 0.0173473
-------------------------------
Output1 for generation 5801:

Oceanic mean pheno: 5.88372
Freshwater mean pheno: -9.0353
mean Ocean/Fresh Fst: 0.0492359
between lakes Fst: 0.405015
between Marine Regions Fst: 0.0145214
-------------------------------
Output1 for generation 5901:

Oceanic mean pheno: 5.40485
Freshwater mean pheno: -8.83282
mean Ocean/Fresh Fst: 0.0456669
between lakes Fst: 0.465816
between Marine Regions Fst: 0.0146788
-------------------------------
Output1 for generation 6001:

Oceanic mean pheno: 5.83227
Freshwater mean pheno: -8.80697
mean Ocean/Fresh Fst: 0.0544103
between lakes Fst: 0.418612
between Marine Regions Fst: 0.013532
-------------------------------
Output1 for generation 6101:

Oceanic mean pheno: 6.10701
Freshwater mean pheno: -8.94952
mean Ocean/Fresh Fst: 0.0563608
between lakes Fst: 0.434182
between Marine Regions Fst: 0.017662
-------------------------------
Output1 for generation 6201:

Oceanic mean pheno: 6.1043
Freshwater mean pheno: -7.79413
mean Ocean/Fresh Fst: 0.055382
between lakes Fst: 0.475147
between Marine Regions Fst: 0.0159679
-------------------------------
Output1 for generation 6301:

Oceanic mean pheno: 6.02428
Freshwater mean pheno: -7.94557
mean Ocean/Fresh Fst: 0.0532224
between lakes Fst: 0.454524
between Marine Regions Fst: 0.0162892
-------------------------------
Output1 for generation 6401:

Oceanic mean pheno: 6.55287
Freshwater mean pheno: -8.15875
mean Ocean/Fresh Fst: 0.0553491
between lakes Fst: 0.501461
between Marine Regions Fst: 0.0144251
-------------------------------
Output1 for generation 6501:

Oceanic mean pheno: 6.89719
Freshwater mean pheno: -8.39149
mean Ocean/Fresh Fst: 0.0557549
between lakes Fst: 0.471848
between Marine Regions Fst: 0.0142637
-------------------------------
Output1 for generation 6601:

Oceanic mean pheno: 6.6227
Freshwater mean pheno: -8.57544
mean Ocean/Fresh Fst: 0.0579552
between lakes Fst: 0.421359
between Marine Regions Fst: 0.0138624
-------------------------------
Output1 for generation 6701:

Oceanic mean pheno: 6.93743
Freshwater mean pheno: -8.552
mean Ocean/Fresh Fst: 0.0596372
between lakes Fst: 0.419801
between Marine Regions Fst: 0.0142432
-------------------------------
Output1 for generation 6801:

Oceanic mean pheno: 6.74143
Freshwater mean pheno: -8.76637
mean Ocean/Fresh Fst: 0.0578653
between lakes Fst: 0.464608
between Marine Regions Fst: 0.0165997
-------------------------------
Output1 for generation 6901:

Oceanic mean pheno: 6.17717
Freshwater mean pheno: -8.57121
mean Ocean/Fresh Fst: 0.0569758
between lakes Fst: 0.422595
between Marine Regions Fst: 0.017138
-------------------------------
Output1 for generation 7001:

Oceanic mean pheno: 5.53337
Freshwater mean pheno: -8.74477
mean Ocean/Fresh Fst: 0.0521579
between lakes Fst: 0.481455
between Marine Regions Fst: 0.0192215
-------------------------------
Output1 for generation 7101:

Oceanic mean pheno: 5.51954
Freshwater mean pheno: -8.51557
mean Ocean/Fresh Fst: 0.0499963
between lakes Fst: 0.469185
between Marine Regions Fst: 0.0149294
-------------------------------
Output1 for generation 7201:

Oceanic mean pheno: 6.39258
Freshwater mean pheno: -8.92414
mean Ocean/Fresh Fst: 0.0599954
between lakes Fst: 0.463085
between Marine Regions Fst: 0.0152768
-------------------------------
Output1 for generation 7301:

Oceanic mean pheno: 6.78501
Freshwater mean pheno: -9.17761
mean Ocean/Fresh Fst: 0.05669
between lakes Fst: 0.469079
between Marine Regions Fst: 0.0137936
-------------------------------
Output1 for generation 7401:

Oceanic mean pheno: 6.84172
Freshwater mean pheno: -9.15131
mean Ocean/Fresh Fst: 0.059446
between lakes Fst: 0.499391
between Marine Regions Fst: 0.0151185
-------------------------------
Output1 for generation 7501:

Oceanic mean pheno: 6.3443
Freshwater mean pheno: -8.98888
mean Ocean/Fresh Fst: 0.0522421
between lakes Fst: 0.44654
between Marine Regions Fst: 0.017156
-------------------------------
Output1 for generation 7601:

Oceanic mean pheno: 6.50801
Freshwater mean pheno: -9.03587
mean Ocean/Fresh Fst: 0.0522959
between lakes Fst: 0.451419
between Marine Regions Fst: 0.0122357
-------------------------------
Output1 for generation 7701:

Oceanic mean pheno: 5.8896
Freshwater mean pheno: -9.01597
mean Ocean/Fresh Fst: 0.0603099
between lakes Fst: 0.494397
between Marine Regions Fst: 0.0148612
-------------------------------
Output1 for generation 7801:

Oceanic mean pheno: 6.36594
Freshwater mean pheno: -8.87261
mean Ocean/Fresh Fst: 0.05517
between lakes Fst: 0.456602
between Marine Regions Fst: 0.0141422
-------------------------------
Output1 for generation 7901:

Oceanic mean pheno: 6.83378
Freshwater mean pheno: -9.11954
mean Ocean/Fresh Fst: 0.0531561
between lakes Fst: 0.405841
between Marine Regions Fst: 0.0164084
-------------------------------
Output1 for generation 8001:

Oceanic mean pheno: 6.10294
Freshwater mean pheno: -9.23174
mean Ocean/Fresh Fst: 0.0597309
between lakes Fst: 0.395803
between Marine Regions Fst: 0.0166066
-------------------------------
Output1 for generation 8101:

Oceanic mean pheno: 5.01193
Freshwater mean pheno: -9.13784
mean Ocean/Fresh Fst: 0.0521093
between lakes Fst: 0.449834
between Marine Regions Fst: 0.0150673
-------------------------------
Output1 for generation 8201:

Oceanic mean pheno: 4.98324
Freshwater mean pheno: -8.80421
mean Ocean/Fresh Fst: 0.0505582
between lakes Fst: 0.456112
between Marine Regions Fst: 0.0131413
-------------------------------
Output1 for generation 8301:

Oceanic mean pheno: 5.11293
Freshwater mean pheno: -8.88102
mean Ocean/Fresh Fst: 0.059507
between lakes Fst: 0.514705
between Marine Regions Fst: 0.0145533
-------------------------------
Output1 for generation 8401:

Oceanic mean pheno: 6.04905
Freshwater mean pheno: -9.04255
mean Ocean/Fresh Fst: 0.0593923
between lakes Fst: 0.383772
between Marine Regions Fst: 0.016012
-------------------------------
Output1 for generation 8501:

Oceanic mean pheno: 6.86756
Freshwater mean pheno: -9.13103
mean Ocean/Fresh Fst: 0.0590283
between lakes Fst: 0.435227
between Marine Regions Fst: 0.0180178
-------------------------------
Output1 for generation 8601:

Oceanic mean pheno: 6.04821
Freshwater mean pheno: -9.13002
mean Ocean/Fresh Fst: 0.0519282
between lakes Fst: 0.441769
between Marine Regions Fst: 0.0154754
-------------------------------
Output1 for generation 8701:

Oceanic mean pheno: 5.99989
Freshwater mean pheno: -8.96575
mean Ocean/Fresh Fst: 0.052739
between lakes Fst: 0.409455
between Marine Regions Fst: 0.0146848
-------------------------------
Output1 for generation 8801:

Oceanic mean pheno: 6.3134
Freshwater mean pheno: -9.34316
mean Ocean/Fresh Fst: 0.0515916
between lakes Fst: 0.426302
between Marine Regions Fst: 0.0131273
-------------------------------
Output1 for generation 8901:

Oceanic mean pheno: 5.90552
Freshwater mean pheno: -9.47781
mean Ocean/Fresh Fst: 0.0548274
between lakes Fst: 0.42447
between Marine Regions Fst: 0.0143405
-------------------------------
Output1 for generation 9001:

Oceanic mean pheno: 5.70279
Freshwater mean pheno: -9.39685
mean Ocean/Fresh Fst: 0.0526749
between lakes Fst: 0.452114
between Marine Regions Fst: 0.0177205
-------------------------------
Output1 for generation 9101:

Oceanic mean pheno: 5.33207
Freshwater mean pheno: -9.54734
mean Ocean/Fresh Fst: 0.0552864
between lakes Fst: 0.467701
between Marine Regions Fst: 0.0160919
-------------------------------
Output1 for generation 9201:

Oceanic mean pheno: 5.62757
Freshwater mean pheno: -9.28215
mean Ocean/Fresh Fst: 0.0620556
between lakes Fst: 0.46915
between Marine Regions Fst: 0.0156182
-------------------------------
Output1 for generation 9301:

Oceanic mean pheno: 5.7195
Freshwater mean pheno: -9.52745
mean Ocean/Fresh Fst: 0.0670697
between lakes Fst: 0.56634
between Marine Regions Fst: 0.0170146
-------------------------------
Output1 for generation 9401:

Oceanic mean pheno: 5.27637
Freshwater mean pheno: -9.46536
mean Ocean/Fresh Fst: 0.0553355
between lakes Fst: 0.505388
between Marine Regions Fst: 0.0141126
-------------------------------
Output1 for generation 9501:

Oceanic mean pheno: 5.04206
Freshwater mean pheno: -9.57612
mean Ocean/Fresh Fst: 0.049184
between lakes Fst: 0.425928
between Marine Regions Fst: 0.0160015
-------------------------------
Output1 for generation 9601:

Oceanic mean pheno: 5.61137
Freshwater mean pheno: -9.54821
mean Ocean/Fresh Fst: 0.062048
between lakes Fst: 0.415518
between Marine Regions Fst: 0.0187344
-------------------------------
Output1 for generation 9701:

Oceanic mean pheno: 5.73656
Freshwater mean pheno: -9.7836
mean Ocean/Fresh Fst: 0.0530192
between lakes Fst: 0.391754
between Marine Regions Fst: 0.015523
-------------------------------
Output1 for generation 9801:

Oceanic mean pheno: 5.79977
Freshwater mean pheno: -9.71248
mean Ocean/Fresh Fst: 0.052925
between lakes Fst: 0.399133
between Marine Regions Fst: 0.0171553
-------------------------------
Output1 for generation 9901:

Oceanic mean pheno: 5.76577
Freshwater mean pheno: -9.43088
mean Ocean/Fresh Fst: 0.0524313
between lakes Fst: 0.473275
between Marine Regions Fst: 0.0183772
-------------------------------
Output1 for generation 10000:

Oceanic mean pheno: 5.21834
Freshwater mean pheno: -9.66243
mean Ocean/Fresh Fst: 0.0571173
between lakes Fst: 0.466105
between Marine Regions Fst: 0.0149832
Oceanic mean pheno5.21834
Freshwater mean pheno-9.66243
whole: 125
Oceanic: 99
Freshwater: 96
fstsize: 125
elapsed: 30:09.58 / kernel: 0.30 / user: 1810.23 / mem: 147608
Done!
