Task ID  - seed 014170
Parameters for SLiM run:
  -s 014170 MyRecipe2_2_4.E
// Initial random seed:
1506054409687

// RunInitializeCallbacks():
initializeSLiMOptions(dimensionality = 'x');
initializeMutationRate(1e-07);
initializeMutationType(1, 0.5, "g", 0.5, 1);
initializeMutationType(2, 0.5, "g", -0.5, 1);
initializeMutationType(3, 0.5, "f", 0);
initializeMutationType(4, 0.5, "f", 0);
initializeGenomicElementType(1, c(m4, m3), c(2, 1));
initializeGenomicElementType(2, c(m1, m2), c(1, 1));
initializeGenomicElement(g1, 0, 449);
initializeGenomicElement(g2, 450, 549);
initializeGenomicElement(g1, 550, 999);
initializeGenomicElement(g1, 1000, 1449);
initializeGenomicElement(g2, 1450, 1549);
initializeGenomicElement(g1, 1550, 1999);
initializeGenomicElement(g1, 2000, 2449);
initializeGenomicElement(g2, 2450, 2549);
initializeGenomicElement(g1, 2550, 2999);
initializeGenomicElement(g1, 3000, 3449);
initializeGenomicElement(g2, 3450, 3549);
initializeGenomicElement(g1, 3550, 3999);
initializeGenomicElement(g1, 4000, 4449);
initializeGenomicElement(g2, 4450, 4549);
initializeGenomicElement(g1, 4550, 4999);
initializeGenomicElement(g1, 5000, 5449);
initializeGenomicElement(g2, 5450, 5549);
initializeGenomicElement(g1, 5550, 5999);
initializeGenomicElement(g1, 6000, 6449);
initializeGenomicElement(g2, 6450, 6549);
initializeGenomicElement(g1, 6550, 6999);
initializeGenomicElement(g1, 7000, 7449);
initializeGenomicElement(g2, 7450, 7549);
initializeGenomicElement(g1, 7550, 7999);
initializeGenomicElement(g1, 8000, 8449);
initializeGenomicElement(g2, 8450, 8549);
initializeGenomicElement(g1, 8550, 8999);
initializeGenomicElement(g1, 9000, 9449);
initializeGenomicElement(g2, 9450, 9549);
initializeGenomicElement(g1, 9550, 9999);
end of chromosome position: 10000
initializeRecombinationRate(0.001);
initializeInteractionType(1, "x", reciprocal=T", maxDistance=0.02);
initializeInteractionType(2, "x", reciprocal=T", maxDistance=1);

// Starting run at generation <start>:
1 

-------------------------------
Output1 for generation 1:

Oceanic mean pheno: -4.0917
Freshwater mean pheno: -4.06849
mean Ocean/Fresh Fst: 0.000120574
between lakes Fst: 0.00473207
between Marine Regions Fst: 0.00478755
-------------------------------
Output1 for generation 101:

Oceanic mean pheno: -4.35487
Freshwater mean pheno: -9.56129
mean Ocean/Fresh Fst: 0.00784566
between lakes Fst: 0.0944089
between Marine Regions Fst: 0.0122601
-------------------------------
Output1 for generation 201:

Oceanic mean pheno: -4.6558
Freshwater mean pheno: -9.53955
mean Ocean/Fresh Fst: 0.0059208
between lakes Fst: 0.107619
between Marine Regions Fst: 0.0133873
-------------------------------
Output1 for generation 301:

Oceanic mean pheno: -5.20324
Freshwater mean pheno: -9.43115
mean Ocean/Fresh Fst: 0.00609899
between lakes Fst: 0.11926
between Marine Regions Fst: 0.0135501
-------------------------------
Output1 for generation 401:

Oceanic mean pheno: -6.5345
Freshwater mean pheno: -9.55411
mean Ocean/Fresh Fst: 0.00535311
between lakes Fst: 0.132621
between Marine Regions Fst: 0.0151311
-------------------------------
Output1 for generation 501:

Oceanic mean pheno: -7.00408
Freshwater mean pheno: -9.89597
mean Ocean/Fresh Fst: 0.00522542
between lakes Fst: 0.128756
between Marine Regions Fst: 0.0117116
-------------------------------
Output1 for generation 601:

Oceanic mean pheno: -7.40936
Freshwater mean pheno: -9.79235
mean Ocean/Fresh Fst: 0.00396508
between lakes Fst: 0.150795
between Marine Regions Fst: 0.0130661
-------------------------------
Output1 for generation 701:

Oceanic mean pheno: -7.56697
Freshwater mean pheno: -10.0799
mean Ocean/Fresh Fst: 0.00475897
between lakes Fst: 0.122926
between Marine Regions Fst: 0.0146178
-------------------------------
Output1 for generation 801:

Oceanic mean pheno: -7.07077
Freshwater mean pheno: -10.0533
mean Ocean/Fresh Fst: 0.00325319
between lakes Fst: 0.114967
between Marine Regions Fst: 0.013167
-------------------------------
Output1 for generation 901:

Oceanic mean pheno: -7.28407
Freshwater mean pheno: -10.2234
mean Ocean/Fresh Fst: 0.003783
between lakes Fst: 0.120791
between Marine Regions Fst: 0.0141693
-------------------------------
Output1 for generation 1001:

Oceanic mean pheno: -6.94684
Freshwater mean pheno: -9.64254
mean Ocean/Fresh Fst: 0.00370863
between lakes Fst: 0.137279
between Marine Regions Fst: 0.0122176
-------------------------------
Output1 for generation 1101:

Oceanic mean pheno: -6.64364
Freshwater mean pheno: -9.96537
mean Ocean/Fresh Fst: 0.00441733
between lakes Fst: 0.137256
between Marine Regions Fst: 0.0120864
-------------------------------
Output1 for generation 1201:

Oceanic mean pheno: -6.02437
Freshwater mean pheno: -9.67021
mean Ocean/Fresh Fst: 0.00515976
between lakes Fst: 0.12986
between Marine Regions Fst: 0.00963358
-------------------------------
Output1 for generation 1301:

Oceanic mean pheno: -5.80577
Freshwater mean pheno: -9.26234
mean Ocean/Fresh Fst: 0.00596431
between lakes Fst: 0.144918
between Marine Regions Fst: 0.0155689
-------------------------------
Output1 for generation 1401:

Oceanic mean pheno: -5.82555
Freshwater mean pheno: -9.39562
mean Ocean/Fresh Fst: 0.00505451
between lakes Fst: 0.124701
between Marine Regions Fst: 0.013442
-------------------------------
Output1 for generation 1501:

Oceanic mean pheno: -6.07644
Freshwater mean pheno: -9.7234
mean Ocean/Fresh Fst: 0.00615841
between lakes Fst: 0.162397
between Marine Regions Fst: 0.0169804
-------------------------------
Output1 for generation 1601:

Oceanic mean pheno: -6.77998
Freshwater mean pheno: -9.48901
mean Ocean/Fresh Fst: 0.00466715
between lakes Fst: 0.153622
between Marine Regions Fst: 0.013901
-------------------------------
Output1 for generation 1701:

Oceanic mean pheno: -6.80335
Freshwater mean pheno: -9.22158
mean Ocean/Fresh Fst: 0.00449079
between lakes Fst: 0.132656
between Marine Regions Fst: 0.0160057
-------------------------------
Output1 for generation 1801:

Oceanic mean pheno: -7.49531
Freshwater mean pheno: -9.53015
mean Ocean/Fresh Fst: 0.00410713
between lakes Fst: 0.148172
between Marine Regions Fst: 0.0121473
-------------------------------
Output1 for generation 1901:

Oceanic mean pheno: -7.91211
Freshwater mean pheno: -9.58811
mean Ocean/Fresh Fst: 0.00431008
between lakes Fst: 0.171877
between Marine Regions Fst: 0.0156743
-------------------------------
Output1 for generation 2001:

Oceanic mean pheno: -7.43249
Freshwater mean pheno: -9.55694
mean Ocean/Fresh Fst: 0.00397267
between lakes Fst: 0.178962
between Marine Regions Fst: 0.0155433
-------------------------------
Output1 for generation 2101:

Oceanic mean pheno: -7.2871
Freshwater mean pheno: -9.42978
mean Ocean/Fresh Fst: 0.00457495
between lakes Fst: 0.180668
between Marine Regions Fst: 0.0145202
-------------------------------
Output1 for generation 2201:

Oceanic mean pheno: -6.57245
Freshwater mean pheno: -9.48398
mean Ocean/Fresh Fst: 0.00499069
between lakes Fst: 0.16402
between Marine Regions Fst: 0.0158071
-------------------------------
Output1 for generation 2301:

Oceanic mean pheno: -6.25381
Freshwater mean pheno: -9.68674
mean Ocean/Fresh Fst: 0.00488714
between lakes Fst: 0.155503
between Marine Regions Fst: 0.0161038
-------------------------------
Output1 for generation 2401:

Oceanic mean pheno: -6.10381
Freshwater mean pheno: -9.75169
mean Ocean/Fresh Fst: 0.0053622
between lakes Fst: 0.167356
between Marine Regions Fst: 0.0166101
-------------------------------
Output1 for generation 2501:

Oceanic mean pheno: -7.01097
Freshwater mean pheno: -9.50732
mean Ocean/Fresh Fst: 0.00421789
between lakes Fst: 0.172469
between Marine Regions Fst: 0.0164444
-------------------------------
Output1 for generation 2601:

Oceanic mean pheno: -7.14552
Freshwater mean pheno: -9.77041
mean Ocean/Fresh Fst: 0.00395426
between lakes Fst: 0.164975
between Marine Regions Fst: 0.0166048
-------------------------------
Output1 for generation 2701:

Oceanic mean pheno: -6.51321
Freshwater mean pheno: -9.41606
mean Ocean/Fresh Fst: 0.0046339
between lakes Fst: 0.18069
between Marine Regions Fst: 0.0142644
-------------------------------
Output1 for generation 2801:

Oceanic mean pheno: -4.67183
Freshwater mean pheno: -8.77239
mean Ocean/Fresh Fst: 0.00644833
between lakes Fst: 0.163677
between Marine Regions Fst: 0.0149423
-------------------------------
Output1 for generation 2901:

Oceanic mean pheno: -5.43876
Freshwater mean pheno: -9.06373
mean Ocean/Fresh Fst: 0.00570907
between lakes Fst: 0.192562
between Marine Regions Fst: 0.0143122
-------------------------------
Output1 for generation 3001:

Oceanic mean pheno: -6.40771
Freshwater mean pheno: -9.45085
mean Ocean/Fresh Fst: 0.00492361
between lakes Fst: 0.180168
between Marine Regions Fst: 0.0175069
-------------------------------
Output1 for generation 3101:

Oceanic mean pheno: -6.76134
Freshwater mean pheno: -9.16267
mean Ocean/Fresh Fst: 0.00610856
between lakes Fst: 0.175235
between Marine Regions Fst: 0.017287
-------------------------------
Output1 for generation 3201:

Oceanic mean pheno: -7.16999
Freshwater mean pheno: -9.40174
mean Ocean/Fresh Fst: 0.00511612
between lakes Fst: 0.179923
between Marine Regions Fst: 0.0160244
-------------------------------
Output1 for generation 3301:

Oceanic mean pheno: -7.37071
Freshwater mean pheno: -9.49273
mean Ocean/Fresh Fst: 0.00363022
between lakes Fst: 0.173584
between Marine Regions Fst: 0.0160831
-------------------------------
Output1 for generation 3401:

Oceanic mean pheno: -7.64864
Freshwater mean pheno: -9.23855
mean Ocean/Fresh Fst: 0.00320435
between lakes Fst: 0.176067
between Marine Regions Fst: 0.0161598
-------------------------------
Output1 for generation 3501:

Oceanic mean pheno: -7.62453
Freshwater mean pheno: -9.4544
mean Ocean/Fresh Fst: 0.003641
between lakes Fst: 0.163368
between Marine Regions Fst: 0.0140381
-------------------------------
Output1 for generation 3601:

Oceanic mean pheno: -7.7771
Freshwater mean pheno: -9.43779
mean Ocean/Fresh Fst: 0.00317634
between lakes Fst: 0.158984
between Marine Regions Fst: 0.0151396
-------------------------------
Output1 for generation 3701:

Oceanic mean pheno: -7.56045
Freshwater mean pheno: -9.46298
mean Ocean/Fresh Fst: 0.00403177
between lakes Fst: 0.156164
between Marine Regions Fst: 0.0159663
-------------------------------
Output1 for generation 3801:

Oceanic mean pheno: -7.19895
Freshwater mean pheno: -9.74609
mean Ocean/Fresh Fst: 0.00357631
between lakes Fst: 0.176495
between Marine Regions Fst: 0.0147336
-------------------------------
Output1 for generation 3901:

Oceanic mean pheno: -7.57676
Freshwater mean pheno: -9.84052
mean Ocean/Fresh Fst: 0.00432949
between lakes Fst: 0.157507
between Marine Regions Fst: 0.0121014
-------------------------------
Output1 for generation 4001:

Oceanic mean pheno: -8.41207
Freshwater mean pheno: -9.89505
mean Ocean/Fresh Fst: 0.00402228
between lakes Fst: 0.163557
between Marine Regions Fst: 0.0157701
-------------------------------
Output1 for generation 4101:

Oceanic mean pheno: -8.58824
Freshwater mean pheno: -10.0712
mean Ocean/Fresh Fst: 0.00286428
between lakes Fst: 0.153235
between Marine Regions Fst: 0.0139413
-------------------------------
Output1 for generation 4201:

Oceanic mean pheno: -8.01784
Freshwater mean pheno: -9.29587
mean Ocean/Fresh Fst: 0.00384528
between lakes Fst: 0.136876
between Marine Regions Fst: 0.0133088
-------------------------------
Output1 for generation 4301:

Oceanic mean pheno: -7.37433
Freshwater mean pheno: -9.47496
mean Ocean/Fresh Fst: 0.0048224
between lakes Fst: 0.155452
between Marine Regions Fst: 0.0160028
-------------------------------
Output1 for generation 4401:

Oceanic mean pheno: -7.60737
Freshwater mean pheno: -9.57163
mean Ocean/Fresh Fst: 0.0039557
between lakes Fst: 0.165045
between Marine Regions Fst: 0.0120114
-------------------------------
Output1 for generation 4501:

Oceanic mean pheno: -7.32273
Freshwater mean pheno: -9.43469
mean Ocean/Fresh Fst: 0.00378683
between lakes Fst: 0.166216
between Marine Regions Fst: 0.0151953
-------------------------------
Output1 for generation 4601:

Oceanic mean pheno: -7.87963
Freshwater mean pheno: -9.65041
mean Ocean/Fresh Fst: 0.00473947
between lakes Fst: 0.125994
between Marine Regions Fst: 0.0145162
-------------------------------
Output1 for generation 4701:

Oceanic mean pheno: -7.71253
Freshwater mean pheno: -9.72704
mean Ocean/Fresh Fst: 0.0049371
between lakes Fst: 0.163728
between Marine Regions Fst: 0.0141874
-------------------------------
Output1 for generation 4801:

Oceanic mean pheno: -7.05378
Freshwater mean pheno: -9.88127
mean Ocean/Fresh Fst: 0.00391112
between lakes Fst: 0.144547
between Marine Regions Fst: 0.012939
-------------------------------
Output1 for generation 4901:

Oceanic mean pheno: -6.93282
Freshwater mean pheno: -9.5497
mean Ocean/Fresh Fst: 0.0046181
between lakes Fst: 0.140056
between Marine Regions Fst: 0.015718
-------------------------------
Output1 for generation 5001:

Oceanic mean pheno: -6.92216
Freshwater mean pheno: -9.68669
mean Ocean/Fresh Fst: 0.00566915
between lakes Fst: 0.174934
between Marine Regions Fst: 0.0167292
-------------------------------
Output1 for generation 5101:

Oceanic mean pheno: -8.50881
Freshwater mean pheno: -9.90743
mean Ocean/Fresh Fst: 0.00335827
between lakes Fst: 0.171344
between Marine Regions Fst: 0.0155068
-------------------------------
Output1 for generation 5201:

Oceanic mean pheno: -8.05996
Freshwater mean pheno: -10.0284
mean Ocean/Fresh Fst: 0.00467085
between lakes Fst: 0.167334
between Marine Regions Fst: 0.0139683
-------------------------------
Output1 for generation 5301:

Oceanic mean pheno: -7.23584
Freshwater mean pheno: -9.6505
mean Ocean/Fresh Fst: 0.00530065
between lakes Fst: 0.17696
between Marine Regions Fst: 0.0183543
-------------------------------
Output1 for generation 5401:

Oceanic mean pheno: -7.35001
Freshwater mean pheno: -9.75093
mean Ocean/Fresh Fst: 0.00378323
between lakes Fst: 0.140613
between Marine Regions Fst: 0.0161792
-------------------------------
Output1 for generation 5501:

Oceanic mean pheno: -7.7533
Freshwater mean pheno: -10.0439
mean Ocean/Fresh Fst: 0.00418934
between lakes Fst: 0.161207
between Marine Regions Fst: 0.0162377
-------------------------------
Output1 for generation 5601:

Oceanic mean pheno: -7.97754
Freshwater mean pheno: -10.0651
mean Ocean/Fresh Fst: 0.00437514
between lakes Fst: 0.141239
between Marine Regions Fst: 0.0158706
-------------------------------
Output1 for generation 5701:

Oceanic mean pheno: -7.43935
Freshwater mean pheno: -10.1258
mean Ocean/Fresh Fst: 0.00446486
between lakes Fst: 0.143141
between Marine Regions Fst: 0.015714
-------------------------------
Output1 for generation 5801:

Oceanic mean pheno: -7.2347
Freshwater mean pheno: -10.0004
mean Ocean/Fresh Fst: 0.00457956
between lakes Fst: 0.149826
between Marine Regions Fst: 0.0146922
-------------------------------
Output1 for generation 5901:

Oceanic mean pheno: -8.07861
Freshwater mean pheno: -9.71986
mean Ocean/Fresh Fst: 0.00456937
between lakes Fst: 0.155051
between Marine Regions Fst: 0.0154219
-------------------------------
Output1 for generation 6001:

Oceanic mean pheno: -8.59834
Freshwater mean pheno: -10.1598
mean Ocean/Fresh Fst: 0.00465339
between lakes Fst: 0.158017
between Marine Regions Fst: 0.0152588
-------------------------------
Output1 for generation 6101:

Oceanic mean pheno: -9.15308
Freshwater mean pheno: -9.92159
mean Ocean/Fresh Fst: 0.00317542
between lakes Fst: 0.166016
between Marine Regions Fst: 0.0155076
-------------------------------
Output1 for generation 6201:

Oceanic mean pheno: -8.61845
Freshwater mean pheno: -9.98773
mean Ocean/Fresh Fst: 0.00609204
between lakes Fst: 0.19857
between Marine Regions Fst: 0.0167617
-------------------------------
Output1 for generation 6301:

Oceanic mean pheno: -8.74646
Freshwater mean pheno: -9.56141
mean Ocean/Fresh Fst: 0.00253615
between lakes Fst: 0.158692
between Marine Regions Fst: 0.0161369
-------------------------------
Output1 for generation 6401:

Oceanic mean pheno: -8.73678
Freshwater mean pheno: -9.71874
mean Ocean/Fresh Fst: 0.00324826
between lakes Fst: 0.157979
between Marine Regions Fst: 0.0152746
-------------------------------
Output1 for generation 6501:

Oceanic mean pheno: -9.19431
Freshwater mean pheno: -9.97281
mean Ocean/Fresh Fst: 0.00295655
between lakes Fst: 0.155231
between Marine Regions Fst: 0.0147849
-------------------------------
Output1 for generation 6601:

Oceanic mean pheno: -9.1959
Freshwater mean pheno: -9.6386
mean Ocean/Fresh Fst: 0.00442625
between lakes Fst: 0.148514
between Marine Regions Fst: 0.0119044
-------------------------------
Output1 for generation 6701:

Oceanic mean pheno: -9.73234
Freshwater mean pheno: -10.0429
mean Ocean/Fresh Fst: 0.0041687
between lakes Fst: 0.13707
between Marine Regions Fst: 0.0136064
-------------------------------
Output1 for generation 6801:

Oceanic mean pheno: -9.69189
Freshwater mean pheno: -10.3135
mean Ocean/Fresh Fst: 0.00240454
between lakes Fst: 0.144346
between Marine Regions Fst: 0.0135539
-------------------------------
Output1 for generation 6901:

Oceanic mean pheno: -9.57235
Freshwater mean pheno: -10.2903
mean Ocean/Fresh Fst: 0.00336088
between lakes Fst: 0.161117
between Marine Regions Fst: 0.0151718
-------------------------------
Output1 for generation 7001:

Oceanic mean pheno: -9.8001
Freshwater mean pheno: -10.2776
mean Ocean/Fresh Fst: 0.00270532
between lakes Fst: 0.190306
between Marine Regions Fst: 0.0153897
-------------------------------
Output1 for generation 7101:

Oceanic mean pheno: -9.58769
Freshwater mean pheno: -9.87273
mean Ocean/Fresh Fst: 0.0037323
between lakes Fst: 0.181705
between Marine Regions Fst: 0.0142475
-------------------------------
Output1 for generation 7201:

Oceanic mean pheno: -10.1804
Freshwater mean pheno: -9.64599
mean Ocean/Fresh Fst: 0.00334896
between lakes Fst: 0.168806
between Marine Regions Fst: 0.016081
-------------------------------
Output1 for generation 7301:

Oceanic mean pheno: -7.54939
Freshwater mean pheno: -7.17931
mean Ocean/Fresh Fst: 0.00343992
between lakes Fst: 0.164588
between Marine Regions Fst: 0.012598
-------------------------------
Output1 for generation 7401:

Oceanic mean pheno: -7.89834
Freshwater mean pheno: -7.88335
mean Ocean/Fresh Fst: 0.00306054
between lakes Fst: 0.17853
between Marine Regions Fst: 0.0134884
-------------------------------
Output1 for generation 7501:

Oceanic mean pheno: -8.04875
Freshwater mean pheno: -8.70122
mean Ocean/Fresh Fst: 0.00332449
between lakes Fst: 0.152331
between Marine Regions Fst: 0.0152751
-------------------------------
Output1 for generation 7601:

Oceanic mean pheno: -8.27084
Freshwater mean pheno: -8.9587
mean Ocean/Fresh Fst: 0.00304892
between lakes Fst: 0.145217
between Marine Regions Fst: 0.0142236
-------------------------------
Output1 for generation 7701:

Oceanic mean pheno: -8.34762
Freshwater mean pheno: -8.99153
mean Ocean/Fresh Fst: 0.00352081
between lakes Fst: 0.131817
between Marine Regions Fst: 0.0126244
-------------------------------
Output1 for generation 7801:

Oceanic mean pheno: -8.64477
Freshwater mean pheno: -9.25021
mean Ocean/Fresh Fst: 0.00309708
between lakes Fst: 0.180561
between Marine Regions Fst: 0.0142372
-------------------------------
Output1 for generation 7901:

Oceanic mean pheno: -8.88213
Freshwater mean pheno: -9.51861
mean Ocean/Fresh Fst: 0.00316754
between lakes Fst: 0.141182
between Marine Regions Fst: 0.0134881
-------------------------------
Output1 for generation 8001:

Oceanic mean pheno: -8.42749
Freshwater mean pheno: -9.23643
mean Ocean/Fresh Fst: 0.00385523
between lakes Fst: 0.158869
between Marine Regions Fst: 0.0177013
-------------------------------
Output1 for generation 8101:

Oceanic mean pheno: -8.62152
Freshwater mean pheno: -9.02297
mean Ocean/Fresh Fst: 0.0032547
between lakes Fst: 0.138648
between Marine Regions Fst: 0.0142007
-------------------------------
Output1 for generation 8201:

Oceanic mean pheno: -8.81095
Freshwater mean pheno: -9.1539
mean Ocean/Fresh Fst: 0.00258709
between lakes Fst: 0.140338
between Marine Regions Fst: 0.0131334
-------------------------------
Output1 for generation 8301:

Oceanic mean pheno: -8.15704
Freshwater mean pheno: -8.6633
mean Ocean/Fresh Fst: 0.00328976
between lakes Fst: 0.150468
between Marine Regions Fst: 0.0178082
-------------------------------
Output1 for generation 8401:

Oceanic mean pheno: -8.345
Freshwater mean pheno: -8.68294
mean Ocean/Fresh Fst: 0.00272442
between lakes Fst: 0.139179
between Marine Regions Fst: 0.014292
-------------------------------
Output1 for generation 8501:

Oceanic mean pheno: -8.90247
Freshwater mean pheno: -9.24744
mean Ocean/Fresh Fst: 0.00254443
between lakes Fst: 0.11775
between Marine Regions Fst: 0.0148173
-------------------------------
Output1 for generation 8601:

Oceanic mean pheno: -8.87901
Freshwater mean pheno: -9.10513
mean Ocean/Fresh Fst: 0.00222021
between lakes Fst: 0.129878
between Marine Regions Fst: 0.014134
-------------------------------
Output1 for generation 8701:

Oceanic mean pheno: -8.80261
Freshwater mean pheno: -9.13235
mean Ocean/Fresh Fst: 0.0030171
between lakes Fst: 0.146748
between Marine Regions Fst: 0.0114093
-------------------------------
Output1 for generation 8801:

Oceanic mean pheno: -8.52228
Freshwater mean pheno: -9.38924
mean Ocean/Fresh Fst: 0.0036437
between lakes Fst: 0.137146
between Marine Regions Fst: 0.015441
-------------------------------
Output1 for generation 8901:

Oceanic mean pheno: -8.72606
Freshwater mean pheno: -9.31135
mean Ocean/Fresh Fst: 0.00419037
between lakes Fst: 0.137731
between Marine Regions Fst: 0.0127119
-------------------------------
Output1 for generation 9001:

Oceanic mean pheno: -8.67982
Freshwater mean pheno: -9.28459
mean Ocean/Fresh Fst: 0.00285507
between lakes Fst: 0.135685
between Marine Regions Fst: 0.0132611
-------------------------------
Output1 for generation 9101:

Oceanic mean pheno: -8.71022
Freshwater mean pheno: -9.65059
mean Ocean/Fresh Fst: 0.00454244
between lakes Fst: 0.143646
between Marine Regions Fst: 0.0156198
-------------------------------
Output1 for generation 9201:

Oceanic mean pheno: -9.18469
Freshwater mean pheno: -9.6258
mean Ocean/Fresh Fst: 0.0024852
between lakes Fst: 0.149313
between Marine Regions Fst: 0.0142149
-------------------------------
Output1 for generation 9301:

Oceanic mean pheno: -9.22754
Freshwater mean pheno: -9.47886
mean Ocean/Fresh Fst: 0.00283705
between lakes Fst: 0.164023
between Marine Regions Fst: 0.0133199
-------------------------------
Output1 for generation 9401:

Oceanic mean pheno: -9.35667
Freshwater mean pheno: -9.78113
mean Ocean/Fresh Fst: 0.00386275
between lakes Fst: 0.154814
between Marine Regions Fst: 0.0157245
-------------------------------
Output1 for generation 9501:

Oceanic mean pheno: -9.45021
Freshwater mean pheno: -9.93655
mean Ocean/Fresh Fst: 0.00393491
between lakes Fst: 0.160171
between Marine Regions Fst: 0.0165021
-------------------------------
Output1 for generation 9601:

Oceanic mean pheno: -9.42973
Freshwater mean pheno: -9.93026
mean Ocean/Fresh Fst: 0.00311045
between lakes Fst: 0.141688
between Marine Regions Fst: 0.0146265
-------------------------------
Output1 for generation 9701:

Oceanic mean pheno: -9.45721
Freshwater mean pheno: -9.77956
mean Ocean/Fresh Fst: 0.00327213
between lakes Fst: 0.144074
between Marine Regions Fst: 0.0146572
-------------------------------
Output1 for generation 9801:

Oceanic mean pheno: -8.40123
Freshwater mean pheno: -8.76866
mean Ocean/Fresh Fst: 0.00316833
between lakes Fst: 0.126578
between Marine Regions Fst: 0.0128972
-------------------------------
Output1 for generation 9901:

Oceanic mean pheno: -8.52972
Freshwater mean pheno: -9.09429
mean Ocean/Fresh Fst: 0.00379739
between lakes Fst: 0.153533
between Marine Regions Fst: 0.016536
-------------------------------
Output1 for generation 10000:

Oceanic mean pheno: -8.69514
Freshwater mean pheno: -8.97112
mean Ocean/Fresh Fst: 0.00337604
between lakes Fst: 0.17194
between Marine Regions Fst: 0.0132198
Oceanic mean pheno-8.69514
Freshwater mean pheno-8.97112
whole: 95
Oceanic: 76
Freshwater: 70
fstsize: 95
elapsed: 32:03.13 / kernel: 0.25 / user: 1923.88 / mem: 146896
Done!
