Task ID  - seed 011794
Parameters for SLiM run:
  -s 011794 MyRecipe1_3.E
// Initial random seed:
11794

// RunInitializeCallbacks():
initializeMutationRate(1e-05);
initializeMutationType(1, 0.5, "s", "if (runif(1) < 0.5) -1; else 1;");
initializeGenomicElementType(1, m1, 1);
initializeGenomicElement(g1, 0, 999);
initializeRecombinationRate(0.001);

// Starting run at generation <start>:
1 

DATA:
1.00002
p1 mean fitness = 1
p2 mean fitness = 1
p1 mean phenotype = -0.037
p2 mean phenotype = 0.206

Overall frequencies:

Generation: 1
   QTL 0: f(+) == 0, f(-) == 0
         in p1: f(+) == 0, f(-) == 0
         in p2: f(+) == 0, f(-) == 0

   QTL 5: f(+) == 0.497, f(-) == 0.503
         in p1: f(+) == 0.4965, f(-) == 0.5035
         in p2: f(+) == 0.4975, f(-) == 0.5025

   QTL 11: f(+) == 0.498, f(-) == 0.502
         in p1: f(+) == 0.491, f(-) == 0.509
         in p2: f(+) == 0.505, f(-) == 0.495

   QTL 14: f(+) == 0.4875, f(-) == 0.5125
         in p1: f(+) == 0.4695, f(-) == 0.5305
         in p2: f(+) == 0.5055, f(-) == 0.4945

   QTL 17: f(+) == 0.49675, f(-) == 0.50325
         in p1: f(+) == 0.5095, f(-) == 0.4905
         in p2: f(+) == 0.484, f(-) == 0.516

   QTL 40: f(+) == 0.50175, f(-) == 0.49825
         in p1: f(+) == 0.501, f(-) == 0.499
         in p2: f(+) == 0.5025, f(-) == 0.4975

   QTL 43: f(+) == 0.4965, f(-) == 0.5035
         in p1: f(+) == 0.5025, f(-) == 0.4975
         in p2: f(+) == 0.4905, f(-) == 0.5095

   QTL 58: f(+) == 0.48775, f(-) == 0.51225
         in p1: f(+) == 0.4905, f(-) == 0.5095
         in p2: f(+) == 0.485, f(-) == 0.515

   QTL 74: f(+) == 0.50475, f(-) == 0.49525
         in p1: f(+) == 0.509, f(-) == 0.491
         in p2: f(+) == 0.5005, f(-) == 0.4995

   QTL 77: f(+) == 0.5065, f(-) == 0.4935
         in p1: f(+) == 0.505, f(-) == 0.495
         in p2: f(+) == 0.508, f(-) == 0.492

   QTL 79: f(+) == 0.507, f(-) == 0.493
         in p1: f(+) == 0.4905, f(-) == 0.5095
         in p2: f(+) == 0.5235, f(-) == 0.4765

   QTL 80: f(+) == 0.51025, f(-) == 0.48975
         in p1: f(+) == 0.5085, f(-) == 0.4915
         in p2: f(+) == 0.512, f(-) == 0.488

   QTL 85: f(+) == 0.5015, f(-) == 0.4985
         in p1: f(+) == 0.514, f(-) == 0.486
         in p2: f(+) == 0.489, f(-) == 0.511

   QTL 92: f(+) == 0.4915, f(-) == 0.5085
         in p1: f(+) == 0.504, f(-) == 0.496
         in p2: f(+) == 0.479, f(-) == 0.521

   QTL 96: f(+) == 0.4995, f(-) == 0.5005
         in p1: f(+) == 0.5075, f(-) == 0.4925
         in p2: f(+) == 0.4915, f(-) == 0.5085

   QTL 110: f(+) == 0.5045, f(-) == 0.4955
         in p1: f(+) == 0.502, f(-) == 0.498
         in p2: f(+) == 0.507, f(-) == 0.493

   QTL 135: f(+) == 0.49875, f(-) == 0.50125
         in p1: f(+) == 0.4985, f(-) == 0.5015
         in p2: f(+) == 0.499, f(-) == 0.501

   QTL 139: f(+) == 0.48975, f(-) == 0.51025
         in p1: f(+) == 0.4975, f(-) == 0.5025
         in p2: f(+) == 0.482, f(-) == 0.518

   QTL 148: f(+) == 0.4945, f(-) == 0.5055
         in p1: f(+) == 0.493, f(-) == 0.507
         in p2: f(+) == 0.496, f(-) == 0.504

   QTL 153: f(+) == 0.0005, f(-) == 0
         in p1: f(+) == 0, f(-) == 0
         in p2: f(+) == 0.001, f(-) == 0

   QTL 156: f(+) == 0.4995, f(-) == 0.5005
         in p1: f(+) == 0.5055, f(-) == 0.4945
         in p2: f(+) == 0.4935, f(-) == 0.5065

   QTL 158: f(+) == 0, f(-) == 0.00025
         in p1: f(+) == 0, f(-) == 0
         in p2: f(+) == 0, f(-) == 0.0005

   QTL 163: f(+) == 0.5025, f(-) == 0.4975
         in p1: f(+) == 0.5035, f(-) == 0.4965
         in p2: f(+) == 0.5015, f(-) == 0.4985

   QTL 167: f(+) == 0, f(-) == 0.00025
         in p1: f(+) == 0, f(-) == 0
         in p2: f(+) == 0, f(-) == 0.0005

   QTL 168: f(+) == 0.4935, f(-) == 0.5065
         in p1: f(+) == 0.507, f(-) == 0.493
         in p2: f(+) == 0.48, f(-) == 0.52

   QTL 181: f(+) == 0.50575, f(-) == 0.49425
         in p1: f(+) == 0.504, f(-) == 0.496
         in p2: f(+) == 0.5075, f(-) == 0.4925

   QTL 186: f(+) == 0.52475, f(-) == 0.47525
         in p1: f(+) == 0.5125, f(-) == 0.4875
         in p2: f(+) == 0.537, f(-) == 0.463

   QTL 193: f(+) == 0.49325, f(-) == 0.50675
         in p1: f(+) == 0.4825, f(-) == 0.5175
         in p2: f(+) == 0.504, f(-) == 0.496

   QTL 212: f(+) == 0.00025, f(-) == 0
         in p1: f(+) == 0, f(-) == 0
         in p2: f(+) == 0.0005, f(-) == 0

   QTL 214: f(+) == 0, f(-) == 0.00025
         in p1: f(+) == 0, f(-) == 0.0005
         in p2: f(+) == 0, f(-) == 0

   QTL 225: f(+) == 0.48875, f(-) == 0.51125
         in p1: f(+) == 0.4855, f(-) == 0.5145
         in p2: f(+) == 0.492, f(-) == 0.508

   QTL 229: f(+) == 0.5035, f(-) == 0.4965
         in p1: f(+) == 0.497, f(-) == 0.503
         in p2: f(+) == 0.51, f(-) == 0.49

   QTL 234: f(+) == 0, f(-) == 0.0005
         in p1: f(+) == 0, f(-) == 0
         in p2: f(+) == 0, f(-) == 0.001

   QTL 242: f(+) == 0.5115, f(-) == 0.4885
         in p1: f(+) == 0.5185, f(-) == 0.4815
         in p2: f(+) == 0.5045, f(-) == 0.4955

   QTL 251: f(+) == 0.48425, f(-) == 0.51575
         in p1: f(+) == 0.494, f(-) == 0.506
         in p2: f(+) == 0.4745, f(-) == 0.5255

   QTL 260: f(+) == 0.00025, f(-) == 0
         in p1: f(+) == 0, f(-) == 0
         in p2: f(+) == 0.0005, f(-) == 0

   QTL 267: f(+) == 0.50475, f(-) == 0.49525
         in p1: f(+) == 0.4985, f(-) == 0.5015
         in p2: f(+) == 0.511, f(-) == 0.489

   QTL 277: f(+) == 0.4935, f(-) == 0.5065
         in p1: f(+) == 0.503, f(-) == 0.497
         in p2: f(+) == 0.484, f(-) == 0.516

   QTL 281: f(+) == 0.00025, f(-) == 0
         in p1: f(+) == 0.0005, f(-) == 0
         in p2: f(+) == 0, f(-) == 0

   QTL 282: f(+) == 0, f(-) == 0.00025
         in p1: f(+) == 0, f(-) == 0.0005
         in p2: f(+) == 0, f(-) == 0

   QTL 290: f(+) == 0, f(-) == 0.00025
         in p1: f(+) == 0, f(-) == 0.0005
         in p2: f(+) == 0, f(-) == 0

   QTL 293: f(+) == 0.50675, f(-) == 0.49325
         in p1: f(+) == 0.4915, f(-) == 0.5085
         in p2: f(+) == 0.522, f(-) == 0.478

   QTL 298: f(+) == 0.5085, f(-) == 0.4915
         in p1: f(+) == 0.506, f(-) == 0.494
         in p2: f(+) == 0.511, f(-) == 0.489

   QTL 302: f(+) == 0.506, f(-) == 0.494
         in p1: f(+) == 0.515, f(-) == 0.485
         in p2: f(+) == 0.497, f(-) == 0.503

   QTL 308: f(+) == 0.48425, f(-) == 0.51575
         in p1: f(+) == 0.494, f(-) == 0.506
         in p2: f(+) == 0.4745, f(-) == 0.5255

   QTL 311: f(+) == 0.00025, f(-) == 0
         in p1: f(+) == 0.0005, f(-) == 0
         in p2: f(+) == 0, f(-) == 0

   QTL 323: f(+) == 0.505, f(-) == 0.495
         in p1: f(+) == 0.4965, f(-) == 0.5035
         in p2: f(+) == 0.5135, f(-) == 0.4865

   QTL 361: f(+) == 0.50775, f(-) == 0.49225
         in p1: f(+) == 0.499, f(-) == 0.501
         in p2: f(+) == 0.5165, f(-) == 0.4835

   QTL 363: f(+) == 0.4965, f(-) == 0.5035
         in p1: f(+) == 0.4855, f(-) == 0.5145
         in p2: f(+) == 0.5075, f(-) == 0.4925

   QTL 366: f(+) == 0.506, f(-) == 0.494
         in p1: f(+) == 0.51, f(-) == 0.49
         in p2: f(+) == 0.502, f(-) == 0.498

   QTL 367: f(+) == 0.50225, f(-) == 0.49775
         in p1: f(+) == 0.4965, f(-) == 0.5035
         in p2: f(+) == 0.508, f(-) == 0.492

   QTL 370: f(+) == 0, f(-) == 0.00025
         in p1: f(+) == 0, f(-) == 0.0005
         in p2: f(+) == 0, f(-) == 0

   QTL 374: f(+) == 0.50225, f(-) == 0.49775
         in p1: f(+) == 0.49, f(-) == 0.51
         in p2: f(+) == 0.5145, f(-) == 0.4855

   QTL 378: f(+) == 0.5065, f(-) == 0.4935
         in p1: f(+) == 0.4905, f(-) == 0.5095
         in p2: f(+) == 0.5225, f(-) == 0.4775

   QTL 381: f(+) == 0.00025, f(-) == 0
         in p1: f(+) == 0.0005, f(-) == 0
         in p2: f(+) == 0, f(-) == 0

   QTL 383: f(+) == 0.00025, f(-) == 0
         in p1: f(+) == 0.0005, f(-) == 0
         in p2: f(+) == 0, f(-) == 0

   QTL 384: f(+) == 0.49275, f(-) == 0.50725
         in p1: f(+) == 0.4885, f(-) == 0.5115
         in p2: f(+) == 0.497, f(-) == 0.503

   QTL 410: f(+) == 0.50525, f(-) == 0.49475
         in p1: f(+) == 0.509, f(-) == 0.491
         in p2: f(+) == 0.5015, f(-) == 0.4985

   QTL 415: f(+) == 0.495, f(-) == 0.505
         in p1: f(+) == 0.4855, f(-) == 0.5145
         in p2: f(+) == 0.5045, f(-) == 0.4955

   QTL 416: f(+) == 0.00025, f(-) == 0
         in p1: f(+) == 0, f(-) == 0
         in p2: f(+) == 0.0005, f(-) == 0

   QTL 424: f(+) == 0.50225, f(-) == 0.49775
         in p1: f(+) == 0.498, f(-) == 0.502
         in p2: f(+) == 0.5065, f(-) == 0.4935

   QTL 437: f(+) == 0.00025, f(-) == 0
         in p1: f(+) == 0, f(-) == 0
         in p2: f(+) == 0.0005, f(-) == 0

   QTL 442: f(+) == 0.5005, f(-) == 0.4995
         in p1: f(+) == 0.498, f(-) == 0.502
         in p2: f(+) == 0.503, f(-) == 0.497

   QTL 445: f(+) == 0.4945, f(-) == 0.5055
         in p1: f(+) == 0.5015, f(-) == 0.4985
         in p2: f(+) == 0.4875, f(-) == 0.5125

   QTL 449: f(+) == 0.5045, f(-) == 0.4955
         in p1: f(+) == 0.5, f(-) == 0.5
         in p2: f(+) == 0.509, f(-) == 0.491

   QTL 451: f(+) == 0.497, f(-) == 0.503
         in p1: f(+) == 0.495, f(-) == 0.505
         in p2: f(+) == 0.499, f(-) == 0.501

   QTL 459: f(+) == 0.00025, f(-) == 0
         in p1: f(+) == 0.0005, f(-) == 0
         in p2: f(+) == 0, f(-) == 0

   QTL 463: f(+) == 0.4885, f(-) == 0.5115
         in p1: f(+) == 0.493, f(-) == 0.507
         in p2: f(+) == 0.484, f(-) == 0.516

   QTL 464: f(+) == 0.499, f(-) == 0.501
         in p1: f(+) == 0.506, f(-) == 0.494
         in p2: f(+) == 0.492, f(-) == 0.508

   QTL 466: f(+) == 0.4985, f(-) == 0.5015
         in p1: f(+) == 0.507, f(-) == 0.493
         in p2: f(+) == 0.49, f(-) == 0.51

   QTL 467: f(+) == 0.4965, f(-) == 0.5035
         in p1: f(+) == 0.491, f(-) == 0.509
         in p2: f(+) == 0.502, f(-) == 0.498

   QTL 497: f(+) == 0.50975, f(-) == 0.49025
         in p1: f(+) == 0.5205, f(-) == 0.4795
         in p2: f(+) == 0.499, f(-) == 0.501

   QTL 501: f(+) == 0.00025, f(-) == 0
         in p1: f(+) == 0, f(-) == 0
         in p2: f(+) == 0.0005, f(-) == 0

   QTL 508: f(+) == 0.50475, f(-) == 0.49525
         in p1: f(+) == 0.503, f(-) == 0.497
         in p2: f(+) == 0.5065, f(-) == 0.4935

   QTL 514: f(+) == 0, f(-) == 0.0005
         in p1: f(+) == 0, f(-) == 0.001
         in p2: f(+) == 0, f(-) == 0

   QTL 516: f(+) == 0.49625, f(-) == 0.50375
         in p1: f(+) == 0.4885, f(-) == 0.5115
         in p2: f(+) == 0.504, f(-) == 0.496

   QTL 534: f(+) == 0.48725, f(-) == 0.51275
         in p1: f(+) == 0.4835, f(-) == 0.5165
         in p2: f(+) == 0.491, f(-) == 0.509

   QTL 535: f(+) == 0.49725, f(-) == 0.50275
         in p1: f(+) == 0.4885, f(-) == 0.5115
         in p2: f(+) == 0.506, f(-) == 0.494

   QTL 536: f(+) == 0.499, f(-) == 0.501
         in p1: f(+) == 0.5045, f(-) == 0.4955
         in p2: f(+) == 0.4935, f(-) == 0.5065

   QTL 540: f(+) == 0, f(-) == 0.00025
         in p1: f(+) == 0, f(-) == 0.0005
         in p2: f(+) == 0, f(-) == 0

   QTL 549: f(+) == 0, f(-) == 0.00025
         in p1: f(+) == 0, f(-) == 0.0005
         in p2: f(+) == 0, f(-) == 0

   QTL 572: f(+) == 0.502, f(-) == 0.498
         in p1: f(+) == 0.501, f(-) == 0.499
         in p2: f(+) == 0.503, f(-) == 0.497

   QTL 579: f(+) == 0.5035, f(-) == 0.4965
         in p1: f(+) == 0.5045, f(-) == 0.4955
         in p2: f(+) == 0.5025, f(-) == 0.4975

   QTL 586: f(+) == 0.50525, f(-) == 0.49475
         in p1: f(+) == 0.5025, f(-) == 0.4975
         in p2: f(+) == 0.508, f(-) == 0.492

   QTL 589: f(+) == 0.5105, f(-) == 0.4895
         in p1: f(+) == 0.5115, f(-) == 0.4885
         in p2: f(+) == 0.5095, f(-) == 0.4905

   QTL 594: f(+) == 0, f(-) == 0.00025
         in p1: f(+) == 0, f(-) == 0.0005
         in p2: f(+) == 0, f(-) == 0

   QTL 597: f(+) == 0.50525, f(-) == 0.49475
         in p1: f(+) == 0.5035, f(-) == 0.4965
         in p2: f(+) == 0.507, f(-) == 0.493

   QTL 606: f(+) == 0.49675, f(-) == 0.50325
         in p1: f(+) == 0.4875, f(-) == 0.5125
         in p2: f(+) == 0.506, f(-) == 0.494

   QTL 607: f(+) == 0.50625, f(-) == 0.49375
         in p1: f(+) == 0.523, f(-) == 0.477
         in p2: f(+) == 0.4895, f(-) == 0.5105

   QTL 609: f(+) == 0.50725, f(-) == 0.49275
         in p1: f(+) == 0.5215, f(-) == 0.4785
         in p2: f(+) == 0.493, f(-) == 0.507

   QTL 612: f(+) == 0.511, f(-) == 0.489
         in p1: f(+) == 0.5165, f(-) == 0.4835
         in p2: f(+) == 0.5055, f(-) == 0.4945

   QTL 618: f(+) == 0.50425, f(-) == 0.49575
         in p1: f(+) == 0.4965, f(-) == 0.5035
         in p2: f(+) == 0.512, f(-) == 0.488

   QTL 628: f(+) == 0.00025, f(-) == 0
         in p1: f(+) == 0, f(-) == 0
         in p2: f(+) == 0.0005, f(-) == 0

   QTL 642: f(+) == 0.49625, f(-) == 0.50375
         in p1: f(+) == 0.5025, f(-) == 0.4975
         in p2: f(+) == 0.49, f(-) == 0.51

   QTL 647: f(+) == 0, f(-) == 0.00025
         in p1: f(+) == 0, f(-) == 0.0005
         in p2: f(+) == 0, f(-) == 0

   QTL 650: f(+) == 0.00025, f(-) == 0
         in p1: f(+) == 0.0005, f(-) == 0
         in p2: f(+) == 0, f(-) == 0

   QTL 676: f(+) == 0.503, f(-) == 0.497
         in p1: f(+) == 0.5195, f(-) == 0.4805
         in p2: f(+) == 0.4865, f(-) == 0.5135

   QTL 678: f(+) == 0.48575, f(-) == 0.51425
         in p1: f(+) == 0.4835, f(-) == 0.5165
         in p2: f(+) == 0.488, f(-) == 0.512

   QTL 686: f(+) == 0.00025, f(-) == 0
         in p1: f(+) == 0, f(-) == 0
         in p2: f(+) == 0.0005, f(-) == 0

   QTL 696: f(+) == 0, f(-) == 0.00025
         in p1: f(+) == 0, f(-) == 0
         in p2: f(+) == 0, f(-) == 0.0005

   QTL 697: f(+) == 0.501, f(-) == 0.499
         in p1: f(+) == 0.5085, f(-) == 0.4915
         in p2: f(+) == 0.4935, f(-) == 0.5065

   QTL 698: f(+) == 0.48575, f(-) == 0.51425
         in p1: f(+) == 0.5, f(-) == 0.5
         in p2: f(+) == 0.4715, f(-) == 0.5285

   QTL 704: f(+) == 0.4985, f(-) == 0.5015
         in p1: f(+) == 0.497, f(-) == 0.503
         in p2: f(+) == 0.5, f(-) == 0.5

   QTL 719: f(+) == 0.5095, f(-) == 0.4905
         in p1: f(+) == 0.522, f(-) == 0.478
         in p2: f(+) == 0.497, f(-) == 0.503

   QTL 720: f(+) == 0.4965, f(-) == 0.5035
         in p1: f(+) == 0.496, f(-) == 0.504
         in p2: f(+) == 0.497, f(-) == 0.503

   QTL 721: f(+) == 0.503, f(-) == 0.497
         in p1: f(+) == 0.5005, f(-) == 0.4995
         in p2: f(+) == 0.5055, f(-) == 0.4945

   QTL 723: f(+) == 0.5055, f(-) == 0.4945
         in p1: f(+) == 0.502, f(-) == 0.498
         in p2: f(+) == 0.509, f(-) == 0.491

   QTL 726: f(+) == 0.512, f(-) == 0.488
         in p1: f(+) == 0.523, f(-) == 0.477
         in p2: f(+) == 0.501, f(-) == 0.499

   QTL 731: f(+) == 0.493, f(-) == 0.507
         in p1: f(+) == 0.486, f(-) == 0.514
         in p2: f(+) == 0.5, f(-) == 0.5

   QTL 733: f(+) == 0.497, f(-) == 0.503
         in p1: f(+) == 0.487, f(-) == 0.513
         in p2: f(+) == 0.507, f(-) == 0.493

   QTL 734: f(+) == 0.49875, f(-) == 0.50125
         in p1: f(+) == 0.5155, f(-) == 0.4845
         in p2: f(+) == 0.482, f(-) == 0.518

   QTL 744: f(+) == 0.50675, f(-) == 0.49325
         in p1: f(+) == 0.4945, f(-) == 0.5055
         in p2: f(+) == 0.519, f(-) == 0.481

   QTL 746: f(+) == 0.50175, f(-) == 0.49825
         in p1: f(+) == 0.5045, f(-) == 0.4955
         in p2: f(+) == 0.499, f(-) == 0.501

   QTL 753: f(+) == 0, f(-) == 0.00025
         in p1: f(+) == 0, f(-) == 0.0005
         in p2: f(+) == 0, f(-) == 0

   QTL 763: f(+) == 0.49225, f(-) == 0.50775
         in p1: f(+) == 0.49, f(-) == 0.51
         in p2: f(+) == 0.4945, f(-) == 0.5055

   QTL 770: f(+) == 0.48925, f(-) == 0.51075
         in p1: f(+) == 0.469, f(-) == 0.531
         in p2: f(+) == 0.5095, f(-) == 0.4905

   QTL 780: f(+) == 0.5065, f(-) == 0.4935
         in p1: f(+) == 0.502, f(-) == 0.498
         in p2: f(+) == 0.511, f(-) == 0.489

   QTL 793: f(+) == 0, f(-) == 0.00025
         in p1: f(+) == 0, f(-) == 0
         in p2: f(+) == 0, f(-) == 0.0005

   QTL 801: f(+) == 0.5, f(-) == 0.5
         in p1: f(+) == 0.5155, f(-) == 0.4845
         in p2: f(+) == 0.4845, f(-) == 0.5155

   QTL 808: f(+) == 0.49625, f(-) == 0.50375
         in p1: f(+) == 0.5145, f(-) == 0.4855
         in p2: f(+) == 0.478, f(-) == 0.522

   QTL 816: f(+) == 0.50125, f(-) == 0.49875
         in p1: f(+) == 0.493, f(-) == 0.507
         in p2: f(+) == 0.5095, f(-) == 0.4905

   QTL 828: f(+) == 0.49525, f(-) == 0.50475
         in p1: f(+) == 0.4975, f(-) == 0.5025
         in p2: f(+) == 0.493, f(-) == 0.507

   QTL 829: f(+) == 0.50575, f(-) == 0.49425
         in p1: f(+) == 0.51, f(-) == 0.49
         in p2: f(+) == 0.5015, f(-) == 0.4985

   QTL 840: f(+) == 0.49725, f(-) == 0.50275
         inslurmstepd: error: *** JOB 96444 ON n030 CANCELLED AT 2017-08-25T16:39:14 ***
