Task ID  - seed 029596
Parameters for SLiM run:
  -s 029596 MyRecipe1_3.E
// Initial random seed:
29596

// RunInitializeCallbacks():
initializeMutationRate(1e-05);
initializeMutationType(1, 0.5, "s", "if (runif(1) < 0.5) -1; else 1;");
initializeGenomicElementType(1, m1, 1);
initializeGenomicElement(g1, 0, 999);
initializeRecombinationRate(0.001);

// Starting run at generation <start>:
1 

DATA:
1.00002
p1 mean fitness = 1
p2 mean fitness = 1
p1 mean phenotype = 0.569
p2 mean phenotype = 0.175

Overall frequencies:

Generation: 1
   QTL 0: f(+) == 0, f(-) == 0
         in p1: f(+) == 0, f(-) == 0
         in p2: f(+) == 0, f(-) == 0

   QTL 6: f(+) == 0.51525, f(-) == 0.48475
         in p1: f(+) == 0.5195, f(-) == 0.4805
         in p2: f(+) == 0.511, f(-) == 0.489

   QTL 8: f(+) == 0.50875, f(-) == 0.49125
         in p1: f(+) == 0.511, f(-) == 0.489
         in p2: f(+) == 0.5065, f(-) == 0.4935

   QTL 13: f(+) == 0, f(-) == 0.00025
         in p1: f(+) == 0, f(-) == 0
         in p2: f(+) == 0, f(-) == 0.0005

   QTL 36: f(+) == 0.50025, f(-) == 0.49975
         in p1: f(+) == 0.503, f(-) == 0.497
         in p2: f(+) == 0.4975, f(-) == 0.5025

   QTL 49: f(+) == 0.00025, f(-) == 0
         in p1: f(+) == 0, f(-) == 0
         in p2: f(+) == 0.0005, f(-) == 0

   QTL 76: f(+) == 0.496, f(-) == 0.504
         in p1: f(+) == 0.491, f(-) == 0.509
         in p2: f(+) == 0.501, f(-) == 0.499

   QTL 87: f(+) == 0.497, f(-) == 0.503
         in p1: f(+) == 0.513, f(-) == 0.487
         in p2: f(+) == 0.481, f(-) == 0.519

   QTL 97: f(+) == 0, f(-) == 0.00025
         in p1: f(+) == 0, f(-) == 0.0005
         in p2: f(+) == 0, f(-) == 0

   QTL 99: f(+) == 0.49225, f(-) == 0.50775
         in p1: f(+) == 0.484, f(-) == 0.516
         in p2: f(+) == 0.5005, f(-) == 0.4995

   QTL 103: f(+) == 0.5025, f(-) == 0.4975
         in p1: f(+) == 0.4995, f(-) == 0.5005
         in p2: f(+) == 0.5055, f(-) == 0.4945

   QTL 105: f(+) == 0.00025, f(-) == 0
         in p1: f(+) == 0, f(-) == 0
         in p2: f(+) == 0.0005, f(-) == 0

   QTL 108: f(+) == 0.5015, f(-) == 0.4985
         in p1: f(+) == 0.502, f(-) == 0.498
         in p2: f(+) == 0.501, f(-) == 0.499

   QTL 147: f(+) == 0.505, f(-) == 0.495
         in p1: f(+) == 0.5085, f(-) == 0.4915
         in p2: f(+) == 0.5015, f(-) == 0.4985

   QTL 165: f(+) == 0.509, f(-) == 0.491
         in p1: f(+) == 0.5185, f(-) == 0.4815
         in p2: f(+) == 0.4995, f(-) == 0.5005

   QTL 170: f(+) == 0.503, f(-) == 0.497
         in p1: f(+) == 0.513, f(-) == 0.487
         in p2: f(+) == 0.493, f(-) == 0.507

   QTL 173: f(+) == 0.499, f(-) == 0.501
         in p1: f(+) == 0.489, f(-) == 0.511
         in p2: f(+) == 0.509, f(-) == 0.491

   QTL 179: f(+) == 0.50925, f(-) == 0.49075
         in p1: f(+) == 0.5115, f(-) == 0.4885
         in p2: f(+) == 0.507, f(-) == 0.493

   QTL 192: f(+) == 0.48975, f(-) == 0.51025
         in p1: f(+) == 0.4905, f(-) == 0.5095
         in p2: f(+) == 0.489, f(-) == 0.511

   QTL 205: f(+) == 0.49675, f(-) == 0.50325
         in p1: f(+) == 0.4985, f(-) == 0.5015
         in p2: f(+) == 0.495, f(-) == 0.505

   QTL 210: f(+) == 0.00025, f(-) == 0
         in p1: f(+) == 0.0005, f(-) == 0
         in p2: f(+) == 0, f(-) == 0

   QTL 211: f(+) == 0.48925, f(-) == 0.51075
         in p1: f(+) == 0.4835, f(-) == 0.5165
         in p2: f(+) == 0.495, f(-) == 0.505

   QTL 220: f(+) == 0.5155, f(-) == 0.4845
         in p1: f(+) == 0.518, f(-) == 0.482
         in p2: f(+) == 0.513, f(-) == 0.487

   QTL 222: f(+) == 0.496, f(-) == 0.504
         in p1: f(+) == 0.507, f(-) == 0.493
         in p2: f(+) == 0.485, f(-) == 0.515

   QTL 223: f(+) == 0.508, f(-) == 0.492
         in p1: f(+) == 0.507, f(-) == 0.493
         in p2: f(+) == 0.509, f(-) == 0.491

   QTL 225: f(+) == 0.50925, f(-) == 0.49075
         in p1: f(+) == 0.511, f(-) == 0.489
         in p2: f(+) == 0.5075, f(-) == 0.4925

   QTL 235: f(+) == 0.4955, f(-) == 0.5045
         in p1: f(+) == 0.504, f(-) == 0.496
         in p2: f(+) == 0.487, f(-) == 0.513

   QTL 254: f(+) == 0.00025, f(-) == 0
         in p1: f(+) == 0, f(-) == 0
         in p2: f(+) == 0.0005, f(-) == 0

   QTL 256: f(+) == 0.00025, f(-) == 0
         in p1: f(+) == 0, f(-) == 0
         in p2: f(+) == 0.0005, f(-) == 0

   QTL 283: f(+) == 0.49825, f(-) == 0.50175
         in p1: f(+) == 0.489, f(-) == 0.511
         in p2: f(+) == 0.5075, f(-) == 0.4925

   QTL 285: f(+) == 0.4935, f(-) == 0.5065
         in p1: f(+) == 0.497, f(-) == 0.503
         in p2: f(+) == 0.49, f(-) == 0.51

   QTL 296: f(+) == 0.00025, f(-) == 0
         in p1: f(+) == 0.0005, f(-) == 0
         in p2: f(+) == 0, f(-) == 0

   QTL 309: f(+) == 0.49375, f(-) == 0.50625
         in p1: f(+) == 0.501, f(-) == 0.499
         in p2: f(+) == 0.4865, f(-) == 0.5135

   QTL 314: f(+) == 0.5015, f(-) == 0.4985
         in p1: f(+) == 0.502, f(-) == 0.498
         in p2: f(+) == 0.501, f(-) == 0.499

   QTL 325: f(+) == 0.491, f(-) == 0.509
         in p1: f(+) == 0.481, f(-) == 0.519
         in p2: f(+) == 0.501, f(-) == 0.499

   QTL 327: f(+) == 0.496, f(-) == 0.504
         in p1: f(+) == 0.499, f(-) == 0.501
         in p2: f(+) == 0.493, f(-) == 0.507

   QTL 337: f(+) == 0.499, f(-) == 0.501
         in p1: f(+) == 0.4865, f(-) == 0.5135
         in p2: f(+) == 0.5115, f(-) == 0.4885

   QTL 356: f(+) == 0.4985, f(-) == 0.5015
         in p1: f(+) == 0.5, f(-) == 0.5
         in p2: f(+) == 0.497, f(-) == 0.503

   QTL 357: f(+) == 0.00025, f(-) == 0
         in p1: f(+) == 0, f(-) == 0
         in p2: f(+) == 0.0005, f(-) == 0

   QTL 360: f(+) == 0.50025, f(-) == 0.49975
         in p1: f(+) == 0.4955, f(-) == 0.5045
         in p2: f(+) == 0.505, f(-) == 0.495

   QTL 366: f(+) == 0.50925, f(-) == 0.49075
         in p1: f(+) == 0.5185, f(-) == 0.4815
         in p2: f(+) == 0.5, f(-) == 0.5

   QTL 369: f(+) == 0.5025, f(-) == 0.4975
         in p1: f(+) == 0.512, f(-) == 0.488
         in p2: f(+) == 0.493, f(-) == 0.507

   QTL 373: f(+) == 0.50175, f(-) == 0.49825
         in p1: f(+) == 0.501, f(-) == 0.499
         in p2: f(+) == 0.5025, f(-) == 0.4975

   QTL 374: f(+) == 0.492, f(-) == 0.508
         in p1: f(+) == 0.5065, f(-) == 0.4935
         in p2: f(+) == 0.4775, f(-) == 0.5225

   QTL 377: f(+) == 0.50725, f(-) == 0.49275
         in p1: f(+) == 0.518, f(-) == 0.482
         in p2: f(+) == 0.4965, f(-) == 0.5035

   QTL 389: f(+) == 0, f(-) == 0.00025
         in p1: f(+) == 0, f(-) == 0
         in p2: f(+) == 0, f(-) == 0.0005

   QTL 390: f(+) == 0.5025, f(-) == 0.4975
         in p1: f(+) == 0.512, f(-) == 0.488
         in p2: f(+) == 0.493, f(-) == 0.507

   QTL 396: f(+) == 0.50575, f(-) == 0.49425
         in p1: f(+) == 0.503, f(-) == 0.497
         in p2: f(+) == 0.5085, f(-) == 0.4915

   QTL 421: f(+) == 0.5035, f(-) == 0.4965
         in p1: f(+) == 0.4865, f(-) == 0.5135
         in p2: f(+) == 0.5205, f(-) == 0.4795

   QTL 423: f(+) == 0.51975, f(-) == 0.48025
         in p1: f(+) == 0.511, f(-) == 0.489
         in p2: f(+) == 0.5285, f(-) == 0.4715

   QTL 428: f(+) == 0.497, f(-) == 0.503
         in p1: f(+) == 0.5055, f(-) == 0.4945
         in p2: f(+) == 0.4885, f(-) == 0.5115

   QTL 430: f(+) == 0.49425, f(-) == 0.50575
         in p1: f(+) == 0.4965, f(-) == 0.5035
         in p2: f(+) == 0.492, f(-) == 0.508

   QTL 436: f(+) == 0, f(-) == 0.00025
         in p1: f(+) == 0, f(-) == 0
         in p2: f(+) == 0, f(-) == 0.0005

   QTL 438: f(+) == 0.51575, f(-) == 0.48425
         in p1: f(+) == 0.5345, f(-) == 0.4655
         in p2: f(+) == 0.497, f(-) == 0.503

   QTL 439: f(+) == 0.5085, f(-) == 0.4915
         in p1: f(+) == 0.5105, f(-) == 0.4895
         in p2: f(+) == 0.5065, f(-) == 0.4935

   QTL 442: f(+) == 0.49075, f(-) == 0.50925
         in p1: f(+) == 0.505, f(-) == 0.495
         in p2: f(+) == 0.4765, f(-) == 0.5235

   QTL 453: f(+) == 0, f(-) == 0.00025
         in p1: f(+) == 0, f(-) == 0.0005
         in p2: f(+) == 0, f(-) == 0

   QTL 454: f(+) == 0.49675, f(-) == 0.50325
         in p1: f(+) == 0.4965, f(-) == 0.5035
         in p2: f(+) == 0.497, f(-) == 0.503

   QTL 456: f(+) == 0.00025, f(-) == 0
         in p1: f(+) == 0.0005, f(-) == 0
         in p2: f(+) == 0, f(-) == 0

   QTL 457: f(+) == 0.49225, f(-) == 0.50775
         in p1: f(+) == 0.4925, f(-) == 0.5075
         in p2: f(+) == 0.492, f(-) == 0.508

   QTL 460: f(+) == 0.49925, f(-) == 0.50075
         in p1: f(+) == 0.4985, f(-) == 0.5015
         in p2: f(+) == 0.5, f(-) == 0.5

   QTL 462: f(+) == 0.00025, f(-) == 0
         in p1: f(+) == 0.0005, f(-) == 0
         in p2: f(+) == 0, f(-) == 0

   QTL 475: f(+) == 0.515, f(-) == 0.485
         in p1: f(+) == 0.496, f(-) == 0.504
         in p2: f(+) == 0.534, f(-) == 0.466

   QTL 478: f(+) == 0.5055, f(-) == 0.4945
         in p1: f(+) == 0.5125, f(-) == 0.4875
         in p2: f(+) == 0.4985, f(-) == 0.5015

   QTL 484: f(+) == 0.50975, f(-) == 0.49025
         in p1: f(+) == 0.514, f(-) == 0.486
         in p2: f(+) == 0.5055, f(-) == 0.4945

   QTL 507: f(+) == 0.50325, f(-) == 0.49675
         in p1: f(+) == 0.504, f(-) == 0.496
         in p2: f(+) == 0.5025, f(-) == 0.4975

   QTL 514: f(+) == 0.487, f(-) == 0.513
         in p1: f(+) == 0.49, f(-) == 0.51
         in p2: f(+) == 0.484, f(-) == 0.516

   QTL 549: f(+) == 0.49975, f(-) == 0.50025
         in p1: f(+) == 0.49, f(-) == 0.51
         in p2: f(+) == 0.5095, f(-) == 0.4905

   QTL 571: f(+) == 0, f(-) == 0.00025
         in p1: f(+) == 0, f(-) == 0.0005
         in p2: f(+) == 0, f(-) == 0

   QTL 574: f(+) == 0.00025, f(-) == 0
         in p1: f(+) == 0.0005, f(-) == 0
         in p2: f(+) == 0, f(-) == 0

   QTL 580: f(+) == 0, f(-) == 0.00025
         in p1: f(+) == 0, f(-) == 0
         in p2: f(+) == 0, f(-) == 0.0005

   QTL 583: f(+) == 0.00025, f(-) == 0
         in p1: f(+) == 0, f(-) == 0
         in p2: f(+) == 0.0005, f(-) == 0

   QTL 590: f(+) == 0.49775, f(-) == 0.50225
         in p1: f(+) == 0.496, f(-) == 0.504
         in p2: f(+) == 0.4995, f(-) == 0.5005

   QTL 593: f(+) == 0, f(-) == 0.00025
         in p1: f(+) == 0, f(-) == 0.0005
         in p2: f(+) == 0, f(-) == 0

   QTL 600: f(+) == 0.4885, f(-) == 0.5115
         in p1: f(+) == 0.4905, f(-) == 0.5095
         in p2: f(+) == 0.4865, f(-) == 0.5135

   QTL 602: f(+) == 0.501, f(-) == 0.499
         in p1: f(+) == 0.507, f(-) == 0.493
         in p2: f(+) == 0.495, f(-) == 0.505

   QTL 611: f(+) == 0.5005, f(-) == 0.4995
         in p1: f(+) == 0.5125, f(-) == 0.4875
         in p2: f(+) == 0.4885, f(-) == 0.5115

   QTL 617: f(+) == 0.513, f(-) == 0.487
         in p1: f(+) == 0.509, f(-) == 0.491
         in p2: f(+) == 0.517, f(-) == 0.483

   QTL 622: f(+) == 0.00025, f(-) == 0
         in p1: f(+) == 0.0005, f(-) == 0
         in p2: f(+) == 0, f(-) == 0

   QTL 646: f(+) == 0.00025, f(-) == 0
         in p1: f(+) == 0.0005, f(-) == 0
         in p2: f(+) == 0, f(-) == 0

   QTL 674: f(+) == 0.4955, f(-) == 0.5045
         in p1: f(+) == 0.485, f(-) == 0.515
         in p2: f(+) == 0.506, f(-) == 0.494

   QTL 679: f(+) == 0.508, f(-) == 0.492
         in p1: f(+) == 0.5085, f(-) == 0.4915
         in p2: f(+) == 0.5075, f(-) == 0.4925

   QTL 689: f(+) == 0, f(-) == 0.00025
         in p1: f(+) == 0, f(-) == 0
         in p2: f(+) == 0, f(-) == 0.0005

   QTL 692: f(+) == 0.49, f(-) == 0.51
         in p1: f(+) == 0.497, f(-) == 0.503
         in p2: f(+) == 0.483, f(-) == 0.517

   QTL 697: f(+) == 0.48925, f(-) == 0.51075
         in p1: f(+) == 0.5, f(-) == 0.5
         in p2: f(+) == 0.4785, f(-) == 0.5215

   QTL 701: f(+) == 0.4945, f(-) == 0.5055
         in p1: f(+) == 0.489, f(-) == 0.511
         in p2: f(+) == 0.5, f(-) == 0.5

   QTL 703: f(+) == 0.48625, f(-) == 0.51375
         in p1: f(+) == 0.472, f(-) == 0.528
         in p2: f(+) == 0.5005, f(-) == 0.4995

   QTL 719: f(+) == 0.4965, f(-) == 0.5035
         in p1: f(+) == 0.4915, f(-) == 0.5085
         in p2: f(+) == 0.5015, f(-) == 0.4985

   QTL 731: f(+) == 0.49575, f(-) == 0.50425
         in p1: f(+) == 0.494, f(-) == 0.506
         in p2: f(+) == 0.4975, f(-) == 0.5025

   QTL 734: f(+) == 0.51325, f(-) == 0.48675
         in p1: f(+) == 0.5245, f(-) == 0.4755
         in p2: f(+) == 0.502, f(-) == 0.498

   QTL 744: f(+) == 0.00025, f(-) == 0
         in p1: f(+) == 0, f(-) == 0
         in p2: f(+) == 0.0005, f(-) == 0

   QTL 751: f(+) == 0.506, f(-) == 0.494
         in p1: f(+) == 0.505, f(-) == 0.495
         in p2: f(+) == 0.507, f(-) == 0.493

   QTL 755: f(+) == 0.4925, f(-) == 0.5075
         in p1: f(+) == 0.492, f(-) == 0.508
         in p2: f(+) == 0.493, f(-) == 0.507

   QTL 756: f(+) == 0.50475, f(-) == 0.49525
         in p1: f(+) == 0.492, f(-) == 0.508
         in p2: f(+) == 0.5175, f(-) == 0.4825

   QTL 762: f(+) == 0.49325, f(-) == 0.50675
         in p1: f(+) == 0.483, f(-) == 0.517
         in p2: f(+) == 0.5035, f(-) == 0.4965

   QTL 765: f(+) == 0.50925, f(-) == 0.49075
         in p1: f(+) == 0.5005, f(-) == 0.4995
         in p2: f(+) == 0.518, f(-) == 0.482

   QTL 773: f(+) == 0.00025, f(-) == 0
         in p1: f(+) == 0, f(-) == 0
         in p2: f(+) == 0.0005, f(-) == 0

   QTL 774: f(+) == 0.51325, f(-) == 0.48675
         in p1: f(+) == 0.523, f(-) == 0.477
         in p2: f(+) == 0.5035, f(-) == 0.4965

   QTL 785: f(+) == 0, f(-) == 0.00025
         in p1: f(+) == 0, f(-) == 0.0005
         in p2: f(+) == 0, f(-) == 0

   QTL 788: f(+) == 0.00025, f(-) == 0
         in p1: f(+) == 0.0005, f(-) == 0
         in p2: f(+) == 0, f(-) == 0

   QTL 792: f(+) == 0.504, f(-) == 0.496
         in p1: f(+) == 0.5, f(-) == 0.5
         in p2: f(+) == 0.508, f(-) == 0.492

   QTL 807: f(+) == 0.49575, f(-) == 0.50425
         in p1: f(+) == 0.497, f(-) == 0.503
         in p2: f(+) == 0.4945, f(-) == 0.5055

   QTL 815: f(+) == 0, f(-) == 0.00025
         in p1: f(+) == 0, f(-) == 0
         in p2: f(+) == 0, f(-) == 0.0005

   QTL 821: f(+) == 0.00025, f(-) == 0
         in p1: f(+) == 0, f(-) == 0
         in p2: f(+) == 0.0005, f(-) == 0

   QTL 826: f(+) == 0.50025, f(-) == 0.49975
         in p1: f(+) == 0.4925, f(-) == 0.5075
         in p2: f(+) == 0.508, f(-) == 0.492

   QTL 827: f(+) == 0.482, f(-) == 0.518
         in p1: f(+) == 0.472, f(-) == 0.528
         in p2: f(+) == 0.492, f(-) == 0.508

   QTL 828: f(+) == 0.50175, f(-) == 0.49825
         in p1: f(+) == 0.5215, f(-) == 0.4785
         in p2: f(+) == 0.482, f(-) == 0.518

   QTL 834: f(+) == 0.51525, f(-) == 0.48475
         in p1: f(+) == 0.502, f(-) == 0.498
         in p2: f(+) == 0.5285, f(-) == 0.4715

   QTL 860: f(+) == 0.4975, f(-) == 0.5025
         in p1: f(+) == 0.4875, f(-) == 0.5125
         in p2: f(+) == 0.5075, f(-) == 0.4925

   QTL 868: f(+) == 0.483, f(-) == 0.517
         in p1: f(+) == 0.4785, f(-) == 0.5215
         in p2: f(+) == 0.4875, f(-) == 0.5125

   QTL 872: f(+) == 0.496, f(-) == 0.504
         in p1: f(+) == 0.499, f(-) == 0.501
         in p2: f(+) == 0.493, f(-) == 0.507

   QTL 880: f(+) == 0, f(-) == 0.00025
         in p1: f(+) == 0, f(-) == 0
         in p2: f(+) == 0, f(-) == 0.0005

   QTL 894: f(+) == 0, f(-) == 0.00025
         in p1: f(+) == 0, f(-) == 0.0005
         in p2: f(+) == 0, f(-) == 0

   QTL 903: f(+) == 0, f(-) == 0.00025
         in p1: f(+) == 0, f(-) == 0.0005
         in p2: f(+) == 0, f(-) == 0

   QTL 912: f(+) == 0.49275, f(-) == 0.50725
         in p1: f(+) == 0.4845, f(-) == 0.5155
         in p2: f(+) == 0.501, f(-) == 0.499

   QTL 929: f(+) == 0.00025, f(-) == 0
         in p1: f(+) == 0, f(-) == 0
         in p2: f(+) == 0.0005, f(-) == 0

   QTL 933: f(+) == 0, f(-) == 0.00025
         in p1: f(+) == 0, f(-) == 0
         in p2: f(+) == 0, f(-) == 0.0005

   QTL 937: f(+) == 0.5, f(-) == 0.5
         in p1: f(+) == 0.5065, f(-) == 0.4935
         in p2: f(+) == 0.4935, f(-) == 0.5065

   QTL 938: f(+) == 0.5235, f(-) == 0.4765
         in p1: f(+) == 0.5165, f(-) == 0.4835
         in p2: f(+) == 0.5305, f(-) == 0.4695

   QTL 940: f(+) == 0.501, f(-) == 0.499
         in p1: f(+) == 0.5015, f(-) == 0.4985
         in p2: f(+) == 0.5005, f(-) == 0.4995

   QTL 949: f(+) == 0.498, f(-) == 0.502
         in p1: f(+) == 0.5005, f(-) == 0.4995
         in p2: f(+) == 0.4955, f(-) == 0.5045

   QTL 974: f(+) == 0.49625, f(-) == 0.50375
         in p1: f(+) == 0.4925, f(-) == 0.5075
         in p2: f(+) == 0.5, f(-) == 0.5

   QTL 977: f(+) == 0.51275, f(-) == 0.48725
         in p1: f(+) == 0.524, f(-) == 0.476
         in p2: f(+) == 0.5015, f(-) == 0.4985

   QTL 983: f(+) == 0.00025, f(-) == 0
         in p1: f(+) == 0, f(-) == 0
         in p2: f(+) == 0.0005, f(-) == 0

   QTL 985: f(+) == 0.51925, f(-) == 0.48075
         in p1: f(+) == 0.5205, f(-) == 0.4795
         in p2: f(+) == 0.518, f(-) == 0.482

   QTL 988: f(+) == 0.51525, f(-) == 0.48475
         in p1: f(+) == 0.525, f(-) == 0.475
         in p2: f(+) == 0.5055, f(-) == 0.4945

p1 mean fitness = 1.03921
p2 mean fitness = 1.03856
p1 mean phenotype = 6.821
p2 mean phenotype = -5.496

Overall frequencies:

Generation: 40001
   QTL 0: f(+) == 0, f(-) == 0.2205
         in p1: f(+) == 0, f(-) == 0.2235
         in p2: f(+) == 0, f(-) == 0.2175

   QTL 0: f(+) == 0, f(-) == 0.2205
         in p1: f(+) == 0, f(-) == 0.2235
         in p2: f(+) == 0, f(-) == 0.2175

   QTL 1: f(+) == 0.01725, f(-) == 0
         in p1: f(+) == 0.006, f(-) == 0
         in p2: f(+) == 0.0285, f(-) == 0

   QTL 2: f(+) == 0, f(-) == 0.02375
         in p1: f(+) == 0, f(-) == 0.0175
         in p2: f(+) == 0, f(-) == 0.03

   QTL 4: f(+) == 0, f(-) == 0.0255
         in p1: f(+) == 0, f(-) == 0.009
         in p2: f(+) == 0, f(-) == 0.042

   QTL 8: f(+) == 0.253, f(-) == 0
         in p1: f(+) == 0.3265, f(-) == 0
         in p2: f(+) == 0.1795, f(-) == 0

   QTL 10: f(+) == 0, f(-) == 0.2345
         in p1: f(+) == 0, f(-) == 0.1935
         in p2: f(+) == 0, f(-) == 0.2755

   QTL 13: f(+) == 0.001, f(-) == 0
         in p1: f(+) == 0.0005, f(-) == 0
         in p2: f(+) == 0.0015, f(-) == 0

   QTL 15: f(+) == 0, f(-) == 0.37625
         in p1: f(+) == 0, f(-) == 0.305
         in p2: f(+) == 0, f(-) == 0.4475

   QTL 16: f(+) == 0.00775, f(-) == 0.002
         in p1: f(+) == 0.006, f(-) == 0.004
         in p2: f(+) == 0.0095, f(-) == 0

   QTL 20: f(+) == 0.51975, f(-) == 0
         in p1: f(+) == 0.5585, f(-) == 0
         in p2: f(+) == 0.481, f(-) == 0

   QTL 21: f(+) == 0, f(-) == 0.00025
         in p1: f(+) == 0, f(-) == 0
         in p2: f(+) == 0, f(-) == 0.0005

   QTL 22: f(+) == 0.02225, f(-) == 0.434
         in p1: f(+) == 0.023, f(-) == 0.367
         in p2: f(+) == 0.0215, f(-) == 0.501

   QTL 23: f(+) == 0.17175, f(-) == 0
         in p1: f(+) == 0.1585, f(-) == 0
         in p2: f(+) == 0.185, f(-) == 0

   QTL 24: f(+) == 0.01675, f(-) == 0
         in p1: f(+) == 0.002, f(-) == 0
         in p2: f(+) == 0.0315, f(-) == 0

   QTL 25: f(+) == 0, f(-) == 0.233
         in p1: f(+) == 0, f(-) == 0.175
         in p2: f(+) == 0, f(-) == 0.291

   QTL 26: f(+) == 0, f(-) == 0.0165
         in p1: f(+) == 0, f(-) == 0.015
         in p2: f(+) == 0, f(-) == 0.018

   QTL 28: f(+) == 0.017, f(-) == 0.06175
         in p1: f(+) == 0.003, f(-) == 0.027
         in p2: f(+) == 0.031, f(-) == 0.0965

   QTL 30: f(+) == 0, f(-) == 0.0035
         in p1: f(+) == 0, f(-) == 0.007
         in p2: f(+) == 0, f(-) == 0

   QTL 32: f(+) == 0, f(-) == 0.07825
         in p1: f(+) == 0, f(-) == 0.058
         in p2: f(+) == 0, f(-) == 0.0985

   QTL 34: f(+) == 0, f(-) == 0.003
         in p1: f(+) == 0, f(-) == 0
         in p2: f(+) == 0, f(-) == 0.006

   QTL 38: f(+) == 0, f(-) == 0.0005
         in p1: f(+) == 0, f(-) == 0
         in p2: f(+) == 0, f(-) == 0.001

   QTL 41: f(+) == 0.003, f(-) == 0
         in p1: f(+) == 0.005, f(-) == 0
         in p2: f(+) == 0.001, f(-) == 0

   QTL 42: f(+) == 0.00025, f(-) == 0.023
         in p1: f(+) == 0.0005, f(-) == 0.025
         in p2: f(+) == 0, f(-) == 0.021

   QTL 43: f(+) == 0.211, f(-) == 0.789
         in p1: f(+) == 0.232, f(-) == 0.768
         in p2: f(+) == 0.19, f(-) == 0.81

   QTL 50: f(+) == 0.002, f(-) == 0
         in p1: f(+) == 0.0015, f(-) == 0
         in p2: f(+) == 0.0025, f(-) == 0

   QTL 52: f(+) == 0.0005, f(-) == 0
         in p1: f(+) == 0.0005, f(-) == 0
         in p2: f(+) == 0.0005, f(-) == 0

   QTL 54: f(+) == 0.6795, f(-) == 0.001
         in p1: f(+) == 0.7345, f(-) == 0.002
         in p2: f(+) == 0.6245, f(-) == 0

   QTL 55: f(+) == 0, f(-) == 0.03075
         in p1: f(+) == 0, f(-) == 0.0345
         in p2: f(+) == 0, f(-) == 0.027

   QTL 56: f(+) == 0, f(-) == 0.4945
         in p1: f(+) == 0, f(-) == 0.51
         in p2: f(+) == 0, f(-) == 0.479

   QTL 57: f(+) == 0.00025, f(-) == 0
         in p1: f(+) == 0, f(-) == 0
         in p2: f(+) == 0.0005, f(-) == 0

   QTL 58: f(+) == 0.59825, f(-) == 0
         in p1: f(+) == 0.5655, f(-) == 0
         in p2: f(+) == 0.631, f(-) == 0

   QTL 61: f(+) == 0.00025, f(-) == 0.0015
         in p1: f(+) == 0, f(-) == 0.0025
         in p2: f(+) == 0.0005, f(-) == 0.0005

   QTL 62: f(+) == 0.0695, f(-) == 0
         in p1: f(+) == 0.09, f(-) == 0
         in p2: f(+) == 0.049, f(-) == 0

   QTL 64: f(+) == 0.8345, f(-) == 0
         in p1: f(+) == 0.808, f(-) == 0
         in p2: f(+) == 0.861, f(-) == 0

   QTL 65: f(+) == 0.202, f(-) == 0.01725
         in p1: f(+) == 0.249, f(-) == 0.01
         in p2: f(+) == 0.155, f(-) == 0.0245

   QTL 66: f(+) == 0.04875, f(-) == 0.00025
         in p1: f(+) == 0.0485, f(-) == 0
         in p2: f(+) == 0.049, f(-) == 0.0005

   QTL 69: f(+) == 0, f(-) == 0.0465
         in p1: f(+) == 0, f(-) == 0.038
         in p2: f(+) == 0, f(-) == 0.055

   QTL 73: f(+) == 0, f(-) == 0.00475
         in p1: f(+) == 0, f(-) == 0.008
         in p2: f(+) == 0, f(-) == 0.0015

   QTL 74: f(+) == 0, f(-) == 0.0005
         in p1: f(+) == 0, f(-) == 0.001
         in p2: f(+) == 0, f(-) == 0

   QTL 75: f(+) == 0, f(-) == 0.00025
         in p1: f(+) == 0, f(-) == 0
         in p2: f(+) == 0, f(-) == 0.0005

   QTL 78: f(+) == 0, f(-) == 0.003
         in p1: f(+) == 0, f(-) == 0.0015
         in p2: f(+) == 0, f(-) == 0.0045

   QTL 79: f(+) == 0, f(-) == 0.411
         in p1: f(+) == 0, f(-) == 0.4405
         in p2: f(+) == 0, f(-) == 0.3815

   QTL 80: f(+) == 0.01775, f(-) == 0.039
         in p1: f(+) == 0.015, f(-) == 0.0205
         in p2: f(+) == 0.0205, f(-) == 0.0575

   QTL 81: f(+) == 0.00025, f(-) == 0
         in p1: f(+) == 0, f(-) == 0
         in p2: f(+) == 0.0005, f(-) == 0

   QTL 82: f(+) == 0.00575, f(-) == 0
         in p1: f(+) == 0.0115, f(-) == 0
         in p2: f(+) == 0, f(-) == 0

   QTL 83: f(+) == 0, f(-) == 0.00075
         in p1: f(+) == 0, f(-) == 0
         in p2: f(+) == 0, f(-) == 0.0015

   QTL 85: f(+) == 0, f(-) == 0.04925
         in p1: f(+) == 0, f(-) == 0.014
         in p2: f(+) == 0, f(-) == 0.0845

   QTL 87: f(+) == 0, f(-) == 0.04975
         in p1: f(+) == 0, f(-) == 0.043
         in p2: f(+) == 0, f(-) == 0.0565

   QTL 88: f(+) == 0.00025, f(-) == 0
         in p1: f(+) == 0, f(-) == 0
         in p2: f(+) == 0.0005, f(-) == 0

   QTL 91: f(+) == 0, f(-) == 0.00025
         in p1: f(+) == 0, f(-) == 0
         in p2: f(+) == 0, f(-) == 0.0005

   QTL 93: f(+) == 0.00225, f(-) == 0
         in p1: f(+) == 0.0045, f(-) == 0
         in p2: f(+) == 0, f(-) == 0

   QTL 94: f(+) == 0.2355, f(-) == 0.00075
         in p1: f(+) == 0.2565, f(-) == 0.0005
         in p2: f(+) == 0.2145, f(-) == 0.001

   QTL 96: f(+) == 0, f(-) == 0.13275
         in p1: f(+) == 0, f(-) == 0.1105
         in p2: f(+) == 0, f(-) == 0.155

   QTL 97: f(+) == 0, f(-) == 0.03275
         in p1: f(+) == 0, f(-) == 0.0085
         in p2: f(+) == 0, f(-) == 0.057

   QTL 98: f(+) == 0, f(-) == 0.002
         in p1: f(+) == 0, f(-) == 0
         in p2: f(+) == 0, f(-) == 0.004

   QTL 101: f(+) == 0.0005, f(-) == 0
         in p1: f(+) == 0.001, f(-) == 0
         in p2: f(+) == 0, f(-) == 0

   QTL 102: f(+) == 0, f(-) == 0.9905
         in p1: f(+) == 0, f(-) == 0.984
         in p2: f(+) == 0, f(-) == 0.997

   QTL 103: f(+) == 0.00025, f(-) == 0
         in p1: f(+) == 0.0005, f(-) == 0
         in p2: f(+) == 0, f(-) == 0

   QTL 104: f(+) == 0.001, f(-) == 0
         in p1: f(+) == 0.002, f(-) == 0
         in p2: f(+) == 0, f(-) == 0

   QTL 106: f(+) == 0, f(-) == 0.0205
         in p1: f(+) == 0, f(-) == 0.0005
         in p2: f(+) == 0, f(-) == 0.0405

   QTL 107: f(+) == 0, f(-) == 0.0245
         in p1: f(+) == 0, f(-) == 0.0105
         in p2: f(+) == 0, f(-) == 0.0385

   QTL 109: f(+) == 0.00275, f(-) == 0
         in p1: f(+) == 0.005, f(-) == 0
         in p2: f(+) == 0.0005, f(-) == 0

   QTL 110: f(+) == 0.0285, f(-) == 0
         in p1: f(+) == 0.029, f(-) == 0
         in p2: f(+) == 0.028, f(-) == 0

   QTL 111: f(+) == 0, f(-) == 0.05925
         in p1: f(+) == 0, f(-) == 0.0355
         in p2: f(+) == 0, f(-) == 0.083

   QTL 114: f(+) == 0.00025, f(-) == 0.0015
         in p1: f(+) == 0, f(-) == 0.003
         in p2: f(+) == 0.0005, f(-) == 0

   QTL 116: f(+) == 0.02075, f(-) == 0
         in p1: f(+) == 0.023, f(-) == 0
         in p2: f(+) == 0.0185, f(-) == 0

   QTL 117: f(+) == 0, f(-) == 0.50275
         in p1: f(+) == 0, f(-) == 0.5075
         in p2: f(+) == 0, f(-) == 0.498

   QTL 118: f(+) == 0.07875, f(-) == 0
         in p1: f(+) == 0.081, f(-) == 0
         in p2: f(+) == 0.0765, f(-) == 0

   QTL 120: f(+) == 0.04775, f(-) == 0
         in p1: f(+) == 0.0495, f(-) == 0
         in p2: f(+) == 0.046, f(-) == 0

   QTL 121: f(+) == 0.2695, f(-) == 0
         in p1: f(+) == 0.3575, f(-) == 0
         in p2: f(+) == 0.1815, f(-) == 0

   QTL 122: f(+) == 0.0005, f(-) == 0
         in p1: f(+) == 0, f(-) == 0
         in p2: f(+) == 0.001, f(-) == 0

   QTL 123: f(+) == 0, f(-) == 0.02375
         in p1: f(+) == 0, f(-) == 0.01
         in p2: f(+) == 0, f(-) == 0.0375

   QTL 126: f(+) == 1, f(-) == 0
         in p1: f(+) == 1, f(-) == 0
         in p2: f(+) == 1, f(-) == 0

   QTL 132: f(+) == 0, f(-) == 0.006
         in p1: f(+) == 0, f(-) == 0.012
         in p2: f(+) == 0, f(-) == 0

   QTL 136: f(+) == 0.001, f(-) == 0
         in p1: f(+) == 0.002, f(-) == 0
         in p2: f(+) == 0, f(-) == 0

   QTL 139: f(+) == 0.001, f(-) == 0
         in p1: f(+) == 0.002, f(-) == 0
         in p2: f(+) == 0, f(-) == 0

   QTL 142: f(+) == 0, f(-) == 0.0165
         in p1: f(+) == 0, f(-) == 0.03
         in p2: f(+) == 0, f(-) == 0.003

   QTL 143: f(+) == 0, f(-) == 0.00875
         in p1: f(+) == 0, f(-) == 0.0165
         in p2: f(+) == 0, f(-) == 0.001

   QTL 144: f(+) == 0.00175, f(-) == 0
         in p1: f(+) == 0.0005, f(-) == 0
         in p2: f(+) == 0.003, f(-) == 0

   QTL 145: f(+) == 0, f(-) == 0.00025
         in p1: f(+) == 0, f(-) == 0
         in p2: f(+) == 0, f(-) == 0.0005

   QTL 148: f(+) == 0.213, f(-) == 0
         in p1: f(+) == 0.263, f(-) == 0
         in p2: f(+) == 0.163, f(-) == 0

   QTL 151: f(+) == 0.0145, f(-) == 0
         in p1: f(+) == 0.0205, f(-) == 0
         in p2: f(+) == 0.0085, f(-) == 0

   QTL 152: f(+) == 0.00025, f(-) == 0
         in p1: f(+) == 0, f(-) == 0
         in p2: f(+) == 0.0005, f(-) == 0

   QTL 153: f(+) == 0, f(-) == 0.79275
         in p1: f(+) == 0, f(-) == 0.759
         in p2: f(+) == 0, f(-) == 0.8265

   QTL 154: f(+) == 0, f(-) == 0.97525
         in p1: f(+) == 0, f(-) == 0.9685
         in p2: f(+) == 0, f(-) == 0.982

   QTL 158: f(+) == 0, f(-) == 0.00275
         in p1: f(+) == 0, f(-) == 0.0055
         in p2: f(+) == 0, f(-) == 0

   QTL 159: f(+) == 0.89575, f(-) == 0.011
         in p1: f(+) == 0.888, f(-) == 0.0075
         in p2: f(+) == 0.9035, f(-) == 0.0145

   QTL 161: f(+) == 0.00125, f(-) == 0
         in p1: f(+) == 0, f(-) == 0
         in p2: f(+) == 0.0025, f(-) == 0

   QTL 162: f(+) == 0.013, f(-) == 0
         in p1: f(+) == 0.0115, f(-) == 0
         in p2: f(+) == 0.0145, f(-) == 0

   QTL 163: f(+) == 0, f(-) == 0.004
         in p1: f(+) == 0, f(-) == 0
         in p2: f(+) == 0, f(-) == 0.008

   QTL 164: f(+) == 0.39525, f(-) == 0
         in p1: f(+) == 0.4205, f(-) == 0
         in p2: f(+) == 0.37, f(-) == 0

   QTL 166: f(+) == 0, f(-) == 0.00125
         in p1: f(+) == 0, f(-) == 0
         in p2: f(+) == 0, f(-) == 0.0025

   QTL 168: f(+) == 0.0005, f(-) == 0.006
         in p1: f(+) == 0.001, f(-) == 0.0035
         in p2: f(+) == 0, f(-) == 0.0085

   QTL 169: f(+) == 0.041, f(-) == 0
         in p1: f(+) == 0.066, f(-) == 0
         in p2: f(+) == 0.016, f(-) == 0

   QTL 170: f(+) == 0, f(-) == 0.00325
         in p1: f(+) == 0, f(-) == 0
         in p2: f(+) == 0, f(-) == 0.0065

   QTL 171: f(+) == 0.2395, f(-) == 0
         in p1: f(+) == 0.248, f(-) == 0
         in p2: f(+) == 0.231, f(-) == 0

   QTL 172: f(+) == 0, f(-) == 0.0375
         in p1: f(+) == 0, f(-) == 0.034
         in p2: f(+) == 0, f(-) == 0.041

   QTL 173: f(+) == 0.0895, f(-) == 0
         in p1: f(+) == 0.093, f(-) == 0
         in p2: f(+) == 0.086, f(-) == 0

   QTL 175: f(+) == 0.0015, f(-) == 0
         in p1: f(+) == 0.003, f(-) == 0
         in p2: f(+) == 0, f(-) == 0

   QTL 176: f(+) == 0.00025, f(-) == 0.11375
         in p1: f(+) == 0.0005, f(-) == 0.0815
         in p2: f(+) == 0, f(-) == 0.146

   QTL 178: f(+) == 0, f(-) == 0.001
         in p1: f(+) == 0, f(-) == 0.002
         in p2: f(+) == 0, f(-) == 0

   QTL 179: f(+) == 0.09, f(-) == 0
         in p1: f(+) == 0.0965, f(-) == 0
         in p2: f(+) == 0.0835, f(-) == 0

   QTL 180: f(+) == 0.003, f(-) == 0.00375
         in p1: f(+) == 0.0025, f(-) == 0.0075
         in p2: f(+) == 0.0035, f(-) == 0

   QTL 181: f(+) == 0, f(-) == 0.025
         in p1: f(+) == 0, f(-) == 0.0095
         in p2: f(+) == 0, f(-) == 0.0405

   QTL 182: f(+) == 0.0105, f(-) == 0
         in p1: f(+) == 0.0195, f(-) == 0
         in p2: f(+) == 0.0015, f(-) == 0

   QTL 183: f(+) == 0, f(-) == 0.15825
         in p1: f(+) == 0, f(-) == 0.175
         in p2: f(+) == 0, f(-) == 0.1415

   QTL 184: f(+) == 0.00025, f(-) == 0
         in p1: f(+) == 0, f(-) == 0
         in p2: f(+) == 0.0005, f(-) == 0

   QTL 187: f(+) == 0.0445, f(-) == 0
         in p1: f(+) == 0.0455, f(-) == 0
         in p2: f(+) == 0.0435, f(-) == 0

   QTL 192: f(+) == 0, f(-) == 0.00275
         in p1: f(+) == 0, f(-) == 0.0045
         in p2: f(+) == 0, f(-) == 0.001

   QTL 193: f(+) == 0.00175, f(-) == 0
         in p1: f(+) == 0.003, f(-) == 0
         in p2: f(+) == 0.0005, f(-) == 0

   QTL 195: f(+) == 0.00625, f(-) == 0
         in p1: f(+) == 0.011, f(-) == 0
         in p2: f(+) == 0.0015, f(-) == 0

   QTL 197: f(+) == 0, f(-) == 0.017
         in p1: f(+) == 0, f(-) == 0.019
         in p2: f(+) == 0, f(-) == 0.015

   QTL 201: f(+) == 0.0005, f(-) == 0
         in p1: f(+) == 0.001, f(-) == 0
         in p2: f(+) == 0, f(-) == 0

   QTL 202: f(+) == 0, f(-) == 0.5305
         in p1: f(+) == 0, f(-) == 0.461
         in p2: f(+) == 0, f(-) == 0.6

   QTL 203: f(+) == 0.362, f(-) == 0.275
         in p1: f(+) == 0.408, f(-) == 0.225
         in p2: f(+) == 0.316, f(-) == 0.325

   QTL 204: f(+) == 0, f(-) == 0.023
         in p1: f(+) == 0, f(-) == 0.0215
         in p2: f(+) == 0, f(-) == 0.0245

   QTL 205: f(+) == 0.3065, f(-) == 0
         in p1: f(+) == 0.263, f(-) == 0
         in p2: f(+) == 0.35, f(-) == 0

   QTL 208: f(+) == 0.25425, f(-) == 0
         in p1: f(+) == 0.216, f(-) == 0
         in p2: f(+) == 0.2925, f(-) == 0

   QTL 209: f(+) == 0.0745, f(-) == 0.00975
         in p1: f(+) == 0.0525, f(-) == 0.0015
         in p2: f(+) == 0.0965, f(-) == 0.018

   QTL 210: f(+) == 0, f(-) == 0.00725
         in p1: f(+) == 0, f(-) == 0.008
         in p2: f(+) == 0, f(-) == 0.0065

   QTL 211: f(+) == 0.036, f(-) == 0
         in p1: f(+) == 0.0295, f(-) == 0
         in p2: f(+) == 0.0425, f(-) == 0

   QTL 213: f(+) == 0, f(-) == 0.00625
         in p1: f(+) == 0, f(-) == 0
         in p2: f(+) == 0, f(-) == 0.0125

   QTL 216: f(+) == 0, f(-) == 0.002
         in p1: f(+) == 0, f(-) == 0.0005
         in p2: f(+) == 0, f(-) == 0.0035

   QTL 217: f(+) == 0.0005, f(-) == 0.0005
         in p1: f(+) == 0.001, f(-) == 0
         in p2: f(+) == 0, f(-) == 0.001

   QTL 218: f(+) == 0, f(-) == 0.0025
         in p1: f(+) == 0, f(-) == 0.002
         in p2: f(+) == 0, f(-) == 0.003

   QTL 219: f(+) == 0, f(-) == 0.0005
         in p1: f(+) == 0, f(-) == 0
         in p2: f(+) == 0, f(-) == 0.001

   QTL 221: f(+) == 0, f(-) == 0.05
         in p1: f(+) == 0, f(-) == 0.0535
         in p2: f(+) == 0, f(-) == 0.0465

   QTL 223: f(+) == 0, f(-) == 0.00025
         in p1: f(+) == 0, f(-) == 0.0005
         in p2: f(+) == 0, f(-) == 0

   QTL 224: f(+) == 0.22775, f(-) == 0.20725
         in p1: f(+) == 0.1855, f(-) == 0.1815
         in p2: f(+) == 0.27, f(-) == 0.233

   QTL 225: f(+) == 0, f(-) == 0.001
         in p1: f(+) == 0, f(-) == 0.002
         in p2: f(+) == 0, f(-) == 0

   QTL 226: f(+) == 0.003, f(-) == 0.0175
         in p1: f(+) == 0.006, f(-) == 0
         in p2: f(+) == 0, f(-) == 0.035

   QTL 227: f(+) == 0.0025, f(-) == 0.4745
         in p1: f(+) == 0.0045, f(-) == 0.3715
         in p2: f(+) == 0.0005, f(-) == 0.5775

   QTL 232: f(+) == 0, f(-) == 0.06575
         in p1: f(+) == 0, f(-) == 0.0755
         in p2: f(+) == 0, f(-) == 0.056

   QTL 233: f(+) == 0, f(-) == 0.00025
         in p1: f(+) == 0, f(-) == 0
         in p2: f(+) == 0, f(-) == 0.0005

   QTL 234: f(+) == 0, f(-) == 0.00175
         in p1: f(+) == 0, f(-) == 0.0035
         in p2: f(+) == 0, f(-) == 0

   QTL 235: f(+) == 0.01225, f(-) == 0.17525
         in p1: f(+) == 0.0005, f(-) == 0.141
         in p2: f(+) == 0.024, f(-) == 0.2095

   QTL 238: f(+) == 0.00125, f(-) == 0
         in p1: f(+) == 0.0025, f(-) == 0
         in p2: f(+) == 0, f(-) == 0

   QTL 243: f(+) == 0.018, f(-) == 0
         in p1: f(+) == 0.0175, f(-) == 0
         in p2: f(+) == 0.0185, f(-) == 0

   QTL 244: f(+) == 0.00025, f(-) == 0
         in p1: f(+) == 0, f(-) == 0
         in p2: f(+) == 0.0005, f(-) == 0

   QTL 245: f(+) == 0, f(-) == 0.9785
         in p1: f(+) == 0, f(-) == 0.9645
         in p2: f(+) == 0, f(-) == 0.9925

   QTL 246: f(+) == 0.00275, f(-) == 0.19175
         in p1: f(+) == 0.0055, f(-) == 0.216
         in p2: f(+) == 0, f(-) == 0.1675

   QTL 250: f(+) == 0.0465, f(-) == 0
         in p1: f(+) == 0.018, f(-) == 0
         in p2: f(+) == 0.075, f(-) == 0

   QTL 252: f(+) == 0.0355, f(-) == 0
         in p1: f(+) == 0.0425, f(-) == 0
         in p2: f(+) == 0.0285, f(-) == 0

   QTL 253: f(+) == 0.28375, f(-) == 0
         in p1: f(+) == 0.2935, f(-) == 0
         in p2: f(+) == 0.274, f(-) == 0

   QTL 256: f(+) == 0, f(-) == 0.0135
         in p1: f(+) == 0, f(-) == 0.0235
         in p2: f(+) == 0, f(-) == 0.0035

   QTL 258: f(+) == 0.00125, f(-) == 0
         in p1: f(+) == 0.002, f(-) == 0
         in p2: f(+) == 0.0005, f(-) == 0

   QTL 259: f(+) == 0, f(-) == 0.00375
         in p1: f(+) == 0, f(-) == 0.0075
         in p2: f(+) == 0, f(-) == 0

   QTL 260: f(+) == 0.0015, f(-) == 0.001
         in p1: f(+) == 0, f(-) == 0
         in p2: f(+) == 0.003, f(-) == 0.002

   QTL 261: f(+) == 0.00475, f(-) == 0.25225
         in p1: f(+) == 0.002, f(-) == 0.2605
         in p2: f(+) == 0.0075, f(-) == 0.244

   QTL 262: f(+) == 0.00425, f(-) == 0
         in p1: f(+) == 0, f(-) == 0
         in p2: f(+) == 0.0085, f(-) == 0

   QTL 263: f(+) == 0, f(-) == 0.083
         in p1: f(+) == 0, f(-) == 0.0675
         in p2: f(+) == 0, f(-) == 0.0985

   QTL 266: f(+) == 0.00375, f(-) == 0
         in p1: f(+) == 0.0005, f(-) == 0
         in p2: f(+) == 0.007, f(-) == 0

   QTL 267: f(+) == 0.1995, f(-) == 0
         in p1: f(+) == 0.2005, f(-) == 0
         in p2: f(+) == 0.1985, f(-) == 0

   QTL 268: f(+) == 0, f(-) == 0.85075
         in p1: f(+) == 0, f(-) == 0.852
         in p2: f(+) == 0, f(-) == 0.8495

   QTL 269: f(+) == 0, f(-) == 0.17625
         in p1: f(+) == 0, f(-) == 0.2115
         in p2: f(+) == 0, f(-) == 0.141

   QTL 271: f(+) == 0.82825, f(-) == 0
         in p1: f(+) == 0.8585, f(-) == 0
         in p2: f(+) == 0.798, f(-) == 0

   QTL 273: f(+) == 0, f(-) == 0.00125
         in p1: f(+) == 0, f(-) == 0.0025
         in p2: f(+) == 0, f(-) == 0

   QTL 275: f(+) == 0, f(-) == 0.0765
         in p1: f(+) == 0, f(-) == 0.058
         in p2: f(+) == 0, f(-) == 0.095

   QTL 276: f(+) == 0.00025, f(-) == 0.0095
         in p1: f(+) == 0, f(-) == 0.006
         in p2: f(+) == 0.0005, f(-) == 0.013

   QTL 277: f(+) == 0.21025, f(-) == 0
         in p1: f(+) == 0.19, f(-) == 0
         in p2: f(+) == 0.2305, f(-) == 0

   QTL 278: f(+) == 0, f(-) == 0.0605
         in p1: f(+) == 0, f(-) == 0.083
         in p2: f(+) == 0, f(-) == 0.038

   QTL 279: f(+) == 0, f(-) == 0.011
         in p1: f(+) == 0, f(-) == 0.001
         in p2: f(+) == 0, f(-) == 0.021

   QTL 281: f(+) == 0, f(-) == 1
         in p1: f(+) == 0, f(-) == 1
         in p2: f(+) == 0, f(-) == 1

   QTL 282: f(+) == 0.0025, f(-) == 0.2885
         in p1: f(+) == 0, f(-) == 0.2645
         in p2: f(+) == 0.005, f(-) == 0.3125

   QTL 287: f(+) == 0.00325, f(-) == 0
         in p1: f(+) == 0.006, f(-) == 0
         in p2: f(+) == 0.0005, f(-) == 0

   QTL 288: f(+) == 0, f(-) == 0.766
         in p1: f(+) == 0, f(-) == 0.769
         in p2: f(+) == 0, f(-) == 0.763

   QTL 290: f(+) == 0, f(-) == 0.00025
         in p1: f(+) == 0, f(-) == 0
         in p2: f(+) == 0, f(-) == 0.0005

   QTL 293: f(+) == 0.0035, f(-) == 0.001
         in p1: f(+) == 0.0005, f(-) == 0
         in p2: f(+) == 0.0065, f(-) == 0.002

   QTL 296: f(+) == 0.711, f(-) == 0
         in p1: f(+) == 0.7465, f(-) == 0
         in p2: f(+) == 0.6755, f(-) == 0

   QTL 298: f(+) == 0.034, f(-) == 0
         in p1: f(+) == 0.0215, f(-) == 0
         in p2: f(+) == 0.0465, f(-) == 0

   QTL 302: f(+) == 0.00025, f(-) == 0
         in p1: f(+) == 0.0005, f(-) == 0
         in p2: f(+) == 0, f(-) == 0

   QTL 304: f(+) == 0.25225, f(-) == 0
         in p1: f(+) == 0.2315, f(-) == 0
         in p2: f(+) == 0.273, f(-) == 0

   QTL 307: f(+) == 0.00425, f(-) == 0
         in p1: f(+) == 0.0025, f(-) == 0
         in p2: f(+) == 0.006, f(-) == 0

   QTL 311: f(+) == 0.00025, f(-) == 0
         in p1: f(+) == 0.0005, f(-) == 0
         in p2: f(+) == 0, f(-) == 0

   QTL 315: f(+) == 0.821, f(-) == 0
         in p1: f(+) == 0.8415, f(-) == 0
         in p2: f(+) == 0.8005, f(-) == 0

   QTL 316: f(+) == 0.43525, f(-) == 0
         in p1: f(+) == 0.393, f(-) == 0
         in p2: f(+) == 0.4775, f(-) == 0

   QTL 317: f(+) == 0.0105, f(-) == 0
         in p1: f(+) == 0.0135, f(-) == 0
         in p2: f(+) == 0.0075, f(-) == 0

   QTL 318: f(+) == 0.0255, f(-) == 0
         in p1: f(+) == 0.0175, f(-) == 0
         in p2: f(+) == 0.0335, f(-) == 0

   QTL 320: f(+) == 0.0015, f(-) == 0.00075
         in p1: f(+) == 0, f(-) == 0.0015
         in p2: f(+) == 0.003, f(-) == 0

   QTL 322: f(+) == 0.13675, f(-) == 0.025
         in p1: f(+) == 0.107, f(-) == 0.0225
         in p2: f(+) == 0.1665, f(-) == 0.0275

   QTL 324: f(+) == 0.00075, f(-) == 0.32475
         in p1: f(+) == 0.0015, f(-) == 0.283
         in p2: f(+) == 0, f(-) == 0.3665

   QTL 326: f(+) == 0.00025, f(-) == 0
         in p1: f(+) == 0, f(-) == 0
         in p2: f(+) == 0.0005, f(-) == 0

   QTL 327: f(+) == 0, f(-) == 0.002
         in p1: f(+) == 0, f(-) == 0.004
         in p2: f(+) == 0, f(-) == 0

   QTL 328: f(+) == 0.027, f(-) == 0.1635
         in p1: f(+) == 0.0325, f(-) == 0.1295
         in p2: f(+) == 0.0215, f(-) == 0.1975

   QTL 330: f(+) == 0.0005, f(-) == 0
         in p1: f(+) == 0, f(-) == 0
         in p2: f(+) == 0.001, f(-) == 0

   QTL 337: f(+) == 0.10475, f(-) == 0
         in p1: f(+) == 0.123, f(-) == 0
         in p2: f(+) == 0.0865, f(-) == 0

   QTL 339: f(+) == 0.02925, f(-) == 0.42625
         in p1: f(+) == 0.042, f(-) == 0.443
         in p2: f(+) == 0.0165, f(-) == 0.4095

   QTL 341: f(+) == 0, f(-) == 0.11325
         in p1: f(+) == 0, f(-) == 0.091
         in p2: f(+) == 0, f(-) == 0.1355

   QTL 344: f(+) == 0, f(-) == 0.0095
         in p1: f(+) == 0, f(-) == 0.0065
         in p2: f(+) == 0, f(-) == 0.0125

   QTL 347: f(+) == 0.07475, f(-) == 0.00075
         in p1: f(+) == 0.095, f(-) == 0.0015
         in p2: f(+) == 0.0545, f(-) == 0

   QTL 348: f(+) == 0.009, f(-) == 0.01175
         in p1: f(+) == 0.0175, f(-) == 0.0135
         in p2: f(+) == 0.0005, f(-) == 0.01

   QTL 349: f(+) == 0.04475, f(-) == 0.01075
         in p1: f(+) == 0.042, f(-) == 0.0045
         in p2: f(+) == 0.0475, f(-) == 0.017

   QTL 351: f(+) == 0, f(-) == 0.00175
         in p1: f(+) == 0, f(-) == 0
         in p2: f(+) == 0, f(-) == 0.0035

   QTL 352: f(+) == 0.00125, f(-) == 0
         in p1: f(+) == 0.0005, f(-) == 0
         in p2: f(+) == 0.002, f(-) == 0

   QTL 354: f(+) == 0, f(-) == 0.039
         in p1: f(+) == 0, f(-) == 0.0555
         in p2: f(+) == 0, f(-) == 0.0225

   QTL 357: f(+) == 0, f(-) == 0.05875
         in p1: f(+) == 0, f(-) == 0.077
         in p2: f(+) == 0, f(-) == 0.0405

   QTL 358: f(+) == 0.0095, f(-) == 0
         in p1: f(+) == 0.0015, f(-) == 0
         in p2: f(+) == 0.0175, f(-) == 0

   QTL 359: f(+) == 0, f(-) == 0.00025
         in p1: f(+) == 0, f(-) == 0
         in p2: f(+) == 0, f(-) == 0.0005

   QTL 360: f(+) == 0.0015, f(-) == 0
         in p1: f(+) == 0.003, f(-) == 0
         in p2: f(+) == 0, f(-) == 0

   QTL 361: f(+) == 0, f(-) == 0.0005
         in p1: f(+) == 0, f(-) == 0.001
         in p2: f(+) == 0, f(-) == 0

   QTL 362: f(+) == 0, f(-) == 0.02275
         in p1: f(+) == 0, f(-) == 0.0275
         in p2: f(+) == 0, f(-) == 0.018

   QTL 363: f(+) == 0.02475, f(-) == 0
         in p1: f(+) == 0.0065, f(-) == 0
         in p2: f(+) == 0.043, f(-) == 0

   QTL 364: f(+) == 0.07875, f(-) == 0.00575
         in p1: f(+) == 0.0815, f(-) == 0.0015
         in p2: f(+) == 0.076, f(-) == 0.01

   QTL 365: f(+) == 0.0725, f(-) == 0
         in p1: f(+) == 0.0655, f(-) == 0
         in p2: f(+) == 0.0795, f(-) == 0

   QTL 366: f(+) == 0.00625, f(-) == 0
         in p1: f(+) == 0.011, f(-) == 0
         in p2: f(+) == 0.0015, f(-) == 0

   QTL 367: f(+) == 0.0045, f(-) == 0
         in p1: f(+) == 0.001, f(-) == 0
         in p2: f(+) == 0.008, f(-) == 0

   QTL 368: f(+) == 0.00025, f(-) == 0
         in p1: f(+) == 0, f(-) == 0
         in p2: f(+) == 0.0005, f(-) == 0

   QTL 369: f(+) == 0.5555, f(-) == 0
         in p1: f(+) == 0.593, f(-) == 0
         in p2: f(+) == 0.518, f(-) == 0

   QTL 370: f(+) == 0, f(-) == 0.0105
         in p1: f(+) == 0, f(-) == 0.0155
         in p2: f(+) == 0, f(-) == 0.0055

   QTL 371: f(+) == 0, f(-) == 0.1235
         in p1: f(+) == 0, f(-) == 0.118
         in p2: f(+) == 0, f(-) == 0.129

   QTL 375: f(+) == 0, f(-) == 0.0035
         in p1: f(+) == 0, f(-) == 0.006
         in p2: f(+) == 0, f(-) == 0.001

   QTL 377: f(+) == 0, f(-) == 0.001
         in p1: f(+) == 0, f(-) == 0
         in p2: f(+) == 0, f(-) == 0.002

   QTL 378: f(+) == 0, f(-) == 0.19275
         in p1: f(+) == 0, f(-) == 0.1945
         in p2: f(+) == 0, f(-) == 0.191

   QTL 379: f(+) == 0, f(-) == 0.00925
         in p1: f(+) == 0, f(-) == 0.008
         in p2: f(+) == 0, f(-) == 0.0105

   QTL 380: f(+) == 0, f(-) == 0.0185
         in p1: f(+) == 0, f(-) == 0.025
         in p2: f(+) == 0, f(-) == 0.012

   QTL 381: f(+) == 0, f(-) == 0.04025
         in p1: f(+) == 0, f(-) == 0.008
         in p2: f(+) == 0, f(-) == 0.0725

   QTL 383: f(+) == 0, f(-) == 0.001
         in p1: f(+) == 0, f(-) == 0
         in p2: f(+) == 0, f(-) == 0.002

   QTL 384: f(+) == 0.02325, f(-) == 0
         in p1: f(+) == 0.013, f(-) == 0
         in p2: f(+) == 0.0335, f(-) == 0

   QTL 385: f(+) == 0.2, f(-) == 0
         in p1: f(+) == 0.2185, f(-) == 0
         in p2: f(+) == 0.1815, f(-) == 0

   QTL 386: f(+) == 0.0655, f(-) == 0
         in p1: f(+) == 0.0345, f(-) == 0
         in p2: f(+) == 0.0965, f(-) == 0

   QTL 390: f(+) == 0, f(-) == 0.03775
         in p1: f(+) == 0, f(-) == 0.0645
         in p2: f(+) == 0, f(-) == 0.011

   QTL 394: f(+) == 0.10325, f(-) == 0.008
         in p1: f(+) == 0.0955, f(-) == 0.0145
         in p2: f(+) == 0.111, f(-) == 0.0015

   QTL 396: f(+) == 0.00025, f(-) == 0
         in p1: f(+) == 0.0005, f(-) == 0
         in p2: f(+) == 0, f(-) == 0

   QTL 397: f(+) == 0.09975, f(-) == 0.00025
         in p1: f(+) == 0.1315, f(-) == 0
         in p2: f(+) == 0.068, f(-) == 0.0005

   QTL 398: f(+) == 0.0205, f(-) == 0
         in p1: f(+) == 0.0155, f(-) == 0
         in p2: f(+) == 0.0255, f(-) == 0

   QTL 401: f(+) == 0.00025, f(-) == 0
         in p1: f(+) == 0, f(-) == 0
         in p2: f(+) == 0.0005, f(-) == 0

   QTL 402: f(+) == 0.00025, f(-) == 0
         in p1: f(+) == 0.0005, f(-) == 0
         in p2: f(+) == 0, f(-) == 0

   QTL 406: f(+) == 0, f(-) == 0.00525
         in p1: f(+) == 0, f(-) == 0
         in p2: f(+) == 0, f(-) == 0.0105

   QTL 407: f(+) == 0.295, f(-) == 0
         in p1: f(+) == 0.2765, f(-) == 0
         in p2: f(+) == 0.3135, f(-) == 0

   QTL 410: f(+) == 0, f(-) == 0.0625
         in p1: f(+) == 0, f(-) == 0.0645
         in p2: f(+) == 0, f(-) == 0.0605

   QTL 411: f(+) == 0, f(-) == 0.08175
         in p1: f(+) == 0, f(-) == 0.1085
         in p2: f(+) == 0, f(-) == 0.055

   QTL 413: f(+) == 0.1005, f(-) == 0.0355
         in p1: f(+) == 0.1405, f(-) == 0.0335
         in p2: f(+) == 0.0605, f(-) == 0.0375

   QTL 414: f(+) == 0, f(-) == 0.02025
         in p1: f(+) == 0, f(-) == 0.0365
         in p2: f(+) == 0, f(-) == 0.004

   QTL 415: f(+) == 0, f(-) == 0.00075
         in p1: f(+) == 0, f(-) == 0
         in p2: f(+) == 0, f(-) == 0.0015

   QTL 417: f(+) == 0, f(-) == 0.01075
         in p1: f(+) == 0, f(-) == 0.0035
         in p2: f(+) == 0, f(-) == 0.018

   QTL 423: f(+) == 0, f(-) == 0.25275
         in p1: f(+) == 0, f(-) == 0.229
         in p2: f(+) == 0, f(-) == 0.2765

   QTL 427: f(+) == 0.16, f(-) == 0
         in p1: f(+) == 0.1515, f(-) == 0
         in p2: f(+) == 0.1685, f(-) == 0

   QTL 432: f(+) == 0, f(-) == 0.00025
         in p1: f(+) == 0, f(-) == 0.0005
         in p2: f(+) == 0, f(-) == 0

   QTL 433: f(+) == 0.005, f(-) == 0
         in p1: f(+) == 0.0035, f(-) == 0
         in p2: f(+) == 0.0065, f(-) == 0

   QTL 438: f(+) == 0.074, f(-) == 0
         in p1: f(+) == 0.1275, f(-) == 0
         in p2: f(+) == 0.0205, f(-) == 0

   QTL 440: f(+) == 0, f(-) == 0.04975
         in p1: f(+) == 0, f(-) == 0.064
         in p2: f(+) == 0, f(-) == 0.0355

   QTL 443: f(+) == 0, f(-) == 0.00075
         in p1: f(+) == 0, f(-) == 0.001
         in p2: f(+) == 0, f(-) == 0.0005

   QTL 445: f(+) == 0.20025, f(-) == 0
         in p1: f(+) == 0.2165, f(-) == 0
         in p2: f(+) == 0.184, f(-) == 0

   QTL 446: f(+) == 0.006, f(-) == 0.008
         in p1: f(+) == 0.0065, f(-) == 0.007
         in p2: f(+) == 0.0055, f(-) == 0.009

   QTL 447: f(+) == 0.0265, f(-) == 0
         in p1: f(+) == 0.033, f(-) == 0
         in p2: f(+) == 0.02, f(-) == 0

   QTL 448: f(+) == 0, f(-) == 0.0015
         in p1: f(+) == 0, f(-) == 0.003
         in p2: f(+) == 0, f(-) == 0

   QTL 449: f(+) == 0.00025, f(-) == 0
         in p1: f(+) == 0, f(-) == 0
         in p2: f(+) == 0.0005, f(-) == 0

   QTL 451: f(+) == 0.00225, f(-) == 0
         in p1: f(+) == 0, f(-) == 0
         in p2: f(+) == 0.0045, f(-) == 0

   QTL 454: f(+) == 0, f(-) == 0.00125
         in p1: f(+) == 0, f(-) == 0
         in p2: f(+) == 0, f(-) == 0.0025

   QTL 455: f(+) == 0.018, f(-) == 0
         in p1: f(+) == 0.0235, f(-) == 0
         in p2: f(+) == 0.0125, f(-) == 0

   QTL 456: f(+) == 0, f(-) == 0.0025
         in p1: f(+) == 0, f(-) == 0
         in p2: f(+) == 0, f(-) == 0.005

   QTL 459: f(+) == 0.00275, f(-) == 0
         in p1: f(+) == 0.0055, f(-) == 0
         in p2: f(+) == 0, f(-) == 0

   QTL 460: f(+) == 0, f(-) == 0.1325
         in p1: f(+) == 0, f(-) == 0.1235
         in p2: f(+) == 0, f(-) == 0.1415

   QTL 461: f(+) == 0.00825, f(-) == 0
         in p1: f(+) == 0.013, f(-) == 0
         in p2: f(+) == 0.0035, f(-) == 0

   QTL 465: f(+) == 0, f(-) == 0.00025
         in p1: f(+) == 0, f(-) == 0
         in p2: f(+) == 0, f(-) == 0.0005

   QTL 466: f(+) == 0.05525, f(-) == 0
         in p1: f(+) == 0.0185, f(-) == 0
         in p2: f(+) == 0.092, f(-) == 0

   QTL 467: f(+) == 0.306, f(-) == 0.00775
         in p1: f(+) == 0.3295, f(-) == 0.015
         in p2: f(+) == 0.2825, f(-) == 0.0005

   QTL 468: f(+) == 0.00025, f(-) == 0.25475
         in p1: f(+) == 0.0005, f(-) == 0.2065
         in p2: f(+) == 0, f(-) == 0.303

   QTL 469: f(+) == 0, f(-) == 0.00025
         in p1: f(+) == 0, f(-) == 0
         in p2: f(+) == 0, f(-) == 0.0005

   QTL 473: f(+) == 0.00025, f(-) == 0
         in p1: f(+) == 0, f(-) == 0
         in p2: f(+) == 0.0005, f(-) == 0

   QTL 476: f(+) == 0.003, f(-) == 0
         in p1: f(+) == 0.006, f(-) == 0
         in p2: f(+) == 0, f(-) == 0

   QTL 477: f(+) == 0.0015, f(-) == 0
         in p1: f(+) == 0, f(-) == 0
         in p2: f(+) == 0.003, f(-) == 0

   QTL 479: f(+) == 0, f(-) == 0.00225
         in p1: f(+) == 0, f(-) == 0
         in p2: f(+) == 0, f(-) == 0.0045

   QTL 480: f(+) == 0.00025, f(-) == 0
         in p1: f(+) == 0, f(-) == 0
         in p2: f(+) == 0.0005, f(-) == 0

   QTL 481: f(+) == 0.0065, f(-) == 0
         in p1: f(+) == 0.0125, f(-) == 0
         in p2: f(+) == 0.0005, f(-) == 0

   QTL 482: f(+) == 0.0025, f(-) == 0
         in p1: f(+) == 0.004, f(-) == 0
         in p2: f(+) == 0.001, f(-) == 0

   QTL 483: f(+) == 0, f(-) == 0.038
         in p1: f(+) == 0, f(-) == 0.0205
         in p2: f(+) == 0, f(-) == 0.0555

   QTL 484: f(+) == 0, f(-) == 0.0005
         in p1: f(+) == 0, f(-) == 0
         in p2: f(+) == 0, f(-) == 0.001

   QTL 485: f(+) == 0.01875, f(-) == 0.00225
         in p1: f(+) == 0.032, f(-) == 0.0045
         in p2: f(+) == 0.0055, f(-) == 0

   QTL 486: f(+) == 0, f(-) == 0.02975
         in p1: f(+) == 0, f(-) == 0.0555
         in p2: f(+) == 0, f(-) == 0.004

   QTL 489: f(+) == 0, f(-) == 0.00625
         in p1: f(+) == 0, f(-) == 0.0125
         in p2: f(+) == 0, f(-) == 0

   QTL 490: f(+) == 0.70725, f(-) == 0.0225
         in p1: f(+) == 0.768, f(-) == 0.0145
         in p2: f(+) == 0.6465, f(-) == 0.0305

   QTL 493: f(+) == 0.8075, f(-) == 0.1925
         in p1: f(+) == 0.8265, f(-) == 0.1735
         in p2: f(+) == 0.7885, f(-) == 0.2115

   QTL 494: f(+) == 0.6525, f(-) == 0.00075
         in p1: f(+) == 0.708, f(-) == 0.0015
         in p2: f(+) == 0.597, f(-) == 0

   QTL 498: f(+) == 0, f(-) == 0.99925
         in p1: f(+) == 0, f(-) == 1
         in p2: f(+) == 0, f(-) == 0.9985

   QTL 501: f(+) == 0, f(-) == 0.03575
         in p1: f(+) == 0, f(-) == 0.0385
         in p2: f(+) == 0, f(-) == 0.033

   QTL 503: f(+) == 0, f(-) == 0.00025
         in p1: f(+) == 0, f(-) == 0
         in p2: f(+) == 0, f(-) == 0.0005

   QTL 506: f(+) == 0.0265, f(-) == 0
         in p1: f(+) == 0.0095, f(-) == 0
         in p2: f(+) == 0.0435, f(-) == 0

   QTL 508: f(+) == 0.21625, f(-) == 0.002
         in p1: f(+) == 0.287, f(-) == 0.004
         in p2: f(+) == 0.1455, f(-) == 0

   QTL 511: f(+) == 0.00525, f(-) == 0.00025
         in p1: f(+) == 0.0015, f(-) == 0
         in p2: f(+) == 0.009, f(-) == 0.0005

   QTL 515: f(+) == 0.021, f(-) == 0
         in p1: f(+) == 0.023, f(-) == 0
         in p2: f(+) == 0.019, f(-) == 0

   QTL 516: f(+) == 0, f(-) == 0.17175
         in p1: f(+) == 0, f(-) == 0.175
         in p2: f(+) == 0, f(-) == 0.1685

   QTL 519: f(+) == 0.0035, f(-) == 0
         in p1: f(+) == 0.0055, f(-) == 0
         in p2: f(+) == 0.0015, f(-) == 0

   QTL 520: f(+) == 0.0205, f(-) == 0.07375
         in p1: f(+) == 0.0135, f(-) == 0.0575
         in p2: f(+) == 0.0275, f(-) == 0.09

   QTL 522: f(+) == 0, f(-) == 0.08225
         in p1: f(+) == 0, f(-) == 0.1165
         in p2: f(+) == 0, f(-) == 0.048

   QTL 523: f(+) == 0.002, f(-) == 0
         in p1: f(+) == 0.0035, f(-) == 0
         in p2: f(+) == 0.0005, f(-) == 0

   QTL 525: f(+) == 0.00225, f(-) == 0
         in p1: f(+) == 0.0045, f(-) == 0
         in p2: f(+) == 0, f(-) == 0

   QTL 527: f(+) == 0.3615, f(-) == 0
         in p1: f(+) == 0.377, f(-) == 0
         in p2: f(+) == 0.346, f(-) == 0

   QTL 528: f(+) == 0.00025, f(-) == 0.0155
         in p1: f(+) == 0.0005, f(-) == 0.0235
         in p2: f(+) == 0, f(-) == 0.0075

   QTL 531: f(+) == 0.024, f(-) == 0
         in p1: f(+) == 0.043, f(-) == 0
         in p2: f(+) == 0.005, f(-) == 0

   QTL 534: f(+) == 0.002, f(-) == 0
         in p1: f(+) == 0.0035, f(-) == 0
         in p2: f(+) == 0.0005, f(-) == 0

   QTL 538: f(+) == 0.00625, f(-) == 0
         in p1: f(+) == 0.0055, f(-) == 0
         in p2: f(+) == 0.007, f(-) == 0

   QTL 541: f(+) == 0.3755, f(-) == 0
         in p1: f(+) == 0.393, f(-) == 0
         in p2: f(+) == 0.358, f(-) == 0

   QTL 542: f(+) == 0.01125, f(-) == 0.00025
         in p1: f(+) == 0.0195, f(-) == 0.0005
         in p2: f(+) == 0.003, f(-) == 0

   QTL 545: f(+) == 0.0025, f(-) == 0
         in p1: f(+) == 0.005, f(-) == 0
         in p2: f(+) == 0, f(-) == 0

   QTL 546: f(+) == 0.00975, f(-) == 0
         in p1: f(+) == 0.001, f(-) == 0
         in p2: f(+) == 0.0185, f(-) == 0

   QTL 547: f(+) == 0.9545, f(-) == 0.00025
         in p1: f(+) == 0.9425, f(-) == 0.0005
         in p2: f(+) == 0.9665, f(-) == 0

   QTL 548: f(+) == 0.1675, f(-) == 0
         in p1: f(+) == 0.1955, f(-) == 0
         in p2: f(+) == 0.1395, f(-) == 0

   QTL 550: f(+) == 0.1315, f(-) == 0
         in p1: f(+) == 0.1705, f(-) == 0
         in p2: f(+) == 0.0925, f(-) == 0

   QTL 551: f(+) == 0.13475, f(-) == 0
         in p1: f(+) == 0.1265, f(-) == 0
         in p2: f(+) == 0.143, f(-) == 0

   QTL 554: f(+) == 0.005, f(-) == 0
         in p1: f(+) == 0.004, f(-) == 0
         in p2: f(+) == 0.006, f(-) == 0

   QTL 557: f(+) == 0, f(-) == 0.31075
         in p1: f(+) == 0, f(-) == 0.29
         in p2: f(+) == 0, f(-) == 0.3315

   QTL 558: f(+) == 0, f(-) == 0.04525
         in p1: f(+) == 0, f(-) == 0.021
         in p2: f(+) == 0, f(-) == 0.0695

   QTL 559: f(+) == 0, f(-) == 0.009
         in p1: f(+) == 0, f(-) == 0.0135
         in p2: f(+) == 0, f(-) == 0.0045

   QTL 562: f(+) == 0.01275, f(-) == 0.00125
         in p1: f(+) == 0.014, f(-) == 0.0025
         in p2: f(+) == 0.0115, f(-) == 0

   QTL 565: f(+) == 0, f(-) == 0.00075
         in p1: f(+) == 0, f(-) == 0.0015
         in p2: f(+) == 0, f(-) == 0

   QTL 567: f(+) == 1, f(-) == 0
         in p1: f(+) == 1, f(-) == 0
         in p2: f(+) == 1, f(-) == 0

   QTL 568: f(+) == 0, f(-) == 0.93325
         in p1: f(+) == 0, f(-) == 0.936
         in p2: f(+) == 0, f(-) == 0.9305

   QTL 570: f(+) == 0.00025, f(-) == 0.0005
         in p1: f(+) == 0, f(-) == 0.001
         in p2: f(+) == 0.0005, f(-) == 0

   QTL 572: f(+) == 0.0175, f(-) == 0
         in p1: f(+) == 0.0115, f(-) == 0
         in p2: f(+) == 0.0235, f(-) == 0

   QTL 573: f(+) == 0.352, f(-) == 0
         in p1: f(+) == 0.3335, f(-) == 0
         in p2: f(+) == 0.3705, f(-) == 0

   QTL 575: f(+) == 0, f(-) == 0.42725
         in p1: f(+) == 0, f(-) == 0.362
         in p2: f(+) == 0, f(-) == 0.4925

   QTL 578: f(+) == 0, f(-) == 0.001
         in p1: f(+) == 0, f(-) == 0.001
         in p2: f(+) == 0, f(-) == 0.001

   QTL 579: f(+) == 0.217, f(-) == 0.2325
         in p1: f(+) == 0.254, f(-) == 0.1895
         in p2: f(+) == 0.18, f(-) == 0.2755

   QTL 580: f(+) == 0.5745, f(-) == 0
         in p1: f(+) == 0.576, f(-) == 0
         in p2: f(+) == 0.573, f(-) == 0

   QTL 583: f(+) == 0.0005, f(-) == 0
         in p1: f(+) == 0.001, f(-) == 0
         in p2: f(+) == 0, f(-) == 0

   QTL 586: f(+) == 0.0725, f(-) == 0
         in p1: f(+) == 0.1005, f(-) == 0
         in p2: f(+) == 0.0445, f(-) == 0

   QTL 589: f(+) == 0.00025, f(-) == 0
         in p1: f(+) == 0.0005, f(-) == 0
         in p2: f(+) == 0, f(-) == 0

   QTL 590: f(+) == 0.06525, f(-) == 0.00325
         in p1: f(+) == 0.0795, f(-) == 0
         in p2: f(+) == 0.051, f(-) == 0.0065

   QTL 591: f(+) == 0.77475, f(-) == 0
         in p1: f(+) == 0.775, f(-) == 0
         in p2: f(+) == 0.7745, f(-) == 0

   QTL 595: f(+) == 0, f(-) == 0.00025
         in p1: f(+) == 0, f(-) == 0
         in p2: f(+) == 0, f(-) == 0.0005

   QTL 597: f(+) == 0.01725, f(-) == 0
         in p1: f(+) == 0.006, f(-) == 0
         in p2: f(+) == 0.0285, f(-) == 0

   QTL 598: f(+) == 0.00625, f(-) == 0.036
         in p1: f(+) == 0.0005, f(-) == 0.023
         in p2: f(+) == 0.012, f(-) == 0.049

   QTL 601: f(+) == 0.8495, f(-) == 0
         in p1: f(+) == 0.8855, f(-) == 0
         in p2: f(+) == 0.8135, f(-) == 0

   QTL 604: f(+) == 0.0415, f(-) == 0
         in p1: f(+) == 0.0345, f(-) == 0
         in p2: f(+) == 0.0485, f(-) == 0

   QTL 605: f(+) == 0, f(-) == 0.112
         in p1: f(+) == 0, f(-) == 0.1275
         in p2: f(+) == 0, f(-) == 0.0965

   QTL 608: f(+) == 0, f(-) == 1
         in p1: f(+) == 0, f(-) == 1
         in p2: f(+) == 0, f(-) == 1

   QTL 609: f(+) == 0.00675, f(-) == 0
         in p1: f(+) == 0.0035, f(-) == 0
         in p2: f(+) == 0.01, f(-) == 0

   QTL 610: f(+) == 0, f(-) == 0.00025
         in p1: f(+) == 0, f(-) == 0
         in p2: f(+) == 0, f(-) == 0.0005

   QTL 611: f(+) == 0.018, f(-) == 0
         in p1: f(+) == 0.031, f(-) == 0
         in p2: f(+) == 0.005, f(-) == 0

   QTL 614: f(+) == 0.04775, f(-) == 0
         in p1: f(+) == 0.0705, f(-) == 0
         in p2: f(+) == 0.025, f(-) == 0

   QTL 618: f(+) == 0, f(-) == 0.0015
         in p1: f(+) == 0, f(-) == 0.0015
         in p2: f(+) == 0, f(-) == 0.0015

   QTL 625: f(+) == 0.00475, f(-) == 0.00225
         in p1: f(+) == 0.0095, f(-) == 0.001
         in p2: f(+) == 0, f(-) == 0.0035

   QTL 627: f(+) == 0.00475, f(-) == 0
         in p1: f(+) == 0.0075, f(-) == 0
         in p2: f(+) == 0.002, f(-) == 0

   QTL 635: f(+) == 0, f(-) == 0.4015
         in p1: f(+) == 0, f(-) == 0.396
         in p2: f(+) == 0, f(-) == 0.407

   QTL 636: f(+) == 0.4285, f(-) == 0
         in p1: f(+) == 0.478, f(-) == 0
         in p2: f(+) == 0.379, f(-) == 0

   QTL 637: f(+) == 0.003, f(-) == 0
         in p1: f(+) == 0.0055, f(-) == 0
         in p2: f(+) == 0.0005, f(-) == 0

   QTL 638: f(+) == 0, f(-) == 0.364
         in p1: f(+) == 0, f(-) == 0.3075
         in p2: f(+) == 0, f(-) == 0.4205

   QTL 640: f(+) == 0, f(-) == 0.00425
         in p1: f(+) == 0, f(-) == 0
         in p2: f(+) == 0, f(-) == 0.0085

   QTL 641: f(+) == 0, f(-) == 0.40275
         in p1: f(+) == 0, f(-) == 0.3745
         in p2: f(+) == 0, f(-) == 0.431

   QTL 645: f(+) == 0, f(-) == 0.00225
         in p1: f(+) == 0, f(-) == 0.004
         in p2: f(+) == 0, f(-) == 0.0005

   QTL 646: f(+) == 0, f(-) == 0.007
         in p1: f(+) == 0, f(-) == 0.0105
         in p2: f(+) == 0, f(-) == 0.0035

   QTL 652: f(+) == 0, f(-) == 0.242
         in p1: f(+) == 0, f(-) == 0.2285
         in p2: f(+) == 0, f(-) == 0.2555

   QTL 653: f(+) == 0.0635, f(-) == 0.01675
         in p1: f(+) == 0.076, f(-) == 0.001
         in p2: f(+) == 0.051, f(-) == 0.0325

   QTL 655: f(+) == 0.03675, f(-) == 0.00075
         in p1: f(+) == 0.0375, f(-) == 0
         in p2: f(+) == 0.036, f(-) == 0.0015

   QTL 658: f(+) == 0, f(-) == 0.01075
         in p1: f(+) == 0, f(-) == 0.018
         in p2: f(+) == 0, f(-) == 0.0035

   QTL 660: f(+) == 0, f(-) == 0.2425
         in p1: f(+) == 0, f(-) == 0.207
         in p2: f(+) == 0, f(-) == 0.278

   QTL 664: f(+) == 0, f(-) == 0.00225
         in p1: f(+) == 0, f(-) == 0
         in p2: f(+) == 0, f(-) == 0.0045

   QTL 669: f(+) == 0, f(-) == 0.00225
         in p1: f(+) == 0, f(-) == 0
         in p2: f(+) == 0, f(-) == 0.0045

   QTL 675: f(+) == 0.01825, f(-) == 0
         in p1: f(+) == 0.0315, f(-) == 0
         in p2: f(+) == 0.005, f(-) == 0

   QTL 676: f(+) == 0.00075, f(-) == 0
         in p1: f(+) == 0, f(-) == 0
         in p2: f(+) == 0.0015, f(-) == 0

   QTL 677: f(+) == 0.0005, f(-) == 0.0005
         in p1: f(+) == 0, f(-) == 0.001
         in p2: f(+) == 0.001, f(-) == 0

   QTL 678: f(+) == 0.011, f(-) == 0.1445
         in p1: f(+) == 0.007, f(-) == 0.1505
         in p2: f(+) == 0.015, f(-) == 0.1385

   QTL 679: f(+) == 0.0095, f(-) == 0.26375
         in p1: f(+) == 0.019, f(-) == 0.2275
         in p2: f(+) == 0, f(-) == 0.3

   QTL 682: f(+) == 0, f(-) == 0.00025
         in p1: f(+) == 0, f(-) == 0.0005
         in p2: f(+) == 0, f(-) == 0

   QTL 683: f(+) == 0.3785, f(-) == 0
         in p1: f(+) == 0.4115, f(-) == 0
         in p2: f(+) == 0.3455, f(-) == 0

   QTL 686: f(+) == 0.0135, f(-) == 0
         in p1: f(+) == 0.01, f(-) == 0
         in p2: f(+) == 0.017, f(-) == 0

   QTL 690: f(+) == 0.01175, f(-) == 0.1375
         in p1: f(+) == 0.022, f(-) == 0.136
         in p2: f(+) == 0.0015, f(-) == 0.139

   QTL 692: f(+) == 0, f(-) == 0.4535
         in p1: f(+) == 0, f(-) == 0.4695
         in p2: f(+) == 0, f(-) == 0.4375

   QTL 696: f(+) == 0.02075, f(-) == 0
         in p1: f(+) == 0.0245, f(-) == 0
         in p2: f(+) == 0.017, f(-) == 0

   QTL 698: f(+) == 0, f(-) == 0.027
         in p1: f(+) == 0, f(-) == 0.02
         in p2: f(+) == 0, f(-) == 0.034

   QTL 701: f(+) == 0.00025, f(-) == 0
         in p1: f(+) == 0.0005, f(-) == 0
         in p2: f(+) == 0, f(-) == 0

   QTL 703: f(+) == 0.00225, f(-) == 0
         in p1: f(+) == 0.0045, f(-) == 0
         in p2: f(+) == 0, f(-) == 0

   QTL 705: f(+) == 0, f(-) == 0.49475
         in p1: f(+) == 0, f(-) == 0.4525
         in p2: f(+) == 0, f(-) == 0.537

   QTL 709: f(+) == 0, f(-) == 0.0015
         in p1: f(+) == 0, f(-) == 0
         in p2: f(+) == 0, f(-) == 0.003

   QTL 710: f(+) == 0, f(-) == 0.476
         in p1: f(+) == 0, f(-) == 0.4835
         in p2: f(+) == 0, f(-) == 0.4685

   QTL 713: f(+) == 0.0005, f(-) == 0
         in p1: f(+) == 0, f(-) == 0
         in p2: f(+) == 0.001, f(-) == 0

   QTL 715: f(+) == 0.0945, f(-) == 0
         in p1: f(+) == 0.1255, f(-) == 0
         in p2: f(+) == 0.0635, f(-) == 0

   QTL 717: f(+) == 0.001, f(-) == 0.00025
         in p1: f(+) == 0.002, f(-) == 0
         in p2: f(+) == 0, f(-) == 0.0005

   QTL 719: f(+) == 0, f(-) == 0.0395
         in p1: f(+) == 0, f(-) == 0.0505
         in p2: f(+) == 0, f(-) == 0.0285

   QTL 720: f(+) == 0.158, f(-) == 0
         in p1: f(+) == 0.153, f(-) == 0
         in p2: f(+) == 0.163, f(-) == 0

   QTL 721: f(+) == 0, f(-) == 0.80475
         in p1: f(+) == 0, f(-) == 0.8005
         in p2: f(+) == 0, f(-) == 0.809

   QTL 722: f(+) == 0.001, f(-) == 0.01775
         in p1: f(+) == 0, f(-) == 0.024
         in p2: f(+) == 0.002, f(-) == 0.0115

   QTL 723: f(+) == 0.0135, f(-) == 0
         in p1: f(+) == 0.0195, f(-) == 0
         in p2: f(+) == 0.0075, f(-) == 0

   QTL 725: f(+) == 0, f(-) == 0.005
         in p1: f(+) == 0, f(-) == 0.01
         in p2: f(+) == 0, f(-) == 0

   QTL 727: f(+) == 0, f(-) == 0.006
         in p1: f(+) == 0, f(-) == 0.0115
         in p2: f(+) == 0, f(-) == 0.0005

   QTL 728: f(+) == 0.49075, f(-) == 0.31175
         in p1: f(+) == 0.483, f(-) == 0.2745
         in p2: f(+) == 0.4985, f(-) == 0.349

   QTL 732: f(+) == 0.046, f(-) == 0
         in p1: f(+) == 0.0535, f(-) == 0
         in p2: f(+) == 0.0385, f(-) == 0

   QTL 733: f(+) == 0.0165, f(-) == 0
         in p1: f(+) == 0.0205, f(-) == 0
         in p2: f(+) == 0.0125, f(-) == 0

   QTL 735: f(+) == 0.02425, f(-) == 0
         in p1: f(+) == 0.037, f(-) == 0
         in p2: f(+) == 0.0115, f(-) == 0

   QTL 736: f(+) == 0, f(-) == 0.002
         in p1: f(+) == 0, f(-) == 0
         in p2: f(+) == 0, f(-) == 0.004

   QTL 739: f(+) == 0, f(-) == 0.005
         in p1: f(+) == 0, f(-) == 0.0025
         in p2: f(+) == 0, f(-) == 0.0075

   QTL 740: f(+) == 0.0375, f(-) == 0
         in p1: f(+) == 0.0395, f(-) == 0
         in p2: f(+) == 0.0355, f(-) == 0

   QTL 741: f(+) == 0.0005, f(-) == 0
         in p1: f(+) == 0, f(-) == 0
         in p2: f(+) == 0.001, f(-) == 0

   QTL 743: f(+) == 0, f(-) == 0.414
         in p1: f(+) == 0, f(-) == 0.404
         in p2: f(+) == 0, f(-) == 0.424

   QTL 745: f(+) == 0.921, f(-) == 0.079
         in p1: f(+) == 0.9075, f(-) == 0.0925
         in p2: f(+) == 0.9345, f(-) == 0.0655

   QTL 749: f(+) == 0.00025, f(-) == 0
         in p1: f(+) == 0.0005, f(-) == 0
         in p2: f(+) == 0, f(-) == 0

   QTL 750: f(+) == 0.02475, f(-) == 0
         in p1: f(+) == 0.023, f(-) == 0
         in p2: f(+) == 0.0265, f(-) == 0

   QTL 753: f(+) == 0, f(-) == 0.0155
         in p1: f(+) == 0, f(-) == 0.0005
         in p2: f(+) == 0, f(-) == 0.0305

   QTL 754: f(+) == 0.00475, f(-) == 0
         in p1: f(+) == 0.004, f(-) == 0
         in p2: f(+) == 0.0055, f(-) == 0

   QTL 755: f(+) == 0.00025, f(-) == 0
         in p1: f(+) == 0, f(-) == 0
         in p2: f(+) == 0.0005, f(-) == 0

   QTL 756: f(+) == 0.00025, f(-) == 0
         in p1: f(+) == 0.0005, f(-) == 0
         in p2: f(+) == 0, f(-) == 0

   QTL 758: f(+) == 0, f(-) == 0.001
         in p1: f(+) == 0, f(-) == 0.002
         in p2: f(+) == 0, f(-) == 0

   QTL 759: f(+) == 0.335, f(-) == 0
         in p1: f(+) == 0.3455, f(-) == 0
         in p2: f(+) == 0.3245, f(-) == 0

   QTL 760: f(+) == 0.0025, f(-) == 0
         in p1: f(+) == 0, f(-) == 0
         in p2: f(+) == 0.005, f(-) == 0

   QTL 764: f(+) == 0.00025, f(-) == 0
         in p1: f(+) == 0.0005, f(-) == 0
         in p2: f(+) == 0, f(-) == 0

   QTL 767: f(+) == 0.002, f(-) == 0
         in p1: f(+) == 0.002, f(-) == 0
         in p2: f(+) == 0.002, f(-) == 0

   QTL 769: f(+) == 0, f(-) == 0.02
         in p1: f(+) == 0, f(-) == 0.0145
         in p2: f(+) == 0, f(-) == 0.0255

   QTL 770: f(+) == 0.001, f(-) == 0
         in p1: f(+) == 0.002, f(-) == 0
         in p2: f(+) == 0, f(-) == 0

   QTL 771: f(+) == 0.00625, f(-) == 0
         in p1: f(+) == 0.0005, f(-) == 0
         in p2: f(+) == 0.012, f(-) == 0

   QTL 774: f(+) == 0, f(-) == 0.00275
         in p1: f(+) == 0, f(-) == 0.001
         in p2: f(+) == 0, f(-) == 0.0045

   QTL 778: f(+) == 0.00025, f(-) == 0.0045
         in p1: f(+) == 0, f(-) == 0.009
         in p2: f(+) == 0.0005, f(-) == 0

   QTL 779: f(+) == 0, f(-) == 0.31975
         in p1: f(+) == 0, f(-) == 0.3015
         in p2: f(+) == 0, f(-) == 0.338

   QTL 781: f(+) == 0.01025, f(-) == 0
         in p1: f(+) == 0.006, f(-) == 0
         in p2: f(+) == 0.0145, f(-) == 0

   QTL 782: f(+) == 0.00075, f(-) == 0.0075
         in p1: f(+) == 0.0015, f(-) == 0.006
         in p2: f(+) == 0, f(-) == 0.009

   QTL 786: f(+) == 0, f(-) == 0.00925
         in p1: f(+) == 0, f(-) == 0.006
         in p2: f(+) == 0, f(-) == 0.0125

   QTL 787: f(+) == 0.00275, f(-) == 0
         in p1: f(+) == 0.0005, f(-) == 0
         in p2: f(+) == 0.005, f(-) == 0

   QTL 790: f(+) == 0.00125, f(-) == 0.00675
         in p1: f(+) == 0, f(-) == 0.001
         in p2: f(+) == 0.0025, f(-) == 0.0125

   QTL 791: f(+) == 0, f(-) == 0.162
         in p1: f(+) == 0, f(-) == 0.1275
         in p2: f(+) == 0, f(-) == 0.1965

   QTL 793: f(+) == 0, f(-) == 0.1875
         in p1: f(+) == 0, f(-) == 0.142
         in p2: f(+) == 0, f(-) == 0.233

   QTL 794: f(+) == 0.01525, f(-) == 0
         in p1: f(+) == 0.013, f(-) == 0
         in p2: f(+) == 0.0175, f(-) == 0

   QTL 795: f(+) == 0.06475, f(-) == 0
         in p1: f(+) == 0.0435, f(-) == 0
         in p2: f(+) == 0.086, f(-) == 0

   QTL 796: f(+) == 0.2015, f(-) == 0
         in p1: f(+) == 0.179, f(-) == 0
         in p2: f(+) == 0.224, f(-) == 0

   QTL 797: f(+) == 0.0005, f(-) == 0
         in p1: f(+) == 0, f(-) == 0
         in p2: f(+) == 0.001, f(-) == 0

   QTL 798: f(+) == 0, f(-) == 0.00375
         in p1: f(+) == 0, f(-) == 0.0075
         in p2: f(+) == 0, f(-) == 0

   QTL 799: f(+) == 0.011, f(-) == 0.03575
         in p1: f(+) == 0.013, f(-) == 0.0465
         in p2: f(+) == 0.009, f(-) == 0.025

   QTL 800: f(+) == 0.80625, f(-) == 0
         in p1: f(+) == 0.8395, f(-) == 0
         in p2: f(+) == 0.773, f(-) == 0

   QTL 802: f(+) == 0.0955, f(-) == 0.00175
         in p1: f(+) == 0.0805, f(-) == 0.0035
         in p2: f(+) == 0.1105, f(-) == 0

   QTL 805: f(+) == 0.00125, f(-) == 0
         in p1: f(+) == 0.0025, f(-) == 0
         in p2: f(+) == 0, f(-) == 0

   QTL 807: f(+) == 0, f(-) == 0.0055
         in p1: f(+) == 0, f(-) == 0.011
         in p2: f(+) == 0, f(-) == 0

   QTL 808: f(+) == 0.63775, f(-) == 0
         in p1: f(+) == 0.6425, f(-) == 0
         in p2: f(+) == 0.633, f(-) == 0

   QTL 810: f(+) == 0, f(-) == 0.02125
         in p1: f(+) == 0, f(-) == 0.0205
         in p2: f(+) == 0, f(-) == 0.022

   QTL 811: f(+) == 0, f(-) == 0.08625
         in p1: f(+) == 0, f(-) == 0.067
         in p2: f(+) == 0, f(-) == 0.1055

   QTL 813: f(+) == 0, f(-) == 0.734
         in p1: f(+) == 0, f(-) == 0.7005
         in p2: f(+) == 0, f(-) == 0.7675

   QTL 815: f(+) == 0, f(-) == 0.00225
         in p1: f(+) == 0, f(-) == 0.0005
         in p2: f(+) == 0, f(-) == 0.004

   QTL 816: f(+) == 0, f(-) == 0.0075
         in p1: f(+) == 0, f(-) == 0.014
         in p2: f(+) == 0, f(-) == 0.001

   QTL 820: f(+) == 0.17225, f(-) == 0
         in p1: f(+) == 0.1555, f(-) == 0
         in p2: f(+) == 0.189, f(-) == 0

   QTL 822: f(+) == 0.0005, f(-) == 0.03175
         in p1: f(+) == 0.001, f(-) == 0.058
         in p2: f(+) == 0, f(-) == 0.0055

   QTL 823: f(+) == 0.01075, f(-) == 0
         in p1: f(+) == 0, f(-) == 0
         in p2: f(+) == 0.0215, f(-) == 0

   QTL 828: f(+) == 0.0025, f(-) == 0.00025
         in p1: f(+) == 0.0035, f(-) == 0.0005
         in p2: f(+) == 0.0015, f(-) == 0

   QTL 829: f(+) == 0, f(-) == 0.07525
         in p1: f(+) == 0, f(-) == 0.075
         in p2: f(+) == 0, f(-) == 0.0755

   QTL 830: f(+) == 0, f(-) == 0.0025
         in p1: f(+) == 0, f(-) == 0
         in p2: f(+) == 0, f(-) == 0.005

   QTL 833: f(+) == 0.00225, f(-) == 0
         in p1: f(+) == 0, f(-) == 0
         in p2: f(+) == 0.0045, f(-) == 0

   QTL 834: f(+) == 0.003, f(-) == 0
         in p1: f(+) == 0, f(-) == 0
         in p2: f(+) == 0.006, f(-) == 0

   QTL 835: f(+) == 0, f(-) == 0.6625
         in p1: f(+) == 0, f(-) == 0.587
         in p2: f(+) == 0, f(-) == 0.738

   QTL 836: f(+) == 0.778, f(-) == 0
         in p1: f(+) == 0.7715, f(-) == 0
         in p2: f(+) == 0.7845, f(-) == 0

   QTL 842: f(+) == 0.00025, f(-) == 0.00025
         in p1: f(+) == 0, f(-) == 0
         in p2: f(+) == 0.0005, f(-) == 0.0005

   QTL 843: f(+) == 0, f(-) == 0.7615
         in p1: f(+) == 0, f(-) == 0.7335
         in p2: f(+) == 0, f(-) == 0.7895

   QTL 846: f(+) == 0.00025, f(-) == 0
         in p1: f(+) == 0, f(-) == 0
         in p2: f(+) == 0.0005, f(-) == 0

   QTL 847: f(+) == 0.02025, f(-) == 0
         in p1: f(+) == 0.0165, f(-) == 0
         in p2: f(+) == 0.024, f(-) == 0

   QTL 848: f(+) == 0, f(-) == 0.038
         in p1: f(+) == 0, f(-) == 0.0415
         in p2: f(+) == 0, f(-) == 0.0345

   QTL 850: f(+) == 0.00925, f(-) == 0.008
         in p1: f(+) == 0.012, f(-) == 0.001
         in p2: f(+) == 0.0065, f(-) == 0.015

   QTL 852: f(+) == 0.005, f(-) == 0.007
         in p1: f(+) == 0.009, f(-) == 0.0015
         in p2: f(+) == 0.001, f(-) == 0.0125

   QTL 854: f(+) == 0, f(-) == 0.00025
         in p1: f(+) == 0, f(-) == 0.0005
         in p2: f(+) == 0, f(-) == 0

   QTL 856: f(+) == 0.20225, f(-) == 0.0085
         in p1: f(+) == 0.276, f(-) == 0.011
         in p2: f(+) == 0.1285, f(-) == 0.006

   QTL 857: f(+) == 0, f(-) == 0.0005
         in p1: f(+) == 0, f(-) == 0.001
         in p2: f(+) == 0, f(-) == 0

   QTL 858: f(+) == 0.50975, f(-) == 0
         in p1: f(+) == 0.5075, f(-) == 0
         in p2: f(+) == 0.512, f(-) == 0

   QTL 859: f(+) == 0.07675, f(-) == 0.0015
         in p1: f(+) == 0.074, f(-) == 0.001
         in p2: f(+) == 0.0795, f(-) == 0.002

   QTL 862: f(+) == 0, f(-) == 0.0075
         in p1: f(+) == 0, f(-) == 0.0145
         in p2: f(+) == 0, f(-) == 0.0005

   QTL 863: f(+) == 0.01625, f(-) == 0
         in p1: f(+) == 0.014, f(-) == 0
         in p2: f(+) == 0.0185, f(-) == 0

   QTL 864: f(+) == 0.05775, f(-) == 0
         in p1: f(+) == 0.054, f(-) == 0
         in p2: f(+) == 0.0615, f(-) == 0

   QTL 867: f(+) == 0.02975, f(-) == 0
         in p1: f(+) == 0.0365, f(-) == 0
         in p2: f(+) == 0.023, f(-) == 0

   QTL 872: f(+) == 0, f(-) == 0.00675
         in p1: f(+) == 0, f(-) == 0.0035
         in p2: f(+) == 0, f(-) == 0.01

   QTL 874: f(+) == 0, f(-) == 0.18325
         in p1: f(+) == 0, f(-) == 0.1275
         in p2: f(+) == 0, f(-) == 0.239

   QTL 875: f(+) == 0.04075, f(-) == 0
         in p1: f(+) == 0.07, f(-) == 0
         in p2: f(+) == 0.0115, f(-) == 0

   QTL 877: f(+) == 0.55025, f(-) == 0.44975
         in p1: f(+) == 0.5865, f(-) == 0.4135
         in p2: f(+) == 0.514, f(-) == 0.486

   QTL 881: f(+) == 0, f(-) == 0.0035
         in p1: f(+) == 0, f(-) == 0.007
         in p2: f(+) == 0, f(-) == 0

   QTL 882: f(+) == 0.11875, f(-) == 0
         in p1: f(+) == 0.114, f(-) == 0
         in p2: f(+) == 0.1235, f(-) == 0

   QTL 883: f(+) == 0.00025, f(-) == 0
         in p1: f(+) == 0, f(-) == 0
         in p2: f(+) == 0.0005, f(-) == 0

   QTL 884: f(+) == 0.15575, f(-) == 0
         in p1: f(+) == 0.175, f(-) == 0
         in p2: f(+) == 0.1365, f(-) == 0

   QTL 887: f(+) == 0, f(-) == 0.00025
         in p1: f(+) == 0, f(-) == 0.0005
         in p2: f(+) == 0, f(-) == 0

   QTL 889: f(+) == 0, f(-) == 0.00025
         in p1: f(+) == 0, f(-) == 0.0005
         in p2: f(+) == 0, f(-) == 0

   QTL 890: f(+) == 0, f(-) == 0.3485
         in p1: f(+) == 0, f(-) == 0.3325
         in p2: f(+) == 0, f(-) == 0.3645

   QTL 891: f(+) == 0.00225, f(-) == 0
         in p1: f(+) == 0, f(-) == 0
         in p2: f(+) == 0.0045, f(-) == 0

   QTL 892: f(+) == 0.04225, f(-) == 0.002
         in p1: f(+) == 0.0615, f(-) == 0.004
         in p2: f(+) == 0.023, f(-) == 0

   QTL 893: f(+) == 0.091, f(-) == 0
         in p1: f(+) == 0.0695, f(-) == 0
         in p2: f(+) == 0.1125, f(-) == 0

   QTL 894: f(+) == 0.02175, f(-) == 0.0215
         in p1: f(+) == 0.011, f(-) == 0.0195
         in p2: f(+) == 0.0325, f(-) == 0.0235

   QTL 895: f(+) == 0.001, f(-) == 0.01
         in p1: f(+) == 0.002, f(-) == 0.019
         in p2: f(+) == 0, f(-) == 0.001

   QTL 896: f(+) == 0.0005, f(-) == 0
         in p1: f(+) == 0, f(-) == 0
         in p2: f(+) == 0.001, f(-) == 0

   QTL 900: f(+) == 0, f(-) == 0.30375
         in p1: f(+) == 0, f(-) == 0.328
         in p2: f(+) == 0, f(-) == 0.2795

   QTL 903: f(+) == 0.00175, f(-) == 0
         in p1: f(+) == 0, f(-) == 0
         in p2: f(+) == 0.0035, f(-) == 0

   QTL 905: f(+) == 0, f(-) == 0.00025
         in p1: f(+) == 0, f(-) == 0.0005
         in p2: f(+) == 0, f(-) == 0

   QTL 906: f(+) == 0.358, f(-) == 0
         in p1: f(+) == 0.4005, f(-) == 0
         in p2: f(+) == 0.3155, f(-) == 0

   QTL 907: f(+) == 0, f(-) == 0.007
         in p1: f(+) == 0, f(-) == 0.0025
         in p2: f(+) == 0, f(-) == 0.0115

   QTL 912: f(+) == 0, f(-) == 0.001
         in p1: f(+) == 0, f(-) == 0.002
         in p2: f(+) == 0, f(-) == 0

   QTL 917: f(+) == 0, f(-) == 0.7145
         in p1: f(+) == 0, f(-) == 0.66
         in p2: f(+) == 0, f(-) == 0.769

   QTL 918: f(+) == 0.00125, f(-) == 0
         in p1: f(+) == 0.0025, f(-) == 0
         in p2: f(+) == 0, f(-) == 0

   QTL 927: f(+) == 0.00025, f(-) == 0
         in p1: f(+) == 0.0005, f(-) == 0
         in p2: f(+) == 0, f(-) == 0

   QTL 928: f(+) == 0.009, f(-) == 0
         in p1: f(+) == 0.016, f(-) == 0
         in p2: f(+) == 0.002, f(-) == 0

   QTL 930: f(+) == 0.00025, f(-) == 0
         in p1: f(+) == 0, f(-) == 0
         in p2: f(+) == 0.0005, f(-) == 0

   QTL 932: f(+) == 0.00325, f(-) == 0.003
         in p1: f(+) == 0.0015, f(-) == 0.0005
         in p2: f(+) == 0.005, f(-) == 0.0055

   QTL 938: f(+) == 0.05225, f(-) == 0.133
         in p1: f(+) == 0.059, f(-) == 0.0935
         in p2: f(+) == 0.0455, f(-) == 0.1725

   QTL 939: f(+) == 0.0005, f(-) == 0
         in p1: f(+) == 0.001, f(-) == 0
         in p2: f(+) == 0, f(-) == 0

   QTL 940: f(+) == 0.01175, f(-) == 0.028
         in p1: f(+) == 0.0105, f(-) == 0.0405
         in p2: f(+) == 0.013, f(-) == 0.0155

   QTL 944: f(+) == 0.002, f(-) == 0
         in p1: f(+) == 0.004, f(-) == 0
         in p2: f(+) == 0, f(-) == 0

   QTL 946: f(+) == 0, f(-) == 0.021
         in p1: f(+) == 0, f(-) == 0.004
         in p2: f(+) == 0, f(-) == 0.038

   QTL 947: f(+) == 0, f(-) == 0.02175
         in p1: f(+) == 0, f(-) == 0.0285
         in p2: f(+) == 0, f(-) == 0.015

   QTL 949: f(+) == 0.00675, f(-) == 0
         in p1: f(+) == 0.0135, f(-) == 0
         in p2: f(+) == 0, f(-) == 0

   QTL 950: f(+) == 0.00025, f(-) == 0
         in p1: f(+) == 0, f(-) == 0
         in p2: f(+) == 0.0005, f(-) == 0

   QTL 951: f(+) == 0, f(-) == 0.03525
         in p1: f(+) == 0, f(-) == 0.0285
         in p2: f(+) == 0, f(-) == 0.042

   QTL 954: f(+) == 0, f(-) == 0.021
         in p1: f(+) == 0, f(-) == 0.0095
         in p2: f(+) == 0, f(-) == 0.0325

   QTL 955: f(+) == 0.00025, f(-) == 0
         in p1: f(+) == 0, f(-) == 0
         in p2: f(+) == 0.0005, f(-) == 0

   QTL 958: f(+) == 0.16975, f(-) == 0
         in p1: f(+) == 0.21, f(-) == 0
         in p2: f(+) == 0.1295, f(-) == 0

   QTL 962: f(+) == 0, f(-) == 0.0555
         in p1: f(+) == 0, f(-) == 0.0525
         in p2: f(+) == 0, f(-) == 0.0585

   QTL 963: f(+) == 0.702, f(-) == 0
         in p1: f(+) == 0.6995, f(-) == 0
         in p2: f(+) == 0.7045, f(-) == 0

   QTL 965: f(+) == 0.08725, f(-) == 0
         in p1: f(+) == 0.094, f(-) == 0
         in p2: f(+) == 0.0805, f(-) == 0

   QTL 966: f(+) == 0.059, f(-) == 0.1865
         in p1: f(+) == 0.042, f(-) == 0.163
         in p2: f(+) == 0.076, f(-) == 0.21

   QTL 968: f(+) == 0.02075, f(-) == 0.7455
         in p1: f(+) == 0.0315, f(-) == 0.7285
         in p2: f(+) == 0.01, f(-) == 0.7625

   QTL 969: f(+) == 0.00175, f(-) == 0.4155
         in p1: f(+) == 0.0035, f(-) == 0.3755
         in p2: f(+) == 0, f(-) == 0.4555

   QTL 971: f(+) == 0.00025, f(-) == 0
         in p1: f(+) == 0.0005, f(-) == 0
         in p2: f(+) == 0, f(-) == 0

   QTL 974: f(+) == 0, f(-) == 0.027
         in p1: f(+) == 0, f(-) == 0.053
         in p2: f(+) == 0, f(-) == 0.001

   QTL 975: f(+) == 0.00075, f(-) == 0
         in p1: f(+) == 0, f(-) == 0
         in p2: f(+) == 0.0015, f(-) == 0

   QTL 976: f(+) == 0.0015, f(-) == 0
         in p1: f(+) == 0, f(-) == 0
         in p2: f(+) == 0.003, f(-) == 0

   QTL 978: f(+) == 0.92375, f(-) == 0
         in p1: f(+) == 0.8955, f(-) == 0
         in p2: f(+) == 0.952, f(-) == 0

   QTL 979: f(+) == 0.748, f(-) == 0
         in p1: f(+) == 0.7355, f(-) == 0
         in p2: f(+) == 0.7605, f(-) == 0

   QTL 980: f(+) == 0.21925, f(-) == 0.23875
         in p1: f(+) == 0.2965, f(-) == 0.18
         in p2: f(+) == 0.142, f(-) == 0.2975

   QTL 981: f(+) == 0.01625, f(-) == 0.0125
         in p1: f(+) == 0.008, f(-) == 0.016
         in p2: f(+) == 0.0245, f(-) == 0.009

   QTL 982: f(+) == 0.05125, f(-) == 0
         in p1: f(+) == 0.073, f(-) == 0
         in p2: f(+) == 0.0295, f(-) == 0

   QTL 985: f(+) == 0.00125, f(-) == 0
         in p1: f(+) == 0.0025, f(-) == 0
         in p2: f(+) == 0, f(-) == 0

   QTL 986: f(+) == 0.0185, f(-) == 0
         in p1: f(+) == 0.0185, f(-) == 0
         in p2: f(+) == 0.0185, f(-) == 0

   QTL 988: f(+) == 0, f(-) == 0.31925
         in p1: f(+) == 0, f(-) == 0.3
         in p2: f(+) == 0, f(-) == 0.3385

   QTL 989: f(+) == 0.01325, f(-) == 0.002
         in p1: f(+) == 0.011, f(-) == 0.0035
         in p2: f(+) == 0.0155, f(-) == 0.0005

   QTL 991: f(+) == 0, f(-) == 0.00025
         in p1: f(+) == 0, f(-) == 0.0005
         in p2: f(+) == 0, f(-) == 0

   QTL 992: f(+) == 0.00025, f(-) == 0.39325
         in p1: f(+) == 0, f(-) == 0.3775
         in p2: f(+) == 0.0005, f(-) == 0.409

   QTL 993: f(+) == 0, f(-) == 0.70225
         in p1: f(+) == 0, f(-) == 0.6695
         in p2: f(+) == 0, f(-) == 0.735

   QTL 994: f(+) == 0.1915, f(-) == 0.0015
         in p1: f(+) == 0.2565, f(-) == 0.003
         in p2: f(+) == 0.1265, f(-) == 0

   QTL 997: f(+) == 0, f(-) == 0.0045
         in p1: f(+) == 0, f(-) == 0.001
         in p2: f(+) == 0, f(-) == 0.008

elapsed: 7:01.93 / kernel: 0.10 / user: 422.07 / mem: 55560
Done!
