Task ID  - seed 023169
Parameters for SLiM run:
  -s 023169 MyRecipe1_3.E
// Initial random seed:
23169

// RunInitializeCallbacks():
initializeMutationRate(1e-05);
initializeMutationType(1, 0.5, "s", "if (runif(1) < 0.5) -1; else 1;");
initializeGenomicElementType(1, m1, 1);
initializeGenomicElement(g1, 0, 999);
initializeRecombinationRate(0.001);

// Starting run at generation <start>:
1 

DATA:
1.00002
p1 mean fitness = 1
p2 mean fitness = 1
p1 mean phenotype = 0.148
p2 mean phenotype = 0.462

Overall frequencies:

Generation: 1
   QTL 0: f(+) == 0, f(-) == 0
         in p1: f(+) == 0, f(-) == 0
         in p2: f(+) == 0, f(-) == 0

   QTL 4: f(+) == 0.00025, f(-) == 0
         in p1: f(+) == 0.0005, f(-) == 0
         in p2: f(+) == 0, f(-) == 0

   QTL 15: f(+) == 0.50125, f(-) == 0.49875
         in p1: f(+) == 0.501, f(-) == 0.499
         in p2: f(+) == 0.5015, f(-) == 0.4985

   QTL 24: f(+) == 0.00025, f(-) == 0.00025
         in p1: f(+) == 0, f(-) == 0
         in p2: f(+) == 0.0005, f(-) == 0.0005

   QTL 35: f(+) == 0.50075, f(-) == 0.49925
         in p1: f(+) == 0.5035, f(-) == 0.4965
         in p2: f(+) == 0.498, f(-) == 0.502

   QTL 38: f(+) == 0, f(-) == 0.00025
         in p1: f(+) == 0, f(-) == 0.0005
         in p2: f(+) == 0, f(-) == 0

   QTL 40: f(+) == 0, f(-) == 0.00025
         in p1: f(+) == 0, f(-) == 0
         in p2: f(+) == 0, f(-) == 0.0005

   QTL 52: f(+) == 0.50275, f(-) == 0.49725
         in p1: f(+) == 0.4935, f(-) == 0.5065
         in p2: f(+) == 0.512, f(-) == 0.488

   QTL 60: f(+) == 0.00025, f(-) == 0
         in p1: f(+) == 0, f(-) == 0
         in p2: f(+) == 0.0005, f(-) == 0

   QTL 70: f(+) == 0, f(-) == 0.00025
         in p1: f(+) == 0, f(-) == 0.0005
         in p2: f(+) == 0, f(-) == 0

   QTL 75: f(+) == 0.502, f(-) == 0.498
         in p1: f(+) == 0.493, f(-) == 0.507
         in p2: f(+) == 0.511, f(-) == 0.489

   QTL 77: f(+) == 0, f(-) == 0.00025
         in p1: f(+) == 0, f(-) == 0
         in p2: f(+) == 0, f(-) == 0.0005

   QTL 80: f(+) == 0.50475, f(-) == 0.49525
         in p1: f(+) == 0.503, f(-) == 0.497
         in p2: f(+) == 0.5065, f(-) == 0.4935

   QTL 82: f(+) == 0, f(-) == 0.00025
         in p1: f(+) == 0, f(-) == 0
         in p2: f(+) == 0, f(-) == 0.0005

   QTL 93: f(+) == 0.512, f(-) == 0.488
         in p1: f(+) == 0.4935, f(-) == 0.5065
         in p2: f(+) == 0.5305, f(-) == 0.4695

   QTL 97: f(+) == 0.5015, f(-) == 0.4985
         in p1: f(+) == 0.5055, f(-) == 0.4945
         in p2: f(+) == 0.4975, f(-) == 0.5025

   QTL 98: f(+) == 0.50425, f(-) == 0.49575
         in p1: f(+) == 0.5135, f(-) == 0.4865
         in p2: f(+) == 0.495, f(-) == 0.505

   QTL 112: f(+) == 0.51375, f(-) == 0.48625
         in p1: f(+) == 0.491, f(-) == 0.509
         in p2: f(+) == 0.5365, f(-) == 0.4635

   QTL 113: f(+) == 0.48625, f(-) == 0.51375
         in p1: f(+) == 0.4935, f(-) == 0.5065
         in p2: f(+) == 0.479, f(-) == 0.521

   QTL 114: f(+) == 0, f(-) == 0.00025
         in p1: f(+) == 0, f(-) == 0
         in p2: f(+) == 0, f(-) == 0.0005

   QTL 126: f(+) == 0.49475, f(-) == 0.50525
         in p1: f(+) == 0.5125, f(-) == 0.4875
         in p2: f(+) == 0.477, f(-) == 0.523

   QTL 151: f(+) == 0.498, f(-) == 0.502
         in p1: f(+) == 0.5055, f(-) == 0.4945
         in p2: f(+) == 0.4905, f(-) == 0.5095

   QTL 168: f(+) == 0, f(-) == 0.00025
         in p1: f(+) == 0, f(-) == 0.0005
         in p2: f(+) == 0, f(-) == 0

   QTL 170: f(+) == 0.51175, f(-) == 0.48825
         in p1: f(+) == 0.5235, f(-) == 0.4765
         in p2: f(+) == 0.5, f(-) == 0.5

   QTL 191: f(+) == 0.5025, f(-) == 0.4975
         in p1: f(+) == 0.4955, f(-) == 0.5045
         in p2: f(+) == 0.5095, f(-) == 0.4905

   QTL 192: f(+) == 0.50125, f(-) == 0.49875
         in p1: f(+) == 0.508, f(-) == 0.492
         in p2: f(+) == 0.4945, f(-) == 0.5055

   QTL 202: f(+) == 0.50225, f(-) == 0.49775
         in p1: f(+) == 0.503, f(-) == 0.497
         in p2: f(+) == 0.5015, f(-) == 0.4985

   QTL 204: f(+) == 0.4915, f(-) == 0.5085
         in p1: f(+) == 0.4855, f(-) == 0.5145
         in p2: f(+) == 0.4975, f(-) == 0.5025

   QTL 206: f(+) == 0.4925, f(-) == 0.5075
         in p1: f(+) == 0.5015, f(-) == 0.4985
         in p2: f(+) == 0.4835, f(-) == 0.5165

   QTL 213: f(+) == 0.00025, f(-) == 0
         in p1: f(+) == 0.0005, f(-) == 0
         in p2: f(+) == 0, f(-) == 0

   QTL 220: f(+) == 0.50075, f(-) == 0.49925
         in p1: f(+) == 0.487, f(-) == 0.513
         in p2: f(+) == 0.5145, f(-) == 0.4855

   QTL 223: f(+) == 0.00025, f(-) == 0
         in p1: f(+) == 0.0005, f(-) == 0
         in p2: f(+) == 0, f(-) == 0

   QTL 230: f(+) == 0.49625, f(-) == 0.50375
         in p1: f(+) == 0.497, f(-) == 0.503
         in p2: f(+) == 0.4955, f(-) == 0.5045

   QTL 237: f(+) == 0.494, f(-) == 0.506
         in p1: f(+) == 0.4975, f(-) == 0.5025
         in p2: f(+) == 0.4905, f(-) == 0.5095

   QTL 246: f(+) == 0.488, f(-) == 0.512
         in p1: f(+) == 0.489, f(-) == 0.511
         in p2: f(+) == 0.487, f(-) == 0.513

   QTL 250: f(+) == 0.5035, f(-) == 0.4965
         in p1: f(+) == 0.511, f(-) == 0.489
         in p2: f(+) == 0.496, f(-) == 0.504

   QTL 269: f(+) == 0.49525, f(-) == 0.50475
         in p1: f(+) == 0.493, f(-) == 0.507
         in p2: f(+) == 0.4975, f(-) == 0.5025

   QTL 270: f(+) == 0.49375, f(-) == 0.50625
         in p1: f(+) == 0.4885, f(-) == 0.5115
         in p2: f(+) == 0.499, f(-) == 0.501

   QTL 280: f(+) == 0, f(-) == 0.00025
         in p1: f(+) == 0, f(-) == 0.0005
         in p2: f(+) == 0, f(-) == 0

   QTL 320: f(+) == 0.4965, f(-) == 0.5035
         in p1: f(+) == 0.4995, f(-) == 0.5005
         in p2: f(+) == 0.4935, f(-) == 0.5065

   QTL 325: f(+) == 0.5075, f(-) == 0.4925
         in p1: f(+) == 0.509, f(-) == 0.491
         in p2: f(+) == 0.506, f(-) == 0.494

   QTL 326: f(+) == 0.4855, f(-) == 0.5145
         in p1: f(+) == 0.4885, f(-) == 0.5115
         in p2: f(+) == 0.4825, f(-) == 0.5175

   QTL 333: f(+) == 0.5045, f(-) == 0.4955
         in p1: f(+) == 0.5025, f(-) == 0.4975
         in p2: f(+) == 0.5065, f(-) == 0.4935

   QTL 336: f(+) == 0.5045, f(-) == 0.4955
         in p1: f(+) == 0.4975, f(-) == 0.5025
         in p2: f(+) == 0.5115, f(-) == 0.4885

   QTL 341: f(+) == 0.49925, f(-) == 0.50075
         in p1: f(+) == 0.496, f(-) == 0.504
         in p2: f(+) == 0.5025, f(-) == 0.4975

   QTL 347: f(+) == 0.504, f(-) == 0.496
         in p1: f(+) == 0.517, f(-) == 0.483
         in p2: f(+) == 0.491, f(-) == 0.509

   QTL 381: f(+) == 0.50825, f(-) == 0.49175
         in p1: f(+) == 0.514, f(-) == 0.486
         in p2: f(+) == 0.5025, f(-) == 0.4975

   QTL 386: f(+) == 0.509, f(-) == 0.491
         in p1: f(+) == 0.511, f(-) == 0.489
         in p2: f(+) == 0.507, f(-) == 0.493

   QTL 393: f(+) == 0.49525, f(-) == 0.50475
         in p1: f(+) == 0.495, f(-) == 0.505
         in p2: f(+) == 0.4955, f(-) == 0.5045

   QTL 394: f(+) == 0, f(-) == 0.00025
         in p1: f(+) == 0, f(-) == 0.0005
         in p2: f(+) == 0, f(-) == 0

   QTL 400: f(+) == 0.00025, f(-) == 0
         in p1: f(+) == 0, f(-) == 0
         in p2: f(+) == 0.0005, f(-) == 0

   QTL 402: f(+) == 0.50875, f(-) == 0.49125
         in p1: f(+) == 0.5105, f(-) == 0.4895
         in p2: f(+) == 0.507, f(-) == 0.493

   QTL 406: f(+) == 0.4955, f(-) == 0.5045
         in p1: f(+) == 0.4915, f(-) == 0.5085
         in p2: f(+) == 0.4995, f(-) == 0.5005

   QTL 410: f(+) == 0.50075, f(-) == 0.49925
         in p1: f(+) == 0.488, f(-) == 0.512
         in p2: f(+) == 0.5135, f(-) == 0.4865

   QTL 412: f(+) == 0.504, f(-) == 0.496
         in p1: f(+) == 0.503, f(-) == 0.497
         in p2: f(+) == 0.505, f(-) == 0.495

   QTL 414: f(+) == 0.00025, f(-) == 0
         in p1: f(+) == 0.0005, f(-) == 0
         in p2: f(+) == 0, f(-) == 0

   QTL 415: f(+) == 0.5105, f(-) == 0.4895
         in p1: f(+) == 0.511, f(-) == 0.489
         in p2: f(+) == 0.51, f(-) == 0.49

   QTL 419: f(+) == 0.51125, f(-) == 0.48875
         in p1: f(+) == 0.51, f(-) == 0.49
         in p2: f(+) == 0.5125, f(-) == 0.4875

   QTL 420: f(+) == 0.49825, f(-) == 0.50175
         in p1: f(+) == 0.497, f(-) == 0.503
         in p2: f(+) == 0.4995, f(-) == 0.5005

   QTL 424: f(+) == 0.4955, f(-) == 0.5045
         in p1: f(+) == 0.4865, f(-) == 0.5135
         in p2: f(+) == 0.5045, f(-) == 0.4955

   QTL 427: f(+) == 0.4975, f(-) == 0.5025
         in p1: f(+) == 0.5095, f(-) == 0.4905
         in p2: f(+) == 0.4855, f(-) == 0.5145

   QTL 430: f(+) == 0.50025, f(-) == 0.49975
         in p1: f(+) == 0.5065, f(-) == 0.4935
         in p2: f(+) == 0.494, f(-) == 0.506

   QTL 448: f(+) == 0.497, f(-) == 0.503
         in p1: f(+) == 0.5125, f(-) == 0.4875
         in p2: f(+) == 0.4815, f(-) == 0.5185

   QTL 451: f(+) == 0.5225, f(-) == 0.4775
         in p1: f(+) == 0.5265, f(-) == 0.4735
         in p2: f(+) == 0.5185, f(-) == 0.4815

   QTL 457: f(+) == 0.00025, f(-) == 0
         in p1: f(+) == 0.0005, f(-) == 0
         in p2: f(+) == 0, f(-) == 0

   QTL 465: f(+) == 0.51275, f(-) == 0.48725
         in p1: f(+) == 0.526, f(-) == 0.474
         in p2: f(+) == 0.4995, f(-) == 0.5005

   QTL 467: f(+) == 0.00025, f(-) == 0
         in p1: f(+) == 0, f(-) == 0
         in p2: f(+) == 0.0005, f(-) == 0

   QTL 474: f(+) == 0.51, f(-) == 0.49
         in p1: f(+) == 0.509, f(-) == 0.491
         in p2: f(+) == 0.511, f(-) == 0.489

   QTL 479: f(+) == 0.503, f(-) == 0.497
         in p1: f(+) == 0.505, f(-) == 0.495
         in p2: f(+) == 0.501, f(-) == 0.499

   QTL 501: f(+) == 0.5075, f(-) == 0.4925
         in p1: f(+) == 0.494, f(-) == 0.506
         in p2: f(+) == 0.521, f(-) == 0.479

   QTL 512: f(+) == 0.50075, f(-) == 0.49925
         in p1: f(+) == 0.5035, f(-) == 0.4965
         in p2: f(+) == 0.498, f(-) == 0.502

   QTL 539: f(+) == 0.49925, f(-) == 0.50075
         in p1: f(+) == 0.4865, f(-) == 0.5135
         in p2: f(+) == 0.512, f(-) == 0.488

   QTL 541: f(+) == 0.49475, f(-) == 0.50525
         in p1: f(+) == 0.493, f(-) == 0.507
         in p2: f(+) == 0.4965, f(-) == 0.5035

   QTL 548: f(+) == 0.51025, f(-) == 0.48975
         in p1: f(+) == 0.506, f(-) == 0.494
         in p2: f(+) == 0.5145, f(-) == 0.4855

   QTL 551: f(+) == 0.50825, f(-) == 0.49175
         in p1: f(+) == 0.5185, f(-) == 0.4815
         in p2: f(+) == 0.498, f(-) == 0.502

   QTL 552: f(+) == 0.488, f(-) == 0.512
         in p1: f(+) == 0.468, f(-) == 0.532
         in p2: f(+) == 0.508, f(-) == 0.492

   QTL 557: f(+) == 0, f(-) == 0.00025
         in p1: f(+) == 0, f(-) == 0
         in p2: f(+) == 0, f(-) == 0.0005

   QTL 570: f(+) == 0.5025, f(-) == 0.4975
         in p1: f(+) == 0.495, f(-) == 0.505
         in p2: f(+) == 0.51, f(-) == 0.49

   QTL 572: f(+) == 0, f(-) == 0.00025
         in p1: f(+) == 0, f(-) == 0.0005
         in p2: f(+) == 0, f(-) == 0

   QTL 577: f(+) == 0.4945, f(-) == 0.5055
         in p1: f(+) == 0.486, f(-) == 0.514
         in p2: f(+) == 0.503, f(-) == 0.497

   QTL 589: f(+) == 0, f(-) == 0.00025
         in p1: f(+) == 0, f(-) == 0
         in p2: f(+) == 0, f(-) == 0.0005

   QTL 597: f(+) == 0, f(-) == 0.00025
         in p1: f(+) == 0, f(-) == 0.0005
         in p2: f(+) == 0, f(-) == 0

   QTL 599: f(+) == 0.495, f(-) == 0.505
         in p1: f(+) == 0.495, f(-) == 0.505
         in p2: f(+) == 0.495, f(-) == 0.505

   QTL 604: f(+) == 0.49875, f(-) == 0.50125
         in p1: f(+) == 0.5, f(-) == 0.5
         in p2: f(+) == 0.4975, f(-) == 0.5025

   QTL 611: f(+) == 0, f(-) == 0.00025
         in p1: f(+) == 0, f(-) == 0
         in p2: f(+) == 0, f(-) == 0.0005

   QTL 612: f(+) == 0.482, f(-) == 0.518
         in p1: f(+) == 0.4895, f(-) == 0.5105
         in p2: f(+) == 0.4745, f(-) == 0.5255

   QTL 619: f(+) == 0.4885, f(-) == 0.5115
         in p1: f(+) == 0.4815, f(-) == 0.5185
         in p2: f(+) == 0.4955, f(-) == 0.5045

   QTL 633: f(+) == 0.51475, f(-) == 0.48525
         in p1: f(+) == 0.507, f(-) == 0.493
         in p2: f(+) == 0.5225, f(-) == 0.4775

   QTL 639: f(+) == 0.00025, f(-) == 0
         in p1: f(+) == 0.0005, f(-) == 0
         in p2: f(+) == 0, f(-) == 0

   QTL 640: f(+) == 0.518, f(-) == 0.482
         in p1: f(+) == 0.522, f(-) == 0.478
         in p2: f(+) == 0.514, f(-) == 0.486

   QTL 644: f(+) == 0.49225, f(-) == 0.50775
         in p1: f(+) == 0.491, f(-) == 0.509
         in p2: f(+) == 0.4935, f(-) == 0.5065

   QTL 647: f(+) == 0.00025, f(-) == 0
         in p1: f(+) == 0, f(-) == 0
         in p2: f(+) == 0.0005, f(-) == 0

   QTL 648: f(+) == 0.49225, f(-) == 0.50775
         in p1: f(+) == 0.489, f(-) == 0.511
         in p2: f(+) == 0.4955, f(-) == 0.5045

   QTL 657: f(+) == 0.5055, f(-) == 0.4945
         in p1: f(+) == 0.5155, f(-) == 0.4845
         in p2: f(+) == 0.4955, f(-) == 0.5045

   QTL 660: f(+) == 0.00025, f(-) == 0
         in p1: f(+) == 0.0005, f(-) == 0
         in p2: f(+) == 0, f(-) == 0

   QTL 661: f(+) == 0.49425, f(-) == 0.50575
         in p1: f(+) == 0.478, f(-) == 0.522
         in p2: f(+) == 0.5105, f(-) == 0.4895

   QTL 670: f(+) == 0.492, f(-) == 0.508
         in p1: f(+) == 0.495, f(-) == 0.505
         in p2: f(+) == 0.489, f(-) == 0.511

   QTL 673: f(+) == 0.503, f(-) == 0.497
         in p1: f(+) == 0.4975, f(-) == 0.5025
         in p2: f(+) == 0.5085, f(-) == 0.4915

   QTL 680: f(+) == 0.48925, f(-) == 0.51075
         in p1: f(+) == 0.4955, f(-) == 0.5045
         in p2: f(+) == 0.483, f(-) == 0.517

   QTL 688: f(+) == 0.00025, f(-) == 0
         in p1: f(+) == 0.0005, f(-) == 0
         in p2: f(+) == 0, f(-) == 0

   QTL 711: f(+) == 0.4925, f(-) == 0.5075
         in p1: f(+) == 0.4865, f(-) == 0.5135
         in p2: f(+) == 0.4985, f(-) == 0.5015

   QTL 713: f(+) == 0.48675, f(-) == 0.51325
         in p1: f(+) == 0.4885, f(-) == 0.5115
         in p2: f(+) == 0.485, f(-) == 0.515

   QTL 717: f(+) == 0.00025, f(-) == 0
         in p1: f(+) == 0.0005, f(-) == 0
         in p2: f(+) == 0, f(-) == 0

   QTL 720: f(+) == 0.50075, f(-) == 0.49925
         in p1: f(+) == 0.503, f(-) == 0.497
         in p2: f(+) == 0.4985, f(-) == 0.5015

   QTL 753: f(+) == 0.4995, f(-) == 0.5005
         in p1: f(+) == 0.4915, f(-) == 0.5085
         in p2: f(+) == 0.5075, f(-) == 0.4925

   QTL 755: f(+) == 0.00025, f(-) == 0
         in p1: f(+) == 0.0005, f(-) == 0
         in p2: f(+) == 0, f(-) == 0

   QTL 756: f(+) == 0, f(-) == 0.00025
         in p1: f(+) == 0, f(-) == 0
         in p2: f(+) == 0, f(-) == 0.0005

   QTL 762: f(+) == 0.4915, f(-) == 0.5085
         in p1: f(+) == 0.498, f(-) == 0.502
         in p2: f(+) == 0.485, f(-) == 0.515

   QTL 763: f(+) == 0.50625, f(-) == 0.49375
         in p1: f(+) == 0.5085, f(-) == 0.4915
         in p2: f(+) == 0.504, f(-) == 0.496

   QTL 769: f(+) == 0.508, f(-) == 0.492
         in p1: f(+) == 0.4905, f(-) == 0.5095
         in p2: f(+) == 0.5255, f(-) == 0.4745

   QTL 773: f(+) == 0.49875, f(-) == 0.50125
         in p1: f(+) == 0.506, f(-) == 0.494
         in p2: f(+) == 0.4915, f(-) == 0.5085

   QTL 783: f(+) == 0.5115, f(-) == 0.4885
         in p1: f(+) == 0.5015, f(-) == 0.4985
         in p2: f(+) == 0.5215, f(-) == 0.4785

   QTL 788: f(+) == 0.49175, f(-) == 0.50825
         in p1: f(+) == 0.4925, f(-) == 0.5075
         in p2: f(+) == 0.491, f(-) == 0.509

   QTL 789: f(+) == 0.49625, f(-) == 0.50375
         in p1: f(+) == 0.5085, f(-) == 0.4915
         in p2: f(+) == 0.484, f(-) == 0.516

   QTL 798: f(+) == 0.49175, f(-) == 0.50825
         in p1: f(+) == 0.4935, f(-) == 0.5065
         in p2: f(+) == 0.49, f(-) == 0.51

   QTL 807: f(+) == 0.4975, f(-) == 0.5025
         in p1: f(+) == 0.4935, f(-) == 0.5065
         in p2: f(+) == 0.5015, f(-) == 0.4985

   QTL 812: f(+) == 0.4985, f(-) == 0.5015
         in p1: f(+) == 0.505, f(-) == 0.495
         in p2: f(+) == 0.492, f(-) == 0.508

   QTL 815: f(+) == 0.516, f(-) == 0.484
         in p1: f(+) == 0.5165, f(-) == 0.4835
         in p2: f(+) == 0.5155, f(-) == 0.4845

   QTL 825: f(+) == 0.00025, f(-) == 0
         in p1: f(+) == 0, f(-) == 0
         in p2: f(+) == 0.0005, f(-) == 0

   QTL 828: f(+) == 0.49725, f(-) == 0.50275
         in p1: f(+) == 0.49, f(-) == 0.51
         in p2: f(+) == 0.5045, f(-) == 0.4955

   QTL 840: f(+) == 0.5005, f(-) == 0.4995
         in p1: f(+) == 0.506, f(-) == 0.494
         in p2: f(+) == 0.495, f(-) == 0.505

   QTL 851: f(+) == 0, f(-) == 0.00025
         in p1: f(+) == 0, f(-) == 0
         in p2: f(+) == 0, f(-) == 0.0005

   QTL 857: f(+) == 0.5, f(-) == 0.5
         in p1: f(+) == 0.4885, f(-) == 0.5115
         in p2: f(+) == 0.5115, f(-) == 0.4885

   QTL 862: f(+) == 0, f(-) == 0.00025
         in p1: f(+) == 0, f(-) == 0.0005
         in p2: f(+) == 0, f(-) == 0

   QTL 863: f(+) == 0.4965, f(-) == 0.5035
         in p1: f(+) == 0.4855, f(-) == 0.5145
         in p2: f(+) == 0.5075, f(-) == 0.4925

   QTL 869: f(+) == 0.00025, f(-) == 0
         in p1: f(+) == 0, f(-) == 0
         in p2: f(+) == 0.0005, f(-) == 0

   QTL 870: f(+) == 0.4935, f(-) == 0.5065
         in p1: f(+) == 0.505, f(-) == 0.495
         in p2: f(+) == 0.482, f(-) == 0.518

   QTL 875: f(+) == 0.517, f(-) == 0.483
         in p1: f(+) == 0.526, f(-) == 0.474
         in p2: f(+) == 0.508, f(-) == 0.492

   QTL 880: f(+) == 0.4985, f(-) == 0.5015
         in p1: f(+) == 0.502, f(-) == 0.498
         in p2: f(+) == 0.495, f(-) == 0.505

   QTL 889: f(+) == 0.50625, f(-) == 0.49375
         in p1: f(+) == 0.5075, f(-) == 0.4925
         in p2: f(+) == 0.505, f(-) == 0.495

   QTL 896: f(+) == 0.501, f(-) == 0.499
         in p1: f(+) == 0.502, f(-) == 0.498
         in p2: f(+) == 0.5, f(-) == 0.5

   QTL 906: f(+) == 0.495, f(-) == 0.505
         in p1: f(+) == 0.5065, f(-) == 0.4935
         in p2: f(+) == 0.4835, f(-) == 0.5165

   QTL 915: f(+) == 0.5155, f(-) == 0.4845
         in p1: f(+) == 0.499, f(-) == 0.501
         in p2: f(+) == 0.532, f(-) == 0.468

   QTL 919: f(+) == 0, f(-) == 0.00025
         in p1: f(+) == 0, f(-) == 0
         in p2: f(+) == 0, f(-) == 0.0005

   QTL 927: f(+) == 0.52225, f(-) == 0.47775
         in p1: f(+) == 0.528, f(-) == 0.472
         in p2: f(+) == 0.5165, f(-) == 0.4835

   QTL 933: f(+) == 0.4875, f(-) == 0.5125
         in p1: f(+) == 0.4915, f(-) == 0.5085
         in p2: f(+) == 0.4835, f(-) == 0.5165

   QTL 945: f(+) == 0.4825, f(-) == 0.5175
         in p1: f(+) == 0.483, f(-) == 0.517
         in p2: f(+) == 0.482, f(-) == 0.518

   QTL 952: f(+) == 0.50675, f(-) == 0.49325
         in p1: f(+) == 0.5085, f(-) == 0.4915
         in p2: f(+) == 0.505, f(-) == 0.495

   QTL 955: f(+) == 0.50125, f(-) == 0.49875
         in p1: f(+) == 0.491, f(-) == 0.509
         in p2: f(+) == 0.5115, f(-) == 0.4885

   QTL 967: f(+) == 0, f(-) == 0.00025
         in p1: f(+) == 0, f(-) == 0.0005
         in p2: f(+) == 0, f(-) == 0

   QTL 980: f(+) == 0, f(-) == 0.00025
         in p1: f(+) == 0, f(-) == 0.0005
         in p2: f(+) == 0, f(-) == 0

   QTL 984: f(+) == 0.506, f(-) == 0.494
         in p1: f(+) == 0.493, f(-) == 0.507
         in p2: f(+) == 0.519, f(-) == 0.481

   QTL 987: f(+) == 0.50425, f(-) == 0.49575
         in p1: f(+) == 0.4995, f(-) == 0.5005
         in p2: f(+) == 0.509, f(-) == 0.491

   QTL 997: f(+) == 0.50975, f(-) == 0.49025
         in p1: f(+) == 0.5225, f(-) == 0.4775
         in p2: f(+) == 0.497, f(-) == 0.503

p1 mean fitness = 1.0329
p2 mean fitness = 1.03883
p1 mean phenotype = 3.955
p2 mean phenotype = -7.505

Overall frequencies:

Generation: 40001
   QTL 0: f(+) == 0.15375, f(-) == 0
         in p1: f(+) == 0.196, f(-) == 0
         in p2: f(+) == 0.1115, f(-) == 0

   QTL 0: f(+) == 0.15375, f(-) == 0
         in p1: f(+) == 0.196, f(-) == 0
         in p2: f(+) == 0.1115, f(-) == 0

   QTL 1: f(+) == 0.01, f(-) == 0
         in p1: f(+) == 0.017, f(-) == 0
         in p2: f(+) == 0.003, f(-) == 0

   QTL 4: f(+) == 0.00025, f(-) == 0.0185
         in p1: f(+) == 0.0005, f(-) == 0.0315
         in p2: f(+) == 0, f(-) == 0.0055

   QTL 5: f(+) == 0.0015, f(-) == 0
         in p1: f(+) == 0.002, f(-) == 0
         in p2: f(+) == 0.001, f(-) == 0

   QTL 8: f(+) == 0.0465, f(-) == 0.00075
         in p1: f(+) == 0.048, f(-) == 0
         in p2: f(+) == 0.045, f(-) == 0.0015

   QTL 10: f(+) == 0, f(-) == 0.25675
         in p1: f(+) == 0, f(-) == 0.2405
         in p2: f(+) == 0, f(-) == 0.273

   QTL 14: f(+) == 0.05375, f(-) == 0
         in p1: f(+) == 0.039, f(-) == 0
         in p2: f(+) == 0.0685, f(-) == 0

   QTL 16: f(+) == 0.0105, f(-) == 0
         in p1: f(+) == 0.02, f(-) == 0
         in p2: f(+) == 0.001, f(-) == 0

   QTL 17: f(+) == 0, f(-) == 0.00025
         in p1: f(+) == 0, f(-) == 0
         in p2: f(+) == 0, f(-) == 0.0005

   QTL 23: f(+) == 0, f(-) == 0.07425
         in p1: f(+) == 0, f(-) == 0.0955
         in p2: f(+) == 0, f(-) == 0.053

   QTL 24: f(+) == 0, f(-) == 0.0175
         in p1: f(+) == 0, f(-) == 0.0035
         in p2: f(+) == 0, f(-) == 0.0315

   QTL 25: f(+) == 0.01675, f(-) == 0.98325
         in p1: f(+) == 0.0265, f(-) == 0.9735
         in p2: f(+) == 0.007, f(-) == 0.993

   QTL 26: f(+) == 0, f(-) == 0.00575
         in p1: f(+) == 0, f(-) == 0.002
         in p2: f(+) == 0, f(-) == 0.0095

   QTL 29: f(+) == 0, f(-) == 0.00025
         in p1: f(+) == 0, f(-) == 0
         in p2: f(+) == 0, f(-) == 0.0005

   QTL 30: f(+) == 0.03075, f(-) == 0
         in p1: f(+) == 0.05, f(-) == 0
         in p2: f(+) == 0.0115, f(-) == 0

   QTL 31: f(+) == 0.0085, f(-) == 0
         in p1: f(+) == 0.011, f(-) == 0
         in p2: f(+) == 0.006, f(-) == 0

   QTL 32: f(+) == 0.00025, f(-) == 0
         in p1: f(+) == 0, f(-) == 0
         in p2: f(+) == 0.0005, f(-) == 0

   QTL 33: f(+) == 0.0065, f(-) == 0
         in p1: f(+) == 0.0125, f(-) == 0
         in p2: f(+) == 0.0005, f(-) == 0

   QTL 34: f(+) == 0.00175, f(-) == 0
         in p1: f(+) == 0.0035, f(-) == 0
         in p2: f(+) == 0, f(-) == 0

   QTL 35: f(+) == 0.00025, f(-) == 0
         in p1: f(+) == 0.0005, f(-) == 0
         in p2: f(+) == 0, f(-) == 0

   QTL 38: f(+) == 0.0035, f(-) == 0
         in p1: f(+) == 0, f(-) == 0
         in p2: f(+) == 0.007, f(-) == 0

   QTL 39: f(+) == 0.2325, f(-) == 0
         in p1: f(+) == 0.2675, f(-) == 0
         in p2: f(+) == 0.1975, f(-) == 0

   QTL 40: f(+) == 0.039, f(-) == 0
         in p1: f(+) == 0.05, f(-) == 0
         in p2: f(+) == 0.028, f(-) == 0

   QTL 42: f(+) == 0, f(-) == 0.0925
         in p1: f(+) == 0, f(-) == 0.099
         in p2: f(+) == 0, f(-) == 0.086

   QTL 43: f(+) == 0, f(-) == 0.1815
         in p1: f(+) == 0, f(-) == 0.131
         in p2: f(+) == 0, f(-) == 0.232

   QTL 46: f(+) == 0.005, f(-) == 0.76025
         in p1: f(+) == 0.004, f(-) == 0.787
         in p2: f(+) == 0.006, f(-) == 0.7335

   QTL 49: f(+) == 0.04475, f(-) == 0.05475
         in p1: f(+) == 0.044, f(-) == 0.0715
         in p2: f(+) == 0.0455, f(-) == 0.038

   QTL 52: f(+) == 0.04225, f(-) == 0
         in p1: f(+) == 0.048, f(-) == 0
         in p2: f(+) == 0.0365, f(-) == 0

   QTL 55: f(+) == 0.01425, f(-) == 0
         in p1: f(+) == 0.0135, f(-) == 0
         in p2: f(+) == 0.015, f(-) == 0

   QTL 56: f(+) == 0.002, f(-) == 0.00775
         in p1: f(+) == 0, f(-) == 0.003
         in p2: f(+) == 0.004, f(-) == 0.0125

   QTL 58: f(+) == 0.12, f(-) == 0
         in p1: f(+) == 0.096, f(-) == 0
         in p2: f(+) == 0.144, f(-) == 0

   QTL 67: f(+) == 0.2795, f(-) == 0
         in p1: f(+) == 0.221, f(-) == 0
         in p2: f(+) == 0.338, f(-) == 0

   QTL 69: f(+) == 0.00025, f(-) == 0
         in p1: f(+) == 0.0005, f(-) == 0
         in p2: f(+) == 0, f(-) == 0

   QTL 71: f(+) == 0.93475, f(-) == 0.06525
         in p1: f(+) == 0.951, f(-) == 0.049
         in p2: f(+) == 0.9185, f(-) == 0.0815

   QTL 73: f(+) == 0, f(-) == 0.00075
         in p1: f(+) == 0, f(-) == 0.0015
         in p2: f(+) == 0, f(-) == 0

   QTL 74: f(+) == 0.026, f(-) == 0.06325
         in p1: f(+) == 0.038, f(-) == 0.0345
         in p2: f(+) == 0.014, f(-) == 0.092

   QTL 75: f(+) == 0.9685, f(-) == 0
         in p1: f(+) == 0.96, f(-) == 0
         in p2: f(+) == 0.977, f(-) == 0

   QTL 77: f(+) == 0.00125, f(-) == 0
         in p1: f(+) == 0.0005, f(-) == 0
         in p2: f(+) == 0.002, f(-) == 0

   QTL 78: f(+) == 0, f(-) == 0.00025
         in p1: f(+) == 0, f(-) == 0
         in p2: f(+) == 0, f(-) == 0.0005

   QTL 81: f(+) == 0, f(-) == 0.001
         in p1: f(+) == 0, f(-) == 0.002
         in p2: f(+) == 0, f(-) == 0

   QTL 82: f(+) == 0.01675, f(-) == 0
         in p1: f(+) == 0.0145, f(-) == 0
         in p2: f(+) == 0.019, f(-) == 0

   QTL 84: f(+) == 0.00025, f(-) == 0.88125
         in p1: f(+) == 0.0005, f(-) == 0.898
         in p2: f(+) == 0, f(-) == 0.8645

   QTL 85: f(+) == 0, f(-) == 0.00825
         in p1: f(+) == 0, f(-) == 0
         in p2: f(+) == 0, f(-) == 0.0165

   QTL 86: f(+) == 0.00025, f(-) == 0
         in p1: f(+) == 0, f(-) == 0
         in p2: f(+) == 0.0005, f(-) == 0

   QTL 87: f(+) == 0, f(-) == 0.43725
         in p1: f(+) == 0, f(-) == 0.412
         in p2: f(+) == 0, f(-) == 0.4625

   QTL 90: f(+) == 0.02325, f(-) == 0
         in p1: f(+) == 0.0335, f(-) == 0
         in p2: f(+) == 0.013, f(-) == 0

   QTL 92: f(+) == 0.006, f(-) == 0.004
         in p1: f(+) == 0, f(-) == 0.0005
         in p2: f(+) == 0.012, f(-) == 0.0075

   QTL 96: f(+) == 0.0655, f(-) == 0
         in p1: f(+) == 0.0615, f(-) == 0
         in p2: f(+) == 0.0695, f(-) == 0

   QTL 98: f(+) == 0.09425, f(-) == 0
         in p1: f(+) == 0.0965, f(-) == 0
         in p2: f(+) == 0.092, f(-) == 0

   QTL 99: f(+) == 1, f(-) == 0
         in p1: f(+) == 1, f(-) == 0
         in p2: f(+) == 1, f(-) == 0

   QTL 100: f(+) == 0.14, f(-) == 0
         in p1: f(+) == 0.147, f(-) == 0
         in p2: f(+) == 0.133, f(-) == 0

   QTL 101: f(+) == 0, f(-) == 0.1555
         in p1: f(+) == 0, f(-) == 0.1205
         in p2: f(+) == 0, f(-) == 0.1905

   QTL 103: f(+) == 0, f(-) == 0.00025
         in p1: f(+) == 0, f(-) == 0
         in p2: f(+) == 0, f(-) == 0.0005

   QTL 105: f(+) == 0.0885, f(-) == 0
         in p1: f(+) == 0.0835, f(-) == 0
         in p2: f(+) == 0.0935, f(-) == 0

   QTL 108: f(+) == 0.0475, f(-) == 0
         in p1: f(+) == 0.067, f(-) == 0
         in p2: f(+) == 0.028, f(-) == 0

   QTL 110: f(+) == 0, f(-) == 0.00225
         in p1: f(+) == 0, f(-) == 0.0045
         in p2: f(+) == 0, f(-) == 0

   QTL 112: f(+) == 0, f(-) == 0.00375
         in p1: f(+) == 0, f(-) == 0.004
         in p2: f(+) == 0, f(-) == 0.0035

   QTL 113: f(+) == 0, f(-) == 0.00425
         in p1: f(+) == 0, f(-) == 0
         in p2: f(+) == 0, f(-) == 0.0085

   QTL 115: f(+) == 0.00075, f(-) == 0
         in p1: f(+) == 0.0015, f(-) == 0
         in p2: f(+) == 0, f(-) == 0

   QTL 117: f(+) == 0.03325, f(-) == 0
         in p1: f(+) == 0.035, f(-) == 0
         in p2: f(+) == 0.0315, f(-) == 0

   QTL 119: f(+) == 0.0525, f(-) == 0
         in p1: f(+) == 0.0735, f(-) == 0
         in p2: f(+) == 0.0315, f(-) == 0

   QTL 120: f(+) == 0.00025, f(-) == 0
         in p1: f(+) == 0.0005, f(-) == 0
         in p2: f(+) == 0, f(-) == 0

   QTL 121: f(+) == 0, f(-) == 0.39625
         in p1: f(+) == 0, f(-) == 0.3415
         in p2: f(+) == 0, f(-) == 0.451

   QTL 122: f(+) == 0.00125, f(-) == 0
         in p1: f(+) == 0.0025, f(-) == 0
         in p2: f(+) == 0, f(-) == 0

   QTL 125: f(+) == 0, f(-) == 0.003
         in p1: f(+) == 0, f(-) == 0.005
         in p2: f(+) == 0, f(-) == 0.001

   QTL 135: f(+) == 0, f(-) == 0.0285
         in p1: f(+) == 0, f(-) == 0.02
         in p2: f(+) == 0, f(-) == 0.037

   QTL 137: f(+) == 0.071, f(-) == 0
         in p1: f(+) == 0.0805, f(-) == 0
         in p2: f(+) == 0.0615, f(-) == 0

   QTL 138: f(+) == 0.77175, f(-) == 0
         in p1: f(+) == 0.733, f(-) == 0
         in p2: f(+) == 0.8105, f(-) == 0

   QTL 140: f(+) == 0.699, f(-) == 0
         in p1: f(+) == 0.722, f(-) == 0
         in p2: f(+) == 0.676, f(-) == 0

   QTL 144: f(+) == 0, f(-) == 0.00725
         in p1: f(+) == 0, f(-) == 0.0085
         in p2: f(+) == 0, f(-) == 0.006

   QTL 148: f(+) == 0, f(-) == 0.6135
         in p1: f(+) == 0, f(-) == 0.5635
         in p2: f(+) == 0, f(-) == 0.6635

   QTL 149: f(+) == 0.00125, f(-) == 0
         in p1: f(+) == 0, f(-) == 0
         in p2: f(+) == 0.0025, f(-) == 0

   QTL 152: f(+) == 0.02025, f(-) == 0
         in p1: f(+) == 0.0345, f(-) == 0
         in p2: f(+) == 0.006, f(-) == 0

   QTL 153: f(+) == 0, f(-) == 1
         in p1: f(+) == 0, f(-) == 1
         in p2: f(+) == 0, f(-) == 1

   QTL 157: f(+) == 0, f(-) == 0.00825
         in p1: f(+) == 0, f(-) == 0
         in p2: f(+) == 0, f(-) == 0.0165

   QTL 158: f(+) == 0, f(-) == 0.01825
         in p1: f(+) == 0, f(-) == 0.0005
         in p2: f(+) == 0, f(-) == 0.036

   QTL 159: f(+) == 0.0075, f(-) == 0.06175
         in p1: f(+) == 0.0135, f(-) == 0.0655
         in p2: f(+) == 0.0015, f(-) == 0.058

   QTL 160: f(+) == 0, f(-) == 0.003
         in p1: f(+) == 0, f(-) == 0.0045
         in p2: f(+) == 0, f(-) == 0.0015

   QTL 161: f(+) == 0.0005, f(-) == 0
         in p1: f(+) == 0.001, f(-) == 0
         in p2: f(+) == 0, f(-) == 0

   QTL 163: f(+) == 0.0055, f(-) == 0
         in p1: f(+) == 0.011, f(-) == 0
         in p2: f(+) == 0, f(-) == 0

   QTL 165: f(+) == 0.25, f(-) == 0.418
         in p1: f(+) == 0.2635, f(-) == 0.436
         in p2: f(+) == 0.2365, f(-) == 0.4

   QTL 169: f(+) == 0, f(-) == 0.39975
         in p1: f(+) == 0, f(-) == 0.3555
         in p2: f(+) == 0, f(-) == 0.444

   QTL 170: f(+) == 0, f(-) == 0.00425
         in p1: f(+) == 0, f(-) == 0.008
         in p2: f(+) == 0, f(-) == 0.0005

   QTL 173: f(+) == 0, f(-) == 0.00025
         in p1: f(+) == 0, f(-) == 0
         in p2: f(+) == 0, f(-) == 0.0005

   QTL 174: f(+) == 0.11575, f(-) == 0
         in p1: f(+) == 0.1315, f(-) == 0
         in p2: f(+) == 0.1, f(-) == 0

   QTL 175: f(+) == 0.0395, f(-) == 0.097
         in p1: f(+) == 0.0475, f(-) == 0.126
         in p2: f(+) == 0.0315, f(-) == 0.068

   QTL 178: f(+) == 0.021, f(-) == 0
         in p1: f(+) == 0.0315, f(-) == 0
         in p2: f(+) == 0.0105, f(-) == 0

   QTL 183: f(+) == 0, f(-) == 0.48125
         in p1: f(+) == 0, f(-) == 0.456
         in p2: f(+) == 0, f(-) == 0.5065

   QTL 185: f(+) == 0, f(-) == 0.1465
         in p1: f(+) == 0, f(-) == 0.11
         in p2: f(+) == 0, f(-) == 0.183

   QTL 187: f(+) == 0.072, f(-) == 0.0035
         in p1: f(+) == 0.0365, f(-) == 0
         in p2: f(+) == 0.1075, f(-) == 0.007

   QTL 189: f(+) == 0.00075, f(-) == 0
         in p1: f(+) == 0, f(-) == 0
         in p2: f(+) == 0.0015, f(-) == 0

   QTL 193: f(+) == 0, f(-) == 0.08825
         in p1: f(+) == 0, f(-) == 0.095
         in p2: f(+) == 0, f(-) == 0.0815

   QTL 194: f(+) == 0.27575, f(-) == 0.15725
         in p1: f(+) == 0.3395, f(-) == 0.135
         in p2: f(+) == 0.212, f(-) == 0.1795

   QTL 196: f(+) == 0.83525, f(-) == 0.0665
         in p1: f(+) == 0.8505, f(-) == 0.0515
         in p2: f(+) == 0.82, f(-) == 0.0815

   QTL 199: f(+) == 0.24375, f(-) == 0
         in p1: f(+) == 0.2975, f(-) == 0
         in p2: f(+) == 0.19, f(-) == 0

   QTL 201: f(+) == 0, f(-) == 0.0265
         in p1: f(+) == 0, f(-) == 0.0265
         in p2: f(+) == 0, f(-) == 0.0265

   QTL 202: f(+) == 0, f(-) == 0.0745
         in p1: f(+) == 0, f(-) == 0.016
         in p2: f(+) == 0, f(-) == 0.133

   QTL 203: f(+) == 0, f(-) == 0.01075
         in p1: f(+) == 0, f(-) == 0.0015
         in p2: f(+) == 0, f(-) == 0.02

   QTL 204: f(+) == 0, f(-) == 0.002
         in p1: f(+) == 0, f(-) == 0.004
         in p2: f(+) == 0, f(-) == 0

   QTL 205: f(+) == 0, f(-) == 0.00175
         in p1: f(+) == 0, f(-) == 0
         in p2: f(+) == 0, f(-) == 0.0035

   QTL 206: f(+) == 0.001, f(-) == 0
         in p1: f(+) == 0.002, f(-) == 0
         in p2: f(+) == 0, f(-) == 0

   QTL 207: f(+) == 0.0015, f(-) == 0
         in p1: f(+) == 0.001, f(-) == 0
         in p2: f(+) == 0.002, f(-) == 0

   QTL 216: f(+) == 0, f(-) == 0.1285
         in p1: f(+) == 0, f(-) == 0.1205
         in p2: f(+) == 0, f(-) == 0.1365

   QTL 217: f(+) == 0.005, f(-) == 0.0035
         in p1: f(+) == 0.0095, f(-) == 0.004
         in p2: f(+) == 0.0005, f(-) == 0.003

   QTL 218: f(+) == 0.00725, f(-) == 0.76075
         in p1: f(+) == 0.0045, f(-) == 0.752
         in p2: f(+) == 0.01, f(-) == 0.7695

   QTL 219: f(+) == 0.0045, f(-) == 0
         in p1: f(+) == 0.002, f(-) == 0
         in p2: f(+) == 0.007, f(-) == 0

   QTL 220: f(+) == 0, f(-) == 0.32825
         in p1: f(+) == 0, f(-) == 0.261
         in p2: f(+) == 0, f(-) == 0.3955

   QTL 221: f(+) == 0, f(-) == 0.27425
         in p1: f(+) == 0, f(-) == 0.2895
         in p2: f(+) == 0, f(-) == 0.259

   QTL 222: f(+) == 0.068, f(-) == 0
         in p1: f(+) == 0.061, f(-) == 0
         in p2: f(+) == 0.075, f(-) == 0

   QTL 231: f(+) == 0.0005, f(-) == 0.03575
         in p1: f(+) == 0.001, f(-) == 0.006
         in p2: f(+) == 0, f(-) == 0.0655

   QTL 232: f(+) == 0.5095, f(-) == 0.00025
         in p1: f(+) == 0.57, f(-) == 0.0005
         in p2: f(+) == 0.449, f(-) == 0

   QTL 238: f(+) == 0.00125, f(-) == 0.039
         in p1: f(+) == 0, f(-) == 0.0555
         in p2: f(+) == 0.0025, f(-) == 0.0225

   QTL 239: f(+) == 0.0045, f(-) == 0
         in p1: f(+) == 0, f(-) == 0
         in p2: f(+) == 0.009, f(-) == 0

   QTL 242: f(+) == 0.006, f(-) == 0
         in p1: f(+) == 0.006, f(-) == 0
         in p2: f(+) == 0.006, f(-) == 0

   QTL 243: f(+) == 0, f(-) == 0.1345
         in p1: f(+) == 0, f(-) == 0.099
         in p2: f(+) == 0, f(-) == 0.17

   QTL 244: f(+) == 0.54725, f(-) == 0
         in p1: f(+) == 0.5125, f(-) == 0
         in p2: f(+) == 0.582, f(-) == 0

   QTL 245: f(+) == 0.147, f(-) == 0
         in p1: f(+) == 0.183, f(-) == 0
         in p2: f(+) == 0.111, f(-) == 0

   QTL 246: f(+) == 0, f(-) == 0.00025
         in p1: f(+) == 0, f(-) == 0
         in p2: f(+) == 0, f(-) == 0.0005

   QTL 247: f(+) == 0, f(-) == 0.1225
         in p1: f(+) == 0, f(-) == 0.099
         in p2: f(+) == 0, f(-) == 0.146

   QTL 248: f(+) == 0.9925, f(-) == 0.00475
         in p1: f(+) == 1, f(-) == 0
         in p2: f(+) == 0.985, f(-) == 0.0095

   QTL 250: f(+) == 0.00275, f(-) == 0
         in p1: f(+) == 0.0055, f(-) == 0
         in p2: f(+) == 0, f(-) == 0

   QTL 254: f(+) == 0, f(-) == 0.00075
         in p1: f(+) == 0, f(-) == 0.0015
         in p2: f(+) == 0, f(-) == 0

   QTL 256: f(+) == 0.00025, f(-) == 0
         in p1: f(+) == 0, f(-) == 0
         in p2: f(+) == 0.0005, f(-) == 0

   QTL 257: f(+) == 0, f(-) == 0.00375
         in p1: f(+) == 0, f(-) == 0.003
         in p2: f(+) == 0, f(-) == 0.0045

   QTL 259: f(+) == 0, f(-) == 0.08925
         in p1: f(+) == 0, f(-) == 0.0835
         in p2: f(+) == 0, f(-) == 0.095

   QTL 260: f(+) == 0.00025, f(-) == 0
         in p1: f(+) == 0.0005, f(-) == 0
         in p2: f(+) == 0, f(-) == 0

   QTL 261: f(+) == 0, f(-) == 0.073
         in p1: f(+) == 0, f(-) == 0.071
         in p2: f(+) == 0, f(-) == 0.075

   QTL 262: f(+) == 0.02975, f(-) == 0
         in p1: f(+) == 0.0425, f(-) == 0
         in p2: f(+) == 0.017, f(-) == 0

   QTL 264: f(+) == 0, f(-) == 0.00025
         in p1: f(+) == 0, f(-) == 0
         in p2: f(+) == 0, f(-) == 0.0005

   QTL 266: f(+) == 0.692, f(-) == 0.02475
         in p1: f(+) == 0.6665, f(-) == 0.0275
         in p2: f(+) == 0.7175, f(-) == 0.022

   QTL 268: f(+) == 0, f(-) == 0.00025
         in p1: f(+) == 0, f(-) == 0
         in p2: f(+) == 0, f(-) == 0.0005

   QTL 269: f(+) == 0.76425, f(-) == 0
         in p1: f(+) == 0.7405, f(-) == 0
         in p2: f(+) == 0.788, f(-) == 0

   QTL 270: f(+) == 0.001, f(-) == 0
         in p1: f(+) == 0, f(-) == 0
         in p2: f(+) == 0.002, f(-) == 0

   QTL 271: f(+) == 0.00025, f(-) == 0.00275
         in p1: f(+) == 0.0005, f(-) == 0.0055
         in p2: f(+) == 0, f(-) == 0

   QTL 272: f(+) == 0.009, f(-) == 0
         in p1: f(+) == 0.001, f(-) == 0
         in p2: f(+) == 0.017, f(-) == 0

   QTL 273: f(+) == 0.06325, f(-) == 0
         in p1: f(+) == 0.0695, f(-) == 0
         in p2: f(+) == 0.057, f(-) == 0

   QTL 276: f(+) == 0.048, f(-) == 0
         in p1: f(+) == 0.039, f(-) == 0
         in p2: f(+) == 0.057, f(-) == 0

   QTL 277: f(+) == 0.004, f(-) == 0
         in p1: f(+) == 0.003, f(-) == 0
         in p2: f(+) == 0.005, f(-) == 0

   QTL 284: f(+) == 0, f(-) == 0.00025
         in p1: f(+) == 0, f(-) == 0
         in p2: f(+) == 0, f(-) == 0.0005

   QTL 285: f(+) == 0.115, f(-) == 0.00025
         in p1: f(+) == 0.083, f(-) == 0.0005
         in p2: f(+) == 0.147, f(-) == 0

   QTL 286: f(+) == 0.0105, f(-) == 0.00525
         in p1: f(+) == 0.019, f(-) == 0.0105
         in p2: f(+) == 0.002, f(-) == 0

   QTL 287: f(+) == 0.001, f(-) == 0
         in p1: f(+) == 0, f(-) == 0
         in p2: f(+) == 0.002, f(-) == 0

   QTL 291: f(+) == 0.003, f(-) == 0.147
         in p1: f(+) == 0.0045, f(-) == 0.145
         in p2: f(+) == 0.0015, f(-) == 0.149

   QTL 292: f(+) == 0.0105, f(-) == 0
         in p1: f(+) == 0, f(-) == 0
         in p2: f(+) == 0.021, f(-) == 0

   QTL 294: f(+) == 0, f(-) == 0.087
         in p1: f(+) == 0, f(-) == 0.1125
         in p2: f(+) == 0, f(-) == 0.0615

   QTL 295: f(+) == 0, f(-) == 0.00425
         in p1: f(+) == 0, f(-) == 0.0035
         in p2: f(+) == 0, f(-) == 0.005

   QTL 297: f(+) == 0.00025, f(-) == 0
         in p1: f(+) == 0.0005, f(-) == 0
         in p2: f(+) == 0, f(-) == 0

   QTL 298: f(+) == 0.00725, f(-) == 0
         in p1: f(+) == 0.007, f(-) == 0
         in p2: f(+) == 0.0075, f(-) == 0

   QTL 300: f(+) == 0, f(-) == 0.0145
         in p1: f(+) == 0, f(-) == 0.008
         in p2: f(+) == 0, f(-) == 0.021

   QTL 301: f(+) == 0.03, f(-) == 0
         in p1: f(+) == 0.0395, f(-) == 0
         in p2: f(+) == 0.0205, f(-) == 0

   QTL 304: f(+) == 0, f(-) == 0.0365
         in p1: f(+) == 0, f(-) == 0.014
         in p2: f(+) == 0, f(-) == 0.059

   QTL 305: f(+) == 0.0095, f(-) == 0
         in p1: f(+) == 0.01, f(-) == 0
         in p2: f(+) == 0.009, f(-) == 0

   QTL 309: f(+) == 0.032, f(-) == 0.001
         in p1: f(+) == 0.04, f(-) == 0
         in p2: f(+) == 0.024, f(-) == 0.002

   QTL 310: f(+) == 0.034, f(-) == 0.05575
         in p1: f(+) == 0.041, f(-) == 0.0755
         in p2: f(+) == 0.027, f(-) == 0.036

   QTL 311: f(+) == 0, f(-) == 0.0005
         in p1: f(+) == 0, f(-) == 0.001
         in p2: f(+) == 0, f(-) == 0

   QTL 312: f(+) == 0.05375, f(-) == 0.2185
         in p1: f(+) == 0.0625, f(-) == 0.2335
         in p2: f(+) == 0.045, f(-) == 0.2035

   QTL 313: f(+) == 0.00075, f(-) == 0
         in p1: f(+) == 0.0015, f(-) == 0
         in p2: f(+) == 0, f(-) == 0

   QTL 314: f(+) == 0.001, f(-) == 0
         in p1: f(+) == 0.002, f(-) == 0
         in p2: f(+) == 0, f(-) == 0

   QTL 315: f(+) == 0.14225, f(-) == 0.00375
         in p1: f(+) == 0.1585, f(-) == 0.0035
         in p2: f(+) == 0.126, f(-) == 0.004

   QTL 316: f(+) == 0.0735, f(-) == 0
         in p1: f(+) == 0.0935, f(-) == 0
         in p2: f(+) == 0.0535, f(-) == 0

   QTL 321: f(+) == 0.0115, f(-) == 0
         in p1: f(+) == 0.0085, f(-) == 0
         in p2: f(+) == 0.0145, f(-) == 0

   QTL 322: f(+) == 0.62725, f(-) == 0
         in p1: f(+) == 0.6495, f(-) == 0
         in p2: f(+) == 0.605, f(-) == 0

   QTL 325: f(+) == 0.0055, f(-) == 0
         in p1: f(+) == 0.0105, f(-) == 0
         in p2: f(+) == 0.0005, f(-) == 0

   QTL 327: f(+) == 0.08875, f(-) == 0.00075
         in p1: f(+) == 0.0965, f(-) == 0.001
         in p2: f(+) == 0.081, f(-) == 0.0005

   QTL 329: f(+) == 0.054, f(-) == 0.03825
         in p1: f(+) == 0.0485, f(-) == 0.0405
         in p2: f(+) == 0.0595, f(-) == 0.036

   QTL 331: f(+) == 0, f(-) == 0.00625
         in p1: f(+) == 0, f(-) == 0.011
         in p2: f(+) == 0, f(-) == 0.0015

   QTL 332: f(+) == 0.0115, f(-) == 0
         in p1: f(+) == 0.004, f(-) == 0
         in p2: f(+) == 0.019, f(-) == 0

   QTL 334: f(+) == 0.012, f(-) == 0.015
         in p1: f(+) == 0.0065, f(-) == 0.0255
         in p2: f(+) == 0.0175, f(-) == 0.0045

   QTL 336: f(+) == 0.67875, f(-) == 0
         in p1: f(+) == 0.719, f(-) == 0
         in p2: f(+) == 0.6385, f(-) == 0

   QTL 337: f(+) == 0, f(-) == 0.00075
         in p1: f(+) == 0, f(-) == 0.0015
         in p2: f(+) == 0, f(-) == 0

   QTL 339: f(+) == 0.00375, f(-) == 0
         in p1: f(+) == 0.0055, f(-) == 0
         in p2: f(+) == 0.002, f(-) == 0

   QTL 343: f(+) == 0.261, f(-) == 0
         in p1: f(+) == 0.3105, f(-) == 0
         in p2: f(+) == 0.2115, f(-) == 0

   QTL 344: f(+) == 0.00125, f(-) == 0
         in p1: f(+) == 0.0025, f(-) == 0
         in p2: f(+) == 0, f(-) == 0

   QTL 347: f(+) == 0, f(-) == 1
         in p1: f(+) == 0, f(-) == 1
         in p2: f(+) == 0, f(-) == 1

   QTL 349: f(+) == 0.00025, f(-) == 0
         in p1: f(+) == 0.0005, f(-) == 0
         in p2: f(+) == 0, f(-) == 0

   QTL 350: f(+) == 0.06275, f(-) == 0
         in p1: f(+) == 0.0565, f(-) == 0
         in p2: f(+) == 0.069, f(-) == 0

   QTL 351: f(+) == 0, f(-) == 0.51775
         in p1: f(+) == 0, f(-) == 0.4865
         in p2: f(+) == 0, f(-) == 0.549

   QTL 352: f(+) == 0.00025, f(-) == 0
         in p1: f(+) == 0.0005, f(-) == 0
         in p2: f(+) == 0, f(-) == 0

   QTL 353: f(+) == 0.00025, f(-) == 0
         in p1: f(+) == 0, f(-) == 0
         in p2: f(+) == 0.0005, f(-) == 0

   QTL 356: f(+) == 0, f(-) == 0.18575
         in p1: f(+) == 0, f(-) == 0.177
         in p2: f(+) == 0, f(-) == 0.1945

   QTL 359: f(+) == 0, f(-) == 0.056
         in p1: f(+) == 0, f(-) == 0.021
         in p2: f(+) == 0, f(-) == 0.091

   QTL 360: f(+) == 0.3975, f(-) == 0
         in p1: f(+) == 0.486, f(-) == 0
         in p2: f(+) == 0.309, f(-) == 0

   QTL 366: f(+) == 0.004, f(-) == 0
         in p1: f(+) == 0.006, f(-) == 0
         in p2: f(+) == 0.002, f(-) == 0

   QTL 368: f(+) == 0.0035, f(-) == 0.04475
         in p1: f(+) == 0.006, f(-) == 0.0525
         in p2: f(+) == 0.001, f(-) == 0.037

   QTL 370: f(+) == 0, f(-) == 0.0145
         in p1: f(+) == 0, f(-) == 0.005
         in p2: f(+) == 0, f(-) == 0.024

   QTL 371: f(+) == 0, f(-) == 0.00025
         in p1: f(+) == 0, f(-) == 0
         in p2: f(+) == 0, f(-) == 0.0005

   QTL 373: f(+) == 0.331, f(-) == 0.0025
         in p1: f(+) == 0.3215, f(-) == 0.003
         in p2: f(+) == 0.3405, f(-) == 0.002

   QTL 374: f(+) == 0.00025, f(-) == 0
         in p1: f(+) == 0, f(-) == 0
         in p2: f(+) == 0.0005, f(-) == 0

   QTL 379: f(+) == 0.0015, f(-) == 0
         in p1: f(+) == 0, f(-) == 0
         in p2: f(+) == 0.003, f(-) == 0

   QTL 382: f(+) == 0, f(-) == 0.00475
         in p1: f(+) == 0, f(-) == 0
         in p2: f(+) == 0, f(-) == 0.0095

   QTL 383: f(+) == 0.53625, f(-) == 0.00125
         in p1: f(+) == 0.5315, f(-) == 0.0025
         in p2: f(+) == 0.541, f(-) == 0

   QTL 385: f(+) == 0, f(-) == 0.411
         in p1: f(+) == 0, f(-) == 0.429
         in p2: f(+) == 0, f(-) == 0.393

   QTL 386: f(+) == 0.018, f(-) == 0
         in p1: f(+) == 0.008, f(-) == 0
         in p2: f(+) == 0.028, f(-) == 0

   QTL 390: f(+) == 0.07125, f(-) == 0
         in p1: f(+) == 0.073, f(-) == 0
         in p2: f(+) == 0.0695, f(-) == 0

   QTL 391: f(+) == 0.276, f(-) == 0
         in p1: f(+) == 0.2415, f(-) == 0
         in p2: f(+) == 0.3105, f(-) == 0

   QTL 393: f(+) == 0.2355, f(-) == 0
         in p1: f(+) == 0.253, f(-) == 0
         in p2: f(+) == 0.218, f(-) == 0

   QTL 395: f(+) == 0.00375, f(-) == 0
         in p1: f(+) == 0.0045, f(-) == 0
         in p2: f(+) == 0.003, f(-) == 0

   QTL 396: f(+) == 0.00025, f(-) == 0.03125
         in p1: f(+) == 0.0005, f(-) == 0.0515
         in p2: f(+) == 0, f(-) == 0.011

   QTL 397: f(+) == 0.00525, f(-) == 0
         in p1: f(+) == 0.004, f(-) == 0
         in p2: f(+) == 0.0065, f(-) == 0

   QTL 399: f(+) == 0.00025, f(-) == 0.00575
         in p1: f(+) == 0.0005, f(-) == 0.0035
         in p2: f(+) == 0, f(-) == 0.008

   QTL 403: f(+) == 0, f(-) == 0.0015
         in p1: f(+) == 0, f(-) == 0.003
         in p2: f(+) == 0, f(-) == 0

   QTL 406: f(+) == 0, f(-) == 0.0025
         in p1: f(+) == 0, f(-) == 0
         in p2: f(+) == 0, f(-) == 0.005

   QTL 409: f(+) == 0, f(-) == 0.00025
         in p1: f(+) == 0, f(-) == 0.0005
         in p2: f(+) == 0, f(-) == 0

   QTL 410: f(+) == 0, f(-) == 0.54
         in p1: f(+) == 0, f(-) == 0.5295
         in p2: f(+) == 0, f(-) == 0.5505

   QTL 414: f(+) == 0, f(-) == 0.01925
         in p1: f(+) == 0, f(-) == 0.014
         in p2: f(+) == 0, f(-) == 0.0245

   QTL 417: f(+) == 0.0165, f(-) == 0
         in p1: f(+) == 0.015, f(-) == 0
         in p2: f(+) == 0.018, f(-) == 0

   QTL 418: f(+) == 0, f(-) == 0.5645
         in p1: f(+) == 0, f(-) == 0.502
         in p2: f(+) == 0, f(-) == 0.627

   QTL 419: f(+) == 0.00025, f(-) == 0
         in p1: f(+) == 0.0005, f(-) == 0
         in p2: f(+) == 0, f(-) == 0

   QTL 420: f(+) == 0.01725, f(-) == 0
         in p1: f(+) == 0.019, f(-) == 0
         in p2: f(+) == 0.0155, f(-) == 0

   QTL 421: f(+) == 0.04825, f(-) == 0
         in p1: f(+) == 0.028, f(-) == 0
         in p2: f(+) == 0.0685, f(-) == 0

   QTL 422: f(+) == 0, f(-) == 0.00025
         in p1: f(+) == 0, f(-) == 0
         in p2: f(+) == 0, f(-) == 0.0005

   QTL 423: f(+) == 0.0085, f(-) == 0
         in p1: f(+) == 0.0085, f(-) == 0
         in p2: f(+) == 0.0085, f(-) == 0

   QTL 424: f(+) == 0, f(-) == 0.00575
         in p1: f(+) == 0, f(-) == 0.001
         in p2: f(+) == 0, f(-) == 0.0105

   QTL 425: f(+) == 0, f(-) == 0.35125
         in p1: f(+) == 0, f(-) == 0.3005
         in p2: f(+) == 0, f(-) == 0.402

   QTL 427: f(+) == 0.02425, f(-) == 0
         in p1: f(+) == 0.0295, f(-) == 0
         in p2: f(+) == 0.019, f(-) == 0

   QTL 428: f(+) == 0, f(-) == 0.07525
         in p1: f(+) == 0, f(-) == 0.072
         in p2: f(+) == 0, f(-) == 0.0785

   QTL 429: f(+) == 0, f(-) == 0.01275
         in p1: f(+) == 0, f(-) == 0.001
         in p2: f(+) == 0, f(-) == 0.0245

   QTL 431: f(+) == 0.58775, f(-) == 0
         in p1: f(+) == 0.637, f(-) == 0
         in p2: f(+) == 0.5385, f(-) == 0

   QTL 432: f(+) == 0.00025, f(-) == 0
         in p1: f(+) == 0.0005, f(-) == 0
         in p2: f(+) == 0, f(-) == 0

   QTL 434: f(+) == 0.067, f(-) == 0
         in p1: f(+) == 0.0415, f(-) == 0
         in p2: f(+) == 0.0925, f(-) == 0

   QTL 436: f(+) == 0.01725, f(-) == 0.00025
         in p1: f(+) == 0.029, f(-) == 0
         in p2: f(+) == 0.0055, f(-) == 0.0005

   QTL 437: f(+) == 0.0075, f(-) == 0
         in p1: f(+) == 0.015, f(-) == 0
         in p2: f(+) == 0, f(-) == 0

   QTL 438: f(+) == 0, f(-) == 0.02325
         in p1: f(+) == 0, f(-) == 0.008
         in p2: f(+) == 0, f(-) == 0.0385

   QTL 439: f(+) == 0, f(-) == 0.00575
         in p1: f(+) == 0, f(-) == 0.0115
         in p2: f(+) == 0, f(-) == 0

   QTL 444: f(+) == 0.02975, f(-) == 0
         in p1: f(+) == 0.0455, f(-) == 0
         in p2: f(+) == 0.014, f(-) == 0

   QTL 445: f(+) == 0.00025, f(-) == 0
         in p1: f(+) == 0.0005, f(-) == 0
         in p2: f(+) == 0, f(-) == 0

   QTL 446: f(+) == 0.096, f(-) == 0
         in p1: f(+) == 0.0765, f(-) == 0
         in p2: f(+) == 0.1155, f(-) == 0

   QTL 449: f(+) == 0.00325, f(-) == 0
         in p1: f(+) == 0.0065, f(-) == 0
         in p2: f(+) == 0, f(-) == 0

   QTL 450: f(+) == 0.06025, f(-) == 0.00025
         in p1: f(+) == 0.0745, f(-) == 0.0005
         in p2: f(+) == 0.046, f(-) == 0

   QTL 451: f(+) == 0, f(-) == 0.00025
         in p1: f(+) == 0, f(-) == 0
         in p2: f(+) == 0, f(-) == 0.0005

   QTL 455: f(+) == 0.096, f(-) == 0.00075
         in p1: f(+) == 0.0895, f(-) == 0
         in p2: f(+) == 0.1025, f(-) == 0.0015

   QTL 457: f(+) == 0.00475, f(-) == 0
         in p1: f(+) == 0.009, f(-) == 0
         in p2: f(+) == 0.0005, f(-) == 0

   QTL 459: f(+) == 0.00075, f(-) == 0
         in p1: f(+) == 0, f(-) == 0
         in p2: f(+) == 0.0015, f(-) == 0

   QTL 461: f(+) == 0.64325, f(-) == 0
         in p1: f(+) == 0.6555, f(-) == 0
         in p2: f(+) == 0.631, f(-) == 0

   QTL 463: f(+) == 0, f(-) == 0.96425
         in p1: f(+) == 0, f(-) == 0.9695
         in p2: f(+) == 0, f(-) == 0.959

   QTL 465: f(+) == 0, f(-) == 0.001
         in p1: f(+) == 0, f(-) == 0
         in p2: f(+) == 0, f(-) == 0.002

   QTL 466: f(+) == 0.0775, f(-) == 0
         in p1: f(+) == 0.0705, f(-) == 0
         in p2: f(+) == 0.0845, f(-) == 0

   QTL 468: f(+) == 0.9565, f(-) == 0
         in p1: f(+) == 0.9275, f(-) == 0
         in p2: f(+) == 0.9855, f(-) == 0

   QTL 469: f(+) == 0.001, f(-) == 0
         in p1: f(+) == 0, f(-) == 0
         in p2: f(+) == 0.002, f(-) == 0

   QTL 471: f(+) == 0.6925, f(-) == 0
         in p1: f(+) == 0.6895, f(-) == 0
         in p2: f(+) == 0.6955, f(-) == 0

   QTL 472: f(+) == 0.00225, f(-) == 0
         in p1: f(+) == 0.004, f(-) == 0
         in p2: f(+) == 0.0005, f(-) == 0

   QTL 474: f(+) == 0.001, f(-) == 0
         in p1: f(+) == 0.002, f(-) == 0
         in p2: f(+) == 0, f(-) == 0

   QTL 475: f(+) == 0.00025, f(-) == 0.1555
         in p1: f(+) == 0.0005, f(-) == 0.159
         in p2: f(+) == 0, f(-) == 0.152

   QTL 477: f(+) == 0, f(-) == 0.00025
         in p1: f(+) == 0, f(-) == 0
         in p2: f(+) == 0, f(-) == 0.0005

   QTL 479: f(+) == 0.42775, f(-) == 0
         in p1: f(+) == 0.488, f(-) == 0
         in p2: f(+) == 0.3675, f(-) == 0

   QTL 481: f(+) == 0, f(-) == 0.0055
         in p1: f(+) == 0, f(-) == 0.011
         in p2: f(+) == 0, f(-) == 0

   QTL 484: f(+) == 0.00125, f(-) == 0.0005
         in p1: f(+) == 0.0015, f(-) == 0
         in p2: f(+) == 0.001, f(-) == 0.001

   QTL 486: f(+) == 0.169, f(-) == 0
         in p1: f(+) == 0.156, f(-) == 0
         in p2: f(+) == 0.182, f(-) == 0

   QTL 487: f(+) == 0, f(-) == 0.103
         in p1: f(+) == 0, f(-) == 0.063
         in p2: f(+) == 0, f(-) == 0.143

   QTL 489: f(+) == 0.383, f(-) == 0.1435
         in p1: f(+) == 0.329, f(-) == 0.136
         in p2: f(+) == 0.437, f(-) == 0.151

   QTL 491: f(+) == 0.00025, f(-) == 0
         in p1: f(+) == 0, f(-) == 0
         in p2: f(+) == 0.0005, f(-) == 0

   QTL 492: f(+) == 0, f(-) == 0.30125
         in p1: f(+) == 0, f(-) == 0.247
         in p2: f(+) == 0, f(-) == 0.3555

   QTL 493: f(+) == 0, f(-) == 0.02475
         in p1: f(+) == 0, f(-) == 0.0305
         in p2: f(+) == 0, f(-) == 0.019

   QTL 496: f(+) == 0.7025, f(-) == 0
         in p1: f(+) == 0.7145, f(-) == 0
         in p2: f(+) == 0.6905, f(-) == 0

   QTL 498: f(+) == 0.1795, f(-) == 0
         in p1: f(+) == 0.196, f(-) == 0
         in p2: f(+) == 0.163, f(-) == 0

   QTL 500: f(+) == 0, f(-) == 0.0015
         in p1: f(+) == 0, f(-) == 0.003
         in p2: f(+) == 0, f(-) == 0

   QTL 501: f(+) == 0.00025, f(-) == 0
         in p1: f(+) == 0.0005, f(-) == 0
         in p2: f(+) == 0, f(-) == 0

   QTL 502: f(+) == 0.0005, f(-) == 0
         in p1: f(+) == 0.0005, f(-) == 0
         in p2: f(+) == 0.0005, f(-) == 0

   QTL 504: f(+) == 0.00275, f(-) == 0
         in p1: f(+) == 0, f(-) == 0
         in p2: f(+) == 0.0055, f(-) == 0

   QTL 506: f(+) == 0, f(-) == 0.02
         in p1: f(+) == 0, f(-) == 0.0045
         in p2: f(+) == 0, f(-) == 0.0355

   QTL 509: f(+) == 0.6695, f(-) == 0.3305
         in p1: f(+) == 0.6665, f(-) == 0.3335
         in p2: f(+) == 0.6725, f(-) == 0.3275

   QTL 512: f(+) == 0.00325, f(-) == 0.00525
         in p1: f(+) == 0.001, f(-) == 0.0105
         in p2: f(+) == 0.0055, f(-) == 0

   QTL 513: f(+) == 0, f(-) == 0.03075
         in p1: f(+) == 0, f(-) == 0.013
         in p2: f(+) == 0, f(-) == 0.0485

   QTL 514: f(+) == 0.27575, f(-) == 0
         in p1: f(+) == 0.3235, f(-) == 0
         in p2: f(+) == 0.228, f(-) == 0

   QTL 515: f(+) == 0.5275, f(-) == 0
         in p1: f(+) == 0.4645, f(-) == 0
         in p2: f(+) == 0.5905, f(-) == 0

   QTL 518: f(+) == 0, f(-) == 0.0155
         in p1: f(+) == 0, f(-) == 0.014
         in p2: f(+) == 0, f(-) == 0.017

   QTL 519: f(+) == 0, f(-) == 0.0005
         in p1: f(+) == 0, f(-) == 0.001
         in p2: f(+) == 0, f(-) == 0

   QTL 520: f(+) == 0.00025, f(-) == 0
         in p1: f(+) == 0.0005, f(-) == 0
         in p2: f(+) == 0, f(-) == 0

   QTL 525: f(+) == 0.00275, f(-) == 0.00175
         in p1: f(+) == 0, f(-) == 0
         in p2: f(+) == 0.0055, f(-) == 0.0035

   QTL 527: f(+) == 0.05675, f(-) == 0
         in p1: f(+) == 0.039, f(-) == 0
         in p2: f(+) == 0.0745, f(-) == 0

   QTL 528: f(+) == 0, f(-) == 0.053
         in p1: f(+) == 0, f(-) == 0.079
         in p2: f(+) == 0, f(-) == 0.027

   QTL 529: f(+) == 0, f(-) == 0.00175
         in p1: f(+) == 0, f(-) == 0
         in p2: f(+) == 0, f(-) == 0.0035

   QTL 531: f(+) == 0, f(-) == 0.06225
         in p1: f(+) == 0, f(-) == 0.0565
         in p2: f(+) == 0, f(-) == 0.068

   QTL 532: f(+) == 0, f(-) == 0.194
         in p1: f(+) == 0, f(-) == 0.1615
         in p2: f(+) == 0, f(-) == 0.2265

   QTL 533: f(+) == 0.00975, f(-) == 0
         in p1: f(+) == 0.006, f(-) == 0
         in p2: f(+) == 0.0135, f(-) == 0

   QTL 538: f(+) == 0, f(-) == 0.00725
         in p1: f(+) == 0, f(-) == 0
         in p2: f(+) == 0, f(-) == 0.0145

   QTL 539: f(+) == 0.00025, f(-) == 0
         in p1: f(+) == 0.0005, f(-) == 0
         in p2: f(+) == 0, f(-) == 0

   QTL 542: f(+) == 0.0045, f(-) == 0
         in p1: f(+) == 0.009, f(-) == 0
         in p2: f(+) == 0, f(-) == 0

   QTL 547: f(+) == 0.05825, f(-) == 0.00075
         in p1: f(+) == 0.0655, f(-) == 0
         in p2: f(+) == 0.051, f(-) == 0.0015

   QTL 549: f(+) == 0, f(-) == 0.03075
         in p1: f(+) == 0, f(-) == 0.0325
         in p2: f(+) == 0, f(-) == 0.029

   QTL 550: f(+) == 0.0305, f(-) == 0
         in p1: f(+) == 0.0165, f(-) == 0
         in p2: f(+) == 0.0445, f(-) == 0

   QTL 553: f(+) == 0, f(-) == 0.00375
         in p1: f(+) == 0, f(-) == 0.001
         in p2: f(+) == 0, f(-) == 0.0065

   QTL 555: f(+) == 0, f(-) == 0.00125
         in p1: f(+) == 0, f(-) == 0.0025
         in p2: f(+) == 0, f(-) == 0

   QTL 563: f(+) == 0, f(-) == 0.38625
         in p1: f(+) == 0, f(-) == 0.3715
         in p2: f(+) == 0, f(-) == 0.401

   QTL 564: f(+) == 0, f(-) == 0.16975
         in p1: f(+) == 0, f(-) == 0.1985
         in p2: f(+) == 0, f(-) == 0.141

   QTL 565: f(+) == 0.00125, f(-) == 0.5135
         in p1: f(+) == 0, f(-) == 0.443
         in p2: f(+) == 0.0025, f(-) == 0.584

   QTL 567: f(+) == 0.24075, f(-) == 0
         in p1: f(+) == 0.2775, f(-) == 0
         in p2: f(+) == 0.204, f(-) == 0

   QTL 570: f(+) == 0.39025, f(-) == 0
         in p1: f(+) == 0.37, f(-) == 0
         in p2: f(+) == 0.4105, f(-) == 0

   QTL 571: f(+) == 0, f(-) == 0.0005
         in p1: f(+) == 0, f(-) == 0
         in p2: f(+) == 0, f(-) == 0.001

   QTL 574: f(+) == 0, f(-) == 0.002
         in p1: f(+) == 0, f(-) == 0.004
         in p2: f(+) == 0, f(-) == 0

   QTL 581: f(+) == 0, f(-) == 0.00475
         in p1: f(+) == 0, f(-) == 0.009
         in p2: f(+) == 0, f(-) == 0.0005

   QTL 582: f(+) == 0.0065, f(-) == 0
         in p1: f(+) == 0.008, f(-) == 0
         in p2: f(+) == 0.005, f(-) == 0

   QTL 588: f(+) == 0.00025, f(-) == 0
         in p1: f(+) == 0, f(-) == 0
         in p2: f(+) == 0.0005, f(-) == 0

   QTL 590: f(+) == 0.00675, f(-) == 0
         in p1: f(+) == 0.0005, f(-) == 0
         in p2: f(+) == 0.013, f(-) == 0

   QTL 595: f(+) == 0, f(-) == 0.0605
         in p1: f(+) == 0, f(-) == 0.05
         in p2: f(+) == 0, f(-) == 0.071

   QTL 596: f(+) == 0.3815, f(-) == 0.0025
         in p1: f(+) == 0.426, f(-) == 0
         in p2: f(+) == 0.337, f(-) == 0.005

   QTL 597: f(+) == 0, f(-) == 0.03375
         in p1: f(+) == 0, f(-) == 0.0445
         in p2: f(+) == 0, f(-) == 0.023

   QTL 598: f(+) == 0.1705, f(-) == 0
         in p1: f(+) == 0.177, f(-) == 0
         in p2: f(+) == 0.164, f(-) == 0

   QTL 599: f(+) == 0, f(-) == 0.3965
         in p1: f(+) == 0, f(-) == 0.3605
         in p2: f(+) == 0, f(-) == 0.4325

   QTL 601: f(+) == 0.20625, f(-) == 0.14625
         in p1: f(+) == 0.2415, f(-) == 0.143
         in p2: f(+) == 0.171, f(-) == 0.1495

   QTL 602: f(+) == 0, f(-) == 1
         in p1: f(+) == 0, f(-) == 1
         in p2: f(+) == 0, f(-) == 1

   QTL 604: f(+) == 0.05975, f(-) == 0.00125
         in p1: f(+) == 0.0595, f(-) == 0.0025
         in p2: f(+) == 0.06, f(-) == 0

   QTL 606: f(+) == 0, f(-) == 0.00075
         in p1: f(+) == 0, f(-) == 0.001
         in p2: f(+) == 0, f(-) == 0.0005

   QTL 607: f(+) == 0.03125, f(-) == 0
         in p1: f(+) == 0.0465, f(-) == 0
         in p2: f(+) == 0.016, f(-) == 0

   QTL 610: f(+) == 0, f(-) == 0.04225
         in p1: f(+) == 0, f(-) == 0.059
         in p2: f(+) == 0, f(-) == 0.0255

   QTL 612: f(+) == 0.001, f(-) == 0.00025
         in p1: f(+) == 0, f(-) == 0.0005
         in p2: f(+) == 0.002, f(-) == 0

   QTL 613: f(+) == 0, f(-) == 0.019
         in p1: f(+) == 0, f(-) == 0.0295
         in p2: f(+) == 0, f(-) == 0.0085

   QTL 614: f(+) == 0, f(-) == 0.1515
         in p1: f(+) == 0, f(-) == 0.1175
         in p2: f(+) == 0, f(-) == 0.1855

   QTL 615: f(+) == 0, f(-) == 0.002
         in p1: f(+) == 0, f(-) == 0
         in p2: f(+) == 0, f(-) == 0.004

   QTL 616: f(+) == 0.212, f(-) == 0
         in p1: f(+) == 0.2795, f(-) == 0
         in p2: f(+) == 0.1445, f(-) == 0

   QTL 622: f(+) == 0.0045, f(-) == 0
         in p1: f(+) == 0, f(-) == 0
         in p2: f(+) == 0.009, f(-) == 0

   QTL 623: f(+) == 0.58225, f(-) == 0.00025
         in p1: f(+) == 0.564, f(-) == 0
         in p2: f(+) == 0.6005, f(-) == 0.0005

   QTL 626: f(+) == 0.07025, f(-) == 0
         in p1: f(+) == 0.071, f(-) == 0
         in p2: f(+) == 0.0695, f(-) == 0

   QTL 629: f(+) == 0, f(-) == 0.0215
         in p1: f(+) == 0, f(-) == 0.0115
         in p2: f(+) == 0, f(-) == 0.0315

   QTL 630: f(+) == 0.20375, f(-) == 0.221
         in p1: f(+) == 0.2195, f(-) == 0.1885
         in p2: f(+) == 0.188, f(-) == 0.2535

   QTL 631: f(+) == 0, f(-) == 0.0015
         in p1: f(+) == 0, f(-) == 0
         in p2: f(+) == 0, f(-) == 0.003

   QTL 632: f(+) == 0.0015, f(-) == 0.00075
         in p1: f(+) == 0.003, f(-) == 0
         in p2: f(+) == 0, f(-) == 0.0015

   QTL 634: f(+) == 0, f(-) == 0.006
         in p1: f(+) == 0, f(-) == 0.011
         in p2: f(+) == 0, f(-) == 0.001

   QTL 635: f(+) == 0, f(-) == 0.0275
         in p1: f(+) == 0, f(-) == 0.051
         in p2: f(+) == 0, f(-) == 0.004

   QTL 636: f(+) == 0, f(-) == 0.00025
         in p1: f(+) == 0, f(-) == 0.0005
         in p2: f(+) == 0, f(-) == 0

   QTL 637: f(+) == 0, f(-) == 0.18975
         in p1: f(+) == 0, f(-) == 0.2075
         in p2: f(+) == 0, f(-) == 0.172

   QTL 639: f(+) == 0.00025, f(-) == 0
         in p1: f(+) == 0.0005, f(-) == 0
         in p2: f(+) == 0, f(-) == 0

   QTL 642: f(+) == 0, f(-) == 0.70625
         in p1: f(+) == 0, f(-) == 0.6625
         in p2: f(+) == 0, f(-) == 0.75

   QTL 643: f(+) == 0.03475, f(-) == 0.1785
         in p1: f(+) == 0.0475, f(-) == 0.1455
         in p2: f(+) == 0.022, f(-) == 0.2115

   QTL 645: f(+) == 0, f(-) == 0.00175
         in p1: f(+) == 0, f(-) == 0.0035
         in p2: f(+) == 0, f(-) == 0

   QTL 647: f(+) == 0, f(-) == 0.292
         in p1: f(+) == 0, f(-) == 0.242
         in p2: f(+) == 0, f(-) == 0.342

   QTL 649: f(+) == 0, f(-) == 0.509
         in p1: f(+) == 0, f(-) == 0.493
         in p2: f(+) == 0, f(-) == 0.525

   QTL 654: f(+) == 0.027, f(-) == 0.15725
         in p1: f(+) == 0.025, f(-) == 0.116
         in p2: f(+) == 0.029, f(-) == 0.1985

   QTL 656: f(+) == 0.00025, f(-) == 0
         in p1: f(+) == 0, f(-) == 0
         in p2: f(+) == 0.0005, f(-) == 0

   QTL 657: f(+) == 0, f(-) == 0.00625
         in p1: f(+) == 0, f(-) == 0.01
         in p2: f(+) == 0, f(-) == 0.0025

   QTL 658: f(+) == 0.344, f(-) == 0
         in p1: f(+) == 0.341, f(-) == 0
         in p2: f(+) == 0.347, f(-) == 0

   QTL 659: f(+) == 0.71575, f(-) == 0.00025
         in p1: f(+) == 0.73, f(-) == 0.0005
         in p2: f(+) == 0.7015, f(-) == 0

   QTL 661: f(+) == 0.00525, f(-) == 0
         in p1: f(+) == 0, f(-) == 0
         in p2: f(+) == 0.0105, f(-) == 0

   QTL 662: f(+) == 0.00025, f(-) == 0.02425
         in p1: f(+) == 0.0005, f(-) == 0.016
         in p2: f(+) == 0, f(-) == 0.0325

   QTL 664: f(+) == 0.73725, f(-) == 0
         in p1: f(+) == 0.749, f(-) == 0
         in p2: f(+) == 0.7255, f(-) == 0

   QTL 667: f(+) == 0.01975, f(-) == 0
         in p1: f(+) == 0.02, f(-) == 0
         in p2: f(+) == 0.0195, f(-) == 0

   QTL 668: f(+) == 0.0095, f(-) == 0
         in p1: f(+) == 0, f(-) == 0
         in p2: f(+) == 0.019, f(-) == 0

   QTL 669: f(+) == 0, f(-) == 0.0945
         in p1: f(+) == 0, f(-) == 0.0625
         in p2: f(+) == 0, f(-) == 0.1265

   QTL 671: f(+) == 0.001, f(-) == 0.515
         in p1: f(+) == 0, f(-) == 0.48
         in p2: f(+) == 0.002, f(-) == 0.55

   QTL 674: f(+) == 0, f(-) == 0.68675
         in p1: f(+) == 0, f(-) == 0.6815
         in p2: f(+) == 0, f(-) == 0.692

   QTL 675: f(+) == 0, f(-) == 0.45025
         in p1: f(+) == 0, f(-) == 0.431
         in p2: f(+) == 0, f(-) == 0.4695

   QTL 676: f(+) == 0.0155, f(-) == 0
         in p1: f(+) == 0.0265, f(-) == 0
         in p2: f(+) == 0.0045, f(-) == 0

   QTL 679: f(+) == 0, f(-) == 0.00025
         in p1: f(+) == 0, f(-) == 0.0005
         in p2: f(+) == 0, f(-) == 0

   QTL 682: f(+) == 0.00025, f(-) == 0
         in p1: f(+) == 0, f(-) == 0
         in p2: f(+) == 0.0005, f(-) == 0

   QTL 685: f(+) == 0, f(-) == 0.00175
         in p1: f(+) == 0, f(-) == 0
         in p2: f(+) == 0, f(-) == 0.0035

   QTL 686: f(+) == 0.05525, f(-) == 0
         in p1: f(+) == 0.0595, f(-) == 0
         in p2: f(+) == 0.051, f(-) == 0

   QTL 688: f(+) == 0.00025, f(-) == 0.00075
         in p1: f(+) == 0.0005, f(-) == 0.0015
         in p2: f(+) == 0, f(-) == 0

   QTL 689: f(+) == 0.1255, f(-) == 0
         in p1: f(+) == 0.1195, f(-) == 0
         in p2: f(+) == 0.1315, f(-) == 0

   QTL 690: f(+) == 0.0015, f(-) == 0
         in p1: f(+) == 0, f(-) == 0
         in p2: f(+) == 0.003, f(-) == 0

   QTL 691: f(+) == 0, f(-) == 0.063
         in p1: f(+) == 0, f(-) == 0.0605
         in p2: f(+) == 0, f(-) == 0.0655

   QTL 692: f(+) == 0, f(-) == 0.00025
         in p1: f(+) == 0, f(-) == 0.0005
         in p2: f(+) == 0, f(-) == 0

   QTL 693: f(+) == 0.20275, f(-) == 0
         in p1: f(+) == 0.242, f(-) == 0
         in p2: f(+) == 0.1635, f(-) == 0

   QTL 694: f(+) == 0, f(-) == 0.00075
         in p1: f(+) == 0, f(-) == 0.0015
         in p2: f(+) == 0, f(-) == 0

   QTL 695: f(+) == 0, f(-) == 0.98475
         in p1: f(+) == 0, f(-) == 0.9895
         in p2: f(+) == 0, f(-) == 0.98

   QTL 697: f(+) == 0.00075, f(-) == 0.0005
         in p1: f(+) == 0.0015, f(-) == 0
         in p2: f(+) == 0, f(-) == 0.001

   QTL 698: f(+) == 0, f(-) == 0.57175
         in p1: f(+) == 0, f(-) == 0.5255
         in p2: f(+) == 0, f(-) == 0.618

   QTL 700: f(+) == 0, f(-) == 0.00075
         in p1: f(+) == 0, f(-) == 0.0015
         in p2: f(+) == 0, f(-) == 0

   QTL 704: f(+) == 0, f(-) == 0.1575
         in p1: f(+) == 0, f(-) == 0.1465
         in p2: f(+) == 0, f(-) == 0.1685

   QTL 706: f(+) == 0, f(-) == 0.0055
         in p1: f(+) == 0, f(-) == 0.0105
         in p2: f(+) == 0, f(-) == 0.0005

   QTL 708: f(+) == 0.008, f(-) == 0.0005
         in p1: f(+) == 0.0095, f(-) == 0.001
         in p2: f(+) == 0.0065, f(-) == 0

   QTL 715: f(+) == 0.39925, f(-) == 0
         in p1: f(+) == 0.387, f(-) == 0
         in p2: f(+) == 0.4115, f(-) == 0

   QTL 717: f(+) == 0.0005, f(-) == 0
         in p1: f(+) == 0, f(-) == 0
         in p2: f(+) == 0.001, f(-) == 0

   QTL 720: f(+) == 0.0675, f(-) == 0
         in p1: f(+) == 0.0265, f(-) == 0
         in p2: f(+) == 0.1085, f(-) == 0

   QTL 722: f(+) == 0, f(-) == 0.04
         in p1: f(+) == 0, f(-) == 0.0345
         in p2: f(+) == 0, f(-) == 0.0455

   QTL 730: f(+) == 0.00125, f(-) == 0
         in p1: f(+) == 0, f(-) == 0
         in p2: f(+) == 0.0025, f(-) == 0

   QTL 740: f(+) == 0.00025, f(-) == 0
         in p1: f(+) == 0.0005, f(-) == 0
         in p2: f(+) == 0, f(-) == 0

   QTL 743: f(+) == 0.10975, f(-) == 0.00875
         in p1: f(+) == 0.142, f(-) == 0.003
         in p2: f(+) == 0.0775, f(-) == 0.0145

   QTL 744: f(+) == 0.0485, f(-) == 0
         in p1: f(+) == 0.0675, f(-) == 0
         in p2: f(+) == 0.0295, f(-) == 0

   QTL 747: f(+) == 0.0525, f(-) == 0
         in p1: f(+) == 0.075, f(-) == 0
         in p2: f(+) == 0.03, f(-) == 0

   QTL 750: f(+) == 0.0505, f(-) == 0
         in p1: f(+) == 0.0785, f(-) == 0
         in p2: f(+) == 0.0225, f(-) == 0

   QTL 752: f(+) == 0.99425, f(-) == 0
         in p1: f(+) == 0.9885, f(-) == 0
         in p2: f(+) == 1, f(-) == 0

   QTL 753: f(+) == 0, f(-) == 0.02225
         in p1: f(+) == 0, f(-) == 0.0295
         in p2: f(+) == 0, f(-) == 0.015

   QTL 755: f(+) == 0.51275, f(-) == 0
         in p1: f(+) == 0.454, f(-) == 0
         in p2: f(+) == 0.5715, f(-) == 0

   QTL 757: f(+) == 0.13625, f(-) == 0
         in p1: f(+) == 0.1675, f(-) == 0
         in p2: f(+) == 0.105, f(-) == 0

   QTL 758: f(+) == 0.04425, f(-) == 0.00925
         in p1: f(+) == 0.064, f(-) == 0.0185
         in p2: f(+) == 0.0245, f(-) == 0

   QTL 760: f(+) == 0.0005, f(-) == 0
         in p1: f(+) == 0.001, f(-) == 0
         in p2: f(+) == 0, f(-) == 0

   QTL 762: f(+) == 0.01875, f(-) == 0
         in p1: f(+) == 0.019, f(-) == 0
         in p2: f(+) == 0.0185, f(-) == 0

   QTL 765: f(+) == 0, f(-) == 0.00775
         in p1: f(+) == 0, f(-) == 0.004
         in p2: f(+) == 0, f(-) == 0.0115

   QTL 766: f(+) == 0.0035, f(-) == 0
         in p1: f(+) == 0.0065, f(-) == 0
         in p2: f(+) == 0.0005, f(-) == 0

   QTL 769: f(+) == 0, f(-) == 0.21825
         in p1: f(+) == 0, f(-) == 0.2335
         in p2: f(+) == 0, f(-) == 0.203

   QTL 770: f(+) == 0, f(-) == 0.01525
         in p1: f(+) == 0, f(-) == 0.026
         in p2: f(+) == 0, f(-) == 0.0045

   QTL 771: f(+) == 0.00025, f(-) == 0
         in p1: f(+) == 0.0005, f(-) == 0
         in p2: f(+) == 0, f(-) == 0

   QTL 779: f(+) == 0, f(-) == 0.00025
         in p1: f(+) == 0, f(-) == 0.0005
         in p2: f(+) == 0, f(-) == 0

   QTL 780: f(+) == 0, f(-) == 0.006
         in p1: f(+) == 0, f(-) == 0.009
         in p2: f(+) == 0, f(-) == 0.003

   QTL 784: f(+) == 0.197, f(-) == 0
         in p1: f(+) == 0.2535, f(-) == 0
         in p2: f(+) == 0.1405, f(-) == 0

   QTL 787: f(+) == 0, f(-) == 0.48175
         in p1: f(+) == 0, f(-) == 0.4475
         in p2: f(+) == 0, f(-) == 0.516

   QTL 788: f(+) == 0.0015, f(-) == 0
         in p1: f(+) == 0, f(-) == 0
         in p2: f(+) == 0.003, f(-) == 0

   QTL 789: f(+) == 0.00075, f(-) == 0
         in p1: f(+) == 0.0015, f(-) == 0
         in p2: f(+) == 0, f(-) == 0

   QTL 792: f(+) == 0.00225, f(-) == 0
         in p1: f(+) == 0, f(-) == 0
         in p2: f(+) == 0.0045, f(-) == 0

   QTL 795: f(+) == 0.00025, f(-) == 0
         in p1: f(+) == 0.0005, f(-) == 0
         in p2: f(+) == 0, f(-) == 0

   QTL 797: f(+) == 0.0005, f(-) == 0
         in p1: f(+) == 0.0005, f(-) == 0
         in p2: f(+) == 0.0005, f(-) == 0

   QTL 799: f(+) == 0, f(-) == 0.054
         in p1: f(+) == 0, f(-) == 0.058
         in p2: f(+) == 0, f(-) == 0.05

   QTL 804: f(+) == 0, f(-) == 0.2225
         in p1: f(+) == 0, f(-) == 0.145
         in p2: f(+) == 0, f(-) == 0.3

   QTL 806: f(+) == 0, f(-) == 0.765
         in p1: f(+) == 0, f(-) == 0.742
         in p2: f(+) == 0, f(-) == 0.788

   QTL 807: f(+) == 0, f(-) == 0.2115
         in p1: f(+) == 0, f(-) == 0.1445
         in p2: f(+) == 0, f(-) == 0.2785

   QTL 810: f(+) == 0.121, f(-) == 0
         in p1: f(+) == 0.13, f(-) == 0
         in p2: f(+) == 0.112, f(-) == 0

   QTL 811: f(+) == 0.01675, f(-) == 0.02825
         in p1: f(+) == 0.001, f(-) == 0.0245
         in p2: f(+) == 0.0325, f(-) == 0.032

   QTL 812: f(+) == 0, f(-) == 0.0085
         in p1: f(+) == 0, f(-) == 0.0005
         in p2: f(+) == 0, f(-) == 0.0165

   QTL 814: f(+) == 0.00025, f(-) == 0
         in p1: f(+) == 0, f(-) == 0
         in p2: f(+) == 0.0005, f(-) == 0

   QTL 815: f(+) == 0.00425, f(-) == 0
         in p1: f(+) == 0.0085, f(-) == 0
         in p2: f(+) == 0, f(-) == 0

   QTL 818: f(+) == 0.00375, f(-) == 0
         in p1: f(+) == 0, f(-) == 0
         in p2: f(+) == 0.0075, f(-) == 0

   QTL 819: f(+) == 0.5035, f(-) == 0
         in p1: f(+) == 0.496, f(-) == 0
         in p2: f(+) == 0.511, f(-) == 0

   QTL 820: f(+) == 0, f(-) == 0.0455
         in p1: f(+) == 0, f(-) == 0.0725
         in p2: f(+) == 0, f(-) == 0.0185

   QTL 822: f(+) == 0.00025, f(-) == 0
         in p1: f(+) == 0.0005, f(-) == 0
         in p2: f(+) == 0, f(-) == 0

   QTL 823: f(+) == 0, f(-) == 0.26625
         in p1: f(+) == 0, f(-) == 0.266
         in p2: f(+) == 0, f(-) == 0.2665

   QTL 824: f(+) == 0.00175, f(-) == 0
         in p1: f(+) == 0.0035, f(-) == 0
         in p2: f(+) == 0, f(-) == 0

   QTL 825: f(+) == 0.12475, f(-) == 0.87525
         in p1: f(+) == 0.1465, f(-) == 0.8535
         in p2: f(+) == 0.103, f(-) == 0.897

   QTL 826: f(+) == 0, f(-) == 0.02125
         in p1: f(+) == 0, f(-) == 0.011
         in p2: f(+) == 0, f(-) == 0.0315

   QTL 829: f(+) == 0.32025, f(-) == 0.00025
         in p1: f(+) == 0.299, f(-) == 0.0005
         in p2: f(+) == 0.3415, f(-) == 0

   QTL 831: f(+) == 0.03475, f(-) == 0
         in p1: f(+) == 0.0285, f(-) == 0
         in p2: f(+) == 0.041, f(-) == 0

   QTL 841: f(+) == 0, f(-) == 0.1335
         in p1: f(+) == 0, f(-) == 0.1395
         in p2: f(+) == 0, f(-) == 0.1275

   QTL 843: f(+) == 0, f(-) == 0.012
         in p1: f(+) == 0, f(-) == 0.0115
         in p2: f(+) == 0, f(-) == 0.0125

   QTL 845: f(+) == 0, f(-) == 0.1295
         in p1: f(+) == 0, f(-) == 0.108
         in p2: f(+) == 0, f(-) == 0.151

   QTL 850: f(+) == 0, f(-) == 0.007
         in p1: f(+) == 0, f(-) == 0.014
         in p2: f(+) == 0, f(-) == 0

   QTL 851: f(+) == 0.00175, f(-) == 0
         in p1: f(+) == 0.0005, f(-) == 0
         in p2: f(+) == 0.003, f(-) == 0

   QTL 852: f(+) == 0, f(-) == 0.00025
         in p1: f(+) == 0, f(-) == 0.0005
         in p2: f(+) == 0, f(-) == 0

   QTL 854: f(+) == 0.00925, f(-) == 0
         in p1: f(+) == 0.0085, f(-) == 0
         in p2: f(+) == 0.01, f(-) == 0

   QTL 856: f(+) == 0, f(-) == 0.261
         in p1: f(+) == 0, f(-) == 0.1995
         in p2: f(+) == 0, f(-) == 0.3225

   QTL 858: f(+) == 0.003, f(-) == 0
         in p1: f(+) == 0, f(-) == 0
         in p2: f(+) == 0.006, f(-) == 0

   QTL 861: f(+) == 0, f(-) == 0.00525
         in p1: f(+) == 0, f(-) == 0.0005
         in p2: f(+) == 0, f(-) == 0.01

   QTL 862: f(+) == 0.439, f(-) == 0
         in p1: f(+) == 0.4395, f(-) == 0
         in p2: f(+) == 0.4385, f(-) == 0

   QTL 864: f(+) == 0, f(-) == 0.04875
         in p1: f(+) == 0, f(-) == 0.0365
         in p2: f(+) == 0, f(-) == 0.061

   QTL 865: f(+) == 0.07725, f(-) == 0
         in p1: f(+) == 0.0675, f(-) == 0
         in p2: f(+) == 0.087, f(-) == 0

   QTL 870: f(+) == 0.00225, f(-) == 0.04325
         in p1: f(+) == 0, f(-) == 0.0675
         in p2: f(+) == 0.0045, f(-) == 0.019

   QTL 872: f(+) == 0.32825, f(-) == 0.16075
         in p1: f(+) == 0.3855, f(-) == 0.106
         in p2: f(+) == 0.271, f(-) == 0.2155

   QTL 873: f(+) == 0.00075, f(-) == 0.105
         in p1: f(+) == 0.0015, f(-) == 0.089
         in p2: f(+) == 0, f(-) == 0.121

   QTL 875: f(+) == 0.366, f(-) == 0.004
         in p1: f(+) == 0.3645, f(-) == 0.002
         in p2: f(+) == 0.3675, f(-) == 0.006

   QTL 879: f(+) == 0.00075, f(-) == 0
         in p1: f(+) == 0, f(-) == 0
         in p2: f(+) == 0.0015, f(-) == 0

   QTL 880: f(+) == 0, f(-) == 0.38775
         in p1: f(+) == 0, f(-) == 0.3675
         in p2: f(+) == 0, f(-) == 0.408

   QTL 881: f(+) == 0, f(-) == 0.001
         in p1: f(+) == 0, f(-) == 0.002
         in p2: f(+) == 0, f(-) == 0

   QTL 884: f(+) == 0.00025, f(-) == 0
         in p1: f(+) == 0.0005, f(-) == 0
         in p2: f(+) == 0, f(-) == 0

   QTL 886: f(+) == 0.0005, f(-) == 0
         in p1: f(+) == 0.001, f(-) == 0
         in p2: f(+) == 0, f(-) == 0

   QTL 889: f(+) == 0.026, f(-) == 0
         in p1: f(+) == 0.0145, f(-) == 0
         in p2: f(+) == 0.0375, f(-) == 0

   QTL 890: f(+) == 0, f(-) == 0.0005
         in p1: f(+) == 0, f(-) == 0
         in p2: f(+) == 0, f(-) == 0.001

   QTL 891: f(+) == 0.00025, f(-) == 0
         in p1: f(+) == 0, f(-) == 0
         in p2: f(+) == 0.0005, f(-) == 0

   QTL 893: f(+) == 0.0475, f(-) == 0
         in p1: f(+) == 0.026, f(-) == 0
         in p2: f(+) == 0.069, f(-) == 0

   QTL 894: f(+) == 0.067, f(-) == 0
         in p1: f(+) == 0.0695, f(-) == 0
         in p2: f(+) == 0.0645, f(-) == 0

   QTL 895: f(+) == 0.004, f(-) == 0
         in p1: f(+) == 0.005, f(-) == 0
         in p2: f(+) == 0.003, f(-) == 0

   QTL 896: f(+) == 0.001, f(-) == 0.00025
         in p1: f(+) == 0, f(-) == 0.0005
         in p2: f(+) == 0.002, f(-) == 0

   QTL 898: f(+) == 0.28475, f(-) == 0
         in p1: f(+) == 0.32, f(-) == 0
         in p2: f(+) == 0.2495, f(-) == 0

   QTL 900: f(+) == 0.0065, f(-) == 0
         in p1: f(+) == 0.001, f(-) == 0
         in p2: f(+) == 0.012, f(-) == 0

   QTL 901: f(+) == 0, f(-) == 0.44575
         in p1: f(+) == 0, f(-) == 0.3975
         in p2: f(+) == 0, f(-) == 0.494

   QTL 903: f(+) == 0, f(-) == 0.00475
         in p1: f(+) == 0, f(-) == 0
         in p2: f(+) == 0, f(-) == 0.0095

   QTL 904: f(+) == 0, f(-) == 0.55225
         in p1: f(+) == 0, f(-) == 0.5325
         in p2: f(+) == 0, f(-) == 0.572

   QTL 906: f(+) == 0, f(-) == 0.0025
         in p1: f(+) == 0, f(-) == 0
         in p2: f(+) == 0, f(-) == 0.005

   QTL 907: f(+) == 0.008, f(-) == 0
         in p1: f(+) == 0.01, f(-) == 0
         in p2: f(+) == 0.006, f(-) == 0

   QTL 910: f(+) == 0, f(-) == 0.0435
         in p1: f(+) == 0, f(-) == 0.028
         in p2: f(+) == 0, f(-) == 0.059

   QTL 911: f(+) == 0, f(-) == 1
         in p1: f(+) == 0, f(-) == 1
         in p2: f(+) == 0, f(-) == 1

   QTL 912: f(+) == 0, f(-) == 0.00225
         in p1: f(+) == 0, f(-) == 0.0005
         in p2: f(+) == 0, f(-) == 0.004

   QTL 913: f(+) == 0, f(-) == 0.24725
         in p1: f(+) == 0, f(-) == 0.2055
         in p2: f(+) == 0, f(-) == 0.289

   QTL 914: f(+) == 0, f(-) == 0.00425
         in p1: f(+) == 0, f(-) == 0.0085
         in p2: f(+) == 0, f(-) == 0

   QTL 917: f(+) == 0, f(-) == 0.0145
         in p1: f(+) == 0, f(-) == 0.005
         in p2: f(+) == 0, f(-) == 0.024

   QTL 922: f(+) == 0.3105, f(-) == 0
         in p1: f(+) == 0.394, f(-) == 0
         in p2: f(+) == 0.227, f(-) == 0

   QTL 923: f(+) == 0.02425, f(-) == 0.7545
         in p1: f(+) == 0.035, f(-) == 0.681
         in p2: f(+) == 0.0135, f(-) == 0.828

   QTL 931: f(+) == 0, f(-) == 0.2455
         in p1: f(+) == 0, f(-) == 0.3205
         in p2: f(+) == 0, f(-) == 0.1705

   QTL 932: f(+) == 0.002, f(-) == 0
         in p1: f(+) == 0.004, f(-) == 0
         in p2: f(+) == 0, f(-) == 0

   QTL 934: f(+) == 0.00075, f(-) == 0
         in p1: f(+) == 0, f(-) == 0
         in p2: f(+) == 0.0015, f(-) == 0

   QTL 936: f(+) == 0.001, f(-) == 0
         in p1: f(+) == 0, f(-) == 0
         in p2: f(+) == 0.002, f(-) == 0

   QTL 937: f(+) == 0.28075, f(-) == 0.00375
         in p1: f(+) == 0.3065, f(-) == 0.0065
         in p2: f(+) == 0.255, f(-) == 0.001

   QTL 938: f(+) == 0.04675, f(-) == 0
         in p1: f(+) == 0.044, f(-) == 0
         in p2: f(+) == 0.0495, f(-) == 0

   QTL 941: f(+) == 0, f(-) == 0.1095
         in p1: f(+) == 0, f(-) == 0.109
         in p2: f(+) == 0, f(-) == 0.11

   QTL 942: f(+) == 0, f(-) == 0.54975
         in p1: f(+) == 0, f(-) == 0.501
         in p2: f(+) == 0, f(-) == 0.5985

   QTL 943: f(+) == 0.2185, f(-) == 0.00025
         in p1: f(+) == 0.2745, f(-) == 0.0005
         in p2: f(+) == 0.1625, f(-) == 0

   QTL 944: f(+) == 0.0075, f(-) == 0
         in p1: f(+) == 0.0025, f(-) == 0
         in p2: f(+) == 0.0125, f(-) == 0

   QTL 945: f(+) == 0, f(-) == 0.00175
         in p1: f(+) == 0, f(-) == 0
         in p2: f(+) == 0, f(-) == 0.0035

   QTL 947: f(+) == 0.001, f(-) == 0
         in p1: f(+) == 0.0015, f(-) == 0
         in p2: f(+) == 0.0005, f(-) == 0

   QTL 956: f(+) == 0, f(-) == 0.162
         in p1: f(+) == 0, f(-) == 0.133
         in p2: f(+) == 0, f(-) == 0.191

   QTL 957: f(+) == 0.00075, f(-) == 0
         in p1: f(+) == 0.0015, f(-) == 0
         in p2: f(+) == 0, f(-) == 0

   QTL 962: f(+) == 0.00375, f(-) == 0
         in p1: f(+) == 0, f(-) == 0
         in p2: f(+) == 0.0075, f(-) == 0

   QTL 965: f(+) == 0.0015, f(-) == 0.004
         in p1: f(+) == 0.003, f(-) == 0.008
         in p2: f(+) == 0, f(-) == 0

   QTL 966: f(+) == 0.433, f(-) == 0
         in p1: f(+) == 0.449, f(-) == 0
         in p2: f(+) == 0.417, f(-) == 0

   QTL 967: f(+) == 0.00125, f(-) == 0
         in p1: f(+) == 0, f(-) == 0
         in p2: f(+) == 0.0025, f(-) == 0

   QTL 968: f(+) == 0.00025, f(-) == 0.03225
         in p1: f(+) == 0.0005, f(-) == 0.026
         in p2: f(+) == 0, f(-) == 0.0385

   QTL 972: f(+) == 0.93375, f(-) == 0
         in p1: f(+) == 0.9355, f(-) == 0
         in p2: f(+) == 0.932, f(-) == 0

   QTL 976: f(+) == 0, f(-) == 0.059
         in p1: f(+) == 0, f(-) == 0.0445
         in p2: f(+) == 0, f(-) == 0.0735

   QTL 977: f(+) == 0, f(-) == 0.24425
         in p1: f(+) == 0, f(-) == 0.2195
         in p2: f(+) == 0, f(-) == 0.269

   QTL 979: f(+) == 0.222, f(-) == 0
         in p1: f(+) == 0.223, f(-) == 0
         in p2: f(+) == 0.221, f(-) == 0

   QTL 981: f(+) == 0, f(-) == 0.935
         in p1: f(+) == 0, f(-) == 0.918
         in p2: f(+) == 0, f(-) == 0.952

   QTL 982: f(+) == 0.127, f(-) == 0
         in p1: f(+) == 0.149, f(-) == 0
         in p2: f(+) == 0.105, f(-) == 0

   QTL 983: f(+) == 0, f(-) == 0.00425
         in p1: f(+) == 0, f(-) == 0.0085
         in p2: f(+) == 0, f(-) == 0

   QTL 984: f(+) == 0, f(-) == 0.068
         in p1: f(+) == 0, f(-) == 0.056
         in p2: f(+) == 0, f(-) == 0.08

   QTL 986: f(+) == 0.02325, f(-) == 0.72225
         in p1: f(+) == 0.0265, f(-) == 0.7195
         in p2: f(+) == 0.02, f(-) == 0.725

   QTL 987: f(+) == 0, f(-) == 0.001
         in p1: f(+) == 0, f(-) == 0
         in p2: f(+) == 0, f(-) == 0.002

   QTL 988: f(+) == 0, f(-) == 0.039
         in p1: f(+) == 0, f(-) == 0.065
         in p2: f(+) == 0, f(-) == 0.013

   QTL 994: f(+) == 0.0105, f(-) == 0
         in p1: f(+) == 0.011, f(-) == 0
         in p2: f(+) == 0.01, f(-) == 0

   QTL 997: f(+) == 0, f(-) == 0.14625
         in p1: f(+) == 0, f(-) == 0.1715
         in p2: f(+) == 0, f(-) == 0.121

elapsed: 7:13.25 / kernel: 0.11 / user: 433.37 / mem: 58828
Done!
