Task ID  - seed 017161
Parameters for SLiM run:
  -s 017161 MyRecipe2_1_3.E
// Initial random seed:
1506777287899

// RunInitializeCallbacks():
initializeSLiMOptions(dimensionality = 'x');
initializeMutationRate(1e-07);
initializeMutationType(1, 0.5, "g", 0.5, 1);
initializeMutationType(2, 0.5, "g", -0.5, 1);
initializeMutationType(3, 0.5, "f", 0);
initializeGenomicElementType(1, m3, 1);
initializeGenomicElementType(2, c(m1, m2), c(1, 1));
initializeGenomicElement(g1, 0, 399);
initializeGenomicElement(g2, 400, 499);
initializeGenomicElement(g2, 500, 500);
initializeGenomicElement(g2, 501, 600);
initializeGenomicElement(g1, 601, 1000);
initializeGenomicElement(g1, 1001, 1400);
initializeGenomicElement(g2, 1401, 1500);
initializeGenomicElement(g2, 1501, 1501);
initializeGenomicElement(g2, 1502, 1601);
initializeGenomicElement(g1, 1602, 2001);
initializeGenomicElement(g1, 2002, 2401);
initializeGenomicElement(g2, 2402, 2501);
initializeGenomicElement(g2, 2502, 2502);
initializeGenomicElement(g2, 2503, 2602);
initializeGenomicElement(g1, 2603, 3002);
initializeGenomicElement(g1, 3003, 3402);
initializeGenomicElement(g2, 3403, 3502);
initializeGenomicElement(g2, 3503, 3503);
initializeGenomicElement(g2, 3504, 3603);
initializeGenomicElement(g1, 3604, 4003);
initializeGenomicElement(g1, 4004, 4403);
initializeGenomicElement(g2, 4404, 4503);
initializeGenomicElement(g2, 4504, 4504);
initializeGenomicElement(g2, 4505, 4604);
initializeGenomicElement(g1, 4605, 5004);
initializeGenomicElement(g1, 5005, 5404);
initializeGenomicElement(g2, 5405, 5504);
initializeGenomicElement(g2, 5505, 5505);
initializeGenomicElement(g2, 5506, 5605);
initializeGenomicElement(g1, 5606, 6005);
initializeGenomicElement(g1, 6006, 6405);
initializeGenomicElement(g2, 6406, 6505);
initializeGenomicElement(g2, 6506, 6506);
initializeGenomicElement(g2, 6507, 6606);
initializeGenomicElement(g1, 6607, 7006);
initializeGenomicElement(g1, 7007, 7406);
initializeGenomicElement(g2, 7407, 7506);
initializeGenomicElement(g2, 7507, 7507);
initializeGenomicElement(g2, 7508, 7607);
initializeGenomicElement(g1, 7608, 8007);
initializeGenomicElement(g1, 8008, 8407);
initializeGenomicElement(g2, 8408, 8507);
initializeGenomicElement(g2, 8508, 8508);
initializeGenomicElement(g2, 8509, 8608);
initializeGenomicElement(g1, 8609, 9008);
initializeGenomicElement(g1, 9009, 9408);
initializeGenomicElement(g2, 9409, 9508);
initializeGenomicElement(g2, 9509, 9509);
initializeGenomicElement(g2, 9510, 9609);
initializeGenomicElement(g1, 9610, 10009);
end of chromosome position: 10010
initializeRecombinationRate(0.001);
initializeInteractionType(1, "x", reciprocal=T", maxDistance=0.02);
initializeInteractionType(2, "x", reciprocal=T", maxDistance=1);

// Starting run at generation <start>:
1 

-------------------------------
Output1 for generation 1:

Oceanic mean pheno: -0.009
Freshwater mean pheno: -0.017
mean Ocean/Fresh Fst: 0.000131463
between lakes Fst: 0.0116382
between Marine Regions Fst: 0.0106016
-------------------------------
Output1 for generation 51:

Oceanic mean pheno: 1.85452
Freshwater mean pheno: -9.93746
mean Ocean/Fresh Fst: 0.0271556
between lakes Fst: 0.132753
between Marine Regions Fst: 0.0275792
-------------------------------
Output1 for generation 101:

Oceanic mean pheno: 2.70757
Freshwater mean pheno: -10.3378
mean Ocean/Fresh Fst: 0.027927
between lakes Fst: 0.191611
between Marine Regions Fst: 0.0325137
-------------------------------
Output1 for generation 151:

Oceanic mean pheno: 3.50419
Freshwater mean pheno: -10.1635
mean Ocean/Fresh Fst: 0.0342217
between lakes Fst: 0.268895
between Marine Regions Fst: 0.0371491
-------------------------------
Output1 for generation 201:

Oceanic mean pheno: 3.88718
Freshwater mean pheno: -10.1237
mean Ocean/Fresh Fst: 0.0308484
between lakes Fst: 0.280731
between Marine Regions Fst: 0.04102
-------------------------------
Output1 for generation 251:

Oceanic mean pheno: 5.12806
Freshwater mean pheno: -9.96802
mean Ocean/Fresh Fst: 0.0367771
between lakes Fst: 0.33378
between Marine Regions Fst: 0.0390992
-------------------------------
Output1 for generation 301:

Oceanic mean pheno: 5.33433
Freshwater mean pheno: -9.95567
mean Ocean/Fresh Fst: 0.0377659
between lakes Fst: 0.347925
between Marine Regions Fst: 0.0358142
-------------------------------
Output1 for generation 351:

Oceanic mean pheno: 6.41878
Freshwater mean pheno: -10.0956
mean Ocean/Fresh Fst: 0.0407877
between lakes Fst: 0.374045
between Marine Regions Fst: 0.0329161
-------------------------------
Output1 for generation 401:

Oceanic mean pheno: 5.44849
Freshwater mean pheno: -10.1374
mean Ocean/Fresh Fst: 0.0347395
between lakes Fst: 0.399
between Marine Regions Fst: 0.0413362
-------------------------------
Output1 for generation 451:

Oceanic mean pheno: 6.29883
Freshwater mean pheno: -10.0437
mean Ocean/Fresh Fst: 0.0355204
between lakes Fst: 0.366842
between Marine Regions Fst: 0.0387594
-------------------------------
Output1 for generation 501:

Oceanic mean pheno: 6.29454
Freshwater mean pheno: -9.67734
mean Ocean/Fresh Fst: 0.0386271
between lakes Fst: 0.398837
between Marine Regions Fst: 0.0432618
-------------------------------
Output1 for generation 551:

Oceanic mean pheno: 7.08029
Freshwater mean pheno: -9.6609
mean Ocean/Fresh Fst: 0.0404786
between lakes Fst: 0.392014
between Marine Regions Fst: 0.0351827
-------------------------------
Output1 for generation 601:

Oceanic mean pheno: 7.37388
Freshwater mean pheno: -10.171
mean Ocean/Fresh Fst: 0.0472394
between lakes Fst: 0.38113
between Marine Regions Fst: 0.0423449
-------------------------------
Output1 for generation 651:

Oceanic mean pheno: 7.63789
Freshwater mean pheno: -10.2621
mean Ocean/Fresh Fst: 0.0444488
between lakes Fst: 0.396548
between Marine Regions Fst: 0.0348794
-------------------------------
Output1 for generation 701:

Oceanic mean pheno: 7.82727
Freshwater mean pheno: -9.97077
mean Ocean/Fresh Fst: 0.0536768
between lakes Fst: 0.422783
between Marine Regions Fst: 0.0315286
-------------------------------
Output1 for generation 751:

Oceanic mean pheno: 8.28391
Freshwater mean pheno: -10.0777
mean Ocean/Fresh Fst: 0.0469347
between lakes Fst: 0.389884
between Marine Regions Fst: 0.0297657
-------------------------------
Output1 for generation 801:

Oceanic mean pheno: 8.87757
Freshwater mean pheno: -9.83755
mean Ocean/Fresh Fst: 0.0453132
between lakes Fst: 0.41632
between Marine Regions Fst: 0.0291039
-------------------------------
Output1 for generation 851:

Oceanic mean pheno: 7.59318
Freshwater mean pheno: -9.63225
mean Ocean/Fresh Fst: 0.0455389
between lakes Fst: 0.378698
between Marine Regions Fst: 0.037535
-------------------------------
Output1 for generation 901:

Oceanic mean pheno: 7.29892
Freshwater mean pheno: -9.5151
mean Ocean/Fresh Fst: 0.0412042
between lakes Fst: 0.403019
between Marine Regions Fst: 0.036775
-------------------------------
Output1 for generation 951:

Oceanic mean pheno: 7.21587
Freshwater mean pheno: -9.78045
mean Ocean/Fresh Fst: 0.0498425
between lakes Fst: 0.437854
between Marine Regions Fst: 0.0404176
-------------------------------
Output1 for generation 1001:

Oceanic mean pheno: 8.18798
Freshwater mean pheno: -9.87951
mean Ocean/Fresh Fst: 0.049923
between lakes Fst: 0.401874
between Marine Regions Fst: 0.0418528
-------------------------------
Output1 for generation 1051:

Oceanic mean pheno: 8.43989
Freshwater mean pheno: -9.65689
mean Ocean/Fresh Fst: 0.045963
between lakes Fst: 0.449188
between Marine Regions Fst: 0.0483181
-------------------------------
Output1 for generation 1101:

Oceanic mean pheno: 7.98206
Freshwater mean pheno: -9.60037
mean Ocean/Fresh Fst: 0.0442917
between lakes Fst: 0.43891
between Marine Regions Fst: 0.0576835
-------------------------------
Output1 for generation 1151:

Oceanic mean pheno: 8.44707
Freshwater mean pheno: -9.60291
mean Ocean/Fresh Fst: 0.0431448
between lakes Fst: 0.358253
between Marine Regions Fst: 0.0578257
-------------------------------
Output1 for generation 1201:

Oceanic mean pheno: 8.06359
Freshwater mean pheno: -9.85428
mean Ocean/Fresh Fst: 0.0404361
between lakes Fst: 0.373695
between Marine Regions Fst: 0.0478846
-------------------------------
Output1 for generation 1251:

Oceanic mean pheno: 7.50386
Freshwater mean pheno: -9.75091
mean Ocean/Fresh Fst: 0.0417412
between lakes Fst: 0.383864
between Marine Regions Fst: 0.0426009
-------------------------------
Output1 for generation 1301:

Oceanic mean pheno: 8.28864
Freshwater mean pheno: -9.61873
mean Ocean/Fresh Fst: 0.0471489
between lakes Fst: 0.43125
between Marine Regions Fst: 0.0531793
-------------------------------
Output1 for generation 1351:

Oceanic mean pheno: 7.42989
Freshwater mean pheno: -9.5474
mean Ocean/Fresh Fst: 0.0416027
between lakes Fst: 0.421066
between Marine Regions Fst: 0.0420425
-------------------------------
Output1 for generation 1401:

Oceanic mean pheno: 8.61103
Freshwater mean pheno: -9.35523
mean Ocean/Fresh Fst: 0.0450815
between lakes Fst: 0.434259
between Marine Regions Fst: 0.0450037
-------------------------------
Output1 for generation 1451:

Oceanic mean pheno: 9.95726
Freshwater mean pheno: -9.08397
mean Ocean/Fresh Fst: 0.0441927
between lakes Fst: 0.388512
between Marine Regions Fst: 0.038907
-------------------------------
Output1 for generation 1501:

Oceanic mean pheno: 9.97946
Freshwater mean pheno: -9.18291
mean Ocean/Fresh Fst: 0.0419733
between lakes Fst: 0.373797
between Marine Regions Fst: 0.0458847
-------------------------------
Output1 for generation 1551:

Oceanic mean pheno: 9.2083
Freshwater mean pheno: -9.5503
mean Ocean/Fresh Fst: 0.0420804
between lakes Fst: 0.416091
between Marine Regions Fst: 0.0425693
-------------------------------
Output1 for generation 1601:

Oceanic mean pheno: 8.52823
Freshwater mean pheno: -9.557
mean Ocean/Fresh Fst: 0.045196
between lakes Fst: 0.46402
between Marine Regions Fst: 0.0485592
-------------------------------
Output1 for generation 1651:

Oceanic mean pheno: 8.34449
Freshwater mean pheno: -9.72501
mean Ocean/Fresh Fst: 0.044868
between lakes Fst: 0.435277
between Marine Regions Fst: 0.0519331
-------------------------------
Output1 for generation 1701:

Oceanic mean pheno: 9.45526
Freshwater mean pheno: -9.57652
mean Ocean/Fresh Fst: 0.0407442
between lakes Fst: 0.406385
between Marine Regions Fst: 0.0419742
-------------------------------
Output1 for generation 1751:

Oceanic mean pheno: 9.4078
Freshwater mean pheno: -9.77649
mean Ocean/Fresh Fst: 0.0428414
between lakes Fst: 0.409074
between Marine Regions Fst: 0.0433702
-------------------------------
Output1 for generation 1801:

Oceanic mean pheno: 9.06737
Freshwater mean pheno: -9.85708
mean Ocean/Fresh Fst: 0.0399894
between lakes Fst: 0.473751
between Marine Regions Fst: 0.0426901
-------------------------------
Output1 for generation 1851:

Oceanic mean pheno: 9.06822
Freshwater mean pheno: -9.70749
mean Ocean/Fresh Fst: 0.0379248
between lakes Fst: 0.432391
between Marine Regions Fst: 0.0449652
-------------------------------
Output1 for generation 1901:

Oceanic mean pheno: 9.70467
Freshwater mean pheno: -9.47085
mean Ocean/Fresh Fst: 0.0405054
between lakes Fst: 0.420333
between Marine Regions Fst: 0.042894
-------------------------------
Output1 for generation 1951:

Oceanic mean pheno: 9.58775
Freshwater mean pheno: -9.42308
mean Ocean/Fresh Fst: 0.0439027
between lakes Fst: 0.497707
between Marine Regions Fst: 0.0512534
-------------------------------
Output1 for generation 2001:

Oceanic mean pheno: 8.19198
Freshwater mean pheno: -9.60158
mean Ocean/Fresh Fst: 0.0425856
between lakes Fst: 0.480246
between Marine Regions Fst: 0.049354
-------------------------------
Output1 for generation 2051:

Oceanic mean pheno: 8.36024
Freshwater mean pheno: -9.35583
mean Ocean/Fresh Fst: 0.038598
between lakes Fst: 0.441638
between Marine Regions Fst: 0.0413174
-------------------------------
Output1 for generation 2101:

Oceanic mean pheno: 8.19204
Freshwater mean pheno: -9.12444
mean Ocean/Fresh Fst: 0.0438375
between lakes Fst: 0.497798
between Marine Regions Fst: 0.0436078
-------------------------------
Output1 for generation 2151:

Oceanic mean pheno: 8.61891
Freshwater mean pheno: -9.17164
mean Ocean/Fresh Fst: 0.0400552
between lakes Fst: 0.458126
between Marine Regions Fst: 0.0415661
-------------------------------
Output1 for generation 2201:

Oceanic mean pheno: 8.68999
Freshwater mean pheno: -9.23676
mean Ocean/Fresh Fst: 0.0404682
between lakes Fst: 0.457054
between Marine Regions Fst: 0.0404112
-------------------------------
Output1 for generation 2251:

Oceanic mean pheno: 8.21894
Freshwater mean pheno: -9.3909
mean Ocean/Fresh Fst: 0.040741
between lakes Fst: 0.473992
between Marine Regions Fst: 0.0483537
-------------------------------
Output1 for generation 2301:

Oceanic mean pheno: 7.54304
Freshwater mean pheno: -9.63203
mean Ocean/Fresh Fst: 0.0401809
between lakes Fst: 0.411797
between Marine Regions Fst: 0.0438146
-------------------------------
Output1 for generation 2351:

Oceanic mean pheno: 7.80343
Freshwater mean pheno: -9.49043
mean Ocean/Fresh Fst: 0.0430342
between lakes Fst: 0.432973
between Marine Regions Fst: 0.0517186
-------------------------------
Output1 for generation 2401:

Oceanic mean pheno: 8.24298
Freshwater mean pheno: -9.51407
mean Ocean/Fresh Fst: 0.0381297
between lakes Fst: 0.457789
between Marine Regions Fst: 0.0527293
-------------------------------
Output1 for generation 2451:

Oceanic mean pheno: 8.15561
Freshwater mean pheno: -9.36801
mean Ocean/Fresh Fst: 0.039476
between lakes Fst: 0.476189
between Marine Regions Fst: 0.0494698
-------------------------------
Output1 for generation 2501:

Oceanic mean pheno: 7.85429
Freshwater mean pheno: -9.37841
mean Ocean/Fresh Fst: 0.0345212
between lakes Fst: 0.499525
between Marine Regions Fst: 0.042896
-------------------------------
Output1 for generation 2551:

Oceanic mean pheno: 7.04047
Freshwater mean pheno: -9.42362
mean Ocean/Fresh Fst: 0.0359644
between lakes Fst: 0.477124
between Marine Regions Fst: 0.0463386
-------------------------------
Output1 for generation 2601:

Oceanic mean pheno: 6.32892
Freshwater mean pheno: -9.59809
mean Ocean/Fresh Fst: 0.0365696
between lakes Fst: 0.488635
between Marine Regions Fst: 0.0422554
-------------------------------
Output1 for generation 2651:

Oceanic mean pheno: 6.88662
Freshwater mean pheno: -9.58136
mean Ocean/Fresh Fst: 0.0346639
between lakes Fst: 0.476262
between Marine Regions Fst: 0.0390633
-------------------------------
Output1 for generation 2701:

Oceanic mean pheno: 7.0811
Freshwater mean pheno: -9.82775
mean Ocean/Fresh Fst: 0.0364647
between lakes Fst: 0.430022
between Marine Regions Fst: 0.0374346
-------------------------------
Output1 for generation 2751:

Oceanic mean pheno: 7.31774
Freshwater mean pheno: -9.66581
mean Ocean/Fresh Fst: 0.042901
between lakes Fst: 0.523462
between Marine Regions Fst: 0.0558259
-------------------------------
Output1 for generation 2801:

Oceanic mean pheno: 6.39418
Freshwater mean pheno: -9.67541
mean Ocean/Fresh Fst: 0.0368984
between lakes Fst: 0.545757
between Marine Regions Fst: 0.0501358
-------------------------------
Output1 for generation 2851:

Oceanic mean pheno: 6.09482
Freshwater mean pheno: -9.72388
mean Ocean/Fresh Fst: 0.0361412
between lakes Fst: 0.492985
between Marine Regions Fst: 0.046054
-------------------------------
Output1 for generation 2901:

Oceanic mean pheno: 6.06936
Freshwater mean pheno: -9.72198
mean Ocean/Fresh Fst: 0.0367663
between lakes Fst: 0.451136
between Marine Regions Fst: 0.0434895
-------------------------------
Output1 for generation 2951:

Oceanic mean pheno: 6.36997
Freshwater mean pheno: -9.82738
mean Ocean/Fresh Fst: 0.0354415
between lakes Fst: 0.472926
between Marine Regions Fst: 0.0443033
-------------------------------
Output1 for generation 3001:

Oceanic mean pheno: 7.30511
Freshwater mean pheno: -9.60431
mean Ocean/Fresh Fst: 0.0353861
between lakes Fst: 0.469191
between Marine Regions Fst: 0.0502207
-------------------------------
Output1 for generation 3051:

Oceanic mean pheno: 7.13051
Freshwater mean pheno: -9.50197
mean Ocean/Fresh Fst: 0.0386773
between lakes Fst: 0.462403
between Marine Regions Fst: 0.0530422
-------------------------------
Output1 for generation 3101:

Oceanic mean pheno: 7.49367
Freshwater mean pheno: -9.32639
mean Ocean/Fresh Fst: 0.0400207
between lakes Fst: 0.395282
between Marine Regions Fst: 0.0534273
-------------------------------
Output1 for generation 3151:

Oceanic mean pheno: 8.08239
Freshwater mean pheno: -9.05346
mean Ocean/Fresh Fst: 0.0401068
between lakes Fst: 0.379572
between Marine Regions Fst: 0.0572029
-------------------------------
Output1 for generation 3201:

Oceanic mean pheno: 7.88293
Freshwater mean pheno: -9.0154
mean Ocean/Fresh Fst: 0.0414329
between lakes Fst: 0.442326
between Marine Regions Fst: 0.0452997
-------------------------------
Output1 for generation 3251:

Oceanic mean pheno: 8.19445
Freshwater mean pheno: -9.12801
mean Ocean/Fresh Fst: 0.04672
between lakes Fst: 0.465635
between Marine Regions Fst: 0.0390711
-------------------------------
Output1 for generation 3301:

Oceanic mean pheno: 7.86201
Freshwater mean pheno: -9.16046
mean Ocean/Fresh Fst: 0.0406677
between lakes Fst: 0.446692
between Marine Regions Fst: 0.0336352
-------------------------------
Output1 for generation 3351:

Oceanic mean pheno: 7.0446
Freshwater mean pheno: -8.98114
mean Ocean/Fresh Fst: 0.0419276
between lakes Fst: 0.526257
between Marine Regions Fst: 0.0432785
-------------------------------
Output1 for generation 3401:

Oceanic mean pheno: 7.30848
Freshwater mean pheno: -8.88154
mean Ocean/Fresh Fst: 0.0414089
between lakes Fst: 0.471691
between Marine Regions Fst: 0.0450845
-------------------------------
Output1 for generation 3451:

Oceanic mean pheno: 7.19282
Freshwater mean pheno: -8.9709
mean Ocean/Fresh Fst: 0.0399389
between lakes Fst: 0.466579
between Marine Regions Fst: 0.0361733
-------------------------------
Output1 for generation 3501:

Oceanic mean pheno: 7.08562
Freshwater mean pheno: -9.20173
mean Ocean/Fresh Fst: 0.0399593
between lakes Fst: 0.494807
between Marine Regions Fst: 0.0398388
-------------------------------
Output1 for generation 3551:

Oceanic mean pheno: 8.16054
Freshwater mean pheno: -9.10116
mean Ocean/Fresh Fst: 0.0413348
between lakes Fst: 0.46092
between Marine Regions Fst: 0.0433891
-------------------------------
Output1 for generation 3601:

Oceanic mean pheno: 7.8546
Freshwater mean pheno: -9.17644
mean Ocean/Fresh Fst: 0.0377942
between lakes Fst: 0.478637
between Marine Regions Fst: 0.0475666
-------------------------------
Output1 for generation 3651:

Oceanic mean pheno: 7.77838
Freshwater mean pheno: -9.00192
mean Ocean/Fresh Fst: 0.0375266
between lakes Fst: 0.492333
between Marine Regions Fst: 0.0446737
-------------------------------
Output1 for generation 3701:

Oceanic mean pheno: 7.51339
Freshwater mean pheno: -9.22445
mean Ocean/Fresh Fst: 0.0376153
between lakes Fst: 0.544055
between Marine Regions Fst: 0.0490352
-------------------------------
Output1 for generation 3751:

Oceanic mean pheno: 7.41312
Freshwater mean pheno: -9.29227
mean Ocean/Fresh Fst: 0.0415722
between lakes Fst: 0.559131
between Marine Regions Fst: 0.0454161
-------------------------------
Output1 for generation 3801:

Oceanic mean pheno: 7.98543
Freshwater mean pheno: -9.25936
mean Ocean/Fresh Fst: 0.0404427
between lakes Fst: 0.501725
between Marine Regions Fst: 0.0402653
-------------------------------
Output1 for generation 3851:

Oceanic mean pheno: 8.6154
Freshwater mean pheno: -9.33181
mean Ocean/Fresh Fst: 0.0443592
between lakes Fst: 0.532282
between Marine Regions Fst: 0.0448407
-------------------------------
Output1 for generation 3901:

Oceanic mean pheno: 8.46428
Freshwater mean pheno: -9.24669
mean Ocean/Fresh Fst: 0.0409686
between lakes Fst: 0.462056
between Marine Regions Fst: 0.0434421
-------------------------------
Output1 for generation 3951:

Oceanic mean pheno: 8.14398
Freshwater mean pheno: -9.07583
mean Ocean/Fresh Fst: 0.0415267
between lakes Fst: 0.518527
between Marine Regions Fst: 0.0506827
-------------------------------
Output1 for generation 4001:

Oceanic mean pheno: 8.22756
Freshwater mean pheno: -9.32499
mean Ocean/Fresh Fst: 0.0387544
between lakes Fst: 0.455872
between Marine Regions Fst: 0.0478217
-------------------------------
Output1 for generation 4051:

Oceanic mean pheno: 8.24456
Freshwater mean pheno: -9.26198
mean Ocean/Fresh Fst: 0.0398603
between lakes Fst: 0.454784
between Marine Regions Fst: 0.053635
-------------------------------
Output1 for generation 4101:

Oceanic mean pheno: 8.79967
Freshwater mean pheno: -9.09136
mean Ocean/Fresh Fst: 0.0412075
between lakes Fst: 0.542115
between Marine Regions Fst: 0.051199
-------------------------------
Output1 for generation 4151:

Oceanic mean pheno: 8.62902
Freshwater mean pheno: -9.21969
mean Ocean/Fresh Fst: 0.0370295
between lakes Fst: 0.416876
between Marine Regions Fst: 0.062457
-------------------------------
Output1 for generation 4201:

Oceanic mean pheno: 7.90363
Freshwater mean pheno: -9.21038
mean Ocean/Fresh Fst: 0.0368636
between lakes Fst: 0.478044
between Marine Regions Fst: 0.0531212
-------------------------------
Output1 for generation 4251:

Oceanic mean pheno: 7.78664
Freshwater mean pheno: -8.85872
mean Ocean/Fresh Fst: 0.0336126
between lakes Fst: 0.447143
between Marine Regions Fst: 0.0493028
-------------------------------
Output1 for generation 4301:

Oceanic mean pheno: 8.00885
Freshwater mean pheno: -9.01264
mean Ocean/Fresh Fst: 0.0336351
between lakes Fst: 0.431067
between Marine Regions Fst: 0.0398251
-------------------------------
Output1 for generation 4351:

Oceanic mean pheno: 8.98093
Freshwater mean pheno: -9.0783
mean Ocean/Fresh Fst: 0.0395517
between lakes Fst: 0.482343
between Marine Regions Fst: 0.0419648
-------------------------------
Output1 for generation 4401:

Oceanic mean pheno: 8.84091
Freshwater mean pheno: -9.10962
mean Ocean/Fresh Fst: 0.0396924
between lakes Fst: 0.500428
between Marine Regions Fst: 0.0454107
-------------------------------
Output1 for generation 4451:

Oceanic mean pheno: 8.76383
Freshwater mean pheno: -8.88853
mean Ocean/Fresh Fst: 0.0385615
between lakes Fst: 0.504386
between Marine Regions Fst: 0.0484587
-------------------------------
Output1 for generation 4501:

Oceanic mean pheno: 8.88857
Freshwater mean pheno: -8.76561
mean Ocean/Fresh Fst: 0.0437927
between lakes Fst: 0.554813
between Marine Regions Fst: 0.0479885
-------------------------------
Output1 for generation 4551:

Oceanic mean pheno: 8.60733
Freshwater mean pheno: -8.81073
mean Ocean/Fresh Fst: 0.0353517
between lakes Fst: 0.491988
between Marine Regions Fst: 0.044734
-------------------------------
Output1 for generation 4601:

Oceanic mean pheno: 8.90879
Freshwater mean pheno: -9.01328
mean Ocean/Fresh Fst: 0.0371214
between lakes Fst: 0.53529
between Marine Regions Fst: 0.0419916
-------------------------------
Output1 for generation 4651:

Oceanic mean pheno: 8.46206
Freshwater mean pheno: -9.06216
mean Ocean/Fresh Fst: 0.0377345
between lakes Fst: 0.522738
between Marine Regions Fst: 0.046313
-------------------------------
Output1 for generation 4701:

Oceanic mean pheno: 8.56037
Freshwater mean pheno: -8.97687
mean Ocean/Fresh Fst: 0.0393168
between lakes Fst: 0.476523
between Marine Regions Fst: 0.0427182
-------------------------------
Output1 for generation 4751:

Oceanic mean pheno: 8.86854
Freshwater mean pheno: -9.0683
mean Ocean/Fresh Fst: 0.0402121
between lakes Fst: 0.491983
between Marine Regions Fst: 0.0459176
-------------------------------
Output1 for generation 4801:

Oceanic mean pheno: 8.52627
Freshwater mean pheno: -9.27393
mean Ocean/Fresh Fst: 0.0410761
between lakes Fst: 0.55894
between Marine Regions Fst: 0.0472321
-------------------------------
Output1 for generation 4851:

Oceanic mean pheno: 8.29651
Freshwater mean pheno: -9.10263
mean Ocean/Fresh Fst: 0.0376993
between lakes Fst: 0.513671
between Marine Regions Fst: 0.0438536
-------------------------------
Output1 for generation 4901:

Oceanic mean pheno: 8.47096
Freshwater mean pheno: -9.20223
mean Ocean/Fresh Fst: 0.0374431
between lakes Fst: 0.518246
between Marine Regions Fst: 0.0461868
-------------------------------
Output1 for generation 4951:

Oceanic mean pheno: 8.58226
Freshwater mean pheno: -9.21785
mean Ocean/Fresh Fst: 0.0399591
between lakes Fst: 0.535779
between Marine Regions Fst: 0.0560651
-------------------------------
Output1 for generation 5001:

Oceanic mean pheno: 8.22674
Freshwater mean pheno: -9.22685
mean Ocean/Fresh Fst: 0.0363815
between lakes Fst: 0.524615
between Marine Regions Fst: 0.0479675
-------------------------------
Output1 for generation 5051:

Oceanic mean pheno: 7.72122
Freshwater mean pheno: -9.43683
mean Ocean/Fresh Fst: 0.0347261
between lakes Fst: 0.494804
between Marine Regions Fst: 0.0553292
-------------------------------
Output1 for generation 5101:

Oceanic mean pheno: 7.75703
Freshwater mean pheno: -9.37034
mean Ocean/Fresh Fst: 0.0332789
between lakes Fst: 0.514325
between Marine Regions Fst: 0.0456624
-------------------------------
Output1 for generation 5151:

Oceanic mean pheno: 7.42978
Freshwater mean pheno: -9.20621
mean Ocean/Fresh Fst: 0.030661
between lakes Fst: 0.47872
between Marine Regions Fst: 0.0381192
-------------------------------
Output1 for generation 5201:

Oceanic mean pheno: 7.44684
Freshwater mean pheno: -9.0593
mean Ocean/Fresh Fst: 0.0320512
between lakes Fst: 0.524932
between Marine Regions Fst: 0.0512115
-------------------------------
Output1 for generation 5251:

Oceanic mean pheno: 7.36261
Freshwater mean pheno: -9.08492
mean Ocean/Fresh Fst: 0.0298981
between lakes Fst: 0.466681
between Marine Regions Fst: 0.0489883
-------------------------------
Output1 for generation 5301:

Oceanic mean pheno: 7.30069
Freshwater mean pheno: -9.13308
mean Ocean/Fresh Fst: 0.0336728
between lakes Fst: 0.518894
between Marine Regions Fst: 0.052323
-------------------------------
Output1 for generation 5351:

Oceanic mean pheno: 7.06583
Freshwater mean pheno: -9.18541
mean Ocean/Fresh Fst: 0.0322335
between lakes Fst: 0.531483
between Marine Regions Fst: 0.0558995
-------------------------------
Output1 for generation 5401:

Oceanic mean pheno: 7.05616
Freshwater mean pheno: -9.02372
mean Ocean/Fresh Fst: 0.029988
between lakes Fst: 0.490835
between Marine Regions Fst: 0.0533544
-------------------------------
Output1 for generation 5451:

Oceanic mean pheno: 8.54047
Freshwater mean pheno: -9.20988
mean Ocean/Fresh Fst: 0.0356902
between lakes Fst: 0.577332
between Marine Regions Fst: 0.052198
-------------------------------
Output1 for generation 5501:

Oceanic mean pheno: 8.37073
Freshwater mean pheno: -9.19588
mean Ocean/Fresh Fst: 0.0359969
between lakes Fst: 0.562439
between Marine Regions Fst: 0.0502691
-------------------------------
Output1 for generation 5551:

Oceanic mean pheno: 7.91454
Freshwater mean pheno: -9.01636
mean Ocean/Fresh Fst: 0.0314251
between lakes Fst: 0.551202
between Marine Regions Fst: 0.0497511
-------------------------------
Output1 for generation 5601:

Oceanic mean pheno: 8.56772
Freshwater mean pheno: -9.18347
mean Ocean/Fresh Fst: 0.0318245
between lakes Fst: 0.525069
between Marine Regions Fst: 0.056223
-------------------------------
Output1 for generation 5651:

Oceanic mean pheno: 8.23943
Freshwater mean pheno: -9.16055
mean Ocean/Fresh Fst: 0.0297989
between lakes Fst: 0.506703
between Marine Regions Fst: 0.0556533
-------------------------------
Output1 for generation 5701:

Oceanic mean pheno: 8.252
Freshwater mean pheno: -9.23588
mean Ocean/Fresh Fst: 0.0290199
between lakes Fst: 0.500809
between Marine Regions Fst: 0.0442495
-------------------------------
Output1 for generation 5751:

Oceanic mean pheno: 7.78994
Freshwater mean pheno: -9.3742
mean Ocean/Fresh Fst: 0.0299999
between lakes Fst: 0.564222
between Marine Regions Fst: 0.0442633
-------------------------------
Output1 for generation 5801:

Oceanic mean pheno: 8.62899
Freshwater mean pheno: -9.22184
mean Ocean/Fresh Fst: 0.0341645
between lakes Fst: 0.605665
between Marine Regions Fst: 0.0452791
-------------------------------
Output1 for generation 5851:

Oceanic mean pheno: 8.22944
Freshwater mean pheno: -9.11764
mean Ocean/Fresh Fst: 0.0316651
between lakes Fst: 0.550812
between Marine Regions Fst: 0.04768
-------------------------------
Output1 for generation 5901:

Oceanic mean pheno: 7.15778
Freshwater mean pheno: -9.29087
mean Ocean/Fresh Fst: 0.0297362
between lakes Fst: 0.535646
between Marine Regions Fst: 0.0462248
-------------------------------
Output1 for generation 5951:

Oceanic mean pheno: 6.75649
Freshwater mean pheno: -9.3073
mean Ocean/Fresh Fst: 0.0308228
between lakes Fst: 0.572239
between Marine Regions Fst: 0.0540306
-------------------------------
Output1 for generation 6001:

Oceanic mean pheno: 6.87386
Freshwater mean pheno: -9.30159
mean Ocean/Fresh Fst: 0.0308531
between lakes Fst: 0.556107
between Marine Regions Fst: 0.050435
-------------------------------
Output1 for generation 6051:

Oceanic mean pheno: 7.91986
Freshwater mean pheno: -9.22073
mean Ocean/Fresh Fst: 0.0319408
between lakes Fst: 0.57558
between Marine Regions Fst: 0.0513752
-------------------------------
Output1 for generation 6101:

Oceanic mean pheno: 7.83201
Freshwater mean pheno: -9.27782
mean Ocean/Fresh Fst: 0.031803
between lakes Fst: 0.593443
between Marine Regions Fst: 0.0505019
-------------------------------
Output1 for generation 6151:

Oceanic mean pheno: 8.41607
Freshwater mean pheno: -9.26262
mean Ocean/Fresh Fst: 0.031345
between lakes Fst: 0.552636
between Marine Regions Fst: 0.0514108
-------------------------------
Output1 for generation 6201:

Oceanic mean pheno: 9.20885
Freshwater mean pheno: -9.19859
mean Ocean/Fresh Fst: 0.0345572
between lakes Fst: 0.612973
between Marine Regions Fst: 0.0508946
-------------------------------
Output1 for generation 6251:

Oceanic mean pheno: 8.58319
Freshwater mean pheno: -9.40733
mean Ocean/Fresh Fst: 0.0326343
between lakes Fst: 0.589742
between Marine Regions Fst: 0.0526595
-------------------------------
Output1 for generation 6301:

Oceanic mean pheno: 8.72335
Freshwater mean pheno: -9.50618
mean Ocean/Fresh Fst: 0.036806
between lakes Fst: 0.539086
between Marine Regions Fst: 0.057001
-------------------------------
Output1 for generation 6351:

Oceanic mean pheno: 8.68693
Freshwater mean pheno: -9.61302
mean Ocean/Fresh Fst: 0.0346268
between lakes Fst: 0.50757
between Marine Regions Fst: 0.0532439
-------------------------------
Output1 for generation 6401:

Oceanic mean pheno: 8.02382
Freshwater mean pheno: -9.72458
mean Ocean/Fresh Fst: 0.0331838
between lakes Fst: 0.493703
between Marine Regions Fst: 0.049546
-------------------------------
Output1 for generation 6451:

Oceanic mean pheno: 7.99319
Freshwater mean pheno: -9.59763
mean Ocean/Fresh Fst: 0.0328521
between lakes Fst: 0.530842
between Marine Regions Fst: 0.0569213
-------------------------------
Output1 for generation 6501:

Oceanic mean pheno: 8.89353
Freshwater mean pheno: -9.42814
mean Ocean/Fresh Fst: 0.0323951
between lakes Fst: 0.503883
between Marine Regions Fst: 0.0434717
-------------------------------
Output1 for generation 6551:

Oceanic mean pheno: 9.26312
Freshwater mean pheno: -9.49381
mean Ocean/Fresh Fst: 0.0386591
between lakes Fst: 0.580673
between Marine Regions Fst: 0.0506627
-------------------------------
Output1 for generation 6601:

Oceanic mean pheno: 8.52888
Freshwater mean pheno: -9.51262
mean Ocean/Fresh Fst: 0.0367186
between lakes Fst: 0.540003
between Marine Regions Fst: 0.0531726
-------------------------------
Output1 for generation 6651:

Oceanic mean pheno: 7.47131
Freshwater mean pheno: -9.37501
mean Ocean/Fresh Fst: 0.0352066
between lakes Fst: 0.528731
between Marine Regions Fst: 0.0559667
-------------------------------
Output1 for generation 6701:

Oceanic mean pheno: 8.12762
Freshwater mean pheno: -9.28978
mean Ocean/Fresh Fst: 0.0326719
between lakes Fst: 0.523352
between Marine Regions Fst: 0.0485911
-------------------------------
Output1 for generation 6751:

Oceanic mean pheno: 7.02903
Freshwater mean pheno: -9.35148
mean Ocean/Fresh Fst: 0.0310507
between lakes Fst: 0.499999
between Marine Regions Fst: 0.0503257
-------------------------------
Output1 for generation 6801:

Oceanic mean pheno: 7.24825
Freshwater mean pheno: -9.42168
mean Ocean/Fresh Fst: 0.030633
between lakes Fst: 0.545048
between Marine Regions Fst: 0.0508072
-------------------------------
Output1 for generation 6851:

Oceanic mean pheno: 7.25703
Freshwater mean pheno: -9.4632
mean Ocean/Fresh Fst: 0.0313335
between lakes Fst: 0.557875
between Marine Regions Fst: 0.0511583
-------------------------------
Output1 for generation 6901:

Oceanic mean pheno: 7.34824
Freshwater mean pheno: -9.38907
mean Ocean/Fresh Fst: 0.0322338
between lakes Fst: 0.545276
between Marine Regions Fst: 0.0431477
-------------------------------
Output1 for generation 6951:

Oceanic mean pheno: 7.95275
Freshwater mean pheno: -9.33999
mean Ocean/Fresh Fst: 0.0325464
between lakes Fst: 0.503787
between Marine Regions Fst: 0.0437011
-------------------------------
Output1 for generation 7001:

Oceanic mean pheno: 8.52509
Freshwater mean pheno: -9.30318
mean Ocean/Fresh Fst: 0.0343015
between lakes Fst: 0.502874
between Marine Regions Fst: 0.0398076
-------------------------------
Output1 for generation 7051:

Oceanic mean pheno: 8.80306
Freshwater mean pheno: -9.15425
mean Ocean/Fresh Fst: 0.0369661
between lakes Fst: 0.532413
between Marine Regions Fst: 0.0439742
-------------------------------
Output1 for generation 7101:

Oceanic mean pheno: 7.60093
Freshwater mean pheno: -8.94374
mean Ocean/Fresh Fst: 0.0329517
between lakes Fst: 0.537762
between Marine Regions Fst: 0.0413143
-------------------------------
Output1 for generation 7151:

Oceanic mean pheno: 7.52447
Freshwater mean pheno: -8.92981
mean Ocean/Fresh Fst: 0.0329032
between lakes Fst: 0.597888
between Marine Regions Fst: 0.0384557
-------------------------------
Output1 for generation 7201:

Oceanic mean pheno: 8.87792
Freshwater mean pheno: -8.12578
mean Ocean/Fresh Fst: 0.0361941
between lakes Fst: 0.57415
between Marine Regions Fst: 0.0396561
-------------------------------
Output1 for generation 7251:

Oceanic mean pheno: 9.07143
Freshwater mean pheno: -7.92436
mean Ocean/Fresh Fst: 0.0366199
between lakes Fst: 0.565552
between Marine Regions Fst: 0.0521425
-------------------------------
Output1 for generation 7301:

Oceanic mean pheno: 8.37116
Freshwater mean pheno: -8.04794
mean Ocean/Fresh Fst: 0.0337314
between lakes Fst: 0.542899
between Marine Regions Fst: 0.045206
-------------------------------
Output1 for generation 7351:

Oceanic mean pheno: 9.37895
Freshwater mean pheno: -8.25306
mean Ocean/Fresh Fst: 0.0345129
between lakes Fst: 0.53675
between Marine Regions Fst: 0.0450866
-------------------------------
Output1 for generation 7401:

Oceanic mean pheno: 8.5684
Freshwater mean pheno: -8.14833
mean Ocean/Fresh Fst: 0.0339092
between lakes Fst: 0.565956
between Marine Regions Fst: 0.0462386
-------------------------------
Output1 for generation 7451:

Oceanic mean pheno: 9.0135
Freshwater mean pheno: -8.30653
mean Ocean/Fresh Fst: 0.0353147
between lakes Fst: 0.555981
between Marine Regions Fst: 0.0507062
-------------------------------
Output1 for generation 7501:

Oceanic mean pheno: 8.25593
Freshwater mean pheno: -8.31903
mean Ocean/Fresh Fst: 0.0325122
between lakes Fst: 0.473833
between Marine Regions Fst: 0.0450843
-------------------------------
Output1 for generation 7551:

Oceanic mean pheno: 7.59222
Freshwater mean pheno: -8.31816
mean Ocean/Fresh Fst: 0.033489
between lakes Fst: 0.550375
between Marine Regions Fst: 0.0497745
-------------------------------
Output1 for generation 7601:

Oceanic mean pheno: 7.86668
Freshwater mean pheno: -8.27767
mean Ocean/Fresh Fst: 0.0337793
between lakes Fst: 0.495111
between Marine Regions Fst: 0.055855
-------------------------------
Output1 for generation 7651:

Oceanic mean pheno: 8.72409
Freshwater mean pheno: -8.27929
mean Ocean/Fresh Fst: 0.0369022
between lakes Fst: 0.551649
between Marine Regions Fst: 0.055904
-------------------------------
Output1 for generation 7701:

Oceanic mean pheno: 8.97351
Freshwater mean pheno: -8.28866
mean Ocean/Fresh Fst: 0.0339452
between lakes Fst: 0.489298
between Marine Regions Fst: 0.0511007
-------------------------------
Output1 for generation 7751:

Oceanic mean pheno: 9.10429
Freshwater mean pheno: -8.21979
mean Ocean/Fresh Fst: 0.0315584
between lakes Fst: 0.50727
between Marine Regions Fst: 0.0584715
-------------------------------
Output1 for generation 7801:

Oceanic mean pheno: 9.02027
Freshwater mean pheno: -8.10698
mean Ocean/Fresh Fst: 0.0321959
between lakes Fst: 0.588864
between Marine Regions Fst: 0.0511004
-------------------------------
Output1 for generation 7851:

Oceanic mean pheno: 8.82371
Freshwater mean pheno: -8.36985
mean Ocean/Fresh Fst: 0.0322809
between lakes Fst: 0.542209
between Marine Regions Fst: 0.0458714
-------------------------------
Output1 for generation 7901:

Oceanic mean pheno: 8.50169
Freshwater mean pheno: -8.53192
mean Ocean/Fresh Fst: 0.0296896
between lakes Fst: 0.567195
between Marine Regions Fst: 0.0493658
-------------------------------
Output1 for generation 7951:

Oceanic mean pheno: 8.13517
Freshwater mean pheno: -8.46478
mean Ocean/Fresh Fst: 0.0337229
between lakes Fst: 0.545485
between Marine Regions Fst: 0.0550349
-------------------------------
Output1 for generation 8001:

Oceanic mean pheno: 7.87477
Freshwater mean pheno: -8.4735
mean Ocean/Fresh Fst: 0.0310874
between lakes Fst: 0.55222
between Marine Regions Fst: 0.0569303
-------------------------------
Output1 for generation 8051:

Oceanic mean pheno: 7.88819
Freshwater mean pheno: -8.52005
mean Ocean/Fresh Fst: 0.0347253
between lakes Fst: 0.573207
between Marine Regions Fst: 0.0688833
-------------------------------
Output1 for generation 8101:

Oceanic mean pheno: 8.37471
Freshwater mean pheno: -8.47601
mean Ocean/Fresh Fst: 0.0319194
between lakes Fst: 0.56027
between Marine Regions Fst: 0.0498071
-------------------------------
Output1 for generation 8151:

Oceanic mean pheno: 8.46395
Freshwater mean pheno: -8.41783
mean Ocean/Fresh Fst: 0.0325206
between lakes Fst: 0.567501
between Marine Regions Fst: 0.0570953
-------------------------------
Output1 for generation 8201:

Oceanic mean pheno: 8.78678
Freshwater mean pheno: -8.47345
mean Ocean/Fresh Fst: 0.0312825
between lakes Fst: 0.567037
between Marine Regions Fst: 0.0464611
-------------------------------
Output1 for generation 8251:

Oceanic mean pheno: 7.88583
Freshwater mean pheno: -8.56161
mean Ocean/Fresh Fst: 0.0280458
between lakes Fst: 0.563795
between Marine Regions Fst: 0.0513401
-------------------------------
Output1 for generation 8301:

Oceanic mean pheno: 6.99844
Freshwater mean pheno: -8.6412
mean Ocean/Fresh Fst: 0.0284231
between lakes Fst: 0.508174
between Marine Regions Fst: 0.0496917
-------------------------------
Output1 for generation 8351:

Oceanic mean pheno: 6.92261
Freshwater mean pheno: -8.70691
mean Ocean/Fresh Fst: 0.0302077
between lakes Fst: 0.557012
between Marine Regions Fst: 0.0475279
-------------------------------
Output1 for generation 8401:

Oceanic mean pheno: 7.00995
Freshwater mean pheno: -8.6102
mean Ocean/Fresh Fst: 0.0309224
between lakes Fst: 0.535231
between Marine Regions Fst: 0.0432292
-------------------------------
Output1 for generation 8451:

Oceanic mean pheno: 7.94966
Freshwater mean pheno: -8.74661
mean Ocean/Fresh Fst: 0.0324158
between lakes Fst: 0.596547
between Marine Regions Fst: 0.0510613
-------------------------------
Output1 for generation 8501:

Oceanic mean pheno: 8.02318
Freshwater mean pheno: -9.22906
mean Ocean/Fresh Fst: 0.0356962
between lakes Fst: 0.616111
between Marine Regions Fst: 0.0525864
-------------------------------
Output1 for generation 8551:

Oceanic mean pheno: 8.69555
Freshwater mean pheno: -9.21865
mean Ocean/Fresh Fst: 0.0359565
between lakes Fst: 0.580019
between Marine Regions Fst: 0.0479768
-------------------------------
Output1 for generation 8601:

Oceanic mean pheno: 7.85942
Freshwater mean pheno: -9.46191
mean Ocean/Fresh Fst: 0.0342432
between lakes Fst: 0.577179
between Marine Regions Fst: 0.0494761
-------------------------------
Output1 for generation 8651:

Oceanic mean pheno: 8.52281
Freshwater mean pheno: -9.24411
mean Ocean/Fresh Fst: 0.0351778
between lakes Fst: 0.592225
between Marine Regions Fst: 0.0527239
-------------------------------
Output1 for generation 8701:

Oceanic mean pheno: 8.93742
Freshwater mean pheno: -9.17231
mean Ocean/Fresh Fst: 0.0335828
between lakes Fst: 0.550989
between Marine Regions Fst: 0.0500688
-------------------------------
Output1 for generation 8751:

Oceanic mean pheno: 9.13019
Freshwater mean pheno: -9.22375
mean Ocean/Fresh Fst: 0.0347146
between lakes Fst: 0.567303
between Marine Regions Fst: 0.0509473
-------------------------------
Output1 for generation 8801:

Oceanic mean pheno: 9.08562
Freshwater mean pheno: -9.29503
mean Ocean/Fresh Fst: 0.0310425
between lakes Fst: 0.566234
between Marine Regions Fst: 0.0490225
-------------------------------
Output1 for generation 8851:

Oceanic mean pheno: 7.48388
Freshwater mean pheno: -9.62526
mean Ocean/Fresh Fst: 0.0326765
between lakes Fst: 0.567075
between Marine Regions Fst: 0.0545167
-------------------------------
Output1 for generation 8901:

Oceanic mean pheno: 8.44927
Freshwater mean pheno: -9.66566
mean Ocean/Fresh Fst: 0.0346605
between lakes Fst: 0.515942
between Marine Regions Fst: 0.0591583
-------------------------------
Output1 for generation 8951:

Oceanic mean pheno: 9.0597
Freshwater mean pheno: -9.8485
mean Ocean/Fresh Fst: 0.0341324
between lakes Fst: 0.571774
between Marine Regions Fst: 0.0524548
-------------------------------
Output1 for generation 9001:

Oceanic mean pheno: 9.43123
Freshwater mean pheno: -9.68588
mean Ocean/Fresh Fst: 0.0339359
between lakes Fst: 0.544058
between Marine Regions Fst: 0.0499985
-------------------------------
Output1 for generation 9051:

Oceanic mean pheno: 9.11105
Freshwater mean pheno: -9.44693
mean Ocean/Fresh Fst: 0.0354458
between lakes Fst: 0.626127
between Marine Regions Fst: 0.0525416
-------------------------------
Output1 for generation 9101:

Oceanic mean pheno: 8.22232
Freshwater mean pheno: -9.53638
mean Ocean/Fresh Fst: 0.0342106
between lakes Fst: 0.540139
between Marine Regions Fst: 0.0486833
-------------------------------
Output1 for generation 9151:

Oceanic mean pheno: 7.64563
Freshwater mean pheno: -9.6891
mean Ocean/Fresh Fst: 0.0336528
between lakes Fst: 0.595613
between Marine Regions Fst: 0.048851
-------------------------------
Output1 for generation 9201:

Oceanic mean pheno: 7.8939
Freshwater mean pheno: -9.77371
mean Ocean/Fresh Fst: 0.035686
between lakes Fst: 0.575555
between Marine Regions Fst: 0.0516496
-------------------------------
Output1 for generation 9251:

Oceanic mean pheno: 7.95748
Freshwater mean pheno: -9.55019
mean Ocean/Fresh Fst: 0.03507
between lakes Fst: 0.522264
between Marine Regions Fst: 0.0491549
-------------------------------
Output1 for generation 9301:

Oceanic mean pheno: 8.30806
Freshwater mean pheno: -9.64205
mean Ocean/Fresh Fst: 0.0364344
between lakes Fst: 0.560939
between Marine Regions Fst: 0.0540129
-------------------------------
Output1 for generation 9351:

Oceanic mean pheno: 7.92453
Freshwater mean pheno: -9.59101
mean Ocean/Fresh Fst: 0.0356635
between lakes Fst: 0.588329
between Marine Regions Fst: 0.0556513
-------------------------------
Output1 for generation 9401:

Oceanic mean pheno: 7.6611
Freshwater mean pheno: -9.64152
mean Ocean/Fresh Fst: 0.0337452
between lakes Fst: 0.574275
between Marine Regions Fst: 0.0502183
-------------------------------
Output1 for generation 9451:

Oceanic mean pheno: 8.01627
Freshwater mean pheno: -9.69979
mean Ocean/Fresh Fst: 0.0384532
between lakes Fst: 0.586614
between Marine Regions Fst: 0.0564542
-------------------------------
Output1 for generation 9501:

Oceanic mean pheno: 7.70199
Freshwater mean pheno: -9.94897
mean Ocean/Fresh Fst: 0.035314
between lakes Fst: 0.573974
between Marine Regions Fst: 0.0622918
-------------------------------
Output1 for generation 9551:

Oceanic mean pheno: 8.10309
Freshwater mean pheno: -9.69748
mean Ocean/Fresh Fst: 0.0331731
between lakes Fst: 0.528576
between Marine Regions Fst: 0.0498844
-------------------------------
Output1 for generation 9601:

Oceanic mean pheno: 8.58117
Freshwater mean pheno: -9.81499
mean Ocean/Fresh Fst: 0.0393042
between lakes Fst: 0.66272
between Marine Regions Fst: 0.0509322
-------------------------------
Output1 for generation 9651:

Oceanic mean pheno: 8.86974
Freshwater mean pheno: -9.84521
mean Ocean/Fresh Fst: 0.0374905
between lakes Fst: 0.558602
between Marine Regions Fst: 0.0562941
-------------------------------
Output1 for generation 9701:

Oceanic mean pheno: 9.24603
Freshwater mean pheno: -10.0785
mean Ocean/Fresh Fst: 0.0377548
between lakes Fst: 0.563744
between Marine Regions Fst: 0.0497034
-------------------------------
Output1 for generation 9751:

Oceanic mean pheno: 9.34641
Freshwater mean pheno: -9.91303
mean Ocean/Fresh Fst: 0.0379893
between lakes Fst: 0.535689
between Marine Regions Fst: 0.049072
-------------------------------
Output1 for generation 9801:

Oceanic mean pheno: 9.17221
Freshwater mean pheno: -9.77915
mean Ocean/Fresh Fst: 0.0386089
between lakes Fst: 0.5889
between Marine Regions Fst: 0.0502275
-------------------------------
Output1 for generation 9851:

Oceanic mean pheno: 8.37361
Freshwater mean pheno: -9.83791
mean Ocean/Fresh Fst: 0.0366241
between lakes Fst: 0.587268
between Marine Regions Fst: 0.0466523
-------------------------------
Output1 for generation 9901:

Oceanic mean pheno: 8.44972
Freshwater mean pheno: -9.83093
mean Ocean/Fresh Fst: 0.0354883
between lakes Fst: 0.545782
between Marine Regions Fst: 0.0520492
-------------------------------
Output1 for generation 9951:

Oceanic mean pheno: 7.56748
Freshwater mean pheno: -9.70184
mean Ocean/Fresh Fst: 0.0350772
between lakes Fst: 0.571376
between Marine Regions Fst: 0.0735526
-------------------------------
Output1 for generation 10001:

Oceanic mean pheno: 7.95208
Freshwater mean pheno: -9.61231
mean Ocean/Fresh Fst: 0.0347496
between lakes Fst: 0.591816
between Marine Regions Fst: 0.0638727
-------------------------------
Output1 for generation 10051:

Oceanic mean pheno: 7.88955
Freshwater mean pheno: -9.49442
mean Ocean/Fresh Fst: 0.0351625
between lakes Fst: 0.561305
between Marine Regions Fst: 0.0751455
-------------------------------
Output1 for generation 10101:

Oceanic mean pheno: 7.92408
Freshwater mean pheno: -9.71947
mean Ocean/Fresh Fst: 0.036498
between lakes Fst: 0.588948
between Marine Regions Fst: 0.0821737
-------------------------------
Output1 for generation 10151:

Oceanic mean pheno: 8.01937
Freshwater mean pheno: -9.74268
mean Ocean/Fresh Fst: 0.0379098
between lakes Fst: 0.555417
between Marine Regions Fst: 0.116217
-------------------------------
Output1 for generation 10201:

Oceanic mean pheno: 7.32035
Freshwater mean pheno: -9.58391
mean Ocean/Fresh Fst: 0.0338646
between lakes Fst: 0.555981
between Marine Regions Fst: 0.0498888
-------------------------------
Output1 for generation 10251:

Oceanic mean pheno: 7.215
Freshwater mean pheno: -9.7525
mean Ocean/Fresh Fst: 0.034441
between lakes Fst: 0.604356
between Marine Regions Fst: 0.0585875
-------------------------------
Output1 for generation 10301:

Oceanic mean pheno: 6.92873
Freshwater mean pheno: -9.8398
mean Ocean/Fresh Fst: 0.0327839
between lakes Fst: 0.563586
between Marine Regions Fst: 0.0469406
-------------------------------
Output1 for generation 10351:

Oceanic mean pheno: 6.5903
Freshwater mean pheno: -9.64129
mean Ocean/Fresh Fst: 0.0322975
between lakes Fst: 0.634235
between Marine Regions Fst: 0.0529367
-------------------------------
Output1 for generation 10401:

Oceanic mean pheno: 6.304
Freshwater mean pheno: -9.63579
mean Ocean/Fresh Fst: 0.0306226
between lakes Fst: 0.594411
between Marine Regions Fst: 0.0524739
-------------------------------
Output1 for generation 10451:

Oceanic mean pheno: 7.1225
Freshwater mean pheno: -9.59909
mean Ocean/Fresh Fst: 0.0313074
between lakes Fst: 0.603942
between Marine Regions Fst: 0.0474468
-------------------------------
Output1 for generation 10501:

Oceanic mean pheno: 8.12425
Freshwater mean pheno: -9.59797
mean Ocean/Fresh Fst: 0.0332007
between lakes Fst: 0.599918
between Marine Regions Fst: 0.0460298
-------------------------------
Output1 for generation 10551:

Oceanic mean pheno: 7.97001
Freshwater mean pheno: -9.68447
mean Ocean/Fresh Fst: 0.0310858
between lakes Fst: 0.574048
between Marine Regions Fst: 0.0478427
-------------------------------
Output1 for generation 10601:

Oceanic mean pheno: 8.04139
Freshwater mean pheno: -9.81489
mean Ocean/Fresh Fst: 0.0319228
between lakes Fst: 0.604103
between Marine Regions Fst: 0.0520559
-------------------------------
Output1 for generation 10651:

Oceanic mean pheno: 8.5512
Freshwater mean pheno: -9.79143
mean Ocean/Fresh Fst: 0.0338103
between lakes Fst: 0.635251
between Marine Regions Fst: 0.0506065
-------------------------------
Output1 for generation 10701:

Oceanic mean pheno: 8.85581
Freshwater mean pheno: -9.95544
mean Ocean/Fresh Fst: 0.0325388
between lakes Fst: 0.531178
between Marine Regions Fst: 0.051888
-------------------------------
Output1 for generation 10751:

Oceanic mean pheno: 8.40362
Freshwater mean pheno: -9.81908
mean Ocean/Fresh Fst: 0.0303409
between lakes Fst: 0.526741
between Marine Regions Fst: 0.0456669
-------------------------------
Output1 for generation 10801:

Oceanic mean pheno: 8.21954
Freshwater mean pheno: -9.91494
mean Ocean/Fresh Fst: 0.0330165
between lakes Fst: 0.591006
between Marine Regions Fst: 0.0471642
-------------------------------
Output1 for generation 10851:

Oceanic mean pheno: 8.26735
Freshwater mean pheno: -9.78744
mean Ocean/Fresh Fst: 0.0323229
between lakes Fst: 0.59917
between Marine Regions Fst: 0.0487349
-------------------------------
Output1 for generation 10901:

Oceanic mean pheno: 8.69161
Freshwater mean pheno: -9.88702
mean Ocean/Fresh Fst: 0.0334423
between lakes Fst: 0.633955
between Marine Regions Fst: 0.0480374
-------------------------------
Output1 for generation 10951:

Oceanic mean pheno: 8.00298
Freshwater mean pheno: -9.85096
mean Ocean/Fresh Fst: 0.0301294
between lakes Fst: 0.553239
between Marine Regions Fst: 0.047627
-------------------------------
Output1 for generation 11001:

Oceanic mean pheno: 8.63436
Freshwater mean pheno: -9.77062
mean Ocean/Fresh Fst: 0.0345628
between lakes Fst: 0.651468
between Marine Regions Fst: 0.0477018
-------------------------------
Output1 for generation 11051:

Oceanic mean pheno: 8.69257
Freshwater mean pheno: -9.64992
mean Ocean/Fresh Fst: 0.0359057
between lakes Fst: 0.643982
between Marine Regions Fst: 0.0534421
-------------------------------
Output1 for generation 11101:

Oceanic mean pheno: 8.48187
Freshwater mean pheno: -9.65734
mean Ocean/Fresh Fst: 0.0343406
between lakes Fst: 0.599129
between Marine Regions Fst: 0.0540721
-------------------------------
Output1 for generation 11151:

Oceanic mean pheno: 7.79469
Freshwater mean pheno: -9.63609
mean Ocean/Fresh Fst: 0.0327539
between lakes Fst: 0.591659
between Marine Regions Fst: 0.055579
-------------------------------
Output1 for generation 11201:

Oceanic mean pheno: 6.77909
Freshwater mean pheno: -9.5574
mean Ocean/Fresh Fst: 0.032102
between lakes Fst: 0.633002
between Marine Regions Fst: 0.0480063
-------------------------------
Output1 for generation 11251:

Oceanic mean pheno: 7.22688
Freshwater mean pheno: -9.47244
mean Ocean/Fresh Fst: 0.0313925
between lakes Fst: 0.611617
between Marine Regions Fst: 0.0576206
-------------------------------
Output1 for generation 11301:

Oceanic mean pheno: 6.84533
Freshwater mean pheno: -9.44829
mean Ocean/Fresh Fst: 0.0291828
between lakes Fst: 0.630357
between Marine Regions Fst: 0.0538753
-------------------------------
Output1 for generation 11351:

Oceanic mean pheno: 7.37496
Freshwater mean pheno: -9.54115
mean Ocean/Fresh Fst: 0.0312064
between lakes Fst: 0.65677
between Marine Regions Fst: 0.0507155
-------------------------------
Output1 for generation 11401:

Oceanic mean pheno: 7.82241
Freshwater mean pheno: -9.70823
mean Ocean/Fresh Fst: 0.0301928
between lakes Fst: 0.626421
between Marine Regions Fst: 0.0509916
-------------------------------
Output1 for generation 11451:

Oceanic mean pheno: 8.29424
Freshwater mean pheno: -9.57532
mean Ocean/Fresh Fst: 0.0304388
between lakes Fst: 0.631106
between Marine Regions Fst: 0.0539707
-------------------------------
Output1 for generation 11501:

Oceanic mean pheno: 7.96053
Freshwater mean pheno: -9.42962
mean Ocean/Fresh Fst: 0.0308652
between lakes Fst: 0.620051
between Marine Regions Fst: 0.0529488
-------------------------------
Output1 for generation 11551:

Oceanic mean pheno: 6.90496
Freshwater mean pheno: -9.56543
mean Ocean/Fresh Fst: 0.0271178
between lakes Fst: 0.574992
between Marine Regions Fst: 0.0510906
-------------------------------
Output1 for generation 11601:

Oceanic mean pheno: 7.3148
Freshwater mean pheno: -9.63964
mean Ocean/Fresh Fst: 0.0323971
between lakes Fst: 0.641057
between Marine Regions Fst: 0.0662835
-------------------------------
Output1 for generation 11651:

Oceanic mean pheno: 6.84585
Freshwater mean pheno: -9.46506
mean Ocean/Fresh Fst: 0.0300329
between lakes Fst: 0.606139
between Marine Regions Fst: 0.0490028
-------------------------------
Output1 for generation 11701:

Oceanic mean pheno: 7.47936
Freshwater mean pheno: -9.61802
mean Ocean/Fresh Fst: 0.0350693
between lakes Fst: 0.634429
between Marine Regions Fst: 0.0518319
-------------------------------
Output1 for generation 11751:

Oceanic mean pheno: 7.72228
Freshwater mean pheno: -9.85237
mean Ocean/Fresh Fst: 0.0359591
between lakes Fst: 0.625794
between Marine Regions Fst: 0.0519477
-------------------------------
Output1 for generation 11801:

Oceanic mean pheno: 7.72506
Freshwater mean pheno: -9.82275
mean Ocean/Fresh Fst: 0.0351002
between lakes Fst: 0.598783
between Marine Regions Fst: 0.0589384
-------------------------------
Output1 for generation 11851:

Oceanic mean pheno: 7.94882
Freshwater mean pheno: -10.0858
mean Ocean/Fresh Fst: 0.0375443
between lakes Fst: 0.592643
between Marine Regions Fst: 0.0549225
-------------------------------
Output1 for generation 11901:

Oceanic mean pheno: 8.62267
Freshwater mean pheno: -10.0332
mean Ocean/Fresh Fst: 0.0367574
between lakes Fst: 0.643118
between Marine Regions Fst: 0.0504834
-------------------------------
Output1 for generation 11951:

Oceanic mean pheno: 8.20009
Freshwater mean pheno: -10.0894
mean Ocean/Fresh Fst: 0.037138
between lakes Fst: 0.594944
between Marine Regions Fst: 0.04706
-------------------------------
Output1 for generation 12001:

Oceanic mean pheno: 7.76213
Freshwater mean pheno: -10.0426
mean Ocean/Fresh Fst: 0.0364944
between lakes Fst: 0.626914
between Marine Regions Fst: 0.04329
-------------------------------
Output1 for generation 12051:

Oceanic mean pheno: 6.8271
Freshwater mean pheno: -9.79578
mean Ocean/Fresh Fst: 0.0336171
between lakes Fst: 0.594713
between Marine Regions Fst: 0.0479142
-------------------------------
Output1 for generation 12101:

Oceanic mean pheno: 7.23341
Freshwater mean pheno: -9.69346
mean Ocean/Fresh Fst: 0.0360777
between lakes Fst: 0.618583
between Marine Regions Fst: 0.0479695
-------------------------------
Output1 for generation 12151:

Oceanic mean pheno: 8.17859
Freshwater mean pheno: -9.82121
mean Ocean/Fresh Fst: 0.0399866
between lakes Fst: 0.608593
between Marine Regions Fst: 0.0507283
-------------------------------
Output1 for generation 12201:

Oceanic mean pheno: 8.58466
Freshwater mean pheno: -9.73505
mean Ocean/Fresh Fst: 0.0401703
between lakes Fst: 0.625833
between Marine Regions Fst: 0.0495859
-------------------------------
Output1 for generation 12251:

Oceanic mean pheno: 7.29118
Freshwater mean pheno: -9.78652
mean Ocean/Fresh Fst: 0.0351237
between lakes Fst: 0.575267
between Marine Regions Fst: 0.0476765
-------------------------------
Output1 for generation 12301:

Oceanic mean pheno: 8.08184
Freshwater mean pheno: -9.63774
mean Ocean/Fresh Fst: 0.0366369
between lakes Fst: 0.597678
between Marine Regions Fst: 0.046538
-------------------------------
Output1 for generation 12351:

Oceanic mean pheno: 8.47061
Freshwater mean pheno: -9.64117
mean Ocean/Fresh Fst: 0.0378602
between lakes Fst: 0.614908
between Marine Regions Fst: 0.0532721
-------------------------------
Output1 for generation 12401:

Oceanic mean pheno: 8.33784
Freshwater mean pheno: -9.91948
mean Ocean/Fresh Fst: 0.0371077
between lakes Fst: 0.678864
between Marine Regions Fst: 0.0542874
-------------------------------
Output1 for generation 12451:

Oceanic mean pheno: 8.23923
Freshwater mean pheno: -9.93005
mean Ocean/Fresh Fst: 0.0350477
between lakes Fst: 0.646263
between Marine Regions Fst: 0.0472732
-------------------------------
Output1 for generation 12501:

Oceanic mean pheno: 8.75609
Freshwater mean pheno: -10.0235
mean Ocean/Fresh Fst: 0.036688
between lakes Fst: 0.594484
between Marine Regions Fst: 0.0462729
-------------------------------
Output1 for generation 12551:

Oceanic mean pheno: 8.85913
Freshwater mean pheno: -9.81704
mean Ocean/Fresh Fst: 0.0345037
between lakes Fst: 0.569748
between Marine Regions Fst: 0.0502272
-------------------------------
Output1 for generation 12601:

Oceanic mean pheno: 8.16673
Freshwater mean pheno: -9.66981
mean Ocean/Fresh Fst: 0.0367524
between lakes Fst: 0.61164
between Marine Regions Fst: 0.0554371
-------------------------------
Output1 for generation 12651:

Oceanic mean pheno: 8.24655
Freshwater mean pheno: -9.54105
mean Ocean/Fresh Fst: 0.0356021
between lakes Fst: 0.573827
between Marine Regions Fst: 0.0485216
-------------------------------
Output1 for generation 12701:

Oceanic mean pheno: 7.93989
Freshwater mean pheno: -9.51545
mean Ocean/Fresh Fst: 0.0358495
between lakes Fst: 0.640529
between Marine Regions Fst: 0.0548304
-------------------------------
Output1 for generation 12751:

Oceanic mean pheno: 8.3695
Freshwater mean pheno: -9.5954
mean Ocean/Fresh Fst: 0.0390224
between lakes Fst: 0.641345
between Marine Regions Fst: 0.0531327
-------------------------------
Output1 for generation 12801:

Oceanic mean pheno: 8.25765
Freshwater mean pheno: -9.54448
mean Ocean/Fresh Fst: 0.0370273
between lakes Fst: 0.595422
between Marine Regions Fst: 0.0563884
-------------------------------
Output1 for generation 12851:

Oceanic mean pheno: 7.97268
Freshwater mean pheno: -9.69684
mean Ocean/Fresh Fst: 0.0388335
between lakes Fst: 0.596227
between Marine Regions Fst: 0.0614261
-------------------------------
Output1 for generation 12901:

Oceanic mean pheno: 7.59873
Freshwater mean pheno: -9.65572
mean Ocean/Fresh Fst: 0.035959
between lakes Fst: 0.575728
between Marine Regions Fst: 0.0554857
-------------------------------
Output1 for generation 12951:

Oceanic mean pheno: 7.42855
Freshwater mean pheno: -9.80843
mean Ocean/Fresh Fst: 0.0346656
between lakes Fst: 0.610021
between Marine Regions Fst: 0.0520232
-------------------------------
Output1 for generation 13001:

Oceanic mean pheno: 8.08844
Freshwater mean pheno: -9.71041
mean Ocean/Fresh Fst: 0.0363897
between lakes Fst: 0.624469
between Marine Regions Fst: 0.0493211
-------------------------------
Output1 for generation 13051:

Oceanic mean pheno: 8.26853
Freshwater mean pheno: -9.54927
mean Ocean/Fresh Fst: 0.0373766
between lakes Fst: 0.590097
between Marine Regions Fst: 0.0525043
-------------------------------
Output1 for generation 13101:

Oceanic mean pheno: 8.01401
Freshwater mean pheno: -9.52734
mean Ocean/Fresh Fst: 0.0374447
between lakes Fst: 0.624069
between Marine Regions Fst: 0.0580296
-------------------------------
Output1 for generation 13151:

Oceanic mean pheno: 8.14401
Freshwater mean pheno: -9.6068
mean Ocean/Fresh Fst: 0.0358846
between lakes Fst: 0.588943
between Marine Regions Fst: 0.0628718
-------------------------------
Output1 for generation 13201:

Oceanic mean pheno: 8.4082
Freshwater mean pheno: -9.50734
mean Ocean/Fresh Fst: 0.0360306
between lakes Fst: 0.613547
between Marine Regions Fst: 0.062643
-------------------------------
Output1 for generation 13251:

Oceanic mean pheno: 8.09287
Freshwater mean pheno: -9.38305
mean Ocean/Fresh Fst: 0.0351976
between lakes Fst: 0.626474
between Marine Regions Fst: 0.0521915
-------------------------------
Output1 for generation 13301:

Oceanic mean pheno: 7.98294
Freshwater mean pheno: -9.36239
mean Ocean/Fresh Fst: 0.0338731
between lakes Fst: 0.639429
between Marine Regions Fst: 0.0518792
-------------------------------
Output1 for generation 13351:

Oceanic mean pheno: 8.197
Freshwater mean pheno: -9.3004
mean Ocean/Fresh Fst: 0.0346625
between lakes Fst: 0.658157
between Marine Regions Fst: 0.0584094
-------------------------------
Output1 for generation 13401:

Oceanic mean pheno: 8.47268
Freshwater mean pheno: -9.47704
mean Ocean/Fresh Fst: 0.0341266
between lakes Fst: 0.577198
between Marine Regions Fst: 0.0689352
-------------------------------
Output1 for generation 13451:

Oceanic mean pheno: 8.10324
Freshwater mean pheno: -9.25301
mean Ocean/Fresh Fst: 0.0320455
between lakes Fst: 0.58314
between Marine Regions Fst: 0.0599736
-------------------------------
Output1 for generation 13501:

Oceanic mean pheno: 7.87115
Freshwater mean pheno: -9.08462
mean Ocean/Fresh Fst: 0.0305613
between lakes Fst: 0.592796
between Marine Regions Fst: 0.0613667
-------------------------------
Output1 for generation 13551:

Oceanic mean pheno: 8.54341
Freshwater mean pheno: -9.12948
mean Ocean/Fresh Fst: 0.031734
between lakes Fst: 0.689821
between Marine Regions Fst: 0.0577056
-------------------------------
Output1 for generation 13601:

Oceanic mean pheno: 7.51103
Freshwater mean pheno: -9.04336
mean Ocean/Fresh Fst: 0.0324817
between lakes Fst: 0.692905
between Marine Regions Fst: 0.0571359
-------------------------------
Output1 for generation 13651:

Oceanic mean pheno: 8.01379
Freshwater mean pheno: -9.31409
mean Ocean/Fresh Fst: 0.0332376
between lakes Fst: 0.611557
between Marine Regions Fst: 0.0642969
-------------------------------
Output1 for generation 13701:

Oceanic mean pheno: 8.2229
Freshwater mean pheno: -9.15739
mean Ocean/Fresh Fst: 0.0322408
between lakes Fst: 0.590072
between Marine Regions Fst: 0.054738
-------------------------------
Output1 for generation 13751:

Oceanic mean pheno: 7.87211
Freshwater mean pheno: -9.20541
mean Ocean/Fresh Fst: 0.0321674
between lakes Fst: 0.602087
between Marine Regions Fst: 0.0477407
-------------------------------
Output1 for generation 13801:

Oceanic mean pheno: 8.16734
Freshwater mean pheno: -9.33837
mean Ocean/Fresh Fst: 0.0334941
between lakes Fst: 0.576663
between Marine Regions Fst: 0.055621
-------------------------------
Output1 for generation 13851:

Oceanic mean pheno: 7.89496
Freshwater mean pheno: -9.37144
mean Ocean/Fresh Fst: 0.0333389
between lakes Fst: 0.606233
between Marine Regions Fst: 0.0496991
-------------------------------
Output1 for generation 13901:

Oceanic mean pheno: 9.27872
Freshwater mean pheno: -9.53895
mean Ocean/Fresh Fst: 0.0348514
between lakes Fst: 0.597265
between Marine Regions Fst: 0.0507461
-------------------------------
Output1 for generation 13951:

Oceanic mean pheno: 8.09193
Freshwater mean pheno: -9.35507
mean Ocean/Fresh Fst: 0.0339173
between lakes Fst: 0.60389
between Marine Regions Fst: 0.0450677
-------------------------------
Output1 for generation 14001:

Oceanic mean pheno: 7.8226
Freshwater mean pheno: -9.09878
mean Ocean/Fresh Fst: 0.0339564
between lakes Fst: 0.601058
between Marine Regions Fst: 0.0511579
-------------------------------
Output1 for generation 14051:

Oceanic mean pheno: 7.61202
Freshwater mean pheno: -9.18062
mean Ocean/Fresh Fst: 0.0343816
between lakes Fst: 0.590468
between Marine Regions Fst: 0.0507986
-------------------------------
Output1 for generation 14101:

Oceanic mean pheno: 8.55631
Freshwater mean pheno: -8.9487
mean Ocean/Fresh Fst: 0.0360879
between lakes Fst: 0.591522
between Marine Regions Fst: 0.0542777
-------------------------------
Output1 for generation 14151:

Oceanic mean pheno: 8.74969
Freshwater mean pheno: -8.95197
mean Ocean/Fresh Fst: 0.0407168
between lakes Fst: 0.624857
between Marine Regions Fst: 0.05461
-------------------------------
Output1 for generation 14201:

Oceanic mean pheno: 9.01595
Freshwater mean pheno: -8.84447
mean Ocean/Fresh Fst: 0.0392845
between lakes Fst: 0.56061
between Marine Regions Fst: 0.0550307
-------------------------------
Output1 for generation 14251:

Oceanic mean pheno: 8.624
Freshwater mean pheno: -8.85982
mean Ocean/Fresh Fst: 0.0351089
between lakes Fst: 0.61203
between Marine Regions Fst: 0.0524179
-------------------------------
Output1 for generation 14301:

Oceanic mean pheno: 7.9197
Freshwater mean pheno: -8.82614
mean Ocean/Fresh Fst: 0.0334718
between lakes Fst: 0.620215
between Marine Regions Fst: 0.0418795
-------------------------------
Output1 for generation 14351:

Oceanic mean pheno: 7.24127
Freshwater mean pheno: -9.15816
mean Ocean/Fresh Fst: 0.0328208
between lakes Fst: 0.617737
between Marine Regions Fst: 0.0415087
-------------------------------
Output1 for generation 14401:

Oceanic mean pheno: 8.19484
Freshwater mean pheno: -9.13095
mean Ocean/Fresh Fst: 0.032628
between lakes Fst: 0.605263
between Marine Regions Fst: 0.0490017
-------------------------------
Output1 for generation 14451:

Oceanic mean pheno: 8.08945
Freshwater mean pheno: -9.20221
mean Ocean/Fresh Fst: 0.0323563
between lakes Fst: 0.602119
between Marine Regions Fst: 0.0501447
-------------------------------
Output1 for generation 14501:

Oceanic mean pheno: 7.8696
Freshwater mean pheno: -9.19857
mean Ocean/Fresh Fst: 0.0310759
between lakes Fst: 0.614648
between Marine Regions Fst: 0.0494564
-------------------------------
Output1 for generation 14551:

Oceanic mean pheno: 7.99988
Freshwater mean pheno: -9.17363
mean Ocean/Fresh Fst: 0.0321394
between lakes Fst: 0.650227
between Marine Regions Fst: 0.0464266
-------------------------------
Output1 for generation 14601:

Oceanic mean pheno: 8.60921
Freshwater mean pheno: -9.00669
mean Ocean/Fresh Fst: 0.0327472
between lakes Fst: 0.687729
between Marine Regions Fst: 0.0496184
-------------------------------
Output1 for generation 14651:

Oceanic mean pheno: 7.74297
Freshwater mean pheno: -8.9855
mean Ocean/Fresh Fst: 0.0295686
between lakes Fst: 0.59862
between Marine Regions Fst: 0.055477
-------------------------------
Output1 for generation 14701:

Oceanic mean pheno: 8.44475
Freshwater mean pheno: -8.95946
mean Ocean/Fresh Fst: 0.0288239
between lakes Fst: 0.628343
between Marine Regions Fst: 0.0475329
-------------------------------
Output1 for generation 14751:

Oceanic mean pheno: 8.06639
Freshwater mean pheno: -9.08708
mean Ocean/Fresh Fst: 0.0315595
between lakes Fst: 0.620715
between Marine Regions Fst: 0.0485266
-------------------------------
Output1 for generation 14801:

Oceanic mean pheno: 9.09332
Freshwater mean pheno: -8.99261
mean Ocean/Fresh Fst: 0.0317726
between lakes Fst: 0.608454
between Marine Regions Fst: 0.0555372
-------------------------------
Output1 for generation 14851:

Oceanic mean pheno: 8.96811
Freshwater mean pheno: -9.20336
mean Ocean/Fresh Fst: 0.0306214
between lakes Fst: 0.643389
between Marine Regions Fst: 0.0472337
-------------------------------
Output1 for generation 14901:

Oceanic mean pheno: 9.16293
Freshwater mean pheno: -9.48491
mean Ocean/Fresh Fst: 0.0313067
between lakes Fst: 0.616722
between Marine Regions Fst: 0.0548583
-------------------------------
Output1 for generation 14951:

Oceanic mean pheno: 10.8045
Freshwater mean pheno: -8.70226
mean Ocean/Fresh Fst: 0.0335759
between lakes Fst: 0.629523
between Marine Regions Fst: 0.0586128
-------------------------------
Output1 for generation 15001:

Oceanic mean pheno: 9.73362
Freshwater mean pheno: -8.89141
mean Ocean/Fresh Fst: 0.0337151
between lakes Fst: 0.713905
between Marine Regions Fst: 0.0539005
-------------------------------
Output1 for generation 15051:

Oceanic mean pheno: 9.38077
Freshwater mean pheno: -8.89724
mean Ocean/Fresh Fst: 0.0303209
between lakes Fst: 0.643092
between Marine Regions Fst: 0.0565347
-------------------------------
Output1 for generation 15101:

Oceanic mean pheno: 9.65414
Freshwater mean pheno: -8.87545
mean Ocean/Fresh Fst: 0.0341259
between lakes Fst: 0.68007
between Marine Regions Fst: 0.0670165
-------------------------------
Output1 for generation 15151:

Oceanic mean pheno: 9.35142
Freshwater mean pheno: -9.05347
mean Ocean/Fresh Fst: 0.0317246
between lakes Fst: 0.664362
between Marine Regions Fst: 0.0564423
-------------------------------
Output1 for generation 15201:

Oceanic mean pheno: 9.71706
Freshwater mean pheno: -8.86959
mean Ocean/Fresh Fst: 0.0323765
between lakes Fst: 0.642944
between Marine Regions Fst: 0.0524882
-------------------------------
Output1 for generation 15251:

Oceanic mean pheno: 9.42367
Freshwater mean pheno: -8.85373
mean Ocean/Fresh Fst: 0.0308
between lakes Fst: 0.584996
between Marine Regions Fst: 0.052093
-------------------------------
Output1 for generation 15301:

Oceanic mean pheno: 9.36398
Freshwater mean pheno: -8.93496
mean Ocean/Fresh Fst: 0.0298906
between lakes Fst: 0.629708
between Marine Regions Fst: 0.0531782
-------------------------------
Output1 for generation 15351:

Oceanic mean pheno: 9.69782
Freshwater mean pheno: -8.9737
mean Ocean/Fresh Fst: 0.0305684
between lakes Fst: 0.642034
between Marine Regions Fst: 0.0511164
-------------------------------
Output1 for generation 15401:

Oceanic mean pheno: 9.25457
Freshwater mean pheno: -8.77447
mean Ocean/Fresh Fst: 0.029442
between lakes Fst: 0.649331
between Marine Regions Fst: 0.0561333
-------------------------------
Output1 for generation 15451:

Oceanic mean pheno: 10.2645
Freshwater mean pheno: -8.8877
mean Ocean/Fresh Fst: 0.030738
between lakes Fst: 0.642279
between Marine Regions Fst: 0.0613167
-------------------------------
Output1 for generation 15501:

Oceanic mean pheno: 9.91906
Freshwater mean pheno: -8.78733
mean Ocean/Fresh Fst: 0.0317095
between lakes Fst: 0.654437
between Marine Regions Fst: 0.0564198
-------------------------------
Output1 for generation 15551:

Oceanic mean pheno: 10.1873
Freshwater mean pheno: -8.52007
mean Ocean/Fresh Fst: 0.0343232
between lakes Fst: 0.696644
between Marine Regions Fst: 0.0507893
-------------------------------
Output1 for generation 15601:

Oceanic mean pheno: 10.2837
Freshwater mean pheno: -8.53106
mean Ocean/Fresh Fst: 0.0329517
between lakes Fst: 0.586611
between Marine Regions Fst: 0.0498968
-------------------------------
Output1 for generation 15651:

Oceanic mean pheno: 10.015
Freshwater mean pheno: -8.87771
mean Ocean/Fresh Fst: 0.0332371
between lakes Fst: 0.668525
between Marine Regions Fst: 0.0487315
-------------------------------
Output1 for generation 15701:

Oceanic mean pheno: 9.62615
Freshwater mean pheno: -8.80195
mean Ocean/Fresh Fst: 0.0324518
between lakes Fst: 0.599871
between Marine Regions Fst: 0.046955
-------------------------------
Output1 for generation 15751:

Oceanic mean pheno: 9.58102
Freshwater mean pheno: -8.81454
mean Ocean/Fresh Fst: 0.0311313
between lakes Fst: 0.591055
between Marine Regions Fst: 0.0455019
-------------------------------
Output1 for generation 15801:

Oceanic mean pheno: 9.25327
Freshwater mean pheno: -8.82589
mean Ocean/Fresh Fst: 0.033524
between lakes Fst: 0.616179
between Marine Regions Fst: 0.0444175
-------------------------------
Output1 for generation 15851:

Oceanic mean pheno: 8.49279
Freshwater mean pheno: -8.80309
mean Ocean/Fresh Fst: 0.0296596
between lakes Fst: 0.606355
between Marine Regions Fst: 0.0469127
-------------------------------
Output1 for generation 15901:

Oceanic mean pheno: 8.10171
Freshwater mean pheno: -9.12828
mean Ocean/Fresh Fst: 0.0310286
between lakes Fst: 0.625303
between Marine Regions Fst: 0.0423165
-------------------------------
Output1 for generation 15951:

Oceanic mean pheno: 8.26423
Freshwater mean pheno: -9.15501
mean Ocean/Fresh Fst: 0.0339054
between lakes Fst: 0.682522
between Marine Regions Fst: 0.0478553
-------------------------------
Output1 for generation 16001:

Oceanic mean pheno: 7.66481
Freshwater mean pheno: -9.09706
mean Ocean/Fresh Fst: 0.0321895
between lakes Fst: 0.614535
between Marine Regions Fst: 0.0427381
-------------------------------
Output1 for generation 16051:

Oceanic mean pheno: 7.85345
Freshwater mean pheno: -9.22791
mean Ocean/Fresh Fst: 0.0332498
between lakes Fst: 0.678711
between Marine Regions Fst: 0.0453101
-------------------------------
Output1 for generation 16101:

Oceanic mean pheno: 8.41082
Freshwater mean pheno: -9.26799
mean Ocean/Fresh Fst: 0.0313885
between lakes Fst: 0.601685
between Marine Regions Fst: 0.0452762
-------------------------------
Output1 for generation 16151:

Oceanic mean pheno: 8.04918
Freshwater mean pheno: -9.29089
mean Ocean/Fresh Fst: 0.0312551
between lakes Fst: 0.611068
between Marine Regions Fst: 0.0491698
-------------------------------
Output1 for generation 16201:

Oceanic mean pheno: 8.47896
Freshwater mean pheno: -9.19924
mean Ocean/Fresh Fst: 0.0311175
between lakes Fst: 0.61695
between Marine Regions Fst: 0.0507073
-------------------------------
Output1 for generation 16251:

Oceanic mean pheno: 10.5917
Freshwater mean pheno: -9.15069
mean Ocean/Fresh Fst: 0.0352909
between lakes Fst: 0.712053
between Marine Regions Fst: 0.0493774
-------------------------------
Output1 for generation 16301:

Oceanic mean pheno: 10.5269
Freshwater mean pheno: -9.3218
mean Ocean/Fresh Fst: 0.0364653
between lakes Fst: 0.711057
between Marine Regions Fst: 0.045986
-------------------------------
Output1 for generation 16351:

Oceanic mean pheno: 10.3668
Freshwater mean pheno: -9.27149
mean Ocean/Fresh Fst: 0.0343239
between lakes Fst: 0.677686
between Marine Regions Fst: 0.0478718
-------------------------------
Output1 for generation 16401:

Oceanic mean pheno: 10.3332
Freshwater mean pheno: -9.1483
mean Ocean/Fresh Fst: 0.0349659
between lakes Fst: 0.635336
between Marine Regions Fst: 0.0500858
-------------------------------
Output1 for generation 16451:

Oceanic mean pheno: 9.18766
Freshwater mean pheno: -8.95081
mean Ocean/Fresh Fst: 0.0327557
between lakes Fst: 0.694455
between Marine Regions Fst: 0.047377
-------------------------------
Output1 for generation 16501:

Oceanic mean pheno: 9.18132
Freshwater mean pheno: -9.10162
mean Ocean/Fresh Fst: 0.0325338
between lakes Fst: 0.686535
between Marine Regions Fst: 0.0514336
-------------------------------
Output1 for generation 16551:

Oceanic mean pheno: 8.26274
Freshwater mean pheno: -8.89759
mean Ocean/Fresh Fst: 0.0333467
between lakes Fst: 0.66701
between Marine Regions Fst: 0.0529118
-------------------------------
Output1 for generation 16601:

Oceanic mean pheno: 8.76727
Freshwater mean pheno: -8.9474
mean Ocean/Fresh Fst: 0.0307278
between lakes Fst: 0.665686
between Marine Regions Fst: 0.0483774
-------------------------------
Output1 for generation 16651:

Oceanic mean pheno: 8.48075
Freshwater mean pheno: -8.85838
mean Ocean/Fresh Fst: 0.0290021
between lakes Fst: 0.631661
between Marine Regions Fst: 0.0539422
-------------------------------
Output1 for generation 16701:

Oceanic mean pheno: 8.41923
Freshwater mean pheno: -9.04915
mean Ocean/Fresh Fst: 0.0313089
between lakes Fst: 0.671866
between Marine Regions Fst: 0.0606402
-------------------------------
Output1 for generation 16751:

Oceanic mean pheno: 8.04467
Freshwater mean pheno: -8.98157
mean Ocean/Fresh Fst: 0.0276238
between lakes Fst: 0.674095
between Marine Regions Fst: 0.0492839
-------------------------------
Output1 for generation 16801:

Oceanic mean pheno: 7.80039
Freshwater mean pheno: -9.0916
mean Ocean/Fresh Fst: 0.0284372
between lakes Fst: 0.623885
between Marine Regions Fst: 0.0638814
-------------------------------
Output1 for generation 16851:

Oceanic mean pheno: 8.21012
Freshwater mean pheno: -8.84383
mean Ocean/Fresh Fst: 0.0298692
between lakes Fst: 0.63315
between Marine Regions Fst: 0.0584438
-------------------------------
Output1 for generation 16901:

Oceanic mean pheno: 8.2275
Freshwater mean pheno: -9.06879
mean Ocean/Fresh Fst: 0.0312728
between lakes Fst: 0.673383
between Marine Regions Fst: 0.0503768
-------------------------------
Output1 for generation 16951:

Oceanic mean pheno: 6.95289
Freshwater mean pheno: -9.19492
mean Ocean/Fresh Fst: 0.0293226
between lakes Fst: 0.586662
between Marine Regions Fst: 0.0516465
-------------------------------
Output1 for generation 17001:

Oceanic mean pheno: 7.45274
Freshwater mean pheno: -9.13427
mean Ocean/Fresh Fst: 0.0321945
between lakes Fst: 0.666438
between Marine Regions Fst: 0.0589099
-------------------------------
Output1 for generation 17051:

Oceanic mean pheno: 6.92976
Freshwater mean pheno: -9.1106
mean Ocean/Fresh Fst: 0.0305023
between lakes Fst: 0.697834
between Marine Regions Fst: 0.065399
-------------------------------
Output1 for generation 17101:

Oceanic mean pheno: 7.26322
Freshwater mean pheno: -9.07375
mean Ocean/Fresh Fst: 0.0294805
between lakes Fst: 0.640345
between Marine Regions Fst: 0.0474701
-------------------------------
Output1 for generation 17151:

Oceanic mean pheno: 9.10992
Freshwater mean pheno: -9.28514
mean Ocean/Fresh Fst: 0.0315458
between lakes Fst: 0.610565
between Marine Regions Fst: 0.0558988
-------------------------------
Output1 for generation 17201:

Oceanic mean pheno: 8.41858
Freshwater mean pheno: -9.14883
mean Ocean/Fresh Fst: 0.0327806
between lakes Fst: 0.668435
between Marine Regions Fst: 0.0522915
-------------------------------
Output1 for generation 17251:

Oceanic mean pheno: 8.22728
Freshwater mean pheno: -9.1277
mean Ocean/Fresh Fst: 0.0316663
between lakes Fst: 0.634626
between Marine Regions Fst: 0.0584749
-------------------------------
Output1 for generation 17301:

Oceanic mean pheno: 7.92027
Freshwater mean pheno: -9.03353
mean Ocean/Fresh Fst: 0.0302247
between lakes Fst: 0.669143
between Marine Regions Fst: 0.0514904
-------------------------------
Output1 for generation 17351:

Oceanic mean pheno: 7.28068
Freshwater mean pheno: -9.16942
mean Ocean/Fresh Fst: 0.0292325
between lakes Fst: 0.633334
between Marine Regions Fst: 0.0635571
-------------------------------
Output1 for generation 17401:

Oceanic mean pheno: 7.80305
Freshwater mean pheno: -9.19986
mean Ocean/Fresh Fst: 0.0292494
between lakes Fst: 0.632533
between Marine Regions Fst: 0.0621847
-------------------------------
Output1 for generation 17451:

Oceanic mean pheno: 8.82987
Freshwater mean pheno: -8.95733
mean Ocean/Fresh Fst: 0.029974
between lakes Fst: 0.661037
between Marine Regions Fst: 0.0606811
-------------------------------
Output1 for generation 17501:

Oceanic mean pheno: 8.36273
Freshwater mean pheno: -9.18704
mean Ocean/Fresh Fst: 0.030262
between lakes Fst: 0.640979
between Marine Regions Fst: 0.0567309
-------------------------------
Output1 for generation 17551:

Oceanic mean pheno: 7.85945
Freshwater mean pheno: -9.24259
mean Ocean/Fresh Fst: 0.0289954
between lakes Fst: 0.631789
between Marine Regions Fst: 0.0559723
-------------------------------
Output1 for generation 17601:

Oceanic mean pheno: 6.76127
Freshwater mean pheno: -9.29434
mean Ocean/Fresh Fst: 0.0286605
between lakes Fst: 0.666669
between Marine Regions Fst: 0.0556878
-------------------------------
Output1 for generation 17651:

Oceanic mean pheno: 6.16028
Freshwater mean pheno: -9.39098
mean Ocean/Fresh Fst: 0.0265978
between lakes Fst: 0.681391
between Marine Regions Fst: 0.0494149
-------------------------------
Output1 for generation 17701:

Oceanic mean pheno: 6.48905
Freshwater mean pheno: -9.22588
mean Ocean/Fresh Fst: 0.0285879
between lakes Fst: 0.62975
between Marine Regions Fst: 0.0531832
-------------------------------
Output1 for generation 17751:

Oceanic mean pheno: 6.72875
Freshwater mean pheno: -9.34957
mean Ocean/Fresh Fst: 0.0301059
between lakes Fst: 0.723527
between Marine Regions Fst: 0.0498688
-------------------------------
Output1 for generation 17801:

Oceanic mean pheno: 6.88742
Freshwater mean pheno: -9.48747
mean Ocean/Fresh Fst: 0.0298578
between lakes Fst: 0.657355
between Marine Regions Fst: 0.0457577
-------------------------------
Output1 for generation 17851:

Oceanic mean pheno: 6.75544
Freshwater mean pheno: -9.38037
mean Ocean/Fresh Fst: 0.0308656
between lakes Fst: 0.707031
between Marine Regions Fst: 0.0507734
-------------------------------
Output1 for generation 17901:

Oceanic mean pheno: 6.87551
Freshwater mean pheno: -9.45471
mean Ocean/Fresh Fst: 0.0296975
between lakes Fst: 0.623413
between Marine Regions Fst: 0.0507919
-------------------------------
Output1 for generation 17951:

Oceanic mean pheno: 6.88282
Freshwater mean pheno: -9.447
mean Ocean/Fresh Fst: 0.0305454
between lakes Fst: 0.643645
between Marine Regions Fst: 0.0529674
-------------------------------
Output1 for generation 18001:

Oceanic mean pheno: 6.28989
Freshwater mean pheno: -9.61536
mean Ocean/Fresh Fst: 0.0296522
between lakes Fst: 0.602567
between Marine Regions Fst: 0.052223
-------------------------------
Output1 for generation 18051:

Oceanic mean pheno: 6.86395
Freshwater mean pheno: -9.60716
mean Ocean/Fresh Fst: 0.0291713
between lakes Fst: 0.615812
between Marine Regions Fst: 0.052699
-------------------------------
Output1 for generation 18101:

Oceanic mean pheno: 7.55062
Freshwater mean pheno: -9.54602
mean Ocean/Fresh Fst: 0.0296677
between lakes Fst: 0.64721
between Marine Regions Fst: 0.0491896
-------------------------------
Output1 for generation 18151:

Oceanic mean pheno: 8.10363
Freshwater mean pheno: -9.63018
mean Ocean/Fresh Fst: 0.0312493
between lakes Fst: 0.648172
between Marine Regions Fst: 0.0492777
-------------------------------
Output1 for generation 18201:

Oceanic mean pheno: 8.63805
Freshwater mean pheno: -9.62803
mean Ocean/Fresh Fst: 0.0316262
between lakes Fst: 0.586515
between Marine Regions Fst: 0.050721
-------------------------------
Output1 for generation 18251:

Oceanic mean pheno: 9.10189
Freshwater mean pheno: -9.77991
mean Ocean/Fresh Fst: 0.0331305
between lakes Fst: 0.612269
between Marine Regions Fst: 0.0465579
-------------------------------
Output1 for generation 18301:

Oceanic mean pheno: 8.5867
Freshwater mean pheno: -9.62469
mean Ocean/Fresh Fst: 0.0308465
between lakes Fst: 0.576048
between Marine Regions Fst: 0.0402952
-------------------------------
Output1 for generation 18351:

Oceanic mean pheno: 8.61643
Freshwater mean pheno: -9.56871
mean Ocean/Fresh Fst: 0.0341646
between lakes Fst: 0.675357
between Marine Regions Fst: 0.0569891
-------------------------------
Output1 for generation 18401:

Oceanic mean pheno: 7.99548
Freshwater mean pheno: -9.50473
mean Ocean/Fresh Fst: 0.0334578
between lakes Fst: 0.64683
between Marine Regions Fst: 0.0527649
-------------------------------
Output1 for generation 18451:

Oceanic mean pheno: 7.67925
Freshwater mean pheno: -9.32816
mean Ocean/Fresh Fst: 0.0322354
between lakes Fst: 0.661126
between Marine Regions Fst: 0.0628723
-------------------------------
Output1 for generation 18501:

Oceanic mean pheno: 7.54564
Freshwater mean pheno: -9.20253
mean Ocean/Fresh Fst: 0.0310653
between lakes Fst: 0.617239
between Marine Regions Fst: 0.0677391
-------------------------------
Output1 for generation 18551:

Oceanic mean pheno: 8.44054
Freshwater mean pheno: -9.38705
mean Ocean/Fresh Fst: 0.0331926
between lakes Fst: 0.659409
between Marine Regions Fst: 0.0683812
-------------------------------
Output1 for generation 18601:

Oceanic mean pheno: 8.6557
Freshwater mean pheno: -9.20927
mean Ocean/Fresh Fst: 0.0316465
between lakes Fst: 0.620614
between Marine Regions Fst: 0.0532063
-------------------------------
Output1 for generation 18651:

Oceanic mean pheno: 7.27276
Freshwater mean pheno: -9.3741
mean Ocean/Fresh Fst: 0.031346
between lakes Fst: 0.624255
between Marine Regions Fst: 0.0502997
-------------------------------
Output1 for generation 18701:

Oceanic mean pheno: 7.02678
Freshwater mean pheno: -9.181
mean Ocean/Fresh Fst: 0.0297265
between lakes Fst: 0.605973
between Marine Regions Fst: 0.0508379
-------------------------------
Output1 for generation 18751:

Oceanic mean pheno: 7.35767
Freshwater mean pheno: -9.12204
mean Ocean/Fresh Fst: 0.0304953
between lakes Fst: 0.637473
between Marine Regions Fst: 0.0532019
-------------------------------
Output1 for generation 18801:

Oceanic mean pheno: 7.74814
Freshwater mean pheno: -9.19115
mean Ocean/Fresh Fst: 0.0323604
between lakes Fst: 0.670143
between Marine Regions Fst: 0.0535256
-------------------------------
Output1 for generation 18851:

Oceanic mean pheno: 7.93622
Freshwater mean pheno: -9.24764
mean Ocean/Fresh Fst: 0.0297956
between lakes Fst: 0.608991
between Marine Regions Fst: 0.0609463
-------------------------------
Output1 for generation 18901:

Oceanic mean pheno: 7.96511
Freshwater mean pheno: -9.5471
mean Ocean/Fresh Fst: 0.0343792
between lakes Fst: 0.63196
between Marine Regions Fst: 0.0633203
-------------------------------
Output1 for generation 18951:

Oceanic mean pheno: 7.66309
Freshwater mean pheno: -9.45158
mean Ocean/Fresh Fst: 0.032941
between lakes Fst: 0.644774
between Marine Regions Fst: 0.0600744
-------------------------------
Output1 for generation 19001:

Oceanic mean pheno: 6.46641
Freshwater mean pheno: -9.66741
mean Ocean/Fresh Fst: 0.029717
between lakes Fst: 0.652655
between Marine Regions Fst: 0.0534106
-------------------------------
Output1 for generation 19051:

Oceanic mean pheno: 6.74957
Freshwater mean pheno: -9.47386
mean Ocean/Fresh Fst: 0.0297502
between lakes Fst: 0.629644
between Marine Regions Fst: 0.059702
-------------------------------
Output1 for generation 19101:

Oceanic mean pheno: 6.97787
Freshwater mean pheno: -9.61867
mean Ocean/Fresh Fst: 0.0318718
between lakes Fst: 0.654254
between Marine Regions Fst: 0.0623031
-------------------------------
Output1 for generation 19151:

Oceanic mean pheno: 7.98164
Freshwater mean pheno: -9.51226
mean Ocean/Fresh Fst: 0.0332904
between lakes Fst: 0.674967
between Marine Regions Fst: 0.0567161
-------------------------------
Output1 for generation 19201:

Oceanic mean pheno: 7.80275
Freshwater mean pheno: -9.52983
mean Ocean/Fresh Fst: 0.031151
between lakes Fst: 0.652257
between Marine Regions Fst: 0.0531558
-------------------------------
Output1 for generation 19251:

Oceanic mean pheno: 8.66124
Freshwater mean pheno: -9.3258
mean Ocean/Fresh Fst: 0.0329213
between lakes Fst: 0.669866
between Marine Regions Fst: 0.062123
-------------------------------
Output1 for generation 19301:

Oceanic mean pheno: 9.077
Freshwater mean pheno: -9.5624
mean Ocean/Fresh Fst: 0.0327182
between lakes Fst: 0.660069
between Marine Regions Fst: 0.0672989
-------------------------------
Output1 for generation 19351:

Oceanic mean pheno: 8.79432
Freshwater mean pheno: -9.71026
mean Ocean/Fresh Fst: 0.0351621
between lakes Fst: 0.663897
between Marine Regions Fst: 0.0643278
-------------------------------
Output1 for generation 19401:

Oceanic mean pheno: 9.59073
Freshwater mean pheno: -9.51982
mean Ocean/Fresh Fst: 0.0353493
between lakes Fst: 0.63431
between Marine Regions Fst: 0.0604797
-------------------------------
Output1 for generation 19451:

Oceanic mean pheno: 9.83169
Freshwater mean pheno: -9.57277
mean Ocean/Fresh Fst: 0.0370866
between lakes Fst: 0.649414
between Marine Regions Fst: 0.0665832
-------------------------------
Output1 for generation 19501:

Oceanic mean pheno: 9.91818
Freshwater mean pheno: -9.36157
mean Ocean/Fresh Fst: 0.0372425
between lakes Fst: 0.637313
between Marine Regions Fst: 0.059293
-------------------------------
Output1 for generation 19551:

Oceanic mean pheno: 9.78533
Freshwater mean pheno: -9.27769
mean Ocean/Fresh Fst: 0.0361403
between lakes Fst: 0.65221
between Marine Regions Fst: 0.0600981
-------------------------------
Output1 for generation 19601:

Oceanic mean pheno: 9.69527
Freshwater mean pheno: -9.36632
mean Ocean/Fresh Fst: 0.0348191
between lakes Fst: 0.668559
between Marine Regions Fst: 0.0522423
-------------------------------
Output1 for generation 19651:

Oceanic mean pheno: 9.53662
Freshwater mean pheno: -9.18997
mean Ocean/Fresh Fst: 0.0340838
between lakes Fst: 0.648526
between Marine Regions Fst: 0.0580533
-------------------------------
Output1 for generation 19701:

Oceanic mean pheno: 9.20161
Freshwater mean pheno: -9.22633
mean Ocean/Fresh Fst: 0.035541
between lakes Fst: 0.676519
between Marine Regions Fst: 0.0548857
-------------------------------
Output1 for generation 19751:

Oceanic mean pheno: 8.83222
Freshwater mean pheno: -9.27836
mean Ocean/Fresh Fst: 0.0338799
between lakes Fst: 0.638519
between Marine Regions Fst: 0.0576938
-------------------------------
Output1 for generation 19801:

Oceanic mean pheno: 9.74346
Freshwater mean pheno: -9.40887
mean Ocean/Fresh Fst: 0.0367755
between lakes Fst: 0.640876
between Marine Regions Fst: 0.0658468
-------------------------------
Output1 for generation 19851:

Oceanic mean pheno: 9.14385
Freshwater mean pheno: -9.30912
mean Ocean/Fresh Fst: 0.0338581
between lakes Fst: 0.6206
between Marine Regions Fst: 0.0696767
-------------------------------
Output1 for generation 19901:

Oceanic mean pheno: 9.15174
Freshwater mean pheno: -9.23883
mean Ocean/Fresh Fst: 0.0361948
between lakes Fst: 0.680238
between Marine Regions Fst: 0.062119
-------------------------------
Output1 for generation 19951:

Oceanic mean pheno: 9.00136
Freshwater mean pheno: -9.44885
mean Ocean/Fresh Fst: 0.0356605
between lakes Fst: 0.663247
between Marine Regions Fst: 0.0631172
-------------------------------
Output1 for generation 20000:

Oceanic mean pheno: 8.44115
Freshwater mean pheno: -9.52917
mean Ocean/Fresh Fst: 0.0330446
between lakes Fst: 0.609249
between Marine Regions Fst: 0.0464823
Oceanic mean pheno8.44115
Freshwater mean pheno-9.52917
whole: 307
Oceanic: 204
Freshwater: 265
fstsize: 307
elapsed: 51:11.96 / kernel: 0.56 / user: 3073.14 / mem: 149112
Done!
