Task ID  - seed 023712
Parameters for SLiM run:
  -s 023712 MyRecipe2_1_3.E
// Initial random seed:
1506267564975

// RunInitializeCallbacks():
initializeSLiMOptions(dimensionality = 'x');
initializeMutationRate(1e-07);
initializeMutationType(1, 0.5, "g", 0.5, 1);
initializeMutationType(2, 0.5, "g", -0.5, 1);
initializeMutationType(3, 0.5, "f", 0);
initializeGenomicElementType(1, m3, 1);
initializeGenomicElementType(2, c(m1, m2), c(1, 1));
initializeGenomicElement(g1, 0, 399);
initializeGenomicElement(g2, 400, 499);
initializeGenomicElement(g2, 500, 500);
initializeGenomicElement(g2, 501, 600);
initializeGenomicElement(g1, 601, 1000);
initializeGenomicElement(g1, 1001, 1400);
initializeGenomicElement(g2, 1401, 1500);
initializeGenomicElement(g2, 1501, 1501);
initializeGenomicElement(g2, 1502, 1601);
initializeGenomicElement(g1, 1602, 2001);
initializeGenomicElement(g1, 2002, 2401);
initializeGenomicElement(g2, 2402, 2501);
initializeGenomicElement(g2, 2502, 2502);
initializeGenomicElement(g2, 2503, 2602);
initializeGenomicElement(g1, 2603, 3002);
initializeGenomicElement(g1, 3003, 3402);
initializeGenomicElement(g2, 3403, 3502);
initializeGenomicElement(g2, 3503, 3503);
initializeGenomicElement(g2, 3504, 3603);
initializeGenomicElement(g1, 3604, 4003);
initializeGenomicElement(g1, 4004, 4403);
initializeGenomicElement(g2, 4404, 4503);
initializeGenomicElement(g2, 4504, 4504);
initializeGenomicElement(g2, 4505, 4604);
initializeGenomicElement(g1, 4605, 5004);
initializeGenomicElement(g1, 5005, 5404);
initializeGenomicElement(g2, 5405, 5504);
initializeGenomicElement(g2, 5505, 5505);
initializeGenomicElement(g2, 5506, 5605);
initializeGenomicElement(g1, 5606, 6005);
initializeGenomicElement(g1, 6006, 6405);
initializeGenomicElement(g2, 6406, 6505);
initializeGenomicElement(g2, 6506, 6506);
initializeGenomicElement(g2, 6507, 6606);
initializeGenomicElement(g1, 6607, 7006);
initializeGenomicElement(g1, 7007, 7406);
initializeGenomicElement(g2, 7407, 7506);
initializeGenomicElement(g2, 7507, 7507);
initializeGenomicElement(g2, 7508, 7607);
initializeGenomicElement(g1, 7608, 8007);
initializeGenomicElement(g1, 8008, 8407);
initializeGenomicElement(g2, 8408, 8507);
initializeGenomicElement(g2, 8508, 8508);
initializeGenomicElement(g2, 8509, 8608);
initializeGenomicElement(g1, 8609, 9008);
initializeGenomicElement(g1, 9009, 9408);
initializeGenomicElement(g2, 9409, 9508);
initializeGenomicElement(g2, 9509, 9509);
initializeGenomicElement(g2, 9510, 9609);
initializeGenomicElement(g1, 9610, 10009);
end of chromosome position: 10010
initializeRecombinationRate(0.001);
initializeInteractionType(1, "x", reciprocal=T", maxDistance=0.02);
initializeInteractionType(2, "x", reciprocal=T", maxDistance=1);

// Starting run at generation <start>:
1 

-------------------------------
Output1 for generation 1:

Oceanic mean pheno: -0.061
Freshwater mean pheno: 0.066
mean Ocean/Fresh Fst: 0.000142919
between lakes Fst: 0.0102731
between Marine Regions Fst: 0.00824267
-------------------------------
Output1 for generation 51:

Oceanic mean pheno: 1.43491
Freshwater mean pheno: -9.48161
mean Ocean/Fresh Fst: 0.0209378
between lakes Fst: 0.145348
between Marine Regions Fst: 0.0294016
-------------------------------
Output1 for generation 101:

Oceanic mean pheno: 2.97981
Freshwater mean pheno: -9.85438
mean Ocean/Fresh Fst: 0.0337297
between lakes Fst: 0.311259
between Marine Regions Fst: 0.0363828
-------------------------------
Output1 for generation 151:

Oceanic mean pheno: 4.55703
Freshwater mean pheno: -10.3447
mean Ocean/Fresh Fst: 0.033809
between lakes Fst: 0.325839
between Marine Regions Fst: 0.0299134
-------------------------------
Output1 for generation 201:

Oceanic mean pheno: 4.74902
Freshwater mean pheno: -10.313
mean Ocean/Fresh Fst: 0.0350767
between lakes Fst: 0.337809
between Marine Regions Fst: 0.0342812
-------------------------------
Output1 for generation 251:

Oceanic mean pheno: 6.22302
Freshwater mean pheno: -9.93516
mean Ocean/Fresh Fst: 0.0391857
between lakes Fst: 0.412389
between Marine Regions Fst: 0.031135
-------------------------------
Output1 for generation 301:

Oceanic mean pheno: 6.73582
Freshwater mean pheno: -10.2589
mean Ocean/Fresh Fst: 0.0391861
between lakes Fst: 0.331701
between Marine Regions Fst: 0.0319381
-------------------------------
Output1 for generation 351:

Oceanic mean pheno: 7.95716
Freshwater mean pheno: -10.0265
mean Ocean/Fresh Fst: 0.0413283
between lakes Fst: 0.373601
between Marine Regions Fst: 0.0372697
-------------------------------
Output1 for generation 401:

Oceanic mean pheno: 8.72127
Freshwater mean pheno: -10.144
mean Ocean/Fresh Fst: 0.0442421
between lakes Fst: 0.390803
between Marine Regions Fst: 0.0363355
-------------------------------
Output1 for generation 451:

Oceanic mean pheno: 7.80296
Freshwater mean pheno: -10.2661
mean Ocean/Fresh Fst: 0.0441659
between lakes Fst: 0.417749
between Marine Regions Fst: 0.0438293
-------------------------------
Output1 for generation 501:

Oceanic mean pheno: 9.38315
Freshwater mean pheno: -9.97529
mean Ocean/Fresh Fst: 0.0505243
between lakes Fst: 0.467469
between Marine Regions Fst: 0.0444232
-------------------------------
Output1 for generation 551:

Oceanic mean pheno: 9.39016
Freshwater mean pheno: -9.92577
mean Ocean/Fresh Fst: 0.0440072
between lakes Fst: 0.339026
between Marine Regions Fst: 0.0394761
-------------------------------
Output1 for generation 601:

Oceanic mean pheno: 7.92283
Freshwater mean pheno: -9.67942
mean Ocean/Fresh Fst: 0.0369565
between lakes Fst: 0.423743
between Marine Regions Fst: 0.0378873
-------------------------------
Output1 for generation 651:

Oceanic mean pheno: 7.55136
Freshwater mean pheno: -9.78312
mean Ocean/Fresh Fst: 0.0379205
between lakes Fst: 0.377269
between Marine Regions Fst: 0.045738
-------------------------------
Output1 for generation 701:

Oceanic mean pheno: 8.16111
Freshwater mean pheno: -9.80288
mean Ocean/Fresh Fst: 0.0424627
between lakes Fst: 0.389856
between Marine Regions Fst: 0.0510068
-------------------------------
Output1 for generation 751:

Oceanic mean pheno: 8.18987
Freshwater mean pheno: -9.93319
mean Ocean/Fresh Fst: 0.0475966
between lakes Fst: 0.40092
between Marine Regions Fst: 0.0511549
-------------------------------
Output1 for generation 801:

Oceanic mean pheno: 7.90432
Freshwater mean pheno: -10.1648
mean Ocean/Fresh Fst: 0.0430065
between lakes Fst: 0.379941
between Marine Regions Fst: 0.042652
-------------------------------
Output1 for generation 851:

Oceanic mean pheno: 8.28333
Freshwater mean pheno: -9.96281
mean Ocean/Fresh Fst: 0.0474115
between lakes Fst: 0.419907
between Marine Regions Fst: 0.050805
-------------------------------
Output1 for generation 901:

Oceanic mean pheno: 7.84562
Freshwater mean pheno: -9.70412
mean Ocean/Fresh Fst: 0.0424898
between lakes Fst: 0.437849
between Marine Regions Fst: 0.0442652
-------------------------------
Output1 for generation 951:

Oceanic mean pheno: 8.31336
Freshwater mean pheno: -9.47736
mean Ocean/Fresh Fst: 0.0412083
between lakes Fst: 0.439266
between Marine Regions Fst: 0.0418629
-------------------------------
Output1 for generation 1001:

Oceanic mean pheno: 8.64169
Freshwater mean pheno: -9.8118
mean Ocean/Fresh Fst: 0.038564
between lakes Fst: 0.346759
between Marine Regions Fst: 0.0387454
-------------------------------
Output1 for generation 1051:

Oceanic mean pheno: 8.64893
Freshwater mean pheno: -9.72317
mean Ocean/Fresh Fst: 0.0483179
between lakes Fst: 0.421018
between Marine Regions Fst: 0.0430639
-------------------------------
Output1 for generation 1101:

Oceanic mean pheno: 8.58278
Freshwater mean pheno: -9.85111
mean Ocean/Fresh Fst: 0.0413992
between lakes Fst: 0.405993
between Marine Regions Fst: 0.0354535
-------------------------------
Output1 for generation 1151:

Oceanic mean pheno: 8.53649
Freshwater mean pheno: -9.97909
mean Ocean/Fresh Fst: 0.0400325
between lakes Fst: 0.379115
between Marine Regions Fst: 0.0416789
-------------------------------
Output1 for generation 1201:

Oceanic mean pheno: 8.48105
Freshwater mean pheno: -10.0229
mean Ocean/Fresh Fst: 0.0421445
between lakes Fst: 0.449973
between Marine Regions Fst: 0.0340459
-------------------------------
Output1 for generation 1251:

Oceanic mean pheno: 8.31264
Freshwater mean pheno: -9.83622
mean Ocean/Fresh Fst: 0.041949
between lakes Fst: 0.409274
between Marine Regions Fst: 0.0447187
-------------------------------
Output1 for generation 1301:

Oceanic mean pheno: 9.05385
Freshwater mean pheno: -9.79291
mean Ocean/Fresh Fst: 0.0481706
between lakes Fst: 0.421312
between Marine Regions Fst: 0.062863
-------------------------------
Output1 for generation 1351:

Oceanic mean pheno: 8.82515
Freshwater mean pheno: -9.57424
mean Ocean/Fresh Fst: 0.0468138
between lakes Fst: 0.455179
between Marine Regions Fst: 0.0422854
-------------------------------
Output1 for generation 1401:

Oceanic mean pheno: 7.30243
Freshwater mean pheno: -9.25764
mean Ocean/Fresh Fst: 0.0364692
between lakes Fst: 0.351369
between Marine Regions Fst: 0.0531972
-------------------------------
Output1 for generation 1451:

Oceanic mean pheno: 7.69207
Freshwater mean pheno: -9.56556
mean Ocean/Fresh Fst: 0.0391561
between lakes Fst: 0.386558
between Marine Regions Fst: 0.0553634
-------------------------------
Output1 for generation 1501:

Oceanic mean pheno: 7.52865
Freshwater mean pheno: -9.87874
mean Ocean/Fresh Fst: 0.0401635
between lakes Fst: 0.429053
between Marine Regions Fst: 0.0436464
-------------------------------
Output1 for generation 1551:

Oceanic mean pheno: 7.43428
Freshwater mean pheno: -9.81956
mean Ocean/Fresh Fst: 0.0396574
between lakes Fst: 0.443878
between Marine Regions Fst: 0.0467544
-------------------------------
Output1 for generation 1601:

Oceanic mean pheno: 6.43315
Freshwater mean pheno: -9.68163
mean Ocean/Fresh Fst: 0.0346776
between lakes Fst: 0.407215
between Marine Regions Fst: 0.0473538
-------------------------------
Output1 for generation 1651:

Oceanic mean pheno: 6.7513
Freshwater mean pheno: -9.60787
mean Ocean/Fresh Fst: 0.0386051
between lakes Fst: 0.428216
between Marine Regions Fst: 0.0442843
-------------------------------
Output1 for generation 1701:

Oceanic mean pheno: 6.80527
Freshwater mean pheno: -9.47073
mean Ocean/Fresh Fst: 0.036564
between lakes Fst: 0.426306
between Marine Regions Fst: 0.0451804
-------------------------------
Output1 for generation 1751:

Oceanic mean pheno: 6.23123
Freshwater mean pheno: -9.57306
mean Ocean/Fresh Fst: 0.0367958
between lakes Fst: 0.452872
between Marine Regions Fst: 0.0513614
-------------------------------
Output1 for generation 1801:

Oceanic mean pheno: 6.80289
Freshwater mean pheno: -9.74729
mean Ocean/Fresh Fst: 0.0380746
between lakes Fst: 0.39888
between Marine Regions Fst: 0.0457765
-------------------------------
Output1 for generation 1851:

Oceanic mean pheno: 7.13123
Freshwater mean pheno: -10.0021
mean Ocean/Fresh Fst: 0.03858
between lakes Fst: 0.383313
between Marine Regions Fst: 0.0449889
-------------------------------
Output1 for generation 1901:

Oceanic mean pheno: 7.8665
Freshwater mean pheno: -9.89756
mean Ocean/Fresh Fst: 0.0421652
between lakes Fst: 0.492538
between Marine Regions Fst: 0.0458401
-------------------------------
Output1 for generation 1951:

Oceanic mean pheno: 8.25572
Freshwater mean pheno: -10.1157
mean Ocean/Fresh Fst: 0.040311
between lakes Fst: 0.439758
between Marine Regions Fst: 0.0490564
-------------------------------
Output1 for generation 2001:

Oceanic mean pheno: 8.11585
Freshwater mean pheno: -9.80803
mean Ocean/Fresh Fst: 0.0436212
between lakes Fst: 0.489942
between Marine Regions Fst: 0.0484643
-------------------------------
Output1 for generation 2051:

Oceanic mean pheno: 8.53586
Freshwater mean pheno: -9.72476
mean Ocean/Fresh Fst: 0.0484455
between lakes Fst: 0.552522
between Marine Regions Fst: 0.0456138
-------------------------------
Output1 for generation 2101:

Oceanic mean pheno: 7.66399
Freshwater mean pheno: -10.0244
mean Ocean/Fresh Fst: 0.0440723
between lakes Fst: 0.515561
between Marine Regions Fst: 0.0452418
-------------------------------
Output1 for generation 2151:

Oceanic mean pheno: 8.28042
Freshwater mean pheno: -9.70745
mean Ocean/Fresh Fst: 0.0476851
between lakes Fst: 0.476213
between Marine Regions Fst: 0.0461739
-------------------------------
Output1 for generation 2201:

Oceanic mean pheno: 7.73045
Freshwater mean pheno: -9.68883
mean Ocean/Fresh Fst: 0.0415136
between lakes Fst: 0.42077
between Marine Regions Fst: 0.0410354
-------------------------------
Output1 for generation 2251:

Oceanic mean pheno: 6.56347
Freshwater mean pheno: -9.65225
mean Ocean/Fresh Fst: 0.042913
between lakes Fst: 0.495614
between Marine Regions Fst: 0.0471168
-------------------------------
Output1 for generation 2301:

Oceanic mean pheno: 7.5922
Freshwater mean pheno: -9.80523
mean Ocean/Fresh Fst: 0.0412912
between lakes Fst: 0.475919
between Marine Regions Fst: 0.0442103
-------------------------------
Output1 for generation 2351:

Oceanic mean pheno: 8.70206
Freshwater mean pheno: -9.66239
mean Ocean/Fresh Fst: 0.0425058
between lakes Fst: 0.490072
between Marine Regions Fst: 0.0412821
-------------------------------
Output1 for generation 2401:

Oceanic mean pheno: 9.39016
Freshwater mean pheno: -9.46582
mean Ocean/Fresh Fst: 0.0421999
between lakes Fst: 0.497997
between Marine Regions Fst: 0.0456394
-------------------------------
Output1 for generation 2451:

Oceanic mean pheno: 8.72547
Freshwater mean pheno: -9.31093
mean Ocean/Fresh Fst: 0.0422345
between lakes Fst: 0.484518
between Marine Regions Fst: 0.0505161
-------------------------------
Output1 for generation 2501:

Oceanic mean pheno: 7.9379
Freshwater mean pheno: -9.43957
mean Ocean/Fresh Fst: 0.0408153
between lakes Fst: 0.478619
between Marine Regions Fst: 0.0477148
-------------------------------
Output1 for generation 2551:

Oceanic mean pheno: 7.80361
Freshwater mean pheno: -9.58314
mean Ocean/Fresh Fst: 0.041781
between lakes Fst: 0.53044
between Marine Regions Fst: 0.0482495
-------------------------------
Output1 for generation 2601:

Oceanic mean pheno: 8.88276
Freshwater mean pheno: -9.30872
mean Ocean/Fresh Fst: 0.0427306
between lakes Fst: 0.49195
between Marine Regions Fst: 0.0425764
-------------------------------
Output1 for generation 2651:

Oceanic mean pheno: 7.50618
Freshwater mean pheno: -9.02167
mean Ocean/Fresh Fst: 0.0379969
between lakes Fst: 0.504537
between Marine Regions Fst: 0.048141
-------------------------------
Output1 for generation 2701:

Oceanic mean pheno: 7.56677
Freshwater mean pheno: -8.94819
mean Ocean/Fresh Fst: 0.035512
between lakes Fst: 0.442158
between Marine Regions Fst: 0.0468997
-------------------------------
Output1 for generation 2751:

Oceanic mean pheno: 7.4085
Freshwater mean pheno: -8.85533
mean Ocean/Fresh Fst: 0.0352638
between lakes Fst: 0.425277
between Marine Regions Fst: 0.0479686
-------------------------------
Output1 for generation 2801:

Oceanic mean pheno: 7.93176
Freshwater mean pheno: -8.74496
mean Ocean/Fresh Fst: 0.0375966
between lakes Fst: 0.458315
between Marine Regions Fst: 0.0554242
-------------------------------
Output1 for generation 2851:

Oceanic mean pheno: 7.68026
Freshwater mean pheno: -8.88791
mean Ocean/Fresh Fst: 0.0385809
between lakes Fst: 0.499459
between Marine Regions Fst: 0.0556862
-------------------------------
Output1 for generation 2901:

Oceanic mean pheno: 7.79068
Freshwater mean pheno: -8.86976
mean Ocean/Fresh Fst: 0.0367011
between lakes Fst: 0.526168
between Marine Regions Fst: 0.0496702
-------------------------------
Output1 for generation 2951:

Oceanic mean pheno: 7.62187
Freshwater mean pheno: -9.02056
mean Ocean/Fresh Fst: 0.036817
between lakes Fst: 0.494453
between Marine Regions Fst: 0.0402024
-------------------------------
Output1 for generation 3001:

Oceanic mean pheno: 7.46648
Freshwater mean pheno: -9.29646
mean Ocean/Fresh Fst: 0.037897
between lakes Fst: 0.519903
between Marine Regions Fst: 0.0433585
-------------------------------
Output1 for generation 3051:

Oceanic mean pheno: 7.73743
Freshwater mean pheno: -9.63435
mean Ocean/Fresh Fst: 0.0372765
between lakes Fst: 0.450106
between Marine Regions Fst: 0.0443054
-------------------------------
Output1 for generation 3101:

Oceanic mean pheno: 7.77583
Freshwater mean pheno: -9.53091
mean Ocean/Fresh Fst: 0.0400035
between lakes Fst: 0.504689
between Marine Regions Fst: 0.0438259
-------------------------------
Output1 for generation 3151:

Oceanic mean pheno: 8.04739
Freshwater mean pheno: -9.33702
mean Ocean/Fresh Fst: 0.0433506
between lakes Fst: 0.567731
between Marine Regions Fst: 0.0411713
-------------------------------
Output1 for generation 3201:

Oceanic mean pheno: 8.22266
Freshwater mean pheno: -9.14977
mean Ocean/Fresh Fst: 0.0412145
between lakes Fst: 0.513039
between Marine Regions Fst: 0.0488737
-------------------------------
Output1 for generation 3251:

Oceanic mean pheno: 8.56459
Freshwater mean pheno: -9.18065
mean Ocean/Fresh Fst: 0.0393323
between lakes Fst: 0.504806
between Marine Regions Fst: 0.0438298
-------------------------------
Output1 for generation 3301:

Oceanic mean pheno: 8.68695
Freshwater mean pheno: -9.15447
mean Ocean/Fresh Fst: 0.0436443
between lakes Fst: 0.562983
between Marine Regions Fst: 0.0499948
-------------------------------
Output1 for generation 3351:

Oceanic mean pheno: 8.09688
Freshwater mean pheno: -9.11981
mean Ocean/Fresh Fst: 0.0417984
between lakes Fst: 0.547244
between Marine Regions Fst: 0.0516488
-------------------------------
Output1 for generation 3401:

Oceanic mean pheno: 9.00049
Freshwater mean pheno: -9.04985
mean Ocean/Fresh Fst: 0.0439015
between lakes Fst: 0.521493
between Marine Regions Fst: 0.0477737
-------------------------------
Output1 for generation 3451:

Oceanic mean pheno: 8.66872
Freshwater mean pheno: -9.25424
mean Ocean/Fresh Fst: 0.0419838
between lakes Fst: 0.526311
between Marine Regions Fst: 0.0439786
-------------------------------
Output1 for generation 3501:

Oceanic mean pheno: 8.52709
Freshwater mean pheno: -9.08707
mean Ocean/Fresh Fst: 0.0387523
between lakes Fst: 0.473559
between Marine Regions Fst: 0.0452192
-------------------------------
Output1 for generation 3551:

Oceanic mean pheno: 8.39465
Freshwater mean pheno: -9.01437
mean Ocean/Fresh Fst: 0.0385514
between lakes Fst: 0.537
between Marine Regions Fst: 0.0496117
-------------------------------
Output1 for generation 3601:

Oceanic mean pheno: 7.97115
Freshwater mean pheno: -9.24181
mean Ocean/Fresh Fst: 0.0383748
between lakes Fst: 0.503843
between Marine Regions Fst: 0.0495071
-------------------------------
Output1 for generation 3651:

Oceanic mean pheno: 7.12431
Freshwater mean pheno: -9.29084
mean Ocean/Fresh Fst: 0.0393031
between lakes Fst: 0.480868
between Marine Regions Fst: 0.0500031
-------------------------------
Output1 for generation 3701:

Oceanic mean pheno: 7.09197
Freshwater mean pheno: -9.59139
mean Ocean/Fresh Fst: 0.0384748
between lakes Fst: 0.532404
between Marine Regions Fst: 0.0428112
-------------------------------
Output1 for generation 3751:

Oceanic mean pheno: 7.39163
Freshwater mean pheno: -9.53206
mean Ocean/Fresh Fst: 0.0368977
between lakes Fst: 0.499064
between Marine Regions Fst: 0.0522476
-------------------------------
Output1 for generation 3801:

Oceanic mean pheno: 8.49115
Freshwater mean pheno: -9.85992
mean Ocean/Fresh Fst: 0.0402286
between lakes Fst: 0.50755
between Marine Regions Fst: 0.0453363
-------------------------------
Output1 for generation 3851:

Oceanic mean pheno: 8.72862
Freshwater mean pheno: -9.74884
mean Ocean/Fresh Fst: 0.0424425
between lakes Fst: 0.547634
between Marine Regions Fst: 0.0420301
-------------------------------
Output1 for generation 3901:

Oceanic mean pheno: 8.91714
Freshwater mean pheno: -9.73272
mean Ocean/Fresh Fst: 0.0408289
between lakes Fst: 0.503327
between Marine Regions Fst: 0.0472674
-------------------------------
Output1 for generation 3951:

Oceanic mean pheno: 8.7841
Freshwater mean pheno: -9.53695
mean Ocean/Fresh Fst: 0.0412465
between lakes Fst: 0.490989
between Marine Regions Fst: 0.0492693
-------------------------------
Output1 for generation 4001:

Oceanic mean pheno: 9.17063
Freshwater mean pheno: -9.27789
mean Ocean/Fresh Fst: 0.043421
between lakes Fst: 0.514493
between Marine Regions Fst: 0.0438409
-------------------------------
Output1 for generation 4051:

Oceanic mean pheno: 9.80816
Freshwater mean pheno: -9.24641
mean Ocean/Fresh Fst: 0.0443504
between lakes Fst: 0.538133
between Marine Regions Fst: 0.0465691
-------------------------------
Output1 for generation 4101:

Oceanic mean pheno: 8.63459
Freshwater mean pheno: -9.41037
mean Ocean/Fresh Fst: 0.0417343
between lakes Fst: 0.476245
between Marine Regions Fst: 0.0427332
-------------------------------
Output1 for generation 4151:

Oceanic mean pheno: 8.09319
Freshwater mean pheno: -9.25526
mean Ocean/Fresh Fst: 0.0407005
between lakes Fst: 0.515867
between Marine Regions Fst: 0.0478966
-------------------------------
Output1 for generation 4201:

Oceanic mean pheno: 6.71425
Freshwater mean pheno: -9.16906
mean Ocean/Fresh Fst: 0.0359931
between lakes Fst: 0.411846
between Marine Regions Fst: 0.0451943
-------------------------------
Output1 for generation 4251:

Oceanic mean pheno: 7.40108
Freshwater mean pheno: -9.17291
mean Ocean/Fresh Fst: 0.0388311
between lakes Fst: 0.550644
between Marine Regions Fst: 0.0467547
-------------------------------
Output1 for generation 4301:

Oceanic mean pheno: 7.84426
Freshwater mean pheno: -9.04262
mean Ocean/Fresh Fst: 0.0412296
between lakes Fst: 0.585123
between Marine Regions Fst: 0.0453468
-------------------------------
Output1 for generation 4351:

Oceanic mean pheno: 8.89655
Freshwater mean pheno: -9.27888
mean Ocean/Fresh Fst: 0.0422618
between lakes Fst: 0.587655
between Marine Regions Fst: 0.0440248
-------------------------------
Output1 for generation 4401:

Oceanic mean pheno: 8.78651
Freshwater mean pheno: -9.33373
mean Ocean/Fresh Fst: 0.0403957
between lakes Fst: 0.507009
between Marine Regions Fst: 0.0441911
-------------------------------
Output1 for generation 4451:

Oceanic mean pheno: 9.3266
Freshwater mean pheno: -9.41917
mean Ocean/Fresh Fst: 0.0436769
between lakes Fst: 0.541756
between Marine Regions Fst: 0.0410817
-------------------------------
Output1 for generation 4501:

Oceanic mean pheno: 8.12638
Freshwater mean pheno: -9.45778
mean Ocean/Fresh Fst: 0.0428822
between lakes Fst: 0.615953
between Marine Regions Fst: 0.0437683
-------------------------------
Output1 for generation 4551:

Oceanic mean pheno: 8.86962
Freshwater mean pheno: -9.47904
mean Ocean/Fresh Fst: 0.045062
between lakes Fst: 0.581248
between Marine Regions Fst: 0.0451262
-------------------------------
Output1 for generation 4601:

Oceanic mean pheno: 8.99618
Freshwater mean pheno: -9.4445
mean Ocean/Fresh Fst: 0.0439992
between lakes Fst: 0.52967
between Marine Regions Fst: 0.0451257
-------------------------------
Output1 for generation 4651:

Oceanic mean pheno: 8.43224
Freshwater mean pheno: -9.32536
mean Ocean/Fresh Fst: 0.0415793
between lakes Fst: 0.591684
between Marine Regions Fst: 0.0425568
-------------------------------
Output1 for generation 4701:

Oceanic mean pheno: 9.46076
Freshwater mean pheno: -9.41079
mean Ocean/Fresh Fst: 0.0392315
between lakes Fst: 0.522509
between Marine Regions Fst: 0.0424287
-------------------------------
Output1 for generation 4751:

Oceanic mean pheno: 8.73912
Freshwater mean pheno: -9.57769
mean Ocean/Fresh Fst: 0.0431065
between lakes Fst: 0.558372
between Marine Regions Fst: 0.0430071
-------------------------------
Output1 for generation 4801:

Oceanic mean pheno: 9.37571
Freshwater mean pheno: -9.2398
mean Ocean/Fresh Fst: 0.0476588
between lakes Fst: 0.619927
between Marine Regions Fst: 0.0448771
-------------------------------
Output1 for generation 4851:

Oceanic mean pheno: 9.94721
Freshwater mean pheno: -9.37622
mean Ocean/Fresh Fst: 0.047506
between lakes Fst: 0.499239
between Marine Regions Fst: 0.0429939
-------------------------------
Output1 for generation 4901:

Oceanic mean pheno: 9.40946
Freshwater mean pheno: -9.27653
mean Ocean/Fresh Fst: 0.045081
between lakes Fst: 0.597809
between Marine Regions Fst: 0.0486986
-------------------------------
Output1 for generation 4951:

Oceanic mean pheno: 8.19683
Freshwater mean pheno: -9.20636
mean Ocean/Fresh Fst: 0.0400742
between lakes Fst: 0.545891
between Marine Regions Fst: 0.0501905
-------------------------------
Output1 for generation 5001:

Oceanic mean pheno: 7.75405
Freshwater mean pheno: -9.02328
mean Ocean/Fresh Fst: 0.0366469
between lakes Fst: 0.56115
between Marine Regions Fst: 0.0517184
-------------------------------
Output1 for generation 5051:

Oceanic mean pheno: 7.84541
Freshwater mean pheno: -9.07475
mean Ocean/Fresh Fst: 0.037949
between lakes Fst: 0.573739
between Marine Regions Fst: 0.05515
-------------------------------
Output1 for generation 5101:

Oceanic mean pheno: 8.06841
Freshwater mean pheno: -9.17602
mean Ocean/Fresh Fst: 0.0396466
between lakes Fst: 0.583772
between Marine Regions Fst: 0.0437002
-------------------------------
Output1 for generation 5151:

Oceanic mean pheno: 7.9261
Freshwater mean pheno: -9.08837
mean Ocean/Fresh Fst: 0.0370988
between lakes Fst: 0.539539
between Marine Regions Fst: 0.044812
-------------------------------
Output1 for generation 5201:

Oceanic mean pheno: 9.25605
Freshwater mean pheno: -9.1532
mean Ocean/Fresh Fst: 0.0424594
between lakes Fst: 0.609155
between Marine Regions Fst: 0.047234
-------------------------------
Output1 for generation 5251:

Oceanic mean pheno: 8.75971
Freshwater mean pheno: -8.98116
mean Ocean/Fresh Fst: 0.0407155
between lakes Fst: 0.571392
between Marine Regions Fst: 0.0506425
-------------------------------
Output1 for generation 5301:

Oceanic mean pheno: 9.04608
Freshwater mean pheno: -8.95394
mean Ocean/Fresh Fst: 0.038768
between lakes Fst: 0.537882
between Marine Regions Fst: 0.0550251
-------------------------------
Output1 for generation 5351:

Oceanic mean pheno: 9.15309
Freshwater mean pheno: -9.07859
mean Ocean/Fresh Fst: 0.0383111
between lakes Fst: 0.544248
between Marine Regions Fst: 0.0556099
-------------------------------
Output1 for generation 5401:

Oceanic mean pheno: 8.94841
Freshwater mean pheno: -9.09077
mean Ocean/Fresh Fst: 0.0371666
between lakes Fst: 0.601403
between Marine Regions Fst: 0.0585596
-------------------------------
Output1 for generation 5451:

Oceanic mean pheno: 7.87155
Freshwater mean pheno: -9.01064
mean Ocean/Fresh Fst: 0.0347224
between lakes Fst: 0.579991
between Marine Regions Fst: 0.0450395
-------------------------------
Output1 for generation 5501:

Oceanic mean pheno: 8.72235
Freshwater mean pheno: -9.1466
mean Ocean/Fresh Fst: 0.0349107
between lakes Fst: 0.525544
between Marine Regions Fst: 0.0487305
-------------------------------
Output1 for generation 5551:

Oceanic mean pheno: 8.74556
Freshwater mean pheno: -9.22698
mean Ocean/Fresh Fst: 0.0383394
between lakes Fst: 0.606815
between Marine Regions Fst: 0.0571224
-------------------------------
Output1 for generation 5601:

Oceanic mean pheno: 9.19968
Freshwater mean pheno: -9.25352
mean Ocean/Fresh Fst: 0.0406157
between lakes Fst: 0.552906
between Marine Regions Fst: 0.0492652
-------------------------------
Output1 for generation 5651:

Oceanic mean pheno: 9.10108
Freshwater mean pheno: -9.21314
mean Ocean/Fresh Fst: 0.0386636
between lakes Fst: 0.557299
between Marine Regions Fst: 0.0502305
-------------------------------
Output1 for generation 5701:

Oceanic mean pheno: 8.3389
Freshwater mean pheno: -9.39559
mean Ocean/Fresh Fst: 0.0333194
between lakes Fst: 0.543271
between Marine Regions Fst: 0.0467417
-------------------------------
Output1 for generation 5751:

Oceanic mean pheno: 8.44733
Freshwater mean pheno: -9.13848
mean Ocean/Fresh Fst: 0.0331355
between lakes Fst: 0.538993
between Marine Regions Fst: 0.0413418
-------------------------------
Output1 for generation 5801:

Oceanic mean pheno: 8.48048
Freshwater mean pheno: -9.53831
mean Ocean/Fresh Fst: 0.0311811
between lakes Fst: 0.517867
between Marine Regions Fst: 0.0429846
-------------------------------
Output1 for generation 5851:

Oceanic mean pheno: 8.97016
Freshwater mean pheno: -9.3922
mean Ocean/Fresh Fst: 0.0355486
between lakes Fst: 0.563596
between Marine Regions Fst: 0.0450937
-------------------------------
Output1 for generation 5901:

Oceanic mean pheno: 8.16931
Freshwater mean pheno: -9.35234
mean Ocean/Fresh Fst: 0.032563
between lakes Fst: 0.588836
between Marine Regions Fst: 0.0411997
-------------------------------
Output1 for generation 5951:

Oceanic mean pheno: 8.16151
Freshwater mean pheno: -9.54115
mean Ocean/Fresh Fst: 0.0326144
between lakes Fst: 0.535163
between Marine Regions Fst: 0.0504038
-------------------------------
Output1 for generation 6001:

Oceanic mean pheno: 8.15764
Freshwater mean pheno: -9.52487
mean Ocean/Fresh Fst: 0.0339198
between lakes Fst: 0.602403
between Marine Regions Fst: 0.0494494
-------------------------------
Output1 for generation 6051:

Oceanic mean pheno: 7.63109
Freshwater mean pheno: -9.33685
mean Ocean/Fresh Fst: 0.0363498
between lakes Fst: 0.612878
between Marine Regions Fst: 0.0517079
-------------------------------
Output1 for generation 6101:

Oceanic mean pheno: 7.79781
Freshwater mean pheno: -9.09353
mean Ocean/Fresh Fst: 0.0341631
between lakes Fst: 0.565205
between Marine Regions Fst: 0.055943
-------------------------------
Output1 for generation 6151:

Oceanic mean pheno: 8.14697
Freshwater mean pheno: -9.27701
mean Ocean/Fresh Fst: 0.0361093
between lakes Fst: 0.502553
between Marine Regions Fst: 0.0574552
-------------------------------
Output1 for generation 6201:

Oceanic mean pheno: 9.00088
Freshwater mean pheno: -9.11097
mean Ocean/Fresh Fst: 0.0371629
between lakes Fst: 0.563993
between Marine Regions Fst: 0.0523787
-------------------------------
Output1 for generation 6251:

Oceanic mean pheno: 8.54771
Freshwater mean pheno: -9.03357
mean Ocean/Fresh Fst: 0.0340242
between lakes Fst: 0.590518
between Marine Regions Fst: 0.0497309
-------------------------------
Output1 for generation 6301:

Oceanic mean pheno: 9.04674
Freshwater mean pheno: -9.07346
mean Ocean/Fresh Fst: 0.0352322
between lakes Fst: 0.578139
between Marine Regions Fst: 0.057381
-------------------------------
Output1 for generation 6351:

Oceanic mean pheno: 9.19376
Freshwater mean pheno: -8.90428
mean Ocean/Fresh Fst: 0.0368677
between lakes Fst: 0.634913
between Marine Regions Fst: 0.0439827
-------------------------------
Output1 for generation 6401:

Oceanic mean pheno: 9.51425
Freshwater mean pheno: -9.187
mean Ocean/Fresh Fst: 0.041263
between lakes Fst: 0.555243
between Marine Regions Fst: 0.0479205
-------------------------------
Output1 for generation 6451:

Oceanic mean pheno: 9.36236
Freshwater mean pheno: -9.18332
mean Ocean/Fresh Fst: 0.0406437
between lakes Fst: 0.539275
between Marine Regions Fst: 0.050295
-------------------------------
Output1 for generation 6501:

Oceanic mean pheno: 9.44327
Freshwater mean pheno: -9.13154
mean Ocean/Fresh Fst: 0.0385056
between lakes Fst: 0.598207
between Marine Regions Fst: 0.0491775
-------------------------------
Output1 for generation 6551:

Oceanic mean pheno: 9.84452
Freshwater mean pheno: -9.19348
mean Ocean/Fresh Fst: 0.0388766
between lakes Fst: 0.563376
between Marine Regions Fst: 0.0495619
-------------------------------
Output1 for generation 6601:

Oceanic mean pheno: 9.98355
Freshwater mean pheno: -9.28949
mean Ocean/Fresh Fst: 0.0416432
between lakes Fst: 0.526399
between Marine Regions Fst: 0.0490003
-------------------------------
Output1 for generation 6651:

Oceanic mean pheno: 9.08383
Freshwater mean pheno: -9.3544
mean Ocean/Fresh Fst: 0.0374545
between lakes Fst: 0.585151
between Marine Regions Fst: 0.0479559
-------------------------------
Output1 for generation 6701:

Oceanic mean pheno: 8.79844
Freshwater mean pheno: -9.44184
mean Ocean/Fresh Fst: 0.0353835
between lakes Fst: 0.59213
between Marine Regions Fst: 0.0451593
-------------------------------
Output1 for generation 6751:

Oceanic mean pheno: 7.58648
Freshwater mean pheno: -9.35183
mean Ocean/Fresh Fst: 0.0330271
between lakes Fst: 0.632019
between Marine Regions Fst: 0.0450308
-------------------------------
Output1 for generation 6801:

Oceanic mean pheno: 7.92099
Freshwater mean pheno: -9.68585
mean Ocean/Fresh Fst: 0.0323232
between lakes Fst: 0.565845
between Marine Regions Fst: 0.0476548
-------------------------------
Output1 for generation 6851:

Oceanic mean pheno: 7.99171
Freshwater mean pheno: -9.521
mean Ocean/Fresh Fst: 0.0328226
between lakes Fst: 0.587216
between Marine Regions Fst: 0.0540572
-------------------------------
Output1 for generation 6901:

Oceanic mean pheno: 7.22189
Freshwater mean pheno: -9.43883
mean Ocean/Fresh Fst: 0.0331998
between lakes Fst: 0.623496
between Marine Regions Fst: 0.0496079
-------------------------------
Output1 for generation 6951:

Oceanic mean pheno: 7.45942
Freshwater mean pheno: -9.64115
mean Ocean/Fresh Fst: 0.0338279
between lakes Fst: 0.618276
between Marine Regions Fst: 0.0496426
-------------------------------
Output1 for generation 7001:

Oceanic mean pheno: 7.02081
Freshwater mean pheno: -9.57926
mean Ocean/Fresh Fst: 0.0332567
between lakes Fst: 0.63365
between Marine Regions Fst: 0.0653264
-------------------------------
Output1 for generation 7051:

Oceanic mean pheno: 7.31793
Freshwater mean pheno: -9.53874
mean Ocean/Fresh Fst: 0.0332959
between lakes Fst: 0.620526
between Marine Regions Fst: 0.0537973
-------------------------------
Output1 for generation 7101:

Oceanic mean pheno: 6.9388
Freshwater mean pheno: -9.66765
mean Ocean/Fresh Fst: 0.0332848
between lakes Fst: 0.599509
between Marine Regions Fst: 0.0480851
-------------------------------
Output1 for generation 7151:

Oceanic mean pheno: 7.57942
Freshwater mean pheno: -9.70313
mean Ocean/Fresh Fst: 0.0343139
between lakes Fst: 0.58594
between Marine Regions Fst: 0.0683561
-------------------------------
Output1 for generation 7201:

Oceanic mean pheno: 7.9878
Freshwater mean pheno: -9.59455
mean Ocean/Fresh Fst: 0.0331156
between lakes Fst: 0.574882
between Marine Regions Fst: 0.0658243
-------------------------------
Output1 for generation 7251:

Oceanic mean pheno: 7.11265
Freshwater mean pheno: -9.57531
mean Ocean/Fresh Fst: 0.0331979
between lakes Fst: 0.564073
between Marine Regions Fst: 0.0528713
-------------------------------
Output1 for generation 7301:

Oceanic mean pheno: 7.00531
Freshwater mean pheno: -9.39153
mean Ocean/Fresh Fst: 0.0325076
between lakes Fst: 0.569227
between Marine Regions Fst: 0.0545814
-------------------------------
Output1 for generation 7351:

Oceanic mean pheno: 6.41521
Freshwater mean pheno: -9.39306
mean Ocean/Fresh Fst: 0.0330149
between lakes Fst: 0.642387
between Marine Regions Fst: 0.0484047
-------------------------------
Output1 for generation 7401:

Oceanic mean pheno: 6.40288
Freshwater mean pheno: -9.3106
mean Ocean/Fresh Fst: 0.0312452
between lakes Fst: 0.511765
between Marine Regions Fst: 0.0521689
-------------------------------
Output1 for generation 7451:

Oceanic mean pheno: 6.94271
Freshwater mean pheno: -9.41345
mean Ocean/Fresh Fst: 0.0345524
between lakes Fst: 0.631889
between Marine Regions Fst: 0.0507678
-------------------------------
Output1 for generation 7501:

Oceanic mean pheno: 6.97198
Freshwater mean pheno: -9.47047
mean Ocean/Fresh Fst: 0.0336997
between lakes Fst: 0.552112
between Marine Regions Fst: 0.0566148
-------------------------------
Output1 for generation 7551:

Oceanic mean pheno: 7.44764
Freshwater mean pheno: -9.32223
mean Ocean/Fresh Fst: 0.0329245
between lakes Fst: 0.606775
between Marine Regions Fst: 0.0466764
-------------------------------
Output1 for generation 7601:

Oceanic mean pheno: 8.00734
Freshwater mean pheno: -9.54027
mean Ocean/Fresh Fst: 0.0330526
between lakes Fst: 0.533441
between Marine Regions Fst: 0.0496914
-------------------------------
Output1 for generation 7651:

Oceanic mean pheno: 8.43582
Freshwater mean pheno: -9.43762
mean Ocean/Fresh Fst: 0.0335612
between lakes Fst: 0.586452
between Marine Regions Fst: 0.0572987
-------------------------------
Output1 for generation 7701:

Oceanic mean pheno: 7.49515
Freshwater mean pheno: -9.55111
mean Ocean/Fresh Fst: 0.032169
between lakes Fst: 0.511137
between Marine Regions Fst: 0.0600551
-------------------------------
Output1 for generation 7751:

Oceanic mean pheno: 7.38298
Freshwater mean pheno: -9.83603
mean Ocean/Fresh Fst: 0.0324342
between lakes Fst: 0.566829
between Marine Regions Fst: 0.0536281
-------------------------------
Output1 for generation 7801:

Oceanic mean pheno: 8.50069
Freshwater mean pheno: -9.79609
mean Ocean/Fresh Fst: 0.0353083
between lakes Fst: 0.59278
between Marine Regions Fst: 0.0574259
-------------------------------
Output1 for generation 7851:

Oceanic mean pheno: 8.63
Freshwater mean pheno: -9.62691
mean Ocean/Fresh Fst: 0.0341364
between lakes Fst: 0.606133
between Marine Regions Fst: 0.0469444
-------------------------------
Output1 for generation 7901:

Oceanic mean pheno: 7.48312
Freshwater mean pheno: -9.38713
mean Ocean/Fresh Fst: 0.0309567
between lakes Fst: 0.579987
between Marine Regions Fst: 0.0524624
-------------------------------
Output1 for generation 7951:

Oceanic mean pheno: 7.45649
Freshwater mean pheno: -9.33551
mean Ocean/Fresh Fst: 0.0305083
between lakes Fst: 0.589576
between Marine Regions Fst: 0.0542256
-------------------------------
Output1 for generation 8001:

Oceanic mean pheno: 7.72749
Freshwater mean pheno: -9.27465
mean Ocean/Fresh Fst: 0.0318479
between lakes Fst: 0.595657
between Marine Regions Fst: 0.0516155
-------------------------------
Output1 for generation 8051:

Oceanic mean pheno: 7.52371
Freshwater mean pheno: -9.21539
mean Ocean/Fresh Fst: 0.0311602
between lakes Fst: 0.56706
between Marine Regions Fst: 0.0484224
-------------------------------
Output1 for generation 8101:

Oceanic mean pheno: 7.00472
Freshwater mean pheno: -9.28068
mean Ocean/Fresh Fst: 0.0300701
between lakes Fst: 0.563278
between Marine Regions Fst: 0.0504493
-------------------------------
Output1 for generation 8151:

Oceanic mean pheno: 6.73708
Freshwater mean pheno: -9.39078
mean Ocean/Fresh Fst: 0.0300072
between lakes Fst: 0.573859
between Marine Regions Fst: 0.0466782
-------------------------------
Output1 for generation 8201:

Oceanic mean pheno: 6.11956
Freshwater mean pheno: -9.26799
mean Ocean/Fresh Fst: 0.0310856
between lakes Fst: 0.565198
between Marine Regions Fst: 0.0467496
-------------------------------
Output1 for generation 8251:

Oceanic mean pheno: 6.13021
Freshwater mean pheno: -9.40399
mean Ocean/Fresh Fst: 0.0332373
between lakes Fst: 0.639062
between Marine Regions Fst: 0.0540118
-------------------------------
Output1 for generation 8301:

Oceanic mean pheno: 5.46134
Freshwater mean pheno: -9.40552
mean Ocean/Fresh Fst: 0.0305354
between lakes Fst: 0.589563
between Marine Regions Fst: 0.0484196
-------------------------------
Output1 for generation 8351:

Oceanic mean pheno: 6.14326
Freshwater mean pheno: -9.49374
mean Ocean/Fresh Fst: 0.0317089
between lakes Fst: 0.64316
between Marine Regions Fst: 0.056142
-------------------------------
Output1 for generation 8401:

Oceanic mean pheno: 6.47106
Freshwater mean pheno: -9.40586
mean Ocean/Fresh Fst: 0.0334789
between lakes Fst: 0.627441
between Marine Regions Fst: 0.0499415
-------------------------------
Output1 for generation 8451:

Oceanic mean pheno: 7.06369
Freshwater mean pheno: -9.45238
mean Ocean/Fresh Fst: 0.0336306
between lakes Fst: 0.558246
between Marine Regions Fst: 0.0509147
-------------------------------
Output1 for generation 8501:

Oceanic mean pheno: 6.87073
Freshwater mean pheno: -9.6171
mean Ocean/Fresh Fst: 0.03277
between lakes Fst: 0.581001
between Marine Regions Fst: 0.046109
-------------------------------
Output1 for generation 8551:

Oceanic mean pheno: 7.46872
Freshwater mean pheno: -9.61209
mean Ocean/Fresh Fst: 0.0364831
between lakes Fst: 0.610803
between Marine Regions Fst: 0.0507995
-------------------------------
Output1 for generation 8601:

Oceanic mean pheno: 7.44053
Freshwater mean pheno: -9.49216
mean Ocean/Fresh Fst: 0.0354912
between lakes Fst: 0.596378
between Marine Regions Fst: 0.0503488
-------------------------------
Output1 for generation 8651:

Oceanic mean pheno: 7.51351
Freshwater mean pheno: -9.45723
mean Ocean/Fresh Fst: 0.0370322
between lakes Fst: 0.607613
between Marine Regions Fst: 0.0485767
-------------------------------
Output1 for generation 8701:

Oceanic mean pheno: 7.45955
Freshwater mean pheno: -9.40952
mean Ocean/Fresh Fst: 0.035814
between lakes Fst: 0.544357
between Marine Regions Fst: 0.0461156
-------------------------------
Output1 for generation 8751:

Oceanic mean pheno: 6.90875
Freshwater mean pheno: -9.33627
mean Ocean/Fresh Fst: 0.0321149
between lakes Fst: 0.548765
between Marine Regions Fst: 0.0453433
-------------------------------
Output1 for generation 8801:

Oceanic mean pheno: 6.46817
Freshwater mean pheno: -9.29296
mean Ocean/Fresh Fst: 0.0309058
between lakes Fst: 0.571456
between Marine Regions Fst: 0.054205
-------------------------------
Output1 for generation 8851:

Oceanic mean pheno: 5.93639
Freshwater mean pheno: -9.2302
mean Ocean/Fresh Fst: 0.0321381
between lakes Fst: 0.564629
between Marine Regions Fst: 0.0493275
-------------------------------
Output1 for generation 8901:

Oceanic mean pheno: 5.85539
Freshwater mean pheno: -9.01985
mean Ocean/Fresh Fst: 0.0305411
between lakes Fst: 0.571053
between Marine Regions Fst: 0.050798
-------------------------------
Output1 for generation 8951:

Oceanic mean pheno: 6.27068
Freshwater mean pheno: -9.11577
mean Ocean/Fresh Fst: 0.0321967
between lakes Fst: 0.632024
between Marine Regions Fst: 0.0504008
-------------------------------
Output1 for generation 9001:

Oceanic mean pheno: 6.92654
Freshwater mean pheno: -9.19927
mean Ocean/Fresh Fst: 0.0316934
between lakes Fst: 0.634374
between Marine Regions Fst: 0.0479846
-------------------------------
Output1 for generation 9051:

Oceanic mean pheno: 7.08416
Freshwater mean pheno: -9.29144
mean Ocean/Fresh Fst: 0.0341396
between lakes Fst: 0.607518
between Marine Regions Fst: 0.0576547
-------------------------------
Output1 for generation 9101:

Oceanic mean pheno: 6.96013
Freshwater mean pheno: -9.44183
mean Ocean/Fresh Fst: 0.0335182
between lakes Fst: 0.618092
between Marine Regions Fst: 0.0528526
-------------------------------
Output1 for generation 9151:

Oceanic mean pheno: 7.55279
Freshwater mean pheno: -9.55705
mean Ocean/Fresh Fst: 0.0340998
between lakes Fst: 0.551161
between Marine Regions Fst: 0.0480073
-------------------------------
Output1 for generation 9201:

Oceanic mean pheno: 8.38473
Freshwater mean pheno: -9.56558
mean Ocean/Fresh Fst: 0.0364031
between lakes Fst: 0.575643
between Marine Regions Fst: 0.0686506
-------------------------------
Output1 for generation 9251:

Oceanic mean pheno: 7.68588
Freshwater mean pheno: -9.51034
mean Ocean/Fresh Fst: 0.037658
between lakes Fst: 0.584025
between Marine Regions Fst: 0.0793241
-------------------------------
Output1 for generation 9301:

Oceanic mean pheno: 7.0037
Freshwater mean pheno: -9.37647
mean Ocean/Fresh Fst: 0.0349479
between lakes Fst: 0.619234
between Marine Regions Fst: 0.0872348
-------------------------------
Output1 for generation 9351:

Oceanic mean pheno: 6.71808
Freshwater mean pheno: -9.4486
mean Ocean/Fresh Fst: 0.0354568
between lakes Fst: 0.590991
between Marine Regions Fst: 0.0531987
-------------------------------
Output1 for generation 9401:

Oceanic mean pheno: 6.30684
Freshwater mean pheno: -9.22309
mean Ocean/Fresh Fst: 0.0335489
between lakes Fst: 0.59452
between Marine Regions Fst: 0.0511072
-------------------------------
Output1 for generation 9451:

Oceanic mean pheno: 6.95722
Freshwater mean pheno: -9.21347
mean Ocean/Fresh Fst: 0.0337131
between lakes Fst: 0.646519
between Marine Regions Fst: 0.0471451
-------------------------------
Output1 for generation 9501:

Oceanic mean pheno: 7.19267
Freshwater mean pheno: -9.27101
mean Ocean/Fresh Fst: 0.0300653
between lakes Fst: 0.484137
between Marine Regions Fst: 0.0477993
-------------------------------
Output1 for generation 9551:

Oceanic mean pheno: 7.51352
Freshwater mean pheno: -9.25983
mean Ocean/Fresh Fst: 0.0347617
between lakes Fst: 0.610198
between Marine Regions Fst: 0.0466816
-------------------------------
Output1 for generation 9601:

Oceanic mean pheno: 8.03952
Freshwater mean pheno: -9.41292
mean Ocean/Fresh Fst: 0.0379135
between lakes Fst: 0.636358
between Marine Regions Fst: 0.0531923
-------------------------------
Output1 for generation 9651:

Oceanic mean pheno: 7.54201
Freshwater mean pheno: -9.29327
mean Ocean/Fresh Fst: 0.0354833
between lakes Fst: 0.602967
between Marine Regions Fst: 0.0497741
-------------------------------
Output1 for generation 9701:

Oceanic mean pheno: 7.66882
Freshwater mean pheno: -9.12878
mean Ocean/Fresh Fst: 0.0358271
between lakes Fst: 0.592165
between Marine Regions Fst: 0.0487217
-------------------------------
Output1 for generation 9751:

Oceanic mean pheno: 7.67195
Freshwater mean pheno: -9.13919
mean Ocean/Fresh Fst: 0.0377734
between lakes Fst: 0.626667
between Marine Regions Fst: 0.0599634
-------------------------------
Output1 for generation 9801:

Oceanic mean pheno: 8.69602
Freshwater mean pheno: -9.13906
mean Ocean/Fresh Fst: 0.0381622
between lakes Fst: 0.588519
between Marine Regions Fst: 0.059039
-------------------------------
Output1 for generation 9851:

Oceanic mean pheno: 8.03194
Freshwater mean pheno: -9.32873
mean Ocean/Fresh Fst: 0.0368453
between lakes Fst: 0.627953
between Marine Regions Fst: 0.0562196
-------------------------------
Output1 for generation 9901:

Oceanic mean pheno: 7.50707
Freshwater mean pheno: -9.33716
mean Ocean/Fresh Fst: 0.0341009
between lakes Fst: 0.566021
between Marine Regions Fst: 0.056387
-------------------------------
Output1 for generation 9951:

Oceanic mean pheno: 6.96861
Freshwater mean pheno: -9.22035
mean Ocean/Fresh Fst: 0.0331417
between lakes Fst: 0.583342
between Marine Regions Fst: 0.0629085
-------------------------------
Output1 for generation 10001:

Oceanic mean pheno: 6.47476
Freshwater mean pheno: -9.48301
mean Ocean/Fresh Fst: 0.0301394
between lakes Fst: 0.539672
between Marine Regions Fst: 0.049547
-------------------------------
Output1 for generation 10051:

Oceanic mean pheno: 7.27934
Freshwater mean pheno: -9.36327
mean Ocean/Fresh Fst: 0.0342239
between lakes Fst: 0.572575
between Marine Regions Fst: 0.0476874
-------------------------------
Output1 for generation 10101:

Oceanic mean pheno: 7.65937
Freshwater mean pheno: -9.32591
mean Ocean/Fresh Fst: 0.0366198
between lakes Fst: 0.586557
between Marine Regions Fst: 0.0532454
-------------------------------
Output1 for generation 10151:

Oceanic mean pheno: 8.00194
Freshwater mean pheno: -9.28201
mean Ocean/Fresh Fst: 0.0381414
between lakes Fst: 0.622275
between Marine Regions Fst: 0.0537986
-------------------------------
Output1 for generation 10201:

Oceanic mean pheno: 8.28258
Freshwater mean pheno: -9.25514
mean Ocean/Fresh Fst: 0.03676
between lakes Fst: 0.598195
between Marine Regions Fst: 0.0528219
-------------------------------
Output1 for generation 10251:

Oceanic mean pheno: 8.24044
Freshwater mean pheno: -9.14159
mean Ocean/Fresh Fst: 0.0386
between lakes Fst: 0.586218
between Marine Regions Fst: 0.0546514
-------------------------------
Output1 for generation 10301:

Oceanic mean pheno: 8.48602
Freshwater mean pheno: -9.09322
mean Ocean/Fresh Fst: 0.0366791
between lakes Fst: 0.591266
between Marine Regions Fst: 0.0595117
-------------------------------
Output1 for generation 10351:

Oceanic mean pheno: 8.63777
Freshwater mean pheno: -9.2019
mean Ocean/Fresh Fst: 0.0386579
between lakes Fst: 0.652267
between Marine Regions Fst: 0.0464719
-------------------------------
Output1 for generation 10401:

Oceanic mean pheno: 8.32137
Freshwater mean pheno: -8.98111
mean Ocean/Fresh Fst: 0.034873
between lakes Fst: 0.614646
between Marine Regions Fst: 0.0470997
-------------------------------
Output1 for generation 10451:

Oceanic mean pheno: 8.85301
Freshwater mean pheno: -9.01848
mean Ocean/Fresh Fst: 0.0393543
between lakes Fst: 0.638285
between Marine Regions Fst: 0.0529147
-------------------------------
Output1 for generation 10501:

Oceanic mean pheno: 7.86365
Freshwater mean pheno: -9.04216
mean Ocean/Fresh Fst: 0.0325729
between lakes Fst: 0.575486
between Marine Regions Fst: 0.0563585
-------------------------------
Output1 for generation 10551:

Oceanic mean pheno: 7.96019
Freshwater mean pheno: -9.01698
mean Ocean/Fresh Fst: 0.0354769
between lakes Fst: 0.601707
between Marine Regions Fst: 0.0596656
-------------------------------
Output1 for generation 10601:

Oceanic mean pheno: 7.37112
Freshwater mean pheno: -9.3492
mean Ocean/Fresh Fst: 0.0352391
between lakes Fst: 0.614659
between Marine Regions Fst: 0.0640765
-------------------------------
Output1 for generation 10651:

Oceanic mean pheno: 7.7529
Freshwater mean pheno: -9.28589
mean Ocean/Fresh Fst: 0.0372869
between lakes Fst: 0.652568
between Marine Regions Fst: 0.0601885
-------------------------------
Output1 for generation 10701:

Oceanic mean pheno: 7.96422
Freshwater mean pheno: -9.3803
mean Ocean/Fresh Fst: 0.0383266
between lakes Fst: 0.636453
between Marine Regions Fst: 0.0720846
-------------------------------
Output1 for generation 10751:

Oceanic mean pheno: 7.99881
Freshwater mean pheno: -9.34234
mean Ocean/Fresh Fst: 0.0373603
between lakes Fst: 0.667848
between Marine Regions Fst: 0.0622353
-------------------------------
Output1 for generation 10801:

Oceanic mean pheno: 7.95376
Freshwater mean pheno: -9.34183
mean Ocean/Fresh Fst: 0.0368647
between lakes Fst: 0.672971
between Marine Regions Fst: 0.054462
-------------------------------
Output1 for generation 10851:

Oceanic mean pheno: 8.44617
Freshwater mean pheno: -9.40805
mean Ocean/Fresh Fst: 0.0353404
between lakes Fst: 0.616521
between Marine Regions Fst: 0.0515379
-------------------------------
Output1 for generation 10901:

Oceanic mean pheno: 8.76163
Freshwater mean pheno: -9.21424
mean Ocean/Fresh Fst: 0.0350901
between lakes Fst: 0.574255
between Marine Regions Fst: 0.0549784
-------------------------------
Output1 for generation 10951:

Oceanic mean pheno: 8.68254
Freshwater mean pheno: -9.40338
mean Ocean/Fresh Fst: 0.035418
between lakes Fst: 0.619953
between Marine Regions Fst: 0.0533286
-------------------------------
Output1 for generation 11001:

Oceanic mean pheno: 8.4843
Freshwater mean pheno: -9.38566
mean Ocean/Fresh Fst: 0.0336477
between lakes Fst: 0.625035
between Marine Regions Fst: 0.0490838
-------------------------------
Output1 for generation 11051:

Oceanic mean pheno: 9.09886
Freshwater mean pheno: -9.39171
mean Ocean/Fresh Fst: 0.0350801
between lakes Fst: 0.611189
between Marine Regions Fst: 0.0505086
-------------------------------
Output1 for generation 11101:

Oceanic mean pheno: 9.04394
Freshwater mean pheno: -9.56522
mean Ocean/Fresh Fst: 0.0393758
between lakes Fst: 0.676857
between Marine Regions Fst: 0.0522848
-------------------------------
Output1 for generation 11151:

Oceanic mean pheno: 7.95543
Freshwater mean pheno: -9.33068
mean Ocean/Fresh Fst: 0.0342477
between lakes Fst: 0.60067
between Marine Regions Fst: 0.0504275
-------------------------------
Output1 for generation 11201:

Oceanic mean pheno: 8.07792
Freshwater mean pheno: -9.26976
mean Ocean/Fresh Fst: 0.0374158
between lakes Fst: 0.626515
between Marine Regions Fst: 0.0480263
-------------------------------
Output1 for generation 11251:

Oceanic mean pheno: 8.89502
Freshwater mean pheno: -9.24912
mean Ocean/Fresh Fst: 0.036726
between lakes Fst: 0.611293
between Marine Regions Fst: 0.0457598
-------------------------------
Output1 for generation 11301:

Oceanic mean pheno: 8.53038
Freshwater mean pheno: -9.5311
mean Ocean/Fresh Fst: 0.037377
between lakes Fst: 0.614498
between Marine Regions Fst: 0.0521149
-------------------------------
Output1 for generation 11351:

Oceanic mean pheno: 8.71527
Freshwater mean pheno: -9.59629
mean Ocean/Fresh Fst: 0.0384362
between lakes Fst: 0.629553
between Marine Regions Fst: 0.0542254
-------------------------------
Output1 for generation 11401:

Oceanic mean pheno: 8.82414
Freshwater mean pheno: -9.71078
mean Ocean/Fresh Fst: 0.038952
between lakes Fst: 0.593945
between Marine Regions Fst: 0.0526026
-------------------------------
Output1 for generation 11451:

Oceanic mean pheno: 8.18037
Freshwater mean pheno: -9.25037
mean Ocean/Fresh Fst: 0.0384186
between lakes Fst: 0.602191
between Marine Regions Fst: 0.0470483
-------------------------------
Output1 for generation 11501:

Oceanic mean pheno: 8.1234
Freshwater mean pheno: -9.42823
mean Ocean/Fresh Fst: 0.0396753
between lakes Fst: 0.633325
between Marine Regions Fst: 0.0476707
-------------------------------
Output1 for generation 11551:

Oceanic mean pheno: 8.60574
Freshwater mean pheno: -9.46507
mean Ocean/Fresh Fst: 0.0391654
between lakes Fst: 0.632464
between Marine Regions Fst: 0.0430378
-------------------------------
Output1 for generation 11601:

Oceanic mean pheno: 7.81295
Freshwater mean pheno: -9.37843
mean Ocean/Fresh Fst: 0.0389348
between lakes Fst: 0.700316
between Marine Regions Fst: 0.0445023
-------------------------------
Output1 for generation 11651:

Oceanic mean pheno: 7.65744
Freshwater mean pheno: -9.19639
mean Ocean/Fresh Fst: 0.0376528
between lakes Fst: 0.633151
between Marine Regions Fst: 0.0435404
-------------------------------
Output1 for generation 11701:

Oceanic mean pheno: 7.65085
Freshwater mean pheno: -9.2909
mean Ocean/Fresh Fst: 0.039533
between lakes Fst: 0.673518
between Marine Regions Fst: 0.0443231
-------------------------------
Output1 for generation 11751:

Oceanic mean pheno: 8.60893
Freshwater mean pheno: -9.159
mean Ocean/Fresh Fst: 0.0389249
between lakes Fst: 0.631879
between Marine Regions Fst: 0.0468689
-------------------------------
Output1 for generation 11801:

Oceanic mean pheno: 8.27804
Freshwater mean pheno: -9.22592
mean Ocean/Fresh Fst: 0.0365216
between lakes Fst: 0.57605
between Marine Regions Fst: 0.0467655
-------------------------------
Output1 for generation 11851:

Oceanic mean pheno: 8.04751
Freshwater mean pheno: -9.31814
mean Ocean/Fresh Fst: 0.0376354
between lakes Fst: 0.590977
between Marine Regions Fst: 0.0476116
-------------------------------
Output1 for generation 11901:

Oceanic mean pheno: 6.36496
Freshwater mean pheno: -9.38421
mean Ocean/Fresh Fst: 0.0381878
between lakes Fst: 0.648268
between Marine Regions Fst: 0.042357
-------------------------------
Output1 for generation 11951:

Oceanic mean pheno: 6.25965
Freshwater mean pheno: -9.40919
mean Ocean/Fresh Fst: 0.0340865
between lakes Fst: 0.59799
between Marine Regions Fst: 0.0504543
-------------------------------
Output1 for generation 12001:

Oceanic mean pheno: 7.29297
Freshwater mean pheno: -9.48742
mean Ocean/Fresh Fst: 0.035482
between lakes Fst: 0.639465
between Marine Regions Fst: 0.0512515
-------------------------------
Output1 for generation 12051:

Oceanic mean pheno: 6.89373
Freshwater mean pheno: -9.45645
mean Ocean/Fresh Fst: 0.0355451
between lakes Fst: 0.657257
between Marine Regions Fst: 0.0543943
-------------------------------
Output1 for generation 12101:

Oceanic mean pheno: 6.53089
Freshwater mean pheno: -9.39337
mean Ocean/Fresh Fst: 0.0331427
between lakes Fst: 0.626467
between Marine Regions Fst: 0.0621641
-------------------------------
Output1 for generation 12151:

Oceanic mean pheno: 6.87528
Freshwater mean pheno: -9.5452
mean Ocean/Fresh Fst: 0.0340736
between lakes Fst: 0.673832
between Marine Regions Fst: 0.0592417
-------------------------------
Output1 for generation 12201:

Oceanic mean pheno: 8.01921
Freshwater mean pheno: -9.31705
mean Ocean/Fresh Fst: 0.0351314
between lakes Fst: 0.614156
between Marine Regions Fst: 0.0588018
-------------------------------
Output1 for generation 12251:

Oceanic mean pheno: 7.57431
Freshwater mean pheno: -9.34162
mean Ocean/Fresh Fst: 0.0356363
between lakes Fst: 0.593122
between Marine Regions Fst: 0.0657835
-------------------------------
Output1 for generation 12301:

Oceanic mean pheno: 7.53592
Freshwater mean pheno: -9.42585
mean Ocean/Fresh Fst: 0.034781
between lakes Fst: 0.638099
between Marine Regions Fst: 0.0554617
-------------------------------
Output1 for generation 12351:

Oceanic mean pheno: 8.1612
Freshwater mean pheno: -9.30473
mean Ocean/Fresh Fst: 0.0366729
between lakes Fst: 0.634424
between Marine Regions Fst: 0.0554888
-------------------------------
Output1 for generation 12401:

Oceanic mean pheno: 8.02191
Freshwater mean pheno: -9.67549
mean Ocean/Fresh Fst: 0.0376244
between lakes Fst: 0.626683
between Marine Regions Fst: 0.053795
-------------------------------
Output1 for generation 12451:

Oceanic mean pheno: 7.73493
Freshwater mean pheno: -9.59945
mean Ocean/Fresh Fst: 0.0392211
between lakes Fst: 0.663897
between Marine Regions Fst: 0.0591392
-------------------------------
Output1 for generation 12501:

Oceanic mean pheno: 8.01546
Freshwater mean pheno: -9.58863
mean Ocean/Fresh Fst: 0.0380389
between lakes Fst: 0.620547
between Marine Regions Fst: 0.047751
-------------------------------
Output1 for generation 12551:

Oceanic mean pheno: 7.83725
Freshwater mean pheno: -9.5262
mean Ocean/Fresh Fst: 0.0385941
between lakes Fst: 0.611511
between Marine Regions Fst: 0.0490463
-------------------------------
Output1 for generation 12601:

Oceanic mean pheno: 8.72213
Freshwater mean pheno: -9.63879
mean Ocean/Fresh Fst: 0.0410502
between lakes Fst: 0.550379
between Marine Regions Fst: 0.049808
-------------------------------
Output1 for generation 12651:

Oceanic mean pheno: 9.03567
Freshwater mean pheno: -9.5844
mean Ocean/Fresh Fst: 0.0440632
between lakes Fst: 0.656554
between Marine Regions Fst: 0.0526089
-------------------------------
Output1 for generation 12701:

Oceanic mean pheno: 8.93699
Freshwater mean pheno: -9.43891
mean Ocean/Fresh Fst: 0.0426764
between lakes Fst: 0.667475
between Marine Regions Fst: 0.0565415
-------------------------------
Output1 for generation 12751:

Oceanic mean pheno: 8.63537
Freshwater mean pheno: -9.60917
mean Ocean/Fresh Fst: 0.0421901
between lakes Fst: 0.630891
between Marine Regions Fst: 0.0511819
-------------------------------
Output1 for generation 12801:

Oceanic mean pheno: 8.90787
Freshwater mean pheno: -9.70855
mean Ocean/Fresh Fst: 0.0415857
between lakes Fst: 0.597062
between Marine Regions Fst: 0.04684
-------------------------------
Output1 for generation 12851:

Oceanic mean pheno: 8.92609
Freshwater mean pheno: -9.73432
mean Ocean/Fresh Fst: 0.043017
between lakes Fst: 0.630041
between Marine Regions Fst: 0.0547066
-------------------------------
Output1 for generation 12901:

Oceanic mean pheno: 7.81035
Freshwater mean pheno: -9.59719
mean Ocean/Fresh Fst: 0.0388395
between lakes Fst: 0.666634
between Marine Regions Fst: 0.0528893
-------------------------------
Output1 for generation 12951:

Oceanic mean pheno: 8.1826
Freshwater mean pheno: -9.70929
mean Ocean/Fresh Fst: 0.0399932
between lakes Fst: 0.621579
between Marine Regions Fst: 0.0487178
-------------------------------
Output1 for generation 13001:

Oceanic mean pheno: 8.43098
Freshwater mean pheno: -9.76388
mean Ocean/Fresh Fst: 0.0368165
between lakes Fst: 0.573924
between Marine Regions Fst: 0.0562805
-------------------------------
Output1 for generation 13051:

Oceanic mean pheno: 8.54648
Freshwater mean pheno: -9.47889
mean Ocean/Fresh Fst: 0.0396737
between lakes Fst: 0.678479
between Marine Regions Fst: 0.0535739
-------------------------------
Output1 for generation 13101:

Oceanic mean pheno: 7.72271
Freshwater mean pheno: -9.41025
mean Ocean/Fresh Fst: 0.0346596
between lakes Fst: 0.621801
between Marine Regions Fst: 0.0485555
-------------------------------
Output1 for generation 13151:

Oceanic mean pheno: 7.87889
Freshwater mean pheno: -9.27929
mean Ocean/Fresh Fst: 0.035928
between lakes Fst: 0.694078
between Marine Regions Fst: 0.0513257
-------------------------------
Output1 for generation 13201:

Oceanic mean pheno: 7.75184
Freshwater mean pheno: -9.32012
mean Ocean/Fresh Fst: 0.0331262
between lakes Fst: 0.601642
between Marine Regions Fst: 0.049628
-------------------------------
Output1 for generation 13251:

Oceanic mean pheno: 7.4625
Freshwater mean pheno: -9.08884
mean Ocean/Fresh Fst: 0.0316359
between lakes Fst: 0.67454
between Marine Regions Fst: 0.0517525
-------------------------------
Output1 for generation 13301:

Oceanic mean pheno: 7.26479
Freshwater mean pheno: -9.37037
mean Ocean/Fresh Fst: 0.031375
between lakes Fst: 0.654997
between Marine Regions Fst: 0.0496185
-------------------------------
Output1 for generation 13351:

Oceanic mean pheno: 7.27578
Freshwater mean pheno: -9.50398
mean Ocean/Fresh Fst: 0.0314751
between lakes Fst: 0.656081
between Marine Regions Fst: 0.0482608
-------------------------------
Output1 for generation 13401:

Oceanic mean pheno: 6.6564
Freshwater mean pheno: -9.42554
mean Ocean/Fresh Fst: 0.0329886
between lakes Fst: 0.661958
between Marine Regions Fst: 0.0463512
-------------------------------
Output1 for generation 13451:

Oceanic mean pheno: 7.39128
Freshwater mean pheno: -9.39408
mean Ocean/Fresh Fst: 0.0327467
between lakes Fst: 0.595464
between Marine Regions Fst: 0.0426823
-------------------------------
Output1 for generation 13501:

Oceanic mean pheno: 7.56319
Freshwater mean pheno: -9.63302
mean Ocean/Fresh Fst: 0.0342322
between lakes Fst: 0.65957
between Marine Regions Fst: 0.045217
-------------------------------
Output1 for generation 13551:

Oceanic mean pheno: 7.53523
Freshwater mean pheno: -9.54043
mean Ocean/Fresh Fst: 0.034433
between lakes Fst: 0.640425
between Marine Regions Fst: 0.0506721
-------------------------------
Output1 for generation 13601:

Oceanic mean pheno: 8.36433
Freshwater mean pheno: -9.42381
mean Ocean/Fresh Fst: 0.0364482
between lakes Fst: 0.641951
between Marine Regions Fst: 0.0518187
-------------------------------
Output1 for generation 13651:

Oceanic mean pheno: 8.76203
Freshwater mean pheno: -9.4473
mean Ocean/Fresh Fst: 0.0348982
between lakes Fst: 0.628678
between Marine Regions Fst: 0.051295
-------------------------------
Output1 for generation 13701:

Oceanic mean pheno: 8.8239
Freshwater mean pheno: -9.62492
mean Ocean/Fresh Fst: 0.0356538
between lakes Fst: 0.631393
between Marine Regions Fst: 0.0522923
-------------------------------
Output1 for generation 13751:

Oceanic mean pheno: 8.57416
Freshwater mean pheno: -9.65292
mean Ocean/Fresh Fst: 0.0367201
between lakes Fst: 0.606378
between Marine Regions Fst: 0.0569589
-------------------------------
Output1 for generation 13801:

Oceanic mean pheno: 7.9564
Freshwater mean pheno: -9.60108
mean Ocean/Fresh Fst: 0.0364543
between lakes Fst: 0.603799
between Marine Regions Fst: 0.0613466
-------------------------------
Output1 for generation 13851:

Oceanic mean pheno: 8.43459
Freshwater mean pheno: -9.28631
mean Ocean/Fresh Fst: 0.0358934
between lakes Fst: 0.669817
between Marine Regions Fst: 0.058514
-------------------------------
Output1 for generation 13901:

Oceanic mean pheno: 8.05442
Freshwater mean pheno: -9.32432
mean Ocean/Fresh Fst: 0.0369468
between lakes Fst: 0.653152
between Marine Regions Fst: 0.0553646
-------------------------------
Output1 for generation 13951:

Oceanic mean pheno: 7.9193
Freshwater mean pheno: -9.27714
mean Ocean/Fresh Fst: 0.0383715
between lakes Fst: 0.674349
between Marine Regions Fst: 0.0592579
-------------------------------
Output1 for generation 14001:

Oceanic mean pheno: 7.58477
Freshwater mean pheno: -9.26125
mean Ocean/Fresh Fst: 0.0370604
between lakes Fst: 0.659307
between Marine Regions Fst: 0.0608482
-------------------------------
Output1 for generation 14051:

Oceanic mean pheno: 8.26508
Freshwater mean pheno: -9.17571
mean Ocean/Fresh Fst: 0.037414
between lakes Fst: 0.654656
between Marine Regions Fst: 0.0557705
-------------------------------
Output1 for generation 14101:

Oceanic mean pheno: 7.28317
Freshwater mean pheno: -9.11891
mean Ocean/Fresh Fst: 0.0342902
between lakes Fst: 0.633868
between Marine Regions Fst: 0.0578591
-------------------------------
Output1 for generation 14151:

Oceanic mean pheno: 7.52634
Freshwater mean pheno: -9.05001
mean Ocean/Fresh Fst: 0.0377678
between lakes Fst: 0.652753
between Marine Regions Fst: 0.0674694
-------------------------------
Output1 for generation 14201:

Oceanic mean pheno: 7.54188
Freshwater mean pheno: -9.34493
mean Ocean/Fresh Fst: 0.0387725
between lakes Fst: 0.690295
between Marine Regions Fst: 0.0623362
-------------------------------
Output1 for generation 14251:

Oceanic mean pheno: 7.54508
Freshwater mean pheno: -9.28116
mean Ocean/Fresh Fst: 0.0376195
between lakes Fst: 0.643149
between Marine Regions Fst: 0.0581831
-------------------------------
Output1 for generation 14301:

Oceanic mean pheno: 7.75813
Freshwater mean pheno: -9.55097
mean Ocean/Fresh Fst: 0.0378591
between lakes Fst: 0.619733
between Marine Regions Fst: 0.0563658
-------------------------------
Output1 for generation 14351:

Oceanic mean pheno: 7.3748
Freshwater mean pheno: -9.54876
mean Ocean/Fresh Fst: 0.0371798
between lakes Fst: 0.678454
between Marine Regions Fst: 0.0544467
-------------------------------
Output1 for generation 14401:

Oceanic mean pheno: 6.93567
Freshwater mean pheno: -9.50891
mean Ocean/Fresh Fst: 0.0370054
between lakes Fst: 0.638433
between Marine Regions Fst: 0.0537008
-------------------------------
Output1 for generation 14451:

Oceanic mean pheno: 7.52067
Freshwater mean pheno: -9.35071
mean Ocean/Fresh Fst: 0.0390507
between lakes Fst: 0.641537
between Marine Regions Fst: 0.055805
-------------------------------
Output1 for generation 14501:

Oceanic mean pheno: 7.04275
Freshwater mean pheno: -9.34886
mean Ocean/Fresh Fst: 0.0395812
between lakes Fst: 0.662335
between Marine Regions Fst: 0.0546047
-------------------------------
Output1 for generation 14551:

Oceanic mean pheno: 7.16067
Freshwater mean pheno: -9.4465
mean Ocean/Fresh Fst: 0.0356504
between lakes Fst: 0.638666
between Marine Regions Fst: 0.0525249
-------------------------------
Output1 for generation 14601:

Oceanic mean pheno: 7.34015
Freshwater mean pheno: -9.4777
mean Ocean/Fresh Fst: 0.0375723
between lakes Fst: 0.616327
between Marine Regions Fst: 0.0545669
-------------------------------
Output1 for generation 14651:

Oceanic mean pheno: 7.80295
Freshwater mean pheno: -9.48272
mean Ocean/Fresh Fst: 0.038056
between lakes Fst: 0.621818
between Marine Regions Fst: 0.0455179
-------------------------------
Output1 for generation 14701:

Oceanic mean pheno: 7.75999
Freshwater mean pheno: -9.40297
mean Ocean/Fresh Fst: 0.0375414
between lakes Fst: 0.601938
between Marine Regions Fst: 0.0524084
-------------------------------
Output1 for generation 14751:

Oceanic mean pheno: 8.15215
Freshwater mean pheno: -9.21357
mean Ocean/Fresh Fst: 0.0393539
between lakes Fst: 0.652552
between Marine Regions Fst: 0.0521801
-------------------------------
Output1 for generation 14801:

Oceanic mean pheno: 7.47071
Freshwater mean pheno: -9.14232
mean Ocean/Fresh Fst: 0.0372376
between lakes Fst: 0.666382
between Marine Regions Fst: 0.0401517
-------------------------------
Output1 for generation 14851:

Oceanic mean pheno: 7.85198
Freshwater mean pheno: -9.4313
mean Ocean/Fresh Fst: 0.0386692
between lakes Fst: 0.632601
between Marine Regions Fst: 0.0432032
-------------------------------
Output1 for generation 14901:

Oceanic mean pheno: 7.87905
Freshwater mean pheno: -9.05902
mean Ocean/Fresh Fst: 0.0368007
between lakes Fst: 0.615543
between Marine Regions Fst: 0.0504087
-------------------------------
Output1 for generation 14951:

Oceanic mean pheno: 7.5982
Freshwater mean pheno: -9.4303
mean Ocean/Fresh Fst: 0.0366423
between lakes Fst: 0.625683
between Marine Regions Fst: 0.0474742
-------------------------------
Output1 for generation 15001:

Oceanic mean pheno: 8.04241
Freshwater mean pheno: -9.32566
mean Ocean/Fresh Fst: 0.0379497
between lakes Fst: 0.699208
between Marine Regions Fst: 0.0455938
-------------------------------
Output1 for generation 15051:

Oceanic mean pheno: 7.93669
Freshwater mean pheno: -9.4183
mean Ocean/Fresh Fst: 0.0366293
between lakes Fst: 0.640143
between Marine Regions Fst: 0.0513011
-------------------------------
Output1 for generation 15101:

Oceanic mean pheno: 8.24864
Freshwater mean pheno: -9.48156
mean Ocean/Fresh Fst: 0.0392751
between lakes Fst: 0.604209
between Marine Regions Fst: 0.0432023
-------------------------------
Output1 for generation 15151:

Oceanic mean pheno: 7.32642
Freshwater mean pheno: -9.38767
mean Ocean/Fresh Fst: 0.0386564
between lakes Fst: 0.64982
between Marine Regions Fst: 0.0516124
-------------------------------
Output1 for generation 15201:

Oceanic mean pheno: 6.85995
Freshwater mean pheno: -9.33575
mean Ocean/Fresh Fst: 0.0373735
between lakes Fst: 0.634774
between Marine Regions Fst: 0.0460859
-------------------------------
Output1 for generation 15251:

Oceanic mean pheno: 6.4698
Freshwater mean pheno: -9.23755
mean Ocean/Fresh Fst: 0.0376773
between lakes Fst: 0.666556
between Marine Regions Fst: 0.052885
-------------------------------
Output1 for generation 15301:

Oceanic mean pheno: 6.93476
Freshwater mean pheno: -9.28418
mean Ocean/Fresh Fst: 0.0353757
between lakes Fst: 0.631118
between Marine Regions Fst: 0.0576965
-------------------------------
Output1 for generation 15351:

Oceanic mean pheno: 6.85365
Freshwater mean pheno: -9.36706
mean Ocean/Fresh Fst: 0.036656
between lakes Fst: 0.629698
between Marine Regions Fst: 0.0584712
-------------------------------
Output1 for generation 15401:

Oceanic mean pheno: 6.64346
Freshwater mean pheno: -9.11742
mean Ocean/Fresh Fst: 0.0364292
between lakes Fst: 0.652419
between Marine Regions Fst: 0.0528333
-------------------------------
Output1 for generation 15451:

Oceanic mean pheno: 7.18465
Freshwater mean pheno: -9.24457
mean Ocean/Fresh Fst: 0.0355917
between lakes Fst: 0.645083
between Marine Regions Fst: 0.0518349
-------------------------------
Output1 for generation 15501:

Oceanic mean pheno: 7.28923
Freshwater mean pheno: -9.26794
mean Ocean/Fresh Fst: 0.033707
between lakes Fst: 0.615327
between Marine Regions Fst: 0.0542881
-------------------------------
Output1 for generation 15551:

Oceanic mean pheno: 7.3844
Freshwater mean pheno: -9.17079
mean Ocean/Fresh Fst: 0.0365668
between lakes Fst: 0.642344
between Marine Regions Fst: 0.0521549
-------------------------------
Output1 for generation 15601:

Oceanic mean pheno: 7.52344
Freshwater mean pheno: -8.88551
mean Ocean/Fresh Fst: 0.0353945
between lakes Fst: 0.634902
between Marine Regions Fst: 0.0523657
-------------------------------
Output1 for generation 15651:

Oceanic mean pheno: 7.56744
Freshwater mean pheno: -9.18387
mean Ocean/Fresh Fst: 0.0362784
between lakes Fst: 0.669815
between Marine Regions Fst: 0.0550047
-------------------------------
Output1 for generation 15701:

Oceanic mean pheno: 6.62098
Freshwater mean pheno: -9.13792
mean Ocean/Fresh Fst: 0.0345881
between lakes Fst: 0.66753
between Marine Regions Fst: 0.050863
-------------------------------
Output1 for generation 15751:

Oceanic mean pheno: 7.01644
Freshwater mean pheno: -9.165
mean Ocean/Fresh Fst: 0.0365721
between lakes Fst: 0.663046
between Marine Regions Fst: 0.0585659
-------------------------------
Output1 for generation 15801:

Oceanic mean pheno: 6.96503
Freshwater mean pheno: -9.04529
mean Ocean/Fresh Fst: 0.0377381
between lakes Fst: 0.623322
between Marine Regions Fst: 0.0599854
-------------------------------
Output1 for generation 15851:

Oceanic mean pheno: 6.10819
Freshwater mean pheno: -9.20646
mean Ocean/Fresh Fst: 0.0360414
between lakes Fst: 0.662524
between Marine Regions Fst: 0.0578878
-------------------------------
Output1 for generation 15901:

Oceanic mean pheno: 6.04438
Freshwater mean pheno: -9.07378
mean Ocean/Fresh Fst: 0.0348911
between lakes Fst: 0.690267
between Marine Regions Fst: 0.0651388
-------------------------------
Output1 for generation 15951:

Oceanic mean pheno: 6.77915
Freshwater mean pheno: -9.03409
mean Ocean/Fresh Fst: 0.0356103
between lakes Fst: 0.621417
between Marine Regions Fst: 0.0573184
-------------------------------
Output1 for generation 16001:

Oceanic mean pheno: 6.64503
Freshwater mean pheno: -8.95609
mean Ocean/Fresh Fst: 0.0323029
between lakes Fst: 0.626455
between Marine Regions Fst: 0.0526172
-------------------------------
Output1 for generation 16051:

Oceanic mean pheno: 6.41154
Freshwater mean pheno: -8.98962
mean Ocean/Fresh Fst: 0.0324592
between lakes Fst: 0.64606
between Marine Regions Fst: 0.0511284
-------------------------------
Output1 for generation 16101:

Oceanic mean pheno: 6.35639
Freshwater mean pheno: -9.01313
mean Ocean/Fresh Fst: 0.0333336
between lakes Fst: 0.641321
between Marine Regions Fst: 0.0532583
-------------------------------
Output1 for generation 16151:

Oceanic mean pheno: 5.80431
Freshwater mean pheno: -8.94724
mean Ocean/Fresh Fst: 0.0324111
between lakes Fst: 0.673362
between Marine Regions Fst: 0.0722106
-------------------------------
Output1 for generation 16201:

Oceanic mean pheno: 5.80084
Freshwater mean pheno: -9.00757
mean Ocean/Fresh Fst: 0.0321472
between lakes Fst: 0.631249
between Marine Regions Fst: 0.0654525
-------------------------------
Output1 for generation 16251:

Oceanic mean pheno: 5.34546
Freshwater mean pheno: -8.89271
mean Ocean/Fresh Fst: 0.0308397
between lakes Fst: 0.614868
between Marine Regions Fst: 0.0592319
-------------------------------
Output1 for generation 16301:

Oceanic mean pheno: 5.13533
Freshwater mean pheno: -9.05961
mean Ocean/Fresh Fst: 0.0313328
between lakes Fst: 0.656806
between Marine Regions Fst: 0.0571163
-------------------------------
Output1 for generation 16351:

Oceanic mean pheno: 5.76664
Freshwater mean pheno: -9.21541
mean Ocean/Fresh Fst: 0.0315975
between lakes Fst: 0.66049
between Marine Regions Fst: 0.0585697
-------------------------------
Output1 for generation 16401:

Oceanic mean pheno: 7.02477
Freshwater mean pheno: -9.24965
mean Ocean/Fresh Fst: 0.0309476
between lakes Fst: 0.653202
between Marine Regions Fst: 0.0501718
-------------------------------
Output1 for generation 16451:

Oceanic mean pheno: 6.80794
Freshwater mean pheno: -9.25409
mean Ocean/Fresh Fst: 0.0324859
between lakes Fst: 0.668774
between Marine Regions Fst: 0.050088
-------------------------------
Output1 for generation 16501:

Oceanic mean pheno: 6.79832
Freshwater mean pheno: -9.35358
mean Ocean/Fresh Fst: 0.0323432
between lakes Fst: 0.683491
between Marine Regions Fst: 0.0539123
-------------------------------
Output1 for generation 16551:

Oceanic mean pheno: 6.44749
Freshwater mean pheno: -9.12104
mean Ocean/Fresh Fst: 0.0335734
between lakes Fst: 0.683354
between Marine Regions Fst: 0.0502982
-------------------------------
Output1 for generation 16601:

Oceanic mean pheno: 6.71341
Freshwater mean pheno: -9.16272
mean Ocean/Fresh Fst: 0.0323475
between lakes Fst: 0.636621
between Marine Regions Fst: 0.0445836
-------------------------------
Output1 for generation 16651:

Oceanic mean pheno: 7.52034
Freshwater mean pheno: -9.07679
mean Ocean/Fresh Fst: 0.0336344
between lakes Fst: 0.646635
between Marine Regions Fst: 0.048149
-------------------------------
Output1 for generation 16701:

Oceanic mean pheno: 7.12375
Freshwater mean pheno: -9.05073
mean Ocean/Fresh Fst: 0.0342842
between lakes Fst: 0.639912
between Marine Regions Fst: 0.050366
-------------------------------
Output1 for generation 16751:

Oceanic mean pheno: 7.9992
Freshwater mean pheno: -8.9573
mean Ocean/Fresh Fst: 0.034397
between lakes Fst: 0.651295
between Marine Regions Fst: 0.0538434
-------------------------------
Output1 for generation 16801:

Oceanic mean pheno: 7.287
Freshwater mean pheno: -9.03501
mean Ocean/Fresh Fst: 0.0339817
between lakes Fst: 0.682691
between Marine Regions Fst: 0.058338
-------------------------------
Output1 for generation 16851:

Oceanic mean pheno: 6.82668
Freshwater mean pheno: -8.98085
mean Ocean/Fresh Fst: 0.0305789
between lakes Fst: 0.633721
between Marine Regions Fst: 0.0527017
-------------------------------
Output1 for generation 16901:

Oceanic mean pheno: 6.565
Freshwater mean pheno: -8.6894
mean Ocean/Fresh Fst: 0.0305899
between lakes Fst: 0.639127
between Marine Regions Fst: 0.052793
-------------------------------
Output1 for generation 16951:

Oceanic mean pheno: 7.65986
Freshwater mean pheno: -8.82113
mean Ocean/Fresh Fst: 0.0342731
between lakes Fst: 0.668599
between Marine Regions Fst: 0.0618166
-------------------------------
Output1 for generation 17001:

Oceanic mean pheno: 7.95968
Freshwater mean pheno: -8.82023
mean Ocean/Fresh Fst: 0.0347038
between lakes Fst: 0.627089
between Marine Regions Fst: 0.0630309
-------------------------------
Output1 for generation 17051:

Oceanic mean pheno: 8.02377
Freshwater mean pheno: -8.95465
mean Ocean/Fresh Fst: 0.034282
between lakes Fst: 0.612848
between Marine Regions Fst: 0.0564163
-------------------------------
Output1 for generation 17101:

Oceanic mean pheno: 7.98542
Freshwater mean pheno: -8.79129
mean Ocean/Fresh Fst: 0.035241
between lakes Fst: 0.650265
between Marine Regions Fst: 0.0546066
-------------------------------
Output1 for generation 17151:

Oceanic mean pheno: 8.3481
Freshwater mean pheno: -8.624
mean Ocean/Fresh Fst: 0.0337526
between lakes Fst: 0.632862
between Marine Regions Fst: 0.0586902
-------------------------------
Output1 for generation 17201:

Oceanic mean pheno: 8.61538
Freshwater mean pheno: -8.70837
mean Ocean/Fresh Fst: 0.0342129
between lakes Fst: 0.669211
between Marine Regions Fst: 0.0512771
-------------------------------
Output1 for generation 17251:

Oceanic mean pheno: 8.40405
Freshwater mean pheno: -8.8875
mean Ocean/Fresh Fst: 0.0349673
between lakes Fst: 0.656423
between Marine Regions Fst: 0.0540982
-------------------------------
Output1 for generation 17301:

Oceanic mean pheno: 9.04287
Freshwater mean pheno: -8.76532
mean Ocean/Fresh Fst: 0.0342076
between lakes Fst: 0.63567
between Marine Regions Fst: 0.0483749
-------------------------------
Output1 for generation 17351:

Oceanic mean pheno: 8.72109
Freshwater mean pheno: -8.69154
mean Ocean/Fresh Fst: 0.0348907
between lakes Fst: 0.675817
between Marine Regions Fst: 0.0563574
-------------------------------
Output1 for generation 17401:

Oceanic mean pheno: 7.8322
Freshwater mean pheno: -8.75567
mean Ocean/Fresh Fst: 0.0328332
between lakes Fst: 0.628974
between Marine Regions Fst: 0.0586132
-------------------------------
Output1 for generation 17451:

Oceanic mean pheno: 7.9094
Freshwater mean pheno: -8.66009
mean Ocean/Fresh Fst: 0.0349075
between lakes Fst: 0.667124
between Marine Regions Fst: 0.0650442
-------------------------------
Output1 for generation 17501:

Oceanic mean pheno: 8.19446
Freshwater mean pheno: -8.61564
mean Ocean/Fresh Fst: 0.0349618
between lakes Fst: 0.654893
between Marine Regions Fst: 0.0502074
-------------------------------
Output1 for generation 17551:

Oceanic mean pheno: 8.39454
Freshwater mean pheno: -8.78382
mean Ocean/Fresh Fst: 0.0357132
between lakes Fst: 0.699784
between Marine Regions Fst: 0.0492451
-------------------------------
Output1 for generation 17601:

Oceanic mean pheno: 8.77494
Freshwater mean pheno: -8.77719
mean Ocean/Fresh Fst: 0.0364602
between lakes Fst: 0.623982
between Marine Regions Fst: 0.048364
-------------------------------
Output1 for generation 17651:

Oceanic mean pheno: 8.91781
Freshwater mean pheno: -8.83365
mean Ocean/Fresh Fst: 0.037322
between lakes Fst: 0.620729
between Marine Regions Fst: 0.0500381
-------------------------------
Output1 for generation 17701:

Oceanic mean pheno: 9.48004
Freshwater mean pheno: -8.69983
mean Ocean/Fresh Fst: 0.0386347
between lakes Fst: 0.635331
between Marine Regions Fst: 0.0568861
-------------------------------
Output1 for generation 17751:

Oceanic mean pheno: 9.85135
Freshwater mean pheno: -8.66518
mean Ocean/Fresh Fst: 0.0394862
between lakes Fst: 0.648944
between Marine Regions Fst: 0.0554897
-------------------------------
Output1 for generation 17801:

Oceanic mean pheno: 8.79322
Freshwater mean pheno: -8.98159
mean Ocean/Fresh Fst: 0.0389479
between lakes Fst: 0.62256
between Marine Regions Fst: 0.0548475
-------------------------------
Output1 for generation 17851:

Oceanic mean pheno: 9.19337
Freshwater mean pheno: -8.97739
mean Ocean/Fresh Fst: 0.039551
between lakes Fst: 0.696085
between Marine Regions Fst: 0.0611255
-------------------------------
Output1 for generation 17901:

Oceanic mean pheno: 8.68928
Freshwater mean pheno: -8.83589
mean Ocean/Fresh Fst: 0.0373111
between lakes Fst: 0.666385
between Marine Regions Fst: 0.0548087
-------------------------------
Output1 for generation 17951:

Oceanic mean pheno: 8.31152
Freshwater mean pheno: -8.93461
mean Ocean/Fresh Fst: 0.0338977
between lakes Fst: 0.575397
between Marine Regions Fst: 0.0575044
-------------------------------
Output1 for generation 18001:

Oceanic mean pheno: 7.6525
Freshwater mean pheno: -9.08688
mean Ocean/Fresh Fst: 0.0341918
between lakes Fst: 0.608172
between Marine Regions Fst: 0.0477053
-------------------------------
Output1 for generation 18051:

Oceanic mean pheno: 7.49298
Freshwater mean pheno: -9.0645
mean Ocean/Fresh Fst: 0.0346611
between lakes Fst: 0.600073
between Marine Regions Fst: 0.0468672
-------------------------------
Output1 for generation 18101:

Oceanic mean pheno: 7.03907
Freshwater mean pheno: -9.00037
mean Ocean/Fresh Fst: 0.0344477
between lakes Fst: 0.579711
between Marine Regions Fst: 0.0501764
-------------------------------
Output1 for generation 18151:

Oceanic mean pheno: 6.38501
Freshwater mean pheno: -9.0503
mean Ocean/Fresh Fst: 0.0334031
between lakes Fst: 0.632379
between Marine Regions Fst: 0.0501845
-------------------------------
Output1 for generation 18201:

Oceanic mean pheno: 7.30239
Freshwater mean pheno: -9.17173
mean Ocean/Fresh Fst: 0.0340608
between lakes Fst: 0.596389
between Marine Regions Fst: 0.0513721
-------------------------------
Output1 for generation 18251:

Oceanic mean pheno: 8.66435
Freshwater mean pheno: -9.04793
mean Ocean/Fresh Fst: 0.0377316
between lakes Fst: 0.638492
between Marine Regions Fst: 0.0524134
-------------------------------
Output1 for generation 18301:

Oceanic mean pheno: 8.24648
Freshwater mean pheno: -9.02145
mean Ocean/Fresh Fst: 0.0338582
between lakes Fst: 0.636642
between Marine Regions Fst: 0.048448
-------------------------------
Output1 for generation 18351:

Oceanic mean pheno: 8.20604
Freshwater mean pheno: -8.95907
mean Ocean/Fresh Fst: 0.0358923
between lakes Fst: 0.633223
between Marine Regions Fst: 0.0492479
-------------------------------
Output1 for generation 18401:

Oceanic mean pheno: 7.74772
Freshwater mean pheno: -9.06136
mean Ocean/Fresh Fst: 0.0363609
between lakes Fst: 0.67808
between Marine Regions Fst: 0.0581974
-------------------------------
Output1 for generation 18451:

Oceanic mean pheno: 6.69468
Freshwater mean pheno: -9.23697
mean Ocean/Fresh Fst: 0.0320357
between lakes Fst: 0.63845
between Marine Regions Fst: 0.0546059
-------------------------------
Output1 for generation 18501:

Oceanic mean pheno: 6.8903
Freshwater mean pheno: -9.29257
mean Ocean/Fresh Fst: 0.0309485
between lakes Fst: 0.543573
between Marine Regions Fst: 0.0627899
-------------------------------
Output1 for generation 18551:

Oceanic mean pheno: 7.29703
Freshwater mean pheno: -9.19232
mean Ocean/Fresh Fst: 0.0348205
between lakes Fst: 0.63037
between Marine Regions Fst: 0.0635897
-------------------------------
Output1 for generation 18601:

Oceanic mean pheno: 7.57127
Freshwater mean pheno: -9.35526
mean Ocean/Fresh Fst: 0.0335382
between lakes Fst: 0.612156
between Marine Regions Fst: 0.058509
-------------------------------
Output1 for generation 18651:

Oceanic mean pheno: 8.75263
Freshwater mean pheno: -9.3451
mean Ocean/Fresh Fst: 0.0330843
between lakes Fst: 0.57782
between Marine Regions Fst: 0.0506351
-------------------------------
Output1 for generation 18701:

Oceanic mean pheno: 7.88552
Freshwater mean pheno: -9.12249
mean Ocean/Fresh Fst: 0.0346378
between lakes Fst: 0.636895
between Marine Regions Fst: 0.0550559
-------------------------------
Output1 for generation 18751:

Oceanic mean pheno: 8.58823
Freshwater mean pheno: -9.19992
mean Ocean/Fresh Fst: 0.0373286
between lakes Fst: 0.641073
between Marine Regions Fst: 0.0645207
-------------------------------
Output1 for generation 18801:

Oceanic mean pheno: 8.50583
Freshwater mean pheno: -9.14062
mean Ocean/Fresh Fst: 0.037789
between lakes Fst: 0.646151
between Marine Regions Fst: 0.0726134
-------------------------------
Output1 for generation 18851:

Oceanic mean pheno: 7.90843
Freshwater mean pheno: -9.00923
mean Ocean/Fresh Fst: 0.0359029
between lakes Fst: 0.658617
between Marine Regions Fst: 0.0670014
-------------------------------
Output1 for generation 18901:

Oceanic mean pheno: 8.0902
Freshwater mean pheno: -8.98452
mean Ocean/Fresh Fst: 0.0362878
between lakes Fst: 0.627553
between Marine Regions Fst: 0.0565959
-------------------------------
Output1 for generation 18951:

Oceanic mean pheno: 7.93576
Freshwater mean pheno: -9.19203
mean Ocean/Fresh Fst: 0.0358943
between lakes Fst: 0.620043
between Marine Regions Fst: 0.0620649
-------------------------------
Output1 for generation 19001:

Oceanic mean pheno: 7.50596
Freshwater mean pheno: -8.95366
mean Ocean/Fresh Fst: 0.0352494
between lakes Fst: 0.65248
between Marine Regions Fst: 0.0640791
-------------------------------
Output1 for generation 19051:

Oceanic mean pheno: 7.5809
Freshwater mean pheno: -8.80586
mean Ocean/Fresh Fst: 0.0356706
between lakes Fst: 0.7127
between Marine Regions Fst: 0.0608554
-------------------------------
Output1 for generation 19101:

Oceanic mean pheno: 7.62304
Freshwater mean pheno: -8.88194
mean Ocean/Fresh Fst: 0.0351802
between lakes Fst: 0.627324
between Marine Regions Fst: 0.0554068
-------------------------------
Output1 for generation 19151:

Oceanic mean pheno: 7.07262
Freshwater mean pheno: -8.99742
mean Ocean/Fresh Fst: 0.0341487
between lakes Fst: 0.654894
between Marine Regions Fst: 0.0574928
-------------------------------
Output1 for generation 19201:

Oceanic mean pheno: 7.15231
Freshwater mean pheno: -9.18173
mean Ocean/Fresh Fst: 0.0341332
between lakes Fst: 0.632617
between Marine Regions Fst: 0.0546878
-------------------------------
Output1 for generation 19251:

Oceanic mean pheno: 7.08471
Freshwater mean pheno: -8.78963
mean Ocean/Fresh Fst: 0.0331008
between lakes Fst: 0.611364
between Marine Regions Fst: 0.0589765
-------------------------------
Output1 for generation 19301:

Oceanic mean pheno: 6.72686
Freshwater mean pheno: -8.91635
mean Ocean/Fresh Fst: 0.0312738
between lakes Fst: 0.61104
between Marine Regions Fst: 0.0544979
-------------------------------
Output1 for generation 19351:

Oceanic mean pheno: 5.87253
Freshwater mean pheno: -9.01284
mean Ocean/Fresh Fst: 0.0287265
between lakes Fst: 0.595448
between Marine Regions Fst: 0.0592734
-------------------------------
Output1 for generation 19401:

Oceanic mean pheno: 6.44989
Freshwater mean pheno: -9.10676
mean Ocean/Fresh Fst: 0.0323399
between lakes Fst: 0.647282
between Marine Regions Fst: 0.0643202
-------------------------------
Output1 for generation 19451:

Oceanic mean pheno: 6.66884
Freshwater mean pheno: -9.25893
mean Ocean/Fresh Fst: 0.0337605
between lakes Fst: 0.641769
between Marine Regions Fst: 0.0661842
-------------------------------
Output1 for generation 19501:

Oceanic mean pheno: 6.58387
Freshwater mean pheno: -8.96338
mean Ocean/Fresh Fst: 0.0321329
between lakes Fst: 0.673741
between Marine Regions Fst: 0.0601176
-------------------------------
Output1 for generation 19551:

Oceanic mean pheno: 6.78324
Freshwater mean pheno: -9.13597
mean Ocean/Fresh Fst: 0.0327512
between lakes Fst: 0.627731
between Marine Regions Fst: 0.0523375
-------------------------------
Output1 for generation 19601:

Oceanic mean pheno: 7.07553
Freshwater mean pheno: -9.29589
mean Ocean/Fresh Fst: 0.0344418
between lakes Fst: 0.593452
between Marine Regions Fst: 0.0597163
-------------------------------
Output1 for generation 19651:

Oceanic mean pheno: 7.90178
Freshwater mean pheno: -9.37481
mean Ocean/Fresh Fst: 0.0360441
between lakes Fst: 0.639718
between Marine Regions Fst: 0.076088
-------------------------------
Output1 for generation 19701:

Oceanic mean pheno: 8.13222
Freshwater mean pheno: -9.24325
mean Ocean/Fresh Fst: 0.037689
between lakes Fst: 0.673523
between Marine Regions Fst: 0.0743522
-------------------------------
Output1 for generation 19751:

Oceanic mean pheno: 7.9857
Freshwater mean pheno: -9.45213
mean Ocean/Fresh Fst: 0.0348051
between lakes Fst: 0.63255
between Marine Regions Fst: 0.067196
-------------------------------
Output1 for generation 19801:

Oceanic mean pheno: 7.60667
Freshwater mean pheno: -9.49622
mean Ocean/Fresh Fst: 0.035126
between lakes Fst: 0.70092
between Marine Regions Fst: 0.068609
-------------------------------
Output1 for generation 19851:

Oceanic mean pheno: 7.47255
Freshwater mean pheno: -9.2537
mean Ocean/Fresh Fst: 0.0329114
between lakes Fst: 0.653555
between Marine Regions Fst: 0.0740429
-------------------------------
Output1 for generation 19901:

Oceanic mean pheno: 8.48314
Freshwater mean pheno: -9.38782
mean Ocean/Fresh Fst: 0.0355372
between lakes Fst: 0.644277
between Marine Regions Fst: 0.0747006
-------------------------------
Output1 for generation 19951:

Oceanic mean pheno: 8.61486
Freshwater mean pheno: -9.3886
mean Ocean/Fresh Fst: 0.0365174
between lakes Fst: 0.648021
between Marine Regions Fst: 0.0686822
-------------------------------
Output1 for generation 20000:

Oceanic mean pheno: 8.95939
Freshwater mean pheno: -9.40856
mean Ocean/Fresh Fst: 0.0360321
between lakes Fst: 0.628649
between Marine Regions Fst: 0.0579667
Oceanic mean pheno8.95939
Freshwater mean pheno-9.40856
whole: 294
Oceanic: 194
Freshwater: 253
fstsize: 294
elapsed: 49:47.24 / kernel: 0.42 / user: 2986.60 / mem: 152492
Done!
