Task ID  - seed 003009
Parameters for SLiM run:
  -s 003009 MyRecipe4_0_3.E
// Initial random seed:
1506280666066

// RunInitializeCallbacks():
initializeSLiMOptions(dimensionality = 'x');
initializeMutationRate(1e-07);
initializeMutationType(1, 0.5, "g", 0.5, 1);
initializeMutationType(2, 0.5, "g", -0.5, 1);
initializeMutationType(3, 0.5, "f", 0);
initializeMutationType(4, 0.5, "f", 0);
initializeGenomicElementType(1, m3, 1);
initializeGenomicElementType(2, c(m1, m2, m3), c(1, 1, 1));
initializeGenomicElement(g1, 0, 4949);
initializeGenomicElement(g2, 4950, 5049);
initializeGenomicElement(g1, 5050, 9999);
initializeGenomicElement(g1, 10000, 14949);
initializeGenomicElement(g2, 14950, 15049);
initializeGenomicElement(g1, 15050, 19999);
initializeGenomicElement(g1, 20000, 24949);
initializeGenomicElement(g2, 24950, 25049);
initializeGenomicElement(g1, 25050, 29999);
initializeGenomicElement(g1, 30000, 34949);
initializeGenomicElement(g2, 34950, 35049);
initializeGenomicElement(g1, 35050, 39999);
initializeGenomicElement(g1, 40000, 44949);
initializeGenomicElement(g2, 44950, 45049);
initializeGenomicElement(g1, 45050, 49999);
initializeGenomicElement(g1, 50000, 54949);
initializeGenomicElement(g2, 54950, 55049);
initializeGenomicElement(g1, 55050, 59999);
initializeGenomicElement(g1, 60000, 64949);
initializeGenomicElement(g2, 64950, 65049);
initializeGenomicElement(g1, 65050, 69999);
initializeGenomicElement(g1, 70000, 74949);
initializeGenomicElement(g2, 74950, 75049);
initializeGenomicElement(g1, 75050, 79999);
initializeGenomicElement(g1, 80000, 84949);
initializeGenomicElement(g2, 84950, 85049);
initializeGenomicElement(g1, 85050, 89999);
initializeGenomicElement(g1, 90000, 94949);
initializeGenomicElement(g2, 94950, 95049);
initializeGenomicElement(g1, 95050, 99999);
end of chromosome position: 100000
initializeRecombinationRate(0.001);
initializeInteractionType(1, "x", reciprocal=T", maxDistance=0.02);
initializeInteractionType(2, "x", reciprocal=T", maxDistance=1);

// Starting run at generation <start>:
1 

-------------------------------
Output1 for generation 100:

Oceanic mean pheno: 0
Freshwater mean pheno: 0
-------------------------------
Output1 for generation 200:

Oceanic mean pheno: 0.00441604
Freshwater mean pheno: 0.00191358
-------------------------------
Output1 for generation 300:

Oceanic mean pheno: -0.000279434
Freshwater mean pheno: -0.00371003
-------------------------------
Output1 for generation 400:

Oceanic mean pheno: -5.46798e-05
Freshwater mean pheno: 0
-------------------------------
Output1 for generation 500:

Oceanic mean pheno: 1.18111
Freshwater mean pheno: 0.041745
-------------------------------
Output1 for generation 600:

Oceanic mean pheno: 3.65709
Freshwater mean pheno: 0.137404
-------------------------------
Output1 for generation 700:

Oceanic mean pheno: 3.65396
Freshwater mean pheno: 0.219624
-------------------------------
Output1 for generation 800:

Oceanic mean pheno: 3.71407
Freshwater mean pheno: 0.156127
-------------------------------
Output1 for generation 900:

Oceanic mean pheno: 3.68552
Freshwater mean pheno: 0.0534878
-------------------------------
Output1 for generation 1000:

Oceanic mean pheno: 3.81093
Freshwater mean pheno: -0.116863
-------------------------------
Output1 for generation 1100:

Oceanic mean pheno: 3.98816
Freshwater mean pheno: -0.323624
-------------------------------
Output1 for generation 1200:

Oceanic mean pheno: 4.43834
Freshwater mean pheno: -0.420828
-------------------------------
Output1 for generation 1300:

Oceanic mean pheno: 5.26547
Freshwater mean pheno: -0.536858
-------------------------------
Output1 for generation 1400:

Oceanic mean pheno: 6.12718
Freshwater mean pheno: -0.575227
-------------------------------
Output1 for generation 1500:

Oceanic mean pheno: 6.59202
Freshwater mean pheno: -0.911892
-------------------------------
Output1 for generation 1600:

Oceanic mean pheno: 6.67092
Freshwater mean pheno: -0.986167
-------------------------------
Output1 for generation 1700:

Oceanic mean pheno: 6.42558
Freshwater mean pheno: -1.4177
-------------------------------
Output1 for generation 1800:

Oceanic mean pheno: 6.86652
Freshwater mean pheno: -2.29375
-------------------------------
Output1 for generation 1900:

Oceanic mean pheno: 6.77822
Freshwater mean pheno: -3.17575
-------------------------------
Output1 for generation 2000:

Oceanic mean pheno: 7.53816
Freshwater mean pheno: -3.6037
-------------------------------
Output1 for generation 2100:

Oceanic mean pheno: 7.91228
Freshwater mean pheno: -4.00403
-------------------------------
Output1 for generation 2200:

Oceanic mean pheno: 8.63169
Freshwater mean pheno: -4.84208
-------------------------------
Output1 for generation 2300:

Oceanic mean pheno: 8.23975
Freshwater mean pheno: -4.96512
-------------------------------
Output1 for generation 2400:

Oceanic mean pheno: 7.83347
Freshwater mean pheno: -5.18515
-------------------------------
Output1 for generation 2500:

Oceanic mean pheno: 8.08951
Freshwater mean pheno: -5.55743
-------------------------------
Output1 for generation 2600:

Oceanic mean pheno: 8.01216
Freshwater mean pheno: -5.8471
-------------------------------
Output1 for generation 2700:

Oceanic mean pheno: 8.31974
Freshwater mean pheno: -6.25783
-------------------------------
Output1 for generation 2800:

Oceanic mean pheno: 8.27695
Freshwater mean pheno: -6.30628
-------------------------------
Output1 for generation 2900:

Oceanic mean pheno: 8.59211
Freshwater mean pheno: -6.43705
-------------------------------
Output1 for generation 3000:

Oceanic mean pheno: 8.00974
Freshwater mean pheno: -6.68828
-------------------------------
Output1 for generation 3100:

Oceanic mean pheno: 8.01938
Freshwater mean pheno: -6.79899
-------------------------------
Output1 for generation 3200:

Oceanic mean pheno: 8.12177
Freshwater mean pheno: -7.31379
-------------------------------
Output1 for generation 3300:

Oceanic mean pheno: 8.45408
Freshwater mean pheno: -7.06229
-------------------------------
Output1 for generation 3400:

Oceanic mean pheno: 8.55648
Freshwater mean pheno: -7.21108
-------------------------------
Output1 for generation 3500:

Oceanic mean pheno: 8.26617
Freshwater mean pheno: -7.35549
-------------------------------
Output1 for generation 3600:

Oceanic mean pheno: 8.50463
Freshwater mean pheno: -7.12654
-------------------------------
Output1 for generation 3700:

Oceanic mean pheno: 8.66538
Freshwater mean pheno: -7.60316
-------------------------------
Output1 for generation 3800:

Oceanic mean pheno: 9.00342
Freshwater mean pheno: -8.22209
-------------------------------
Output1 for generation 3900:

Oceanic mean pheno: 8.59065
Freshwater mean pheno: -7.90595
-------------------------------
Output1 for generation 4000:

Oceanic mean pheno: 8.63895
Freshwater mean pheno: -7.84367
-------------------------------
Output1 for generation 4100:

Oceanic mean pheno: 8.4355
Freshwater mean pheno: -8.27809
-------------------------------
Output1 for generation 4200:

Oceanic mean pheno: 8.844
Freshwater mean pheno: -8.30101
-------------------------------
Output1 for generation 4300:

Oceanic mean pheno: 9.09901
Freshwater mean pheno: -8.36845
-------------------------------
Output1 for generation 4400:

Oceanic mean pheno: 8.85293
Freshwater mean pheno: -8.32442
-------------------------------
Output1 for generation 4500:

Oceanic mean pheno: 8.68793
Freshwater mean pheno: -7.53864
-------------------------------
Output1 for generation 4600:

Oceanic mean pheno: 8.32869
Freshwater mean pheno: -7.9594
-------------------------------
Output1 for generation 4700:

Oceanic mean pheno: 8.49866
Freshwater mean pheno: -7.58729
-------------------------------
Output1 for generation 4800:

Oceanic mean pheno: 8.52997
Freshwater mean pheno: -7.99338
-------------------------------
Output1 for generation 4900:

Oceanic mean pheno: 8.36228
Freshwater mean pheno: -8.0193
-------------------------------
Output1 for generation 5000:

Oceanic mean pheno: 8.60484
Freshwater mean pheno: -7.95071
-------------------------------
Output1 for generation 5100:

Oceanic mean pheno: 8.92682
Freshwater mean pheno: -8.1914
-------------------------------
Output1 for generation 5200:

Oceanic mean pheno: 9.04257
Freshwater mean pheno: -7.98915
-------------------------------
Output1 for generation 5300:

Oceanic mean pheno: 8.72836
Freshwater mean pheno: -7.46936
-------------------------------
Output1 for generation 5400:

Oceanic mean pheno: 8.9818
Freshwater mean pheno: -7.92218
-------------------------------
Output1 for generation 5500:

Oceanic mean pheno: 8.89883
Freshwater mean pheno: -8.25807
-------------------------------
Output1 for generation 5600:

Oceanic mean pheno: 8.73353
Freshwater mean pheno: -8.23482
-------------------------------
Output1 for generation 5700:

Oceanic mean pheno: 8.83916
Freshwater mean pheno: -8.46383
-------------------------------
Output1 for generation 5800:

Oceanic mean pheno: 8.90923
Freshwater mean pheno: -8.32402
-------------------------------
Output1 for generation 5900:

Oceanic mean pheno: 8.54245
Freshwater mean pheno: -8.51074
-------------------------------
Output1 for generation 6000:

Oceanic mean pheno: 8.87547
Freshwater mean pheno: -8.45021
-------------------------------
Output1 for generation 6100:

Oceanic mean pheno: 8.89806
Freshwater mean pheno: -8.52177
-------------------------------
Output1 for generation 6200:

Oceanic mean pheno: 8.48755
Freshwater mean pheno: -8.41067
-------------------------------
Output1 for generation 6300:

Oceanic mean pheno: 8.46939
Freshwater mean pheno: -8.42806
-------------------------------
Output1 for generation 6400:

Oceanic mean pheno: 8.79005
Freshwater mean pheno: -7.90729
-------------------------------
Output1 for generation 6500:

Oceanic mean pheno: 9.03285
Freshwater mean pheno: -8.1633
-------------------------------
Output1 for generation 6600:

Oceanic mean pheno: 8.81773
Freshwater mean pheno: -8.38111
-------------------------------
Output1 for generation 6700:

Oceanic mean pheno: 9.0188
Freshwater mean pheno: -8.47724
-------------------------------
Output1 for generation 6800:

Oceanic mean pheno: 8.83181
Freshwater mean pheno: -8.29239
-------------------------------
Output1 for generation 6900:

Oceanic mean pheno: 8.67745
Freshwater mean pheno: -8.06508
-------------------------------
Output1 for generation 7000:

Oceanic mean pheno: 8.74229
Freshwater mean pheno: -8.37265
-------------------------------
Output1 for generation 7100:

Oceanic mean pheno: 8.30803
Freshwater mean pheno: -8.34359
-------------------------------
Output1 for generation 7200:

Oceanic mean pheno: 8.81218
Freshwater mean pheno: -8.14094
-------------------------------
Output1 for generation 7300:

Oceanic mean pheno: 8.58245
Freshwater mean pheno: -7.96665
-------------------------------
Output1 for generation 7400:

Oceanic mean pheno: 8.84519
Freshwater mean pheno: -8.60204
-------------------------------
Output1 for generation 7500:

Oceanic mean pheno: 9.27966
Freshwater mean pheno: -8.61925
-------------------------------
Output1 for generation 7600:

Oceanic mean pheno: 8.80135
Freshwater mean pheno: -8.93306
-------------------------------
Output1 for generation 7700:

Oceanic mean pheno: 8.93993
Freshwater mean pheno: -8.24461
-------------------------------
Output1 for generation 7800:

Oceanic mean pheno: 8.75089
Freshwater mean pheno: -8.37253
-------------------------------
Output1 for generation 7900:

Oceanic mean pheno: 8.23921
Freshwater mean pheno: -8.63726
-------------------------------
Output1 for generation 8000:

Oceanic mean pheno: 9.0832
Freshwater mean pheno: -8.36032
-------------------------------
Output1 for generation 8100:

Oceanic mean pheno: 9.05141
Freshwater mean pheno: -8.2065
-------------------------------
Output1 for generation 8200:

Oceanic mean pheno: 9.05726
Freshwater mean pheno: -8.56073
-------------------------------
Output1 for generation 8300:

Oceanic mean pheno: 9.2527
Freshwater mean pheno: -8.20415
-------------------------------
Output1 for generation 8400:

Oceanic mean pheno: 9.04247
Freshwater mean pheno: -8.20018
-------------------------------
Output1 for generation 8500:

Oceanic mean pheno: 8.61412
Freshwater mean pheno: -8.46845
-------------------------------
Output1 for generation 8600:

Oceanic mean pheno: 9.23941
Freshwater mean pheno: -8.06545
-------------------------------
Output1 for generation 8700:

Oceanic mean pheno: 9.25276
Freshwater mean pheno: -8.42714
-------------------------------
Output1 for generation 8800:

Oceanic mean pheno: 8.99981
Freshwater mean pheno: -8.23129
-------------------------------
Output1 for generation 8900:

Oceanic mean pheno: 8.78329
Freshwater mean pheno: -8.4721
-------------------------------
Output1 for generation 9000:

Oceanic mean pheno: 9.01028
Freshwater mean pheno: -8.65144
-------------------------------
Output1 for generation 9100:

Oceanic mean pheno: 8.72534
Freshwater mean pheno: -8.43365
-------------------------------
Output1 for generation 9200:

Oceanic mean pheno: 8.59576
Freshwater mean pheno: -8.2042
-------------------------------
Output1 for generation 9300:

Oceanic mean pheno: 8.32987
Freshwater mean pheno: -8.33735
-------------------------------
Output1 for generation 9400:

Oceanic mean pheno: 8.44483
Freshwater mean pheno: -8.57844
-------------------------------
Output1 for generation 9500:

Oceanic mean pheno: 8.66437
Freshwater mean pheno: -8.34625
-------------------------------
Output1 for generation 9600:

Oceanic mean pheno: 8.78274
Freshwater mean pheno: -8.32386
-------------------------------
Output1 for generation 9700:

Oceanic mean pheno: 8.83995
Freshwater mean pheno: -8.22367
-------------------------------
Output1 for generation 9800:

Oceanic mean pheno: 9.05071
Freshwater mean pheno: -8.26938
-------------------------------
Output1 for generation 9900:

Oceanic mean pheno: 9.04568
Freshwater mean pheno: -8.32008
-------------------------------
Output1 for generation 10000:

Oceanic mean pheno: 9.22741
Freshwater mean pheno: -7.96531
-------------------------------
Output1 for generation 10100:

Oceanic mean pheno: 8.90725
Freshwater mean pheno: -8.3861
-------------------------------
Output1 for generation 10200:

Oceanic mean pheno: 8.6018
Freshwater mean pheno: -8.23845
-------------------------------
Output1 for generation 10300:

Oceanic mean pheno: 8.63185
Freshwater mean pheno: -8.65949
-------------------------------
Output1 for generation 10400:

Oceanic mean pheno: 8.6673
Freshwater mean pheno: -8.2954
-------------------------------
Output1 for generation 10500:

Oceanic mean pheno: 8.78515
Freshwater mean pheno: -8.03469
-------------------------------
Output1 for generation 10600:

Oceanic mean pheno: 8.93707
Freshwater mean pheno: -7.9862
-------------------------------
Output1 for generation 10700:

Oceanic mean pheno: 8.95923
Freshwater mean pheno: -8.48437
-------------------------------
Output1 for generation 10800:

Oceanic mean pheno: 8.7215
Freshwater mean pheno: -8.53024
-------------------------------
Output1 for generation 10900:

Oceanic mean pheno: 9.19717
Freshwater mean pheno: -8.48057
-------------------------------
Output1 for generation 11000:

Oceanic mean pheno: 8.82616
Freshwater mean pheno: -8.64915
-------------------------------
Output1 for generation 11100:

Oceanic mean pheno: 8.85193
Freshwater mean pheno: -8.4054
-------------------------------
Output1 for generation 11200:

Oceanic mean pheno: 8.89934
Freshwater mean pheno: -8.44694
-------------------------------
Output1 for generation 11300:

Oceanic mean pheno: 8.83179
Freshwater mean pheno: -8.42903
-------------------------------
Output1 for generation 11400:

Oceanic mean pheno: 8.78448
Freshwater mean pheno: -8.37036
-------------------------------
Output1 for generation 11500:

Oceanic mean pheno: 8.95669
Freshwater mean pheno: -8.28202
-------------------------------
Output1 for generation 11600:

Oceanic mean pheno: 8.71865
Freshwater mean pheno: -8.22268
-------------------------------
Output1 for generation 11700:

Oceanic mean pheno: 8.71313
Freshwater mean pheno: -8.45369
-------------------------------
Output1 for generation 11800:

Oceanic mean pheno: 8.57148
Freshwater mean pheno: -8.57252
-------------------------------
Output1 for generation 11900:

Oceanic mean pheno: 9.13189
Freshwater mean pheno: -8.41741
-------------------------------
Output1 for generation 12000:

Oceanic mean pheno: 9.14728
Freshwater mean pheno: -8.42936
-------------------------------
Output1 for generation 12100:

Oceanic mean pheno: 8.8968
Freshwater mean pheno: -8.50333
-------------------------------
Output1 for generation 12200:

Oceanic mean pheno: 8.83065
Freshwater mean pheno: -8.22366
-------------------------------
Output1 for generation 12300:

Oceanic mean pheno: 9.12041
Freshwater mean pheno: -8.12089
-------------------------------
Output1 for generation 12400:

Oceanic mean pheno: 9.02725
Freshwater mean pheno: -8.14782
-------------------------------
Output1 for generation 12500:

Oceanic mean pheno: 9.14765
Freshwater mean pheno: -8.31712
-------------------------------
Output1 for generation 12600:

Oceanic mean pheno: 8.73504
Freshwater mean pheno: -8.5753
-------------------------------
Output1 for generation 12700:

Oceanic mean pheno: 9.14911
Freshwater mean pheno: -8.38019
-------------------------------
Output1 for generation 12800:

Oceanic mean pheno: 9.20229
Freshwater mean pheno: -8.37405
-------------------------------
Output1 for generation 12900:

Oceanic mean pheno: 9.06415
Freshwater mean pheno: -8.60418
-------------------------------
Output1 for generation 13000:

Oceanic mean pheno: 9.31829
Freshwater mean pheno: -8.78091
-------------------------------
Output1 for generation 13100:

Oceanic mean pheno: 9.20347
Freshwater mean pheno: -8.52634
-------------------------------
Output1 for generation 13200:

Oceanic mean pheno: 9.05058
Freshwater mean pheno: -8.30796
-------------------------------
Output1 for generation 13300:

Oceanic mean pheno: 9.08302
Freshwater mean pheno: -8.56473
-------------------------------
Output1 for generation 13400:

Oceanic mean pheno: 9.10978
Freshwater mean pheno: -8.45197
-------------------------------
Output1 for generation 13500:

Oceanic mean pheno: 9.30991
Freshwater mean pheno: -8.42575
-------------------------------
Output1 for generation 13600:

Oceanic mean pheno: 9.2078
Freshwater mean pheno: -8.35675
-------------------------------
Output1 for generation 13700:

Oceanic mean pheno: 8.82777
Freshwater mean pheno: -8.43293
-------------------------------
Output1 for generation 13800:

Oceanic mean pheno: 9.25704
Freshwater mean pheno: -8.77695
-------------------------------
Output1 for generation 13900:

Oceanic mean pheno: 8.67664
Freshwater mean pheno: -8.92748
-------------------------------
Output1 for generation 14000:

Oceanic mean pheno: 9.0304
Freshwater mean pheno: -8.63225
-------------------------------
Output1 for generation 14100:

Oceanic mean pheno: 8.88028
Freshwater mean pheno: -8.55611
-------------------------------
Output1 for generation 14200:

Oceanic mean pheno: 8.95151
Freshwater mean pheno: -8.57879
-------------------------------
Output1 for generation 14300:

Oceanic mean pheno: 8.76025
Freshwater mean pheno: -8.90131
-------------------------------
Output1 for generation 14400:

Oceanic mean pheno: 9.43017
Freshwater mean pheno: -8.45712
-------------------------------
Output1 for generation 14500:

Oceanic mean pheno: 8.85626
Freshwater mean pheno: -8.8707
-------------------------------
Output1 for generation 14600:

Oceanic mean pheno: 9.25932
Freshwater mean pheno: -8.95872
-------------------------------
Output1 for generation 14700:

Oceanic mean pheno: 9.27983
Freshwater mean pheno: -8.84773
-------------------------------
Output1 for generation 14800:

Oceanic mean pheno: 9.21304
Freshwater mean pheno: -8.93546
-------------------------------
Output1 for generation 14900:

Oceanic mean pheno: 8.82827
Freshwater mean pheno: -8.37795
-------------------------------
Output1 for generation 15000:

Oceanic mean pheno: 8.93641
Freshwater mean pheno: -8.92041
-------------------------------
Output1 for generation 15100:

Oceanic mean pheno: 9.40267
Freshwater mean pheno: -8.87204
-------------------------------
Output1 for generation 15200:

Oceanic mean pheno: 8.83786
Freshwater mean pheno: -8.52079
-------------------------------
Output1 for generation 15300:

Oceanic mean pheno: 8.7967
Freshwater mean pheno: -8.14457
-------------------------------
Output1 for generation 15400:

Oceanic mean pheno: 8.67058
Freshwater mean pheno: -8.2374
-------------------------------
Output1 for generation 15500:

Oceanic mean pheno: 9.15617
Freshwater mean pheno: -8.61082
-------------------------------
Output1 for generation 15600:

Oceanic mean pheno: 8.99989
Freshwater mean pheno: -8.51684
-------------------------------
Output1 for generation 15700:

Oceanic mean pheno: 8.90157
Freshwater mean pheno: -8.49726
-------------------------------
Output1 for generation 15800:

Oceanic mean pheno: 9.39163
Freshwater mean pheno: -8.55908
-------------------------------
Output1 for generation 15900:

Oceanic mean pheno: 8.96053
Freshwater mean pheno: -8.45779
-------------------------------
Output1 for generation 16000:

Oceanic mean pheno: 8.53927
Freshwater mean pheno: -8.46839
-------------------------------
Output1 for generation 16100:

Oceanic mean pheno: 8.82113
Freshwater mean pheno: -8.72927
-------------------------------
Output1 for generation 16200:

Oceanic mean pheno: 8.89582
Freshwater mean pheno: -9.21765
-------------------------------
Output1 for generation 16300:

Oceanic mean pheno: 9.03332
Freshwater mean pheno: -8.72444
-------------------------------
Output1 for generation 16400:

Oceanic mean pheno: 9.13934
Freshwater mean pheno: -8.85871
-------------------------------
Output1 for generation 16500:

Oceanic mean pheno: 8.71856
Freshwater mean pheno: -8.37975
-------------------------------
Output1 for generation 16600:

Oceanic mean pheno: 9.27289
Freshwater mean pheno: -8.31231
-------------------------------
Output1 for generation 16700:

Oceanic mean pheno: 9.24686
Freshwater mean pheno: -8.51605
-------------------------------
Output1 for generation 16800:

Oceanic mean pheno: 9.05875
Freshwater mean pheno: -8.30965
-------------------------------
Output1 for generation 16900:

Oceanic mean pheno: 9.00453
Freshwater mean pheno: -8.69249
-------------------------------
Output1 for generation 17000:

Oceanic mean pheno: 9.02061
Freshwater mean pheno: -8.71129
-------------------------------
Output1 for generation 17100:

Oceanic mean pheno: 9.2595
Freshwater mean pheno: -8.5009
-------------------------------
Output1 for generation 17200:

Oceanic mean pheno: 9.3552
Freshwater mean pheno: -8.47683
-------------------------------
Output1 for generation 17300:

Oceanic mean pheno: 9.07539
Freshwater mean pheno: -8.56206
-------------------------------
Output1 for generation 17400:

Oceanic mean pheno: 9.16308
Freshwater mean pheno: -8.44835
-------------------------------
Output1 for generation 17500:

Oceanic mean pheno: 9.02717
Freshwater mean pheno: -8.43437
-------------------------------
Output1 for generation 17600:

Oceanic mean pheno: 8.98453
Freshwater mean pheno: -8.36332
-------------------------------
Output1 for generation 17700:

Oceanic mean pheno: 9.31739
Freshwater mean pheno: -8.51342
-------------------------------
Output1 for generation 17800:

Oceanic mean pheno: 8.86542
Freshwater mean pheno: -8.81347
-------------------------------
Output1 for generation 17900:

Oceanic mean pheno: 9.04836
Freshwater mean pheno: -8.86973
-------------------------------
Output1 for generation 18000:

Oceanic mean pheno: 9.3263
Freshwater mean pheno: -8.76027
-------------------------------
Output1 for generation 18100:

Oceanic mean pheno: 8.84988
Freshwater mean pheno: -8.58344
-------------------------------
Output1 for generation 18200:

Oceanic mean pheno: 8.95792
Freshwater mean pheno: -8.59398
-------------------------------
Output1 for generation 18300:

Oceanic mean pheno: 8.667
Freshwater mean pheno: -7.99737
-------------------------------
Output1 for generation 18400:

Oceanic mean pheno: 9.0697
Freshwater mean pheno: -8.27444
-------------------------------
Output1 for generation 18500:

Oceanic mean pheno: 9.12351
Freshwater mean pheno: -8.2381
-------------------------------
Output1 for generation 18600:

Oceanic mean pheno: 9.62835
Freshwater mean pheno: -8.745
-------------------------------
Output1 for generation 18700:

Oceanic mean pheno: 9.22247
Freshwater mean pheno: -8.32141
-------------------------------
Output1 for generation 18800:

Oceanic mean pheno: 9.17166
Freshwater mean pheno: -8.7261
-------------------------------
Output1 for generation 18900:

Oceanic mean pheno: 9.00195
Freshwater mean pheno: -8.51946
-------------------------------
Output1 for generation 19000:

Oceanic mean pheno: 8.86423
Freshwater mean pheno: -8.63927
-------------------------------
Output1 for generation 19100:

Oceanic mean pheno: 8.80561
Freshwater mean pheno: -8.8749
-------------------------------
Output1 for generation 19200:

Oceanic mean pheno: 8.72036
Freshwater mean pheno: -8.48751
-------------------------------
Output1 for generation 19300:

Oceanic mean pheno: 9.26928
Freshwater mean pheno: -8.53474
-------------------------------
Output1 for generation 19400:

Oceanic mean pheno: 9.47772
Freshwater mean pheno: -9.01178
-------------------------------
Output1 for generation 19500:

Oceanic mean pheno: 9.06099
Freshwater mean pheno: -8.60709
-------------------------------
Output1 for generation 19600:

Oceanic mean pheno: 9.03965
Freshwater mean pheno: -8.55332
-------------------------------
Output1 for generation 19700:

Oceanic mean pheno: 8.92017
Freshwater mean pheno: -8.51574
-------------------------------
Output1 for generation 19800:

Oceanic mean pheno: 9.35961
Freshwater mean pheno: -8.73806
-------------------------------
Output1 for generation 19900:

Oceanic mean pheno: 9.10184
Freshwater mean pheno: -8.70213
-------------------------------
Output1 for generation 20000:

Oceanic mean pheno: 9.13418
Freshwater mean pheno: -8.66591
new Freshwater mean pheno: 8.988
-------------------------------
Output1 for generation 20100:

Oceanic mean pheno: 8.88547
Freshwater mean pheno: -8.30945
new Freshwater mean pheno: -9.21455
-------------------------------
Output1 for generation 20200:

Oceanic mean pheno: 8.83369
Freshwater mean pheno: -8.72116
new Freshwater mean pheno: -10.0979
-------------------------------
Output1 for generation 20300:

Oceanic mean pheno: 8.66698
Freshwater mean pheno: -8.63475
new Freshwater mean pheno: -10.3186
-------------------------------
Output1 for generation 20400:

Oceanic mean pheno: 9.05933
Freshwater mean pheno: -8.67921
new Freshwater mean pheno: -10.0656
-------------------------------
Output1 for generation 20500:

Oceanic mean pheno: 8.70109
Freshwater mean pheno: -8.7803
new Freshwater mean pheno: -9.95446
-------------------------------
Output1 for generation 20600:

Oceanic mean pheno: 8.94601
Freshwater mean pheno: -8.56557
new Freshwater mean pheno: -9.83581
-------------------------------
Output1 for generation 20700:

Oceanic mean pheno: 8.83325
Freshwater mean pheno: -8.82985
new Freshwater mean pheno: -10.2148
-------------------------------
Output1 for generation 20800:

Oceanic mean pheno: 9.31692
Freshwater mean pheno: -8.60705
new Freshwater mean pheno: -10.111
-------------------------------
Output1 for generation 20900:

Oceanic mean pheno: 9.17592
Freshwater mean pheno: -8.70934
new Freshwater mean pheno: -10.1457
-------------------------------
Output1 for generation 21000:

Oceanic mean pheno: 9.74901
Freshwater mean pheno: -9.35226
new Freshwater mean pheno: -10.1343
-------------------------------
Output1 for generation 21100:

Oceanic mean pheno: 9.31054
Freshwater mean pheno: -8.95427
new Freshwater mean pheno: -10.2002
-------------------------------
Output1 for generation 21200:

Oceanic mean pheno: 9.22967
Freshwater mean pheno: -8.9365
new Freshwater mean pheno: -10.1989
-------------------------------
Output1 for generation 21300:

Oceanic mean pheno: 9.08991
Freshwater mean pheno: -8.64669
new Freshwater mean pheno: -10.1238
-------------------------------
Output1 for generation 21400:

Oceanic mean pheno: 9.45166
Freshwater mean pheno: -9.02523
new Freshwater mean pheno: -10.0681
-------------------------------
Output1 for generation 21500:

Oceanic mean pheno: 9.29104
Freshwater mean pheno: -8.8939
new Freshwater mean pheno: -9.99413
-------------------------------
Output1 for generation 21600:

Oceanic mean pheno: 9.13756
Freshwater mean pheno: -8.87263
new Freshwater mean pheno: -10.0459
-------------------------------
Output1 for generation 21700:

Oceanic mean pheno: 9.22056
Freshwater mean pheno: -8.66416
new Freshwater mean pheno: -9.98201
-------------------------------
Output1 for generation 21800:

Oceanic mean pheno: 9.24711
Freshwater mean pheno: -8.62908
new Freshwater mean pheno: -10.0038
-------------------------------
Output1 for generation 21900:

Oceanic mean pheno: 9.17196
Freshwater mean pheno: -8.87094
new Freshwater mean pheno: -10.0498
-------------------------------
Output1 for generation 22000:

Oceanic mean pheno: 9.31445
Freshwater mean pheno: -8.95819
new Freshwater mean pheno: -9.99294
-------------------------------
Output1 for generation 22100:

Oceanic mean pheno: 8.98892
Freshwater mean pheno: -9.05846
new Freshwater mean pheno: -10.0172
-------------------------------
Output1 for generation 22200:

Oceanic mean pheno: 9.27842
Freshwater mean pheno: -8.35106
new Freshwater mean pheno: -10.032
-------------------------------
Output1 for generation 22300:

Oceanic mean pheno: 9.07383
Freshwater mean pheno: -8.44071
new Freshwater mean pheno: -10.0755
-------------------------------
Output1 for generation 22400:

Oceanic mean pheno: 8.95007
Freshwater mean pheno: -8.2327
new Freshwater mean pheno: -10.1187
-------------------------------
Output1 for generation 22500:

Oceanic mean pheno: 8.85473
Freshwater mean pheno: -8.6146
new Freshwater mean pheno: -10.076
-------------------------------
Output1 for generation 22600:

Oceanic mean pheno: 9.59636
Freshwater mean pheno: -8.89073
new Freshwater mean pheno: -10.0446
-------------------------------
Output1 for generation 22700:

Oceanic mean pheno: 9.52049
Freshwater mean pheno: -8.65956
new Freshwater mean pheno: -10.0891
-------------------------------
Output1 for generation 22800:

Oceanic mean pheno: 9.5228
Freshwater mean pheno: -8.85927
new Freshwater mean pheno: -10.0541
-------------------------------
Output1 for generation 22900:

Oceanic mean pheno: 9.32742
Freshwater mean pheno: -8.64419
new Freshwater mean pheno: -10.0051
-------------------------------
Output1 for generation 23000:

Oceanic mean pheno: 9.04768
Freshwater mean pheno: -8.53651
new Freshwater mean pheno: -10.0099
-------------------------------
Output1 for generation 23100:

Oceanic mean pheno: 8.98897
Freshwater mean pheno: -8.8497
new Freshwater mean pheno: -9.9709
-------------------------------
Output1 for generation 23200:

Oceanic mean pheno: 9.15477
Freshwater mean pheno: -8.6404
new Freshwater mean pheno: -9.92782
-------------------------------
Output1 for generation 23300:

Oceanic mean pheno: 9.13068
Freshwater mean pheno: -8.73693
new Freshwater mean pheno: -9.97263
-------------------------------
Output1 for generation 23400:

Oceanic mean pheno: 8.85569
Freshwater mean pheno: -8.77348
new Freshwater mean pheno: -9.97615
-------------------------------
Output1 for generation 23500:

Oceanic mean pheno: 8.97557
Freshwater mean pheno: -8.69822
new Freshwater mean pheno: -9.97677
-------------------------------
Output1 for generation 23600:

Oceanic mean pheno: 8.73775
Freshwater mean pheno: -9.1982
new Freshwater mean pheno: -9.96684
-------------------------------
Output1 for generation 23700:

Oceanic mean pheno: 9.13134
Freshwater mean pheno: -9.18634
new Freshwater mean pheno: -10.0094
-------------------------------
Output1 for generation 23800:

Oceanic mean pheno: 9.16273
Freshwater mean pheno: -9.11464
new Freshwater mean pheno: -10.0136
-------------------------------
Output1 for generation 23900:

Oceanic mean pheno: 9.01339
Freshwater mean pheno: -8.7864
new Freshwater mean pheno: -10.0546
-------------------------------
Output1 for generation 24000:

Oceanic mean pheno: 9.04167
Freshwater mean pheno: -8.71307
new Freshwater mean pheno: -10.0171
-------------------------------
Output1 for generation 24100:

Oceanic mean pheno: 9.52749
Freshwater mean pheno: -9.08661
new Freshwater mean pheno: -9.97454
-------------------------------
Output1 for generation 24200:

Oceanic mean pheno: 9.29545
Freshwater mean pheno: -8.82927
new Freshwater mean pheno: -9.95808
-------------------------------
Output1 for generation 24300:

Oceanic mean pheno: 9.02774
Freshwater mean pheno: -8.90397
new Freshwater mean pheno: -9.89992
-------------------------------
Output1 for generation 24400:

Oceanic mean pheno: 9.21316
Freshwater mean pheno: -8.82385
new Freshwater mean pheno: -9.9384
-------------------------------
Output1 for generation 24500:

Oceanic mean pheno: 9.26989
Freshwater mean pheno: -8.92027
new Freshwater mean pheno: -9.94797
-------------------------------
Output1 for generation 24600:

Oceanic mean pheno: 9.10061
Freshwater mean pheno: -8.64473
new Freshwater mean pheno: -10.0032
-------------------------------
Output1 for generation 24700:

Oceanic mean pheno: 9.05807
Freshwater mean pheno: -8.69406
new Freshwater mean pheno: -10.0078
-------------------------------
Output1 for generation 24800:

Oceanic mean pheno: 9.27117
Freshwater mean pheno: -8.82895
new Freshwater mean pheno: -10.0015
-------------------------------
Output1 for generation 24900:

Oceanic mean pheno: 9.31829
Freshwater mean pheno: -9.10065
new Freshwater mean pheno: -10.008
-------------------------------
Output1 for generation 25000:

Oceanic mean pheno: 9.27698
Freshwater mean pheno: -8.7034
new Freshwater mean pheno: -10
-------------------------------
Output1 for generation 25100:

Oceanic mean pheno: 9.10666
Freshwater mean pheno: -8.94205
new Freshwater mean pheno: -10.0211
-------------------------------
Output1 for generation 25200:

Oceanic mean pheno: 9.43992
Freshwater mean pheno: -8.58658
new Freshwater mean pheno: -10.0236
-------------------------------
Output1 for generation 25300:

Oceanic mean pheno: 9.2376
Freshwater mean pheno: -8.63335
new Freshwater mean pheno: -10.0223
-------------------------------
Output1 for generation 25400:

Oceanic mean pheno: 9.22833
Freshwater mean pheno: -8.88551
new Freshwater mean pheno: -10.0131
-------------------------------
Output1 for generation 25500:

Oceanic mean pheno: 8.88307
Freshwater mean pheno: -9.04296
new Freshwater mean pheno: -10.0279
-------------------------------
Output1 for generation 25600:

Oceanic mean pheno: 9.2795
Freshwater mean pheno: -8.69119
new Freshwater mean pheno: -10.0376
-------------------------------
Output1 for generation 25700:

Oceanic mean pheno: 8.92895
Freshwater mean pheno: -8.89275
new Freshwater mean pheno: -10.0241
-------------------------------
Output1 for generation 25800:

Oceanic mean pheno: 9.4269
Freshwater mean pheno: -9.02294
new Freshwater mean pheno: -10.0394
-------------------------------
Output1 for generation 25900:

Oceanic mean pheno: 8.90087
Freshwater mean pheno: -8.4129
new Freshwater mean pheno: -10.0218
-------------------------------
Output1 for generation 26000:

Oceanic mean pheno: 9.16398
Freshwater mean pheno: -9.17862
new Freshwater mean pheno: -10.0341
-------------------------------
Output1 for generation 26100:

Oceanic mean pheno: 9.19232
Freshwater mean pheno: -8.96302
new Freshwater mean pheno: -10.0506
-------------------------------
Output1 for generation 26200:

Oceanic mean pheno: 8.98244
Freshwater mean pheno: -8.94026
new Freshwater mean pheno: -10.0405
-------------------------------
Output1 for generation 26300:

Oceanic mean pheno: 8.92371
Freshwater mean pheno: -8.74114
new Freshwater mean pheno: -10.0356
-------------------------------
Output1 for generation 26400:

Oceanic mean pheno: 8.80033
Freshwater mean pheno: -8.66987
new Freshwater mean pheno: -10.0262
-------------------------------
Output1 for generation 26500:

Oceanic mean pheno: 8.87612
Freshwater mean pheno: -8.94046
new Freshwater mean pheno: -10.0165
-------------------------------
Output1 for generation 26600:

Oceanic mean pheno: 9.48786
Freshwater mean pheno: -9.27923
new Freshwater mean pheno: -10.0384
-------------------------------
Output1 for generation 26700:

Oceanic mean pheno: 9.06452
Freshwater mean pheno: -8.82064
new Freshwater mean pheno: -10.0084
-------------------------------
Output1 for generation 26800:

Oceanic mean pheno: 9.55508
Freshwater mean pheno: -8.98503
new Freshwater mean pheno: -10.0453
-------------------------------
Output1 for generation 26900:

Oceanic mean pheno: 8.77273
Freshwater mean pheno: -8.73335
new Freshwater mean pheno: -10.0221
-------------------------------
Output1 for generation 27000:

Oceanic mean pheno: 9.08434
Freshwater mean pheno: -8.74163
new Freshwater mean pheno: -10.0066
-------------------------------
Output1 for generation 27100:

Oceanic mean pheno: 9.4384
Freshwater mean pheno: -8.98278
new Freshwater mean pheno: -9.93723
-------------------------------
Output1 for generation 27200:

Oceanic mean pheno: 8.87936
Freshwater mean pheno: -8.80162
new Freshwater mean pheno: -10.0162
-------------------------------
Output1 for generation 27300:

Oceanic mean pheno: 8.96121
Freshwater mean pheno: -8.90595
new Freshwater mean pheno: -9.9606
-------------------------------
Output1 for generation 27400:

Oceanic mean pheno: 9.39406
Freshwater mean pheno: -8.90935
new Freshwater mean pheno: -10.0258
-------------------------------
Output1 for generation 27500:

Oceanic mean pheno: 9.18997
Freshwater mean pheno: -9.03229
new Freshwater mean pheno: -9.98799
-------------------------------
Output1 for generation 27600:

Oceanic mean pheno: 8.93726
Freshwater mean pheno: -9.2383
new Freshwater mean pheno: -9.96572
-------------------------------
Output1 for generation 27700:

Oceanic mean pheno: 9.32365
Freshwater mean pheno: -8.8372
new Freshwater mean pheno: -9.94554
-------------------------------
Output1 for generation 27800:

Oceanic mean pheno: 9.27291
Freshwater mean pheno: -8.70226
new Freshwater mean pheno: -9.93025
-------------------------------
Output1 for generation 27900:

Oceanic mean pheno: 9.05889
Freshwater mean pheno: -9.02889
new Freshwater mean pheno: -9.91069
-------------------------------
Output1 for generation 28000:

Oceanic mean pheno: 9.02787
Freshwater mean pheno: -8.72625
new Freshwater mean pheno: -9.94207
-------------------------------
Output1 for generation 28100:

Oceanic mean pheno: 8.88217
Freshwater mean pheno: -8.98792
new Freshwater mean pheno: -9.90714
-------------------------------
Output1 for generation 28200:

Oceanic mean pheno: 9.22156
Freshwater mean pheno: -8.86206
new Freshwater mean pheno: -9.92421
-------------------------------
Output1 for generation 28300:

Oceanic mean pheno: 8.95602
Freshwater mean pheno: -8.87893
new Freshwater mean pheno: -9.98435
-------------------------------
Output1 for generation 28400:

Oceanic mean pheno: 8.96928
Freshwater mean pheno: -8.71828
new Freshwater mean pheno: -9.9999
-------------------------------
Output1 for generation 28500:

Oceanic mean pheno: 9.307
Freshwater mean pheno: -8.92471
new Freshwater mean pheno: -9.97548
-------------------------------
Output1 for generation 28600:

Oceanic mean pheno: 9.02832
Freshwater mean pheno: -8.44182
new Freshwater mean pheno: -10.0009
-------------------------------
Output1 for generation 28700:

Oceanic mean pheno: 8.90313
Freshwater mean pheno: -8.44097
new Freshwater mean pheno: -9.98223
-------------------------------
Output1 for generation 28800:

Oceanic mean pheno: 8.83762
Freshwater mean pheno: -8.65586
new Freshwater mean pheno: -10.004
-------------------------------
Output1 for generation 28900:

Oceanic mean pheno: 9.1298
Freshwater mean pheno: -8.89628
new Freshwater mean pheno: -9.98867
-------------------------------
Output1 for generation 29000:

Oceanic mean pheno: 9.36148
Freshwater mean pheno: -9.15611
new Freshwater mean pheno: -9.99514
-------------------------------
Output1 for generation 29100:

Oceanic mean pheno: 8.77207
Freshwater mean pheno: -8.50577
new Freshwater mean pheno: -9.99303
-------------------------------
Output1 for generation 29200:

Oceanic mean pheno: 9.4792
Freshwater mean pheno: -8.46706
new Freshwater mean pheno: -9.96164
-------------------------------
Output1 for generation 29300:

Oceanic mean pheno: 8.84978
Freshwater mean pheno: -8.76762
new Freshwater mean pheno: -10.0083
-------------------------------
Output1 for generation 29400:

Oceanic mean pheno: 9.342
Freshwater mean pheno: -8.69753
new Freshwater mean pheno: -9.98876
-------------------------------
Output1 for generation 29500:

Oceanic mean pheno: 9.07941
Freshwater mean pheno: -8.89158
new Freshwater mean pheno: -9.96742
-------------------------------
Output1 for generation 29600:

Oceanic mean pheno: 9.04129
Freshwater mean pheno: -9.13578
new Freshwater mean pheno: -9.94688
-------------------------------
Output1 for generation 29700:

Oceanic mean pheno: 8.9251
Freshwater mean pheno: -8.53262
new Freshwater mean pheno: -9.95647
-------------------------------
Output1 for generation 29800:

Oceanic mean pheno: 8.84481
Freshwater mean pheno: -8.37696
new Freshwater mean pheno: -9.91759
-------------------------------
Output1 for generation 29900:

Oceanic mean pheno: 9.03499
Freshwater mean pheno: -8.28008
new Freshwater mean pheno: -9.95948
-------------------------------
Output1 for generation 30000:

Oceanic mean pheno: 9.33431
Freshwater mean pheno: -8.95428
new Freshwater mean pheno: -9.95072
-------------------------------
Output1 for generation 30100:

Oceanic mean pheno: 9.26508
Freshwater mean pheno: -8.81678
new Freshwater mean pheno: -9.94953
-------------------------------
Output1 for generation 30200:

Oceanic mean pheno: 9.27407
Freshwater mean pheno: -8.58425
new Freshwater mean pheno: -9.95743
-------------------------------
Output1 for generation 30300:

Oceanic mean pheno: 9.22793
Freshwater mean pheno: -8.5095
new Freshwater mean pheno: -9.96581
-------------------------------
Output1 for generation 30400:

Oceanic mean pheno: 9.31617
Freshwater mean pheno: -8.7113
new Freshwater mean pheno: -9.9708
-------------------------------
Output1 for generation 30500:

Oceanic mean pheno: 9.11559
Freshwater mean pheno: -8.87167
new Freshwater mean pheno: -9.96791
-------------------------------
Output1 for generation 30600:

Oceanic mean pheno: 9.54125
Freshwater mean pheno: -8.67933
new Freshwater mean pheno: -9.97282
-------------------------------
Output1 for generation 30700:

Oceanic mean pheno: 9.52662
Freshwater mean pheno: -8.76291
new Freshwater mean pheno: -9.91359
-------------------------------
Output1 for generation 30800:

Oceanic mean pheno: 8.92175
Freshwater mean pheno: -8.83387
new Freshwater mean pheno: -9.97283
-------------------------------
Output1 for generation 30900:

Oceanic mean pheno: 9.081
Freshwater mean pheno: -8.78464
new Freshwater mean pheno: -9.96235
-------------------------------
Output1 for generation 31000:

Oceanic mean pheno: 8.91368
Freshwater mean pheno: -8.73859
new Freshwater mean pheno: -9.96385
-------------------------------
Output1 for generation 31100:

Oceanic mean pheno: 9.22633
Freshwater mean pheno: -8.83754
new Freshwater mean pheno: -9.95407
-------------------------------
Output1 for generation 31200:

Oceanic mean pheno: 9.22144
Freshwater mean pheno: -8.81485
new Freshwater mean pheno: -9.96182
-------------------------------
Output1 for generation 31300:

Oceanic mean pheno: 8.86271
Freshwater mean pheno: -8.62346
new Freshwater mean pheno: -9.96083
-------------------------------
Output1 for generation 31400:

Oceanic mean pheno: 8.75773
Freshwater mean pheno: -8.49509
new Freshwater mean pheno: -9.96505
-------------------------------
Output1 for generation 31500:

Oceanic mean pheno: 9.01574
Freshwater mean pheno: -8.8838
new Freshwater mean pheno: -9.91945
-------------------------------
Output1 for generation 31600:

Oceanic mean pheno: 8.86304
Freshwater mean pheno: -8.47614
new Freshwater mean pheno: -9.91496
-------------------------------
Output1 for generation 31700:

Oceanic mean pheno: 8.95373
Freshwater mean pheno: -8.61867
new Freshwater mean pheno: -9.95333
-------------------------------
Output1 for generation 31800:

Oceanic mean pheno: 8.9023
Freshwater mean pheno: -8.57921
new Freshwater mean pheno: -9.95573
-------------------------------
Output1 for generation 31900:

Oceanic mean pheno: 9.11431
Freshwater mean pheno: -8.47433
new Freshwater mean pheno: -9.95058
-------------------------------
Output1 for generation 32000:

Oceanic mean pheno: 9.17269
Freshwater mean pheno: -8.39274
new Freshwater mean pheno: -9.96136
-------------------------------
Output1 for generation 32100:

Oceanic mean pheno: 9.07993
Freshwater mean pheno: -9.12038
new Freshwater mean pheno: -9.97654
-------------------------------
Output1 for generation 32200:

Oceanic mean pheno: 9.45402
Freshwater mean pheno: -8.55401
new Freshwater mean pheno: -9.96299
-------------------------------
Output1 for generation 32300:

Oceanic mean pheno: 9.10285
Freshwater mean pheno: -8.96036
new Freshwater mean pheno: -10.0035
-------------------------------
Output1 for generation 32400:

Oceanic mean pheno: 9.23699
Freshwater mean pheno: -8.32669
new Freshwater mean pheno: -9.99153
-------------------------------
Output1 for generation 32500:

Oceanic mean pheno: 9.14212
Freshwater mean pheno: -8.62373
new Freshwater mean pheno: -9.94806
-------------------------------
Output1 for generation 32600:

Oceanic mean pheno: 9.41568
Freshwater mean pheno: -8.88592
new Freshwater mean pheno: -9.97585
-------------------------------
Output1 for generation 32700:

Oceanic mean pheno: 9.15228
Freshwater mean pheno: -8.83464
new Freshwater mean pheno: -9.95626
-------------------------------
Output1 for generation 32800:

Oceanic mean pheno: 8.82269
Freshwater mean pheno: -8.53919
new Freshwater mean pheno: -9.9887
-------------------------------
Output1 for generation 32900:

Oceanic mean pheno: 9.27113
Freshwater mean pheno: -8.89576
new Freshwater mean pheno: -9.94252
-------------------------------
Output1 for generation 33000:

Oceanic mean pheno: 9.26392
Freshwater mean pheno: -9.03858
new Freshwater mean pheno: -9.9887
-------------------------------
Output1 for generation 33100:

Oceanic mean pheno: 9.73726
Freshwater mean pheno: -9.09863
new Freshwater mean pheno: -9.98671
-------------------------------
Output1 for generation 33200:

Oceanic mean pheno: 9.34339
Freshwater mean pheno: -8.8879
new Freshwater mean pheno: -9.94228
-------------------------------
Output1 for generation 33300:

Oceanic mean pheno: 8.84545
Freshwater mean pheno: -9.02006
new Freshwater mean pheno: -9.84851
-------------------------------
Output1 for generation 33400:

Oceanic mean pheno: 9.33762
Freshwater mean pheno: -8.38168
new Freshwater mean pheno: -9.85307
-------------------------------
Output1 for generation 33500:

Oceanic mean pheno: 8.80154
Freshwater mean pheno: -8.64497
new Freshwater mean pheno: -9.86956
-------------------------------
Output1 for generation 33600:

Oceanic mean pheno: 8.99895
Freshwater mean pheno: -8.74658
new Freshwater mean pheno: -9.90225
-------------------------------
Output1 for generation 33700:

Oceanic mean pheno: 9.25574
Freshwater mean pheno: -8.77741
new Freshwater mean pheno: -9.91612
-------------------------------
Output1 for generation 33800:

Oceanic mean pheno: 9.05406
Freshwater mean pheno: -9.23233
new Freshwater mean pheno: -9.99573
-------------------------------
Output1 for generation 33900:

Oceanic mean pheno: 9.03542
Freshwater mean pheno: -8.67763
new Freshwater mean pheno: -10.0043
-------------------------------
Output1 for generation 34000:

Oceanic mean pheno: 8.74467
Freshwater mean pheno: -8.69049
new Freshwater mean pheno: -9.99693
-------------------------------
Output1 for generation 34100:

Oceanic mean pheno: 8.71821
Freshwater mean pheno: -8.23004
new Freshwater mean pheno: -10.0259
-------------------------------
Output1 for generation 34200:

Oceanic mean pheno: 9.22066
Freshwater mean pheno: -8.71645
new Freshwater mean pheno: -9.99644
-------------------------------
Output1 for generation 34300:

Oceanic mean pheno: 8.49335
Freshwater mean pheno: -8.84446
new Freshwater mean pheno: -10.0246
-------------------------------
Output1 for generation 34400:

Oceanic mean pheno: 9.13766
Freshwater mean pheno: -8.76424
new Freshwater mean pheno: -10.0129
-------------------------------
Output1 for generation 34500:

Oceanic mean pheno: 8.94961
Freshwater mean pheno: -8.67635
new Freshwater mean pheno: -9.96543
-------------------------------
Output1 for generation 34600:

Oceanic mean pheno: 9.23494
Freshwater mean pheno: -8.9379
new Freshwater mean pheno: -9.99863
-------------------------------
Output1 for generation 34700:

Oceanic mean pheno: 9.1349
Freshwater mean pheno: -8.68134
new Freshwater mean pheno: -10.0103
-------------------------------
Output1 for generation 34800:

Oceanic mean pheno: 8.76179
Freshwater mean pheno: -8.74635
new Freshwater mean pheno: -10.01
-------------------------------
Output1 for generation 34900:

Oceanic mean pheno: 9.2375
Freshwater mean pheno: -8.69379
new Freshwater mean pheno: -9.9887
-------------------------------
Output1 for generation 35000:

Oceanic mean pheno: 9.31708
Freshwater mean pheno: -8.82592
new Freshwater mean pheno: -9.97346
-------------------------------
Output1 for generation 35100:

Oceanic mean pheno: 9.22798
Freshwater mean pheno: -8.59619
new Freshwater mean pheno: -9.99142
-------------------------------
Output1 for generation 35200:

Oceanic mean pheno: 9.15426
Freshwater mean pheno: -8.89617
new Freshwater mean pheno: -10.0091
-------------------------------
Output1 for generation 35300:

Oceanic mean pheno: 9.15647
Freshwater mean pheno: -8.72065
new Freshwater mean pheno: -10.013
-------------------------------
Output1 for generation 35400:

Oceanic mean pheno: 9.24497
Freshwater mean pheno: -8.51346
new Freshwater mean pheno: -10.0324
-------------------------------
Output1 for generation 35500:

Oceanic mean pheno: 8.71735
Freshwater mean pheno: -8.47425
new Freshwater mean pheno: -10.0638
-------------------------------
Output1 for generation 35600:

Oceanic mean pheno: 9.25179
Freshwater mean pheno: -8.90878
new Freshwater mean pheno: -9.97907
-------------------------------
Output1 for generation 35700:

Oceanic mean pheno: 8.9699
Freshwater mean pheno: -8.85369
new Freshwater mean pheno: -10.0159
-------------------------------
Output1 for generation 35800:

Oceanic mean pheno: 9.28729
Freshwater mean pheno: -8.84133
new Freshwater mean pheno: -10.0752
-------------------------------
Output1 for generation 35900:

Oceanic mean pheno: 8.76677
Freshwater mean pheno: -8.91996
new Freshwater mean pheno: -10.1668
-------------------------------
Output1 for generation 36000:

Oceanic mean pheno: 9.3707
Freshwater mean pheno: -8.8168
new Freshwater mean pheno: -10.1255
-------------------------------
Output1 for generation 36100:

Oceanic mean pheno: 9.53043
Freshwater mean pheno: -8.97541
new Freshwater mean pheno: -10.0476
-------------------------------
Output1 for generation 36200:

Oceanic mean pheno: 9.12496
Freshwater mean pheno: -8.75805
new Freshwater mean pheno: -10.0408
-------------------------------
Output1 for generation 36300:

Oceanic mean pheno: 9.22963
Freshwater mean pheno: -8.59545
new Freshwater mean pheno: -10.0221
-------------------------------
Output1 for generation 36400:

Oceanic mean pheno: 9.16171
Freshwater mean pheno: -8.25977
new Freshwater mean pheno: -10.1026
-------------------------------
Output1 for generation 36500:

Oceanic mean pheno: 8.98224
Freshwater mean pheno: -8.96485
new Freshwater mean pheno: -10.0336
-------------------------------
Output1 for generation 36600:

Oceanic mean pheno: 8.89907
Freshwater mean pheno: -8.76306
new Freshwater mean pheno: -10.0036
-------------------------------
Output1 for generation 36700:

Oceanic mean pheno: 9.36114
Freshwater mean pheno: -8.47871
new Freshwater mean pheno: -9.985
-------------------------------
Output1 for generation 36800:

Oceanic mean pheno: 9.03321
Freshwater mean pheno: -8.51623
new Freshwater mean pheno: -9.98028
-------------------------------
Output1 for generation 36900:

Oceanic mean pheno: 8.99596
Freshwater mean pheno: -8.66672
new Freshwater mean pheno: -9.99187
-------------------------------
Output1 for generation 37000:

Oceanic mean pheno: 9.06056
Freshwater mean pheno: -8.7218
new Freshwater mean pheno: -9.98566
-------------------------------
Output1 for generation 37100:

Oceanic mean pheno: 9.02731
Freshwater mean pheno: -8.7932
new Freshwater mean pheno: -10.011
-------------------------------
Output1 for generation 37200:

Oceanic mean pheno: 9.06953
Freshwater mean pheno: -8.31037
new Freshwater mean pheno: -9.95657
-------------------------------
Output1 for generation 37300:

Oceanic mean pheno: 8.81182
Freshwater mean pheno: -8.71886
new Freshwater mean pheno: -9.9843
-------------------------------
Output1 for generation 37400:

Oceanic mean pheno: 9.25176
Freshwater mean pheno: -8.80283
new Freshwater mean pheno: -9.99297
-------------------------------
Output1 for generation 37500:

Oceanic mean pheno: 8.89638
Freshwater mean pheno: -8.33235
new Freshwater mean pheno: -9.98762
-------------------------------
Output1 for generation 37600:

Oceanic mean pheno: 8.8033
Freshwater mean pheno: -8.2198
new Freshwater mean pheno: -9.96247
-------------------------------
Output1 for generation 37700:

Oceanic mean pheno: 8.89918
Freshwater mean pheno: -8.36237
new Freshwater mean pheno: -9.93619
-------------------------------
Output1 for generation 37800:

Oceanic mean pheno: 9.36847
Freshwater mean pheno: -8.63026
new Freshwater mean pheno: -9.94204
-------------------------------
Output1 for generation 37900:

Oceanic mean pheno: 9.09595
Freshwater mean pheno: -8.53586
new Freshwater mean pheno: -9.94749
-------------------------------
Output1 for generation 38000:

Oceanic mean pheno: 9.45097
Freshwater mean pheno: -8.66921
new Freshwater mean pheno: -9.93251
-------------------------------
Output1 for generation 38100:

Oceanic mean pheno: 8.92518
Freshwater mean pheno: -8.74442
new Freshwater mean pheno: -9.90243
-------------------------------
Output1 for generation 38200:

Oceanic mean pheno: 8.93001
Freshwater mean pheno: -8.77299
new Freshwater mean pheno: -9.87663
-------------------------------
Output1 for generation 38300:

Oceanic mean pheno: 9.15331
Freshwater mean pheno: -8.47976
new Freshwater mean pheno: -9.88255
-------------------------------
Output1 for generation 38400:

Oceanic mean pheno: 9.17734
Freshwater mean pheno: -8.64301
new Freshwater mean pheno: -9.92234
-------------------------------
Output1 for generation 38500:

Oceanic mean pheno: 8.70936
Freshwater mean pheno: -8.91909
new Freshwater mean pheno: -9.89942
-------------------------------
Output1 for generation 38600:

Oceanic mean pheno: 9.53296
Freshwater mean pheno: -8.97745
new Freshwater mean pheno: -9.89996
-------------------------------
Output1 for generation 38700:

Oceanic mean pheno: 9.47571
Freshwater mean pheno: -8.69737
new Freshwater mean pheno: -9.91299
-------------------------------
Output1 for generation 38800:

Oceanic mean pheno: 8.7644
Freshwater mean pheno: -8.43752
new Freshwater mean pheno: -9.96462
-------------------------------
Output1 for generation 38900:

Oceanic mean pheno: 9.01151
Freshwater mean pheno: -8.83493
new Freshwater mean pheno: -9.94169
-------------------------------
Output1 for generation 39000:

Oceanic mean pheno: 9.16872
Freshwater mean pheno: -8.78681
new Freshwater mean pheno: -9.95057
-------------------------------
Output1 for generation 39100:

Oceanic mean pheno: 9.32754
Freshwater mean pheno: -8.65813
new Freshwater mean pheno: -9.92007
-------------------------------
Output1 for generation 39200:

Oceanic mean pheno: 8.84835
Freshwater mean pheno: -8.63627
new Freshwater mean pheno: -9.94308
-------------------------------
Output1 for generation 39300:

Oceanic mean pheno: 8.90217
Freshwater mean pheno: -8.61809
new Freshwater mean pheno: -9.97044
-------------------------------
Output1 for generation 39400:

Oceanic mean pheno: 9.09312
Freshwater mean pheno: -9.06704
new Freshwater mean pheno: -9.91834
-------------------------------
Output1 for generation 39500:

Oceanic mean pheno: 9.49079
Freshwater mean pheno: -8.9784
new Freshwater mean pheno: -9.93617
-------------------------------
Output1 for generation 39600:

Oceanic mean pheno: 8.88489
Freshwater mean pheno: -9.0342
new Freshwater mean pheno: -9.96549
-------------------------------
Output1 for generation 39700:

Oceanic mean pheno: 9.22046
Freshwater mean pheno: -8.96551
new Freshwater mean pheno: -9.93926
-------------------------------
Output1 for generation 39800:

Oceanic mean pheno: 9.16314
Freshwater mean pheno: -8.84877
new Freshwater mean pheno: -9.93588
-------------------------------
Output1 for generation 39900:

Oceanic mean pheno: 9.10058
Freshwater mean pheno: -8.82694
new Freshwater mean pheno: -9.97485
-------------------------------
Output1 for generation 40000:

Oceanic mean pheno: 9.54058
Freshwater mean pheno: -8.564
new Freshwater mean pheno: -9.98406
elapsed: 3:35:22 / kernel: 1.39 / user: 12928.52 / mem: 274180
Done!
