Task ID  - seed 002234
Parameters for SLiM run:
  -s 002234 MyRecipe6_0_3.E
// Initial random seed:
1509761884716

// RunInitializeCallbacks():
initializeSLiMOptions(dimensionality = 'x');
initializeMutationRate(1e-07);
initializeMutationType(1, 0.5, "g", 0.5, 1);
initializeMutationType(2, 0.5, "g", -0.5, 1);
initializeMutationType(3, 0.5, "f", 0);
initializeMutationType(4, 0.5, "f", 0);
initializeGenomicElementType(1, m3, 1);
initializeGenomicElementType(2, c(m1, m2, m3), c(1, 1, 1));
initializeGenomicElement(g1, 0, 4949);
initializeGenomicElement(g2, 4950, 5049);
initializeGenomicElement(g1, 5050, 9999);
initializeGenomicElement(g1, 10000, 14949);
initializeGenomicElement(g2, 14950, 15049);
initializeGenomicElement(g1, 15050, 19999);
initializeGenomicElement(g1, 20000, 24949);
initializeGenomicElement(g2, 24950, 25049);
initializeGenomicElement(g1, 25050, 29999);
initializeGenomicElement(g1, 30000, 34949);
initializeGenomicElement(g2, 34950, 35049);
initializeGenomicElement(g1, 35050, 39999);
initializeGenomicElement(g1, 40000, 44949);
initializeGenomicElement(g2, 44950, 45049);
initializeGenomicElement(g1, 45050, 49999);
initializeGenomicElement(g1, 50000, 54949);
initializeGenomicElement(g2, 54950, 55049);
initializeGenomicElement(g1, 55050, 59999);
initializeGenomicElement(g1, 60000, 64949);
initializeGenomicElement(g2, 64950, 65049);
initializeGenomicElement(g1, 65050, 69999);
initializeGenomicElement(g1, 70000, 74949);
initializeGenomicElement(g2, 74950, 75049);
initializeGenomicElement(g1, 75050, 79999);
initializeGenomicElement(g1, 80000, 84949);
initializeGenomicElement(g2, 84950, 85049);
initializeGenomicElement(g1, 85050, 89999);
initializeGenomicElement(g1, 90000, 94949);
initializeGenomicElement(g2, 94950, 95049);
initializeGenomicElement(g1, 95050, 99999);
end of chromosome position: 100000
initializeRecombinationRate(0.001);
initializeInteractionType(1, "x", reciprocal=T", maxDistance=0.02);
initializeInteractionType(2, "x", reciprocal=T", maxDistance=1);

// Starting run at generation <start>:
1 

-------------------------------
Output1 for generation 100:

Oceanic mean pheno: 1.71878
Freshwater mean pheno: 0.0313106
-------------------------------
Output1 for generation 200:

Oceanic mean pheno: 6.00366
Freshwater mean pheno: 0.168611
-------------------------------
Output1 for generation 300:

Oceanic mean pheno: 6.0363
Freshwater mean pheno: 0.0576998
-------------------------------
Output1 for generation 400:

Oceanic mean pheno: 5.94603
Freshwater mean pheno: 0.0329406
-------------------------------
Output1 for generation 500:

Oceanic mean pheno: 5.94234
Freshwater mean pheno: -0.0664717
-------------------------------
Output1 for generation 600:

Oceanic mean pheno: 6.02647
Freshwater mean pheno: -0.0958905
-------------------------------
Output1 for generation 700:

Oceanic mean pheno: 5.97696
Freshwater mean pheno: -0.142809
-------------------------------
Output1 for generation 800:

Oceanic mean pheno: 5.97524
Freshwater mean pheno: -0.800318
-------------------------------
Output1 for generation 900:

Oceanic mean pheno: 5.98016
Freshwater mean pheno: -1.20687
-------------------------------
Output1 for generation 1000:

Oceanic mean pheno: 5.86808
Freshwater mean pheno: -1.27798
-------------------------------
Output1 for generation 1100:

Oceanic mean pheno: 5.80758
Freshwater mean pheno: -1.60752
-------------------------------
Output1 for generation 1200:

Oceanic mean pheno: 5.74355
Freshwater mean pheno: -2.11304
-------------------------------
Output1 for generation 1300:

Oceanic mean pheno: 5.94447
Freshwater mean pheno: -2.3826
-------------------------------
Output1 for generation 1400:

Oceanic mean pheno: 5.94801
Freshwater mean pheno: -3.08906
-------------------------------
Output1 for generation 1500:

Oceanic mean pheno: 6.2411
Freshwater mean pheno: -3.25521
-------------------------------
Output1 for generation 1600:

Oceanic mean pheno: 6.35454
Freshwater mean pheno: -3.30742
-------------------------------
Output1 for generation 1700:

Oceanic mean pheno: 6.56051
Freshwater mean pheno: -4.54039
-------------------------------
Output1 for generation 1800:

Oceanic mean pheno: 6.80058
Freshwater mean pheno: -5.53014
-------------------------------
Output1 for generation 1900:

Oceanic mean pheno: 6.8576
Freshwater mean pheno: -6.17856
-------------------------------
Output1 for generation 2000:

Oceanic mean pheno: 6.6687
Freshwater mean pheno: -6.61789
-------------------------------
Output1 for generation 2100:

Oceanic mean pheno: 6.81743
Freshwater mean pheno: -6.95171
-------------------------------
Output1 for generation 2200:

Oceanic mean pheno: 6.67932
Freshwater mean pheno: -6.77237
-------------------------------
Output1 for generation 2300:

Oceanic mean pheno: 6.6829
Freshwater mean pheno: -6.82905
-------------------------------
Output1 for generation 2400:

Oceanic mean pheno: 6.63776
Freshwater mean pheno: -6.91817
-------------------------------
Output1 for generation 2500:

Oceanic mean pheno: 6.90226
Freshwater mean pheno: -6.97136
-------------------------------
Output1 for generation 2600:

Oceanic mean pheno: 7.43536
Freshwater mean pheno: -7.1439
-------------------------------
Output1 for generation 2700:

Oceanic mean pheno: 7.86298
Freshwater mean pheno: -7.63487
-------------------------------
Output1 for generation 2800:

Oceanic mean pheno: 8.24039
Freshwater mean pheno: -8.03512
-------------------------------
Output1 for generation 2900:

Oceanic mean pheno: 8.69238
Freshwater mean pheno: -7.71805
-------------------------------
Output1 for generation 3000:

Oceanic mean pheno: 8.55986
Freshwater mean pheno: -8.07725
-------------------------------
Output1 for generation 3100:

Oceanic mean pheno: 8.42144
Freshwater mean pheno: -7.77797
-------------------------------
Output1 for generation 3200:

Oceanic mean pheno: 8.65853
Freshwater mean pheno: -7.7877
-------------------------------
Output1 for generation 3300:

Oceanic mean pheno: 8.67327
Freshwater mean pheno: -7.93675
-------------------------------
Output1 for generation 3400:

Oceanic mean pheno: 8.52964
Freshwater mean pheno: -7.9238
-------------------------------
Output1 for generation 3500:

Oceanic mean pheno: 8.77893
Freshwater mean pheno: -7.93341
-------------------------------
Output1 for generation 3600:

Oceanic mean pheno: 9.31001
Freshwater mean pheno: -7.9178
-------------------------------
Output1 for generation 3700:

Oceanic mean pheno: 8.99562
Freshwater mean pheno: -7.99519
-------------------------------
Output1 for generation 3800:

Oceanic mean pheno: 9.24417
Freshwater mean pheno: -8.11228
-------------------------------
Output1 for generation 3900:

Oceanic mean pheno: 9.06439
Freshwater mean pheno: -8.11694
-------------------------------
Output1 for generation 4000:

Oceanic mean pheno: 8.47742
Freshwater mean pheno: -8.33517
-------------------------------
Output1 for generation 4100:

Oceanic mean pheno: 9.15537
Freshwater mean pheno: -8.62211
-------------------------------
Output1 for generation 4200:

Oceanic mean pheno: 9.01381
Freshwater mean pheno: -8.26691
-------------------------------
Output1 for generation 4300:

Oceanic mean pheno: 9.19295
Freshwater mean pheno: -8.21825
-------------------------------
Output1 for generation 4400:

Oceanic mean pheno: 9.12332
Freshwater mean pheno: -8.49541
-------------------------------
Output1 for generation 4500:

Oceanic mean pheno: 9.07812
Freshwater mean pheno: -8.13674
-------------------------------
Output1 for generation 4600:

Oceanic mean pheno: 8.88782
Freshwater mean pheno: -8.46522
-------------------------------
Output1 for generation 4700:

Oceanic mean pheno: 9.45529
Freshwater mean pheno: -8.10384
-------------------------------
Output1 for generation 4800:

Oceanic mean pheno: 8.94533
Freshwater mean pheno: -8.5095
-------------------------------
Output1 for generation 4900:

Oceanic mean pheno: 9.19109
Freshwater mean pheno: -8.21601
-------------------------------
Output1 for generation 5000:

Oceanic mean pheno: 9.02609
Freshwater mean pheno: -8.46303
-------------------------------
Output1 for generation 5100:

Oceanic mean pheno: 8.98466
Freshwater mean pheno: -8.23026
-------------------------------
Output1 for generation 5200:

Oceanic mean pheno: 8.63517
Freshwater mean pheno: -8.36894
-------------------------------
Output1 for generation 5300:

Oceanic mean pheno: 8.88566
Freshwater mean pheno: -8.22666
-------------------------------
Output1 for generation 5400:

Oceanic mean pheno: 9.01345
Freshwater mean pheno: -8.67223
-------------------------------
Output1 for generation 5500:

Oceanic mean pheno: 9.19427
Freshwater mean pheno: -8.26286
-------------------------------
Output1 for generation 5600:

Oceanic mean pheno: 8.88495
Freshwater mean pheno: -8.46032
-------------------------------
Output1 for generation 5700:

Oceanic mean pheno: 9.15289
Freshwater mean pheno: -8.63792
-------------------------------
Output1 for generation 5800:

Oceanic mean pheno: 9.36956
Freshwater mean pheno: -8.47905
-------------------------------
Output1 for generation 5900:

Oceanic mean pheno: 9.10974
Freshwater mean pheno: -8.67872
-------------------------------
Output1 for generation 6000:

Oceanic mean pheno: 9.16351
Freshwater mean pheno: -8.8281
-------------------------------
Output1 for generation 6100:

Oceanic mean pheno: 8.88197
Freshwater mean pheno: -8.58171
-------------------------------
Output1 for generation 6200:

Oceanic mean pheno: 9.27092
Freshwater mean pheno: -8.4729
-------------------------------
Output1 for generation 6300:

Oceanic mean pheno: 8.82359
Freshwater mean pheno: -8.83761
-------------------------------
Output1 for generation 6400:

Oceanic mean pheno: 8.95842
Freshwater mean pheno: -8.64091
-------------------------------
Output1 for generation 6500:

Oceanic mean pheno: 9.09197
Freshwater mean pheno: -8.42421
-------------------------------
Output1 for generation 6600:

Oceanic mean pheno: 8.98839
Freshwater mean pheno: -8.35845
-------------------------------
Output1 for generation 6700:

Oceanic mean pheno: 9.08452
Freshwater mean pheno: -8.51437
-------------------------------
Output1 for generation 6800:

Oceanic mean pheno: 9.1691
Freshwater mean pheno: -8.25299
-------------------------------
Output1 for generation 6900:

Oceanic mean pheno: 9.15519
Freshwater mean pheno: -8.4024
-------------------------------
Output1 for generation 7000:

Oceanic mean pheno: 9.41644
Freshwater mean pheno: -8.31376
-------------------------------
Output1 for generation 7100:

Oceanic mean pheno: 9.0386
Freshwater mean pheno: -8.82925
-------------------------------
Output1 for generation 7200:

Oceanic mean pheno: 9.20851
Freshwater mean pheno: -9.0343
-------------------------------
Output1 for generation 7300:

Oceanic mean pheno: 9.1506
Freshwater mean pheno: -8.6214
-------------------------------
Output1 for generation 7400:

Oceanic mean pheno: 9.50694
Freshwater mean pheno: -8.55479
-------------------------------
Output1 for generation 7500:

Oceanic mean pheno: 9.24612
Freshwater mean pheno: -8.66067
-------------------------------
Output1 for generation 7600:

Oceanic mean pheno: 9.1263
Freshwater mean pheno: -8.90244
-------------------------------
Output1 for generation 7700:

Oceanic mean pheno: 8.97914
Freshwater mean pheno: -8.47478
-------------------------------
Output1 for generation 7800:

Oceanic mean pheno: 9.27124
Freshwater mean pheno: -8.65164
-------------------------------
Output1 for generation 7900:

Oceanic mean pheno: 9.02231
Freshwater mean pheno: -8.98842
-------------------------------
Output1 for generation 8000:

Oceanic mean pheno: 9.14775
Freshwater mean pheno: -8.84975
-------------------------------
Output1 for generation 8100:

Oceanic mean pheno: 9.44956
Freshwater mean pheno: -8.83056
-------------------------------
Output1 for generation 8200:

Oceanic mean pheno: 9.20562
Freshwater mean pheno: -8.81463
-------------------------------
Output1 for generation 8300:

Oceanic mean pheno: 9.16404
Freshwater mean pheno: -9.20832
-------------------------------
Output1 for generation 8400:

Oceanic mean pheno: 9.07211
Freshwater mean pheno: -8.96891
-------------------------------
Output1 for generation 8500:

Oceanic mean pheno: 8.88595
Freshwater mean pheno: -9.01999
-------------------------------
Output1 for generation 8600:

Oceanic mean pheno: 8.91169
Freshwater mean pheno: -9.19618
-------------------------------
Output1 for generation 8700:

Oceanic mean pheno: 9.18563
Freshwater mean pheno: -9.31638
-------------------------------
Output1 for generation 8800:

Oceanic mean pheno: 9.27583
Freshwater mean pheno: -8.90634
-------------------------------
Output1 for generation 8900:

Oceanic mean pheno: 9.08304
Freshwater mean pheno: -8.87049
-------------------------------
Output1 for generation 9000:

Oceanic mean pheno: 9.29222
Freshwater mean pheno: -8.95888
-------------------------------
Output1 for generation 9100:

Oceanic mean pheno: 9.35355
Freshwater mean pheno: -9.10248
-------------------------------
Output1 for generation 9200:

Oceanic mean pheno: 8.93125
Freshwater mean pheno: -8.60219
-------------------------------
Output1 for generation 9300:

Oceanic mean pheno: 9.16673
Freshwater mean pheno: -8.68649
-------------------------------
Output1 for generation 9400:

Oceanic mean pheno: 9.11341
Freshwater mean pheno: -8.92101
-------------------------------
Output1 for generation 9500:

Oceanic mean pheno: 9.05512
Freshwater mean pheno: -9.14401
-------------------------------
Output1 for generation 9600:

Oceanic mean pheno: 9.25242
Freshwater mean pheno: -8.76831
-------------------------------
Output1 for generation 9700:

Oceanic mean pheno: 9.20616
Freshwater mean pheno: -9.11312
-------------------------------
Output1 for generation 9800:

Oceanic mean pheno: 9.25844
Freshwater mean pheno: -9.22914
-------------------------------
Output1 for generation 9900:

Oceanic mean pheno: 9.22545
Freshwater mean pheno: -9.2869
-------------------------------
Output1 for generation 10000:

Oceanic mean pheno: 9.27436
Freshwater mean pheno: -9.09972
-------------------------------
Output1 for generation 10100:

Oceanic mean pheno: 9.06773
Freshwater mean pheno: -9.2943
-------------------------------
Output1 for generation 10200:

Oceanic mean pheno: 9.04635
Freshwater mean pheno: -9.22514
-------------------------------
Output1 for generation 10300:

Oceanic mean pheno: 9.43488
Freshwater mean pheno: -9.31448
-------------------------------
Output1 for generation 10400:

Oceanic mean pheno: 9.22509
Freshwater mean pheno: -8.91092
-------------------------------
Output1 for generation 10500:

Oceanic mean pheno: 9.18326
Freshwater mean pheno: -9.00068
-------------------------------
Output1 for generation 10600:

Oceanic mean pheno: 9.48194
Freshwater mean pheno: -8.94917
-------------------------------
Output1 for generation 10700:

Oceanic mean pheno: 9.48358
Freshwater mean pheno: -9.1109
-------------------------------
Output1 for generation 10800:

Oceanic mean pheno: 9.32238
Freshwater mean pheno: -9.0735
-------------------------------
Output1 for generation 10900:

Oceanic mean pheno: 9.35813
Freshwater mean pheno: -8.85129
-------------------------------
Output1 for generation 11000:

Oceanic mean pheno: 9.06657
Freshwater mean pheno: -8.61828
-------------------------------
Output1 for generation 11100:

Oceanic mean pheno: 9.16011
Freshwater mean pheno: -8.98332
-------------------------------
Output1 for generation 11200:

Oceanic mean pheno: 9.36534
Freshwater mean pheno: -8.90355
-------------------------------
Output1 for generation 11300:

Oceanic mean pheno: 9.23921
Freshwater mean pheno: -8.64366
-------------------------------
Output1 for generation 11400:

Oceanic mean pheno: 9.72533
Freshwater mean pheno: -8.74082
-------------------------------
Output1 for generation 11500:

Oceanic mean pheno: 9.28763
Freshwater mean pheno: -8.62837
-------------------------------
Output1 for generation 11600:

Oceanic mean pheno: 9.23907
Freshwater mean pheno: -8.6408
-------------------------------
Output1 for generation 11700:

Oceanic mean pheno: 8.98373
Freshwater mean pheno: -8.57037
-------------------------------
Output1 for generation 11800:

Oceanic mean pheno: 9.15549
Freshwater mean pheno: -8.60787
-------------------------------
Output1 for generation 11900:

Oceanic mean pheno: 8.91397
Freshwater mean pheno: -8.85393
-------------------------------
Output1 for generation 12000:

Oceanic mean pheno: 9.44326
Freshwater mean pheno: -8.73563
-------------------------------
Output1 for generation 12100:

Oceanic mean pheno: 9.28751
Freshwater mean pheno: -8.75625
-------------------------------
Output1 for generation 12200:

Oceanic mean pheno: 9.60685
Freshwater mean pheno: -8.90215
-------------------------------
Output1 for generation 12300:

Oceanic mean pheno: 9.48976
Freshwater mean pheno: -9.24687
-------------------------------
Output1 for generation 12400:

Oceanic mean pheno: 9.5182
Freshwater mean pheno: -8.72121
-------------------------------
Output1 for generation 12500:

Oceanic mean pheno: 9.15925
Freshwater mean pheno: -8.95141
-------------------------------
Output1 for generation 12600:

Oceanic mean pheno: 9.23065
Freshwater mean pheno: -9.0372
-------------------------------
Output1 for generation 12700:

Oceanic mean pheno: 9.08926
Freshwater mean pheno: -8.69911
-------------------------------
Output1 for generation 12800:

Oceanic mean pheno: 9.29141
Freshwater mean pheno: -8.95125
-------------------------------
Output1 for generation 12900:

Oceanic mean pheno: 9.11305
Freshwater mean pheno: -8.54273
-------------------------------
Output1 for generation 13000:

Oceanic mean pheno: 9.37226
Freshwater mean pheno: -8.96265
-------------------------------
Output1 for generation 13100:

Oceanic mean pheno: 9.14124
Freshwater mean pheno: -8.59737
-------------------------------
Output1 for generation 13200:

Oceanic mean pheno: 8.90988
Freshwater mean pheno: -9.23172
-------------------------------
Output1 for generation 13300:

Oceanic mean pheno: 8.92855
Freshwater mean pheno: -8.93863
-------------------------------
Output1 for generation 13400:

Oceanic mean pheno: 8.88969
Freshwater mean pheno: -8.88436
-------------------------------
Output1 for generation 13500:

Oceanic mean pheno: 9.17918
Freshwater mean pheno: -9.02531
-------------------------------
Output1 for generation 13600:

Oceanic mean pheno: 9.25658
Freshwater mean pheno: -8.7457
-------------------------------
Output1 for generation 13700:

Oceanic mean pheno: 9.10222
Freshwater mean pheno: -9.25194
-------------------------------
Output1 for generation 13800:

Oceanic mean pheno: 9.06525
Freshwater mean pheno: -8.87726
-------------------------------
Output1 for generation 13900:

Oceanic mean pheno: 9.32676
Freshwater mean pheno: -8.85137
-------------------------------
Output1 for generation 14000:

Oceanic mean pheno: 9.41481
Freshwater mean pheno: -9.06434
-------------------------------
Output1 for generation 14100:

Oceanic mean pheno: 9.11478
Freshwater mean pheno: -9.27066
-------------------------------
Output1 for generation 14200:

Oceanic mean pheno: 9.18135
Freshwater mean pheno: -8.9775
-------------------------------
Output1 for generation 14300:

Oceanic mean pheno: 9.18645
Freshwater mean pheno: -8.70023
-------------------------------
Output1 for generation 14400:

Oceanic mean pheno: 8.63946
Freshwater mean pheno: -8.56343
-------------------------------
Output1 for generation 14500:

Oceanic mean pheno: 9.06294
Freshwater mean pheno: -8.58861
-------------------------------
Output1 for generation 14600:

Oceanic mean pheno: 9.14246
Freshwater mean pheno: -8.71935
-------------------------------
Output1 for generation 14700:

Oceanic mean pheno: 9.38278
Freshwater mean pheno: -8.64483
-------------------------------
Output1 for generation 14800:

Oceanic mean pheno: 9.08099
Freshwater mean pheno: -8.93973
-------------------------------
Output1 for generation 14900:

Oceanic mean pheno: 9.15031
Freshwater mean pheno: -8.83001
-------------------------------
Output1 for generation 15000:

Oceanic mean pheno: 9.07104
Freshwater mean pheno: -8.77967
-------------------------------
Output1 for generation 15100:

Oceanic mean pheno: 9.11145
Freshwater mean pheno: -10.2214
-------------------------------
Output1 for generation 15200:

Oceanic mean pheno: 9.94655
Freshwater mean pheno: -10.4835
-------------------------------
Output1 for generation 15300:

Oceanic mean pheno: 10.0731
Freshwater mean pheno: -9.98744
-------------------------------
Output1 for generation 15400:

Oceanic mean pheno: 10.2937
Freshwater mean pheno: -10.1006
-------------------------------
Output1 for generation 15500:

Oceanic mean pheno: 10.3311
Freshwater mean pheno: -10.1145
-------------------------------
Output1 for generation 15600:

Oceanic mean pheno: 10.4874
Freshwater mean pheno: -10.056
-------------------------------
Output1 for generation 15700:

Oceanic mean pheno: 10.0638
Freshwater mean pheno: -10.154
-------------------------------
Output1 for generation 15800:

Oceanic mean pheno: 10.1538
Freshwater mean pheno: -10.0331
-------------------------------
Output1 for generation 15900:

Oceanic mean pheno: 10.3575
Freshwater mean pheno: -9.99493
-------------------------------
Output1 for generation 16000:

Oceanic mean pheno: 10.3796
Freshwater mean pheno: -10.0533
-------------------------------
Output1 for generation 16100:

Oceanic mean pheno: 10.256
Freshwater mean pheno: -10.0519
-------------------------------
Output1 for generation 16200:

Oceanic mean pheno: 10.2318
Freshwater mean pheno: -10.0866
-------------------------------
Output1 for generation 16300:

Oceanic mean pheno: 10.3711
Freshwater mean pheno: -10.0683
-------------------------------
Output1 for generation 16400:

Oceanic mean pheno: 10.0681
Freshwater mean pheno: -10.0297
-------------------------------
Output1 for generation 16500:

Oceanic mean pheno: 9.90141
Freshwater mean pheno: -10.0486
-------------------------------
Output1 for generation 16600:

Oceanic mean pheno: 9.99816
Freshwater mean pheno: -10.0411
-------------------------------
Output1 for generation 16700:

Oceanic mean pheno: 9.9644
Freshwater mean pheno: -9.98189
-------------------------------
Output1 for generation 16800:

Oceanic mean pheno: 10.2123
Freshwater mean pheno: -10.0265
-------------------------------
Output1 for generation 16900:

Oceanic mean pheno: 10.2963
Freshwater mean pheno: -10.0562
-------------------------------
Output1 for generation 17000:

Oceanic mean pheno: 10.3318
Freshwater mean pheno: -10.0214
-------------------------------
Output1 for generation 17100:

Oceanic mean pheno: 10.2341
Freshwater mean pheno: -10.0235
-------------------------------
Output1 for generation 17200:

Oceanic mean pheno: 10.0901
Freshwater mean pheno: -10.0438
-------------------------------
Output1 for generation 17300:

Oceanic mean pheno: 10.0199
Freshwater mean pheno: -10.0162
-------------------------------
Output1 for generation 17400:

Oceanic mean pheno: 9.89894
Freshwater mean pheno: -10.041
-------------------------------
Output1 for generation 17500:

Oceanic mean pheno: 9.84899
Freshwater mean pheno: -10.0069
-------------------------------
Output1 for generation 17600:

Oceanic mean pheno: 9.94318
Freshwater mean pheno: -9.99372
-------------------------------
Output1 for generation 17700:

Oceanic mean pheno: 9.79485
Freshwater mean pheno: -10.0157
-------------------------------
Output1 for generation 17800:

Oceanic mean pheno: 9.88131
Freshwater mean pheno: -9.99853
-------------------------------
Output1 for generation 17900:

Oceanic mean pheno: 9.62552
Freshwater mean pheno: -10.047
-------------------------------
Output1 for generation 18000:

Oceanic mean pheno: 9.77707
Freshwater mean pheno: -10.021
-------------------------------
Output1 for generation 18100:

Oceanic mean pheno: 9.90932
Freshwater mean pheno: -10.0429
-------------------------------
Output1 for generation 18200:

Oceanic mean pheno: 9.72755
Freshwater mean pheno: -9.98274
-------------------------------
Output1 for generation 18300:

Oceanic mean pheno: 9.98561
Freshwater mean pheno: -10.012
-------------------------------
Output1 for generation 18400:

Oceanic mean pheno: 9.82454
Freshwater mean pheno: -10.0545
-------------------------------
Output1 for generation 18500:

Oceanic mean pheno: 9.97164
Freshwater mean pheno: -10.0126
-------------------------------
Output1 for generation 18600:

Oceanic mean pheno: 9.86311
Freshwater mean pheno: -10.0428
-------------------------------
Output1 for generation 18700:

Oceanic mean pheno: 9.92814
Freshwater mean pheno: -10.1102
-------------------------------
Output1 for generation 18800:

Oceanic mean pheno: 9.81564
Freshwater mean pheno: -10.0949
-------------------------------
Output1 for generation 18900:

Oceanic mean pheno: 9.962
Freshwater mean pheno: -10.0182
-------------------------------
Output1 for generation 19000:

Oceanic mean pheno: 10.1519
Freshwater mean pheno: -10.0695
-------------------------------
Output1 for generation 19100:

Oceanic mean pheno: 10.1196
Freshwater mean pheno: -10.0282
-------------------------------
Output1 for generation 19200:

Oceanic mean pheno: 10.2036
Freshwater mean pheno: -10.037
-------------------------------
Output1 for generation 19300:

Oceanic mean pheno: 10.3753
Freshwater mean pheno: -10.0036
-------------------------------
Output1 for generation 19400:

Oceanic mean pheno: 10.5877
Freshwater mean pheno: -10.0533
-------------------------------
Output1 for generation 19500:

Oceanic mean pheno: 10.391
Freshwater mean pheno: -10.0623
-------------------------------
Output1 for generation 19600:

Oceanic mean pheno: 10.3817
Freshwater mean pheno: -10.0385
-------------------------------
Output1 for generation 19700:

Oceanic mean pheno: 10.2898
Freshwater mean pheno: -10.0272
-------------------------------
Output1 for generation 19800:

Oceanic mean pheno: 10.1585
Freshwater mean pheno: -10.0649
-------------------------------
Output1 for generation 19900:

Oceanic mean pheno: 10.1367
Freshwater mean pheno: -10.0668
-------------------------------
Output1 for generation 20000:

Oceanic mean pheno: 10.2114
Freshwater mean pheno: -10.085
new Freshwater mean pheno: 10.2107
-------------------------------
Output1 for generation 20100:

Oceanic mean pheno: 10.2224
Freshwater mean pheno: -10.1164
new Freshwater mean pheno: 8.01455
-------------------------------
Output1 for generation 20200:

Oceanic mean pheno: 9.96583
Freshwater mean pheno: -10.0668
new Freshwater mean pheno: 7.65649
-------------------------------
Output1 for generation 20300:

Oceanic mean pheno: 9.89137
Freshwater mean pheno: -10.0981
new Freshwater mean pheno: 7.36449
-------------------------------
Output1 for generation 20400:

Oceanic mean pheno: 9.78892
Freshwater mean pheno: -10.0864
new Freshwater mean pheno: 7.32272
-------------------------------
Output1 for generation 20500:

Oceanic mean pheno: 9.71336
Freshwater mean pheno: -10.0174
new Freshwater mean pheno: 7.29007
-------------------------------
Output1 for generation 20600:

Oceanic mean pheno: 9.81406
Freshwater mean pheno: -10.0761
new Freshwater mean pheno: 7.28478
-------------------------------
Output1 for generation 20700:

Oceanic mean pheno: 9.80061
Freshwater mean pheno: -10.1229
new Freshwater mean pheno: 7.19064
-------------------------------
Output1 for generation 20800:

Oceanic mean pheno: 9.78033
Freshwater mean pheno: -10.0797
new Freshwater mean pheno: 7.15868
-------------------------------
Output1 for generation 20900:

Oceanic mean pheno: 9.80777
Freshwater mean pheno: -10.0846
new Freshwater mean pheno: 7.07028
-------------------------------
Output1 for generation 21000:

Oceanic mean pheno: 9.74416
Freshwater mean pheno: -10.0989
new Freshwater mean pheno: 6.9771
-------------------------------
Output1 for generation 21100:

Oceanic mean pheno: 9.60087
Freshwater mean pheno: -10.0744
new Freshwater mean pheno: 6.2198
-------------------------------
Output1 for generation 21200:

Oceanic mean pheno: 9.65691
Freshwater mean pheno: -10.0756
new Freshwater mean pheno: 6.11921
-------------------------------
Output1 for generation 21300:

Oceanic mean pheno: 9.66322
Freshwater mean pheno: -10.0529
new Freshwater mean pheno: 5.78305
-------------------------------
Output1 for generation 21400:

Oceanic mean pheno: 9.64005
Freshwater mean pheno: -10.1433
new Freshwater mean pheno: 5.82729
-------------------------------
Output1 for generation 21500:

Oceanic mean pheno: 9.69689
Freshwater mean pheno: -10.101
new Freshwater mean pheno: 5.80506
-------------------------------
Output1 for generation 21600:

Oceanic mean pheno: 9.93644
Freshwater mean pheno: -10.1326
new Freshwater mean pheno: 5.76389
-------------------------------
Output1 for generation 21700:

Oceanic mean pheno: 9.79484
Freshwater mean pheno: -10.1201
new Freshwater mean pheno: 5.76798
-------------------------------
Output1 for generation 21800:

Oceanic mean pheno: 9.7633
Freshwater mean pheno: -10.0735
new Freshwater mean pheno: 5.73089
-------------------------------
Output1 for generation 21900:

Oceanic mean pheno: 9.63867
Freshwater mean pheno: -10.0753
new Freshwater mean pheno: 5.73295
-------------------------------
Output1 for generation 22000:

Oceanic mean pheno: 9.63127
Freshwater mean pheno: -10.0618
new Freshwater mean pheno: 5.4433
-------------------------------
Output1 for generation 22100:

Oceanic mean pheno: 9.69435
Freshwater mean pheno: -10.0451
new Freshwater mean pheno: 5.6156
-------------------------------
Output1 for generation 22200:

Oceanic mean pheno: 9.66864
Freshwater mean pheno: -10.0145
new Freshwater mean pheno: 5.6697
-------------------------------
Output1 for generation 22300:

Oceanic mean pheno: 9.60312
Freshwater mean pheno: -10.0432
new Freshwater mean pheno: 5.44379
-------------------------------
Output1 for generation 22400:

Oceanic mean pheno: 9.53291
Freshwater mean pheno: -10.066
new Freshwater mean pheno: 4.63459
-------------------------------
Output1 for generation 22500:

Oceanic mean pheno: 9.49726
Freshwater mean pheno: -10.0258
new Freshwater mean pheno: 4.20281
-------------------------------
Output1 for generation 22600:

Oceanic mean pheno: 9.51448
Freshwater mean pheno: -10.0668
new Freshwater mean pheno: 4.25526
-------------------------------
Output1 for generation 22700:

Oceanic mean pheno: 9.53679
Freshwater mean pheno: -10.0695
new Freshwater mean pheno: 3.97099
-------------------------------
Output1 for generation 22800:

Oceanic mean pheno: 9.46176
Freshwater mean pheno: -10.0533
new Freshwater mean pheno: 3.89019
-------------------------------
Output1 for generation 22900:

Oceanic mean pheno: 9.48032
Freshwater mean pheno: -10.055
new Freshwater mean pheno: 2.79221
-------------------------------
Output1 for generation 23000:

Oceanic mean pheno: 9.48153
Freshwater mean pheno: -10.0879
new Freshwater mean pheno: 2.81498
-------------------------------
Output1 for generation 23100:

Oceanic mean pheno: 9.54679
Freshwater mean pheno: -10.0787
new Freshwater mean pheno: 2.80446
-------------------------------
Output1 for generation 23200:

Oceanic mean pheno: 9.48067
Freshwater mean pheno: -10.0949
new Freshwater mean pheno: 2.62425
-------------------------------
Output1 for generation 23300:

Oceanic mean pheno: 9.45888
Freshwater mean pheno: -10.1789
new Freshwater mean pheno: 2.64785
-------------------------------
Output1 for generation 23400:

Oceanic mean pheno: 9.42428
Freshwater mean pheno: -10.173
new Freshwater mean pheno: 2.48244
-------------------------------
Output1 for generation 23500:

Oceanic mean pheno: 9.36899
Freshwater mean pheno: -10.1659
new Freshwater mean pheno: 2.34057
-------------------------------
Output1 for generation 23600:

Oceanic mean pheno: 9.35698
Freshwater mean pheno: -10.157
new Freshwater mean pheno: 2.23579
-------------------------------
Output1 for generation 23700:

Oceanic mean pheno: 9.39063
Freshwater mean pheno: -10.1493
new Freshwater mean pheno: 2.24675
-------------------------------
Output1 for generation 23800:

Oceanic mean pheno: 9.39143
Freshwater mean pheno: -10.1731
new Freshwater mean pheno: 2.21955
-------------------------------
Output1 for generation 23900:

Oceanic mean pheno: 9.39326
Freshwater mean pheno: -10.1398
new Freshwater mean pheno: 2.2337
-------------------------------
Output1 for generation 24000:

Oceanic mean pheno: 9.3949
Freshwater mean pheno: -10.1393
new Freshwater mean pheno: 2.1782
-------------------------------
Output1 for generation 24100:

Oceanic mean pheno: 9.39407
Freshwater mean pheno: -10.1559
new Freshwater mean pheno: 1.91982
-------------------------------
Output1 for generation 24200:

Oceanic mean pheno: 9.39155
Freshwater mean pheno: -10.1564
new Freshwater mean pheno: 1.86583
-------------------------------
Output1 for generation 24300:

Oceanic mean pheno: 9.39099
Freshwater mean pheno: -10.1769
new Freshwater mean pheno: 1.87217
-------------------------------
Output1 for generation 24400:

Oceanic mean pheno: 9.38958
Freshwater mean pheno: -10.1599
new Freshwater mean pheno: 1.7363
-------------------------------
Output1 for generation 24500:

Oceanic mean pheno: 9.39378
Freshwater mean pheno: -10.1616
new Freshwater mean pheno: 1.50511
-------------------------------
Output1 for generation 24600:

Oceanic mean pheno: 9.40035
Freshwater mean pheno: -10.2508
new Freshwater mean pheno: 0.982415
-------------------------------
Output1 for generation 24700:

Oceanic mean pheno: 9.39596
Freshwater mean pheno: -10.4027
new Freshwater mean pheno: 1.04324
-------------------------------
Output1 for generation 24800:

Oceanic mean pheno: 9.39592
Freshwater mean pheno: -10.3955
new Freshwater mean pheno: 1.2395
-------------------------------
Output1 for generation 24900:

Oceanic mean pheno: 9.40578
Freshwater mean pheno: -10.4473
new Freshwater mean pheno: 1.08372
-------------------------------
Output1 for generation 25000:

Oceanic mean pheno: 9.38953
Freshwater mean pheno: -10.2017
new Freshwater mean pheno: 0.973916
-------------------------------
Output1 for generation 25100:

Oceanic mean pheno: 9.37465
Freshwater mean pheno: -10.2009
new Freshwater mean pheno: 0.764836
-------------------------------
Output1 for generation 25200:

Oceanic mean pheno: 9.38382
Freshwater mean pheno: -10.2111
new Freshwater mean pheno: 0.44912
-------------------------------
Output1 for generation 25300:

Oceanic mean pheno: 9.40847
Freshwater mean pheno: -10.1214
new Freshwater mean pheno: 0.546349
-------------------------------
Output1 for generation 25400:

Oceanic mean pheno: 9.33188
Freshwater mean pheno: -10.1133
new Freshwater mean pheno: 0.409891
-------------------------------
Output1 for generation 25500:

Oceanic mean pheno: 9.40295
Freshwater mean pheno: -10.2103
new Freshwater mean pheno: 0.392074
-------------------------------
Output1 for generation 25600:

Oceanic mean pheno: 9.39955
Freshwater mean pheno: -10.2055
new Freshwater mean pheno: 0.317399
-------------------------------
Output1 for generation 25700:

Oceanic mean pheno: 9.338
Freshwater mean pheno: -10.1907
new Freshwater mean pheno: 0.426213
-------------------------------
Output1 for generation 25800:

Oceanic mean pheno: 9.3568
Freshwater mean pheno: -10.1686
new Freshwater mean pheno: -0.104835
-------------------------------
Output1 for generation 25900:

Oceanic mean pheno: 9.36744
Freshwater mean pheno: -10.2092
new Freshwater mean pheno: -0.189137
-------------------------------
Output1 for generation 26000:

Oceanic mean pheno: 9.35629
Freshwater mean pheno: -10.2339
new Freshwater mean pheno: -0.283456
-------------------------------
Output1 for generation 26100:

Oceanic mean pheno: 9.34765
Freshwater mean pheno: -10.2128
new Freshwater mean pheno: -0.609698
-------------------------------
Output1 for generation 26200:

Oceanic mean pheno: 9.29373
Freshwater mean pheno: -10.2449
new Freshwater mean pheno: -0.433878
-------------------------------
Output1 for generation 26300:

Oceanic mean pheno: 9.33002
Freshwater mean pheno: -10.2999
new Freshwater mean pheno: -0.471043
-------------------------------
Output1 for generation 26400:

Oceanic mean pheno: 9.31237
Freshwater mean pheno: -10.2265
new Freshwater mean pheno: -0.649356
-------------------------------
Output1 for generation 26500:

Oceanic mean pheno: 9.29293
Freshwater mean pheno: -10.2413
new Freshwater mean pheno: -0.535345
-------------------------------
Output1 for generation 26600:

Oceanic mean pheno: 9.34478
Freshwater mean pheno: -10.2283
new Freshwater mean pheno: -0.526876
-------------------------------
Output1 for generation 26700:

Oceanic mean pheno: 9.36336
Freshwater mean pheno: -10.2828
new Freshwater mean pheno: -0.369659
-------------------------------
Output1 for generation 26800:

Oceanic mean pheno: 9.36996
Freshwater mean pheno: -10.264
new Freshwater mean pheno: -0.701124
-------------------------------
Output1 for generation 26900:

Oceanic mean pheno: 9.41625
Freshwater mean pheno: -10.2288
new Freshwater mean pheno: -0.950526
-------------------------------
Output1 for generation 27000:

Oceanic mean pheno: 9.38527
Freshwater mean pheno: -10.2533
new Freshwater mean pheno: -0.656149
-------------------------------
Output1 for generation 27100:

Oceanic mean pheno: 9.39136
Freshwater mean pheno: -10.229
new Freshwater mean pheno: -0.785564
-------------------------------
Output1 for generation 27200:

Oceanic mean pheno: 9.39132
Freshwater mean pheno: -10.3017
new Freshwater mean pheno: -0.801641
-------------------------------
Output1 for generation 27300:

Oceanic mean pheno: 9.38904
Freshwater mean pheno: -10.2194
new Freshwater mean pheno: -0.859163
-------------------------------
Output1 for generation 27400:

Oceanic mean pheno: 9.37398
Freshwater mean pheno: -10.2204
new Freshwater mean pheno: -0.867328
-------------------------------
Output1 for generation 27500:

Oceanic mean pheno: 9.39158
Freshwater mean pheno: -10.2115
new Freshwater mean pheno: -0.88596
-------------------------------
Output1 for generation 27600:

Oceanic mean pheno: 9.3943
Freshwater mean pheno: -10.2112
new Freshwater mean pheno: -1.04686
-------------------------------
Output1 for generation 27700:

Oceanic mean pheno: 9.40105
Freshwater mean pheno: -10.2407
new Freshwater mean pheno: -1.0459
-------------------------------
Output1 for generation 27800:

Oceanic mean pheno: 9.41466
Freshwater mean pheno: -10.2821
new Freshwater mean pheno: -1.45148
-------------------------------
Output1 for generation 27900:

Oceanic mean pheno: 9.43697
Freshwater mean pheno: -10.2011
new Freshwater mean pheno: -1.41196
-------------------------------
Output1 for generation 28000:

Oceanic mean pheno: 9.47913
Freshwater mean pheno: -10.1736
new Freshwater mean pheno: -1.43313
-------------------------------
Output1 for generation 28100:

Oceanic mean pheno: 9.48127
Freshwater mean pheno: -10.1921
new Freshwater mean pheno: -1.40987
-------------------------------
Output1 for generation 28200:

Oceanic mean pheno: 9.47001
Freshwater mean pheno: -10.1763
new Freshwater mean pheno: -1.77574
-------------------------------
Output1 for generation 28300:

Oceanic mean pheno: 9.51473
Freshwater mean pheno: -10.1761
new Freshwater mean pheno: -1.81145
-------------------------------
Output1 for generation 28400:

Oceanic mean pheno: 9.55851
Freshwater mean pheno: -10.2
new Freshwater mean pheno: -2.21441
-------------------------------
Output1 for generation 28500:

Oceanic mean pheno: 9.60124
Freshwater mean pheno: -10.2471
new Freshwater mean pheno: -2.16621
-------------------------------
Output1 for generation 28600:

Oceanic mean pheno: 9.50759
Freshwater mean pheno: -10.1976
new Freshwater mean pheno: -2.63436
-------------------------------
Output1 for generation 28700:

Oceanic mean pheno: 9.54257
Freshwater mean pheno: -10.1526
new Freshwater mean pheno: -2.7391
-------------------------------
Output1 for generation 28800:

Oceanic mean pheno: 9.51179
Freshwater mean pheno: -10.204
new Freshwater mean pheno: -2.75122
-------------------------------
Output1 for generation 28900:

Oceanic mean pheno: 9.50089
Freshwater mean pheno: -10.2045
new Freshwater mean pheno: -2.80094
-------------------------------
Output1 for generation 29000:

Oceanic mean pheno: 9.45372
Freshwater mean pheno: -10.196
new Freshwater mean pheno: -2.7351
-------------------------------
Output1 for generation 29100:

Oceanic mean pheno: 9.47668
Freshwater mean pheno: -10.1935
new Freshwater mean pheno: -2.66778
-------------------------------
Output1 for generation 29200:

Oceanic mean pheno: 9.46859
Freshwater mean pheno: -10.1761
new Freshwater mean pheno: -2.79986
-------------------------------
Output1 for generation 29300:

Oceanic mean pheno: 9.53313
Freshwater mean pheno: -10.1688
new Freshwater mean pheno: -3.06266
-------------------------------
Output1 for generation 29400:

Oceanic mean pheno: 9.6251
Freshwater mean pheno: -10.1929
new Freshwater mean pheno: -3.15903
-------------------------------
Output1 for generation 29500:

Oceanic mean pheno: 9.58012
Freshwater mean pheno: -10.2011
new Freshwater mean pheno: -3.13929
-------------------------------
Output1 for generation 29600:

Oceanic mean pheno: 9.535
Freshwater mean pheno: -10.1763
new Freshwater mean pheno: -3.46776
-------------------------------
Output1 for generation 29700:

Oceanic mean pheno: 9.52927
Freshwater mean pheno: -10.2049
new Freshwater mean pheno: -3.81546
-------------------------------
Output1 for generation 29800:

Oceanic mean pheno: 9.53665
Freshwater mean pheno: -10.2287
new Freshwater mean pheno: -3.96371
-------------------------------
Output1 for generation 29900:

Oceanic mean pheno: 9.56178
Freshwater mean pheno: -10.2011
new Freshwater mean pheno: -3.9229
-------------------------------
Output1 for generation 30000:

Oceanic mean pheno: 9.48944
Freshwater mean pheno: -10.198
new Freshwater mean pheno: -3.87047
-------------------------------
Output1 for generation 30100:

Oceanic mean pheno: 9.51738
Freshwater mean pheno: -10.2012
new Freshwater mean pheno: -3.93244
-------------------------------
Output1 for generation 30200:

Oceanic mean pheno: 9.52831
Freshwater mean pheno: -10.2109
new Freshwater mean pheno: -3.89465
-------------------------------
Output1 for generation 30300:

Oceanic mean pheno: 9.59881
Freshwater mean pheno: -10.2035
new Freshwater mean pheno: -3.91421
-------------------------------
Output1 for generation 30400:

Oceanic mean pheno: 9.57386
Freshwater mean pheno: -10.1972
new Freshwater mean pheno: -3.93924
-------------------------------
Output1 for generation 30500:

Oceanic mean pheno: 9.55883
Freshwater mean pheno: -10.2124
new Freshwater mean pheno: -3.83119
-------------------------------
Output1 for generation 30600:

Oceanic mean pheno: 9.5745
Freshwater mean pheno: -10.2428
new Freshwater mean pheno: -4.01776
-------------------------------
Output1 for generation 30700:

Oceanic mean pheno: 9.58495
Freshwater mean pheno: -10.1903
new Freshwater mean pheno: -3.80774
-------------------------------
Output1 for generation 30800:

Oceanic mean pheno: 9.51907
Freshwater mean pheno: -10.1868
new Freshwater mean pheno: -4.2545
-------------------------------
Output1 for generation 30900:

Oceanic mean pheno: 9.62613
Freshwater mean pheno: -10.1582
new Freshwater mean pheno: -4.21091
-------------------------------
Output1 for generation 31000:

Oceanic mean pheno: 9.67576
Freshwater mean pheno: -10.2098
new Freshwater mean pheno: -4.0306
-------------------------------
Output1 for generation 31100:

Oceanic mean pheno: 9.67032
Freshwater mean pheno: -10.3034
new Freshwater mean pheno: -4.24245
-------------------------------
Output1 for generation 31200:

Oceanic mean pheno: 9.67143
Freshwater mean pheno: -10.3031
new Freshwater mean pheno: -4.24319
-------------------------------
Output1 for generation 31300:

Oceanic mean pheno: 9.61189
Freshwater mean pheno: -10.4084
new Freshwater mean pheno: -4.47475
-------------------------------
Output1 for generation 31400:

Oceanic mean pheno: 9.61744
Freshwater mean pheno: -10.3679
new Freshwater mean pheno: -4.34006
-------------------------------
Output1 for generation 31500:

Oceanic mean pheno: 9.64381
Freshwater mean pheno: -10.2094
new Freshwater mean pheno: -4.82803
-------------------------------
Output1 for generation 31600:

Oceanic mean pheno: 9.6803
Freshwater mean pheno: -10.2523
new Freshwater mean pheno: -4.91851
-------------------------------
Output1 for generation 31700:

Oceanic mean pheno: 9.66158
Freshwater mean pheno: -10.1162
new Freshwater mean pheno: -4.92506
-------------------------------
Output1 for generation 31800:

Oceanic mean pheno: 9.69569
Freshwater mean pheno: -10.0441
new Freshwater mean pheno: -5.04896
-------------------------------
Output1 for generation 31900:

Oceanic mean pheno: 9.72338
Freshwater mean pheno: -10.1089
new Freshwater mean pheno: -4.85906
-------------------------------
Output1 for generation 32000:

Oceanic mean pheno: 9.70159
Freshwater mean pheno: -10.1287
new Freshwater mean pheno: -5.49388
-------------------------------
Output1 for generation 32100:

Oceanic mean pheno: 9.67705
Freshwater mean pheno: -10.1233
new Freshwater mean pheno: -5.61271
-------------------------------
Output1 for generation 32200:

Oceanic mean pheno: 9.67549
Freshwater mean pheno: -10.1974
new Freshwater mean pheno: -5.5337
-------------------------------
Output1 for generation 32300:

Oceanic mean pheno: 9.65335
Freshwater mean pheno: -10.1916
new Freshwater mean pheno: -5.77394
-------------------------------
Output1 for generation 32400:

Oceanic mean pheno: 9.64147
Freshwater mean pheno: -10.2033
new Freshwater mean pheno: -5.80035
-------------------------------
Output1 for generation 32500:

Oceanic mean pheno: 9.72412
Freshwater mean pheno: -10.2128
new Freshwater mean pheno: -5.92411
-------------------------------
Output1 for generation 32600:

Oceanic mean pheno: 9.71712
Freshwater mean pheno: -10.2238
new Freshwater mean pheno: -6.26338
-------------------------------
Output1 for generation 32700:

Oceanic mean pheno: 9.63956
Freshwater mean pheno: -10.223
new Freshwater mean pheno: -6.21329
-------------------------------
Output1 for generation 32800:

Oceanic mean pheno: 9.77097
Freshwater mean pheno: -10.22
new Freshwater mean pheno: -6.34169
-------------------------------
Output1 for generation 32900:

Oceanic mean pheno: 9.81963
Freshwater mean pheno: -10.204
new Freshwater mean pheno: -6.45182
-------------------------------
Output1 for generation 33000:

Oceanic mean pheno: 9.82511
Freshwater mean pheno: -10.0984
new Freshwater mean pheno: -6.46085
-------------------------------
Output1 for generation 33100:

Oceanic mean pheno: 9.93457
Freshwater mean pheno: -10.135
new Freshwater mean pheno: -6.41259
-------------------------------
Output1 for generation 33200:

Oceanic mean pheno: 10.0188
Freshwater mean pheno: -10.1802
new Freshwater mean pheno: -6.60909
-------------------------------
Output1 for generation 33300:

Oceanic mean pheno: 10.0367
Freshwater mean pheno: -10.2294
new Freshwater mean pheno: -6.59744
-------------------------------
Output1 for generation 33400:

Oceanic mean pheno: 10.0454
Freshwater mean pheno: -10.2489
new Freshwater mean pheno: -6.50263
-------------------------------
Output1 for generation 33500:

Oceanic mean pheno: 10.1148
Freshwater mean pheno: -10.2518
new Freshwater mean pheno: -6.68726
-------------------------------
Output1 for generation 33600:

Oceanic mean pheno: 10.0973
Freshwater mean pheno: -10.336
new Freshwater mean pheno: -6.60161
-------------------------------
Output1 for generation 33700:

Oceanic mean pheno: 10.0683
Freshwater mean pheno: -10.2944
new Freshwater mean pheno: -6.74137
-------------------------------
Output1 for generation 33800:

Oceanic mean pheno: 10.0293
Freshwater mean pheno: -10.2204
new Freshwater mean pheno: -6.74417
-------------------------------
Output1 for generation 33900:

Oceanic mean pheno: 9.92698
Freshwater mean pheno: -10.2028
new Freshwater mean pheno: -6.83237
-------------------------------
Output1 for generation 34000:

Oceanic mean pheno: 10.0113
Freshwater mean pheno: -10.2338
new Freshwater mean pheno: -6.88741
-------------------------------
Output1 for generation 34100:

Oceanic mean pheno: 10.1533
Freshwater mean pheno: -10.2304
new Freshwater mean pheno: -6.94768
-------------------------------
Output1 for generation 34200:

Oceanic mean pheno: 10.1775
Freshwater mean pheno: -10.2289
new Freshwater mean pheno: -6.96502
-------------------------------
Output1 for generation 34300:

Oceanic mean pheno: 10.1956
Freshwater mean pheno: -10.2419
new Freshwater mean pheno: -6.97416
-------------------------------
Output1 for generation 34400:

Oceanic mean pheno: 10.1619
Freshwater mean pheno: -10.2395
new Freshwater mean pheno: -7.126
-------------------------------
Output1 for generation 34500:

Oceanic mean pheno: 10.0971
Freshwater mean pheno: -10.2128
new Freshwater mean pheno: -7.19815
-------------------------------
Output1 for generation 34600:

Oceanic mean pheno: 10.084
Freshwater mean pheno: -10.2082
new Freshwater mean pheno: -7.33447
-------------------------------
Output1 for generation 34700:

Oceanic mean pheno: 10.1858
Freshwater mean pheno: -10.1832
new Freshwater mean pheno: -7.27264
-------------------------------
Output1 for generation 34800:

Oceanic mean pheno: 10.2521
Freshwater mean pheno: -10.2411
new Freshwater mean pheno: -7.42059
-------------------------------
Output1 for generation 34900:

Oceanic mean pheno: 10.2569
Freshwater mean pheno: -10.2188
new Freshwater mean pheno: -7.65301
-------------------------------
Output1 for generation 35000:

Oceanic mean pheno: 10.1568
Freshwater mean pheno: -10.1909
new Freshwater mean pheno: -7.23282
-------------------------------
Output1 for generation 35100:

Oceanic mean pheno: 10.1417
Freshwater mean pheno: -10.2247
new Freshwater mean pheno: -7.51044
-------------------------------
Output1 for generation 35200:

Oceanic mean pheno: 10.1972
Freshwater mean pheno: -10.2218
new Freshwater mean pheno: -7.34308
-------------------------------
Output1 for generation 35300:

Oceanic mean pheno: 10.1689
Freshwater mean pheno: -10.2202
new Freshwater mean pheno: -7.6271
-------------------------------
Output1 for generation 35400:

Oceanic mean pheno: 10.2711
Freshwater mean pheno: -10.2344
new Freshwater mean pheno: -7.60979
-------------------------------
Output1 for generation 35500:

Oceanic mean pheno: 10.197
Freshwater mean pheno: -10.2063
new Freshwater mean pheno: -7.44826
-------------------------------
Output1 for generation 35600:

Oceanic mean pheno: 10.2682
Freshwater mean pheno: -10.2336
new Freshwater mean pheno: -7.54472
-------------------------------
Output1 for generation 35700:

Oceanic mean pheno: 10.0735
Freshwater mean pheno: -10.2127
new Freshwater mean pheno: -7.39125
-------------------------------
Output1 for generation 35800:

Oceanic mean pheno: 9.99864
Freshwater mean pheno: -10.2392
new Freshwater mean pheno: -7.34417
-------------------------------
Output1 for generation 35900:

Oceanic mean pheno: 9.92121
Freshwater mean pheno: -10.188
new Freshwater mean pheno: -7.59465
-------------------------------
Output1 for generation 36000:

Oceanic mean pheno: 9.95426
Freshwater mean pheno: -10.2004
new Freshwater mean pheno: -7.38015
-------------------------------
Output1 for generation 36100:

Oceanic mean pheno: 9.85776
Freshwater mean pheno: -10.1741
new Freshwater mean pheno: -7.41213
-------------------------------
Output1 for generation 36200:

Oceanic mean pheno: 9.86339
Freshwater mean pheno: -10.1996
new Freshwater mean pheno: -7.30936
-------------------------------
Output1 for generation 36300:

Oceanic mean pheno: 9.93429
Freshwater mean pheno: -10.1794
new Freshwater mean pheno: -7.29086
-------------------------------
Output1 for generation 36400:

Oceanic mean pheno: 9.87554
Freshwater mean pheno: -10.1845
new Freshwater mean pheno: -7.24726
-------------------------------
Output1 for generation 36500:

Oceanic mean pheno: 9.84926
Freshwater mean pheno: -10.1757
new Freshwater mean pheno: -7.69887
-------------------------------
Output1 for generation 36600:

Oceanic mean pheno: 9.84446
Freshwater mean pheno: -10.1435
new Freshwater mean pheno: -7.67164
-------------------------------
Output1 for generation 36700:

Oceanic mean pheno: 9.8482
Freshwater mean pheno: -10.1748
new Freshwater mean pheno: -7.49963
-------------------------------
Output1 for generation 36800:

Oceanic mean pheno: 9.85322
Freshwater mean pheno: -10.1962
new Freshwater mean pheno: -7.77623
-------------------------------
Output1 for generation 36900:

Oceanic mean pheno: 9.86316
Freshwater mean pheno: -10.2153
new Freshwater mean pheno: -7.78512
-------------------------------
Output1 for generation 37000:

Oceanic mean pheno: 9.84052
Freshwater mean pheno: -10.1839
new Freshwater mean pheno: -8.03066
-------------------------------
Output1 for generation 37100:

Oceanic mean pheno: 9.82519
Freshwater mean pheno: -10.1505
new Freshwater mean pheno: -7.9544
-------------------------------
Output1 for generation 37200:

Oceanic mean pheno: 9.83386
Freshwater mean pheno: -10.1916
new Freshwater mean pheno: -7.91026
-------------------------------
Output1 for generation 37300:

Oceanic mean pheno: 9.83717
Freshwater mean pheno: -10.1858
new Freshwater mean pheno: -8.15734
-------------------------------
Output1 for generation 37400:

Oceanic mean pheno: 9.83875
Freshwater mean pheno: -10.1927
new Freshwater mean pheno: -8.17703
-------------------------------
Output1 for generation 37500:

Oceanic mean pheno: 9.84572
Freshwater mean pheno: -10.1675
new Freshwater mean pheno: -8.0345
-------------------------------
Output1 for generation 37600:

Oceanic mean pheno: 9.84661
Freshwater mean pheno: -10.168
new Freshwater mean pheno: -8.09203
-------------------------------
Output1 for generation 37700:

Oceanic mean pheno: 9.8456
Freshwater mean pheno: -10.1871
new Freshwater mean pheno: -8.10553
-------------------------------
Output1 for generation 37800:

Oceanic mean pheno: 9.86082
Freshwater mean pheno: -10.2048
new Freshwater mean pheno: -8.08074
-------------------------------
Output1 for generation 37900:

Oceanic mean pheno: 9.85902
Freshwater mean pheno: -10.2243
new Freshwater mean pheno: -7.99491
-------------------------------
Output1 for generation 38000:

Oceanic mean pheno: 9.89059
Freshwater mean pheno: -10.2249
new Freshwater mean pheno: -8.0081
-------------------------------
Output1 for generation 38100:

Oceanic mean pheno: 9.8717
Freshwater mean pheno: -10.1788
new Freshwater mean pheno: -8.026
-------------------------------
Output1 for generation 38200:

Oceanic mean pheno: 9.86891
Freshwater mean pheno: -10.1061
new Freshwater mean pheno: -8.10163
-------------------------------
Output1 for generation 38300:

Oceanic mean pheno: 9.86018
Freshwater mean pheno: -10.1145
new Freshwater mean pheno: -8.05648
-------------------------------
Output1 for generation 38400:

Oceanic mean pheno: 9.8948
Freshwater mean pheno: -10.172
new Freshwater mean pheno: -8.01684
-------------------------------
Output1 for generation 38500:

Oceanic mean pheno: 9.94451
Freshwater mean pheno: -10.1765
new Freshwater mean pheno: -8.2344
-------------------------------
Output1 for generation 38600:

Oceanic mean pheno: 9.90089
Freshwater mean pheno: -10.1825
new Freshwater mean pheno: -8.22355
-------------------------------
Output1 for generation 38700:

Oceanic mean pheno: 9.89538
Freshwater mean pheno: -10.1955
new Freshwater mean pheno: -8.38087
-------------------------------
Output1 for generation 38800:

Oceanic mean pheno: 9.90094
Freshwater mean pheno: -10.2049
new Freshwater mean pheno: -8.29994
-------------------------------
Output1 for generation 38900:

Oceanic mean pheno: 9.85789
Freshwater mean pheno: -10.2016
new Freshwater mean pheno: -8.27898
-------------------------------
Output1 for generation 39000:

Oceanic mean pheno: 9.85607
Freshwater mean pheno: -10.2069
new Freshwater mean pheno: -8.3056
-------------------------------
Output1 for generation 39100:

Oceanic mean pheno: 9.8292
Freshwater mean pheno: -10.2305
new Freshwater mean pheno: -8.42093
-------------------------------
Output1 for generation 39200:

Oceanic mean pheno: 9.81703
Freshwater mean pheno: -10.236
new Freshwater mean pheno: -8.36299
-------------------------------
Output1 for generation 39300:

Oceanic mean pheno: 9.81501
Freshwater mean pheno: -10.3134
new Freshwater mean pheno: -8.28207
-------------------------------
Output1 for generation 39400:

Oceanic mean pheno: 9.82439
Freshwater mean pheno: -10.3348
new Freshwater mean pheno: -8.42813
-------------------------------
Output1 for generation 39500:

Oceanic mean pheno: 9.82002
Freshwater mean pheno: -10.2906
new Freshwater mean pheno: -8.24078
-------------------------------
Output1 for generation 39600:

Oceanic mean pheno: 9.82028
Freshwater mean pheno: -10.2645
new Freshwater mean pheno: -8.32164
-------------------------------
Output1 for generation 39700:

Oceanic mean pheno: 9.8025
Freshwater mean pheno: -10.1848
new Freshwater mean pheno: -8.15582
-------------------------------
Output1 for generation 39800:

Oceanic mean pheno: 9.82909
Freshwater mean pheno: -10.1988
new Freshwater mean pheno: -8.21429
-------------------------------
Output1 for generation 39900:

Oceanic mean pheno: 9.79668
Freshwater mean pheno: -10.1894
new Freshwater mean pheno: -8.38085
-------------------------------
Output1 for generation 40000:

Oceanic mean pheno: 9.80177
Freshwater mean pheno: -10.2498
new Freshwater mean pheno: -8.21904
elapsed: 3:35:50 / kernel: 2.11 / user: 12955.54 / mem: 318364
Done!
