Task ID  - seed 029494
Parameters for SLiM run:
  -s 029494 MyRecipe5_0_5.E
// Initial random seed:
1510338294658

// RunInitializeCallbacks():
initializeSLiMOptions(dimensionality = 'x');
initializeMutationRate(1e-07);
initializeMutationType(1, 0.5, "g", 0.5, 1);
initializeMutationType(2, 0.5, "g", -0.5, 1);
initializeMutationType(3, 0.5, "f", 0);
initializeMutationType(4, 0.5, "f", 0);
initializeGenomicElementType(1, m3, 1);
initializeGenomicElementType(2, c(m1, m2, m3), c(1, 1, 1));
initializeGenomicElement(g1, 0, 4949);
initializeGenomicElement(g2, 4950, 5049);
initializeGenomicElement(g1, 5050, 9999);
initializeGenomicElement(g1, 10000, 14949);
initializeGenomicElement(g2, 14950, 15049);
initializeGenomicElement(g1, 15050, 19999);
initializeGenomicElement(g1, 20000, 24949);
initializeGenomicElement(g2, 24950, 25049);
initializeGenomicElement(g1, 25050, 29999);
initializeGenomicElement(g1, 30000, 34949);
initializeGenomicElement(g2, 34950, 35049);
initializeGenomicElement(g1, 35050, 39999);
initializeGenomicElement(g1, 40000, 44949);
initializeGenomicElement(g2, 44950, 45049);
initializeGenomicElement(g1, 45050, 49999);
initializeGenomicElement(g1, 50000, 54949);
initializeGenomicElement(g2, 54950, 55049);
initializeGenomicElement(g1, 55050, 59999);
initializeGenomicElement(g1, 60000, 64949);
initializeGenomicElement(g2, 64950, 65049);
initializeGenomicElement(g1, 65050, 69999);
initializeGenomicElement(g1, 70000, 74949);
initializeGenomicElement(g2, 74950, 75049);
initializeGenomicElement(g1, 75050, 79999);
initializeGenomicElement(g1, 80000, 84949);
initializeGenomicElement(g2, 84950, 85049);
initializeGenomicElement(g1, 85050, 89999);
initializeGenomicElement(g1, 90000, 94949);
initializeGenomicElement(g2, 94950, 95049);
initializeGenomicElement(g1, 95050, 99999);
end of chromosome position: 100000
initializeRecombinationRate(0.001);
initializeInteractionType(1, "x", reciprocal=T", maxDistance=0.02);
initializeInteractionType(2, "x", reciprocal=T", maxDistance=1);

// Starting run at generation <start>:
1 

-------------------------------
Output1 for generation 100:

Oceanic mean pheno: 0.034855
Freshwater mean pheno: 0.00163388
-------------------------------
Output1 for generation 200:

Oceanic mean pheno: 0.552154
Freshwater mean pheno: -0.0972998
-------------------------------
Output1 for generation 300:

Oceanic mean pheno: 2.26197
Freshwater mean pheno: -0.052945
-------------------------------
Output1 for generation 400:

Oceanic mean pheno: 2.75061
Freshwater mean pheno: -0.138831
-------------------------------
Output1 for generation 500:

Oceanic mean pheno: 4.5131
Freshwater mean pheno: -0.649725
-------------------------------
Output1 for generation 600:

Oceanic mean pheno: 5.20666
Freshwater mean pheno: -0.904913
-------------------------------
Output1 for generation 700:

Oceanic mean pheno: 5.56138
Freshwater mean pheno: -1.39812
-------------------------------
Output1 for generation 800:

Oceanic mean pheno: 5.63096
Freshwater mean pheno: -1.85939
-------------------------------
Output1 for generation 900:

Oceanic mean pheno: 5.82344
Freshwater mean pheno: -2.46243
-------------------------------
Output1 for generation 1000:

Oceanic mean pheno: 5.82175
Freshwater mean pheno: -3.01372
-------------------------------
Output1 for generation 1100:

Oceanic mean pheno: 5.96339
Freshwater mean pheno: -3.88317
-------------------------------
Output1 for generation 1200:

Oceanic mean pheno: 6.63852
Freshwater mean pheno: -4.98199
-------------------------------
Output1 for generation 1300:

Oceanic mean pheno: 7.07016
Freshwater mean pheno: -5.56186
-------------------------------
Output1 for generation 1400:

Oceanic mean pheno: 7.32701
Freshwater mean pheno: -5.61931
-------------------------------
Output1 for generation 1500:

Oceanic mean pheno: 7.16548
Freshwater mean pheno: -5.74893
-------------------------------
Output1 for generation 1600:

Oceanic mean pheno: 7.39337
Freshwater mean pheno: -6.121
-------------------------------
Output1 for generation 1700:

Oceanic mean pheno: 7.35342
Freshwater mean pheno: -6.58196
-------------------------------
Output1 for generation 1800:

Oceanic mean pheno: 7.7154
Freshwater mean pheno: -6.92346
-------------------------------
Output1 for generation 1900:

Oceanic mean pheno: 7.5965
Freshwater mean pheno: -7.35362
-------------------------------
Output1 for generation 2000:

Oceanic mean pheno: 7.6583
Freshwater mean pheno: -7.20403
-------------------------------
Output1 for generation 2100:

Oceanic mean pheno: 7.90851
Freshwater mean pheno: -7.62032
-------------------------------
Output1 for generation 2200:

Oceanic mean pheno: 8.03361
Freshwater mean pheno: -7.56935
-------------------------------
Output1 for generation 2300:

Oceanic mean pheno: 8.02524
Freshwater mean pheno: -7.72457
-------------------------------
Output1 for generation 2400:

Oceanic mean pheno: 7.99779
Freshwater mean pheno: -8.40991
-------------------------------
Output1 for generation 2500:

Oceanic mean pheno: 7.99235
Freshwater mean pheno: -7.98957
-------------------------------
Output1 for generation 2600:

Oceanic mean pheno: 8.25408
Freshwater mean pheno: -7.66588
-------------------------------
Output1 for generation 2700:

Oceanic mean pheno: 7.57236
Freshwater mean pheno: -7.65447
-------------------------------
Output1 for generation 2800:

Oceanic mean pheno: 8.00637
Freshwater mean pheno: -7.9548
-------------------------------
Output1 for generation 2900:

Oceanic mean pheno: 8.03731
Freshwater mean pheno: -7.95223
-------------------------------
Output1 for generation 3000:

Oceanic mean pheno: 8.03927
Freshwater mean pheno: -7.8086
-------------------------------
Output1 for generation 3100:

Oceanic mean pheno: 8.10314
Freshwater mean pheno: -7.97944
-------------------------------
Output1 for generation 3200:

Oceanic mean pheno: 7.83045
Freshwater mean pheno: -8.28895
-------------------------------
Output1 for generation 3300:

Oceanic mean pheno: 8.1913
Freshwater mean pheno: -8.33132
-------------------------------
Output1 for generation 3400:

Oceanic mean pheno: 8.52312
Freshwater mean pheno: -8.18377
-------------------------------
Output1 for generation 3500:

Oceanic mean pheno: 8.4557
Freshwater mean pheno: -8.67104
-------------------------------
Output1 for generation 3600:

Oceanic mean pheno: 8.40304
Freshwater mean pheno: -8.55065
-------------------------------
Output1 for generation 3700:

Oceanic mean pheno: 8.27488
Freshwater mean pheno: -8.24018
-------------------------------
Output1 for generation 3800:

Oceanic mean pheno: 7.86495
Freshwater mean pheno: -8.30949
-------------------------------
Output1 for generation 3900:

Oceanic mean pheno: 8.38628
Freshwater mean pheno: -8.33767
-------------------------------
Output1 for generation 4000:

Oceanic mean pheno: 8.52812
Freshwater mean pheno: -8.30568
-------------------------------
Output1 for generation 4100:

Oceanic mean pheno: 8.36
Freshwater mean pheno: -8.38972
-------------------------------
Output1 for generation 4200:

Oceanic mean pheno: 8.50182
Freshwater mean pheno: -8.36575
-------------------------------
Output1 for generation 4300:

Oceanic mean pheno: 8.29413
Freshwater mean pheno: -8.26105
-------------------------------
Output1 for generation 4400:

Oceanic mean pheno: 8.41021
Freshwater mean pheno: -8.11654
-------------------------------
Output1 for generation 4500:

Oceanic mean pheno: 8.47836
Freshwater mean pheno: -8.58766
-------------------------------
Output1 for generation 4600:

Oceanic mean pheno: 8.16557
Freshwater mean pheno: -8.15838
-------------------------------
Output1 for generation 4700:

Oceanic mean pheno: 7.99914
Freshwater mean pheno: -8.64719
-------------------------------
Output1 for generation 4800:

Oceanic mean pheno: 8.42054
Freshwater mean pheno: -8.71738
-------------------------------
Output1 for generation 4900:

Oceanic mean pheno: 8.36279
Freshwater mean pheno: -8.53244
-------------------------------
Output1 for generation 5000:

Oceanic mean pheno: 8.35846
Freshwater mean pheno: -8.63901
-------------------------------
Output1 for generation 5100:

Oceanic mean pheno: 8.20884
Freshwater mean pheno: -8.25299
-------------------------------
Output1 for generation 5200:

Oceanic mean pheno: 8.29793
Freshwater mean pheno: -8.34831
-------------------------------
Output1 for generation 5300:

Oceanic mean pheno: 8.01013
Freshwater mean pheno: -8.81356
-------------------------------
Output1 for generation 5400:

Oceanic mean pheno: 8.0575
Freshwater mean pheno: -8.31033
-------------------------------
Output1 for generation 5500:

Oceanic mean pheno: 8.19581
Freshwater mean pheno: -8.52089
-------------------------------
Output1 for generation 5600:

Oceanic mean pheno: 8.19867
Freshwater mean pheno: -8.21125
-------------------------------
Output1 for generation 5700:

Oceanic mean pheno: 8.41529
Freshwater mean pheno: -8.4235
-------------------------------
Output1 for generation 5800:

Oceanic mean pheno: 8.14794
Freshwater mean pheno: -7.95205
-------------------------------
Output1 for generation 5900:

Oceanic mean pheno: 8.17105
Freshwater mean pheno: -8.06713
-------------------------------
Output1 for generation 6000:

Oceanic mean pheno: 8.34616
Freshwater mean pheno: -8.85155
-------------------------------
Output1 for generation 6100:

Oceanic mean pheno: 8.51675
Freshwater mean pheno: -8.39206
-------------------------------
Output1 for generation 6200:

Oceanic mean pheno: 8.45914
Freshwater mean pheno: -8.64435
-------------------------------
Output1 for generation 6300:

Oceanic mean pheno: 8.15344
Freshwater mean pheno: -8.71362
-------------------------------
Output1 for generation 6400:

Oceanic mean pheno: 8.42918
Freshwater mean pheno: -8.29527
-------------------------------
Output1 for generation 6500:

Oceanic mean pheno: 8.31121
Freshwater mean pheno: -8.14504
-------------------------------
Output1 for generation 6600:

Oceanic mean pheno: 8.82814
Freshwater mean pheno: -7.62769
-------------------------------
Output1 for generation 6700:

Oceanic mean pheno: 8.5291
Freshwater mean pheno: -8.22564
-------------------------------
Output1 for generation 6800:

Oceanic mean pheno: 8.5579
Freshwater mean pheno: -8.35157
-------------------------------
Output1 for generation 6900:

Oceanic mean pheno: 8.65974
Freshwater mean pheno: -8.74767
-------------------------------
Output1 for generation 7000:

Oceanic mean pheno: 8.13057
Freshwater mean pheno: -8.32199
-------------------------------
Output1 for generation 7100:

Oceanic mean pheno: 8.43242
Freshwater mean pheno: -8.51731
-------------------------------
Output1 for generation 7200:

Oceanic mean pheno: 8.38392
Freshwater mean pheno: -8.61457
-------------------------------
Output1 for generation 7300:

Oceanic mean pheno: 8.10344
Freshwater mean pheno: -8.49158
-------------------------------
Output1 for generation 7400:

Oceanic mean pheno: 8.65235
Freshwater mean pheno: -8.5352
-------------------------------
Output1 for generation 7500:

Oceanic mean pheno: 8.65154
Freshwater mean pheno: -8.1386
-------------------------------
Output1 for generation 7600:

Oceanic mean pheno: 8.52526
Freshwater mean pheno: -8.36254
-------------------------------
Output1 for generation 7700:

Oceanic mean pheno: 8.57781
Freshwater mean pheno: -8.04353
-------------------------------
Output1 for generation 7800:

Oceanic mean pheno: 8.29647
Freshwater mean pheno: -8.35077
-------------------------------
Output1 for generation 7900:

Oceanic mean pheno: 8.44498
Freshwater mean pheno: -8.39848
-------------------------------
Output1 for generation 8000:

Oceanic mean pheno: 8.5065
Freshwater mean pheno: -8.35294
-------------------------------
Output1 for generation 8100:

Oceanic mean pheno: 8.59523
Freshwater mean pheno: -8.28808
-------------------------------
Output1 for generation 8200:

Oceanic mean pheno: 8.35938
Freshwater mean pheno: -8.17654
-------------------------------
Output1 for generation 8300:

Oceanic mean pheno: 8.18009
Freshwater mean pheno: -8.77019
-------------------------------
Output1 for generation 8400:

Oceanic mean pheno: 8.37794
Freshwater mean pheno: -8.57335
-------------------------------
Output1 for generation 8500:

Oceanic mean pheno: 8.3524
Freshwater mean pheno: -8.57421
-------------------------------
Output1 for generation 8600:

Oceanic mean pheno: 8.84698
Freshwater mean pheno: -8.94185
-------------------------------
Output1 for generation 8700:

Oceanic mean pheno: 8.26272
Freshwater mean pheno: -8.75989
-------------------------------
Output1 for generation 8800:

Oceanic mean pheno: 8.80911
Freshwater mean pheno: -8.85554
-------------------------------
Output1 for generation 8900:

Oceanic mean pheno: 8.82441
Freshwater mean pheno: -8.78511
-------------------------------
Output1 for generation 9000:

Oceanic mean pheno: 8.89334
Freshwater mean pheno: -9.06043
-------------------------------
Output1 for generation 9100:

Oceanic mean pheno: 8.7597
Freshwater mean pheno: -8.78801
-------------------------------
Output1 for generation 9200:

Oceanic mean pheno: 8.89361
Freshwater mean pheno: -8.98353
-------------------------------
Output1 for generation 9300:

Oceanic mean pheno: 9.29169
Freshwater mean pheno: -8.85985
-------------------------------
Output1 for generation 9400:

Oceanic mean pheno: 8.7112
Freshwater mean pheno: -8.76683
-------------------------------
Output1 for generation 9500:

Oceanic mean pheno: 8.66853
Freshwater mean pheno: -8.4647
-------------------------------
Output1 for generation 9600:

Oceanic mean pheno: 8.39401
Freshwater mean pheno: -8.64519
-------------------------------
Output1 for generation 9700:

Oceanic mean pheno: 8.70793
Freshwater mean pheno: -9.00349
-------------------------------
Output1 for generation 9800:

Oceanic mean pheno: 8.6467
Freshwater mean pheno: -8.47951
-------------------------------
Output1 for generation 9900:

Oceanic mean pheno: 8.74289
Freshwater mean pheno: -8.61532
-------------------------------
Output1 for generation 10000:

Oceanic mean pheno: 8.70286
Freshwater mean pheno: -8.75187
-------------------------------
Output1 for generation 10100:

Oceanic mean pheno: 8.6591
Freshwater mean pheno: -8.57172
-------------------------------
Output1 for generation 10200:

Oceanic mean pheno: 8.70188
Freshwater mean pheno: -8.21566
-------------------------------
Output1 for generation 10300:

Oceanic mean pheno: 8.84421
Freshwater mean pheno: -8.66248
-------------------------------
Output1 for generation 10400:

Oceanic mean pheno: 8.492
Freshwater mean pheno: -8.72668
-------------------------------
Output1 for generation 10500:

Oceanic mean pheno: 8.65188
Freshwater mean pheno: -8.77353
-------------------------------
Output1 for generation 10600:

Oceanic mean pheno: 8.74434
Freshwater mean pheno: -8.2508
-------------------------------
Output1 for generation 10700:

Oceanic mean pheno: 8.96746
Freshwater mean pheno: -8.95158
-------------------------------
Output1 for generation 10800:

Oceanic mean pheno: 8.79863
Freshwater mean pheno: -8.90024
-------------------------------
Output1 for generation 10900:

Oceanic mean pheno: 8.4919
Freshwater mean pheno: -8.92098
-------------------------------
Output1 for generation 11000:

Oceanic mean pheno: 8.63905
Freshwater mean pheno: -8.51313
-------------------------------
Output1 for generation 11100:

Oceanic mean pheno: 9.28909
Freshwater mean pheno: -8.44814
-------------------------------
Output1 for generation 11200:

Oceanic mean pheno: 8.33535
Freshwater mean pheno: -8.75538
-------------------------------
Output1 for generation 11300:

Oceanic mean pheno: 8.70052
Freshwater mean pheno: -9.06732
-------------------------------
Output1 for generation 11400:

Oceanic mean pheno: 8.56253
Freshwater mean pheno: -8.91888
-------------------------------
Output1 for generation 11500:

Oceanic mean pheno: 8.62918
Freshwater mean pheno: -8.48214
-------------------------------
Output1 for generation 11600:

Oceanic mean pheno: 8.58631
Freshwater mean pheno: -8.34525
-------------------------------
Output1 for generation 11700:

Oceanic mean pheno: 8.98361
Freshwater mean pheno: -8.67898
-------------------------------
Output1 for generation 11800:

Oceanic mean pheno: 9.08208
Freshwater mean pheno: -8.76973
-------------------------------
Output1 for generation 11900:

Oceanic mean pheno: 8.89415
Freshwater mean pheno: -8.75158
-------------------------------
Output1 for generation 12000:

Oceanic mean pheno: 8.51291
Freshwater mean pheno: -8.55822
-------------------------------
Output1 for generation 12100:

Oceanic mean pheno: 8.43258
Freshwater mean pheno: -8.78892
-------------------------------
Output1 for generation 12200:

Oceanic mean pheno: 8.76941
Freshwater mean pheno: -8.79224
-------------------------------
Output1 for generation 12300:

Oceanic mean pheno: 8.62791
Freshwater mean pheno: -8.78803
-------------------------------
Output1 for generation 12400:

Oceanic mean pheno: 8.58273
Freshwater mean pheno: -8.66144
-------------------------------
Output1 for generation 12500:

Oceanic mean pheno: 8.95162
Freshwater mean pheno: -8.56863
-------------------------------
Output1 for generation 12600:

Oceanic mean pheno: 8.77301
Freshwater mean pheno: -8.61042
-------------------------------
Output1 for generation 12700:

Oceanic mean pheno: 8.7295
Freshwater mean pheno: -8.50211
-------------------------------
Output1 for generation 12800:

Oceanic mean pheno: 8.66806
Freshwater mean pheno: -8.58326
-------------------------------
Output1 for generation 12900:

Oceanic mean pheno: 8.54594
Freshwater mean pheno: -9.00835
-------------------------------
Output1 for generation 13000:

Oceanic mean pheno: 9.01524
Freshwater mean pheno: -8.49408
-------------------------------
Output1 for generation 13100:

Oceanic mean pheno: 8.86189
Freshwater mean pheno: -8.49965
-------------------------------
Output1 for generation 13200:

Oceanic mean pheno: 8.50592
Freshwater mean pheno: -8.41855
-------------------------------
Output1 for generation 13300:

Oceanic mean pheno: 8.50298
Freshwater mean pheno: -8.32602
-------------------------------
Output1 for generation 13400:

Oceanic mean pheno: 8.67513
Freshwater mean pheno: -8.29521
-------------------------------
Output1 for generation 13500:

Oceanic mean pheno: 8.96189
Freshwater mean pheno: -8.52819
-------------------------------
Output1 for generation 13600:

Oceanic mean pheno: 8.76605
Freshwater mean pheno: -8.66554
-------------------------------
Output1 for generation 13700:

Oceanic mean pheno: 8.58961
Freshwater mean pheno: -8.77556
-------------------------------
Output1 for generation 13800:

Oceanic mean pheno: 8.84199
Freshwater mean pheno: -9.27416
-------------------------------
Output1 for generation 13900:

Oceanic mean pheno: 8.75979
Freshwater mean pheno: -8.43064
-------------------------------
Output1 for generation 14000:

Oceanic mean pheno: 8.77253
Freshwater mean pheno: -8.63363
-------------------------------
Output1 for generation 14100:

Oceanic mean pheno: 8.55859
Freshwater mean pheno: -8.46332
-------------------------------
Output1 for generation 14200:

Oceanic mean pheno: 8.57031
Freshwater mean pheno: -8.55317
-------------------------------
Output1 for generation 14300:

Oceanic mean pheno: 8.77676
Freshwater mean pheno: -8.61047
-------------------------------
Output1 for generation 14400:

Oceanic mean pheno: 8.57187
Freshwater mean pheno: -8.70543
-------------------------------
Output1 for generation 14500:

Oceanic mean pheno: 8.56507
Freshwater mean pheno: -8.59096
-------------------------------
Output1 for generation 14600:

Oceanic mean pheno: 9.00341
Freshwater mean pheno: -8.57273
-------------------------------
Output1 for generation 14700:

Oceanic mean pheno: 8.72787
Freshwater mean pheno: -8.8795
-------------------------------
Output1 for generation 14800:

Oceanic mean pheno: 8.67064
Freshwater mean pheno: -8.51196
-------------------------------
Output1 for generation 14900:

Oceanic mean pheno: 8.80977
Freshwater mean pheno: -8.79553
-------------------------------
Output1 for generation 15000:

Oceanic mean pheno: 8.89282
Freshwater mean pheno: -8.73029
-------------------------------
Output1 for generation 15100:

Oceanic mean pheno: 8.37404
Freshwater mean pheno: -8.71904
-------------------------------
Output1 for generation 15200:

Oceanic mean pheno: 8.76694
Freshwater mean pheno: -9.04052
-------------------------------
Output1 for generation 15300:

Oceanic mean pheno: 8.87904
Freshwater mean pheno: -8.45719
-------------------------------
Output1 for generation 15400:

Oceanic mean pheno: 8.67371
Freshwater mean pheno: -8.48858
-------------------------------
Output1 for generation 15500:

Oceanic mean pheno: 9.04715
Freshwater mean pheno: -8.92433
-------------------------------
Output1 for generation 15600:

Oceanic mean pheno: 8.75676
Freshwater mean pheno: -8.34333
-------------------------------
Output1 for generation 15700:

Oceanic mean pheno: 9.12476
Freshwater mean pheno: -8.84396
-------------------------------
Output1 for generation 15800:

Oceanic mean pheno: 9.20391
Freshwater mean pheno: -8.67532
-------------------------------
Output1 for generation 15900:

Oceanic mean pheno: 9.19627
Freshwater mean pheno: -8.33698
-------------------------------
Output1 for generation 16000:

Oceanic mean pheno: 8.88767
Freshwater mean pheno: -8.70279
-------------------------------
Output1 for generation 16100:

Oceanic mean pheno: 8.97503
Freshwater mean pheno: -8.48312
-------------------------------
Output1 for generation 16200:

Oceanic mean pheno: 9.10296
Freshwater mean pheno: -8.33331
-------------------------------
Output1 for generation 16300:

Oceanic mean pheno: 9.22159
Freshwater mean pheno: -8.8825
-------------------------------
Output1 for generation 16400:

Oceanic mean pheno: 9.14126
Freshwater mean pheno: -8.95909
-------------------------------
Output1 for generation 16500:

Oceanic mean pheno: 8.9169
Freshwater mean pheno: -8.78349
-------------------------------
Output1 for generation 16600:

Oceanic mean pheno: 9.03963
Freshwater mean pheno: -8.76292
-------------------------------
Output1 for generation 16700:

Oceanic mean pheno: 9.40757
Freshwater mean pheno: -8.92756
-------------------------------
Output1 for generation 16800:

Oceanic mean pheno: 9.09672
Freshwater mean pheno: -8.8145
-------------------------------
Output1 for generation 16900:

Oceanic mean pheno: 8.91362
Freshwater mean pheno: -8.48549
-------------------------------
Output1 for generation 17000:

Oceanic mean pheno: 8.98292
Freshwater mean pheno: -8.47085
-------------------------------
Output1 for generation 17100:

Oceanic mean pheno: 9.42695
Freshwater mean pheno: -8.98859
-------------------------------
Output1 for generation 17200:

Oceanic mean pheno: 8.86262
Freshwater mean pheno: -9.54297
-------------------------------
Output1 for generation 17300:

Oceanic mean pheno: 9.30344
Freshwater mean pheno: -8.51166
-------------------------------
Output1 for generation 17400:

Oceanic mean pheno: 8.95783
Freshwater mean pheno: -8.32748
-------------------------------
Output1 for generation 17500:

Oceanic mean pheno: 8.97953
Freshwater mean pheno: -8.43756
-------------------------------
Output1 for generation 17600:

Oceanic mean pheno: 9.40628
Freshwater mean pheno: -8.18151
-------------------------------
Output1 for generation 17700:

Oceanic mean pheno: 9.10087
Freshwater mean pheno: -8.35413
-------------------------------
Output1 for generation 17800:

Oceanic mean pheno: 8.82325
Freshwater mean pheno: -8.78076
-------------------------------
Output1 for generation 17900:

Oceanic mean pheno: 8.86212
Freshwater mean pheno: -8.73235
-------------------------------
Output1 for generation 18000:

Oceanic mean pheno: 9.06657
Freshwater mean pheno: -8.42153
-------------------------------
Output1 for generation 18100:

Oceanic mean pheno: 8.55678
Freshwater mean pheno: -8.28485
-------------------------------
Output1 for generation 18200:

Oceanic mean pheno: 9.07382
Freshwater mean pheno: -8.66756
-------------------------------
Output1 for generation 18300:

Oceanic mean pheno: 9.35453
Freshwater mean pheno: -8.8002
-------------------------------
Output1 for generation 18400:

Oceanic mean pheno: 9.32588
Freshwater mean pheno: -9.04527
-------------------------------
Output1 for generation 18500:

Oceanic mean pheno: 9.35056
Freshwater mean pheno: -9.42411
-------------------------------
Output1 for generation 18600:

Oceanic mean pheno: 8.92296
Freshwater mean pheno: -8.90835
-------------------------------
Output1 for generation 18700:

Oceanic mean pheno: 8.8791
Freshwater mean pheno: -8.7765
-------------------------------
Output1 for generation 18800:

Oceanic mean pheno: 9.15119
Freshwater mean pheno: -8.43959
-------------------------------
Output1 for generation 18900:

Oceanic mean pheno: 9.09805
Freshwater mean pheno: -9.03416
-------------------------------
Output1 for generation 19000:

Oceanic mean pheno: 9.16479
Freshwater mean pheno: -8.98221
-------------------------------
Output1 for generation 19100:

Oceanic mean pheno: 9.18979
Freshwater mean pheno: -8.66922
-------------------------------
Output1 for generation 19200:

Oceanic mean pheno: 9.10459
Freshwater mean pheno: -8.08233
-------------------------------
Output1 for generation 19300:

Oceanic mean pheno: 8.8023
Freshwater mean pheno: -8.92949
-------------------------------
Output1 for generation 19400:

Oceanic mean pheno: 9.11631
Freshwater mean pheno: -8.87227
-------------------------------
Output1 for generation 19500:

Oceanic mean pheno: 9.45126
Freshwater mean pheno: -8.66346
-------------------------------
Output1 for generation 19600:

Oceanic mean pheno: 9.14926
Freshwater mean pheno: -8.58487
-------------------------------
Output1 for generation 19700:

Oceanic mean pheno: 9.39564
Freshwater mean pheno: -8.74554
-------------------------------
Output1 for generation 19800:

Oceanic mean pheno: 9.16033
Freshwater mean pheno: -9.18223
-------------------------------
Output1 for generation 19900:

Oceanic mean pheno: 8.90109
Freshwater mean pheno: -9.13454
-------------------------------
Output1 for generation 20000:

Oceanic mean pheno: 8.99742
Freshwater mean pheno: -8.82232
new Freshwater mean pheno: 8.97699
-------------------------------
Output1 for generation 20100:

Oceanic mean pheno: 8.35173
Freshwater mean pheno: -8.69348
new Freshwater mean pheno: -8.94147
-------------------------------
Output1 for generation 20200:

Oceanic mean pheno: 8.38407
Freshwater mean pheno: -8.79993
new Freshwater mean pheno: -9.4563
-------------------------------
Output1 for generation 20300:

Oceanic mean pheno: 8.19077
Freshwater mean pheno: -9.07282
new Freshwater mean pheno: -9.37639
-------------------------------
Output1 for generation 20400:

Oceanic mean pheno: 8.1629
Freshwater mean pheno: -8.8233
new Freshwater mean pheno: -9.34945
-------------------------------
Output1 for generation 20500:

Oceanic mean pheno: 8.11192
Freshwater mean pheno: -8.78435
new Freshwater mean pheno: -9.32602
-------------------------------
Output1 for generation 20600:

Oceanic mean pheno: 8.0022
Freshwater mean pheno: -8.79369
new Freshwater mean pheno: -8.6806
-------------------------------
Output1 for generation 20700:

Oceanic mean pheno: 7.90581
Freshwater mean pheno: -8.61039
new Freshwater mean pheno: -8.88358
-------------------------------
Output1 for generation 20800:

Oceanic mean pheno: 7.89184
Freshwater mean pheno: -8.66258
new Freshwater mean pheno: -9.25583
-------------------------------
Output1 for generation 20900:

Oceanic mean pheno: 8.15511
Freshwater mean pheno: -8.72903
new Freshwater mean pheno: -8.83141
-------------------------------
Output1 for generation 21000:

Oceanic mean pheno: 8.32647
Freshwater mean pheno: -9.01454
new Freshwater mean pheno: -8.94793
-------------------------------
Output1 for generation 21100:

Oceanic mean pheno: 8.47917
Freshwater mean pheno: -8.45095
new Freshwater mean pheno: -9.10205
-------------------------------
Output1 for generation 21200:

Oceanic mean pheno: 8.25761
Freshwater mean pheno: -8.71904
new Freshwater mean pheno: -8.89223
-------------------------------
Output1 for generation 21300:

Oceanic mean pheno: 8.25332
Freshwater mean pheno: -8.6474
new Freshwater mean pheno: -8.5843
-------------------------------
Output1 for generation 21400:

Oceanic mean pheno: 8.41434
Freshwater mean pheno: -8.95588
new Freshwater mean pheno: -8.30126
-------------------------------
Output1 for generation 21500:

Oceanic mean pheno: 8.21849
Freshwater mean pheno: -8.84235
new Freshwater mean pheno: -9.00768
-------------------------------
Output1 for generation 21600:

Oceanic mean pheno: 8.22683
Freshwater mean pheno: -8.7102
new Freshwater mean pheno: -8.98203
-------------------------------
Output1 for generation 21700:

Oceanic mean pheno: 8.70634
Freshwater mean pheno: -8.98175
new Freshwater mean pheno: -8.99027
-------------------------------
Output1 for generation 21800:

Oceanic mean pheno: 8.32932
Freshwater mean pheno: -9.54997
new Freshwater mean pheno: -8.70439
-------------------------------
Output1 for generation 21900:

Oceanic mean pheno: 8.36487
Freshwater mean pheno: -9.19508
new Freshwater mean pheno: -8.58
-------------------------------
Output1 for generation 22000:

Oceanic mean pheno: 7.9194
Freshwater mean pheno: -9.10951
new Freshwater mean pheno: -9.61645
-------------------------------
Output1 for generation 22100:

Oceanic mean pheno: 7.91305
Freshwater mean pheno: -8.94868
new Freshwater mean pheno: -8.8831
-------------------------------
Output1 for generation 22200:

Oceanic mean pheno: 7.97525
Freshwater mean pheno: -8.95243
new Freshwater mean pheno: -8.92156
-------------------------------
Output1 for generation 22300:

Oceanic mean pheno: 7.87099
Freshwater mean pheno: -8.73362
new Freshwater mean pheno: -9.25797
-------------------------------
Output1 for generation 22400:

Oceanic mean pheno: 7.75781
Freshwater mean pheno: -9.16893
new Freshwater mean pheno: -8.92492
-------------------------------
Output1 for generation 22500:

Oceanic mean pheno: 7.72365
Freshwater mean pheno: -8.81503
new Freshwater mean pheno: -8.8842
-------------------------------
Output1 for generation 22600:

Oceanic mean pheno: 7.75935
Freshwater mean pheno: -9.02613
new Freshwater mean pheno: -9.09241
-------------------------------
Output1 for generation 22700:

Oceanic mean pheno: 7.75693
Freshwater mean pheno: -8.88472
new Freshwater mean pheno: -8.7324
-------------------------------
Output1 for generation 22800:

Oceanic mean pheno: 7.90833
Freshwater mean pheno: -8.73666
new Freshwater mean pheno: -8.74434
-------------------------------
Output1 for generation 22900:

Oceanic mean pheno: 7.40885
Freshwater mean pheno: -9.09211
new Freshwater mean pheno: -8.80514
-------------------------------
Output1 for generation 23000:

Oceanic mean pheno: 7.68137
Freshwater mean pheno: -9.69821
new Freshwater mean pheno: -8.38529
-------------------------------
Output1 for generation 23100:

Oceanic mean pheno: 7.67481
Freshwater mean pheno: -9.11354
new Freshwater mean pheno: -8.60033
-------------------------------
Output1 for generation 23200:

Oceanic mean pheno: 7.96481
Freshwater mean pheno: -9.10975
new Freshwater mean pheno: -8.76201
-------------------------------
Output1 for generation 23300:

Oceanic mean pheno: 7.94093
Freshwater mean pheno: -8.90427
new Freshwater mean pheno: -9.23854
-------------------------------
Output1 for generation 23400:

Oceanic mean pheno: 7.82698
Freshwater mean pheno: -9.1065
new Freshwater mean pheno: -9.07468
-------------------------------
Output1 for generation 23500:

Oceanic mean pheno: 7.7983
Freshwater mean pheno: -8.82773
new Freshwater mean pheno: -8.43134
-------------------------------
Output1 for generation 23600:

Oceanic mean pheno: 7.87923
Freshwater mean pheno: -9.12162
new Freshwater mean pheno: -8.72779
-------------------------------
Output1 for generation 23700:

Oceanic mean pheno: 8.11349
Freshwater mean pheno: -8.89913
new Freshwater mean pheno: -8.88321
-------------------------------
Output1 for generation 23800:

Oceanic mean pheno: 7.92446
Freshwater mean pheno: -8.83853
new Freshwater mean pheno: -8.74609
-------------------------------
Output1 for generation 23900:

Oceanic mean pheno: 7.92123
Freshwater mean pheno: -8.69663
new Freshwater mean pheno: -9.10828
-------------------------------
Output1 for generation 24000:

Oceanic mean pheno: 8.00237
Freshwater mean pheno: -9.16064
new Freshwater mean pheno: -8.61141
-------------------------------
Output1 for generation 24100:

Oceanic mean pheno: 7.28481
Freshwater mean pheno: -8.53906
new Freshwater mean pheno: -8.28461
-------------------------------
Output1 for generation 24200:

Oceanic mean pheno: 8.2343
Freshwater mean pheno: -8.88716
new Freshwater mean pheno: -8.51876
-------------------------------
Output1 for generation 24300:

Oceanic mean pheno: 7.97542
Freshwater mean pheno: -8.43633
new Freshwater mean pheno: -9.07718
-------------------------------
Output1 for generation 24400:

Oceanic mean pheno: 8.09673
Freshwater mean pheno: -8.91991
new Freshwater mean pheno: -8.68139
-------------------------------
Output1 for generation 24500:

Oceanic mean pheno: 7.75255
Freshwater mean pheno: -8.85302
new Freshwater mean pheno: -9.22709
-------------------------------
Output1 for generation 24600:

Oceanic mean pheno: 8.06338
Freshwater mean pheno: -9.12028
new Freshwater mean pheno: -9.26387
-------------------------------
Output1 for generation 24700:

Oceanic mean pheno: 7.82842
Freshwater mean pheno: -8.9119
new Freshwater mean pheno: -8.92405
-------------------------------
Output1 for generation 24800:

Oceanic mean pheno: 8.01192
Freshwater mean pheno: -8.63816
new Freshwater mean pheno: -8.90927
-------------------------------
Output1 for generation 24900:

Oceanic mean pheno: 8.0637
Freshwater mean pheno: -8.89523
new Freshwater mean pheno: -9.11533
-------------------------------
Output1 for generation 25000:

Oceanic mean pheno: 8.75376
Freshwater mean pheno: -8.7848
new Freshwater mean pheno: -9.47146
-------------------------------
Output1 for generation 25100:

Oceanic mean pheno: 8.09667
Freshwater mean pheno: -8.90178
new Freshwater mean pheno: -8.90877
-------------------------------
Output1 for generation 25200:

Oceanic mean pheno: 7.95309
Freshwater mean pheno: -8.6452
new Freshwater mean pheno: -8.66826
-------------------------------
Output1 for generation 25300:

Oceanic mean pheno: 8.73158
Freshwater mean pheno: -9.4651
new Freshwater mean pheno: -9.15133
-------------------------------
Output1 for generation 25400:

Oceanic mean pheno: 8.31826
Freshwater mean pheno: -8.83394
new Freshwater mean pheno: -8.96145
-------------------------------
Output1 for generation 25500:

Oceanic mean pheno: 8.80235
Freshwater mean pheno: -8.72961
new Freshwater mean pheno: -9.45787
-------------------------------
Output1 for generation 25600:

Oceanic mean pheno: 8.76842
Freshwater mean pheno: -9.12342
new Freshwater mean pheno: -9.18067
-------------------------------
Output1 for generation 25700:

Oceanic mean pheno: 8.62124
Freshwater mean pheno: -9.2637
new Freshwater mean pheno: -9.31248
-------------------------------
Output1 for generation 25800:

Oceanic mean pheno: 8.65443
Freshwater mean pheno: -9.33886
new Freshwater mean pheno: -9.06162
-------------------------------
Output1 for generation 25900:

Oceanic mean pheno: 9.23957
Freshwater mean pheno: -9.32293
new Freshwater mean pheno: -9.78669
-------------------------------
Output1 for generation 26000:

Oceanic mean pheno: 8.5158
Freshwater mean pheno: -9.12553
new Freshwater mean pheno: -9.27935
-------------------------------
Output1 for generation 26100:

Oceanic mean pheno: 8.86606
Freshwater mean pheno: -8.77978
new Freshwater mean pheno: -9.21952
-------------------------------
Output1 for generation 26200:

Oceanic mean pheno: 8.62673
Freshwater mean pheno: -9.14573
new Freshwater mean pheno: -9.09174
-------------------------------
Output1 for generation 26300:

Oceanic mean pheno: 9.30789
Freshwater mean pheno: -9.35391
new Freshwater mean pheno: -8.97367
-------------------------------
Output1 for generation 26400:

Oceanic mean pheno: 8.95367
Freshwater mean pheno: -8.58277
new Freshwater mean pheno: -9.4135
-------------------------------
Output1 for generation 26500:

Oceanic mean pheno: 8.79861
Freshwater mean pheno: -8.79387
new Freshwater mean pheno: -8.92938
-------------------------------
Output1 for generation 26600:

Oceanic mean pheno: 8.90413
Freshwater mean pheno: -8.67496
new Freshwater mean pheno: -8.91815
-------------------------------
Output1 for generation 26700:

Oceanic mean pheno: 8.90098
Freshwater mean pheno: -9.4255
new Freshwater mean pheno: -9.29583
-------------------------------
Output1 for generation 26800:

Oceanic mean pheno: 8.5584
Freshwater mean pheno: -9.55566
new Freshwater mean pheno: -9.80268
-------------------------------
Output1 for generation 26900:

Oceanic mean pheno: 9.15445
Freshwater mean pheno: -8.84203
new Freshwater mean pheno: -8.74492
-------------------------------
Output1 for generation 27000:

Oceanic mean pheno: 8.27381
Freshwater mean pheno: -9.32689
new Freshwater mean pheno: -9.22428
-------------------------------
Output1 for generation 27100:

Oceanic mean pheno: 9.01284
Freshwater mean pheno: -8.97154
new Freshwater mean pheno: -8.93937
-------------------------------
Output1 for generation 27200:

Oceanic mean pheno: 9.05414
Freshwater mean pheno: -9.34302
new Freshwater mean pheno: -8.83774
-------------------------------
Output1 for generation 27300:

Oceanic mean pheno: 7.99123
Freshwater mean pheno: -9.13072
new Freshwater mean pheno: -8.70144
-------------------------------
Output1 for generation 27400:

Oceanic mean pheno: 9.08867
Freshwater mean pheno: -9.21729
new Freshwater mean pheno: -8.89952
-------------------------------
Output1 for generation 27500:

Oceanic mean pheno: 8.91805
Freshwater mean pheno: -9.29572
new Freshwater mean pheno: -9.39547
-------------------------------
Output1 for generation 27600:

Oceanic mean pheno: 8.21678
Freshwater mean pheno: -9.10552
new Freshwater mean pheno: -9.51064
-------------------------------
Output1 for generation 27700:

Oceanic mean pheno: 8.70362
Freshwater mean pheno: -8.30464
new Freshwater mean pheno: -9.58763
-------------------------------
Output1 for generation 27800:

Oceanic mean pheno: 8.33917
Freshwater mean pheno: -8.46266
new Freshwater mean pheno: -9.06934
-------------------------------
Output1 for generation 27900:

Oceanic mean pheno: 8.26299
Freshwater mean pheno: -8.52566
new Freshwater mean pheno: -8.9339
-------------------------------
Output1 for generation 28000:

Oceanic mean pheno: 8.86275
Freshwater mean pheno: -8.83634
new Freshwater mean pheno: -8.92787
-------------------------------
Output1 for generation 28100:

Oceanic mean pheno: 8.60113
Freshwater mean pheno: -8.9882
new Freshwater mean pheno: -9.04394
-------------------------------
Output1 for generation 28200:

Oceanic mean pheno: 8.19904
Freshwater mean pheno: -9.24593
new Freshwater mean pheno: -9.22277
-------------------------------
Output1 for generation 28300:

Oceanic mean pheno: 8.66905
Freshwater mean pheno: -8.8734
new Freshwater mean pheno: -9.33198
-------------------------------
Output1 for generation 28400:

Oceanic mean pheno: 8.96917
Freshwater mean pheno: -9.23351
new Freshwater mean pheno: -9.22851
-------------------------------
Output1 for generation 28500:

Oceanic mean pheno: 8.7207
Freshwater mean pheno: -9.42147
new Freshwater mean pheno: -9.13777
-------------------------------
Output1 for generation 28600:

Oceanic mean pheno: 8.75132
Freshwater mean pheno: -9.31539
new Freshwater mean pheno: -8.8993
-------------------------------
Output1 for generation 28700:

Oceanic mean pheno: 8.88341
Freshwater mean pheno: -9.45619
new Freshwater mean pheno: -8.82372
-------------------------------
Output1 for generation 28800:

Oceanic mean pheno: 8.30748
Freshwater mean pheno: -9.23574
new Freshwater mean pheno: -9.14731
-------------------------------
Output1 for generation 28900:

Oceanic mean pheno: 8.66877
Freshwater mean pheno: -9.2683
new Freshwater mean pheno: -8.97795
-------------------------------
Output1 for generation 29000:

Oceanic mean pheno: 8.92798
Freshwater mean pheno: -9.13623
new Freshwater mean pheno: -8.74506
-------------------------------
Output1 for generation 29100:

Oceanic mean pheno: 8.51143
Freshwater mean pheno: -9.30704
new Freshwater mean pheno: -9.15725
-------------------------------
Output1 for generation 29200:

Oceanic mean pheno: 8.87669
Freshwater mean pheno: -9.25497
new Freshwater mean pheno: -8.85717
-------------------------------
Output1 for generation 29300:

Oceanic mean pheno: 8.38048
Freshwater mean pheno: -9.11156
new Freshwater mean pheno: -9.697
-------------------------------
Output1 for generation 29400:

Oceanic mean pheno: 8.83034
Freshwater mean pheno: -9.31191
new Freshwater mean pheno: -9.1124
-------------------------------
Output1 for generation 29500:

Oceanic mean pheno: 8.41807
Freshwater mean pheno: -8.90451
new Freshwater mean pheno: -9.1706
-------------------------------
Output1 for generation 29600:

Oceanic mean pheno: 8.37474
Freshwater mean pheno: -8.51963
new Freshwater mean pheno: -8.95294
-------------------------------
Output1 for generation 29700:

Oceanic mean pheno: 9.04848
Freshwater mean pheno: -9.08222
new Freshwater mean pheno: -9.16824
-------------------------------
Output1 for generation 29800:

Oceanic mean pheno: 8.7712
Freshwater mean pheno: -9.17022
new Freshwater mean pheno: -9.10946
-------------------------------
Output1 for generation 29900:

Oceanic mean pheno: 8.45649
Freshwater mean pheno: -9.40883
new Freshwater mean pheno: -9.04289
-------------------------------
Output1 for generation 30000:

Oceanic mean pheno: 8.90824
Freshwater mean pheno: -9.51869
new Freshwater mean pheno: -8.99438
-------------------------------
Output1 for generation 30100:

Oceanic mean pheno: 8.86234
Freshwater mean pheno: -9.27031
new Freshwater mean pheno: -9.0679
-------------------------------
Output1 for generation 30200:

Oceanic mean pheno: 8.92142
Freshwater mean pheno: -9.27637
new Freshwater mean pheno: -8.98829
-------------------------------
Output1 for generation 30300:

Oceanic mean pheno: 8.87019
Freshwater mean pheno: -9.29747
new Freshwater mean pheno: -8.72482
-------------------------------
Output1 for generation 30400:

Oceanic mean pheno: 8.73217
Freshwater mean pheno: -8.77238
new Freshwater mean pheno: -8.67689
-------------------------------
Output1 for generation 30500:

Oceanic mean pheno: 9.0092
Freshwater mean pheno: -8.38727
new Freshwater mean pheno: -8.93402
-------------------------------
Output1 for generation 30600:

Oceanic mean pheno: 8.65989
Freshwater mean pheno: -9.08235
new Freshwater mean pheno: -9.31148
-------------------------------
Output1 for generation 30700:

Oceanic mean pheno: 9.28078
Freshwater mean pheno: -9.18603
new Freshwater mean pheno: -9.40528
-------------------------------
Output1 for generation 30800:

Oceanic mean pheno: 8.76345
Freshwater mean pheno: -9.2051
new Freshwater mean pheno: -9.2198
-------------------------------
Output1 for generation 30900:

Oceanic mean pheno: 8.96389
Freshwater mean pheno: -9.35418
new Freshwater mean pheno: -9.09393
-------------------------------
Output1 for generation 31000:

Oceanic mean pheno: 8.8269
Freshwater mean pheno: -8.87688
new Freshwater mean pheno: -9.50373
-------------------------------
Output1 for generation 31100:

Oceanic mean pheno: 8.74278
Freshwater mean pheno: -9.13708
new Freshwater mean pheno: -8.93459
-------------------------------
Output1 for generation 31200:

Oceanic mean pheno: 8.58307
Freshwater mean pheno: -8.96868
new Freshwater mean pheno: -9.19859
-------------------------------
Output1 for generation 31300:

Oceanic mean pheno: 8.50674
Freshwater mean pheno: -8.78513
new Freshwater mean pheno: -8.56913
-------------------------------
Output1 for generation 31400:

Oceanic mean pheno: 8.81497
Freshwater mean pheno: -9.34344
new Freshwater mean pheno: -9.22644
-------------------------------
Output1 for generation 31500:

Oceanic mean pheno: 9.04719
Freshwater mean pheno: -9.16272
new Freshwater mean pheno: -8.86731
-------------------------------
Output1 for generation 31600:

Oceanic mean pheno: 8.96676
Freshwater mean pheno: -8.71776
new Freshwater mean pheno: -9.17422
-------------------------------
Output1 for generation 31700:

Oceanic mean pheno: 8.65299
Freshwater mean pheno: -9.3321
new Freshwater mean pheno: -9.0059
-------------------------------
Output1 for generation 31800:

Oceanic mean pheno: 9.1224
Freshwater mean pheno: -8.68707
new Freshwater mean pheno: -8.84181
-------------------------------
Output1 for generation 31900:

Oceanic mean pheno: 8.7247
Freshwater mean pheno: -9.30817
new Freshwater mean pheno: -9.17353
-------------------------------
Output1 for generation 32000:

Oceanic mean pheno: 8.54627
Freshwater mean pheno: -8.96494
new Freshwater mean pheno: -8.36639
-------------------------------
Output1 for generation 32100:

Oceanic mean pheno: 8.76911
Freshwater mean pheno: -9.33253
new Freshwater mean pheno: -9.25413
-------------------------------
Output1 for generation 32200:

Oceanic mean pheno: 9.15343
Freshwater mean pheno: -9.14454
new Freshwater mean pheno: -9.37257
-------------------------------
Output1 for generation 32300:

Oceanic mean pheno: 9.0166
Freshwater mean pheno: -8.89912
new Freshwater mean pheno: -9.06596
-------------------------------
Output1 for generation 32400:

Oceanic mean pheno: 8.92569
Freshwater mean pheno: -8.8802
new Freshwater mean pheno: -9.35761
-------------------------------
Output1 for generation 32500:

Oceanic mean pheno: 8.41168
Freshwater mean pheno: -9.19702
new Freshwater mean pheno: -8.623
-------------------------------
Output1 for generation 32600:

Oceanic mean pheno: 8.64467
Freshwater mean pheno: -9.16505
new Freshwater mean pheno: -9.01707
-------------------------------
Output1 for generation 32700:

Oceanic mean pheno: 9.00899
Freshwater mean pheno: -8.91866
new Freshwater mean pheno: -8.81701
-------------------------------
Output1 for generation 32800:

Oceanic mean pheno: 8.67698
Freshwater mean pheno: -9.05224
new Freshwater mean pheno: -8.95425
-------------------------------
Output1 for generation 32900:

Oceanic mean pheno: 8.65321
Freshwater mean pheno: -9.44585
new Freshwater mean pheno: -9.15513
-------------------------------
Output1 for generation 33000:

Oceanic mean pheno: 8.48602
Freshwater mean pheno: -9.29146
new Freshwater mean pheno: -9.72162
-------------------------------
Output1 for generation 33100:

Oceanic mean pheno: 8.90523
Freshwater mean pheno: -9.31453
new Freshwater mean pheno: -9.23102
-------------------------------
Output1 for generation 33200:

Oceanic mean pheno: 8.41664
Freshwater mean pheno: -8.92587
new Freshwater mean pheno: -9.20114
-------------------------------
Output1 for generation 33300:

Oceanic mean pheno: 8.82764
Freshwater mean pheno: -9.17786
new Freshwater mean pheno: -8.97847
-------------------------------
Output1 for generation 33400:

Oceanic mean pheno: 8.85828
Freshwater mean pheno: -9.25138
new Freshwater mean pheno: -8.78328
-------------------------------
Output1 for generation 33500:

Oceanic mean pheno: 8.71138
Freshwater mean pheno: -9.30383
new Freshwater mean pheno: -9.12892
-------------------------------
Output1 for generation 33600:

Oceanic mean pheno: 8.32877
Freshwater mean pheno: -8.77889
new Freshwater mean pheno: -8.89235
-------------------------------
Output1 for generation 33700:

Oceanic mean pheno: 8.43808
Freshwater mean pheno: -8.91276
new Freshwater mean pheno: -9.08944
-------------------------------
Output1 for generation 33800:

Oceanic mean pheno: 8.7321
Freshwater mean pheno: -8.97131
new Freshwater mean pheno: -9.04291
-------------------------------
Output1 for generation 33900:

Oceanic mean pheno: 8.63869
Freshwater mean pheno: -8.95445
new Freshwater mean pheno: -8.94971
-------------------------------
Output1 for generation 34000:

Oceanic mean pheno: 8.65004
Freshwater mean pheno: -9.0828
new Freshwater mean pheno: -8.98072
-------------------------------
Output1 for generation 34100:

Oceanic mean pheno: 9.20774
Freshwater mean pheno: -9.02921
new Freshwater mean pheno: -9.22416
-------------------------------
Output1 for generation 34200:

Oceanic mean pheno: 8.47091
Freshwater mean pheno: -9.35188
new Freshwater mean pheno: -9.16726
-------------------------------
Output1 for generation 34300:

Oceanic mean pheno: 8.80132
Freshwater mean pheno: -9.23045
new Freshwater mean pheno: -8.88923
-------------------------------
Output1 for generation 34400:

Oceanic mean pheno: 8.91957
Freshwater mean pheno: -8.9516
new Freshwater mean pheno: -8.97381
-------------------------------
Output1 for generation 34500:

Oceanic mean pheno: 8.46665
Freshwater mean pheno: -8.82987
new Freshwater mean pheno: -9.1623
-------------------------------
Output1 for generation 34600:

Oceanic mean pheno: 8.74194
Freshwater mean pheno: -9.28912
new Freshwater mean pheno: -8.95495
-------------------------------
Output1 for generation 34700:

Oceanic mean pheno: 8.56209
Freshwater mean pheno: -9.60136
new Freshwater mean pheno: -8.78753
-------------------------------
Output1 for generation 34800:

Oceanic mean pheno: 9.08163
Freshwater mean pheno: -9.62361
new Freshwater mean pheno: -8.59976
-------------------------------
Output1 for generation 34900:

Oceanic mean pheno: 8.79844
Freshwater mean pheno: -9.23803
new Freshwater mean pheno: -8.96126
-------------------------------
Output1 for generation 35000:

Oceanic mean pheno: 8.70882
Freshwater mean pheno: -8.78456
new Freshwater mean pheno: -8.93691
-------------------------------
Output1 for generation 35100:

Oceanic mean pheno: 8.56041
Freshwater mean pheno: -8.97243
new Freshwater mean pheno: -9.06253
-------------------------------
Output1 for generation 35200:

Oceanic mean pheno: 8.63878
Freshwater mean pheno: -9.16793
new Freshwater mean pheno: -8.98617
-------------------------------
Output1 for generation 35300:

Oceanic mean pheno: 8.77484
Freshwater mean pheno: -8.99837
new Freshwater mean pheno: -9.77482
-------------------------------
Output1 for generation 35400:

Oceanic mean pheno: 8.80719
Freshwater mean pheno: -8.85216
new Freshwater mean pheno: -9.06275
-------------------------------
Output1 for generation 35500:

Oceanic mean pheno: 8.84966
Freshwater mean pheno: -9.35328
new Freshwater mean pheno: -9.37079
-------------------------------
Output1 for generation 35600:

Oceanic mean pheno: 8.81821
Freshwater mean pheno: -9.1747
new Freshwater mean pheno: -8.78024
-------------------------------
Output1 for generation 35700:

Oceanic mean pheno: 8.78571
Freshwater mean pheno: -8.99793
new Freshwater mean pheno: -8.85615
-------------------------------
Output1 for generation 35800:

Oceanic mean pheno: 8.92645
Freshwater mean pheno: -9.40144
new Freshwater mean pheno: -8.86223
-------------------------------
Output1 for generation 35900:

Oceanic mean pheno: 8.76171
Freshwater mean pheno: -9.31122
new Freshwater mean pheno: -8.78984
-------------------------------
Output1 for generation 36000:

Oceanic mean pheno: 8.71949
Freshwater mean pheno: -9.34202
new Freshwater mean pheno: -9.1181
-------------------------------
Output1 for generation 36100:

Oceanic mean pheno: 8.90847
Freshwater mean pheno: -9.64507
new Freshwater mean pheno: -8.84804
-------------------------------
Output1 for generation 36200:

Oceanic mean pheno: 8.80208
Freshwater mean pheno: -9.2637
new Freshwater mean pheno: -9.18849
-------------------------------
Output1 for generation 36300:

Oceanic mean pheno: 8.28763
Freshwater mean pheno: -8.93009
new Freshwater mean pheno: -8.83566
-------------------------------
Output1 for generation 36400:

Oceanic mean pheno: 8.78041
Freshwater mean pheno: -8.89394
new Freshwater mean pheno: -8.96316
-------------------------------
Output1 for generation 36500:

Oceanic mean pheno: 8.83249
Freshwater mean pheno: -9.12619
new Freshwater mean pheno: -8.66553
-------------------------------
Output1 for generation 36600:

Oceanic mean pheno: 8.47569
Freshwater mean pheno: -9.05031
new Freshwater mean pheno: -8.63964
-------------------------------
Output1 for generation 36700:

Oceanic mean pheno: 8.73415
Freshwater mean pheno: -9.22362
new Freshwater mean pheno: -8.9749
-------------------------------
Output1 for generation 36800:

Oceanic mean pheno: 8.53374
Freshwater mean pheno: -9.28736
new Freshwater mean pheno: -9.3561
-------------------------------
Output1 for generation 36900:

Oceanic mean pheno: 8.58369
Freshwater mean pheno: -9.2373
new Freshwater mean pheno: -9.02328
-------------------------------
Output1 for generation 37000:

Oceanic mean pheno: 8.76284
Freshwater mean pheno: -9.24231
new Freshwater mean pheno: -9.26528
-------------------------------
Output1 for generation 37100:

Oceanic mean pheno: 7.95443
Freshwater mean pheno: -9.45887
new Freshwater mean pheno: -9.47803
-------------------------------
Output1 for generation 37200:

Oceanic mean pheno: 8.33755
Freshwater mean pheno: -9.05136
new Freshwater mean pheno: -9.25218
-------------------------------
Output1 for generation 37300:

Oceanic mean pheno: 8.51755
Freshwater mean pheno: -8.91566
new Freshwater mean pheno: -9.04182
-------------------------------
Output1 for generation 37400:

Oceanic mean pheno: 7.82172
Freshwater mean pheno: -8.95567
new Freshwater mean pheno: -9.45631
-------------------------------
Output1 for generation 37500:

Oceanic mean pheno: 8.1848
Freshwater mean pheno: -9.3223
new Freshwater mean pheno: -9.09211
-------------------------------
Output1 for generation 37600:

Oceanic mean pheno: 8.10749
Freshwater mean pheno: -8.86529
new Freshwater mean pheno: -9.55645
-------------------------------
Output1 for generation 37700:

Oceanic mean pheno: 8.32238
Freshwater mean pheno: -9.24577
new Freshwater mean pheno: -9.44724
-------------------------------
Output1 for generation 37800:

Oceanic mean pheno: 8.20083
Freshwater mean pheno: -9.09679
new Freshwater mean pheno: -9.01876
-------------------------------
Output1 for generation 37900:

Oceanic mean pheno: 8.04708
Freshwater mean pheno: -9.05567
new Freshwater mean pheno: -9.15357
-------------------------------
Output1 for generation 38000:

Oceanic mean pheno: 8.08667
Freshwater mean pheno: -9.13447
new Freshwater mean pheno: -9.15898
-------------------------------
Output1 for generation 38100:

Oceanic mean pheno: 8.39091
Freshwater mean pheno: -9.59347
new Freshwater mean pheno: -9.01891
-------------------------------
Output1 for generation 38200:

Oceanic mean pheno: 8.15831
Freshwater mean pheno: -9.34085
new Freshwater mean pheno: -8.87741
-------------------------------
Output1 for generation 38300:

Oceanic mean pheno: 8.36967
Freshwater mean pheno: -9.27465
new Freshwater mean pheno: -9.14773
-------------------------------
Output1 for generation 38400:

Oceanic mean pheno: 8.21732
Freshwater mean pheno: -8.91956
new Freshwater mean pheno: -8.89045
-------------------------------
Output1 for generation 38500:

Oceanic mean pheno: 8.156
Freshwater mean pheno: -9.1577
new Freshwater mean pheno: -8.93987
-------------------------------
Output1 for generation 38600:

Oceanic mean pheno: 8.67395
Freshwater mean pheno: -9.21706
new Freshwater mean pheno: -9.00138
-------------------------------
Output1 for generation 38700:

Oceanic mean pheno: 8.24043
Freshwater mean pheno: -9.41564
new Freshwater mean pheno: -9.18524
-------------------------------
Output1 for generation 38800:

Oceanic mean pheno: 8.51592
Freshwater mean pheno: -9.42018
new Freshwater mean pheno: -8.48943
-------------------------------
Output1 for generation 38900:

Oceanic mean pheno: 8.76109
Freshwater mean pheno: -8.57627
new Freshwater mean pheno: -8.6632
-------------------------------
Output1 for generation 39000:

Oceanic mean pheno: 7.92483
Freshwater mean pheno: -8.94041
new Freshwater mean pheno: -8.58672
-------------------------------
Output1 for generation 39100:

Oceanic mean pheno: 8.30178
Freshwater mean pheno: -8.87794
new Freshwater mean pheno: -8.47883
-------------------------------
Output1 for generation 39200:

Oceanic mean pheno: 7.99496
Freshwater mean pheno: -8.88599
new Freshwater mean pheno: -8.81568
-------------------------------
Output1 for generation 39300:

Oceanic mean pheno: 8.18413
Freshwater mean pheno: -9.00357
new Freshwater mean pheno: -8.4875
-------------------------------
Output1 for generation 39400:

Oceanic mean pheno: 8.15603
Freshwater mean pheno: -8.86054
new Freshwater mean pheno: -8.93762
-------------------------------
Output1 for generation 39500:

Oceanic mean pheno: 8.22288
Freshwater mean pheno: -8.88323
new Freshwater mean pheno: -9.19574
-------------------------------
Output1 for generation 39600:

Oceanic mean pheno: 8.19983
Freshwater mean pheno: -8.79372
new Freshwater mean pheno: -9.29694
-------------------------------
Output1 for generation 39700:

Oceanic mean pheno: 8.31503
Freshwater mean pheno: -8.95687
new Freshwater mean pheno: -9.00762
-------------------------------
Output1 for generation 39800:

Oceanic mean pheno: 8.03124
Freshwater mean pheno: -9.10589
new Freshwater mean pheno: -8.56353
-------------------------------
Output1 for generation 39900:

Oceanic mean pheno: 8.26129
Freshwater mean pheno: -8.81306
new Freshwater mean pheno: -8.82905
-------------------------------
Output1 for generation 40000:

Oceanic mean pheno: 8.0013
Freshwater mean pheno: -8.91867
new Freshwater mean pheno: -8.8235
elapsed: 3:34:08 / kernel: 3.09 / user: 12852.78 / mem: 256532
Done!
