Task ID  - seed 006663
Parameters for SLiM run:
  -s 006663 MyRecipe5_0_5.E
// Initial random seed:
1508949430779

// RunInitializeCallbacks():
initializeSLiMOptions(dimensionality = 'x');
initializeMutationRate(1e-07);
initializeMutationType(1, 0.5, "g", 0.5, 1);
initializeMutationType(2, 0.5, "g", -0.5, 1);
initializeMutationType(3, 0.5, "f", 0);
initializeMutationType(4, 0.5, "f", 0);
initializeGenomicElementType(1, m3, 1);
initializeGenomicElementType(2, c(m1, m2, m3), c(1, 1, 1));
initializeGenomicElement(g1, 0, 4949);
initializeGenomicElement(g2, 4950, 5049);
initializeGenomicElement(g1, 5050, 9999);
initializeGenomicElement(g1, 10000, 14949);
initializeGenomicElement(g2, 14950, 15049);
initializeGenomicElement(g1, 15050, 19999);
initializeGenomicElement(g1, 20000, 24949);
initializeGenomicElement(g2, 24950, 25049);
initializeGenomicElement(g1, 25050, 29999);
initializeGenomicElement(g1, 30000, 34949);
initializeGenomicElement(g2, 34950, 35049);
initializeGenomicElement(g1, 35050, 39999);
initializeGenomicElement(g1, 40000, 44949);
initializeGenomicElement(g2, 44950, 45049);
initializeGenomicElement(g1, 45050, 49999);
initializeGenomicElement(g1, 50000, 54949);
initializeGenomicElement(g2, 54950, 55049);
initializeGenomicElement(g1, 55050, 59999);
initializeGenomicElement(g1, 60000, 64949);
initializeGenomicElement(g2, 64950, 65049);
initializeGenomicElement(g1, 65050, 69999);
initializeGenomicElement(g1, 70000, 74949);
initializeGenomicElement(g2, 74950, 75049);
initializeGenomicElement(g1, 75050, 79999);
initializeGenomicElement(g1, 80000, 84949);
initializeGenomicElement(g2, 84950, 85049);
initializeGenomicElement(g1, 85050, 89999);
initializeGenomicElement(g1, 90000, 94949);
initializeGenomicElement(g2, 94950, 95049);
initializeGenomicElement(g1, 95050, 99999);
end of chromosome position: 100000
initializeRecombinationRate(0.001);
initializeInteractionType(1, "x", reciprocal=T", maxDistance=0.02);
initializeInteractionType(2, "x", reciprocal=T", maxDistance=1);

// Starting run at generation <start>:
1 

-------------------------------
Output1 for generation 100:

Oceanic mean pheno: 7.48603e-05
Freshwater mean pheno: 0.000434493
-------------------------------
Output1 for generation 200:

Oceanic mean pheno: 0.000320027
Freshwater mean pheno: -0.000291097
-------------------------------
Output1 for generation 300:

Oceanic mean pheno: -0.026566
Freshwater mean pheno: -0.188301
-------------------------------
Output1 for generation 400:

Oceanic mean pheno: -0.0393773
Freshwater mean pheno: -0.315841
-------------------------------
Output1 for generation 500:

Oceanic mean pheno: -0.0238009
Freshwater mean pheno: -0.525813
-------------------------------
Output1 for generation 600:

Oceanic mean pheno: 0.315084
Freshwater mean pheno: -0.916368
-------------------------------
Output1 for generation 700:

Oceanic mean pheno: 1.52191
Freshwater mean pheno: -1.04376
-------------------------------
Output1 for generation 800:

Oceanic mean pheno: 2.03358
Freshwater mean pheno: -1.26249
-------------------------------
Output1 for generation 900:

Oceanic mean pheno: 2.27722
Freshwater mean pheno: -1.8365
-------------------------------
Output1 for generation 1000:

Oceanic mean pheno: 4.56529
Freshwater mean pheno: -2.22086
-------------------------------
Output1 for generation 1100:

Oceanic mean pheno: 5.17015
Freshwater mean pheno: -2.34604
-------------------------------
Output1 for generation 1200:

Oceanic mean pheno: 5.51484
Freshwater mean pheno: -2.38254
-------------------------------
Output1 for generation 1300:

Oceanic mean pheno: 5.71769
Freshwater mean pheno: -2.7347
-------------------------------
Output1 for generation 1400:

Oceanic mean pheno: 5.77087
Freshwater mean pheno: -3.20742
-------------------------------
Output1 for generation 1500:

Oceanic mean pheno: 6.1281
Freshwater mean pheno: -3.6103
-------------------------------
Output1 for generation 1600:

Oceanic mean pheno: 6.3745
Freshwater mean pheno: -3.74764
-------------------------------
Output1 for generation 1700:

Oceanic mean pheno: 6.40797
Freshwater mean pheno: -3.72894
-------------------------------
Output1 for generation 1800:

Oceanic mean pheno: 7.18296
Freshwater mean pheno: -3.84622
-------------------------------
Output1 for generation 1900:

Oceanic mean pheno: 8.07181
Freshwater mean pheno: -4.56642
-------------------------------
Output1 for generation 2000:

Oceanic mean pheno: 8.5581
Freshwater mean pheno: -5.15771
-------------------------------
Output1 for generation 2100:

Oceanic mean pheno: 8.66436
Freshwater mean pheno: -6.23881
-------------------------------
Output1 for generation 2200:

Oceanic mean pheno: 8.71563
Freshwater mean pheno: -6.36109
-------------------------------
Output1 for generation 2300:

Oceanic mean pheno: 8.39058
Freshwater mean pheno: -6.68164
-------------------------------
Output1 for generation 2400:

Oceanic mean pheno: 8.46897
Freshwater mean pheno: -6.84454
-------------------------------
Output1 for generation 2500:

Oceanic mean pheno: 8.57471
Freshwater mean pheno: -7.07149
-------------------------------
Output1 for generation 2600:

Oceanic mean pheno: 8.46061
Freshwater mean pheno: -7.02898
-------------------------------
Output1 for generation 2700:

Oceanic mean pheno: 8.54536
Freshwater mean pheno: -7.18827
-------------------------------
Output1 for generation 2800:

Oceanic mean pheno: 8.25326
Freshwater mean pheno: -6.99577
-------------------------------
Output1 for generation 2900:

Oceanic mean pheno: 8.45718
Freshwater mean pheno: -6.98032
-------------------------------
Output1 for generation 3000:

Oceanic mean pheno: 9.07326
Freshwater mean pheno: -7.45309
-------------------------------
Output1 for generation 3100:

Oceanic mean pheno: 8.4985
Freshwater mean pheno: -7.79553
-------------------------------
Output1 for generation 3200:

Oceanic mean pheno: 8.82229
Freshwater mean pheno: -8.12689
-------------------------------
Output1 for generation 3300:

Oceanic mean pheno: 8.90966
Freshwater mean pheno: -8.15915
-------------------------------
Output1 for generation 3400:

Oceanic mean pheno: 8.79784
Freshwater mean pheno: -8.61934
-------------------------------
Output1 for generation 3500:

Oceanic mean pheno: 8.96787
Freshwater mean pheno: -8.94461
-------------------------------
Output1 for generation 3600:

Oceanic mean pheno: 9.19159
Freshwater mean pheno: -8.46344
-------------------------------
Output1 for generation 3700:

Oceanic mean pheno: 8.68065
Freshwater mean pheno: -8.60786
-------------------------------
Output1 for generation 3800:

Oceanic mean pheno: 8.84105
Freshwater mean pheno: -8.62052
-------------------------------
Output1 for generation 3900:

Oceanic mean pheno: 9.12256
Freshwater mean pheno: -8.59042
-------------------------------
Output1 for generation 4000:

Oceanic mean pheno: 9.0241
Freshwater mean pheno: -8.65128
-------------------------------
Output1 for generation 4100:

Oceanic mean pheno: 9.18407
Freshwater mean pheno: -8.5225
-------------------------------
Output1 for generation 4200:

Oceanic mean pheno: 9.04743
Freshwater mean pheno: -8.37796
-------------------------------
Output1 for generation 4300:

Oceanic mean pheno: 9.0026
Freshwater mean pheno: -8.37886
-------------------------------
Output1 for generation 4400:

Oceanic mean pheno: 8.73356
Freshwater mean pheno: -8.53461
-------------------------------
Output1 for generation 4500:

Oceanic mean pheno: 8.83114
Freshwater mean pheno: -8.46896
-------------------------------
Output1 for generation 4600:

Oceanic mean pheno: 8.82157
Freshwater mean pheno: -8.36409
-------------------------------
Output1 for generation 4700:

Oceanic mean pheno: 8.84323
Freshwater mean pheno: -8.13677
-------------------------------
Output1 for generation 4800:

Oceanic mean pheno: 8.99542
Freshwater mean pheno: -8.27347
-------------------------------
Output1 for generation 4900:

Oceanic mean pheno: 9.10437
Freshwater mean pheno: -8.53296
-------------------------------
Output1 for generation 5000:

Oceanic mean pheno: 8.97589
Freshwater mean pheno: -8.45061
-------------------------------
Output1 for generation 5100:

Oceanic mean pheno: 9.15317
Freshwater mean pheno: -8.41435
-------------------------------
Output1 for generation 5200:

Oceanic mean pheno: 8.75435
Freshwater mean pheno: -8.61606
-------------------------------
Output1 for generation 5300:

Oceanic mean pheno: 9.01115
Freshwater mean pheno: -8.61094
-------------------------------
Output1 for generation 5400:

Oceanic mean pheno: 9.12342
Freshwater mean pheno: -8.36698
-------------------------------
Output1 for generation 5500:

Oceanic mean pheno: 8.93241
Freshwater mean pheno: -8.51028
-------------------------------
Output1 for generation 5600:

Oceanic mean pheno: 8.71342
Freshwater mean pheno: -8.59143
-------------------------------
Output1 for generation 5700:

Oceanic mean pheno: 9.17644
Freshwater mean pheno: -8.54566
-------------------------------
Output1 for generation 5800:

Oceanic mean pheno: 9.22547
Freshwater mean pheno: -8.24127
-------------------------------
Output1 for generation 5900:

Oceanic mean pheno: 8.91306
Freshwater mean pheno: -8.91625
-------------------------------
Output1 for generation 6000:

Oceanic mean pheno: 9.44946
Freshwater mean pheno: -8.38695
-------------------------------
Output1 for generation 6100:

Oceanic mean pheno: 9.08034
Freshwater mean pheno: -8.78012
-------------------------------
Output1 for generation 6200:

Oceanic mean pheno: 9.15631
Freshwater mean pheno: -8.95342
-------------------------------
Output1 for generation 6300:

Oceanic mean pheno: 9.04098
Freshwater mean pheno: -8.97861
-------------------------------
Output1 for generation 6400:

Oceanic mean pheno: 8.68633
Freshwater mean pheno: -8.84665
-------------------------------
Output1 for generation 6500:

Oceanic mean pheno: 8.91163
Freshwater mean pheno: -8.58441
-------------------------------
Output1 for generation 6600:

Oceanic mean pheno: 8.63671
Freshwater mean pheno: -8.61914
-------------------------------
Output1 for generation 6700:

Oceanic mean pheno: 9.07612
Freshwater mean pheno: -8.71909
-------------------------------
Output1 for generation 6800:

Oceanic mean pheno: 8.71732
Freshwater mean pheno: -8.7388
-------------------------------
Output1 for generation 6900:

Oceanic mean pheno: 8.74195
Freshwater mean pheno: -8.7991
-------------------------------
Output1 for generation 7000:

Oceanic mean pheno: 9.24912
Freshwater mean pheno: -9.10075
-------------------------------
Output1 for generation 7100:

Oceanic mean pheno: 9.07352
Freshwater mean pheno: -9.14288
-------------------------------
Output1 for generation 7200:

Oceanic mean pheno: 9.23581
Freshwater mean pheno: -9.02445
-------------------------------
Output1 for generation 7300:

Oceanic mean pheno: 9.03432
Freshwater mean pheno: -8.60456
-------------------------------
Output1 for generation 7400:

Oceanic mean pheno: 9.07153
Freshwater mean pheno: -8.51636
-------------------------------
Output1 for generation 7500:

Oceanic mean pheno: 9.01177
Freshwater mean pheno: -8.73131
-------------------------------
Output1 for generation 7600:

Oceanic mean pheno: 9.31795
Freshwater mean pheno: -9.1189
-------------------------------
Output1 for generation 7700:

Oceanic mean pheno: 9.99212
Freshwater mean pheno: -8.62903
-------------------------------
Output1 for generation 7800:

Oceanic mean pheno: 8.94426
Freshwater mean pheno: -8.61624
-------------------------------
Output1 for generation 7900:

Oceanic mean pheno: 9.40501
Freshwater mean pheno: -8.38766
-------------------------------
Output1 for generation 8000:

Oceanic mean pheno: 9.05903
Freshwater mean pheno: -8.28102
-------------------------------
Output1 for generation 8100:

Oceanic mean pheno: 9.29125
Freshwater mean pheno: -8.20867
-------------------------------
Output1 for generation 8200:

Oceanic mean pheno: 9.30378
Freshwater mean pheno: -8.10016
-------------------------------
Output1 for generation 8300:

Oceanic mean pheno: 9.38873
Freshwater mean pheno: -8.23324
-------------------------------
Output1 for generation 8400:

Oceanic mean pheno: 9.04701
Freshwater mean pheno: -8.80819
-------------------------------
Output1 for generation 8500:

Oceanic mean pheno: 9.27225
Freshwater mean pheno: -8.86452
-------------------------------
Output1 for generation 8600:

Oceanic mean pheno: 8.9827
Freshwater mean pheno: -8.85157
-------------------------------
Output1 for generation 8700:

Oceanic mean pheno: 9.62763
Freshwater mean pheno: -8.80735
-------------------------------
Output1 for generation 8800:

Oceanic mean pheno: 8.74918
Freshwater mean pheno: -8.78288
-------------------------------
Output1 for generation 8900:

Oceanic mean pheno: 9.31301
Freshwater mean pheno: -8.63105
-------------------------------
Output1 for generation 9000:

Oceanic mean pheno: 9.34739
Freshwater mean pheno: -8.86505
-------------------------------
Output1 for generation 9100:

Oceanic mean pheno: 9.25883
Freshwater mean pheno: -8.55416
-------------------------------
Output1 for generation 9200:

Oceanic mean pheno: 9.36633
Freshwater mean pheno: -8.46172
-------------------------------
Output1 for generation 9300:

Oceanic mean pheno: 8.9142
Freshwater mean pheno: -8.66613
-------------------------------
Output1 for generation 9400:

Oceanic mean pheno: 9.6602
Freshwater mean pheno: -8.416
-------------------------------
Output1 for generation 9500:

Oceanic mean pheno: 9.84642
Freshwater mean pheno: -8.44922
-------------------------------
Output1 for generation 9600:

Oceanic mean pheno: 9.40666
Freshwater mean pheno: -8.47537
-------------------------------
Output1 for generation 9700:

Oceanic mean pheno: 9.46583
Freshwater mean pheno: -8.43809
-------------------------------
Output1 for generation 9800:

Oceanic mean pheno: 9.52522
Freshwater mean pheno: -8.82455
-------------------------------
Output1 for generation 9900:

Oceanic mean pheno: 9.64588
Freshwater mean pheno: -8.99156
-------------------------------
Output1 for generation 10000:

Oceanic mean pheno: 9.24049
Freshwater mean pheno: -8.96979
-------------------------------
Output1 for generation 10100:

Oceanic mean pheno: 9.30769
Freshwater mean pheno: -8.87182
-------------------------------
Output1 for generation 10200:

Oceanic mean pheno: 9.0428
Freshwater mean pheno: -9.03568
-------------------------------
Output1 for generation 10300:

Oceanic mean pheno: 8.94345
Freshwater mean pheno: -8.62985
-------------------------------
Output1 for generation 10400:

Oceanic mean pheno: 8.85789
Freshwater mean pheno: -9.06217
-------------------------------
Output1 for generation 10500:

Oceanic mean pheno: 9.29022
Freshwater mean pheno: -9.22963
-------------------------------
Output1 for generation 10600:

Oceanic mean pheno: 9.22262
Freshwater mean pheno: -8.96073
-------------------------------
Output1 for generation 10700:

Oceanic mean pheno: 9.34085
Freshwater mean pheno: -9.17696
-------------------------------
Output1 for generation 10800:

Oceanic mean pheno: 9.36607
Freshwater mean pheno: -9.22064
-------------------------------
Output1 for generation 10900:

Oceanic mean pheno: 9.6152
Freshwater mean pheno: -8.88554
-------------------------------
Output1 for generation 11000:

Oceanic mean pheno: 9.2911
Freshwater mean pheno: -8.94649
-------------------------------
Output1 for generation 11100:

Oceanic mean pheno: 9.42889
Freshwater mean pheno: -8.93636
-------------------------------
Output1 for generation 11200:

Oceanic mean pheno: 9.55367
Freshwater mean pheno: -8.60236
-------------------------------
Output1 for generation 11300:

Oceanic mean pheno: 9.45718
Freshwater mean pheno: -9.14873
-------------------------------
Output1 for generation 11400:

Oceanic mean pheno: 9.26914
Freshwater mean pheno: -8.60795
-------------------------------
Output1 for generation 11500:

Oceanic mean pheno: 9.22229
Freshwater mean pheno: -8.77111
-------------------------------
Output1 for generation 11600:

Oceanic mean pheno: 9.57396
Freshwater mean pheno: -8.78249
-------------------------------
Output1 for generation 11700:

Oceanic mean pheno: 9.39254
Freshwater mean pheno: -9.15101
-------------------------------
Output1 for generation 11800:

Oceanic mean pheno: 9.43348
Freshwater mean pheno: -8.85958
-------------------------------
Output1 for generation 11900:

Oceanic mean pheno: 9.25102
Freshwater mean pheno: -8.98943
-------------------------------
Output1 for generation 12000:

Oceanic mean pheno: 9.28314
Freshwater mean pheno: -9.02285
-------------------------------
Output1 for generation 12100:

Oceanic mean pheno: 9.12877
Freshwater mean pheno: -8.91384
-------------------------------
Output1 for generation 12200:

Oceanic mean pheno: 9.4979
Freshwater mean pheno: -8.84845
-------------------------------
Output1 for generation 12300:

Oceanic mean pheno: 9.33811
Freshwater mean pheno: -9.34357
-------------------------------
Output1 for generation 12400:

Oceanic mean pheno: 9.36385
Freshwater mean pheno: -9.07578
-------------------------------
Output1 for generation 12500:

Oceanic mean pheno: 9.21775
Freshwater mean pheno: -8.94195
-------------------------------
Output1 for generation 12600:

Oceanic mean pheno: 9.43289
Freshwater mean pheno: -8.73513
-------------------------------
Output1 for generation 12700:

Oceanic mean pheno: 9.49801
Freshwater mean pheno: -8.78727
-------------------------------
Output1 for generation 12800:

Oceanic mean pheno: 9.34305
Freshwater mean pheno: -8.68777
-------------------------------
Output1 for generation 12900:

Oceanic mean pheno: 9.04838
Freshwater mean pheno: -8.91695
-------------------------------
Output1 for generation 13000:

Oceanic mean pheno: 9.27357
Freshwater mean pheno: -8.67506
-------------------------------
Output1 for generation 13100:

Oceanic mean pheno: 9.30323
Freshwater mean pheno: -9.08507
-------------------------------
Output1 for generation 13200:

Oceanic mean pheno: 9.01963
Freshwater mean pheno: -8.95912
-------------------------------
Output1 for generation 13300:

Oceanic mean pheno: 9.45325
Freshwater mean pheno: -8.9161
-------------------------------
Output1 for generation 13400:

Oceanic mean pheno: 9.24311
Freshwater mean pheno: -8.64909
-------------------------------
Output1 for generation 13500:

Oceanic mean pheno: 9.25471
Freshwater mean pheno: -8.63209
-------------------------------
Output1 for generation 13600:

Oceanic mean pheno: 9.18442
Freshwater mean pheno: -8.89964
-------------------------------
Output1 for generation 13700:

Oceanic mean pheno: 9.12582
Freshwater mean pheno: -8.82928
-------------------------------
Output1 for generation 13800:

Oceanic mean pheno: 8.77135
Freshwater mean pheno: -8.86472
-------------------------------
Output1 for generation 13900:

Oceanic mean pheno: 8.82694
Freshwater mean pheno: -8.97901
-------------------------------
Output1 for generation 14000:

Oceanic mean pheno: 8.90336
Freshwater mean pheno: -8.83669
-------------------------------
Output1 for generation 14100:

Oceanic mean pheno: 9.15416
Freshwater mean pheno: -8.99191
-------------------------------
Output1 for generation 14200:

Oceanic mean pheno: 9.37867
Freshwater mean pheno: -9.10445
-------------------------------
Output1 for generation 14300:

Oceanic mean pheno: 9.07589
Freshwater mean pheno: -8.66329
-------------------------------
Output1 for generation 14400:

Oceanic mean pheno: 8.89605
Freshwater mean pheno: -8.96103
-------------------------------
Output1 for generation 14500:

Oceanic mean pheno: 9.48126
Freshwater mean pheno: -8.84581
-------------------------------
Output1 for generation 14600:

Oceanic mean pheno: 9.37488
Freshwater mean pheno: -8.68356
-------------------------------
Output1 for generation 14700:

Oceanic mean pheno: 9.4614
Freshwater mean pheno: -9.17528
-------------------------------
Output1 for generation 14800:

Oceanic mean pheno: 8.99512
Freshwater mean pheno: -9.06413
-------------------------------
Output1 for generation 14900:

Oceanic mean pheno: 9.18708
Freshwater mean pheno: -8.56585
-------------------------------
Output1 for generation 15000:

Oceanic mean pheno: 8.9443
Freshwater mean pheno: -8.79451
-------------------------------
Output1 for generation 15100:

Oceanic mean pheno: 8.93549
Freshwater mean pheno: -8.5985
-------------------------------
Output1 for generation 15200:

Oceanic mean pheno: 8.76027
Freshwater mean pheno: -9.11397
-------------------------------
Output1 for generation 15300:

Oceanic mean pheno: 9.1899
Freshwater mean pheno: -8.76189
-------------------------------
Output1 for generation 15400:

Oceanic mean pheno: 9.19641
Freshwater mean pheno: -9.05753
-------------------------------
Output1 for generation 15500:

Oceanic mean pheno: 9.10252
Freshwater mean pheno: -9.40536
-------------------------------
Output1 for generation 15600:

Oceanic mean pheno: 9.11316
Freshwater mean pheno: -9.59594
-------------------------------
Output1 for generation 15700:

Oceanic mean pheno: 9.08327
Freshwater mean pheno: -9.29075
-------------------------------
Output1 for generation 15800:

Oceanic mean pheno: 9.37543
Freshwater mean pheno: -9.57393
-------------------------------
Output1 for generation 15900:

Oceanic mean pheno: 9.59836
Freshwater mean pheno: -9.33082
-------------------------------
Output1 for generation 16000:

Oceanic mean pheno: 9.32327
Freshwater mean pheno: -8.87372
-------------------------------
Output1 for generation 16100:

Oceanic mean pheno: 9.00422
Freshwater mean pheno: -9.03582
-------------------------------
Output1 for generation 16200:

Oceanic mean pheno: 9.41473
Freshwater mean pheno: -8.96174
-------------------------------
Output1 for generation 16300:

Oceanic mean pheno: 9.45234
Freshwater mean pheno: -8.81141
-------------------------------
Output1 for generation 16400:

Oceanic mean pheno: 8.87594
Freshwater mean pheno: -8.81548
-------------------------------
Output1 for generation 16500:

Oceanic mean pheno: 9.12289
Freshwater mean pheno: -8.97725
-------------------------------
Output1 for generation 16600:

Oceanic mean pheno: 9.24544
Freshwater mean pheno: -8.81958
-------------------------------
Output1 for generation 16700:

Oceanic mean pheno: 9.24131
Freshwater mean pheno: -9.2884
-------------------------------
Output1 for generation 16800:

Oceanic mean pheno: 8.99141
Freshwater mean pheno: -8.81247
-------------------------------
Output1 for generation 16900:

Oceanic mean pheno: 8.93888
Freshwater mean pheno: -9.10529
-------------------------------
Output1 for generation 17000:

Oceanic mean pheno: 9.01025
Freshwater mean pheno: -8.97994
-------------------------------
Output1 for generation 17100:

Oceanic mean pheno: 8.99758
Freshwater mean pheno: -9.17196
-------------------------------
Output1 for generation 17200:

Oceanic mean pheno: 9.20656
Freshwater mean pheno: -8.86733
-------------------------------
Output1 for generation 17300:

Oceanic mean pheno: 8.87706
Freshwater mean pheno: -9.42853
-------------------------------
Output1 for generation 17400:

Oceanic mean pheno: 9.0019
Freshwater mean pheno: -9.12919
-------------------------------
Output1 for generation 17500:

Oceanic mean pheno: 8.95182
Freshwater mean pheno: -8.98
-------------------------------
Output1 for generation 17600:

Oceanic mean pheno: 8.82031
Freshwater mean pheno: -8.70778
-------------------------------
Output1 for generation 17700:

Oceanic mean pheno: 9.15691
Freshwater mean pheno: -9.0738
-------------------------------
Output1 for generation 17800:

Oceanic mean pheno: 8.95953
Freshwater mean pheno: -8.74583
-------------------------------
Output1 for generation 17900:

Oceanic mean pheno: 9.16876
Freshwater mean pheno: -8.8683
-------------------------------
Output1 for generation 18000:

Oceanic mean pheno: 9.00576
Freshwater mean pheno: -8.90764
-------------------------------
Output1 for generation 18100:

Oceanic mean pheno: 8.97965
Freshwater mean pheno: -8.93136
-------------------------------
Output1 for generation 18200:

Oceanic mean pheno: 8.71891
Freshwater mean pheno: -9.34498
-------------------------------
Output1 for generation 18300:

Oceanic mean pheno: 9.25996
Freshwater mean pheno: -8.93653
-------------------------------
Output1 for generation 18400:

Oceanic mean pheno: 8.90598
Freshwater mean pheno: -9.07356
-------------------------------
Output1 for generation 18500:

Oceanic mean pheno: 8.77098
Freshwater mean pheno: -9.24204
-------------------------------
Output1 for generation 18600:

Oceanic mean pheno: 8.57258
Freshwater mean pheno: -9.42868
-------------------------------
Output1 for generation 18700:

Oceanic mean pheno: 9.03857
Freshwater mean pheno: -9.06335
-------------------------------
Output1 for generation 18800:

Oceanic mean pheno: 8.8375
Freshwater mean pheno: -9.16133
-------------------------------
Output1 for generation 18900:

Oceanic mean pheno: 9.07011
Freshwater mean pheno: -8.91156
-------------------------------
Output1 for generation 19000:

Oceanic mean pheno: 8.69779
Freshwater mean pheno: -9.31548
-------------------------------
Output1 for generation 19100:

Oceanic mean pheno: 8.94566
Freshwater mean pheno: -9.10008
-------------------------------
Output1 for generation 19200:

Oceanic mean pheno: 8.9103
Freshwater mean pheno: -9.3447
-------------------------------
Output1 for generation 19300:

Oceanic mean pheno: 9.53933
Freshwater mean pheno: -9.16842
-------------------------------
Output1 for generation 19400:

Oceanic mean pheno: 9.03364
Freshwater mean pheno: -8.76924
-------------------------------
Output1 for generation 19500:

Oceanic mean pheno: 9.377
Freshwater mean pheno: -9.10763
-------------------------------
Output1 for generation 19600:

Oceanic mean pheno: 9.07641
Freshwater mean pheno: -8.81632
-------------------------------
Output1 for generation 19700:

Oceanic mean pheno: 9.00324
Freshwater mean pheno: -9.03414
-------------------------------
Output1 for generation 19800:

Oceanic mean pheno: 8.70886
Freshwater mean pheno: -8.65758
-------------------------------
Output1 for generation 19900:

Oceanic mean pheno: 8.6685
Freshwater mean pheno: -8.99569
#WARNING (Eidos_ExecuteFunction_writeFile): function writeFile() could not write to file at path /projects/haldane/SliMSimulations/Output1/SD.txt.
-------------------------------
Output1 for generation 20000:

Oceanic mean pheno: 9.18323
Freshwater mean pheno: -9.01261
new Freshwater mean pheno: 9.19352
-------------------------------
Output1 for generation 20100:

Oceanic mean pheno: 8.39969
Freshwater mean pheno: -8.99867
new Freshwater mean pheno: -8.53425
-------------------------------
Output1 for generation 20200:

Oceanic mean pheno: 8.39613
Freshwater mean pheno: -9.0188
new Freshwater mean pheno: -9.33903
-------------------------------
Output1 for generation 20300:

Oceanic mean pheno: 8.34273
Freshwater mean pheno: -8.92401
new Freshwater mean pheno: -9.28859
-------------------------------
Output1 for generation 20400:

Oceanic mean pheno: 8.20971
Freshwater mean pheno: -8.76707
new Freshwater mean pheno: -9.18025
-------------------------------
Output1 for generation 20500:

Oceanic mean pheno: 8.27855
Freshwater mean pheno: -8.86215
new Freshwater mean pheno: -8.99345
-------------------------------
Output1 for generation 20600:

Oceanic mean pheno: 8.69074
Freshwater mean pheno: -9.21234
new Freshwater mean pheno: -9.41003
-------------------------------
Output1 for generation 20700:

Oceanic mean pheno: 8.07695
Freshwater mean pheno: -9.28398
new Freshwater mean pheno: -9.19555
-------------------------------
Output1 for generation 20800:

Oceanic mean pheno: 8.35436
Freshwater mean pheno: -9.21261
new Freshwater mean pheno: -9.44197
-------------------------------
Output1 for generation 20900:

Oceanic mean pheno: 8.43928
Freshwater mean pheno: -9.09694
new Freshwater mean pheno: -9.31514
-------------------------------
Output1 for generation 21000:

Oceanic mean pheno: 8.41791
Freshwater mean pheno: -8.79968
new Freshwater mean pheno: -8.89814
-------------------------------
Output1 for generation 21100:

Oceanic mean pheno: 8.45651
Freshwater mean pheno: -8.76374
new Freshwater mean pheno: -9.12413
-------------------------------
Output1 for generation 21200:

Oceanic mean pheno: 8.46133
Freshwater mean pheno: -8.8217
new Freshwater mean pheno: -9.1464
-------------------------------
Output1 for generation 21300:

Oceanic mean pheno: 8.24828
Freshwater mean pheno: -8.81776
new Freshwater mean pheno: -9.00856
-------------------------------
Output1 for generation 21400:

Oceanic mean pheno: 8.11745
Freshwater mean pheno: -8.55795
new Freshwater mean pheno: -9.64467
-------------------------------
Output1 for generation 21500:

Oceanic mean pheno: 8.38409
Freshwater mean pheno: -8.74563
new Freshwater mean pheno: -9.18082
-------------------------------
Output1 for generation 21600:

Oceanic mean pheno: 8.59307
Freshwater mean pheno: -8.77905
new Freshwater mean pheno: -9.17044
-------------------------------
Output1 for generation 21700:

Oceanic mean pheno: 8.3329
Freshwater mean pheno: -8.95825
new Freshwater mean pheno: -9.71752
-------------------------------
Output1 for generation 21800:

Oceanic mean pheno: 8.6048
Freshwater mean pheno: -9.09237
new Freshwater mean pheno: -8.8195
-------------------------------
Output1 for generation 21900:

Oceanic mean pheno: 9.03807
Freshwater mean pheno: -8.53687
new Freshwater mean pheno: -8.92926
-------------------------------
Output1 for generation 22000:

Oceanic mean pheno: 8.35481
Freshwater mean pheno: -8.67641
new Freshwater mean pheno: -8.69021
-------------------------------
Output1 for generation 22100:

Oceanic mean pheno: 8.46382
Freshwater mean pheno: -8.76804
new Freshwater mean pheno: -8.982
-------------------------------
Output1 for generation 22200:

Oceanic mean pheno: 8.54456
Freshwater mean pheno: -8.93486
new Freshwater mean pheno: -9.10124
-------------------------------
Output1 for generation 22300:

Oceanic mean pheno: 8.65125
Freshwater mean pheno: -8.98496
new Freshwater mean pheno: -9.12074
-------------------------------
Output1 for generation 22400:

Oceanic mean pheno: 8.27238
Freshwater mean pheno: -9.03541
new Freshwater mean pheno: -9.00277
-------------------------------
Output1 for generation 22500:

Oceanic mean pheno: 8.70766
Freshwater mean pheno: -9.06026
new Freshwater mean pheno: -9.33399
-------------------------------
Output1 for generation 22600:

Oceanic mean pheno: 8.69746
Freshwater mean pheno: -9.15782
new Freshwater mean pheno: -8.8863
-------------------------------
Output1 for generation 22700:

Oceanic mean pheno: 8.16274
Freshwater mean pheno: -8.82668
new Freshwater mean pheno: -8.9362
-------------------------------
Output1 for generation 22800:

Oceanic mean pheno: 8.29538
Freshwater mean pheno: -8.96092
new Freshwater mean pheno: -8.6736
-------------------------------
Output1 for generation 22900:

Oceanic mean pheno: 8.24071
Freshwater mean pheno: -8.9685
new Freshwater mean pheno: -8.93613
-------------------------------
Output1 for generation 23000:

Oceanic mean pheno: 8.52264
Freshwater mean pheno: -8.79814
new Freshwater mean pheno: -8.54433
-------------------------------
Output1 for generation 23100:

Oceanic mean pheno: 8.61842
Freshwater mean pheno: -8.65082
new Freshwater mean pheno: -9.15954
-------------------------------
Output1 for generation 23200:

Oceanic mean pheno: 8.87308
Freshwater mean pheno: -8.97825
new Freshwater mean pheno: -9.28754
-------------------------------
Output1 for generation 23300:

Oceanic mean pheno: 8.62153
Freshwater mean pheno: -8.49019
new Freshwater mean pheno: -8.94502
-------------------------------
Output1 for generation 23400:

Oceanic mean pheno: 8.38146
Freshwater mean pheno: -9.07862
new Freshwater mean pheno: -8.77051
-------------------------------
Output1 for generation 23500:

Oceanic mean pheno: 8.47799
Freshwater mean pheno: -9.16703
new Freshwater mean pheno: -8.80043
-------------------------------
Output1 for generation 23600:

Oceanic mean pheno: 8.68205
Freshwater mean pheno: -8.98265
new Freshwater mean pheno: -9.12026
-------------------------------
Output1 for generation 23700:

Oceanic mean pheno: 8.32661
Freshwater mean pheno: -8.97728
new Freshwater mean pheno: -8.71142
-------------------------------
Output1 for generation 23800:

Oceanic mean pheno: 8.21825
Freshwater mean pheno: -9.11445
new Freshwater mean pheno: -8.72394
-------------------------------
Output1 for generation 23900:

Oceanic mean pheno: 8.54651
Freshwater mean pheno: -8.80011
new Freshwater mean pheno: -9.26545
-------------------------------
Output1 for generation 24000:

Oceanic mean pheno: 8.61553
Freshwater mean pheno: -8.67055
new Freshwater mean pheno: -8.94722
-------------------------------
Output1 for generation 24100:

Oceanic mean pheno: 8.72959
Freshwater mean pheno: -8.93547
new Freshwater mean pheno: -8.72383
-------------------------------
Output1 for generation 24200:

Oceanic mean pheno: 9.00453
Freshwater mean pheno: -8.79421
new Freshwater mean pheno: -8.57904
-------------------------------
Output1 for generation 24300:

Oceanic mean pheno: 8.54947
Freshwater mean pheno: -9.10521
new Freshwater mean pheno: -9.15299
-------------------------------
Output1 for generation 24400:

Oceanic mean pheno: 8.80269
Freshwater mean pheno: -9.04472
new Freshwater mean pheno: -9.11154
-------------------------------
Output1 for generation 24500:

Oceanic mean pheno: 8.3494
Freshwater mean pheno: -8.94881
new Freshwater mean pheno: -9.24606
-------------------------------
Output1 for generation 24600:

Oceanic mean pheno: 8.68054
Freshwater mean pheno: -9.25932
new Freshwater mean pheno: -9.02163
-------------------------------
Output1 for generation 24700:

Oceanic mean pheno: 8.51667
Freshwater mean pheno: -9.33917
new Freshwater mean pheno: -9.30512
-------------------------------
Output1 for generation 24800:

Oceanic mean pheno: 8.87651
Freshwater mean pheno: -9.60259
new Freshwater mean pheno: -8.71774
-------------------------------
Output1 for generation 24900:

Oceanic mean pheno: 8.58678
Freshwater mean pheno: -9.05567
new Freshwater mean pheno: -8.94709
-------------------------------
Output1 for generation 25000:

Oceanic mean pheno: 8.94372
Freshwater mean pheno: -9.41147
new Freshwater mean pheno: -9.24544
-------------------------------
Output1 for generation 25100:

Oceanic mean pheno: 8.85635
Freshwater mean pheno: -9.47712
new Freshwater mean pheno: -9.07085
-------------------------------
Output1 for generation 25200:

Oceanic mean pheno: 8.46254
Freshwater mean pheno: -8.8688
new Freshwater mean pheno: -9.29521
-------------------------------
Output1 for generation 25300:

Oceanic mean pheno: 9.03987
Freshwater mean pheno: -9.15871
new Freshwater mean pheno: -9.46973
-------------------------------
Output1 for generation 25400:

Oceanic mean pheno: 8.86838
Freshwater mean pheno: -8.99053
new Freshwater mean pheno: -9.35402
-------------------------------
Output1 for generation 25500:

Oceanic mean pheno: 8.53933
Freshwater mean pheno: -9.10553
new Freshwater mean pheno: -9.4325
-------------------------------
Output1 for generation 25600:

Oceanic mean pheno: 8.65934
Freshwater mean pheno: -9.4846
new Freshwater mean pheno: -9.31952
-------------------------------
Output1 for generation 25700:

Oceanic mean pheno: 8.72215
Freshwater mean pheno: -9.2693
new Freshwater mean pheno: -8.91805
-------------------------------
Output1 for generation 25800:

Oceanic mean pheno: 8.62747
Freshwater mean pheno: -9.71901
new Freshwater mean pheno: -8.86903
-------------------------------
Output1 for generation 25900:

Oceanic mean pheno: 8.61286
Freshwater mean pheno: -9.01311
new Freshwater mean pheno: -8.92145
-------------------------------
Output1 for generation 26000:

Oceanic mean pheno: 8.69671
Freshwater mean pheno: -9.18499
new Freshwater mean pheno: -9.05427
-------------------------------
Output1 for generation 26100:

Oceanic mean pheno: 9.07183
Freshwater mean pheno: -8.98444
new Freshwater mean pheno: -9.23801
-------------------------------
Output1 for generation 26200:

Oceanic mean pheno: 8.87597
Freshwater mean pheno: -9.2947
new Freshwater mean pheno: -9.41271
-------------------------------
Output1 for generation 26300:

Oceanic mean pheno: 8.91797
Freshwater mean pheno: -9.53634
new Freshwater mean pheno: -9.50983
-------------------------------
Output1 for generation 26400:

Oceanic mean pheno: 9.02897
Freshwater mean pheno: -9.48653
new Freshwater mean pheno: -9.13666
-------------------------------
Output1 for generation 26500:

Oceanic mean pheno: 8.81009
Freshwater mean pheno: -9.35707
new Freshwater mean pheno: -9.0551
-------------------------------
Output1 for generation 26600:

Oceanic mean pheno: 8.48498
Freshwater mean pheno: -9.00449
new Freshwater mean pheno: -9.16843
-------------------------------
Output1 for generation 26700:

Oceanic mean pheno: 8.63368
Freshwater mean pheno: -9.48382
new Freshwater mean pheno: -9.10438
-------------------------------
Output1 for generation 26800:

Oceanic mean pheno: 8.55183
Freshwater mean pheno: -9.06876
new Freshwater mean pheno: -8.8387
-------------------------------
Output1 for generation 26900:

Oceanic mean pheno: 8.44861
Freshwater mean pheno: -9.06894
new Freshwater mean pheno: -8.76821
-------------------------------
Output1 for generation 27000:

Oceanic mean pheno: 8.67541
Freshwater mean pheno: -8.79875
new Freshwater mean pheno: -8.82218
-------------------------------
Output1 for generation 27100:

Oceanic mean pheno: 8.70342
Freshwater mean pheno: -9.10858
new Freshwater mean pheno: -8.74888
-------------------------------
Output1 for generation 27200:

Oceanic mean pheno: 8.89507
Freshwater mean pheno: -8.89823
new Freshwater mean pheno: -8.70691
-------------------------------
Output1 for generation 27300:

Oceanic mean pheno: 8.61712
Freshwater mean pheno: -8.83702
new Freshwater mean pheno: -8.76428
-------------------------------
Output1 for generation 27400:

Oceanic mean pheno: 9.12877
Freshwater mean pheno: -8.77841
new Freshwater mean pheno: -8.73847
-------------------------------
Output1 for generation 27500:

Oceanic mean pheno: 8.61593
Freshwater mean pheno: -9.10484
new Freshwater mean pheno: -8.94246
-------------------------------
Output1 for generation 27600:

Oceanic mean pheno: 8.68101
Freshwater mean pheno: -8.75754
new Freshwater mean pheno: -9.11204
-------------------------------
Output1 for generation 27700:

Oceanic mean pheno: 9.14848
Freshwater mean pheno: -8.52221
new Freshwater mean pheno: -8.92377
-------------------------------
Output1 for generation 27800:

Oceanic mean pheno: 8.8575
Freshwater mean pheno: -8.85058
new Freshwater mean pheno: -9.0774
-------------------------------
Output1 for generation 27900:

Oceanic mean pheno: 8.577
Freshwater mean pheno: -9.54215
new Freshwater mean pheno: -9.1178
-------------------------------
Output1 for generation 28000:

Oceanic mean pheno: 8.56687
Freshwater mean pheno: -9.15776
new Freshwater mean pheno: -9.19959
-------------------------------
Output1 for generation 28100:

Oceanic mean pheno: 8.55428
Freshwater mean pheno: -9.16087
new Freshwater mean pheno: -9.32093
-------------------------------
Output1 for generation 28200:

Oceanic mean pheno: 8.7935
Freshwater mean pheno: -9.34303
new Freshwater mean pheno: -9.1414
-------------------------------
Output1 for generation 28300:

Oceanic mean pheno: 8.70247
Freshwater mean pheno: -9.3501
new Freshwater mean pheno: -8.87422
-------------------------------
Output1 for generation 28400:

Oceanic mean pheno: 8.61926
Freshwater mean pheno: -9.45627
new Freshwater mean pheno: -8.96391
-------------------------------
Output1 for generation 28500:

Oceanic mean pheno: 8.97415
Freshwater mean pheno: -9.11199
new Freshwater mean pheno: -9.16707
-------------------------------
Output1 for generation 28600:

Oceanic mean pheno: 8.70815
Freshwater mean pheno: -8.68454
new Freshwater mean pheno: -9.08504
-------------------------------
Output1 for generation 28700:

Oceanic mean pheno: 8.79976
Freshwater mean pheno: -8.93073
new Freshwater mean pheno: -9.15774
-------------------------------
Output1 for generation 28800:

Oceanic mean pheno: 8.92064
Freshwater mean pheno: -8.99063
new Freshwater mean pheno: -9.00565
-------------------------------
Output1 for generation 28900:

Oceanic mean pheno: 8.93219
Freshwater mean pheno: -9.51065
new Freshwater mean pheno: -8.80121
-------------------------------
Output1 for generation 29000:

Oceanic mean pheno: 8.58495
Freshwater mean pheno: -9.65017
new Freshwater mean pheno: -9.17271
-------------------------------
Output1 for generation 29100:

Oceanic mean pheno: 9.02174
Freshwater mean pheno: -9.49309
new Freshwater mean pheno: -9.31429
-------------------------------
Output1 for generation 29200:

Oceanic mean pheno: 8.69616
Freshwater mean pheno: -9.10792
new Freshwater mean pheno: -9.25978
-------------------------------
Output1 for generation 29300:

Oceanic mean pheno: 8.99228
Freshwater mean pheno: -9.07583
new Freshwater mean pheno: -9.25571
-------------------------------
Output1 for generation 29400:

Oceanic mean pheno: 8.89212
Freshwater mean pheno: -9.26631
new Freshwater mean pheno: -9.32255
-------------------------------
Output1 for generation 29500:

Oceanic mean pheno: 9.02764
Freshwater mean pheno: -8.94245
new Freshwater mean pheno: -9.37338
-------------------------------
Output1 for generation 29600:

Oceanic mean pheno: 8.67033
Freshwater mean pheno: -8.78574
new Freshwater mean pheno: -9.12169
-------------------------------
Output1 for generation 29700:

Oceanic mean pheno: 8.68069
Freshwater mean pheno: -9.23077
new Freshwater mean pheno: -8.98731
-------------------------------
Output1 for generation 29800:

Oceanic mean pheno: 8.89303
Freshwater mean pheno: -9.04412
new Freshwater mean pheno: -8.88822
-------------------------------
Output1 for generation 29900:

Oceanic mean pheno: 8.80707
Freshwater mean pheno: -9.15787
new Freshwater mean pheno: -8.99948
-------------------------------
Output1 for generation 30000:

Oceanic mean pheno: 8.90164
Freshwater mean pheno: -9.38787
new Freshwater mean pheno: -9.29758
-------------------------------
Output1 for generation 30100:

Oceanic mean pheno: 8.99453
Freshwater mean pheno: -9.32547
new Freshwater mean pheno: -9.28654
-------------------------------
Output1 for generation 30200:

Oceanic mean pheno: 8.74469
Freshwater mean pheno: -9.05863
new Freshwater mean pheno: -8.89676
-------------------------------
Output1 for generation 30300:

Oceanic mean pheno: 8.52687
Freshwater mean pheno: -8.89149
new Freshwater mean pheno: -8.9621
-------------------------------
Output1 for generation 30400:

Oceanic mean pheno: 9.00022
Freshwater mean pheno: -9.52851
new Freshwater mean pheno: -9.05895
-------------------------------
Output1 for generation 30500:

Oceanic mean pheno: 8.72944
Freshwater mean pheno: -9.00225
new Freshwater mean pheno: -9.10945
-------------------------------
Output1 for generation 30600:

Oceanic mean pheno: 8.89253
Freshwater mean pheno: -8.92145
new Freshwater mean pheno: -9.01797
-------------------------------
Output1 for generation 30700:

Oceanic mean pheno: 8.75544
Freshwater mean pheno: -8.62839
new Freshwater mean pheno: -8.58819
-------------------------------
Output1 for generation 30800:

Oceanic mean pheno: 8.50844
Freshwater mean pheno: -9.2364
new Freshwater mean pheno: -8.9428
-------------------------------
Output1 for generation 30900:

Oceanic mean pheno: 8.84783
Freshwater mean pheno: -9.07444
new Freshwater mean pheno: -9.04567
-------------------------------
Output1 for generation 31000:

Oceanic mean pheno: 8.43811
Freshwater mean pheno: -9.0409
new Freshwater mean pheno: -8.78653
-------------------------------
Output1 for generation 31100:

Oceanic mean pheno: 8.43967
Freshwater mean pheno: -9.31234
new Freshwater mean pheno: -8.56955
-------------------------------
Output1 for generation 31200:

Oceanic mean pheno: 8.61704
Freshwater mean pheno: -9.08075
new Freshwater mean pheno: -9.04143
-------------------------------
Output1 for generation 31300:

Oceanic mean pheno: 8.72802
Freshwater mean pheno: -9.26607
new Freshwater mean pheno: -8.80742
-------------------------------
Output1 for generation 31400:

Oceanic mean pheno: 8.65274
Freshwater mean pheno: -9.09437
new Freshwater mean pheno: -9.08843
-------------------------------
Output1 for generation 31500:

Oceanic mean pheno: 8.81633
Freshwater mean pheno: -9.44178
new Freshwater mean pheno: -9.4954
-------------------------------
Output1 for generation 31600:

Oceanic mean pheno: 8.80549
Freshwater mean pheno: -9.14107
new Freshwater mean pheno: -9.07721
-------------------------------
Output1 for generation 31700:

Oceanic mean pheno: 8.45201
Freshwater mean pheno: -9.09971
new Freshwater mean pheno: -8.80669
-------------------------------
Output1 for generation 31800:

Oceanic mean pheno: 8.57619
Freshwater mean pheno: -9.0743
new Freshwater mean pheno: -8.67417
-------------------------------
Output1 for generation 31900:

Oceanic mean pheno: 8.76426
Freshwater mean pheno: -9.03003
new Freshwater mean pheno: -9.44817
-------------------------------
Output1 for generation 32000:

Oceanic mean pheno: 8.80867
Freshwater mean pheno: -8.79288
new Freshwater mean pheno: -8.9758
-------------------------------
Output1 for generation 32100:

Oceanic mean pheno: 8.7213
Freshwater mean pheno: -9.11774
new Freshwater mean pheno: -8.79696
-------------------------------
Output1 for generation 32200:

Oceanic mean pheno: 9.21119
Freshwater mean pheno: -9.31171
new Freshwater mean pheno: -9.25842
-------------------------------
Output1 for generation 32300:

Oceanic mean pheno: 8.89472
Freshwater mean pheno: -9.22067
new Freshwater mean pheno: -8.73996
-------------------------------
Output1 for generation 32400:

Oceanic mean pheno: 8.62144
Freshwater mean pheno: -9.13352
new Freshwater mean pheno: -8.94725
-------------------------------
Output1 for generation 32500:

Oceanic mean pheno: 8.65666
Freshwater mean pheno: -9.29978
new Freshwater mean pheno: -8.61257
-------------------------------
Output1 for generation 32600:

Oceanic mean pheno: 9.20265
Freshwater mean pheno: -9.04435
new Freshwater mean pheno: -8.84583
-------------------------------
Output1 for generation 32700:

Oceanic mean pheno: 8.83239
Freshwater mean pheno: -9.10693
new Freshwater mean pheno: -8.91963
-------------------------------
Output1 for generation 32800:

Oceanic mean pheno: 8.5048
Freshwater mean pheno: -9.13995
new Freshwater mean pheno: -8.94959
-------------------------------
Output1 for generation 32900:

Oceanic mean pheno: 9.06787
Freshwater mean pheno: -9.23233
new Freshwater mean pheno: -9.19729
-------------------------------
Output1 for generation 33000:

Oceanic mean pheno: 8.67234
Freshwater mean pheno: -9.08604
new Freshwater mean pheno: -9.36469
-------------------------------
Output1 for generation 33100:

Oceanic mean pheno: 8.66551
Freshwater mean pheno: -9.42426
new Freshwater mean pheno: -9.19583
-------------------------------
Output1 for generation 33200:

Oceanic mean pheno: 8.5897
Freshwater mean pheno: -8.76807
new Freshwater mean pheno: -9.06588
-------------------------------
Output1 for generation 33300:

Oceanic mean pheno: 8.67043
Freshwater mean pheno: -8.94286
new Freshwater mean pheno: -8.76575
-------------------------------
Output1 for generation 33400:

Oceanic mean pheno: 9.15769
Freshwater mean pheno: -9.04957
new Freshwater mean pheno: -8.73414
-------------------------------
Output1 for generation 33500:

Oceanic mean pheno: 8.94832
Freshwater mean pheno: -9.36551
new Freshwater mean pheno: -8.9831
-------------------------------
Output1 for generation 33600:

Oceanic mean pheno: 8.90521
Freshwater mean pheno: -8.8808
new Freshwater mean pheno: -9.03092
-------------------------------
Output1 for generation 33700:

Oceanic mean pheno: 8.79181
Freshwater mean pheno: -8.98166
new Freshwater mean pheno: -9.32899
-------------------------------
Output1 for generation 33800:

Oceanic mean pheno: 8.45633
Freshwater mean pheno: -9.08114
new Freshwater mean pheno: -9.31857
-------------------------------
Output1 for generation 33900:

Oceanic mean pheno: 8.92495
Freshwater mean pheno: -9.3294
new Freshwater mean pheno: -8.99635
-------------------------------
Output1 for generation 34000:

Oceanic mean pheno: 8.78799
Freshwater mean pheno: -9.28589
new Freshwater mean pheno: -9.25845
-------------------------------
Output1 for generation 34100:

Oceanic mean pheno: 8.94259
Freshwater mean pheno: -9.28016
new Freshwater mean pheno: -8.90489
-------------------------------
Output1 for generation 34200:

Oceanic mean pheno: 8.86619
Freshwater mean pheno: -9.5622
new Freshwater mean pheno: -9.15279
-------------------------------
Output1 for generation 34300:

Oceanic mean pheno: 8.67457
Freshwater mean pheno: -9.2937
new Freshwater mean pheno: -8.97739
-------------------------------
Output1 for generation 34400:

Oceanic mean pheno: 9.11458
Freshwater mean pheno: -9.25853
new Freshwater mean pheno: -9.29462
-------------------------------
Output1 for generation 34500:

Oceanic mean pheno: 9.03856
Freshwater mean pheno: -9.20532
new Freshwater mean pheno: -9.06375
-------------------------------
Output1 for generation 34600:

Oceanic mean pheno: 8.86277
Freshwater mean pheno: -9.62106
new Freshwater mean pheno: -8.9654
-------------------------------
Output1 for generation 34700:

Oceanic mean pheno: 8.77199
Freshwater mean pheno: -9.15207
new Freshwater mean pheno: -9.56321
-------------------------------
Output1 for generation 34800:

Oceanic mean pheno: 8.62258
Freshwater mean pheno: -9.3688
new Freshwater mean pheno: -9.41524
-------------------------------
Output1 for generation 34900:

Oceanic mean pheno: 8.56871
Freshwater mean pheno: -9.40648
new Freshwater mean pheno: -9.13885
-------------------------------
Output1 for generation 35000:

Oceanic mean pheno: 8.79922
Freshwater mean pheno: -9.61411
new Freshwater mean pheno: -9.25196
-------------------------------
Output1 for generation 35100:

Oceanic mean pheno: 8.79363
Freshwater mean pheno: -8.97183
new Freshwater mean pheno: -9.32665
-------------------------------
Output1 for generation 35200:

Oceanic mean pheno: 8.85879
Freshwater mean pheno: -9.17723
new Freshwater mean pheno: -9.14985
-------------------------------
Output1 for generation 35300:

Oceanic mean pheno: 8.73871
Freshwater mean pheno: -8.9778
new Freshwater mean pheno: -9.28198
-------------------------------
Output1 for generation 35400:

Oceanic mean pheno: 8.9866
Freshwater mean pheno: -8.99679
new Freshwater mean pheno: -9.17832
-------------------------------
Output1 for generation 35500:

Oceanic mean pheno: 8.67286
Freshwater mean pheno: -9.18714
new Freshwater mean pheno: -9.47274
-------------------------------
Output1 for generation 35600:

Oceanic mean pheno: 8.95658
Freshwater mean pheno: -8.92584
new Freshwater mean pheno: -9.04378
-------------------------------
Output1 for generation 35700:

Oceanic mean pheno: 8.86347
Freshwater mean pheno: -8.92649
new Freshwater mean pheno: -9.41842
-------------------------------
Output1 for generation 35800:

Oceanic mean pheno: 8.39409
Freshwater mean pheno: -8.8579
new Freshwater mean pheno: -9.09847
-------------------------------
Output1 for generation 35900:

Oceanic mean pheno: 8.38041
Freshwater mean pheno: -8.92817
new Freshwater mean pheno: -9.16007
-------------------------------
Output1 for generation 36000:

Oceanic mean pheno: 8.7997
Freshwater mean pheno: -8.77551
new Freshwater mean pheno: -9.40357
-------------------------------
Output1 for generation 36100:

Oceanic mean pheno: 8.89232
Freshwater mean pheno: -8.95157
new Freshwater mean pheno: -9.59132
-------------------------------
Output1 for generation 36200:

Oceanic mean pheno: 8.80352
Freshwater mean pheno: -8.86462
new Freshwater mean pheno: -8.55994
-------------------------------
Output1 for generation 36300:

Oceanic mean pheno: 8.84352
Freshwater mean pheno: -8.87549
new Freshwater mean pheno: -8.92715
-------------------------------
Output1 for generation 36400:

Oceanic mean pheno: 8.77229
Freshwater mean pheno: -8.7341
new Freshwater mean pheno: -9.32834
-------------------------------
Output1 for generation 36500:

Oceanic mean pheno: 8.33968
Freshwater mean pheno: -9.07304
new Freshwater mean pheno: -9.04057
-------------------------------
Output1 for generation 36600:

Oceanic mean pheno: 8.40444
Freshwater mean pheno: -8.86741
new Freshwater mean pheno: -9.2621
-------------------------------
Output1 for generation 36700:

Oceanic mean pheno: 8.59567
Freshwater mean pheno: -9.19507
new Freshwater mean pheno: -8.93512
-------------------------------
Output1 for generation 36800:

Oceanic mean pheno: 8.60518
Freshwater mean pheno: -9.10396
new Freshwater mean pheno: -9.1023
-------------------------------
Output1 for generation 36900:

Oceanic mean pheno: 8.31743
Freshwater mean pheno: -8.80401
new Freshwater mean pheno: -8.79611
-------------------------------
Output1 for generation 37000:

Oceanic mean pheno: 9.11784
Freshwater mean pheno: -8.92894
new Freshwater mean pheno: -8.89034
-------------------------------
Output1 for generation 37100:

Oceanic mean pheno: 8.98353
Freshwater mean pheno: -9.03845
new Freshwater mean pheno: -9.03759
-------------------------------
Output1 for generation 37200:

Oceanic mean pheno: 8.92536
Freshwater mean pheno: -9.08809
new Freshwater mean pheno: -9.18671
-------------------------------
Output1 for generation 37300:

Oceanic mean pheno: 8.85288
Freshwater mean pheno: -8.94768
new Freshwater mean pheno: -8.91989
-------------------------------
Output1 for generation 37400:

Oceanic mean pheno: 8.65072
Freshwater mean pheno: -9.19032
new Freshwater mean pheno: -9.14544
-------------------------------
Output1 for generation 37500:

Oceanic mean pheno: 8.62959
Freshwater mean pheno: -8.71685
new Freshwater mean pheno: -8.95937
-------------------------------
Output1 for generation 37600:

Oceanic mean pheno: 8.94435
Freshwater mean pheno: -9.1496
new Freshwater mean pheno: -8.89908
-------------------------------
Output1 for generation 37700:

Oceanic mean pheno: 8.72937
Freshwater mean pheno: -8.71805
new Freshwater mean pheno: -9.1674
-------------------------------
Output1 for generation 37800:

Oceanic mean pheno: 9.01079
Freshwater mean pheno: -8.95123
new Freshwater mean pheno: -9.15716
-------------------------------
Output1 for generation 37900:

Oceanic mean pheno: 9.19643
Freshwater mean pheno: -9.04496
new Freshwater mean pheno: -8.5254
-------------------------------
Output1 for generation 38000:

Oceanic mean pheno: 8.928
Freshwater mean pheno: -9.20089
new Freshwater mean pheno: -8.60177
-------------------------------
Output1 for generation 38100:

Oceanic mean pheno: 8.95772
Freshwater mean pheno: -9.37484
new Freshwater mean pheno: -8.91652
-------------------------------
Output1 for generation 38200:

Oceanic mean pheno: 8.77037
Freshwater mean pheno: -9.28026
new Freshwater mean pheno: -9.16905
-------------------------------
Output1 for generation 38300:

Oceanic mean pheno: 9.08631
Freshwater mean pheno: -9.18783
new Freshwater mean pheno: -9.78654
-------------------------------
Output1 for generation 38400:

Oceanic mean pheno: 8.87773
Freshwater mean pheno: -9.33447
new Freshwater mean pheno: -9.62966
-------------------------------
Output1 for generation 38500:

Oceanic mean pheno: 8.96933
Freshwater mean pheno: -8.86013
new Freshwater mean pheno: -9.43575
-------------------------------
Output1 for generation 38600:

Oceanic mean pheno: 8.97589
Freshwater mean pheno: -9.05857
new Freshwater mean pheno: -9.54516
-------------------------------
Output1 for generation 38700:

Oceanic mean pheno: 9.00352
Freshwater mean pheno: -9.38238
new Freshwater mean pheno: -9.38415
-------------------------------
Output1 for generation 38800:

Oceanic mean pheno: 9.17294
Freshwater mean pheno: -9.08614
new Freshwater mean pheno: -9.37802
-------------------------------
Output1 for generation 38900:

Oceanic mean pheno: 9.25715
Freshwater mean pheno: -8.96046
new Freshwater mean pheno: -9.05249
-------------------------------
Output1 for generation 39000:

Oceanic mean pheno: 8.67386
Freshwater mean pheno: -9.17253
new Freshwater mean pheno: -8.95388
-------------------------------
Output1 for generation 39100:

Oceanic mean pheno: 8.72491
Freshwater mean pheno: -9.62723
new Freshwater mean pheno: -9.42995
-------------------------------
Output1 for generation 39200:

Oceanic mean pheno: 8.6937
Freshwater mean pheno: -9.60932
new Freshwater mean pheno: -9.19557
-------------------------------
Output1 for generation 39300:

Oceanic mean pheno: 8.8522
Freshwater mean pheno: -9.27394
new Freshwater mean pheno: -9.39489
-------------------------------
Output1 for generation 39400:

Oceanic mean pheno: 8.73903
Freshwater mean pheno: -9.38054
new Freshwater mean pheno: -9.34575
-------------------------------
Output1 for generation 39500:

Oceanic mean pheno: 8.92512
Freshwater mean pheno: -9.48451
new Freshwater mean pheno: -9.22088
-------------------------------
Output1 for generation 39600:

Oceanic mean pheno: 8.8959
Freshwater mean pheno: -9.18665
new Freshwater mean pheno: -8.99671
-------------------------------
Output1 for generation 39700:

Oceanic mean pheno: 8.49341
Freshwater mean pheno: -9.2194
new Freshwater mean pheno: -9.25524
-------------------------------
Output1 for generation 39800:

Oceanic mean pheno: 8.65911
Freshwater mean pheno: -9.01365
new Freshwater mean pheno: -9.13813
-------------------------------
Output1 for generation 39900:

Oceanic mean pheno: 8.86594
Freshwater mean pheno: -9.09658
new Freshwater mean pheno: -9.18334
-------------------------------
Output1 for generation 40000:

Oceanic mean pheno: 8.76753
Freshwater mean pheno: -9.13617
new Freshwater mean pheno: -9.10158
elapsed: 3:36:14 / kernel: 1.60 / user: 12979.92 / mem: 270348
Done!
