Task ID  - seed 029726
Parameters for SLiM run:
  -s 029726 MyRecipe5_0_1.E
// Initial random seed:
1505625198758

// RunInitializeCallbacks():
initializeSLiMOptions(dimensionality = 'x');
initializeMutationRate(1e-07);
initializeMutationType(1, 0.5, "g", 0.5, 1);
initializeMutationType(2, 0.5, "g", -0.5, 1);
initializeMutationType(3, 0.5, "f", 0);
initializeMutationType(4, 0.5, "f", 0);
initializeGenomicElementType(1, m3, 1);
initializeGenomicElementType(2, c(m1, m2, m3), c(1, 1, 1));
initializeGenomicElement(g1, 0, 4949);
initializeGenomicElement(g2, 4950, 5049);
initializeGenomicElement(g1, 5050, 9999);
initializeGenomicElement(g1, 10000, 14949);
initializeGenomicElement(g2, 14950, 15049);
initializeGenomicElement(g1, 15050, 19999);
initializeGenomicElement(g1, 20000, 24949);
initializeGenomicElement(g2, 24950, 25049);
initializeGenomicElement(g1, 25050, 29999);
initializeGenomicElement(g1, 30000, 34949);
initializeGenomicElement(g2, 34950, 35049);
initializeGenomicElement(g1, 35050, 39999);
initializeGenomicElement(g1, 40000, 44949);
initializeGenomicElement(g2, 44950, 45049);
initializeGenomicElement(g1, 45050, 49999);
initializeGenomicElement(g1, 50000, 54949);
initializeGenomicElement(g2, 54950, 55049);
initializeGenomicElement(g1, 55050, 59999);
initializeGenomicElement(g1, 60000, 64949);
initializeGenomicElement(g2, 64950, 65049);
initializeGenomicElement(g1, 65050, 69999);
initializeGenomicElement(g1, 70000, 74949);
initializeGenomicElement(g2, 74950, 75049);
initializeGenomicElement(g1, 75050, 79999);
initializeGenomicElement(g1, 80000, 84949);
initializeGenomicElement(g2, 84950, 85049);
initializeGenomicElement(g1, 85050, 89999);
initializeGenomicElement(g1, 90000, 94949);
initializeGenomicElement(g2, 94950, 95049);
initializeGenomicElement(g1, 95050, 99999);
end of chromosome position: 100000
initializeRecombinationRate(0.001);
initializeInteractionType(1, "x", reciprocal=T", maxDistance=0.02);
initializeInteractionType(2, "x", reciprocal=T", maxDistance=1);

// Starting run at generation <start>:
1 

-------------------------------
Output1 for generation 100:

Oceanic mean pheno: 0.00469305
Freshwater mean pheno: 0.00159656
-------------------------------
Output1 for generation 200:

Oceanic mean pheno: 0.0105836
Freshwater mean pheno: -0.0135162
-------------------------------
Output1 for generation 300:

Oceanic mean pheno: 0.0335487
Freshwater mean pheno: -0.021459
-------------------------------
Output1 for generation 400:

Oceanic mean pheno: 0.0117066
Freshwater mean pheno: -0.226572
-------------------------------
Output1 for generation 500:

Oceanic mean pheno: 0.00897127
Freshwater mean pheno: -0.381668
-------------------------------
Output1 for generation 600:

Oceanic mean pheno: 0.0325424
Freshwater mean pheno: -0.804397
-------------------------------
Output1 for generation 700:

Oceanic mean pheno: 0.0498987
Freshwater mean pheno: -1.19976
-------------------------------
Output1 for generation 800:

Oceanic mean pheno: 0.0875681
Freshwater mean pheno: -1.3594
-------------------------------
Output1 for generation 900:

Oceanic mean pheno: 0.138283
Freshwater mean pheno: -1.60838
-------------------------------
Output1 for generation 1000:

Oceanic mean pheno: 4.0194
Freshwater mean pheno: -1.77849
-------------------------------
Output1 for generation 1100:

Oceanic mean pheno: 4.33728
Freshwater mean pheno: -1.96517
-------------------------------
Output1 for generation 1200:

Oceanic mean pheno: 4.56965
Freshwater mean pheno: -1.8398
-------------------------------
Output1 for generation 1300:

Oceanic mean pheno: 5.68933
Freshwater mean pheno: -2.18737
-------------------------------
Output1 for generation 1400:

Oceanic mean pheno: 6.35613
Freshwater mean pheno: -2.32052
-------------------------------
Output1 for generation 1500:

Oceanic mean pheno: 6.74364
Freshwater mean pheno: -2.17921
-------------------------------
Output1 for generation 1600:

Oceanic mean pheno: 6.8818
Freshwater mean pheno: -2.38164
-------------------------------
Output1 for generation 1700:

Oceanic mean pheno: 7.51423
Freshwater mean pheno: -2.38665
-------------------------------
Output1 for generation 1800:

Oceanic mean pheno: 8.48939
Freshwater mean pheno: -2.42019
-------------------------------
Output1 for generation 1900:

Oceanic mean pheno: 9.04539
Freshwater mean pheno: -2.61487
-------------------------------
Output1 for generation 2000:

Oceanic mean pheno: 9.45067
Freshwater mean pheno: -2.84413
-------------------------------
Output1 for generation 2100:

Oceanic mean pheno: 9.54904
Freshwater mean pheno: -2.86285
-------------------------------
Output1 for generation 2200:

Oceanic mean pheno: 9.58445
Freshwater mean pheno: -2.8912
-------------------------------
Output1 for generation 2300:

Oceanic mean pheno: 9.57183
Freshwater mean pheno: -3.04022
-------------------------------
Output1 for generation 2400:

Oceanic mean pheno: 9.60708
Freshwater mean pheno: -3.34769
-------------------------------
Output1 for generation 2500:

Oceanic mean pheno: 9.58642
Freshwater mean pheno: -3.35682
-------------------------------
Output1 for generation 2600:

Oceanic mean pheno: 9.56724
Freshwater mean pheno: -3.3733
-------------------------------
Output1 for generation 2700:

Oceanic mean pheno: 9.55941
Freshwater mean pheno: -3.37657
-------------------------------
Output1 for generation 2800:

Oceanic mean pheno: 9.55306
Freshwater mean pheno: -3.42148
-------------------------------
Output1 for generation 2900:

Oceanic mean pheno: 9.52677
Freshwater mean pheno: -3.60186
-------------------------------
Output1 for generation 3000:

Oceanic mean pheno: 9.53905
Freshwater mean pheno: -3.79524
-------------------------------
Output1 for generation 3100:

Oceanic mean pheno: 9.55145
Freshwater mean pheno: -3.99156
-------------------------------
Output1 for generation 3200:

Oceanic mean pheno: 9.54663
Freshwater mean pheno: -4.05862
-------------------------------
Output1 for generation 3300:

Oceanic mean pheno: 9.54004
Freshwater mean pheno: -4.0685
-------------------------------
Output1 for generation 3400:

Oceanic mean pheno: 9.58274
Freshwater mean pheno: -4.21731
-------------------------------
Output1 for generation 3500:

Oceanic mean pheno: 9.58428
Freshwater mean pheno: -4.09606
-------------------------------
Output1 for generation 3600:

Oceanic mean pheno: 9.60502
Freshwater mean pheno: -4.1553
-------------------------------
Output1 for generation 3700:

Oceanic mean pheno: 9.59713
Freshwater mean pheno: -4.31626
-------------------------------
Output1 for generation 3800:

Oceanic mean pheno: 9.54262
Freshwater mean pheno: -4.56012
-------------------------------
Output1 for generation 3900:

Oceanic mean pheno: 9.58677
Freshwater mean pheno: -4.60017
-------------------------------
Output1 for generation 4000:

Oceanic mean pheno: 9.63369
Freshwater mean pheno: -4.73088
-------------------------------
Output1 for generation 4100:

Oceanic mean pheno: 9.72451
Freshwater mean pheno: -5.31381
-------------------------------
Output1 for generation 4200:

Oceanic mean pheno: 9.73023
Freshwater mean pheno: -5.32367
-------------------------------
Output1 for generation 4300:

Oceanic mean pheno: 9.80744
Freshwater mean pheno: -5.2708
-------------------------------
Output1 for generation 4400:

Oceanic mean pheno: 9.7407
Freshwater mean pheno: -5.3518
-------------------------------
Output1 for generation 4500:

Oceanic mean pheno: 9.76329
Freshwater mean pheno: -5.46444
-------------------------------
Output1 for generation 4600:

Oceanic mean pheno: 9.79894
Freshwater mean pheno: -5.48064
-------------------------------
Output1 for generation 4700:

Oceanic mean pheno: 9.80712
Freshwater mean pheno: -5.36885
-------------------------------
Output1 for generation 4800:

Oceanic mean pheno: 9.78326
Freshwater mean pheno: -5.37185
-------------------------------
Output1 for generation 4900:

Oceanic mean pheno: 9.78605
Freshwater mean pheno: -5.47544
-------------------------------
Output1 for generation 5000:

Oceanic mean pheno: 9.73616
Freshwater mean pheno: -5.41212
-------------------------------
Output1 for generation 5100:

Oceanic mean pheno: 9.74456
Freshwater mean pheno: -5.38767
-------------------------------
Output1 for generation 5200:

Oceanic mean pheno: 9.73263
Freshwater mean pheno: -5.43049
-------------------------------
Output1 for generation 5300:

Oceanic mean pheno: 9.63455
Freshwater mean pheno: -5.51091
-------------------------------
Output1 for generation 5400:

Oceanic mean pheno: 9.62525
Freshwater mean pheno: -5.41016
-------------------------------
Output1 for generation 5500:

Oceanic mean pheno: 9.6101
Freshwater mean pheno: -5.51982
-------------------------------
Output1 for generation 5600:

Oceanic mean pheno: 9.61277
Freshwater mean pheno: -5.51759
-------------------------------
Output1 for generation 5700:

Oceanic mean pheno: 9.61508
Freshwater mean pheno: -5.55756
-------------------------------
Output1 for generation 5800:

Oceanic mean pheno: 9.61099
Freshwater mean pheno: -5.50614
-------------------------------
Output1 for generation 5900:

Oceanic mean pheno: 9.6081
Freshwater mean pheno: -5.53667
-------------------------------
Output1 for generation 6000:

Oceanic mean pheno: 9.60581
Freshwater mean pheno: -5.6829
-------------------------------
Output1 for generation 6100:

Oceanic mean pheno: 9.5968
Freshwater mean pheno: -5.75461
-------------------------------
Output1 for generation 6200:

Oceanic mean pheno: 9.60565
Freshwater mean pheno: -5.82929
-------------------------------
Output1 for generation 6300:

Oceanic mean pheno: 9.58783
Freshwater mean pheno: -5.83084
-------------------------------
Output1 for generation 6400:

Oceanic mean pheno: 9.54461
Freshwater mean pheno: -5.99895
-------------------------------
Output1 for generation 6500:

Oceanic mean pheno: 9.51625
Freshwater mean pheno: -5.8899
-------------------------------
Output1 for generation 6600:

Oceanic mean pheno: 9.56083
Freshwater mean pheno: -5.9461
-------------------------------
Output1 for generation 6700:

Oceanic mean pheno: 9.55085
Freshwater mean pheno: -6.03082
-------------------------------
Output1 for generation 6800:

Oceanic mean pheno: 9.57479
Freshwater mean pheno: -6.08426
-------------------------------
Output1 for generation 6900:

Oceanic mean pheno: 9.5872
Freshwater mean pheno: -5.94969
-------------------------------
Output1 for generation 7000:

Oceanic mean pheno: 9.6031
Freshwater mean pheno: -5.87173
-------------------------------
Output1 for generation 7100:

Oceanic mean pheno: 9.60368
Freshwater mean pheno: -6.16904
-------------------------------
Output1 for generation 7200:

Oceanic mean pheno: 9.60356
Freshwater mean pheno: -6.2689
-------------------------------
Output1 for generation 7300:

Oceanic mean pheno: 9.60397
Freshwater mean pheno: -6.17852
-------------------------------
Output1 for generation 7400:

Oceanic mean pheno: 9.61259
Freshwater mean pheno: -6.29944
-------------------------------
Output1 for generation 7500:

Oceanic mean pheno: 9.6054
Freshwater mean pheno: -6.29462
-------------------------------
Output1 for generation 7600:

Oceanic mean pheno: 9.60316
Freshwater mean pheno: -6.32786
-------------------------------
Output1 for generation 7700:

Oceanic mean pheno: 9.61205
Freshwater mean pheno: -6.44373
-------------------------------
Output1 for generation 7800:

Oceanic mean pheno: 9.60454
Freshwater mean pheno: -6.4127
-------------------------------
Output1 for generation 7900:

Oceanic mean pheno: 9.60465
Freshwater mean pheno: -6.6632
-------------------------------
Output1 for generation 8000:

Oceanic mean pheno: 9.60324
Freshwater mean pheno: -6.86869
-------------------------------
Output1 for generation 8100:

Oceanic mean pheno: 9.60235
Freshwater mean pheno: -6.69809
-------------------------------
Output1 for generation 8200:

Oceanic mean pheno: 9.62147
Freshwater mean pheno: -6.63577
-------------------------------
Output1 for generation 8300:

Oceanic mean pheno: 9.60718
Freshwater mean pheno: -6.78836
-------------------------------
Output1 for generation 8400:

Oceanic mean pheno: 9.60042
Freshwater mean pheno: -6.854
-------------------------------
Output1 for generation 8500:

Oceanic mean pheno: 9.60369
Freshwater mean pheno: -7.15993
-------------------------------
Output1 for generation 8600:

Oceanic mean pheno: 9.60612
Freshwater mean pheno: -7.12288
-------------------------------
Output1 for generation 8700:

Oceanic mean pheno: 9.62929
Freshwater mean pheno: -7.21976
-------------------------------
Output1 for generation 8800:

Oceanic mean pheno: 9.7442
Freshwater mean pheno: -7.09384
-------------------------------
Output1 for generation 8900:

Oceanic mean pheno: 9.76454
Freshwater mean pheno: -7.30128
-------------------------------
Output1 for generation 9000:

Oceanic mean pheno: 9.64916
Freshwater mean pheno: -7.3662
-------------------------------
Output1 for generation 9100:

Oceanic mean pheno: 9.57534
Freshwater mean pheno: -7.42536
-------------------------------
Output1 for generation 9200:

Oceanic mean pheno: 9.60259
Freshwater mean pheno: -7.36693
-------------------------------
Output1 for generation 9300:

Oceanic mean pheno: 9.60162
Freshwater mean pheno: -7.52442
-------------------------------
Output1 for generation 9400:

Oceanic mean pheno: 9.61071
Freshwater mean pheno: -7.5248
-------------------------------
Output1 for generation 9500:

Oceanic mean pheno: 9.60621
Freshwater mean pheno: -7.55955
-------------------------------
Output1 for generation 9600:

Oceanic mean pheno: 9.64282
Freshwater mean pheno: -7.53097
-------------------------------
Output1 for generation 9700:

Oceanic mean pheno: 9.62912
Freshwater mean pheno: -7.66622
-------------------------------
Output1 for generation 9800:

Oceanic mean pheno: 9.60412
Freshwater mean pheno: -7.60198
-------------------------------
Output1 for generation 9900:

Oceanic mean pheno: 9.65976
Freshwater mean pheno: -7.60018
-------------------------------
Output1 for generation 10000:

Oceanic mean pheno: 9.6968
Freshwater mean pheno: -7.59229
-------------------------------
Output1 for generation 10100:

Oceanic mean pheno: 9.65457
Freshwater mean pheno: -7.55644
-------------------------------
Output1 for generation 10200:

Oceanic mean pheno: 9.70326
Freshwater mean pheno: -7.53898
-------------------------------
Output1 for generation 10300:

Oceanic mean pheno: 9.68245
Freshwater mean pheno: -7.4754
-------------------------------
Output1 for generation 10400:

Oceanic mean pheno: 9.71797
Freshwater mean pheno: -7.49483
-------------------------------
Output1 for generation 10500:

Oceanic mean pheno: 9.80052
Freshwater mean pheno: -7.47587
-------------------------------
Output1 for generation 10600:

Oceanic mean pheno: 9.7827
Freshwater mean pheno: -7.59182
-------------------------------
Output1 for generation 10700:

Oceanic mean pheno: 9.71768
Freshwater mean pheno: -7.5829
-------------------------------
Output1 for generation 10800:

Oceanic mean pheno: 9.71399
Freshwater mean pheno: -7.59252
-------------------------------
Output1 for generation 10900:

Oceanic mean pheno: 9.71556
Freshwater mean pheno: -7.52891
-------------------------------
Output1 for generation 11000:

Oceanic mean pheno: 9.6951
Freshwater mean pheno: -7.6808
-------------------------------
Output1 for generation 11100:

Oceanic mean pheno: 9.69289
Freshwater mean pheno: -7.57635
-------------------------------
Output1 for generation 11200:

Oceanic mean pheno: 9.65435
Freshwater mean pheno: -7.60634
-------------------------------
Output1 for generation 11300:

Oceanic mean pheno: 9.65433
Freshwater mean pheno: -7.56197
-------------------------------
Output1 for generation 11400:

Oceanic mean pheno: 9.64137
Freshwater mean pheno: -7.65953
-------------------------------
Output1 for generation 11500:

Oceanic mean pheno: 9.6245
Freshwater mean pheno: -7.7328
-------------------------------
Output1 for generation 11600:

Oceanic mean pheno: 9.64056
Freshwater mean pheno: -7.61626
-------------------------------
Output1 for generation 11700:

Oceanic mean pheno: 9.65104
Freshwater mean pheno: -7.73479
-------------------------------
Output1 for generation 11800:

Oceanic mean pheno: 9.60904
Freshwater mean pheno: -7.73953
-------------------------------
Output1 for generation 11900:

Oceanic mean pheno: 9.65377
Freshwater mean pheno: -7.74503
-------------------------------
Output1 for generation 12000:

Oceanic mean pheno: 9.70485
Freshwater mean pheno: -7.75061
-------------------------------
Output1 for generation 12100:

Oceanic mean pheno: 9.78018
Freshwater mean pheno: -7.66925
-------------------------------
Output1 for generation 12200:

Oceanic mean pheno: 9.79082
Freshwater mean pheno: -7.72456
-------------------------------
Output1 for generation 12300:

Oceanic mean pheno: 9.76968
Freshwater mean pheno: -7.715
-------------------------------
Output1 for generation 12400:

Oceanic mean pheno: 9.73936
Freshwater mean pheno: -7.72076
-------------------------------
Output1 for generation 12500:

Oceanic mean pheno: 9.78948
Freshwater mean pheno: -7.8197
-------------------------------
Output1 for generation 12600:

Oceanic mean pheno: 9.83419
Freshwater mean pheno: -7.75485
-------------------------------
Output1 for generation 12700:

Oceanic mean pheno: 9.86657
Freshwater mean pheno: -7.87301
-------------------------------
Output1 for generation 12800:

Oceanic mean pheno: 9.8502
Freshwater mean pheno: -8.00568
-------------------------------
Output1 for generation 12900:

Oceanic mean pheno: 9.83503
Freshwater mean pheno: -7.99527
-------------------------------
Output1 for generation 13000:

Oceanic mean pheno: 9.79756
Freshwater mean pheno: -8.00528
-------------------------------
Output1 for generation 13100:

Oceanic mean pheno: 9.82746
Freshwater mean pheno: -8.01982
-------------------------------
Output1 for generation 13200:

Oceanic mean pheno: 9.7939
Freshwater mean pheno: -8.03312
-------------------------------
Output1 for generation 13300:

Oceanic mean pheno: 9.83047
Freshwater mean pheno: -7.99531
-------------------------------
Output1 for generation 13400:

Oceanic mean pheno: 9.78973
Freshwater mean pheno: -8.03395
-------------------------------
Output1 for generation 13500:

Oceanic mean pheno: 9.8396
Freshwater mean pheno: -8.10764
-------------------------------
Output1 for generation 13600:

Oceanic mean pheno: 9.91512
Freshwater mean pheno: -8.01689
-------------------------------
Output1 for generation 13700:

Oceanic mean pheno: 9.93839
Freshwater mean pheno: -8.04803
-------------------------------
Output1 for generation 13800:

Oceanic mean pheno: 9.95335
Freshwater mean pheno: -8.14375
-------------------------------
Output1 for generation 13900:

Oceanic mean pheno: 9.91583
Freshwater mean pheno: -8.04074
-------------------------------
Output1 for generation 14000:

Oceanic mean pheno: 9.88674
Freshwater mean pheno: -8.00728
-------------------------------
Output1 for generation 14100:

Oceanic mean pheno: 9.87505
Freshwater mean pheno: -8.08431
-------------------------------
Output1 for generation 14200:

Oceanic mean pheno: 9.94525
Freshwater mean pheno: -8.10148
-------------------------------
Output1 for generation 14300:

Oceanic mean pheno: 9.98355
Freshwater mean pheno: -8.17266
-------------------------------
Output1 for generation 14400:

Oceanic mean pheno: 9.96748
Freshwater mean pheno: -8.31284
-------------------------------
Output1 for generation 14500:

Oceanic mean pheno: 9.88699
Freshwater mean pheno: -8.3296
-------------------------------
Output1 for generation 14600:

Oceanic mean pheno: 9.91678
Freshwater mean pheno: -8.21372
-------------------------------
Output1 for generation 14700:

Oceanic mean pheno: 9.94309
Freshwater mean pheno: -8.28209
-------------------------------
Output1 for generation 14800:

Oceanic mean pheno: 9.92256
Freshwater mean pheno: -8.35633
-------------------------------
Output1 for generation 14900:

Oceanic mean pheno: 9.98226
Freshwater mean pheno: -8.38832
-------------------------------
Output1 for generation 15000:

Oceanic mean pheno: 9.99861
Freshwater mean pheno: -8.38171
-------------------------------
Output1 for generation 15100:

Oceanic mean pheno: 9.98285
Freshwater mean pheno: -8.35404
-------------------------------
Output1 for generation 15200:

Oceanic mean pheno: 9.95551
Freshwater mean pheno: -8.38582
-------------------------------
Output1 for generation 15300:

Oceanic mean pheno: 9.99416
Freshwater mean pheno: -8.40298
-------------------------------
Output1 for generation 15400:

Oceanic mean pheno: 9.97293
Freshwater mean pheno: -8.43461
-------------------------------
Output1 for generation 15500:

Oceanic mean pheno: 9.93481
Freshwater mean pheno: -8.53126
-------------------------------
Output1 for generation 15600:

Oceanic mean pheno: 9.93062
Freshwater mean pheno: -8.50119
-------------------------------
Output1 for generation 15700:

Oceanic mean pheno: 9.98167
Freshwater mean pheno: -8.52251
-------------------------------
Output1 for generation 15800:

Oceanic mean pheno: 10.0061
Freshwater mean pheno: -8.53709
-------------------------------
Output1 for generation 15900:

Oceanic mean pheno: 10.0189
Freshwater mean pheno: -8.49422
-------------------------------
Output1 for generation 16000:

Oceanic mean pheno: 10.0195
Freshwater mean pheno: -8.51496
-------------------------------
Output1 for generation 16100:

Oceanic mean pheno: 10.0068
Freshwater mean pheno: -8.50295
-------------------------------
Output1 for generation 16200:

Oceanic mean pheno: 10.0548
Freshwater mean pheno: -8.55059
-------------------------------
Output1 for generation 16300:

Oceanic mean pheno: 10.1007
Freshwater mean pheno: -8.52264
-------------------------------
Output1 for generation 16400:

Oceanic mean pheno: 10.1565
Freshwater mean pheno: -8.51131
-------------------------------
Output1 for generation 16500:

Oceanic mean pheno: 10.1905
Freshwater mean pheno: -8.56466
-------------------------------
Output1 for generation 16600:

Oceanic mean pheno: 10.161
Freshwater mean pheno: -8.67367
-------------------------------
Output1 for generation 16700:

Oceanic mean pheno: 10.0694
Freshwater mean pheno: -8.6611
-------------------------------
Output1 for generation 16800:

Oceanic mean pheno: 10.1167
Freshwater mean pheno: -8.74487
-------------------------------
Output1 for generation 16900:

Oceanic mean pheno: 10.0138
Freshwater mean pheno: -8.86915
-------------------------------
Output1 for generation 17000:

Oceanic mean pheno: 9.94411
Freshwater mean pheno: -8.93083
-------------------------------
Output1 for generation 17100:

Oceanic mean pheno: 9.91989
Freshwater mean pheno: -8.91716
-------------------------------
Output1 for generation 17200:

Oceanic mean pheno: 9.94883
Freshwater mean pheno: -8.87787
-------------------------------
Output1 for generation 17300:

Oceanic mean pheno: 9.99795
Freshwater mean pheno: -8.86722
-------------------------------
Output1 for generation 17400:

Oceanic mean pheno: 10.123
Freshwater mean pheno: -8.89124
-------------------------------
Output1 for generation 17500:

Oceanic mean pheno: 10.0852
Freshwater mean pheno: -8.94621
-------------------------------
Output1 for generation 17600:

Oceanic mean pheno: 10.0556
Freshwater mean pheno: -8.94836
-------------------------------
Output1 for generation 17700:

Oceanic mean pheno: 10.0561
Freshwater mean pheno: -8.89015
-------------------------------
Output1 for generation 17800:

Oceanic mean pheno: 10.0412
Freshwater mean pheno: -8.95099
-------------------------------
Output1 for generation 17900:

Oceanic mean pheno: 10.0254
Freshwater mean pheno: -8.91822
-------------------------------
Output1 for generation 18000:

Oceanic mean pheno: 10.0328
Freshwater mean pheno: -8.91569
-------------------------------
Output1 for generation 18100:

Oceanic mean pheno: 10.0651
Freshwater mean pheno: -8.8822
-------------------------------
Output1 for generation 18200:

Oceanic mean pheno: 10.0863
Freshwater mean pheno: -8.89776
-------------------------------
Output1 for generation 18300:

Oceanic mean pheno: 9.97137
Freshwater mean pheno: -8.9565
-------------------------------
Output1 for generation 18400:

Oceanic mean pheno: 10.033
Freshwater mean pheno: -8.88378
-------------------------------
Output1 for generation 18500:

Oceanic mean pheno: 10.0536
Freshwater mean pheno: -8.87732
-------------------------------
Output1 for generation 18600:

Oceanic mean pheno: 10.005
Freshwater mean pheno: -8.93505
-------------------------------
Output1 for generation 18700:

Oceanic mean pheno: 9.96713
Freshwater mean pheno: -8.95162
-------------------------------
Output1 for generation 18800:

Oceanic mean pheno: 9.97726
Freshwater mean pheno: -8.99916
-------------------------------
Output1 for generation 18900:

Oceanic mean pheno: 9.98097
Freshwater mean pheno: -9.00927
-------------------------------
Output1 for generation 19000:

Oceanic mean pheno: 10
Freshwater mean pheno: -9.06986
-------------------------------
Output1 for generation 19100:

Oceanic mean pheno: 10.033
Freshwater mean pheno: -9.03898
-------------------------------
Output1 for generation 19200:

Oceanic mean pheno: 10.0915
Freshwater mean pheno: -9.10115
-------------------------------
Output1 for generation 19300:

Oceanic mean pheno: 10.1191
Freshwater mean pheno: -9.036
-------------------------------
Output1 for generation 19400:

Oceanic mean pheno: 10.1488
Freshwater mean pheno: -9.24393
-------------------------------
Output1 for generation 19500:

Oceanic mean pheno: 10.162
Freshwater mean pheno: -9.28227
-------------------------------
Output1 for generation 19600:

Oceanic mean pheno: 10.1216
Freshwater mean pheno: -9.27393
-------------------------------
Output1 for generation 19700:

Oceanic mean pheno: 10.0939
Freshwater mean pheno: -9.2168
-------------------------------
Output1 for generation 19800:

Oceanic mean pheno: 10.0734
Freshwater mean pheno: -9.22438
-------------------------------
Output1 for generation 19900:

Oceanic mean pheno: 9.9236
Freshwater mean pheno: -9.21109
-------------------------------
Output1 for generation 20000:

Oceanic mean pheno: 9.9603
Freshwater mean pheno: -9.23993
new Freshwater mean pheno: 9.95509
-------------------------------
Output1 for generation 20100:

Oceanic mean pheno: 9.92407
Freshwater mean pheno: -9.18416
new Freshwater mean pheno: 8.92493
-------------------------------
Output1 for generation 20200:

Oceanic mean pheno: 9.97074
Freshwater mean pheno: -9.18319
new Freshwater mean pheno: 8.46955
-------------------------------
Output1 for generation 20300:

Oceanic mean pheno: 10.0909
Freshwater mean pheno: -9.18277
new Freshwater mean pheno: 8.22567
-------------------------------
Output1 for generation 20400:

Oceanic mean pheno: 10.0902
Freshwater mean pheno: -9.22934
new Freshwater mean pheno: 8.05185
-------------------------------
Output1 for generation 20500:

Oceanic mean pheno: 9.96802
Freshwater mean pheno: -9.14933
new Freshwater mean pheno: 8.06951
-------------------------------
Output1 for generation 20600:

Oceanic mean pheno: 9.97266
Freshwater mean pheno: -9.17004
new Freshwater mean pheno: 7.41666
-------------------------------
Output1 for generation 20700:

Oceanic mean pheno: 9.97485
Freshwater mean pheno: -9.20351
new Freshwater mean pheno: 6.75828
-------------------------------
Output1 for generation 20800:

Oceanic mean pheno: 9.97418
Freshwater mean pheno: -9.22333
new Freshwater mean pheno: 6.45978
-------------------------------
Output1 for generation 20900:

Oceanic mean pheno: 10.047
Freshwater mean pheno: -9.20787
new Freshwater mean pheno: 6.1351
-------------------------------
Output1 for generation 21000:

Oceanic mean pheno: 10.0683
Freshwater mean pheno: -9.20005
new Freshwater mean pheno: 6.14759
-------------------------------
Output1 for generation 21100:

Oceanic mean pheno: 10.0832
Freshwater mean pheno: -9.18763
new Freshwater mean pheno: 6.21438
-------------------------------
Output1 for generation 21200:

Oceanic mean pheno: 10.2419
Freshwater mean pheno: -9.23887
new Freshwater mean pheno: 6.12134
-------------------------------
Output1 for generation 21300:

Oceanic mean pheno: 10.2353
Freshwater mean pheno: -9.1775
new Freshwater mean pheno: 6.07704
-------------------------------
Output1 for generation 21400:

Oceanic mean pheno: 10.1766
Freshwater mean pheno: -9.20345
new Freshwater mean pheno: 5.87106
-------------------------------
Output1 for generation 21500:

Oceanic mean pheno: 10.1707
Freshwater mean pheno: -9.23974
new Freshwater mean pheno: 5.63843
-------------------------------
Output1 for generation 21600:

Oceanic mean pheno: 10.1873
Freshwater mean pheno: -9.17965
new Freshwater mean pheno: 5.72059
-------------------------------
Output1 for generation 21700:

Oceanic mean pheno: 10.1951
Freshwater mean pheno: -9.24499
new Freshwater mean pheno: 5.76435
-------------------------------
Output1 for generation 21800:

Oceanic mean pheno: 10.1562
Freshwater mean pheno: -9.17143
new Freshwater mean pheno: 5.64528
-------------------------------
Output1 for generation 21900:

Oceanic mean pheno: 10.1918
Freshwater mean pheno: -9.17869
new Freshwater mean pheno: 5.68485
-------------------------------
Output1 for generation 22000:

Oceanic mean pheno: 10.2042
Freshwater mean pheno: -9.2151
new Freshwater mean pheno: 5.5269
-------------------------------
Output1 for generation 22100:

Oceanic mean pheno: 10.2084
Freshwater mean pheno: -9.19222
new Freshwater mean pheno: 5.41951
-------------------------------
Output1 for generation 22200:

Oceanic mean pheno: 10.2026
Freshwater mean pheno: -9.17367
new Freshwater mean pheno: 5.26727
-------------------------------
Output1 for generation 22300:

Oceanic mean pheno: 10.1953
Freshwater mean pheno: -9.20961
new Freshwater mean pheno: 5.16281
-------------------------------
Output1 for generation 22400:

Oceanic mean pheno: 10.2377
Freshwater mean pheno: -9.16573
new Freshwater mean pheno: 5.10143
-------------------------------
Output1 for generation 22500:

Oceanic mean pheno: 10.2205
Freshwater mean pheno: -9.20722
new Freshwater mean pheno: 5.01073
-------------------------------
Output1 for generation 22600:

Oceanic mean pheno: 10.2175
Freshwater mean pheno: -9.24693
new Freshwater mean pheno: 5.13414
-------------------------------
Output1 for generation 22700:

Oceanic mean pheno: 10.2175
Freshwater mean pheno: -9.22659
new Freshwater mean pheno: 5.09805
-------------------------------
Output1 for generation 22800:

Oceanic mean pheno: 10.2061
Freshwater mean pheno: -9.22198
new Freshwater mean pheno: 5.03946
-------------------------------
Output1 for generation 22900:

Oceanic mean pheno: 10.211
Freshwater mean pheno: -9.18902
new Freshwater mean pheno: 4.44834
-------------------------------
Output1 for generation 23000:

Oceanic mean pheno: 10.2137
Freshwater mean pheno: -9.21051
new Freshwater mean pheno: 4.28091
-------------------------------
Output1 for generation 23100:

Oceanic mean pheno: 10.2268
Freshwater mean pheno: -9.20906
new Freshwater mean pheno: 4.15807
-------------------------------
Output1 for generation 23200:

Oceanic mean pheno: 10.2267
Freshwater mean pheno: -9.20505
new Freshwater mean pheno: 4.04418
-------------------------------
Output1 for generation 23300:

Oceanic mean pheno: 10.2006
Freshwater mean pheno: -9.19705
new Freshwater mean pheno: 4.04063
-------------------------------
Output1 for generation 23400:

Oceanic mean pheno: 10.1558
Freshwater mean pheno: -9.2501
new Freshwater mean pheno: 4.09736
-------------------------------
Output1 for generation 23500:

Oceanic mean pheno: 10.1917
Freshwater mean pheno: -9.24964
new Freshwater mean pheno: 4.00936
-------------------------------
Output1 for generation 23600:

Oceanic mean pheno: 10.2174
Freshwater mean pheno: -9.19508
new Freshwater mean pheno: 3.79628
-------------------------------
Output1 for generation 23700:

Oceanic mean pheno: 10.2175
Freshwater mean pheno: -9.22489
new Freshwater mean pheno: 3.59019
-------------------------------
Output1 for generation 23800:

Oceanic mean pheno: 10.2176
Freshwater mean pheno: -9.19995
new Freshwater mean pheno: 3.3819
-------------------------------
Output1 for generation 23900:

Oceanic mean pheno: 10.2203
Freshwater mean pheno: -9.15876
new Freshwater mean pheno: 3.34926
-------------------------------
Output1 for generation 24000:

Oceanic mean pheno: 10.2173
Freshwater mean pheno: -9.17415
new Freshwater mean pheno: 3.184
-------------------------------
Output1 for generation 24100:

Oceanic mean pheno: 10.2147
Freshwater mean pheno: -9.09353
new Freshwater mean pheno: 2.8565
-------------------------------
Output1 for generation 24200:

Oceanic mean pheno: 10.2101
Freshwater mean pheno: -9.16674
new Freshwater mean pheno: 2.48379
-------------------------------
Output1 for generation 24300:

Oceanic mean pheno: 10.2133
Freshwater mean pheno: -9.17591
new Freshwater mean pheno: 2.35633
-------------------------------
Output1 for generation 24400:

Oceanic mean pheno: 10.2197
Freshwater mean pheno: -9.1839
new Freshwater mean pheno: 2.40268
-------------------------------
Output1 for generation 24500:

Oceanic mean pheno: 10.2174
Freshwater mean pheno: -9.24029
new Freshwater mean pheno: 2.21266
-------------------------------
Output1 for generation 24600:

Oceanic mean pheno: 10.2263
Freshwater mean pheno: -9.20588
new Freshwater mean pheno: 2.23217
-------------------------------
Output1 for generation 24700:

Oceanic mean pheno: 10.2251
Freshwater mean pheno: -9.24506
new Freshwater mean pheno: 2.12962
-------------------------------
Output1 for generation 24800:

Oceanic mean pheno: 10.2268
Freshwater mean pheno: -9.21755
new Freshwater mean pheno: 2.04177
-------------------------------
Output1 for generation 24900:

Oceanic mean pheno: 10.2375
Freshwater mean pheno: -9.1558
new Freshwater mean pheno: 1.78572
-------------------------------
Output1 for generation 25000:

Oceanic mean pheno: 10.2575
Freshwater mean pheno: -9.21727
new Freshwater mean pheno: 1.62627
-------------------------------
Output1 for generation 25100:

Oceanic mean pheno: 10.2621
Freshwater mean pheno: -9.17584
new Freshwater mean pheno: 1.72712
-------------------------------
Output1 for generation 25200:

Oceanic mean pheno: 10.1968
Freshwater mean pheno: -9.22606
new Freshwater mean pheno: 1.72347
-------------------------------
Output1 for generation 25300:

Oceanic mean pheno: 10.2048
Freshwater mean pheno: -9.21127
new Freshwater mean pheno: 1.54848
-------------------------------
Output1 for generation 25400:

Oceanic mean pheno: 10.2076
Freshwater mean pheno: -9.34963
new Freshwater mean pheno: 1.45741
-------------------------------
Output1 for generation 25500:

Oceanic mean pheno: 10.2119
Freshwater mean pheno: -9.46916
new Freshwater mean pheno: 1.29806
-------------------------------
Output1 for generation 25600:

Oceanic mean pheno: 10.2172
Freshwater mean pheno: -9.44144
new Freshwater mean pheno: 1.24849
-------------------------------
Output1 for generation 25700:

Oceanic mean pheno: 10.2176
Freshwater mean pheno: -9.54857
new Freshwater mean pheno: 1.06497
-------------------------------
Output1 for generation 25800:

Oceanic mean pheno: 10.2172
Freshwater mean pheno: -9.50973
new Freshwater mean pheno: 0.864639
-------------------------------
Output1 for generation 25900:

Oceanic mean pheno: 10.2189
Freshwater mean pheno: -9.55445
new Freshwater mean pheno: 0.00888457
-------------------------------
Output1 for generation 26000:

Oceanic mean pheno: 10.2203
Freshwater mean pheno: -9.57473
new Freshwater mean pheno: -0.260354
-------------------------------
Output1 for generation 26100:

Oceanic mean pheno: 10.2239
Freshwater mean pheno: -9.53407
new Freshwater mean pheno: -0.26812
-------------------------------
Output1 for generation 26200:

Oceanic mean pheno: 10.2215
Freshwater mean pheno: -9.57639
new Freshwater mean pheno: -0.293239
-------------------------------
Output1 for generation 26300:

Oceanic mean pheno: 10.2407
Freshwater mean pheno: -9.55242
new Freshwater mean pheno: -0.316419
-------------------------------
Output1 for generation 26400:

Oceanic mean pheno: 10.2175
Freshwater mean pheno: -9.57277
new Freshwater mean pheno: -0.474614
-------------------------------
Output1 for generation 26500:

Oceanic mean pheno: 10.2186
Freshwater mean pheno: -9.42422
new Freshwater mean pheno: -0.651655
-------------------------------
Output1 for generation 26600:

Oceanic mean pheno: 10.2095
Freshwater mean pheno: -9.41481
new Freshwater mean pheno: -0.524346
-------------------------------
Output1 for generation 26700:

Oceanic mean pheno: 10.1717
Freshwater mean pheno: -9.51137
new Freshwater mean pheno: -0.649833
-------------------------------
Output1 for generation 26800:

Oceanic mean pheno: 10.2391
Freshwater mean pheno: -9.71246
new Freshwater mean pheno: -0.580392
-------------------------------
Output1 for generation 26900:

Oceanic mean pheno: 10.2209
Freshwater mean pheno: -9.82248
new Freshwater mean pheno: -0.659201
-------------------------------
Output1 for generation 27000:

Oceanic mean pheno: 10.2192
Freshwater mean pheno: -9.72793
new Freshwater mean pheno: -0.87785
-------------------------------
Output1 for generation 27100:

Oceanic mean pheno: 10.2178
Freshwater mean pheno: -9.77877
new Freshwater mean pheno: -0.943173
-------------------------------
Output1 for generation 27200:

Oceanic mean pheno: 10.2191
Freshwater mean pheno: -9.73118
new Freshwater mean pheno: -1.04722
-------------------------------
Output1 for generation 27300:

Oceanic mean pheno: 10.2158
Freshwater mean pheno: -9.74352
new Freshwater mean pheno: -0.998833
-------------------------------
Output1 for generation 27400:

Oceanic mean pheno: 10.2181
Freshwater mean pheno: -9.78699
new Freshwater mean pheno: -0.943936
-------------------------------
Output1 for generation 27500:

Oceanic mean pheno: 10.2264
Freshwater mean pheno: -9.75087
new Freshwater mean pheno: -1.12635
-------------------------------
Output1 for generation 27600:

Oceanic mean pheno: 10.2175
Freshwater mean pheno: -9.76194
new Freshwater mean pheno: -1.11454
-------------------------------
Output1 for generation 27700:

Oceanic mean pheno: 10.2001
Freshwater mean pheno: -9.75236
new Freshwater mean pheno: -1.30749
-------------------------------
Output1 for generation 27800:

Oceanic mean pheno: 10.124
Freshwater mean pheno: -9.72484
new Freshwater mean pheno: -1.16213
-------------------------------
Output1 for generation 27900:

Oceanic mean pheno: 10.2161
Freshwater mean pheno: -9.76927
new Freshwater mean pheno: -1.27898
-------------------------------
Output1 for generation 28000:

Oceanic mean pheno: 10.1687
Freshwater mean pheno: -9.71495
new Freshwater mean pheno: -1.37631
-------------------------------
Output1 for generation 28100:

Oceanic mean pheno: 10.2171
Freshwater mean pheno: -9.74042
new Freshwater mean pheno: -1.37723
-------------------------------
Output1 for generation 28200:

Oceanic mean pheno: 10.2407
Freshwater mean pheno: -9.75262
new Freshwater mean pheno: -1.4053
-------------------------------
Output1 for generation 28300:

Oceanic mean pheno: 10.2273
Freshwater mean pheno: -9.82728
new Freshwater mean pheno: -1.35478
-------------------------------
Output1 for generation 28400:

Oceanic mean pheno: 10.2179
Freshwater mean pheno: -9.82904
new Freshwater mean pheno: -1.43035
-------------------------------
Output1 for generation 28500:

Oceanic mean pheno: 10.2173
Freshwater mean pheno: -9.84771
new Freshwater mean pheno: -1.50631
-------------------------------
Output1 for generation 28600:

Oceanic mean pheno: 10.2178
Freshwater mean pheno: -9.80394
new Freshwater mean pheno: -1.63158
-------------------------------
Output1 for generation 28700:

Oceanic mean pheno: 10.2259
Freshwater mean pheno: -9.83546
new Freshwater mean pheno: -1.93422
-------------------------------
Output1 for generation 28800:

Oceanic mean pheno: 10.21
Freshwater mean pheno: -9.89994
new Freshwater mean pheno: -2.07398
-------------------------------
Output1 for generation 28900:

Oceanic mean pheno: 10.217
Freshwater mean pheno: -9.84976
new Freshwater mean pheno: -2.0151
-------------------------------
Output1 for generation 29000:

Oceanic mean pheno: 10.2095
Freshwater mean pheno: -9.85805
new Freshwater mean pheno: -2.03265
-------------------------------
Output1 for generation 29100:

Oceanic mean pheno: 10.1746
Freshwater mean pheno: -9.84153
new Freshwater mean pheno: -2.08313
-------------------------------
Output1 for generation 29200:

Oceanic mean pheno: 10.1153
Freshwater mean pheno: -9.80783
new Freshwater mean pheno: -2.18802
-------------------------------
Output1 for generation 29300:

Oceanic mean pheno: 10.1294
Freshwater mean pheno: -9.79813
new Freshwater mean pheno: -2.15249
-------------------------------
Output1 for generation 29400:

Oceanic mean pheno: 10.1696
Freshwater mean pheno: -9.85654
new Freshwater mean pheno: -2.21473
-------------------------------
Output1 for generation 29500:

Oceanic mean pheno: 10.1687
Freshwater mean pheno: -9.90034
new Freshwater mean pheno: -2.14689
-------------------------------
Output1 for generation 29600:

Oceanic mean pheno: 10.1781
Freshwater mean pheno: -9.9077
new Freshwater mean pheno: -2.47355
-------------------------------
Output1 for generation 29700:

Oceanic mean pheno: 10.1541
Freshwater mean pheno: -9.83919
new Freshwater mean pheno: -2.32652
-------------------------------
Output1 for generation 29800:

Oceanic mean pheno: 10.1931
Freshwater mean pheno: -9.90259
new Freshwater mean pheno: -2.37757
-------------------------------
Output1 for generation 29900:

Oceanic mean pheno: 10.2072
Freshwater mean pheno: -9.83092
new Freshwater mean pheno: -2.46701
-------------------------------
Output1 for generation 30000:

Oceanic mean pheno: 10.2505
Freshwater mean pheno: -9.90266
new Freshwater mean pheno: -2.33597
-------------------------------
Output1 for generation 30100:

Oceanic mean pheno: 10.2191
Freshwater mean pheno: -9.84338
new Freshwater mean pheno: -2.88669
-------------------------------
Output1 for generation 30200:

Oceanic mean pheno: 10.3615
Freshwater mean pheno: -9.86187
new Freshwater mean pheno: -2.88041
-------------------------------
Output1 for generation 30300:

Oceanic mean pheno: 10.3769
Freshwater mean pheno: -9.89522
new Freshwater mean pheno: -2.9016
-------------------------------
Output1 for generation 30400:

Oceanic mean pheno: 10.4436
Freshwater mean pheno: -9.88893
new Freshwater mean pheno: -2.74234
-------------------------------
Output1 for generation 30500:

Oceanic mean pheno: 10.3331
Freshwater mean pheno: -9.88387
new Freshwater mean pheno: -3.20816
-------------------------------
Output1 for generation 30600:

Oceanic mean pheno: 10.266
Freshwater mean pheno: -9.86332
new Freshwater mean pheno: -3.33031
-------------------------------
Output1 for generation 30700:

Oceanic mean pheno: 10.4584
Freshwater mean pheno: -9.86219
new Freshwater mean pheno: -3.41749
-------------------------------
Output1 for generation 30800:

Oceanic mean pheno: 10.4396
Freshwater mean pheno: -9.87341
new Freshwater mean pheno: -3.58738
-------------------------------
Output1 for generation 30900:

Oceanic mean pheno: 10.4163
Freshwater mean pheno: -9.84685
new Freshwater mean pheno: -3.43221
-------------------------------
Output1 for generation 31000:

Oceanic mean pheno: 10.396
Freshwater mean pheno: -9.84538
new Freshwater mean pheno: -3.61697
-------------------------------
Output1 for generation 31100:

Oceanic mean pheno: 10.3951
Freshwater mean pheno: -9.88547
new Freshwater mean pheno: -3.56651
-------------------------------
Output1 for generation 31200:

Oceanic mean pheno: 10.3696
Freshwater mean pheno: -9.85922
new Freshwater mean pheno: -3.54503
-------------------------------
Output1 for generation 31300:

Oceanic mean pheno: 10.4494
Freshwater mean pheno: -9.85408
new Freshwater mean pheno: -3.4984
-------------------------------
Output1 for generation 31400:

Oceanic mean pheno: 10.4238
Freshwater mean pheno: -9.90826
new Freshwater mean pheno: -3.50689
-------------------------------
Output1 for generation 31500:

Oceanic mean pheno: 10.4087
Freshwater mean pheno: -9.91792
new Freshwater mean pheno: -3.52368
-------------------------------
Output1 for generation 31600:

Oceanic mean pheno: 10.3758
Freshwater mean pheno: -9.91246
new Freshwater mean pheno: -3.5103
-------------------------------
Output1 for generation 31700:

Oceanic mean pheno: 10.4013
Freshwater mean pheno: -9.94192
new Freshwater mean pheno: -3.55337
-------------------------------
Output1 for generation 31800:

Oceanic mean pheno: 10.3826
Freshwater mean pheno: -10.0549
new Freshwater mean pheno: -3.47318
-------------------------------
Output1 for generation 31900:

Oceanic mean pheno: 10.3322
Freshwater mean pheno: -10.1317
new Freshwater mean pheno: -3.65148
-------------------------------
Output1 for generation 32000:

Oceanic mean pheno: 10.3443
Freshwater mean pheno: -10.0662
new Freshwater mean pheno: -3.64959
-------------------------------
Output1 for generation 32100:

Oceanic mean pheno: 10.3351
Freshwater mean pheno: -10.0119
new Freshwater mean pheno: -3.73236
-------------------------------
Output1 for generation 32200:

Oceanic mean pheno: 10.3503
Freshwater mean pheno: -10.1208
new Freshwater mean pheno: -3.97862
-------------------------------
Output1 for generation 32300:

Oceanic mean pheno: 10.3093
Freshwater mean pheno: -10.0362
new Freshwater mean pheno: -4.00141
-------------------------------
Output1 for generation 32400:

Oceanic mean pheno: 10.3504
Freshwater mean pheno: -10.0594
new Freshwater mean pheno: -4.05759
-------------------------------
Output1 for generation 32500:

Oceanic mean pheno: 10.3163
Freshwater mean pheno: -10.1452
new Freshwater mean pheno: -4.38049
-------------------------------
Output1 for generation 32600:

Oceanic mean pheno: 10.2086
Freshwater mean pheno: -10.1777
new Freshwater mean pheno: -4.44468
-------------------------------
Output1 for generation 32700:

Oceanic mean pheno: 10.2188
Freshwater mean pheno: -10.1437
new Freshwater mean pheno: -4.48694
-------------------------------
Output1 for generation 32800:

Oceanic mean pheno: 10.2229
Freshwater mean pheno: -10.1766
new Freshwater mean pheno: -4.48781
-------------------------------
Output1 for generation 32900:

Oceanic mean pheno: 10.2068
Freshwater mean pheno: -10.117
new Freshwater mean pheno: -4.56979
-------------------------------
Output1 for generation 33000:

Oceanic mean pheno: 10.2124
Freshwater mean pheno: -10.1231
new Freshwater mean pheno: -4.50958
-------------------------------
Output1 for generation 33100:

Oceanic mean pheno: 10.2092
Freshwater mean pheno: -10.2029
new Freshwater mean pheno: -4.42857
-------------------------------
Output1 for generation 33200:

Oceanic mean pheno: 10.2079
Freshwater mean pheno: -10.1159
new Freshwater mean pheno: -4.46017
-------------------------------
Output1 for generation 33300:

Oceanic mean pheno: 10.2167
Freshwater mean pheno: -10.1503
new Freshwater mean pheno: -4.48936
-------------------------------
Output1 for generation 33400:

Oceanic mean pheno: 10.2174
Freshwater mean pheno: -10.173
new Freshwater mean pheno: -4.47476
-------------------------------
Output1 for generation 33500:

Oceanic mean pheno: 10.2176
Freshwater mean pheno: -10.1626
new Freshwater mean pheno: -4.40791
-------------------------------
Output1 for generation 33600:

Oceanic mean pheno: 10.2163
Freshwater mean pheno: -10.174
new Freshwater mean pheno: -4.55814
-------------------------------
Output1 for generation 33700:

Oceanic mean pheno: 10.2143
Freshwater mean pheno: -10.1413
new Freshwater mean pheno: -4.50139
-------------------------------
Output1 for generation 33800:

Oceanic mean pheno: 10.1998
Freshwater mean pheno: -10.1573
new Freshwater mean pheno: -4.49934
-------------------------------
Output1 for generation 33900:

Oceanic mean pheno: 10.2397
Freshwater mean pheno: -10.1258
new Freshwater mean pheno: -4.50772
-------------------------------
Output1 for generation 34000:

Oceanic mean pheno: 10.2589
Freshwater mean pheno: -10.1378
new Freshwater mean pheno: -4.57034
-------------------------------
Output1 for generation 34100:

Oceanic mean pheno: 10.213
Freshwater mean pheno: -10.18
new Freshwater mean pheno: -4.56588
-------------------------------
Output1 for generation 34200:

Oceanic mean pheno: 10.2139
Freshwater mean pheno: -10.1351
new Freshwater mean pheno: -4.48487
-------------------------------
Output1 for generation 34300:

Oceanic mean pheno: 10.2258
Freshwater mean pheno: -10.162
new Freshwater mean pheno: -4.60238
-------------------------------
Output1 for generation 34400:

Oceanic mean pheno: 10.2008
Freshwater mean pheno: -10.2366
new Freshwater mean pheno: -4.62212
-------------------------------
Output1 for generation 34500:

Oceanic mean pheno: 10.2035
Freshwater mean pheno: -10.1742
new Freshwater mean pheno: -4.67241
-------------------------------
Output1 for generation 34600:

Oceanic mean pheno: 10.2201
Freshwater mean pheno: -10.1699
new Freshwater mean pheno: -4.75246
-------------------------------
Output1 for generation 34700:

Oceanic mean pheno: 10.2216
Freshwater mean pheno: -10.1551
new Freshwater mean pheno: -4.75189
-------------------------------
Output1 for generation 34800:

Oceanic mean pheno: 10.2188
Freshwater mean pheno: -10.1853
new Freshwater mean pheno: -4.76421
-------------------------------
Output1 for generation 34900:

Oceanic mean pheno: 10.2161
Freshwater mean pheno: -10.1834
new Freshwater mean pheno: -4.81381
-------------------------------
Output1 for generation 35000:

Oceanic mean pheno: 10.2261
Freshwater mean pheno: -10.0829
new Freshwater mean pheno: -4.78382
-------------------------------
Output1 for generation 35100:

Oceanic mean pheno: 10.2117
Freshwater mean pheno: -10.1581
new Freshwater mean pheno: -4.73681
-------------------------------
Output1 for generation 35200:

Oceanic mean pheno: 10.2175
Freshwater mean pheno: -10.152
new Freshwater mean pheno: -4.88937
-------------------------------
Output1 for generation 35300:

Oceanic mean pheno: 10.2175
Freshwater mean pheno: -10.1304
new Freshwater mean pheno: -5.01572
-------------------------------
Output1 for generation 35400:

Oceanic mean pheno: 10.2094
Freshwater mean pheno: -10.1315
new Freshwater mean pheno: -4.92907
-------------------------------
Output1 for generation 35500:

Oceanic mean pheno: 10.2165
Freshwater mean pheno: -10.1655
new Freshwater mean pheno: -5.27941
-------------------------------
Output1 for generation 35600:

Oceanic mean pheno: 10.223
Freshwater mean pheno: -10.1966
new Freshwater mean pheno: -5.54986
-------------------------------
Output1 for generation 35700:

Oceanic mean pheno: 10.225
Freshwater mean pheno: -10.122
new Freshwater mean pheno: -5.63597
-------------------------------
Output1 for generation 35800:

Oceanic mean pheno: 10.25
Freshwater mean pheno: -10.1971
new Freshwater mean pheno: -5.56529
-------------------------------
Output1 for generation 35900:

Oceanic mean pheno: 10.2099
Freshwater mean pheno: -10.158
new Freshwater mean pheno: -5.53285
-------------------------------
Output1 for generation 36000:

Oceanic mean pheno: 10.223
Freshwater mean pheno: -10.1826
new Freshwater mean pheno: -5.54151
-------------------------------
Output1 for generation 36100:

Oceanic mean pheno: 10.2169
Freshwater mean pheno: -10.1389
new Freshwater mean pheno: -5.69686
-------------------------------
Output1 for generation 36200:

Oceanic mean pheno: 10.2065
Freshwater mean pheno: -10.1003
new Freshwater mean pheno: -5.58847
-------------------------------
Output1 for generation 36300:

Oceanic mean pheno: 10.2184
Freshwater mean pheno: -10.0089
new Freshwater mean pheno: -5.72554
-------------------------------
Output1 for generation 36400:

Oceanic mean pheno: 10.2184
Freshwater mean pheno: -9.91576
new Freshwater mean pheno: -5.65827
-------------------------------
Output1 for generation 36500:

Oceanic mean pheno: 10.2219
Freshwater mean pheno: -9.98336
new Freshwater mean pheno: -5.70252
-------------------------------
Output1 for generation 36600:

Oceanic mean pheno: 10.227
Freshwater mean pheno: -9.85549
new Freshwater mean pheno: -5.71033
-------------------------------
Output1 for generation 36700:

Oceanic mean pheno: 10.2212
Freshwater mean pheno: -9.97327
new Freshwater mean pheno: -5.64802
-------------------------------
Output1 for generation 36800:

Oceanic mean pheno: 10.2184
Freshwater mean pheno: -10.0554
new Freshwater mean pheno: -5.66977
-------------------------------
Output1 for generation 36900:

Oceanic mean pheno: 10.23
Freshwater mean pheno: -10.1104
new Freshwater mean pheno: -5.84158
-------------------------------
Output1 for generation 37000:

Oceanic mean pheno: 10.2175
Freshwater mean pheno: -10.0622
new Freshwater mean pheno: -5.8012
-------------------------------
Output1 for generation 37100:

Oceanic mean pheno: 10.2193
Freshwater mean pheno: -10.0325
new Freshwater mean pheno: -5.85342
-------------------------------
Output1 for generation 37200:

Oceanic mean pheno: 10.217
Freshwater mean pheno: -9.88585
new Freshwater mean pheno: -5.89029
-------------------------------
Output1 for generation 37300:

Oceanic mean pheno: 10.2161
Freshwater mean pheno: -10.0222
new Freshwater mean pheno: -5.8831
-------------------------------
Output1 for generation 37400:

Oceanic mean pheno: 10.2149
Freshwater mean pheno: -10.0481
new Freshwater mean pheno: -5.89574
-------------------------------
Output1 for generation 37500:

Oceanic mean pheno: 10.2146
Freshwater mean pheno: -10.1077
new Freshwater mean pheno: -5.89466
-------------------------------
Output1 for generation 37600:

Oceanic mean pheno: 10.2032
Freshwater mean pheno: -10.0255
new Freshwater mean pheno: -5.89815
-------------------------------
Output1 for generation 37700:

Oceanic mean pheno: 10.2117
Freshwater mean pheno: -10.1198
new Freshwater mean pheno: -5.80407
-------------------------------
Output1 for generation 37800:

Oceanic mean pheno: 10.2038
Freshwater mean pheno: -10.045
new Freshwater mean pheno: -5.88598
-------------------------------
Output1 for generation 37900:

Oceanic mean pheno: 10.2044
Freshwater mean pheno: -10.1233
new Freshwater mean pheno: -5.8597
-------------------------------
Output1 for generation 38000:

Oceanic mean pheno: 10.2091
Freshwater mean pheno: -10.0525
new Freshwater mean pheno: -5.85995
-------------------------------
Output1 for generation 38100:

Oceanic mean pheno: 10.2085
Freshwater mean pheno: -10.0685
new Freshwater mean pheno: -5.89003
-------------------------------
Output1 for generation 38200:

Oceanic mean pheno: 10.2141
Freshwater mean pheno: -9.97655
new Freshwater mean pheno: -5.88714
-------------------------------
Output1 for generation 38300:

Oceanic mean pheno: 10.2034
Freshwater mean pheno: -9.84541
new Freshwater mean pheno: -5.91717
-------------------------------
Output1 for generation 38400:

Oceanic mean pheno: 10.1693
Freshwater mean pheno: -9.91802
new Freshwater mean pheno: -5.92785
-------------------------------
Output1 for generation 38500:

Oceanic mean pheno: 10.1339
Freshwater mean pheno: -9.85028
new Freshwater mean pheno: -5.79142
-------------------------------
Output1 for generation 38600:

Oceanic mean pheno: 10.1431
Freshwater mean pheno: -9.8475
new Freshwater mean pheno: -5.8593
-------------------------------
Output1 for generation 38700:

Oceanic mean pheno: 10.142
Freshwater mean pheno: -9.84158
new Freshwater mean pheno: -5.9261
-------------------------------
Output1 for generation 38800:

Oceanic mean pheno: 10.1293
Freshwater mean pheno: -9.88276
new Freshwater mean pheno: -5.94862
-------------------------------
Output1 for generation 38900:

Oceanic mean pheno: 10.1336
Freshwater mean pheno: -9.87593
new Freshwater mean pheno: -5.90942
-------------------------------
Output1 for generation 39000:

Oceanic mean pheno: 10.1087
Freshwater mean pheno: -9.90735
new Freshwater mean pheno: -5.72941
-------------------------------
Output1 for generation 39100:

Oceanic mean pheno: 10.085
Freshwater mean pheno: -9.76232
new Freshwater mean pheno: -5.83416
-------------------------------
Output1 for generation 39200:

Oceanic mean pheno: 10.1122
Freshwater mean pheno: -9.65429
new Freshwater mean pheno: -5.84721
-------------------------------
Output1 for generation 39300:

Oceanic mean pheno: 10.1093
Freshwater mean pheno: -9.70481
new Freshwater mean pheno: -5.97646
-------------------------------
Output1 for generation 39400:

Oceanic mean pheno: 10.1157
Freshwater mean pheno: -9.71217
new Freshwater mean pheno: -6.08609
-------------------------------
Output1 for generation 39500:

Oceanic mean pheno: 10.1578
Freshwater mean pheno: -9.69582
new Freshwater mean pheno: -6.07696
-------------------------------
Output1 for generation 39600:

Oceanic mean pheno: 10.1615
Freshwater mean pheno: -9.70493
new Freshwater mean pheno: -6.04602
-------------------------------
Output1 for generation 39700:

Oceanic mean pheno: 10.1558
Freshwater mean pheno: -9.73559
new Freshwater mean pheno: -6.0697
-------------------------------
Output1 for generation 39800:

Oceanic mean pheno: 10.1436
Freshwater mean pheno: -9.73306
new Freshwater mean pheno: -6.00019
-------------------------------
Output1 for generation 39900:

Oceanic mean pheno: 10.137
Freshwater mean pheno: -9.73149
new Freshwater mean pheno: -6.04472
-------------------------------
Output1 for generation 40000:

Oceanic mean pheno: 10.1197
Freshwater mean pheno: -9.63731
new Freshwater mean pheno: -6.15148
elapsed: 3:32:54 / kernel: 2.13 / user: 12779.55 / mem: 353620
Done!
