Task ID  - seed 009368
Parameters for SLiM run:
  -s 009368 MyRecipe5_0_1.E
// Initial random seed:
1507517457249

// RunInitializeCallbacks():
initializeSLiMOptions(dimensionality = 'x');
initializeMutationRate(1e-07);
initializeMutationType(1, 0.5, "g", 0.5, 1);
initializeMutationType(2, 0.5, "g", -0.5, 1);
initializeMutationType(3, 0.5, "f", 0);
initializeMutationType(4, 0.5, "f", 0);
initializeGenomicElementType(1, m3, 1);
initializeGenomicElementType(2, c(m1, m2, m3), c(1, 1, 1));
initializeGenomicElement(g1, 0, 4949);
initializeGenomicElement(g2, 4950, 5049);
initializeGenomicElement(g1, 5050, 9999);
initializeGenomicElement(g1, 10000, 14949);
initializeGenomicElement(g2, 14950, 15049);
initializeGenomicElement(g1, 15050, 19999);
initializeGenomicElement(g1, 20000, 24949);
initializeGenomicElement(g2, 24950, 25049);
initializeGenomicElement(g1, 25050, 29999);
initializeGenomicElement(g1, 30000, 34949);
initializeGenomicElement(g2, 34950, 35049);
initializeGenomicElement(g1, 35050, 39999);
initializeGenomicElement(g1, 40000, 44949);
initializeGenomicElement(g2, 44950, 45049);
initializeGenomicElement(g1, 45050, 49999);
initializeGenomicElement(g1, 50000, 54949);
initializeGenomicElement(g2, 54950, 55049);
initializeGenomicElement(g1, 55050, 59999);
initializeGenomicElement(g1, 60000, 64949);
initializeGenomicElement(g2, 64950, 65049);
initializeGenomicElement(g1, 65050, 69999);
initializeGenomicElement(g1, 70000, 74949);
initializeGenomicElement(g2, 74950, 75049);
initializeGenomicElement(g1, 75050, 79999);
initializeGenomicElement(g1, 80000, 84949);
initializeGenomicElement(g2, 84950, 85049);
initializeGenomicElement(g1, 85050, 89999);
initializeGenomicElement(g1, 90000, 94949);
initializeGenomicElement(g2, 94950, 95049);
initializeGenomicElement(g1, 95050, 99999);
end of chromosome position: 100000
initializeRecombinationRate(0.001);
initializeInteractionType(1, "x", reciprocal=T", maxDistance=0.02);
initializeInteractionType(2, "x", reciprocal=T", maxDistance=1);

// Starting run at generation <start>:
1 

-------------------------------
Output1 for generation 100:

Oceanic mean pheno: 0.000735796
Freshwater mean pheno: 0
-------------------------------
Output1 for generation 200:

Oceanic mean pheno: 0.00300858
Freshwater mean pheno: -0.182683
-------------------------------
Output1 for generation 300:

Oceanic mean pheno: 0.00139454
Freshwater mean pheno: -0.243509
-------------------------------
Output1 for generation 400:

Oceanic mean pheno: 0.0301905
Freshwater mean pheno: -0.261227
-------------------------------
Output1 for generation 500:

Oceanic mean pheno: 1.74048
Freshwater mean pheno: -0.246919
-------------------------------
Output1 for generation 600:

Oceanic mean pheno: 2.54573
Freshwater mean pheno: -0.331483
-------------------------------
Output1 for generation 700:

Oceanic mean pheno: 3.28345
Freshwater mean pheno: -0.358824
-------------------------------
Output1 for generation 800:

Oceanic mean pheno: 7.69131
Freshwater mean pheno: -0.327849
-------------------------------
Output1 for generation 900:

Oceanic mean pheno: 7.92826
Freshwater mean pheno: -0.409356
-------------------------------
Output1 for generation 1000:

Oceanic mean pheno: 7.97045
Freshwater mean pheno: -0.734377
-------------------------------
Output1 for generation 1100:

Oceanic mean pheno: 7.94081
Freshwater mean pheno: -0.860493
-------------------------------
Output1 for generation 1200:

Oceanic mean pheno: 7.95559
Freshwater mean pheno: -1.02573
-------------------------------
Output1 for generation 1300:

Oceanic mean pheno: 7.97108
Freshwater mean pheno: -1.29189
-------------------------------
Output1 for generation 1400:

Oceanic mean pheno: 8.01824
Freshwater mean pheno: -1.5244
-------------------------------
Output1 for generation 1500:

Oceanic mean pheno: 8.05719
Freshwater mean pheno: -1.73483
-------------------------------
Output1 for generation 1600:

Oceanic mean pheno: 8.05232
Freshwater mean pheno: -2.12388
-------------------------------
Output1 for generation 1700:

Oceanic mean pheno: 8.19463
Freshwater mean pheno: -2.25123
-------------------------------
Output1 for generation 1800:

Oceanic mean pheno: 8.22655
Freshwater mean pheno: -2.27788
-------------------------------
Output1 for generation 1900:

Oceanic mean pheno: 8.20119
Freshwater mean pheno: -2.35721
-------------------------------
Output1 for generation 2000:

Oceanic mean pheno: 8.40472
Freshwater mean pheno: -2.7116
-------------------------------
Output1 for generation 2100:

Oceanic mean pheno: 8.42198
Freshwater mean pheno: -2.83619
-------------------------------
Output1 for generation 2200:

Oceanic mean pheno: 8.59151
Freshwater mean pheno: -2.84345
-------------------------------
Output1 for generation 2300:

Oceanic mean pheno: 8.76112
Freshwater mean pheno: -2.77265
-------------------------------
Output1 for generation 2400:

Oceanic mean pheno: 9.43135
Freshwater mean pheno: -2.94436
-------------------------------
Output1 for generation 2500:

Oceanic mean pheno: 9.5733
Freshwater mean pheno: -3.10542
-------------------------------
Output1 for generation 2600:

Oceanic mean pheno: 9.48846
Freshwater mean pheno: -3.31845
-------------------------------
Output1 for generation 2700:

Oceanic mean pheno: 9.40738
Freshwater mean pheno: -3.57551
-------------------------------
Output1 for generation 2800:

Oceanic mean pheno: 9.58352
Freshwater mean pheno: -3.60253
-------------------------------
Output1 for generation 2900:

Oceanic mean pheno: 9.4547
Freshwater mean pheno: -3.62285
-------------------------------
Output1 for generation 3000:

Oceanic mean pheno: 9.49512
Freshwater mean pheno: -3.77532
-------------------------------
Output1 for generation 3100:

Oceanic mean pheno: 9.56087
Freshwater mean pheno: -3.78093
-------------------------------
Output1 for generation 3200:

Oceanic mean pheno: 9.58405
Freshwater mean pheno: -3.6256
-------------------------------
Output1 for generation 3300:

Oceanic mean pheno: 9.65857
Freshwater mean pheno: -3.83517
-------------------------------
Output1 for generation 3400:

Oceanic mean pheno: 9.86055
Freshwater mean pheno: -3.77994
-------------------------------
Output1 for generation 3500:

Oceanic mean pheno: 9.73471
Freshwater mean pheno: -3.84676
-------------------------------
Output1 for generation 3600:

Oceanic mean pheno: 9.78595
Freshwater mean pheno: -4.10608
-------------------------------
Output1 for generation 3700:

Oceanic mean pheno: 9.35481
Freshwater mean pheno: -4.60542
-------------------------------
Output1 for generation 3800:

Oceanic mean pheno: 9.47287
Freshwater mean pheno: -4.78268
-------------------------------
Output1 for generation 3900:

Oceanic mean pheno: 9.34322
Freshwater mean pheno: -4.60587
-------------------------------
Output1 for generation 4000:

Oceanic mean pheno: 9.54508
Freshwater mean pheno: -4.58105
-------------------------------
Output1 for generation 4100:

Oceanic mean pheno: 9.48809
Freshwater mean pheno: -4.79449
-------------------------------
Output1 for generation 4200:

Oceanic mean pheno: 9.47995
Freshwater mean pheno: -4.77882
-------------------------------
Output1 for generation 4300:

Oceanic mean pheno: 9.42129
Freshwater mean pheno: -4.71936
-------------------------------
Output1 for generation 4400:

Oceanic mean pheno: 9.38738
Freshwater mean pheno: -4.82875
-------------------------------
Output1 for generation 4500:

Oceanic mean pheno: 9.62538
Freshwater mean pheno: -5.09741
-------------------------------
Output1 for generation 4600:

Oceanic mean pheno: 9.79215
Freshwater mean pheno: -5.19465
-------------------------------
Output1 for generation 4700:

Oceanic mean pheno: 10.1908
Freshwater mean pheno: -5.22048
-------------------------------
Output1 for generation 4800:

Oceanic mean pheno: 10.1564
Freshwater mean pheno: -5.18791
-------------------------------
Output1 for generation 4900:

Oceanic mean pheno: 10.2708
Freshwater mean pheno: -5.14512
-------------------------------
Output1 for generation 5000:

Oceanic mean pheno: 10.2472
Freshwater mean pheno: -5.36244
-------------------------------
Output1 for generation 5100:

Oceanic mean pheno: 9.93526
Freshwater mean pheno: -5.64102
-------------------------------
Output1 for generation 5200:

Oceanic mean pheno: 9.90779
Freshwater mean pheno: -5.72882
-------------------------------
Output1 for generation 5300:

Oceanic mean pheno: 9.59991
Freshwater mean pheno: -5.65519
-------------------------------
Output1 for generation 5400:

Oceanic mean pheno: 9.85255
Freshwater mean pheno: -5.82038
-------------------------------
Output1 for generation 5500:

Oceanic mean pheno: 10.1743
Freshwater mean pheno: -5.76076
-------------------------------
Output1 for generation 5600:

Oceanic mean pheno: 10.4297
Freshwater mean pheno: -5.71986
-------------------------------
Output1 for generation 5700:

Oceanic mean pheno: 10.2392
Freshwater mean pheno: -5.62835
-------------------------------
Output1 for generation 5800:

Oceanic mean pheno: 9.95067
Freshwater mean pheno: -5.63166
-------------------------------
Output1 for generation 5900:

Oceanic mean pheno: 9.98516
Freshwater mean pheno: -5.8491
-------------------------------
Output1 for generation 6000:

Oceanic mean pheno: 9.85891
Freshwater mean pheno: -5.98965
-------------------------------
Output1 for generation 6100:

Oceanic mean pheno: 10.1904
Freshwater mean pheno: -6.08115
-------------------------------
Output1 for generation 6200:

Oceanic mean pheno: 9.83477
Freshwater mean pheno: -6.02067
-------------------------------
Output1 for generation 6300:

Oceanic mean pheno: 10.0899
Freshwater mean pheno: -6.11
-------------------------------
Output1 for generation 6400:

Oceanic mean pheno: 9.85756
Freshwater mean pheno: -6.15263
-------------------------------
Output1 for generation 6500:

Oceanic mean pheno: 10.4493
Freshwater mean pheno: -6.18544
-------------------------------
Output1 for generation 6600:

Oceanic mean pheno: 9.82888
Freshwater mean pheno: -6.07793
-------------------------------
Output1 for generation 6700:

Oceanic mean pheno: 10.2619
Freshwater mean pheno: -6.02995
-------------------------------
Output1 for generation 6800:

Oceanic mean pheno: 11.048
Freshwater mean pheno: -6.12978
-------------------------------
Output1 for generation 6900:

Oceanic mean pheno: 10.2304
Freshwater mean pheno: -6.12754
-------------------------------
Output1 for generation 7000:

Oceanic mean pheno: 9.96417
Freshwater mean pheno: -6.29369
-------------------------------
Output1 for generation 7100:

Oceanic mean pheno: 10.3806
Freshwater mean pheno: -6.10214
-------------------------------
Output1 for generation 7200:

Oceanic mean pheno: 10.1486
Freshwater mean pheno: -6.2973
-------------------------------
Output1 for generation 7300:

Oceanic mean pheno: 10.3427
Freshwater mean pheno: -6.2234
-------------------------------
Output1 for generation 7400:

Oceanic mean pheno: 10.1017
Freshwater mean pheno: -6.25097
-------------------------------
Output1 for generation 7500:

Oceanic mean pheno: 10.1885
Freshwater mean pheno: -6.32427
-------------------------------
Output1 for generation 7600:

Oceanic mean pheno: 9.9083
Freshwater mean pheno: -6.32443
-------------------------------
Output1 for generation 7700:

Oceanic mean pheno: 9.80606
Freshwater mean pheno: -6.27643
-------------------------------
Output1 for generation 7800:

Oceanic mean pheno: 9.78224
Freshwater mean pheno: -6.33772
-------------------------------
Output1 for generation 7900:

Oceanic mean pheno: 9.92613
Freshwater mean pheno: -6.45677
-------------------------------
Output1 for generation 8000:

Oceanic mean pheno: 9.63453
Freshwater mean pheno: -6.23751
-------------------------------
Output1 for generation 8100:

Oceanic mean pheno: 10.0244
Freshwater mean pheno: -6.36647
-------------------------------
Output1 for generation 8200:

Oceanic mean pheno: 10.0236
Freshwater mean pheno: -6.39346
-------------------------------
Output1 for generation 8300:

Oceanic mean pheno: 10.0266
Freshwater mean pheno: -6.43377
-------------------------------
Output1 for generation 8400:

Oceanic mean pheno: 9.83258
Freshwater mean pheno: -6.43333
-------------------------------
Output1 for generation 8500:

Oceanic mean pheno: 9.57794
Freshwater mean pheno: -6.6064
-------------------------------
Output1 for generation 8600:

Oceanic mean pheno: 9.71775
Freshwater mean pheno: -6.82405
-------------------------------
Output1 for generation 8700:

Oceanic mean pheno: 9.31948
Freshwater mean pheno: -7.0132
-------------------------------
Output1 for generation 8800:

Oceanic mean pheno: 9.57655
Freshwater mean pheno: -7.07381
-------------------------------
Output1 for generation 8900:

Oceanic mean pheno: 9.47304
Freshwater mean pheno: -7.03549
-------------------------------
Output1 for generation 9000:

Oceanic mean pheno: 9.20877
Freshwater mean pheno: -7.05554
-------------------------------
Output1 for generation 9100:

Oceanic mean pheno: 9.91266
Freshwater mean pheno: -7.08902
-------------------------------
Output1 for generation 9200:

Oceanic mean pheno: 10.1919
Freshwater mean pheno: -7.05539
-------------------------------
Output1 for generation 9300:

Oceanic mean pheno: 9.98566
Freshwater mean pheno: -7.10707
-------------------------------
Output1 for generation 9400:

Oceanic mean pheno: 10.2965
Freshwater mean pheno: -7.18625
-------------------------------
Output1 for generation 9500:

Oceanic mean pheno: 10.1176
Freshwater mean pheno: -7.2227
-------------------------------
Output1 for generation 9600:

Oceanic mean pheno: 9.73128
Freshwater mean pheno: -7.3355
-------------------------------
Output1 for generation 9700:

Oceanic mean pheno: 10.011
Freshwater mean pheno: -7.27613
-------------------------------
Output1 for generation 9800:

Oceanic mean pheno: 9.67728
Freshwater mean pheno: -7.34331
-------------------------------
Output1 for generation 9900:

Oceanic mean pheno: 9.55829
Freshwater mean pheno: -7.50907
-------------------------------
Output1 for generation 10000:

Oceanic mean pheno: 9.81376
Freshwater mean pheno: -7.36383
-------------------------------
Output1 for generation 10100:

Oceanic mean pheno: 9.61161
Freshwater mean pheno: -7.55796
-------------------------------
Output1 for generation 10200:

Oceanic mean pheno: 9.82924
Freshwater mean pheno: -7.44963
-------------------------------
Output1 for generation 10300:

Oceanic mean pheno: 9.47858
Freshwater mean pheno: -7.48445
-------------------------------
Output1 for generation 10400:

Oceanic mean pheno: 10.213
Freshwater mean pheno: -7.49078
-------------------------------
Output1 for generation 10500:

Oceanic mean pheno: 9.98771
Freshwater mean pheno: -7.54325
-------------------------------
Output1 for generation 10600:

Oceanic mean pheno: 9.92744
Freshwater mean pheno: -7.44912
-------------------------------
Output1 for generation 10700:

Oceanic mean pheno: 10.1898
Freshwater mean pheno: -7.43917
-------------------------------
Output1 for generation 10800:

Oceanic mean pheno: 9.86056
Freshwater mean pheno: -7.553
-------------------------------
Output1 for generation 10900:

Oceanic mean pheno: 9.77749
Freshwater mean pheno: -7.5901
-------------------------------
Output1 for generation 11000:

Oceanic mean pheno: 9.84162
Freshwater mean pheno: -7.6879
-------------------------------
Output1 for generation 11100:

Oceanic mean pheno: 9.53275
Freshwater mean pheno: -7.68595
-------------------------------
Output1 for generation 11200:

Oceanic mean pheno: 9.95151
Freshwater mean pheno: -7.61
-------------------------------
Output1 for generation 11300:

Oceanic mean pheno: 10.448
Freshwater mean pheno: -7.75785
-------------------------------
Output1 for generation 11400:

Oceanic mean pheno: 9.87899
Freshwater mean pheno: -7.84863
-------------------------------
Output1 for generation 11500:

Oceanic mean pheno: 10.3748
Freshwater mean pheno: -7.86613
-------------------------------
Output1 for generation 11600:

Oceanic mean pheno: 10.2462
Freshwater mean pheno: -7.92892
-------------------------------
Output1 for generation 11700:

Oceanic mean pheno: 9.44608
Freshwater mean pheno: -7.91959
-------------------------------
Output1 for generation 11800:

Oceanic mean pheno: 9.31871
Freshwater mean pheno: -7.84794
-------------------------------
Output1 for generation 11900:

Oceanic mean pheno: 9.52217
Freshwater mean pheno: -7.89141
-------------------------------
Output1 for generation 12000:

Oceanic mean pheno: 9.19098
Freshwater mean pheno: -7.9111
-------------------------------
Output1 for generation 12100:

Oceanic mean pheno: 9.71674
Freshwater mean pheno: -7.91878
-------------------------------
Output1 for generation 12200:

Oceanic mean pheno: 10.1797
Freshwater mean pheno: -7.97085
-------------------------------
Output1 for generation 12300:

Oceanic mean pheno: 9.67963
Freshwater mean pheno: -7.98599
-------------------------------
Output1 for generation 12400:

Oceanic mean pheno: 9.49036
Freshwater mean pheno: -8.00447
-------------------------------
Output1 for generation 12500:

Oceanic mean pheno: 9.63602
Freshwater mean pheno: -8.32761
-------------------------------
Output1 for generation 12600:

Oceanic mean pheno: 9.86956
Freshwater mean pheno: -8.46056
-------------------------------
Output1 for generation 12700:

Oceanic mean pheno: 10.2811
Freshwater mean pheno: -8.50135
-------------------------------
Output1 for generation 12800:

Oceanic mean pheno: 10.1434
Freshwater mean pheno: -8.50394
-------------------------------
Output1 for generation 12900:

Oceanic mean pheno: 10.1852
Freshwater mean pheno: -8.4911
-------------------------------
Output1 for generation 13000:

Oceanic mean pheno: 10.246
Freshwater mean pheno: -8.47473
-------------------------------
Output1 for generation 13100:

Oceanic mean pheno: 9.59997
Freshwater mean pheno: -8.49966
-------------------------------
Output1 for generation 13200:

Oceanic mean pheno: 9.76339
Freshwater mean pheno: -8.58108
-------------------------------
Output1 for generation 13300:

Oceanic mean pheno: 9.6798
Freshwater mean pheno: -8.50375
-------------------------------
Output1 for generation 13400:

Oceanic mean pheno: 9.30295
Freshwater mean pheno: -8.50374
-------------------------------
Output1 for generation 13500:

Oceanic mean pheno: 9.53625
Freshwater mean pheno: -8.60606
-------------------------------
Output1 for generation 13600:

Oceanic mean pheno: 9.42692
Freshwater mean pheno: -8.49127
-------------------------------
Output1 for generation 13700:

Oceanic mean pheno: 9.63269
Freshwater mean pheno: -8.52977
-------------------------------
Output1 for generation 13800:

Oceanic mean pheno: 10.0674
Freshwater mean pheno: -8.53966
-------------------------------
Output1 for generation 13900:

Oceanic mean pheno: 9.61416
Freshwater mean pheno: -8.66175
-------------------------------
Output1 for generation 14000:

Oceanic mean pheno: 9.70172
Freshwater mean pheno: -8.78876
-------------------------------
Output1 for generation 14100:

Oceanic mean pheno: 9.55356
Freshwater mean pheno: -8.7577
-------------------------------
Output1 for generation 14200:

Oceanic mean pheno: 9.57842
Freshwater mean pheno: -8.81455
-------------------------------
Output1 for generation 14300:

Oceanic mean pheno: 9.88481
Freshwater mean pheno: -8.73576
-------------------------------
Output1 for generation 14400:

Oceanic mean pheno: 9.57547
Freshwater mean pheno: -8.75725
-------------------------------
Output1 for generation 14500:

Oceanic mean pheno: 9.51578
Freshwater mean pheno: -8.70156
-------------------------------
Output1 for generation 14600:

Oceanic mean pheno: 9.5928
Freshwater mean pheno: -8.67513
-------------------------------
Output1 for generation 14700:

Oceanic mean pheno: 9.69622
Freshwater mean pheno: -8.66837
-------------------------------
Output1 for generation 14800:

Oceanic mean pheno: 9.80001
Freshwater mean pheno: -8.68563
-------------------------------
Output1 for generation 14900:

Oceanic mean pheno: 10.0272
Freshwater mean pheno: -8.73175
-------------------------------
Output1 for generation 15000:

Oceanic mean pheno: 9.98858
Freshwater mean pheno: -8.77528
-------------------------------
Output1 for generation 15100:

Oceanic mean pheno: 10.1052
Freshwater mean pheno: -8.7535
-------------------------------
Output1 for generation 15200:

Oceanic mean pheno: 10.2201
Freshwater mean pheno: -8.77394
-------------------------------
Output1 for generation 15300:

Oceanic mean pheno: 10.1877
Freshwater mean pheno: -8.82378
-------------------------------
Output1 for generation 15400:

Oceanic mean pheno: 10.2102
Freshwater mean pheno: -8.76019
-------------------------------
Output1 for generation 15500:

Oceanic mean pheno: 10.1974
Freshwater mean pheno: -8.79083
-------------------------------
Output1 for generation 15600:

Oceanic mean pheno: 10.2713
Freshwater mean pheno: -8.79731
-------------------------------
Output1 for generation 15700:

Oceanic mean pheno: 10.3033
Freshwater mean pheno: -8.76867
-------------------------------
Output1 for generation 15800:

Oceanic mean pheno: 10.3395
Freshwater mean pheno: -8.73815
-------------------------------
Output1 for generation 15900:

Oceanic mean pheno: 10.285
Freshwater mean pheno: -8.7381
-------------------------------
Output1 for generation 16000:

Oceanic mean pheno: 10.2618
Freshwater mean pheno: -8.72166
-------------------------------
Output1 for generation 16100:

Oceanic mean pheno: 10.252
Freshwater mean pheno: -8.66176
-------------------------------
Output1 for generation 16200:

Oceanic mean pheno: 10.2429
Freshwater mean pheno: -8.65785
-------------------------------
Output1 for generation 16300:

Oceanic mean pheno: 10.2285
Freshwater mean pheno: -8.66258
-------------------------------
Output1 for generation 16400:

Oceanic mean pheno: 10.2064
Freshwater mean pheno: -8.68093
-------------------------------
Output1 for generation 16500:

Oceanic mean pheno: 10.2201
Freshwater mean pheno: -8.67068
-------------------------------
Output1 for generation 16600:

Oceanic mean pheno: 10.1976
Freshwater mean pheno: -8.65154
-------------------------------
Output1 for generation 16700:

Oceanic mean pheno: 10.1959
Freshwater mean pheno: -8.64814
-------------------------------
Output1 for generation 16800:

Oceanic mean pheno: 10.2011
Freshwater mean pheno: -8.6871
-------------------------------
Output1 for generation 16900:

Oceanic mean pheno: 10.1938
Freshwater mean pheno: -8.67578
-------------------------------
Output1 for generation 17000:

Oceanic mean pheno: 10.196
Freshwater mean pheno: -8.64983
-------------------------------
Output1 for generation 17100:

Oceanic mean pheno: 10.2122
Freshwater mean pheno: -8.69064
-------------------------------
Output1 for generation 17200:

Oceanic mean pheno: 10.2468
Freshwater mean pheno: -8.67389
-------------------------------
Output1 for generation 17300:

Oceanic mean pheno: 10.2297
Freshwater mean pheno: -8.69022
-------------------------------
Output1 for generation 17400:

Oceanic mean pheno: 10.2504
Freshwater mean pheno: -8.67046
-------------------------------
Output1 for generation 17500:

Oceanic mean pheno: 10.2341
Freshwater mean pheno: -8.62115
-------------------------------
Output1 for generation 17600:

Oceanic mean pheno: 10.2287
Freshwater mean pheno: -8.69603
-------------------------------
Output1 for generation 17700:

Oceanic mean pheno: 10.2467
Freshwater mean pheno: -8.71399
-------------------------------
Output1 for generation 17800:

Oceanic mean pheno: 10.2418
Freshwater mean pheno: -8.84678
-------------------------------
Output1 for generation 17900:

Oceanic mean pheno: 10.2265
Freshwater mean pheno: -8.89837
-------------------------------
Output1 for generation 18000:

Oceanic mean pheno: 10.2348
Freshwater mean pheno: -8.79829
-------------------------------
Output1 for generation 18100:

Oceanic mean pheno: 10.2379
Freshwater mean pheno: -8.98917
-------------------------------
Output1 for generation 18200:

Oceanic mean pheno: 10.2276
Freshwater mean pheno: -9.09379
-------------------------------
Output1 for generation 18300:

Oceanic mean pheno: 10.2298
Freshwater mean pheno: -9.00196
-------------------------------
Output1 for generation 18400:

Oceanic mean pheno: 10.2298
Freshwater mean pheno: -8.97844
-------------------------------
Output1 for generation 18500:

Oceanic mean pheno: 10.2294
Freshwater mean pheno: -9.02387
-------------------------------
Output1 for generation 18600:

Oceanic mean pheno: 10.2032
Freshwater mean pheno: -9.05285
-------------------------------
Output1 for generation 18700:

Oceanic mean pheno: 10.2287
Freshwater mean pheno: -8.9969
-------------------------------
Output1 for generation 18800:

Oceanic mean pheno: 10.2034
Freshwater mean pheno: -9.00963
-------------------------------
Output1 for generation 18900:

Oceanic mean pheno: 10.0705
Freshwater mean pheno: -9.02657
-------------------------------
Output1 for generation 19000:

Oceanic mean pheno: 10.0502
Freshwater mean pheno: -8.99392
-------------------------------
Output1 for generation 19100:

Oceanic mean pheno: 9.96442
Freshwater mean pheno: -8.92895
-------------------------------
Output1 for generation 19200:

Oceanic mean pheno: 9.88986
Freshwater mean pheno: -8.88617
-------------------------------
Output1 for generation 19300:

Oceanic mean pheno: 9.89657
Freshwater mean pheno: -8.99665
-------------------------------
Output1 for generation 19400:

Oceanic mean pheno: 9.86826
Freshwater mean pheno: -9.00458
-------------------------------
Output1 for generation 19500:

Oceanic mean pheno: 9.8761
Freshwater mean pheno: -9.0155
-------------------------------
Output1 for generation 19600:

Oceanic mean pheno: 9.80878
Freshwater mean pheno: -9.0899
-------------------------------
Output1 for generation 19700:

Oceanic mean pheno: 9.85822
Freshwater mean pheno: -9.10031
-------------------------------
Output1 for generation 19800:

Oceanic mean pheno: 9.91366
Freshwater mean pheno: -9.04394
-------------------------------
Output1 for generation 19900:

Oceanic mean pheno: 9.93463
Freshwater mean pheno: -9.05683
-------------------------------
Output1 for generation 20000:

Oceanic mean pheno: 9.85182
Freshwater mean pheno: -9.09948
new Freshwater mean pheno: 9.86425
-------------------------------
Output1 for generation 20100:

Oceanic mean pheno: 9.78752
Freshwater mean pheno: -9.07196
new Freshwater mean pheno: 8.86666
-------------------------------
Output1 for generation 20200:

Oceanic mean pheno: 9.85373
Freshwater mean pheno: -9.06393
new Freshwater mean pheno: 8.70674
-------------------------------
Output1 for generation 20300:

Oceanic mean pheno: 9.91545
Freshwater mean pheno: -9.05215
new Freshwater mean pheno: 8.1837
-------------------------------
Output1 for generation 20400:

Oceanic mean pheno: 10.0013
Freshwater mean pheno: -9.07248
new Freshwater mean pheno: 7.77231
-------------------------------
Output1 for generation 20500:

Oceanic mean pheno: 10.1235
Freshwater mean pheno: -9.05019
new Freshwater mean pheno: 7.73276
-------------------------------
Output1 for generation 20600:

Oceanic mean pheno: 10.1619
Freshwater mean pheno: -9.04092
new Freshwater mean pheno: 7.77322
-------------------------------
Output1 for generation 20700:

Oceanic mean pheno: 10.1209
Freshwater mean pheno: -9.08606
new Freshwater mean pheno: 7.75307
-------------------------------
Output1 for generation 20800:

Oceanic mean pheno: 10.1763
Freshwater mean pheno: -9.00868
new Freshwater mean pheno: 7.60061
-------------------------------
Output1 for generation 20900:

Oceanic mean pheno: 10.0988
Freshwater mean pheno: -9.05863
new Freshwater mean pheno: 7.30368
-------------------------------
Output1 for generation 21000:

Oceanic mean pheno: 10.0786
Freshwater mean pheno: -9.02122
new Freshwater mean pheno: 7.33069
-------------------------------
Output1 for generation 21100:

Oceanic mean pheno: 10.0165
Freshwater mean pheno: -9.01545
new Freshwater mean pheno: 7.34443
-------------------------------
Output1 for generation 21200:

Oceanic mean pheno: 10.1342
Freshwater mean pheno: -9.06899
new Freshwater mean pheno: 7.24925
-------------------------------
Output1 for generation 21300:

Oceanic mean pheno: 10.2418
Freshwater mean pheno: -9.01515
new Freshwater mean pheno: 7.25567
-------------------------------
Output1 for generation 21400:

Oceanic mean pheno: 10.2728
Freshwater mean pheno: -9.02255
new Freshwater mean pheno: 6.95133
-------------------------------
Output1 for generation 21500:

Oceanic mean pheno: 10.2615
Freshwater mean pheno: -9.02292
new Freshwater mean pheno: 6.92717
-------------------------------
Output1 for generation 21600:

Oceanic mean pheno: 10.2596
Freshwater mean pheno: -9.04732
new Freshwater mean pheno: 6.60296
-------------------------------
Output1 for generation 21700:

Oceanic mean pheno: 10.2556
Freshwater mean pheno: -9.0795
new Freshwater mean pheno: 6.46296
-------------------------------
Output1 for generation 21800:

Oceanic mean pheno: 10.2644
Freshwater mean pheno: -9.12479
new Freshwater mean pheno: 6.53888
-------------------------------
Output1 for generation 21900:

Oceanic mean pheno: 10.2566
Freshwater mean pheno: -9.07194
new Freshwater mean pheno: 6.42242
-------------------------------
Output1 for generation 22000:

Oceanic mean pheno: 10.2521
Freshwater mean pheno: -9.10546
new Freshwater mean pheno: 6.3678
-------------------------------
Output1 for generation 22100:

Oceanic mean pheno: 10.2369
Freshwater mean pheno: -9.09755
new Freshwater mean pheno: 6.32859
-------------------------------
Output1 for generation 22200:

Oceanic mean pheno: 10.2402
Freshwater mean pheno: -9.06174
new Freshwater mean pheno: 5.71016
-------------------------------
Output1 for generation 22300:

Oceanic mean pheno: 10.2577
Freshwater mean pheno: -9.05304
new Freshwater mean pheno: 5.40035
-------------------------------
Output1 for generation 22400:

Oceanic mean pheno: 10.2718
Freshwater mean pheno: -9.09316
new Freshwater mean pheno: 5.32415
-------------------------------
Output1 for generation 22500:

Oceanic mean pheno: 10.2676
Freshwater mean pheno: -9.10087
new Freshwater mean pheno: 5.32377
-------------------------------
Output1 for generation 22600:

Oceanic mean pheno: 10.2641
Freshwater mean pheno: -9.27907
new Freshwater mean pheno: 4.80232
-------------------------------
Output1 for generation 22700:

Oceanic mean pheno: 10.2718
Freshwater mean pheno: -9.17988
new Freshwater mean pheno: 4.87239
-------------------------------
Output1 for generation 22800:

Oceanic mean pheno: 10.2797
Freshwater mean pheno: -9.22995
new Freshwater mean pheno: 4.69474
-------------------------------
Output1 for generation 22900:

Oceanic mean pheno: 10.2659
Freshwater mean pheno: -9.28586
new Freshwater mean pheno: 4.60713
-------------------------------
Output1 for generation 23000:

Oceanic mean pheno: 10.2593
Freshwater mean pheno: -9.2643
new Freshwater mean pheno: 4.43999
-------------------------------
Output1 for generation 23100:

Oceanic mean pheno: 10.2519
Freshwater mean pheno: -9.26003
new Freshwater mean pheno: 4.40637
-------------------------------
Output1 for generation 23200:

Oceanic mean pheno: 10.2569
Freshwater mean pheno: -9.23997
new Freshwater mean pheno: 4.37305
-------------------------------
Output1 for generation 23300:

Oceanic mean pheno: 10.2599
Freshwater mean pheno: -9.33604
new Freshwater mean pheno: 4.12788
-------------------------------
Output1 for generation 23400:

Oceanic mean pheno: 10.2623
Freshwater mean pheno: -9.34375
new Freshwater mean pheno: 4.03187
-------------------------------
Output1 for generation 23500:

Oceanic mean pheno: 10.2757
Freshwater mean pheno: -9.32164
new Freshwater mean pheno: 3.94587
-------------------------------
Output1 for generation 23600:

Oceanic mean pheno: 10.2656
Freshwater mean pheno: -9.3394
new Freshwater mean pheno: 3.95238
-------------------------------
Output1 for generation 23700:

Oceanic mean pheno: 10.2933
Freshwater mean pheno: -9.29083
new Freshwater mean pheno: 3.96169
-------------------------------
Output1 for generation 23800:

Oceanic mean pheno: 10.31
Freshwater mean pheno: -9.41105
new Freshwater mean pheno: 3.88666
-------------------------------
Output1 for generation 23900:

Oceanic mean pheno: 10.2989
Freshwater mean pheno: -9.33365
new Freshwater mean pheno: 3.84417
-------------------------------
Output1 for generation 24000:

Oceanic mean pheno: 10.319
Freshwater mean pheno: -9.2995
new Freshwater mean pheno: 3.76101
-------------------------------
Output1 for generation 24100:

Oceanic mean pheno: 10.2868
Freshwater mean pheno: -9.18447
new Freshwater mean pheno: 3.7461
-------------------------------
Output1 for generation 24200:

Oceanic mean pheno: 10.2708
Freshwater mean pheno: -9.28076
new Freshwater mean pheno: 3.79189
-------------------------------
Output1 for generation 24300:

Oceanic mean pheno: 10.3505
Freshwater mean pheno: -9.25615
new Freshwater mean pheno: 3.41366
-------------------------------
Output1 for generation 24400:

Oceanic mean pheno: 10.347
Freshwater mean pheno: -9.26492
new Freshwater mean pheno: 3.41741
-------------------------------
Output1 for generation 24500:

Oceanic mean pheno: 10.3925
Freshwater mean pheno: -9.29666
new Freshwater mean pheno: 3.12207
-------------------------------
Output1 for generation 24600:

Oceanic mean pheno: 10.4076
Freshwater mean pheno: -9.27957
new Freshwater mean pheno: 2.93593
-------------------------------
Output1 for generation 24700:

Oceanic mean pheno: 10.4082
Freshwater mean pheno: -9.24118
new Freshwater mean pheno: 3.07118
-------------------------------
Output1 for generation 24800:

Oceanic mean pheno: 10.4115
Freshwater mean pheno: -9.26849
new Freshwater mean pheno: 2.974
-------------------------------
Output1 for generation 24900:

Oceanic mean pheno: 10.3317
Freshwater mean pheno: -9.25149
new Freshwater mean pheno: 2.97391
-------------------------------
Output1 for generation 25000:

Oceanic mean pheno: 10.301
Freshwater mean pheno: -9.2768
new Freshwater mean pheno: 2.54492
-------------------------------
Output1 for generation 25100:

Oceanic mean pheno: 10.2818
Freshwater mean pheno: -9.27966
new Freshwater mean pheno: 2.08794
-------------------------------
Output1 for generation 25200:

Oceanic mean pheno: 10.2846
Freshwater mean pheno: -9.25586
new Freshwater mean pheno: 2.00219
-------------------------------
Output1 for generation 25300:

Oceanic mean pheno: 10.257
Freshwater mean pheno: -9.24151
new Freshwater mean pheno: 2.0627
-------------------------------
Output1 for generation 25400:

Oceanic mean pheno: 10.2557
Freshwater mean pheno: -9.27171
new Freshwater mean pheno: 2.07374
-------------------------------
Output1 for generation 25500:

Oceanic mean pheno: 10.2532
Freshwater mean pheno: -9.28963
new Freshwater mean pheno: 1.44014
-------------------------------
Output1 for generation 25600:

Oceanic mean pheno: 10.2597
Freshwater mean pheno: -9.29531
new Freshwater mean pheno: 1.36594
-------------------------------
Output1 for generation 25700:

Oceanic mean pheno: 10.2498
Freshwater mean pheno: -9.23785
new Freshwater mean pheno: 1.3345
-------------------------------
Output1 for generation 25800:

Oceanic mean pheno: 10.2594
Freshwater mean pheno: -9.25976
new Freshwater mean pheno: 1.07934
-------------------------------
Output1 for generation 25900:

Oceanic mean pheno: 10.2835
Freshwater mean pheno: -9.28953
new Freshwater mean pheno: 0.791502
-------------------------------
Output1 for generation 26000:

Oceanic mean pheno: 10.2471
Freshwater mean pheno: -9.27813
new Freshwater mean pheno: 0.201384
-------------------------------
Output1 for generation 26100:

Oceanic mean pheno: 10.245
Freshwater mean pheno: -9.27534
new Freshwater mean pheno: 0.341918
-------------------------------
Output1 for generation 26200:

Oceanic mean pheno: 10.2438
Freshwater mean pheno: -9.25045
new Freshwater mean pheno: 0.463202
-------------------------------
Output1 for generation 26300:

Oceanic mean pheno: 10.2467
Freshwater mean pheno: -9.30024
new Freshwater mean pheno: 0.42697
-------------------------------
Output1 for generation 26400:

Oceanic mean pheno: 10.2475
Freshwater mean pheno: -9.25421
new Freshwater mean pheno: 0.136681
-------------------------------
Output1 for generation 26500:

Oceanic mean pheno: 10.2455
Freshwater mean pheno: -9.25544
new Freshwater mean pheno: 0.132549
-------------------------------
Output1 for generation 26600:

Oceanic mean pheno: 10.2459
Freshwater mean pheno: -9.31242
new Freshwater mean pheno: -0.198349
-------------------------------
Output1 for generation 26700:

Oceanic mean pheno: 10.2263
Freshwater mean pheno: -9.25234
new Freshwater mean pheno: -0.311948
-------------------------------
Output1 for generation 26800:

Oceanic mean pheno: 10.202
Freshwater mean pheno: -9.22883
new Freshwater mean pheno: -0.356999
-------------------------------
Output1 for generation 26900:

Oceanic mean pheno: 10.1781
Freshwater mean pheno: -9.30751
new Freshwater mean pheno: -0.507325
-------------------------------
Output1 for generation 27000:

Oceanic mean pheno: 10.2498
Freshwater mean pheno: -9.26357
new Freshwater mean pheno: -0.697739
-------------------------------
Output1 for generation 27100:

Oceanic mean pheno: 10.2599
Freshwater mean pheno: -9.28357
new Freshwater mean pheno: -0.52125
-------------------------------
Output1 for generation 27200:

Oceanic mean pheno: 10.2453
Freshwater mean pheno: -9.28151
new Freshwater mean pheno: -0.960832
-------------------------------
Output1 for generation 27300:

Oceanic mean pheno: 10.2494
Freshwater mean pheno: -9.3072
new Freshwater mean pheno: -0.900566
-------------------------------
Output1 for generation 27400:

Oceanic mean pheno: 10.2527
Freshwater mean pheno: -9.28316
new Freshwater mean pheno: -0.953422
-------------------------------
Output1 for generation 27500:

Oceanic mean pheno: 10.25
Freshwater mean pheno: -9.30309
new Freshwater mean pheno: -1.08529
-------------------------------
Output1 for generation 27600:

Oceanic mean pheno: 10.2498
Freshwater mean pheno: -9.31119
new Freshwater mean pheno: -1.32018
-------------------------------
Output1 for generation 27700:

Oceanic mean pheno: 10.2476
Freshwater mean pheno: -9.29419
new Freshwater mean pheno: -1.97448
-------------------------------
Output1 for generation 27800:

Oceanic mean pheno: 10.2466
Freshwater mean pheno: -9.29558
new Freshwater mean pheno: -1.83555
-------------------------------
Output1 for generation 27900:

Oceanic mean pheno: 10.2497
Freshwater mean pheno: -9.28002
new Freshwater mean pheno: -1.97522
-------------------------------
Output1 for generation 28000:

Oceanic mean pheno: 10.2573
Freshwater mean pheno: -9.26916
new Freshwater mean pheno: -1.94762
-------------------------------
Output1 for generation 28100:

Oceanic mean pheno: 10.2799
Freshwater mean pheno: -9.28154
new Freshwater mean pheno: -1.87561
-------------------------------
Output1 for generation 28200:

Oceanic mean pheno: 10.2928
Freshwater mean pheno: -9.3381
new Freshwater mean pheno: -1.9286
-------------------------------
Output1 for generation 28300:

Oceanic mean pheno: 10.3014
Freshwater mean pheno: -9.3092
new Freshwater mean pheno: -2.04431
-------------------------------
Output1 for generation 28400:

Oceanic mean pheno: 10.3749
Freshwater mean pheno: -9.30436
new Freshwater mean pheno: -2.02942
-------------------------------
Output1 for generation 28500:

Oceanic mean pheno: 10.3646
Freshwater mean pheno: -9.3634
new Freshwater mean pheno: -2.45061
-------------------------------
Output1 for generation 28600:

Oceanic mean pheno: 10.3462
Freshwater mean pheno: -9.36427
new Freshwater mean pheno: -2.68056
-------------------------------
Output1 for generation 28700:

Oceanic mean pheno: 10.3294
Freshwater mean pheno: -9.39422
new Freshwater mean pheno: -2.79241
-------------------------------
Output1 for generation 28800:

Oceanic mean pheno: 10.3106
Freshwater mean pheno: -9.35787
new Freshwater mean pheno: -2.76599
-------------------------------
Output1 for generation 28900:

Oceanic mean pheno: 10.3441
Freshwater mean pheno: -9.36176
new Freshwater mean pheno: -2.69865
-------------------------------
Output1 for generation 29000:

Oceanic mean pheno: 10.3654
Freshwater mean pheno: -9.36903
new Freshwater mean pheno: -2.74364
-------------------------------
Output1 for generation 29100:

Oceanic mean pheno: 10.308
Freshwater mean pheno: -9.40252
new Freshwater mean pheno: -2.64113
-------------------------------
Output1 for generation 29200:

Oceanic mean pheno: 10.3004
Freshwater mean pheno: -9.44118
new Freshwater mean pheno: -2.59201
-------------------------------
Output1 for generation 29300:

Oceanic mean pheno: 10.3077
Freshwater mean pheno: -9.39646
new Freshwater mean pheno: -2.81974
-------------------------------
Output1 for generation 29400:

Oceanic mean pheno: 10.2995
Freshwater mean pheno: -9.42036
new Freshwater mean pheno: -2.99757
-------------------------------
Output1 for generation 29500:

Oceanic mean pheno: 10.265
Freshwater mean pheno: -9.40604
new Freshwater mean pheno: -2.80529
-------------------------------
Output1 for generation 29600:

Oceanic mean pheno: 10.2586
Freshwater mean pheno: -9.42271
new Freshwater mean pheno: -3.0166
-------------------------------
Output1 for generation 29700:

Oceanic mean pheno: 10.2544
Freshwater mean pheno: -9.39068
new Freshwater mean pheno: -2.9707
-------------------------------
Output1 for generation 29800:

Oceanic mean pheno: 10.2625
Freshwater mean pheno: -9.40679
new Freshwater mean pheno: -3.33636
-------------------------------
Output1 for generation 29900:

Oceanic mean pheno: 10.254
Freshwater mean pheno: -9.42359
new Freshwater mean pheno: -3.15301
-------------------------------
Output1 for generation 30000:

Oceanic mean pheno: 10.2609
Freshwater mean pheno: -9.41915
new Freshwater mean pheno: -3.14264
-------------------------------
Output1 for generation 30100:

Oceanic mean pheno: 10.2705
Freshwater mean pheno: -9.4039
new Freshwater mean pheno: -3.10093
-------------------------------
Output1 for generation 30200:

Oceanic mean pheno: 10.2694
Freshwater mean pheno: -9.40363
new Freshwater mean pheno: -3.0794
-------------------------------
Output1 for generation 30300:

Oceanic mean pheno: 10.2636
Freshwater mean pheno: -9.41353
new Freshwater mean pheno: -2.99381
-------------------------------
Output1 for generation 30400:

Oceanic mean pheno: 10.265
Freshwater mean pheno: -9.36673
new Freshwater mean pheno: -3.04227
-------------------------------
Output1 for generation 30500:

Oceanic mean pheno: 10.273
Freshwater mean pheno: -9.34751
new Freshwater mean pheno: -3.33024
-------------------------------
Output1 for generation 30600:

Oceanic mean pheno: 10.2757
Freshwater mean pheno: -9.33128
new Freshwater mean pheno: -3.67275
-------------------------------
Output1 for generation 30700:

Oceanic mean pheno: 10.2817
Freshwater mean pheno: -9.37806
new Freshwater mean pheno: -3.59492
-------------------------------
Output1 for generation 30800:

Oceanic mean pheno: 10.2492
Freshwater mean pheno: -9.31969
new Freshwater mean pheno: -3.54922
-------------------------------
Output1 for generation 30900:

Oceanic mean pheno: 10.2447
Freshwater mean pheno: -9.31644
new Freshwater mean pheno: -3.66629
-------------------------------
Output1 for generation 31000:

Oceanic mean pheno: 10.2448
Freshwater mean pheno: -9.302
new Freshwater mean pheno: -3.78827
-------------------------------
Output1 for generation 31100:

Oceanic mean pheno: 10.2453
Freshwater mean pheno: -9.34305
new Freshwater mean pheno: -3.86123
-------------------------------
Output1 for generation 31200:

Oceanic mean pheno: 10.2438
Freshwater mean pheno: -9.30027
new Freshwater mean pheno: -3.90454
-------------------------------
Output1 for generation 31300:

Oceanic mean pheno: 10.2457
Freshwater mean pheno: -9.28709
new Freshwater mean pheno: -4.0073
-------------------------------
Output1 for generation 31400:

Oceanic mean pheno: 10.2326
Freshwater mean pheno: -9.30943
new Freshwater mean pheno: -3.93046
-------------------------------
Output1 for generation 31500:

Oceanic mean pheno: 10.2451
Freshwater mean pheno: -9.27219
new Freshwater mean pheno: -3.9061
-------------------------------
Output1 for generation 31600:

Oceanic mean pheno: 10.2463
Freshwater mean pheno: -9.30447
new Freshwater mean pheno: -4.16382
-------------------------------
Output1 for generation 31700:

Oceanic mean pheno: 10.2326
Freshwater mean pheno: -9.28114
new Freshwater mean pheno: -4.10413
-------------------------------
Output1 for generation 31800:

Oceanic mean pheno: 10.2409
Freshwater mean pheno: -9.26891
new Freshwater mean pheno: -4.25071
-------------------------------
Output1 for generation 31900:

Oceanic mean pheno: 10.2444
Freshwater mean pheno: -9.28439
new Freshwater mean pheno: -4.30379
-------------------------------
Output1 for generation 32000:

Oceanic mean pheno: 10.2415
Freshwater mean pheno: -9.31906
new Freshwater mean pheno: -4.41088
-------------------------------
Output1 for generation 32100:

Oceanic mean pheno: 10.2576
Freshwater mean pheno: -9.28297
new Freshwater mean pheno: -4.28148
-------------------------------
Output1 for generation 32200:

Oceanic mean pheno: 10.2539
Freshwater mean pheno: -9.27137
new Freshwater mean pheno: -4.46495
-------------------------------
Output1 for generation 32300:

Oceanic mean pheno: 10.2445
Freshwater mean pheno: -9.31734
new Freshwater mean pheno: -4.39693
-------------------------------
Output1 for generation 32400:

Oceanic mean pheno: 10.2446
Freshwater mean pheno: -9.29467
new Freshwater mean pheno: -4.44902
-------------------------------
Output1 for generation 32500:

Oceanic mean pheno: 10.2451
Freshwater mean pheno: -9.32358
new Freshwater mean pheno: -4.34681
-------------------------------
Output1 for generation 32600:

Oceanic mean pheno: 10.2403
Freshwater mean pheno: -9.34097
new Freshwater mean pheno: -4.54545
-------------------------------
Output1 for generation 32700:

Oceanic mean pheno: 10.2096
Freshwater mean pheno: -9.30057
new Freshwater mean pheno: -4.54854
-------------------------------
Output1 for generation 32800:

Oceanic mean pheno: 10.2445
Freshwater mean pheno: -9.30581
new Freshwater mean pheno: -4.43578
-------------------------------
Output1 for generation 32900:

Oceanic mean pheno: 10.2518
Freshwater mean pheno: -9.31888
new Freshwater mean pheno: -4.46619
-------------------------------
Output1 for generation 33000:

Oceanic mean pheno: 10.2454
Freshwater mean pheno: -9.29721
new Freshwater mean pheno: -4.50916
-------------------------------
Output1 for generation 33100:

Oceanic mean pheno: 10.244
Freshwater mean pheno: -9.29398
new Freshwater mean pheno: -4.5324
-------------------------------
Output1 for generation 33200:

Oceanic mean pheno: 10.2493
Freshwater mean pheno: -9.28577
new Freshwater mean pheno: -4.64759
-------------------------------
Output1 for generation 33300:

Oceanic mean pheno: 10.2509
Freshwater mean pheno: -9.29479
new Freshwater mean pheno: -4.65954
-------------------------------
Output1 for generation 33400:

Oceanic mean pheno: 10.2565
Freshwater mean pheno: -9.29829
new Freshwater mean pheno: -4.65233
-------------------------------
Output1 for generation 33500:

Oceanic mean pheno: 10.2527
Freshwater mean pheno: -9.31931
new Freshwater mean pheno: -4.59295
-------------------------------
Output1 for generation 33600:

Oceanic mean pheno: 10.2503
Freshwater mean pheno: -9.30101
new Freshwater mean pheno: -4.67849
-------------------------------
Output1 for generation 33700:

Oceanic mean pheno: 10.2525
Freshwater mean pheno: -9.28483
new Freshwater mean pheno: -4.82393
-------------------------------
Output1 for generation 33800:

Oceanic mean pheno: 10.2538
Freshwater mean pheno: -9.26757
new Freshwater mean pheno: -4.88351
-------------------------------
Output1 for generation 33900:

Oceanic mean pheno: 10.252
Freshwater mean pheno: -9.28951
new Freshwater mean pheno: -4.96707
-------------------------------
Output1 for generation 34000:

Oceanic mean pheno: 10.2447
Freshwater mean pheno: -9.30959
new Freshwater mean pheno: -4.95371
-------------------------------
Output1 for generation 34100:

Oceanic mean pheno: 10.2158
Freshwater mean pheno: -9.3249
new Freshwater mean pheno: -4.93715
-------------------------------
Output1 for generation 34200:

Oceanic mean pheno: 10.1955
Freshwater mean pheno: -9.27275
new Freshwater mean pheno: -5.19417
-------------------------------
Output1 for generation 34300:

Oceanic mean pheno: 10.2308
Freshwater mean pheno: -9.28061
new Freshwater mean pheno: -5.23628
-------------------------------
Output1 for generation 34400:

Oceanic mean pheno: 10.1897
Freshwater mean pheno: -9.26395
new Freshwater mean pheno: -5.18093
-------------------------------
Output1 for generation 34500:

Oceanic mean pheno: 10.2338
Freshwater mean pheno: -9.30735
new Freshwater mean pheno: -5.2876
-------------------------------
Output1 for generation 34600:

Oceanic mean pheno: 10.2581
Freshwater mean pheno: -9.3064
new Freshwater mean pheno: -5.23044
-------------------------------
Output1 for generation 34700:

Oceanic mean pheno: 10.2442
Freshwater mean pheno: -9.31785
new Freshwater mean pheno: -5.25317
-------------------------------
Output1 for generation 34800:

Oceanic mean pheno: 10.2382
Freshwater mean pheno: -9.29351
new Freshwater mean pheno: -5.30121
-------------------------------
Output1 for generation 34900:

Oceanic mean pheno: 10.249
Freshwater mean pheno: -9.32706
new Freshwater mean pheno: -5.28469
-------------------------------
Output1 for generation 35000:

Oceanic mean pheno: 10.2416
Freshwater mean pheno: -9.3386
new Freshwater mean pheno: -5.26555
-------------------------------
Output1 for generation 35100:

Oceanic mean pheno: 10.2368
Freshwater mean pheno: -9.30003
new Freshwater mean pheno: -5.14613
-------------------------------
Output1 for generation 35200:

Oceanic mean pheno: 10.2286
Freshwater mean pheno: -9.29255
new Freshwater mean pheno: -5.24783
-------------------------------
Output1 for generation 35300:

Oceanic mean pheno: 10.2214
Freshwater mean pheno: -9.26735
new Freshwater mean pheno: -5.2473
-------------------------------
Output1 for generation 35400:

Oceanic mean pheno: 10.2164
Freshwater mean pheno: -9.29746
new Freshwater mean pheno: -5.27997
-------------------------------
Output1 for generation 35500:

Oceanic mean pheno: 10.2184
Freshwater mean pheno: -9.30572
new Freshwater mean pheno: -5.29442
-------------------------------
Output1 for generation 35600:

Oceanic mean pheno: 10.2214
Freshwater mean pheno: -9.3216
new Freshwater mean pheno: -5.25434
-------------------------------
Output1 for generation 35700:

Oceanic mean pheno: 10.2159
Freshwater mean pheno: -9.31583
new Freshwater mean pheno: -5.21433
-------------------------------
Output1 for generation 35800:

Oceanic mean pheno: 10.2312
Freshwater mean pheno: -9.30599
new Freshwater mean pheno: -5.28095
-------------------------------
Output1 for generation 35900:

Oceanic mean pheno: 10.2361
Freshwater mean pheno: -9.3353
new Freshwater mean pheno: -5.28506
-------------------------------
Output1 for generation 36000:

Oceanic mean pheno: 10.2379
Freshwater mean pheno: -9.35023
new Freshwater mean pheno: -5.35224
-------------------------------
Output1 for generation 36100:

Oceanic mean pheno: 10.2476
Freshwater mean pheno: -9.3644
new Freshwater mean pheno: -5.4374
-------------------------------
Output1 for generation 36200:

Oceanic mean pheno: 10.2258
Freshwater mean pheno: -9.30797
new Freshwater mean pheno: -5.45086
-------------------------------
Output1 for generation 36300:

Oceanic mean pheno: 10.2101
Freshwater mean pheno: -9.32355
new Freshwater mean pheno: -5.34815
-------------------------------
Output1 for generation 36400:

Oceanic mean pheno: 10.1947
Freshwater mean pheno: -9.32439
new Freshwater mean pheno: -5.39542
-------------------------------
Output1 for generation 36500:

Oceanic mean pheno: 10.2039
Freshwater mean pheno: -9.32682
new Freshwater mean pheno: -5.37489
-------------------------------
Output1 for generation 36600:

Oceanic mean pheno: 10.2055
Freshwater mean pheno: -9.31769
new Freshwater mean pheno: -5.35982
-------------------------------
Output1 for generation 36700:

Oceanic mean pheno: 10.1884
Freshwater mean pheno: -9.41553
new Freshwater mean pheno: -5.48739
-------------------------------
Output1 for generation 36800:

Oceanic mean pheno: 10.1684
Freshwater mean pheno: -9.35817
new Freshwater mean pheno: -5.43544
-------------------------------
Output1 for generation 36900:

Oceanic mean pheno: 10.1848
Freshwater mean pheno: -9.29018
new Freshwater mean pheno: -5.55439
-------------------------------
Output1 for generation 37000:

Oceanic mean pheno: 10.2321
Freshwater mean pheno: -9.3072
new Freshwater mean pheno: -5.99635
-------------------------------
Output1 for generation 37100:

Oceanic mean pheno: 10.2413
Freshwater mean pheno: -9.32101
new Freshwater mean pheno: -6.02201
-------------------------------
Output1 for generation 37200:

Oceanic mean pheno: 10.2364
Freshwater mean pheno: -9.32249
new Freshwater mean pheno: -6.27273
-------------------------------
Output1 for generation 37300:

Oceanic mean pheno: 10.245
Freshwater mean pheno: -9.31033
new Freshwater mean pheno: -6.18764
-------------------------------
Output1 for generation 37400:

Oceanic mean pheno: 10.2314
Freshwater mean pheno: -9.32755
new Freshwater mean pheno: -6.23316
-------------------------------
Output1 for generation 37500:

Oceanic mean pheno: 10.2207
Freshwater mean pheno: -9.30694
new Freshwater mean pheno: -6.28869
-------------------------------
Output1 for generation 37600:

Oceanic mean pheno: 10.2252
Freshwater mean pheno: -9.34811
new Freshwater mean pheno: -6.37203
-------------------------------
Output1 for generation 37700:

Oceanic mean pheno: 10.2549
Freshwater mean pheno: -9.31486
new Freshwater mean pheno: -6.43
-------------------------------
Output1 for generation 37800:

Oceanic mean pheno: 10.2377
Freshwater mean pheno: -9.33325
new Freshwater mean pheno: -6.52832
-------------------------------
Output1 for generation 37900:

Oceanic mean pheno: 10.2081
Freshwater mean pheno: -9.32527
new Freshwater mean pheno: -6.83921
-------------------------------
Output1 for generation 38000:

Oceanic mean pheno: 10.2336
Freshwater mean pheno: -9.3377
new Freshwater mean pheno: -6.77107
-------------------------------
Output1 for generation 38100:

Oceanic mean pheno: 10.2434
Freshwater mean pheno: -9.32528
new Freshwater mean pheno: -6.698
-------------------------------
Output1 for generation 38200:

Oceanic mean pheno: 10.2435
Freshwater mean pheno: -9.33152
new Freshwater mean pheno: -6.77383
-------------------------------
Output1 for generation 38300:

Oceanic mean pheno: 10.2419
Freshwater mean pheno: -9.31551
new Freshwater mean pheno: -6.85559
-------------------------------
Output1 for generation 38400:

Oceanic mean pheno: 10.2544
Freshwater mean pheno: -9.32535
new Freshwater mean pheno: -6.81402
-------------------------------
Output1 for generation 38500:

Oceanic mean pheno: 10.2506
Freshwater mean pheno: -9.31731
new Freshwater mean pheno: -7.1179
-------------------------------
Output1 for generation 38600:

Oceanic mean pheno: 10.2518
Freshwater mean pheno: -9.32022
new Freshwater mean pheno: -7.11023
-------------------------------
Output1 for generation 38700:

Oceanic mean pheno: 10.2472
Freshwater mean pheno: -9.40828
new Freshwater mean pheno: -7.24082
-------------------------------
Output1 for generation 38800:

Oceanic mean pheno: 10.2442
Freshwater mean pheno: -9.48163
new Freshwater mean pheno: -7.11487
-------------------------------
Output1 for generation 38900:

Oceanic mean pheno: 10.2499
Freshwater mean pheno: -9.46329
new Freshwater mean pheno: -7.34838
-------------------------------
Output1 for generation 39000:

Oceanic mean pheno: 10.2446
Freshwater mean pheno: -9.45523
new Freshwater mean pheno: -7.3173
-------------------------------
Output1 for generation 39100:

Oceanic mean pheno: 10.2385
Freshwater mean pheno: -9.45489
new Freshwater mean pheno: -7.36329
-------------------------------
Output1 for generation 39200:

Oceanic mean pheno: 10.2544
Freshwater mean pheno: -9.45903
new Freshwater mean pheno: -7.42009
-------------------------------
Output1 for generation 39300:

Oceanic mean pheno: 10.2388
Freshwater mean pheno: -9.43795
new Freshwater mean pheno: -7.46728
-------------------------------
Output1 for generation 39400:

Oceanic mean pheno: 10.2536
Freshwater mean pheno: -9.47558
new Freshwater mean pheno: -7.4639
-------------------------------
Output1 for generation 39500:

Oceanic mean pheno: 10.2445
Freshwater mean pheno: -9.41881
new Freshwater mean pheno: -7.42698
-------------------------------
Output1 for generation 39600:

Oceanic mean pheno: 10.247
Freshwater mean pheno: -9.46122
new Freshwater mean pheno: -7.46674
-------------------------------
Output1 for generation 39700:

Oceanic mean pheno: 10.2605
Freshwater mean pheno: -9.44958
new Freshwater mean pheno: -7.42819
-------------------------------
Output1 for generation 39800:

Oceanic mean pheno: 10.2425
Freshwater mean pheno: -9.43675
new Freshwater mean pheno: -7.425
-------------------------------
Output1 for generation 39900:

Oceanic mean pheno: 10.2477
Freshwater mean pheno: -9.43429
new Freshwater mean pheno: -7.38783
-------------------------------
Output1 for generation 40000:

Oceanic mean pheno: 10.1976
Freshwater mean pheno: -9.41355
new Freshwater mean pheno: -7.39267
elapsed: 3:42:56 / kernel: 1.94 / user: 13381.96 / mem: 286792
Done!
