Task ID  - seed 008569
Parameters for SLiM run:
  -s 008569 MyRecipe5_0_9.E
// Initial random seed:
1507368345921

// RunInitializeCallbacks():
initializeSLiMOptions(dimensionality = 'x');
initializeMutationRate(1e-07);
initializeMutationType(1, 0.5, "g", 0.5, 1);
initializeMutationType(2, 0.5, "g", -0.5, 1);
initializeMutationType(3, 0.5, "f", 0);
initializeMutationType(4, 0.5, "f", 0);
initializeGenomicElementType(1, m3, 1);
initializeGenomicElementType(2, c(m1, m2, m3), c(1, 1, 1));
initializeGenomicElement(g1, 0, 4949);
initializeGenomicElement(g2, 4950, 5049);
initializeGenomicElement(g1, 5050, 9999);
initializeGenomicElement(g1, 10000, 14949);
initializeGenomicElement(g2, 14950, 15049);
initializeGenomicElement(g1, 15050, 19999);
initializeGenomicElement(g1, 20000, 24949);
initializeGenomicElement(g2, 24950, 25049);
initializeGenomicElement(g1, 25050, 29999);
initializeGenomicElement(g1, 30000, 34949);
initializeGenomicElement(g2, 34950, 35049);
initializeGenomicElement(g1, 35050, 39999);
initializeGenomicElement(g1, 40000, 44949);
initializeGenomicElement(g2, 44950, 45049);
initializeGenomicElement(g1, 45050, 49999);
initializeGenomicElement(g1, 50000, 54949);
initializeGenomicElement(g2, 54950, 55049);
initializeGenomicElement(g1, 55050, 59999);
initializeGenomicElement(g1, 60000, 64949);
initializeGenomicElement(g2, 64950, 65049);
initializeGenomicElement(g1, 65050, 69999);
initializeGenomicElement(g1, 70000, 74949);
initializeGenomicElement(g2, 74950, 75049);
initializeGenomicElement(g1, 75050, 79999);
initializeGenomicElement(g1, 80000, 84949);
initializeGenomicElement(g2, 84950, 85049);
initializeGenomicElement(g1, 85050, 89999);
initializeGenomicElement(g1, 90000, 94949);
initializeGenomicElement(g2, 94950, 95049);
initializeGenomicElement(g1, 95050, 99999);
end of chromosome position: 100000
initializeRecombinationRate(0.001);
initializeInteractionType(1, "x", reciprocal=T", maxDistance=0.02);
initializeInteractionType(2, "x", reciprocal=T", maxDistance=1);

// Starting run at generation <start>:
1 

-------------------------------
Output1 for generation 100:

Oceanic mean pheno: -0.000278694
Freshwater mean pheno: -0.00150537
-------------------------------
Output1 for generation 200:

Oceanic mean pheno: 0
Freshwater mean pheno: -5.45739e-06
-------------------------------
Output1 for generation 300:

Oceanic mean pheno: 0
Freshwater mean pheno: -0.00202585
-------------------------------
Output1 for generation 400:

Oceanic mean pheno: 0.0190036
Freshwater mean pheno: -0.000193708
-------------------------------
Output1 for generation 500:

Oceanic mean pheno: 0.136701
Freshwater mean pheno: 0.00859617
-------------------------------
Output1 for generation 600:

Oceanic mean pheno: 0.511519
Freshwater mean pheno: 0.00600808
-------------------------------
Output1 for generation 700:

Oceanic mean pheno: 0.77898
Freshwater mean pheno: -0.0433922
-------------------------------
Output1 for generation 800:

Oceanic mean pheno: 0.862561
Freshwater mean pheno: -0.114991
-------------------------------
Output1 for generation 900:

Oceanic mean pheno: 0.86178
Freshwater mean pheno: -0.308494
-------------------------------
Output1 for generation 1000:

Oceanic mean pheno: 0.86064
Freshwater mean pheno: -0.583301
-------------------------------
Output1 for generation 1100:

Oceanic mean pheno: 0.865235
Freshwater mean pheno: -0.706754
-------------------------------
Output1 for generation 1200:

Oceanic mean pheno: 0.880926
Freshwater mean pheno: -0.796302
-------------------------------
Output1 for generation 1300:

Oceanic mean pheno: 0.86287
Freshwater mean pheno: -0.751547
-------------------------------
Output1 for generation 1400:

Oceanic mean pheno: 0.88516
Freshwater mean pheno: -0.829751
-------------------------------
Output1 for generation 1500:

Oceanic mean pheno: 1.11413
Freshwater mean pheno: -0.76069
-------------------------------
Output1 for generation 1600:

Oceanic mean pheno: 1.96428
Freshwater mean pheno: -0.794834
-------------------------------
Output1 for generation 1700:

Oceanic mean pheno: 2.52137
Freshwater mean pheno: -0.870748
-------------------------------
Output1 for generation 1800:

Oceanic mean pheno: 2.92876
Freshwater mean pheno: -0.926923
-------------------------------
Output1 for generation 1900:

Oceanic mean pheno: 3.21329
Freshwater mean pheno: -0.94063
-------------------------------
Output1 for generation 2000:

Oceanic mean pheno: 3.27766
Freshwater mean pheno: -0.906242
-------------------------------
Output1 for generation 2100:

Oceanic mean pheno: 3.29817
Freshwater mean pheno: -0.987782
-------------------------------
Output1 for generation 2200:

Oceanic mean pheno: 3.29582
Freshwater mean pheno: -0.943631
-------------------------------
Output1 for generation 2300:

Oceanic mean pheno: 3.29582
Freshwater mean pheno: -0.953865
-------------------------------
Output1 for generation 2400:

Oceanic mean pheno: 3.29564
Freshwater mean pheno: -1.21177
-------------------------------
Output1 for generation 2500:

Oceanic mean pheno: 3.30849
Freshwater mean pheno: -1.37881
-------------------------------
Output1 for generation 2600:

Oceanic mean pheno: 3.60038
Freshwater mean pheno: -1.44067
-------------------------------
Output1 for generation 2700:

Oceanic mean pheno: 4.96123
Freshwater mean pheno: -1.59259
-------------------------------
Output1 for generation 2800:

Oceanic mean pheno: 5.80197
Freshwater mean pheno: -1.79088
-------------------------------
Output1 for generation 2900:

Oceanic mean pheno: 6.21241
Freshwater mean pheno: -1.85721
-------------------------------
Output1 for generation 3000:

Oceanic mean pheno: 6.24702
Freshwater mean pheno: -1.82058
-------------------------------
Output1 for generation 3100:

Oceanic mean pheno: 6.27069
Freshwater mean pheno: -1.87819
-------------------------------
Output1 for generation 3200:

Oceanic mean pheno: 6.33847
Freshwater mean pheno: -1.9562
-------------------------------
Output1 for generation 3300:

Oceanic mean pheno: 6.4966
Freshwater mean pheno: -1.99275
-------------------------------
Output1 for generation 3400:

Oceanic mean pheno: 7.09756
Freshwater mean pheno: -2.0127
-------------------------------
Output1 for generation 3500:

Oceanic mean pheno: 7.99037
Freshwater mean pheno: -1.99825
-------------------------------
Output1 for generation 3600:

Oceanic mean pheno: 8.22236
Freshwater mean pheno: -1.97237
-------------------------------
Output1 for generation 3700:

Oceanic mean pheno: 8.43197
Freshwater mean pheno: -1.96648
-------------------------------
Output1 for generation 3800:

Oceanic mean pheno: 8.33879
Freshwater mean pheno: -1.97122
-------------------------------
Output1 for generation 3900:

Oceanic mean pheno: 8.53322
Freshwater mean pheno: -2.04318
-------------------------------
Output1 for generation 4000:

Oceanic mean pheno: 8.52419
Freshwater mean pheno: -2.2476
-------------------------------
Output1 for generation 4100:

Oceanic mean pheno: 8.54105
Freshwater mean pheno: -2.38115
-------------------------------
Output1 for generation 4200:

Oceanic mean pheno: 8.55499
Freshwater mean pheno: -2.42527
-------------------------------
Output1 for generation 4300:

Oceanic mean pheno: 8.55029
Freshwater mean pheno: -2.51016
-------------------------------
Output1 for generation 4400:

Oceanic mean pheno: 8.55665
Freshwater mean pheno: -2.62948
-------------------------------
Output1 for generation 4500:

Oceanic mean pheno: 8.55085
Freshwater mean pheno: -2.60758
-------------------------------
Output1 for generation 4600:

Oceanic mean pheno: 8.55582
Freshwater mean pheno: -2.71826
-------------------------------
Output1 for generation 4700:

Oceanic mean pheno: 8.54693
Freshwater mean pheno: -2.82425
-------------------------------
Output1 for generation 4800:

Oceanic mean pheno: 8.5544
Freshwater mean pheno: -2.80154
-------------------------------
Output1 for generation 4900:

Oceanic mean pheno: 8.55961
Freshwater mean pheno: -2.80625
-------------------------------
Output1 for generation 5000:

Oceanic mean pheno: 8.55713
Freshwater mean pheno: -2.77433
-------------------------------
Output1 for generation 5100:

Oceanic mean pheno: 8.55196
Freshwater mean pheno: -2.79646
-------------------------------
Output1 for generation 5200:

Oceanic mean pheno: 8.55363
Freshwater mean pheno: -2.76469
-------------------------------
Output1 for generation 5300:

Oceanic mean pheno: 8.54819
Freshwater mean pheno: -2.83613
-------------------------------
Output1 for generation 5400:

Oceanic mean pheno: 8.55451
Freshwater mean pheno: -2.78147
-------------------------------
Output1 for generation 5500:

Oceanic mean pheno: 8.5677
Freshwater mean pheno: -2.83769
-------------------------------
Output1 for generation 5600:

Oceanic mean pheno: 8.54169
Freshwater mean pheno: -2.86554
-------------------------------
Output1 for generation 5700:

Oceanic mean pheno: 8.5749
Freshwater mean pheno: -3.08921
-------------------------------
Output1 for generation 5800:

Oceanic mean pheno: 8.58281
Freshwater mean pheno: -3.65342
-------------------------------
Output1 for generation 5900:

Oceanic mean pheno: 8.85371
Freshwater mean pheno: -3.88161
-------------------------------
Output1 for generation 6000:

Oceanic mean pheno: 8.85658
Freshwater mean pheno: -3.86853
-------------------------------
Output1 for generation 6100:

Oceanic mean pheno: 9.20554
Freshwater mean pheno: -3.91115
-------------------------------
Output1 for generation 6200:

Oceanic mean pheno: 9.12435
Freshwater mean pheno: -4.14317
-------------------------------
Output1 for generation 6300:

Oceanic mean pheno: 9.1627
Freshwater mean pheno: -4.36302
-------------------------------
Output1 for generation 6400:

Oceanic mean pheno: 9.44297
Freshwater mean pheno: -4.56753
-------------------------------
Output1 for generation 6500:

Oceanic mean pheno: 8.84269
Freshwater mean pheno: -4.67452
-------------------------------
Output1 for generation 6600:

Oceanic mean pheno: 8.9863
Freshwater mean pheno: -4.66665
-------------------------------
Output1 for generation 6700:

Oceanic mean pheno: 9.08455
Freshwater mean pheno: -4.57932
-------------------------------
Output1 for generation 6800:

Oceanic mean pheno: 9.29085
Freshwater mean pheno: -4.62914
-------------------------------
Output1 for generation 6900:

Oceanic mean pheno: 9.28483
Freshwater mean pheno: -4.65353
-------------------------------
Output1 for generation 7000:

Oceanic mean pheno: 9.38712
Freshwater mean pheno: -4.58262
-------------------------------
Output1 for generation 7100:

Oceanic mean pheno: 9.51274
Freshwater mean pheno: -4.5914
-------------------------------
Output1 for generation 7200:

Oceanic mean pheno: 9.63087
Freshwater mean pheno: -4.72506
-------------------------------
Output1 for generation 7300:

Oceanic mean pheno: 9.77995
Freshwater mean pheno: -4.60328
-------------------------------
Output1 for generation 7400:

Oceanic mean pheno: 9.56617
Freshwater mean pheno: -4.60701
-------------------------------
Output1 for generation 7500:

Oceanic mean pheno: 9.12107
Freshwater mean pheno: -4.6591
-------------------------------
Output1 for generation 7600:

Oceanic mean pheno: 9.43794
Freshwater mean pheno: -4.67663
-------------------------------
Output1 for generation 7700:

Oceanic mean pheno: 9.64121
Freshwater mean pheno: -4.65757
-------------------------------
Output1 for generation 7800:

Oceanic mean pheno: 9.7245
Freshwater mean pheno: -4.65194
-------------------------------
Output1 for generation 7900:

Oceanic mean pheno: 9.63797
Freshwater mean pheno: -4.83607
-------------------------------
Output1 for generation 8000:

Oceanic mean pheno: 9.49387
Freshwater mean pheno: -4.74502
-------------------------------
Output1 for generation 8100:

Oceanic mean pheno: 9.31077
Freshwater mean pheno: -4.67979
-------------------------------
Output1 for generation 8200:

Oceanic mean pheno: 9.76397
Freshwater mean pheno: -4.77371
-------------------------------
Output1 for generation 8300:

Oceanic mean pheno: 9.69793
Freshwater mean pheno: -4.77134
-------------------------------
Output1 for generation 8400:

Oceanic mean pheno: 9.78262
Freshwater mean pheno: -4.79519
-------------------------------
Output1 for generation 8500:

Oceanic mean pheno: 9.80785
Freshwater mean pheno: -4.84579
-------------------------------
Output1 for generation 8600:

Oceanic mean pheno: 9.77655
Freshwater mean pheno: -4.78777
-------------------------------
Output1 for generation 8700:

Oceanic mean pheno: 10.22
Freshwater mean pheno: -4.71058
-------------------------------
Output1 for generation 8800:

Oceanic mean pheno: 10.168
Freshwater mean pheno: -4.81197
-------------------------------
Output1 for generation 8900:

Oceanic mean pheno: 10.3707
Freshwater mean pheno: -4.83909
-------------------------------
Output1 for generation 9000:

Oceanic mean pheno: 10.5123
Freshwater mean pheno: -4.88765
-------------------------------
Output1 for generation 9100:

Oceanic mean pheno: 10.5044
Freshwater mean pheno: -4.99606
-------------------------------
Output1 for generation 9200:

Oceanic mean pheno: 10.1808
Freshwater mean pheno: -5.18775
-------------------------------
Output1 for generation 9300:

Oceanic mean pheno: 10.2167
Freshwater mean pheno: -5.12953
-------------------------------
Output1 for generation 9400:

Oceanic mean pheno: 9.84819
Freshwater mean pheno: -5.05659
-------------------------------
Output1 for generation 9500:

Oceanic mean pheno: 9.7187
Freshwater mean pheno: -5.21733
-------------------------------
Output1 for generation 9600:

Oceanic mean pheno: 9.75436
Freshwater mean pheno: -5.23886
-------------------------------
Output1 for generation 9700:

Oceanic mean pheno: 9.80489
Freshwater mean pheno: -5.29919
-------------------------------
Output1 for generation 9800:

Oceanic mean pheno: 9.50894
Freshwater mean pheno: -5.39428
-------------------------------
Output1 for generation 9900:

Oceanic mean pheno: 9.24321
Freshwater mean pheno: -5.43302
-------------------------------
Output1 for generation 10000:

Oceanic mean pheno: 9.4662
Freshwater mean pheno: -5.45434
-------------------------------
Output1 for generation 10100:

Oceanic mean pheno: 9.39833
Freshwater mean pheno: -5.40855
-------------------------------
Output1 for generation 10200:

Oceanic mean pheno: 9.33609
Freshwater mean pheno: -5.51262
-------------------------------
Output1 for generation 10300:

Oceanic mean pheno: 9.2704
Freshwater mean pheno: -5.67447
-------------------------------
Output1 for generation 10400:

Oceanic mean pheno: 9.5592
Freshwater mean pheno: -5.63961
-------------------------------
Output1 for generation 10500:

Oceanic mean pheno: 9.44598
Freshwater mean pheno: -5.71856
-------------------------------
Output1 for generation 10600:

Oceanic mean pheno: 9.58874
Freshwater mean pheno: -5.71407
-------------------------------
Output1 for generation 10700:

Oceanic mean pheno: 9.61067
Freshwater mean pheno: -5.66728
-------------------------------
Output1 for generation 10800:

Oceanic mean pheno: 10.4371
Freshwater mean pheno: -6.10011
-------------------------------
Output1 for generation 10900:

Oceanic mean pheno: 10.5671
Freshwater mean pheno: -6.1044
-------------------------------
Output1 for generation 11000:

Oceanic mean pheno: 10.3791
Freshwater mean pheno: -6.15026
-------------------------------
Output1 for generation 11100:

Oceanic mean pheno: 9.93342
Freshwater mean pheno: -6.14251
-------------------------------
Output1 for generation 11200:

Oceanic mean pheno: 9.91042
Freshwater mean pheno: -6.16893
-------------------------------
Output1 for generation 11300:

Oceanic mean pheno: 10.2548
Freshwater mean pheno: -6.21627
-------------------------------
Output1 for generation 11400:

Oceanic mean pheno: 9.9752
Freshwater mean pheno: -6.24709
-------------------------------
Output1 for generation 11500:

Oceanic mean pheno: 9.74192
Freshwater mean pheno: -6.25303
-------------------------------
Output1 for generation 11600:

Oceanic mean pheno: 9.60147
Freshwater mean pheno: -6.26679
-------------------------------
Output1 for generation 11700:

Oceanic mean pheno: 9.50855
Freshwater mean pheno: -6.28266
-------------------------------
Output1 for generation 11800:

Oceanic mean pheno: 9.53714
Freshwater mean pheno: -6.30084
-------------------------------
Output1 for generation 11900:

Oceanic mean pheno: 9.58622
Freshwater mean pheno: -6.24599
-------------------------------
Output1 for generation 12000:

Oceanic mean pheno: 9.87007
Freshwater mean pheno: -6.23761
-------------------------------
Output1 for generation 12100:

Oceanic mean pheno: 9.65383
Freshwater mean pheno: -6.23218
-------------------------------
Output1 for generation 12200:

Oceanic mean pheno: 9.74583
Freshwater mean pheno: -6.26769
-------------------------------
Output1 for generation 12300:

Oceanic mean pheno: 9.75007
Freshwater mean pheno: -6.28136
-------------------------------
Output1 for generation 12400:

Oceanic mean pheno: 9.51746
Freshwater mean pheno: -6.25666
-------------------------------
Output1 for generation 12500:

Oceanic mean pheno: 9.41066
Freshwater mean pheno: -6.24453
-------------------------------
Output1 for generation 12600:

Oceanic mean pheno: 9.74279
Freshwater mean pheno: -6.26398
-------------------------------
Output1 for generation 12700:

Oceanic mean pheno: 9.79315
Freshwater mean pheno: -6.23217
-------------------------------
Output1 for generation 12800:

Oceanic mean pheno: 9.80665
Freshwater mean pheno: -6.27294
-------------------------------
Output1 for generation 12900:

Oceanic mean pheno: 9.89178
Freshwater mean pheno: -6.25366
-------------------------------
Output1 for generation 13000:

Oceanic mean pheno: 10.0731
Freshwater mean pheno: -6.26217
-------------------------------
Output1 for generation 13100:

Oceanic mean pheno: 9.92449
Freshwater mean pheno: -6.27741
-------------------------------
Output1 for generation 13200:

Oceanic mean pheno: 9.91573
Freshwater mean pheno: -6.29655
-------------------------------
Output1 for generation 13300:

Oceanic mean pheno: 9.6815
Freshwater mean pheno: -6.26301
-------------------------------
Output1 for generation 13400:

Oceanic mean pheno: 9.32944
Freshwater mean pheno: -6.2761
-------------------------------
Output1 for generation 13500:

Oceanic mean pheno: 9.58097
Freshwater mean pheno: -6.23385
-------------------------------
Output1 for generation 13600:

Oceanic mean pheno: 9.74025
Freshwater mean pheno: -6.2713
-------------------------------
Output1 for generation 13700:

Oceanic mean pheno: 9.68033
Freshwater mean pheno: -6.28206
-------------------------------
Output1 for generation 13800:

Oceanic mean pheno: 9.60794
Freshwater mean pheno: -6.23419
-------------------------------
Output1 for generation 13900:

Oceanic mean pheno: 9.72986
Freshwater mean pheno: -6.20156
-------------------------------
Output1 for generation 14000:

Oceanic mean pheno: 9.53648
Freshwater mean pheno: -6.22415
-------------------------------
Output1 for generation 14100:

Oceanic mean pheno: 9.94062
Freshwater mean pheno: -6.30451
-------------------------------
Output1 for generation 14200:

Oceanic mean pheno: 9.98254
Freshwater mean pheno: -6.25533
-------------------------------
Output1 for generation 14300:

Oceanic mean pheno: 9.79907
Freshwater mean pheno: -6.21316
-------------------------------
Output1 for generation 14400:

Oceanic mean pheno: 9.92724
Freshwater mean pheno: -6.23424
-------------------------------
Output1 for generation 14500:

Oceanic mean pheno: 10.0164
Freshwater mean pheno: -6.26021
-------------------------------
Output1 for generation 14600:

Oceanic mean pheno: 10.1415
Freshwater mean pheno: -6.32371
-------------------------------
Output1 for generation 14700:

Oceanic mean pheno: 10.1408
Freshwater mean pheno: -6.34127
-------------------------------
Output1 for generation 14800:

Oceanic mean pheno: 10.2595
Freshwater mean pheno: -6.47679
-------------------------------
Output1 for generation 14900:

Oceanic mean pheno: 10.3881
Freshwater mean pheno: -6.58972
-------------------------------
Output1 for generation 15000:

Oceanic mean pheno: 10.2576
Freshwater mean pheno: -6.71696
-------------------------------
Output1 for generation 15100:

Oceanic mean pheno: 10.0741
Freshwater mean pheno: -6.76049
-------------------------------
Output1 for generation 15200:

Oceanic mean pheno: 9.86231
Freshwater mean pheno: -6.81517
-------------------------------
Output1 for generation 15300:

Oceanic mean pheno: 9.73601
Freshwater mean pheno: -6.81188
-------------------------------
Output1 for generation 15400:

Oceanic mean pheno: 9.33442
Freshwater mean pheno: -6.87697
-------------------------------
Output1 for generation 15500:

Oceanic mean pheno: 8.98418
Freshwater mean pheno: -6.79815
-------------------------------
Output1 for generation 15600:

Oceanic mean pheno: 9.03318
Freshwater mean pheno: -6.80717
-------------------------------
Output1 for generation 15700:

Oceanic mean pheno: 9.28099
Freshwater mean pheno: -6.79579
-------------------------------
Output1 for generation 15800:

Oceanic mean pheno: 9.43786
Freshwater mean pheno: -6.8247
-------------------------------
Output1 for generation 15900:

Oceanic mean pheno: 9.48792
Freshwater mean pheno: -6.78124
-------------------------------
Output1 for generation 16000:

Oceanic mean pheno: 9.68873
Freshwater mean pheno: -6.82775
-------------------------------
Output1 for generation 16100:

Oceanic mean pheno: 9.55042
Freshwater mean pheno: -6.79801
-------------------------------
Output1 for generation 16200:

Oceanic mean pheno: 9.31756
Freshwater mean pheno: -6.79662
-------------------------------
Output1 for generation 16300:

Oceanic mean pheno: 9.56482
Freshwater mean pheno: -6.83328
-------------------------------
Output1 for generation 16400:

Oceanic mean pheno: 9.80425
Freshwater mean pheno: -6.81973
-------------------------------
Output1 for generation 16500:

Oceanic mean pheno: 9.68211
Freshwater mean pheno: -6.85593
-------------------------------
Output1 for generation 16600:

Oceanic mean pheno: 9.58892
Freshwater mean pheno: -6.86766
-------------------------------
Output1 for generation 16700:

Oceanic mean pheno: 9.65318
Freshwater mean pheno: -6.8668
-------------------------------
Output1 for generation 16800:

Oceanic mean pheno: 10.0976
Freshwater mean pheno: -6.81345
-------------------------------
Output1 for generation 16900:

Oceanic mean pheno: 9.79222
Freshwater mean pheno: -6.81261
-------------------------------
Output1 for generation 17000:

Oceanic mean pheno: 9.59176
Freshwater mean pheno: -6.83669
-------------------------------
Output1 for generation 17100:

Oceanic mean pheno: 9.7313
Freshwater mean pheno: -6.79609
-------------------------------
Output1 for generation 17200:

Oceanic mean pheno: 9.51558
Freshwater mean pheno: -6.81958
-------------------------------
Output1 for generation 17300:

Oceanic mean pheno: 9.58375
Freshwater mean pheno: -6.78925
-------------------------------
Output1 for generation 17400:

Oceanic mean pheno: 9.56005
Freshwater mean pheno: -6.86854
-------------------------------
Output1 for generation 17500:

Oceanic mean pheno: 9.40861
Freshwater mean pheno: -6.76423
-------------------------------
Output1 for generation 17600:

Oceanic mean pheno: 9.38479
Freshwater mean pheno: -6.81431
-------------------------------
Output1 for generation 17700:

Oceanic mean pheno: 9.21946
Freshwater mean pheno: -6.74675
-------------------------------
Output1 for generation 17800:

Oceanic mean pheno: 9.28502
Freshwater mean pheno: -6.78069
-------------------------------
Output1 for generation 17900:

Oceanic mean pheno: 9.38385
Freshwater mean pheno: -6.85178
-------------------------------
Output1 for generation 18000:

Oceanic mean pheno: 9.23723
Freshwater mean pheno: -6.85767
-------------------------------
Output1 for generation 18100:

Oceanic mean pheno: 9.30441
Freshwater mean pheno: -6.79842
-------------------------------
Output1 for generation 18200:

Oceanic mean pheno: 9.22158
Freshwater mean pheno: -6.79119
-------------------------------
Output1 for generation 18300:

Oceanic mean pheno: 9.5049
Freshwater mean pheno: -6.82893
-------------------------------
Output1 for generation 18400:

Oceanic mean pheno: 9.59629
Freshwater mean pheno: -6.79272
-------------------------------
Output1 for generation 18500:

Oceanic mean pheno: 9.5621
Freshwater mean pheno: -6.87469
-------------------------------
Output1 for generation 18600:

Oceanic mean pheno: 9.62963
Freshwater mean pheno: -6.8275
-------------------------------
Output1 for generation 18700:

Oceanic mean pheno: 9.60751
Freshwater mean pheno: -6.974
-------------------------------
Output1 for generation 18800:

Oceanic mean pheno: 9.51486
Freshwater mean pheno: -6.78847
-------------------------------
Output1 for generation 18900:

Oceanic mean pheno: 9.61792
Freshwater mean pheno: -6.84207
-------------------------------
Output1 for generation 19000:

Oceanic mean pheno: 9.66492
Freshwater mean pheno: -6.85239
-------------------------------
Output1 for generation 19100:

Oceanic mean pheno: 9.70537
Freshwater mean pheno: -6.81138
-------------------------------
Output1 for generation 19200:

Oceanic mean pheno: 9.69658
Freshwater mean pheno: -6.80689
-------------------------------
Output1 for generation 19300:

Oceanic mean pheno: 9.65859
Freshwater mean pheno: -6.85202
-------------------------------
Output1 for generation 19400:

Oceanic mean pheno: 9.56267
Freshwater mean pheno: -6.85889
-------------------------------
Output1 for generation 19500:

Oceanic mean pheno: 9.51195
Freshwater mean pheno: -6.84552
-------------------------------
Output1 for generation 19600:

Oceanic mean pheno: 9.53888
Freshwater mean pheno: -6.97071
-------------------------------
Output1 for generation 19700:

Oceanic mean pheno: 9.6101
Freshwater mean pheno: -7.07239
-------------------------------
Output1 for generation 19800:

Oceanic mean pheno: 9.49655
Freshwater mean pheno: -6.95925
-------------------------------
Output1 for generation 19900:

Oceanic mean pheno: 9.64938
Freshwater mean pheno: -7.08654
#WARNING (Eidos_ExecuteFunction_writeFile): function writeFile() could not write to file at path /projects/haldane/SliMSimulations/Output1/SD.txt.
-------------------------------
Output1 for generation 20000:

Oceanic mean pheno: 9.8014
Freshwater mean pheno: -7.2554
new Freshwater mean pheno: 9.79859
-------------------------------
Output1 for generation 20100:

Oceanic mean pheno: 9.81835
Freshwater mean pheno: -7.22511
new Freshwater mean pheno: 9.32327
-------------------------------
Output1 for generation 20200:

Oceanic mean pheno: 9.75005
Freshwater mean pheno: -7.17932
new Freshwater mean pheno: 9.10265
-------------------------------
Output1 for generation 20300:

Oceanic mean pheno: 9.7317
Freshwater mean pheno: -7.29072
new Freshwater mean pheno: 8.71005
-------------------------------
Output1 for generation 20400:

Oceanic mean pheno: 9.73815
Freshwater mean pheno: -7.25733
new Freshwater mean pheno: 8.47618
-------------------------------
Output1 for generation 20500:

Oceanic mean pheno: 9.7338
Freshwater mean pheno: -7.2648
new Freshwater mean pheno: 8.40348
-------------------------------
Output1 for generation 20600:

Oceanic mean pheno: 9.65741
Freshwater mean pheno: -7.24034
new Freshwater mean pheno: 8.2708
-------------------------------
Output1 for generation 20700:

Oceanic mean pheno: 9.67935
Freshwater mean pheno: -7.27788
new Freshwater mean pheno: 8.1911
-------------------------------
Output1 for generation 20800:

Oceanic mean pheno: 9.65698
Freshwater mean pheno: -7.26239
new Freshwater mean pheno: 8.01594
-------------------------------
Output1 for generation 20900:

Oceanic mean pheno: 9.72829
Freshwater mean pheno: -7.24261
new Freshwater mean pheno: 7.9326
-------------------------------
Output1 for generation 21000:

Oceanic mean pheno: 9.79091
Freshwater mean pheno: -7.28637
new Freshwater mean pheno: 7.52981
-------------------------------
Output1 for generation 21100:

Oceanic mean pheno: 9.87557
Freshwater mean pheno: -7.37956
new Freshwater mean pheno: 6.94426
-------------------------------
Output1 for generation 21200:

Oceanic mean pheno: 9.8745
Freshwater mean pheno: -7.49661
new Freshwater mean pheno: 6.47395
-------------------------------
Output1 for generation 21300:

Oceanic mean pheno: 9.84363
Freshwater mean pheno: -7.56485
new Freshwater mean pheno: 6.11998
-------------------------------
Output1 for generation 21400:

Oceanic mean pheno: 9.82045
Freshwater mean pheno: -7.65314
new Freshwater mean pheno: 5.77449
-------------------------------
Output1 for generation 21500:

Oceanic mean pheno: 9.83802
Freshwater mean pheno: -7.66253
new Freshwater mean pheno: 5.53343
-------------------------------
Output1 for generation 21600:

Oceanic mean pheno: 9.87522
Freshwater mean pheno: -7.78105
new Freshwater mean pheno: 5.46905
-------------------------------
Output1 for generation 21700:

Oceanic mean pheno: 9.96489
Freshwater mean pheno: -7.76496
new Freshwater mean pheno: 5.36129
-------------------------------
Output1 for generation 21800:

Oceanic mean pheno: 9.97184
Freshwater mean pheno: -7.8221
new Freshwater mean pheno: 5.24411
-------------------------------
Output1 for generation 21900:

Oceanic mean pheno: 9.88767
Freshwater mean pheno: -7.91301
new Freshwater mean pheno: 5.05867
-------------------------------
Output1 for generation 22000:

Oceanic mean pheno: 9.79655
Freshwater mean pheno: -7.85539
new Freshwater mean pheno: 4.9803
-------------------------------
Output1 for generation 22100:

Oceanic mean pheno: 9.78641
Freshwater mean pheno: -7.79159
new Freshwater mean pheno: 4.35719
-------------------------------
Output1 for generation 22200:

Oceanic mean pheno: 9.81507
Freshwater mean pheno: -7.82619
new Freshwater mean pheno: 3.81394
-------------------------------
Output1 for generation 22300:

Oceanic mean pheno: 9.80686
Freshwater mean pheno: -7.83683
new Freshwater mean pheno: 3.56126
-------------------------------
Output1 for generation 22400:

Oceanic mean pheno: 9.84529
Freshwater mean pheno: -7.81622
new Freshwater mean pheno: 3.72234
-------------------------------
Output1 for generation 22500:

Oceanic mean pheno: 9.79204
Freshwater mean pheno: -7.81451
new Freshwater mean pheno: 3.58894
-------------------------------
Output1 for generation 22600:

Oceanic mean pheno: 9.8527
Freshwater mean pheno: -7.86153
new Freshwater mean pheno: 3.62814
-------------------------------
Output1 for generation 22700:

Oceanic mean pheno: 9.85213
Freshwater mean pheno: -7.90043
new Freshwater mean pheno: 3.68963
-------------------------------
Output1 for generation 22800:

Oceanic mean pheno: 9.8514
Freshwater mean pheno: -7.82254
new Freshwater mean pheno: 3.51907
-------------------------------
Output1 for generation 22900:

Oceanic mean pheno: 9.83975
Freshwater mean pheno: -7.81755
new Freshwater mean pheno: 3.42887
-------------------------------
Output1 for generation 23000:

Oceanic mean pheno: 9.76146
Freshwater mean pheno: -7.81761
new Freshwater mean pheno: 3.51713
-------------------------------
Output1 for generation 23100:

Oceanic mean pheno: 9.75186
Freshwater mean pheno: -7.81486
new Freshwater mean pheno: 3.55272
-------------------------------
Output1 for generation 23200:

Oceanic mean pheno: 9.80965
Freshwater mean pheno: -7.80378
new Freshwater mean pheno: 3.19249
-------------------------------
Output1 for generation 23300:

Oceanic mean pheno: 9.76015
Freshwater mean pheno: -7.89232
new Freshwater mean pheno: 2.50648
-------------------------------
Output1 for generation 23400:

Oceanic mean pheno: 9.80988
Freshwater mean pheno: -7.85299
new Freshwater mean pheno: 2.2805
-------------------------------
Output1 for generation 23500:

Oceanic mean pheno: 9.92406
Freshwater mean pheno: -7.86807
new Freshwater mean pheno: 2.37161
-------------------------------
Output1 for generation 23600:

Oceanic mean pheno: 9.93791
Freshwater mean pheno: -7.88307
new Freshwater mean pheno: 2.09638
-------------------------------
Output1 for generation 23700:

Oceanic mean pheno: 9.93567
Freshwater mean pheno: -7.86014
new Freshwater mean pheno: 2.21053
-------------------------------
Output1 for generation 23800:

Oceanic mean pheno: 9.9726
Freshwater mean pheno: -7.78008
new Freshwater mean pheno: 1.749
-------------------------------
Output1 for generation 23900:

Oceanic mean pheno: 9.91608
Freshwater mean pheno: -7.87344
new Freshwater mean pheno: 1.2642
-------------------------------
Output1 for generation 24000:

Oceanic mean pheno: 9.89403
Freshwater mean pheno: -7.99228
new Freshwater mean pheno: 1.34716
-------------------------------
Output1 for generation 24100:

Oceanic mean pheno: 9.91609
Freshwater mean pheno: -8.03243
new Freshwater mean pheno: 1.46528
-------------------------------
Output1 for generation 24200:

Oceanic mean pheno: 9.9018
Freshwater mean pheno: -8.05597
new Freshwater mean pheno: 1.21778
-------------------------------
Output1 for generation 24300:

Oceanic mean pheno: 9.93583
Freshwater mean pheno: -8.05835
new Freshwater mean pheno: 1.30308
-------------------------------
Output1 for generation 24400:

Oceanic mean pheno: 9.86192
Freshwater mean pheno: -8.07838
new Freshwater mean pheno: 0.922791
-------------------------------
Output1 for generation 24500:

Oceanic mean pheno: 9.92656
Freshwater mean pheno: -8.07986
new Freshwater mean pheno: 0.877587
-------------------------------
Output1 for generation 24600:

Oceanic mean pheno: 9.84529
Freshwater mean pheno: -8.07981
new Freshwater mean pheno: 0.981243
-------------------------------
Output1 for generation 24700:

Oceanic mean pheno: 9.98046
Freshwater mean pheno: -8.08245
new Freshwater mean pheno: 0.712144
-------------------------------
Output1 for generation 24800:

Oceanic mean pheno: 10.0373
Freshwater mean pheno: -8.13568
new Freshwater mean pheno: 0.181755
-------------------------------
Output1 for generation 24900:

Oceanic mean pheno: 10.0137
Freshwater mean pheno: -8.12571
new Freshwater mean pheno: 0.199335
-------------------------------
Output1 for generation 25000:

Oceanic mean pheno: 10.0473
Freshwater mean pheno: -8.06807
new Freshwater mean pheno: -0.682226
-------------------------------
Output1 for generation 25100:

Oceanic mean pheno: 10.0305
Freshwater mean pheno: -8.01474
new Freshwater mean pheno: -1.04637
-------------------------------
Output1 for generation 25200:

Oceanic mean pheno: 10.0542
Freshwater mean pheno: -8.13921
new Freshwater mean pheno: -0.972804
-------------------------------
Output1 for generation 25300:

Oceanic mean pheno: 10.1996
Freshwater mean pheno: -8.1804
new Freshwater mean pheno: -1.31531
-------------------------------
Output1 for generation 25400:

Oceanic mean pheno: 10.2507
Freshwater mean pheno: -8.13516
new Freshwater mean pheno: -1.83126
-------------------------------
Output1 for generation 25500:

Oceanic mean pheno: 10.1827
Freshwater mean pheno: -8.12255
new Freshwater mean pheno: -1.94898
-------------------------------
Output1 for generation 25600:

Oceanic mean pheno: 10.2994
Freshwater mean pheno: -8.19115
new Freshwater mean pheno: -1.87826
-------------------------------
Output1 for generation 25700:

Oceanic mean pheno: 10.3069
Freshwater mean pheno: -8.27234
new Freshwater mean pheno: -2.0778
-------------------------------
Output1 for generation 25800:

Oceanic mean pheno: 10.13
Freshwater mean pheno: -8.19088
new Freshwater mean pheno: -2.04365
-------------------------------
Output1 for generation 25900:

Oceanic mean pheno: 10.0672
Freshwater mean pheno: -8.10556
new Freshwater mean pheno: -2.06649
-------------------------------
Output1 for generation 26000:

Oceanic mean pheno: 9.98929
Freshwater mean pheno: -8.30117
new Freshwater mean pheno: -2.15552
-------------------------------
Output1 for generation 26100:

Oceanic mean pheno: 10.0203
Freshwater mean pheno: -8.16404
new Freshwater mean pheno: -2.57534
-------------------------------
Output1 for generation 26200:

Oceanic mean pheno: 9.9614
Freshwater mean pheno: -8.27892
new Freshwater mean pheno: -2.6587
-------------------------------
Output1 for generation 26300:

Oceanic mean pheno: 10.027
Freshwater mean pheno: -8.19196
new Freshwater mean pheno: -2.68315
-------------------------------
Output1 for generation 26400:

Oceanic mean pheno: 9.91269
Freshwater mean pheno: -8.30514
new Freshwater mean pheno: -2.55348
-------------------------------
Output1 for generation 26500:

Oceanic mean pheno: 9.96169
Freshwater mean pheno: -8.31442
new Freshwater mean pheno: -3.16245
-------------------------------
Output1 for generation 26600:

Oceanic mean pheno: 9.95566
Freshwater mean pheno: -8.2907
new Freshwater mean pheno: -3.07283
-------------------------------
Output1 for generation 26700:

Oceanic mean pheno: 9.94132
Freshwater mean pheno: -8.3294
new Freshwater mean pheno: -3.00398
-------------------------------
Output1 for generation 26800:

Oceanic mean pheno: 9.94299
Freshwater mean pheno: -8.28727
new Freshwater mean pheno: -2.9824
-------------------------------
Output1 for generation 26900:

Oceanic mean pheno: 9.98355
Freshwater mean pheno: -8.25428
new Freshwater mean pheno: -3.18978
-------------------------------
Output1 for generation 27000:

Oceanic mean pheno: 9.93949
Freshwater mean pheno: -8.23604
new Freshwater mean pheno: -3.00933
-------------------------------
Output1 for generation 27100:

Oceanic mean pheno: 9.93383
Freshwater mean pheno: -8.30996
new Freshwater mean pheno: -2.98103
-------------------------------
Output1 for generation 27200:

Oceanic mean pheno: 9.96241
Freshwater mean pheno: -8.31305
new Freshwater mean pheno: -3.49693
-------------------------------
Output1 for generation 27300:

Oceanic mean pheno: 9.97998
Freshwater mean pheno: -8.27559
new Freshwater mean pheno: -3.41273
-------------------------------
Output1 for generation 27400:

Oceanic mean pheno: 10.0382
Freshwater mean pheno: -8.25568
new Freshwater mean pheno: -3.49863
-------------------------------
Output1 for generation 27500:

Oceanic mean pheno: 10.0105
Freshwater mean pheno: -8.26852
new Freshwater mean pheno: -3.48318
-------------------------------
Output1 for generation 27600:

Oceanic mean pheno: 10.0003
Freshwater mean pheno: -8.22064
new Freshwater mean pheno: -3.59158
-------------------------------
Output1 for generation 27700:

Oceanic mean pheno: 9.94478
Freshwater mean pheno: -8.23393
new Freshwater mean pheno: -3.81589
-------------------------------
Output1 for generation 27800:

Oceanic mean pheno: 9.99235
Freshwater mean pheno: -8.28665
new Freshwater mean pheno: -3.97845
-------------------------------
Output1 for generation 27900:

Oceanic mean pheno: 10.0309
Freshwater mean pheno: -8.26886
new Freshwater mean pheno: -4.05198
-------------------------------
Output1 for generation 28000:

Oceanic mean pheno: 10.0424
Freshwater mean pheno: -8.24519
new Freshwater mean pheno: -4.0655
-------------------------------
Output1 for generation 28100:

Oceanic mean pheno: 10.0648
Freshwater mean pheno: -8.2154
new Freshwater mean pheno: -4.34494
-------------------------------
Output1 for generation 28200:

Oceanic mean pheno: 10.0688
Freshwater mean pheno: -8.32506
new Freshwater mean pheno: -4.14698
-------------------------------
Output1 for generation 28300:

Oceanic mean pheno: 10.1208
Freshwater mean pheno: -8.26535
new Freshwater mean pheno: -4.18252
-------------------------------
Output1 for generation 28400:

Oceanic mean pheno: 10.126
Freshwater mean pheno: -8.32152
new Freshwater mean pheno: -4.24832
-------------------------------
Output1 for generation 28500:

Oceanic mean pheno: 10.0995
Freshwater mean pheno: -8.29245
new Freshwater mean pheno: -4.2357
-------------------------------
Output1 for generation 28600:

Oceanic mean pheno: 10.1151
Freshwater mean pheno: -8.32744
new Freshwater mean pheno: -4.22141
-------------------------------
Output1 for generation 28700:

Oceanic mean pheno: 10.1052
Freshwater mean pheno: -8.32741
new Freshwater mean pheno: -4.16078
-------------------------------
Output1 for generation 28800:

Oceanic mean pheno: 10.1231
Freshwater mean pheno: -8.29173
new Freshwater mean pheno: -4.17634
-------------------------------
Output1 for generation 28900:

Oceanic mean pheno: 10.0749
Freshwater mean pheno: -8.25531
new Freshwater mean pheno: -4.05299
-------------------------------
Output1 for generation 29000:

Oceanic mean pheno: 10.0253
Freshwater mean pheno: -8.30864
new Freshwater mean pheno: -4.21104
-------------------------------
Output1 for generation 29100:

Oceanic mean pheno: 10.0486
Freshwater mean pheno: -8.25758
new Freshwater mean pheno: -4.27201
-------------------------------
Output1 for generation 29200:

Oceanic mean pheno: 10.0747
Freshwater mean pheno: -8.30734
new Freshwater mean pheno: -4.1285
-------------------------------
Output1 for generation 29300:

Oceanic mean pheno: 10.1554
Freshwater mean pheno: -8.30803
new Freshwater mean pheno: -4.20746
-------------------------------
Output1 for generation 29400:

Oceanic mean pheno: 10.0334
Freshwater mean pheno: -8.27987
new Freshwater mean pheno: -4.32334
-------------------------------
Output1 for generation 29500:

Oceanic mean pheno: 10.1014
Freshwater mean pheno: -8.23378
new Freshwater mean pheno: -4.11366
-------------------------------
Output1 for generation 29600:

Oceanic mean pheno: 10.1108
Freshwater mean pheno: -8.27205
new Freshwater mean pheno: -4.1798
-------------------------------
Output1 for generation 29700:

Oceanic mean pheno: 10.0527
Freshwater mean pheno: -8.26681
new Freshwater mean pheno: -4.03363
-------------------------------
Output1 for generation 29800:

Oceanic mean pheno: 10.0437
Freshwater mean pheno: -8.25956
new Freshwater mean pheno: -4.20572
-------------------------------
Output1 for generation 29900:

Oceanic mean pheno: 9.98361
Freshwater mean pheno: -8.30352
new Freshwater mean pheno: -4.21079
-------------------------------
Output1 for generation 30000:

Oceanic mean pheno: 9.98847
Freshwater mean pheno: -8.29604
new Freshwater mean pheno: -4.0734
-------------------------------
Output1 for generation 30100:

Oceanic mean pheno: 9.97946
Freshwater mean pheno: -8.23084
new Freshwater mean pheno: -4.54059
-------------------------------
Output1 for generation 30200:

Oceanic mean pheno: 9.93192
Freshwater mean pheno: -8.29858
new Freshwater mean pheno: -4.94301
-------------------------------
Output1 for generation 30300:

Oceanic mean pheno: 9.93153
Freshwater mean pheno: -8.33497
new Freshwater mean pheno: -5.11503
-------------------------------
Output1 for generation 30400:

Oceanic mean pheno: 9.93714
Freshwater mean pheno: -8.33069
new Freshwater mean pheno: -4.95239
-------------------------------
Output1 for generation 30500:

Oceanic mean pheno: 9.91243
Freshwater mean pheno: -8.40401
new Freshwater mean pheno: -5.08368
-------------------------------
Output1 for generation 30600:

Oceanic mean pheno: 10.0039
Freshwater mean pheno: -8.32864
new Freshwater mean pheno: -5.13094
-------------------------------
Output1 for generation 30700:

Oceanic mean pheno: 10.0168
Freshwater mean pheno: -8.38313
new Freshwater mean pheno: -5.12693
-------------------------------
Output1 for generation 30800:

Oceanic mean pheno: 10.0756
Freshwater mean pheno: -8.36839
new Freshwater mean pheno: -5.20326
-------------------------------
Output1 for generation 30900:

Oceanic mean pheno: 10.0495
Freshwater mean pheno: -8.31633
new Freshwater mean pheno: -5.10013
-------------------------------
Output1 for generation 31000:

Oceanic mean pheno: 10.0176
Freshwater mean pheno: -8.36079
new Freshwater mean pheno: -5.05962
-------------------------------
Output1 for generation 31100:

Oceanic mean pheno: 9.92038
Freshwater mean pheno: -8.39933
new Freshwater mean pheno: -5.13398
-------------------------------
Output1 for generation 31200:

Oceanic mean pheno: 9.97209
Freshwater mean pheno: -8.47486
new Freshwater mean pheno: -5.18623
-------------------------------
Output1 for generation 31300:

Oceanic mean pheno: 9.97623
Freshwater mean pheno: -8.38891
new Freshwater mean pheno: -5.07569
-------------------------------
Output1 for generation 31400:

Oceanic mean pheno: 9.95366
Freshwater mean pheno: -8.44752
new Freshwater mean pheno: -5.12361
-------------------------------
Output1 for generation 31500:

Oceanic mean pheno: 10.0307
Freshwater mean pheno: -8.49506
new Freshwater mean pheno: -5.13945
-------------------------------
Output1 for generation 31600:

Oceanic mean pheno: 9.97537
Freshwater mean pheno: -8.41049
new Freshwater mean pheno: -5.14124
-------------------------------
Output1 for generation 31700:

Oceanic mean pheno: 9.9901
Freshwater mean pheno: -8.4557
new Freshwater mean pheno: -5.24738
-------------------------------
Output1 for generation 31800:

Oceanic mean pheno: 9.95614
Freshwater mean pheno: -8.40801
new Freshwater mean pheno: -5.3127
-------------------------------
Output1 for generation 31900:

Oceanic mean pheno: 10.0389
Freshwater mean pheno: -8.53007
new Freshwater mean pheno: -5.26428
-------------------------------
Output1 for generation 32000:

Oceanic mean pheno: 9.90957
Freshwater mean pheno: -8.43656
new Freshwater mean pheno: -5.41303
-------------------------------
Output1 for generation 32100:

Oceanic mean pheno: 9.90814
Freshwater mean pheno: -8.42001
new Freshwater mean pheno: -5.32726
-------------------------------
Output1 for generation 32200:

Oceanic mean pheno: 9.91142
Freshwater mean pheno: -8.4688
new Freshwater mean pheno: -5.48124
-------------------------------
Output1 for generation 32300:

Oceanic mean pheno: 9.89553
Freshwater mean pheno: -8.48326
new Freshwater mean pheno: -5.40429
-------------------------------
Output1 for generation 32400:

Oceanic mean pheno: 9.89932
Freshwater mean pheno: -8.43915
new Freshwater mean pheno: -5.45058
-------------------------------
Output1 for generation 32500:

Oceanic mean pheno: 9.96816
Freshwater mean pheno: -8.50777
new Freshwater mean pheno: -5.45163
-------------------------------
Output1 for generation 32600:

Oceanic mean pheno: 9.92547
Freshwater mean pheno: -8.54796
new Freshwater mean pheno: -5.63657
-------------------------------
Output1 for generation 32700:

Oceanic mean pheno: 9.86159
Freshwater mean pheno: -8.44631
new Freshwater mean pheno: -5.66597
-------------------------------
Output1 for generation 32800:

Oceanic mean pheno: 9.86395
Freshwater mean pheno: -8.48761
new Freshwater mean pheno: -5.65106
-------------------------------
Output1 for generation 32900:

Oceanic mean pheno: 9.85105
Freshwater mean pheno: -8.54504
new Freshwater mean pheno: -5.71698
-------------------------------
Output1 for generation 33000:

Oceanic mean pheno: 9.82497
Freshwater mean pheno: -8.54941
new Freshwater mean pheno: -5.62254
-------------------------------
Output1 for generation 33100:

Oceanic mean pheno: 9.79191
Freshwater mean pheno: -8.59271
new Freshwater mean pheno: -5.62848
-------------------------------
Output1 for generation 33200:

Oceanic mean pheno: 9.75398
Freshwater mean pheno: -8.622
new Freshwater mean pheno: -5.66293
-------------------------------
Output1 for generation 33300:

Oceanic mean pheno: 9.77319
Freshwater mean pheno: -8.65051
new Freshwater mean pheno: -5.55014
-------------------------------
Output1 for generation 33400:

Oceanic mean pheno: 9.79562
Freshwater mean pheno: -8.56939
new Freshwater mean pheno: -5.62659
-------------------------------
Output1 for generation 33500:

Oceanic mean pheno: 9.77645
Freshwater mean pheno: -8.53138
new Freshwater mean pheno: -5.72567
-------------------------------
Output1 for generation 33600:

Oceanic mean pheno: 9.71905
Freshwater mean pheno: -8.54338
new Freshwater mean pheno: -5.63551
-------------------------------
Output1 for generation 33700:

Oceanic mean pheno: 9.75157
Freshwater mean pheno: -8.49843
new Freshwater mean pheno: -5.58572
-------------------------------
Output1 for generation 33800:

Oceanic mean pheno: 9.79506
Freshwater mean pheno: -8.5415
new Freshwater mean pheno: -5.63282
-------------------------------
Output1 for generation 33900:

Oceanic mean pheno: 9.82607
Freshwater mean pheno: -8.51319
new Freshwater mean pheno: -5.50438
-------------------------------
Output1 for generation 34000:

Oceanic mean pheno: 9.78166
Freshwater mean pheno: -8.52861
new Freshwater mean pheno: -5.62659
-------------------------------
Output1 for generation 34100:

Oceanic mean pheno: 9.80871
Freshwater mean pheno: -8.51505
new Freshwater mean pheno: -5.60684
-------------------------------
Output1 for generation 34200:

Oceanic mean pheno: 9.79654
Freshwater mean pheno: -8.56761
new Freshwater mean pheno: -5.65419
-------------------------------
Output1 for generation 34300:

Oceanic mean pheno: 9.80169
Freshwater mean pheno: -8.56412
new Freshwater mean pheno: -5.77742
-------------------------------
Output1 for generation 34400:

Oceanic mean pheno: 9.77052
Freshwater mean pheno: -8.53154
new Freshwater mean pheno: -5.80986
-------------------------------
Output1 for generation 34500:

Oceanic mean pheno: 9.81931
Freshwater mean pheno: -8.49212
new Freshwater mean pheno: -5.88509
-------------------------------
Output1 for generation 34600:

Oceanic mean pheno: 9.8962
Freshwater mean pheno: -8.568
new Freshwater mean pheno: -5.89104
-------------------------------
Output1 for generation 34700:

Oceanic mean pheno: 9.85254
Freshwater mean pheno: -8.62141
new Freshwater mean pheno: -5.88407
-------------------------------
Output1 for generation 34800:

Oceanic mean pheno: 9.8553
Freshwater mean pheno: -8.51272
new Freshwater mean pheno: -5.8775
-------------------------------
Output1 for generation 34900:

Oceanic mean pheno: 9.82212
Freshwater mean pheno: -8.55696
new Freshwater mean pheno: -5.87962
-------------------------------
Output1 for generation 35000:

Oceanic mean pheno: 9.85828
Freshwater mean pheno: -8.54505
new Freshwater mean pheno: -5.84116
-------------------------------
Output1 for generation 35100:

Oceanic mean pheno: 9.92321
Freshwater mean pheno: -8.55228
new Freshwater mean pheno: -5.91466
-------------------------------
Output1 for generation 35200:

Oceanic mean pheno: 9.89988
Freshwater mean pheno: -8.56108
new Freshwater mean pheno: -5.8659
-------------------------------
Output1 for generation 35300:

Oceanic mean pheno: 9.90255
Freshwater mean pheno: -8.60651
new Freshwater mean pheno: -5.90545
-------------------------------
Output1 for generation 35400:

Oceanic mean pheno: 9.93146
Freshwater mean pheno: -8.56746
new Freshwater mean pheno: -5.8534
-------------------------------
Output1 for generation 35500:

Oceanic mean pheno: 9.96191
Freshwater mean pheno: -8.53823
new Freshwater mean pheno: -5.85027
-------------------------------
Output1 for generation 35600:

Oceanic mean pheno: 10.0068
Freshwater mean pheno: -8.52484
new Freshwater mean pheno: -5.87386
-------------------------------
Output1 for generation 35700:

Oceanic mean pheno: 10.0127
Freshwater mean pheno: -8.52091
new Freshwater mean pheno: -5.92288
-------------------------------
Output1 for generation 35800:

Oceanic mean pheno: 10.0028
Freshwater mean pheno: -8.60867
new Freshwater mean pheno: -5.94167
-------------------------------
Output1 for generation 35900:

Oceanic mean pheno: 10.0188
Freshwater mean pheno: -8.58548
new Freshwater mean pheno: -5.87514
-------------------------------
Output1 for generation 36000:

Oceanic mean pheno: 10.0347
Freshwater mean pheno: -8.58346
new Freshwater mean pheno: -5.88896
-------------------------------
Output1 for generation 36100:

Oceanic mean pheno: 10.0299
Freshwater mean pheno: -8.55661
new Freshwater mean pheno: -5.85351
-------------------------------
Output1 for generation 36200:

Oceanic mean pheno: 10.0421
Freshwater mean pheno: -8.50664
new Freshwater mean pheno: -5.96384
-------------------------------
Output1 for generation 36300:

Oceanic mean pheno: 10.1212
Freshwater mean pheno: -8.44496
new Freshwater mean pheno: -5.92917
-------------------------------
Output1 for generation 36400:

Oceanic mean pheno: 10.1239
Freshwater mean pheno: -8.43666
new Freshwater mean pheno: -5.99092
-------------------------------
Output1 for generation 36500:

Oceanic mean pheno: 10.1083
Freshwater mean pheno: -8.46132
new Freshwater mean pheno: -5.99538
-------------------------------
Output1 for generation 36600:

Oceanic mean pheno: 10.1819
Freshwater mean pheno: -8.4434
new Freshwater mean pheno: -5.9755
-------------------------------
Output1 for generation 36700:

Oceanic mean pheno: 10.1077
Freshwater mean pheno: -8.49874
new Freshwater mean pheno: -5.98857
-------------------------------
Output1 for generation 36800:

Oceanic mean pheno: 10.1109
Freshwater mean pheno: -8.52893
new Freshwater mean pheno: -6.18511
-------------------------------
Output1 for generation 36900:

Oceanic mean pheno: 10.1008
Freshwater mean pheno: -8.5612
new Freshwater mean pheno: -6.25433
-------------------------------
Output1 for generation 37000:

Oceanic mean pheno: 10.0866
Freshwater mean pheno: -8.5926
new Freshwater mean pheno: -6.33222
-------------------------------
Output1 for generation 37100:

Oceanic mean pheno: 10.1561
Freshwater mean pheno: -8.51702
new Freshwater mean pheno: -6.30412
-------------------------------
Output1 for generation 37200:

Oceanic mean pheno: 10.1965
Freshwater mean pheno: -8.58119
new Freshwater mean pheno: -6.23299
-------------------------------
Output1 for generation 37300:

Oceanic mean pheno: 10.2459
Freshwater mean pheno: -8.66327
new Freshwater mean pheno: -6.27005
-------------------------------
Output1 for generation 37400:

Oceanic mean pheno: 10.314
Freshwater mean pheno: -8.57315
new Freshwater mean pheno: -6.25869
-------------------------------
Output1 for generation 37500:

Oceanic mean pheno: 10.3228
Freshwater mean pheno: -8.57042
new Freshwater mean pheno: -6.24512
-------------------------------
Output1 for generation 37600:

Oceanic mean pheno: 10.2464
Freshwater mean pheno: -8.62472
new Freshwater mean pheno: -6.27129
-------------------------------
Output1 for generation 37700:

Oceanic mean pheno: 10.2237
Freshwater mean pheno: -8.61111
new Freshwater mean pheno: -6.3212
-------------------------------
Output1 for generation 37800:

Oceanic mean pheno: 10.247
Freshwater mean pheno: -8.64289
new Freshwater mean pheno: -6.29446
-------------------------------
Output1 for generation 37900:

Oceanic mean pheno: 10.1667
Freshwater mean pheno: -8.75442
new Freshwater mean pheno: -6.35247
-------------------------------
Output1 for generation 38000:

Oceanic mean pheno: 10.104
Freshwater mean pheno: -8.7992
new Freshwater mean pheno: -6.35699
-------------------------------
Output1 for generation 38100:

Oceanic mean pheno: 10.1141
Freshwater mean pheno: -8.73053
new Freshwater mean pheno: -6.33353
-------------------------------
Output1 for generation 38200:

Oceanic mean pheno: 10.1085
Freshwater mean pheno: -8.82037
new Freshwater mean pheno: -6.3389
-------------------------------
Output1 for generation 38300:

Oceanic mean pheno: 10.1398
Freshwater mean pheno: -8.84718
new Freshwater mean pheno: -6.32332
-------------------------------
Output1 for generation 38400:

Oceanic mean pheno: 10.0673
Freshwater mean pheno: -8.82052
new Freshwater mean pheno: -6.40687
-------------------------------
Output1 for generation 38500:

Oceanic mean pheno: 10.102
Freshwater mean pheno: -8.76471
new Freshwater mean pheno: -6.34284
-------------------------------
Output1 for generation 38600:

Oceanic mean pheno: 10.2192
Freshwater mean pheno: -8.81798
new Freshwater mean pheno: -6.3679
-------------------------------
Output1 for generation 38700:

Oceanic mean pheno: 10.3035
Freshwater mean pheno: -8.78376
new Freshwater mean pheno: -6.31513
-------------------------------
Output1 for generation 38800:

Oceanic mean pheno: 10.2256
Freshwater mean pheno: -8.76723
new Freshwater mean pheno: -6.37439
-------------------------------
Output1 for generation 38900:

Oceanic mean pheno: 10.2892
Freshwater mean pheno: -8.84434
new Freshwater mean pheno: -6.33814
-------------------------------
Output1 for generation 39000:

Oceanic mean pheno: 10.3566
Freshwater mean pheno: -8.87201
new Freshwater mean pheno: -6.38252
-------------------------------
Output1 for generation 39100:

Oceanic mean pheno: 10.3431
Freshwater mean pheno: -8.83883
new Freshwater mean pheno: -6.31857
-------------------------------
Output1 for generation 39200:

Oceanic mean pheno: 10.3876
Freshwater mean pheno: -8.82704
new Freshwater mean pheno: -6.34825
-------------------------------
Output1 for generation 39300:

Oceanic mean pheno: 10.2308
Freshwater mean pheno: -8.83288
new Freshwater mean pheno: -6.34545
-------------------------------
Output1 for generation 39400:

Oceanic mean pheno: 10.1029
Freshwater mean pheno: -8.8411
new Freshwater mean pheno: -6.43814
-------------------------------
Output1 for generation 39500:

Oceanic mean pheno: 10.1917
Freshwater mean pheno: -8.77043
new Freshwater mean pheno: -6.44476
-------------------------------
Output1 for generation 39600:

Oceanic mean pheno: 10.2719
Freshwater mean pheno: -8.82558
new Freshwater mean pheno: -6.49189
-------------------------------
Output1 for generation 39700:

Oceanic mean pheno: 10.2142
Freshwater mean pheno: -8.8741
new Freshwater mean pheno: -6.59773
-------------------------------
Output1 for generation 39800:

Oceanic mean pheno: 10.2327
Freshwater mean pheno: -8.79844
new Freshwater mean pheno: -6.7822
-------------------------------
Output1 for generation 39900:

Oceanic mean pheno: 10.2921
Freshwater mean pheno: -8.82137
new Freshwater mean pheno: -6.69534
-------------------------------
Output1 for generation 40000:

Oceanic mean pheno: 10.2514
Freshwater mean pheno: -8.87707
new Freshwater mean pheno: -6.92933
elapsed: 3:42:26 / kernel: 1.78 / user: 13351.79 / mem: 294920
Done!
