Task ID  - seed 015977
Parameters for SLiM run:
  -s 015977 MyRecipe5_0_9.E
// Initial random seed:
1509178589726

// RunInitializeCallbacks():
initializeSLiMOptions(dimensionality = 'x');
initializeMutationRate(1e-07);
initializeMutationType(1, 0.5, "g", 0.5, 1);
initializeMutationType(2, 0.5, "g", -0.5, 1);
initializeMutationType(3, 0.5, "f", 0);
initializeMutationType(4, 0.5, "f", 0);
initializeGenomicElementType(1, m3, 1);
initializeGenomicElementType(2, c(m1, m2, m3), c(1, 1, 1));
initializeGenomicElement(g1, 0, 4949);
initializeGenomicElement(g2, 4950, 5049);
initializeGenomicElement(g1, 5050, 9999);
initializeGenomicElement(g1, 10000, 14949);
initializeGenomicElement(g2, 14950, 15049);
initializeGenomicElement(g1, 15050, 19999);
initializeGenomicElement(g1, 20000, 24949);
initializeGenomicElement(g2, 24950, 25049);
initializeGenomicElement(g1, 25050, 29999);
initializeGenomicElement(g1, 30000, 34949);
initializeGenomicElement(g2, 34950, 35049);
initializeGenomicElement(g1, 35050, 39999);
initializeGenomicElement(g1, 40000, 44949);
initializeGenomicElement(g2, 44950, 45049);
initializeGenomicElement(g1, 45050, 49999);
initializeGenomicElement(g1, 50000, 54949);
initializeGenomicElement(g2, 54950, 55049);
initializeGenomicElement(g1, 55050, 59999);
initializeGenomicElement(g1, 60000, 64949);
initializeGenomicElement(g2, 64950, 65049);
initializeGenomicElement(g1, 65050, 69999);
initializeGenomicElement(g1, 70000, 74949);
initializeGenomicElement(g2, 74950, 75049);
initializeGenomicElement(g1, 75050, 79999);
initializeGenomicElement(g1, 80000, 84949);
initializeGenomicElement(g2, 84950, 85049);
initializeGenomicElement(g1, 85050, 89999);
initializeGenomicElement(g1, 90000, 94949);
initializeGenomicElement(g2, 94950, 95049);
initializeGenomicElement(g1, 95050, 99999);
end of chromosome position: 100000
initializeRecombinationRate(0.001);
initializeInteractionType(1, "x", reciprocal=T", maxDistance=0.02);
initializeInteractionType(2, "x", reciprocal=T", maxDistance=1);

// Starting run at generation <start>:
1 

-------------------------------
Output1 for generation 100:

Oceanic mean pheno: 1.56703
Freshwater mean pheno: -0.00432938
-------------------------------
Output1 for generation 200:

Oceanic mean pheno: 3.37199
Freshwater mean pheno: -0.00729004
-------------------------------
Output1 for generation 300:

Oceanic mean pheno: 3.37574
Freshwater mean pheno: -0.181072
-------------------------------
Output1 for generation 400:

Oceanic mean pheno: 3.43928
Freshwater mean pheno: -0.227549
-------------------------------
Output1 for generation 500:

Oceanic mean pheno: 3.60254
Freshwater mean pheno: -0.234004
-------------------------------
Output1 for generation 600:

Oceanic mean pheno: 3.85351
Freshwater mean pheno: -0.242198
-------------------------------
Output1 for generation 700:

Oceanic mean pheno: 4.29856
Freshwater mean pheno: -0.242792
-------------------------------
Output1 for generation 800:

Oceanic mean pheno: 4.68432
Freshwater mean pheno: -0.263037
-------------------------------
Output1 for generation 900:

Oceanic mean pheno: 5.92182
Freshwater mean pheno: -0.835624
-------------------------------
Output1 for generation 1000:

Oceanic mean pheno: 6.64711
Freshwater mean pheno: -1.14978
-------------------------------
Output1 for generation 1100:

Oceanic mean pheno: 7.24205
Freshwater mean pheno: -1.19033
-------------------------------
Output1 for generation 1200:

Oceanic mean pheno: 8.11313
Freshwater mean pheno: -1.18813
-------------------------------
Output1 for generation 1300:

Oceanic mean pheno: 8.59549
Freshwater mean pheno: -1.21165
-------------------------------
Output1 for generation 1400:

Oceanic mean pheno: 8.9279
Freshwater mean pheno: -1.17593
-------------------------------
Output1 for generation 1500:

Oceanic mean pheno: 8.94611
Freshwater mean pheno: -1.26466
-------------------------------
Output1 for generation 1600:

Oceanic mean pheno: 8.87907
Freshwater mean pheno: -1.23375
-------------------------------
Output1 for generation 1700:

Oceanic mean pheno: 8.97557
Freshwater mean pheno: -1.25202
-------------------------------
Output1 for generation 1800:

Oceanic mean pheno: 8.98449
Freshwater mean pheno: -1.57807
-------------------------------
Output1 for generation 1900:

Oceanic mean pheno: 8.99762
Freshwater mean pheno: -1.65727
-------------------------------
Output1 for generation 2000:

Oceanic mean pheno: 8.97496
Freshwater mean pheno: -1.61336
-------------------------------
Output1 for generation 2100:

Oceanic mean pheno: 8.96381
Freshwater mean pheno: -2.09349
-------------------------------
Output1 for generation 2200:

Oceanic mean pheno: 8.99153
Freshwater mean pheno: -2.26377
-------------------------------
Output1 for generation 2300:

Oceanic mean pheno: 8.97256
Freshwater mean pheno: -2.23103
-------------------------------
Output1 for generation 2400:

Oceanic mean pheno: 8.96615
Freshwater mean pheno: -2.37476
-------------------------------
Output1 for generation 2500:

Oceanic mean pheno: 8.96761
Freshwater mean pheno: -2.45184
-------------------------------
Output1 for generation 2600:

Oceanic mean pheno: 8.98742
Freshwater mean pheno: -2.40114
-------------------------------
Output1 for generation 2700:

Oceanic mean pheno: 8.97882
Freshwater mean pheno: -2.51519
-------------------------------
Output1 for generation 2800:

Oceanic mean pheno: 8.98762
Freshwater mean pheno: -2.67254
-------------------------------
Output1 for generation 2900:

Oceanic mean pheno: 8.99038
Freshwater mean pheno: -2.63189
-------------------------------
Output1 for generation 3000:

Oceanic mean pheno: 8.97908
Freshwater mean pheno: -2.61023
-------------------------------
Output1 for generation 3100:

Oceanic mean pheno: 9.00718
Freshwater mean pheno: -2.61543
-------------------------------
Output1 for generation 3200:

Oceanic mean pheno: 8.99615
Freshwater mean pheno: -2.65036
-------------------------------
Output1 for generation 3300:

Oceanic mean pheno: 8.9641
Freshwater mean pheno: -2.60903
-------------------------------
Output1 for generation 3400:

Oceanic mean pheno: 8.9936
Freshwater mean pheno: -2.59789
-------------------------------
Output1 for generation 3500:

Oceanic mean pheno: 9.01536
Freshwater mean pheno: -2.68988
-------------------------------
Output1 for generation 3600:

Oceanic mean pheno: 9.03381
Freshwater mean pheno: -2.71175
-------------------------------
Output1 for generation 3700:

Oceanic mean pheno: 9.01336
Freshwater mean pheno: -2.91934
-------------------------------
Output1 for generation 3800:

Oceanic mean pheno: 9.07961
Freshwater mean pheno: -2.94441
-------------------------------
Output1 for generation 3900:

Oceanic mean pheno: 9.03244
Freshwater mean pheno: -3.24601
-------------------------------
Output1 for generation 4000:

Oceanic mean pheno: 9.05359
Freshwater mean pheno: -3.68707
-------------------------------
Output1 for generation 4100:

Oceanic mean pheno: 9.14912
Freshwater mean pheno: -3.74344
-------------------------------
Output1 for generation 4200:

Oceanic mean pheno: 9.19843
Freshwater mean pheno: -3.90459
-------------------------------
Output1 for generation 4300:

Oceanic mean pheno: 9.12361
Freshwater mean pheno: -3.93765
-------------------------------
Output1 for generation 4400:

Oceanic mean pheno: 9.39375
Freshwater mean pheno: -3.87703
-------------------------------
Output1 for generation 4500:

Oceanic mean pheno: 9.46274
Freshwater mean pheno: -3.91682
-------------------------------
Output1 for generation 4600:

Oceanic mean pheno: 9.31963
Freshwater mean pheno: -3.89254
-------------------------------
Output1 for generation 4700:

Oceanic mean pheno: 9.19023
Freshwater mean pheno: -3.92166
-------------------------------
Output1 for generation 4800:

Oceanic mean pheno: 9.14481
Freshwater mean pheno: -4.04543
-------------------------------
Output1 for generation 4900:

Oceanic mean pheno: 9.16416
Freshwater mean pheno: -3.98938
-------------------------------
Output1 for generation 5000:

Oceanic mean pheno: 9.31942
Freshwater mean pheno: -3.93452
-------------------------------
Output1 for generation 5100:

Oceanic mean pheno: 9.29875
Freshwater mean pheno: -3.92473
-------------------------------
Output1 for generation 5200:

Oceanic mean pheno: 9.32687
Freshwater mean pheno: -3.89815
-------------------------------
Output1 for generation 5300:

Oceanic mean pheno: 9.27961
Freshwater mean pheno: -4.09678
-------------------------------
Output1 for generation 5400:

Oceanic mean pheno: 9.389
Freshwater mean pheno: -3.96187
-------------------------------
Output1 for generation 5500:

Oceanic mean pheno: 9.34152
Freshwater mean pheno: -4.15979
-------------------------------
Output1 for generation 5600:

Oceanic mean pheno: 9.36058
Freshwater mean pheno: -4.24643
-------------------------------
Output1 for generation 5700:

Oceanic mean pheno: 9.30433
Freshwater mean pheno: -4.45291
-------------------------------
Output1 for generation 5800:

Oceanic mean pheno: 9.30815
Freshwater mean pheno: -4.34995
-------------------------------
Output1 for generation 5900:

Oceanic mean pheno: 9.30631
Freshwater mean pheno: -4.36773
-------------------------------
Output1 for generation 6000:

Oceanic mean pheno: 9.45663
Freshwater mean pheno: -4.51693
-------------------------------
Output1 for generation 6100:

Oceanic mean pheno: 9.46597
Freshwater mean pheno: -4.56149
-------------------------------
Output1 for generation 6200:

Oceanic mean pheno: 9.68171
Freshwater mean pheno: -4.47861
-------------------------------
Output1 for generation 6300:

Oceanic mean pheno: 9.6639
Freshwater mean pheno: -4.53699
-------------------------------
Output1 for generation 6400:

Oceanic mean pheno: 9.81552
Freshwater mean pheno: -4.53799
-------------------------------
Output1 for generation 6500:

Oceanic mean pheno: 9.66883
Freshwater mean pheno: -4.54098
-------------------------------
Output1 for generation 6600:

Oceanic mean pheno: 9.58138
Freshwater mean pheno: -4.56975
-------------------------------
Output1 for generation 6700:

Oceanic mean pheno: 9.61358
Freshwater mean pheno: -4.60785
-------------------------------
Output1 for generation 6800:

Oceanic mean pheno: 9.60655
Freshwater mean pheno: -4.71748
-------------------------------
Output1 for generation 6900:

Oceanic mean pheno: 9.67558
Freshwater mean pheno: -4.84033
-------------------------------
Output1 for generation 7000:

Oceanic mean pheno: 9.59455
Freshwater mean pheno: -4.93552
-------------------------------
Output1 for generation 7100:

Oceanic mean pheno: 9.76812
Freshwater mean pheno: -4.87215
-------------------------------
Output1 for generation 7200:

Oceanic mean pheno: 9.81279
Freshwater mean pheno: -4.77422
-------------------------------
Output1 for generation 7300:

Oceanic mean pheno: 9.74079
Freshwater mean pheno: -4.89424
-------------------------------
Output1 for generation 7400:

Oceanic mean pheno: 9.85469
Freshwater mean pheno: -5.13036
-------------------------------
Output1 for generation 7500:

Oceanic mean pheno: 9.71345
Freshwater mean pheno: -5.17219
-------------------------------
Output1 for generation 7600:

Oceanic mean pheno: 9.86277
Freshwater mean pheno: -5.1623
-------------------------------
Output1 for generation 7700:

Oceanic mean pheno: 10.0223
Freshwater mean pheno: -5.55656
-------------------------------
Output1 for generation 7800:

Oceanic mean pheno: 10.1003
Freshwater mean pheno: -5.6612
-------------------------------
Output1 for generation 7900:

Oceanic mean pheno: 10.1097
Freshwater mean pheno: -5.69721
-------------------------------
Output1 for generation 8000:

Oceanic mean pheno: 9.92179
Freshwater mean pheno: -5.81672
-------------------------------
Output1 for generation 8100:

Oceanic mean pheno: 9.89325
Freshwater mean pheno: -5.72415
-------------------------------
Output1 for generation 8200:

Oceanic mean pheno: 9.84941
Freshwater mean pheno: -5.82687
-------------------------------
Output1 for generation 8300:

Oceanic mean pheno: 9.69485
Freshwater mean pheno: -5.86921
-------------------------------
Output1 for generation 8400:

Oceanic mean pheno: 9.54437
Freshwater mean pheno: -5.90171
-------------------------------
Output1 for generation 8500:

Oceanic mean pheno: 9.65925
Freshwater mean pheno: -5.88262
-------------------------------
Output1 for generation 8600:

Oceanic mean pheno: 9.84597
Freshwater mean pheno: -5.94487
-------------------------------
Output1 for generation 8700:

Oceanic mean pheno: 9.87685
Freshwater mean pheno: -6.04738
-------------------------------
Output1 for generation 8800:

Oceanic mean pheno: 9.68555
Freshwater mean pheno: -6.13754
-------------------------------
Output1 for generation 8900:

Oceanic mean pheno: 9.74637
Freshwater mean pheno: -6.21697
-------------------------------
Output1 for generation 9000:

Oceanic mean pheno: 9.73162
Freshwater mean pheno: -6.22992
-------------------------------
Output1 for generation 9100:

Oceanic mean pheno: 9.67744
Freshwater mean pheno: -6.18696
-------------------------------
Output1 for generation 9200:

Oceanic mean pheno: 9.56755
Freshwater mean pheno: -6.27837
-------------------------------
Output1 for generation 9300:

Oceanic mean pheno: 9.58486
Freshwater mean pheno: -6.27998
-------------------------------
Output1 for generation 9400:

Oceanic mean pheno: 9.64384
Freshwater mean pheno: -6.28728
-------------------------------
Output1 for generation 9500:

Oceanic mean pheno: 9.86469
Freshwater mean pheno: -6.43939
-------------------------------
Output1 for generation 9600:

Oceanic mean pheno: 9.89986
Freshwater mean pheno: -6.45607
-------------------------------
Output1 for generation 9700:

Oceanic mean pheno: 9.858
Freshwater mean pheno: -6.50469
-------------------------------
Output1 for generation 9800:

Oceanic mean pheno: 9.88229
Freshwater mean pheno: -6.40402
-------------------------------
Output1 for generation 9900:

Oceanic mean pheno: 9.79656
Freshwater mean pheno: -6.40892
-------------------------------
Output1 for generation 10000:

Oceanic mean pheno: 9.6707
Freshwater mean pheno: -6.44628
-------------------------------
Output1 for generation 10100:

Oceanic mean pheno: 9.93307
Freshwater mean pheno: -6.45202
-------------------------------
Output1 for generation 10200:

Oceanic mean pheno: 9.80244
Freshwater mean pheno: -6.43908
-------------------------------
Output1 for generation 10300:

Oceanic mean pheno: 10.0088
Freshwater mean pheno: -6.517
-------------------------------
Output1 for generation 10400:

Oceanic mean pheno: 10.0881
Freshwater mean pheno: -6.54963
-------------------------------
Output1 for generation 10500:

Oceanic mean pheno: 10.1065
Freshwater mean pheno: -6.52334
-------------------------------
Output1 for generation 10600:

Oceanic mean pheno: 10.1784
Freshwater mean pheno: -6.61324
-------------------------------
Output1 for generation 10700:

Oceanic mean pheno: 9.88825
Freshwater mean pheno: -6.63385
-------------------------------
Output1 for generation 10800:

Oceanic mean pheno: 9.74461
Freshwater mean pheno: -6.57173
-------------------------------
Output1 for generation 10900:

Oceanic mean pheno: 9.65387
Freshwater mean pheno: -6.64244
-------------------------------
Output1 for generation 11000:

Oceanic mean pheno: 9.80974
Freshwater mean pheno: -6.61438
-------------------------------
Output1 for generation 11100:

Oceanic mean pheno: 9.82911
Freshwater mean pheno: -6.55752
-------------------------------
Output1 for generation 11200:

Oceanic mean pheno: 9.90149
Freshwater mean pheno: -6.64247
-------------------------------
Output1 for generation 11300:

Oceanic mean pheno: 9.97022
Freshwater mean pheno: -6.60306
-------------------------------
Output1 for generation 11400:

Oceanic mean pheno: 9.76306
Freshwater mean pheno: -6.63832
-------------------------------
Output1 for generation 11500:

Oceanic mean pheno: 9.77904
Freshwater mean pheno: -6.66904
-------------------------------
Output1 for generation 11600:

Oceanic mean pheno: 10.0269
Freshwater mean pheno: -6.61959
-------------------------------
Output1 for generation 11700:

Oceanic mean pheno: 9.63422
Freshwater mean pheno: -6.70903
-------------------------------
Output1 for generation 11800:

Oceanic mean pheno: 9.79508
Freshwater mean pheno: -6.72988
-------------------------------
Output1 for generation 11900:

Oceanic mean pheno: 9.64193
Freshwater mean pheno: -6.69749
-------------------------------
Output1 for generation 12000:

Oceanic mean pheno: 9.74835
Freshwater mean pheno: -6.79137
-------------------------------
Output1 for generation 12100:

Oceanic mean pheno: 9.61724
Freshwater mean pheno: -6.88508
-------------------------------
Output1 for generation 12200:

Oceanic mean pheno: 9.55826
Freshwater mean pheno: -6.83426
-------------------------------
Output1 for generation 12300:

Oceanic mean pheno: 9.52154
Freshwater mean pheno: -6.86355
-------------------------------
Output1 for generation 12400:

Oceanic mean pheno: 9.53553
Freshwater mean pheno: -7.01294
-------------------------------
Output1 for generation 12500:

Oceanic mean pheno: 9.50565
Freshwater mean pheno: -6.97592
-------------------------------
Output1 for generation 12600:

Oceanic mean pheno: 9.53667
Freshwater mean pheno: -6.98785
-------------------------------
Output1 for generation 12700:

Oceanic mean pheno: 9.59057
Freshwater mean pheno: -7.00339
-------------------------------
Output1 for generation 12800:

Oceanic mean pheno: 9.58646
Freshwater mean pheno: -7.01108
-------------------------------
Output1 for generation 12900:

Oceanic mean pheno: 9.56997
Freshwater mean pheno: -7.01682
-------------------------------
Output1 for generation 13000:

Oceanic mean pheno: 9.58513
Freshwater mean pheno: -7.01013
-------------------------------
Output1 for generation 13100:

Oceanic mean pheno: 9.60134
Freshwater mean pheno: -7.041
-------------------------------
Output1 for generation 13200:

Oceanic mean pheno: 9.58173
Freshwater mean pheno: -7.04348
-------------------------------
Output1 for generation 13300:

Oceanic mean pheno: 9.61496
Freshwater mean pheno: -7.09333
-------------------------------
Output1 for generation 13400:

Oceanic mean pheno: 9.64439
Freshwater mean pheno: -7.05005
-------------------------------
Output1 for generation 13500:

Oceanic mean pheno: 9.64497
Freshwater mean pheno: -7.11117
-------------------------------
Output1 for generation 13600:

Oceanic mean pheno: 9.63787
Freshwater mean pheno: -7.13612
-------------------------------
Output1 for generation 13700:

Oceanic mean pheno: 9.64509
Freshwater mean pheno: -7.3076
-------------------------------
Output1 for generation 13800:

Oceanic mean pheno: 9.62901
Freshwater mean pheno: -7.24352
-------------------------------
Output1 for generation 13900:

Oceanic mean pheno: 9.63057
Freshwater mean pheno: -7.55169
-------------------------------
Output1 for generation 14000:

Oceanic mean pheno: 9.64181
Freshwater mean pheno: -7.57391
-------------------------------
Output1 for generation 14100:

Oceanic mean pheno: 9.63749
Freshwater mean pheno: -7.52016
-------------------------------
Output1 for generation 14200:

Oceanic mean pheno: 9.63977
Freshwater mean pheno: -7.59833
-------------------------------
Output1 for generation 14300:

Oceanic mean pheno: 9.65005
Freshwater mean pheno: -7.62512
-------------------------------
Output1 for generation 14400:

Oceanic mean pheno: 9.65288
Freshwater mean pheno: -7.57092
-------------------------------
Output1 for generation 14500:

Oceanic mean pheno: 9.62855
Freshwater mean pheno: -7.59685
-------------------------------
Output1 for generation 14600:

Oceanic mean pheno: 9.64843
Freshwater mean pheno: -7.66499
-------------------------------
Output1 for generation 14700:

Oceanic mean pheno: 9.64345
Freshwater mean pheno: -7.73918
-------------------------------
Output1 for generation 14800:

Oceanic mean pheno: 9.63263
Freshwater mean pheno: -7.85576
-------------------------------
Output1 for generation 14900:

Oceanic mean pheno: 9.60847
Freshwater mean pheno: -7.83888
-------------------------------
Output1 for generation 15000:

Oceanic mean pheno: 9.63335
Freshwater mean pheno: -7.80601
-------------------------------
Output1 for generation 15100:

Oceanic mean pheno: 9.63309
Freshwater mean pheno: -7.84547
-------------------------------
Output1 for generation 15200:

Oceanic mean pheno: 9.63014
Freshwater mean pheno: -7.83611
-------------------------------
Output1 for generation 15300:

Oceanic mean pheno: 9.63047
Freshwater mean pheno: -7.98186
-------------------------------
Output1 for generation 15400:

Oceanic mean pheno: 9.64617
Freshwater mean pheno: -7.90718
-------------------------------
Output1 for generation 15500:

Oceanic mean pheno: 9.64178
Freshwater mean pheno: -7.94777
-------------------------------
Output1 for generation 15600:

Oceanic mean pheno: 9.64732
Freshwater mean pheno: -7.98176
-------------------------------
Output1 for generation 15700:

Oceanic mean pheno: 9.63692
Freshwater mean pheno: -8.07362
-------------------------------
Output1 for generation 15800:

Oceanic mean pheno: 9.70461
Freshwater mean pheno: -8.06966
-------------------------------
Output1 for generation 15900:

Oceanic mean pheno: 9.6694
Freshwater mean pheno: -8.07066
-------------------------------
Output1 for generation 16000:

Oceanic mean pheno: 9.65595
Freshwater mean pheno: -8.18598
-------------------------------
Output1 for generation 16100:

Oceanic mean pheno: 9.6328
Freshwater mean pheno: -8.13786
-------------------------------
Output1 for generation 16200:

Oceanic mean pheno: 9.62746
Freshwater mean pheno: -8.19592
-------------------------------
Output1 for generation 16300:

Oceanic mean pheno: 9.62713
Freshwater mean pheno: -8.14608
-------------------------------
Output1 for generation 16400:

Oceanic mean pheno: 9.6303
Freshwater mean pheno: -8.20085
-------------------------------
Output1 for generation 16500:

Oceanic mean pheno: 9.61102
Freshwater mean pheno: -8.20572
-------------------------------
Output1 for generation 16600:

Oceanic mean pheno: 9.6307
Freshwater mean pheno: -8.20282
-------------------------------
Output1 for generation 16700:

Oceanic mean pheno: 9.63294
Freshwater mean pheno: -8.20683
-------------------------------
Output1 for generation 16800:

Oceanic mean pheno: 9.63129
Freshwater mean pheno: -8.17279
-------------------------------
Output1 for generation 16900:

Oceanic mean pheno: 9.63044
Freshwater mean pheno: -8.22259
-------------------------------
Output1 for generation 17000:

Oceanic mean pheno: 9.63317
Freshwater mean pheno: -8.18302
-------------------------------
Output1 for generation 17100:

Oceanic mean pheno: 9.63187
Freshwater mean pheno: -8.22186
-------------------------------
Output1 for generation 17200:

Oceanic mean pheno: 9.6312
Freshwater mean pheno: -8.17592
-------------------------------
Output1 for generation 17300:

Oceanic mean pheno: 9.63231
Freshwater mean pheno: -8.13653
-------------------------------
Output1 for generation 17400:

Oceanic mean pheno: 9.64316
Freshwater mean pheno: -8.19064
-------------------------------
Output1 for generation 17500:

Oceanic mean pheno: 9.63212
Freshwater mean pheno: -8.24844
-------------------------------
Output1 for generation 17600:

Oceanic mean pheno: 9.58736
Freshwater mean pheno: -8.23048
-------------------------------
Output1 for generation 17700:

Oceanic mean pheno: 9.61062
Freshwater mean pheno: -8.21221
-------------------------------
Output1 for generation 17800:

Oceanic mean pheno: 9.61682
Freshwater mean pheno: -8.11002
-------------------------------
Output1 for generation 17900:

Oceanic mean pheno: 9.60125
Freshwater mean pheno: -8.18421
-------------------------------
Output1 for generation 18000:

Oceanic mean pheno: 9.62656
Freshwater mean pheno: -8.16924
-------------------------------
Output1 for generation 18100:

Oceanic mean pheno: 9.61732
Freshwater mean pheno: -8.20287
-------------------------------
Output1 for generation 18200:

Oceanic mean pheno: 9.62482
Freshwater mean pheno: -8.23874
-------------------------------
Output1 for generation 18300:

Oceanic mean pheno: 9.63276
Freshwater mean pheno: -8.19433
-------------------------------
Output1 for generation 18400:

Oceanic mean pheno: 9.62629
Freshwater mean pheno: -8.19674
-------------------------------
Output1 for generation 18500:

Oceanic mean pheno: 9.62112
Freshwater mean pheno: -8.1891
-------------------------------
Output1 for generation 18600:

Oceanic mean pheno: 9.63566
Freshwater mean pheno: -8.20673
-------------------------------
Output1 for generation 18700:

Oceanic mean pheno: 9.66702
Freshwater mean pheno: -8.20643
-------------------------------
Output1 for generation 18800:

Oceanic mean pheno: 9.63745
Freshwater mean pheno: -8.2245
-------------------------------
Output1 for generation 18900:

Oceanic mean pheno: 9.63328
Freshwater mean pheno: -8.19175
-------------------------------
Output1 for generation 19000:

Oceanic mean pheno: 9.6334
Freshwater mean pheno: -8.23386
-------------------------------
Output1 for generation 19100:

Oceanic mean pheno: 9.63427
Freshwater mean pheno: -8.18404
-------------------------------
Output1 for generation 19200:

Oceanic mean pheno: 9.62139
Freshwater mean pheno: -8.18209
-------------------------------
Output1 for generation 19300:

Oceanic mean pheno: 9.63862
Freshwater mean pheno: -8.20125
-------------------------------
Output1 for generation 19400:

Oceanic mean pheno: 9.65938
Freshwater mean pheno: -8.21111
-------------------------------
Output1 for generation 19500:

Oceanic mean pheno: 9.67114
Freshwater mean pheno: -8.18116
-------------------------------
Output1 for generation 19600:

Oceanic mean pheno: 9.69941
Freshwater mean pheno: -8.11847
-------------------------------
Output1 for generation 19700:

Oceanic mean pheno: 9.75098
Freshwater mean pheno: -8.22257
-------------------------------
Output1 for generation 19800:

Oceanic mean pheno: 9.74918
Freshwater mean pheno: -8.17448
-------------------------------
Output1 for generation 19900:

Oceanic mean pheno: 9.71285
Freshwater mean pheno: -8.20418
-------------------------------
Output1 for generation 20000:

Oceanic mean pheno: 9.67615
Freshwater mean pheno: -8.13347
new Freshwater mean pheno: 9.67617
-------------------------------
Output1 for generation 20100:

Oceanic mean pheno: 9.67878
Freshwater mean pheno: -8.18265
new Freshwater mean pheno: 8.96705
-------------------------------
Output1 for generation 20200:

Oceanic mean pheno: 9.67942
Freshwater mean pheno: -8.12593
new Freshwater mean pheno: 8.69047
-------------------------------
Output1 for generation 20300:

Oceanic mean pheno: 9.6795
Freshwater mean pheno: -8.02749
new Freshwater mean pheno: 8.64178
-------------------------------
Output1 for generation 20400:

Oceanic mean pheno: 9.65831
Freshwater mean pheno: -8.19079
new Freshwater mean pheno: 8.55909
-------------------------------
Output1 for generation 20500:

Oceanic mean pheno: 9.62729
Freshwater mean pheno: -8.1399
new Freshwater mean pheno: 8.51189
-------------------------------
Output1 for generation 20600:

Oceanic mean pheno: 9.63401
Freshwater mean pheno: -8.233
new Freshwater mean pheno: 8.2747
-------------------------------
Output1 for generation 20700:

Oceanic mean pheno: 9.63952
Freshwater mean pheno: -8.24048
new Freshwater mean pheno: 8.28919
-------------------------------
Output1 for generation 20800:

Oceanic mean pheno: 9.6063
Freshwater mean pheno: -8.22094
new Freshwater mean pheno: 7.57329
-------------------------------
Output1 for generation 20900:

Oceanic mean pheno: 9.6224
Freshwater mean pheno: -8.3007
new Freshwater mean pheno: 7.5424
-------------------------------
Output1 for generation 21000:

Oceanic mean pheno: 9.63419
Freshwater mean pheno: -8.39169
new Freshwater mean pheno: 7.42845
-------------------------------
Output1 for generation 21100:

Oceanic mean pheno: 9.6342
Freshwater mean pheno: -8.32988
new Freshwater mean pheno: 7.47962
-------------------------------
Output1 for generation 21200:

Oceanic mean pheno: 9.63944
Freshwater mean pheno: -8.36781
new Freshwater mean pheno: 7.06798
-------------------------------
Output1 for generation 21300:

Oceanic mean pheno: 9.64044
Freshwater mean pheno: -8.41858
new Freshwater mean pheno: 6.71316
-------------------------------
Output1 for generation 21400:

Oceanic mean pheno: 9.62987
Freshwater mean pheno: -8.4249
new Freshwater mean pheno: 6.45914
-------------------------------
Output1 for generation 21500:

Oceanic mean pheno: 9.61418
Freshwater mean pheno: -8.43804
new Freshwater mean pheno: 6.31274
-------------------------------
Output1 for generation 21600:

Oceanic mean pheno: 9.62545
Freshwater mean pheno: -8.57519
new Freshwater mean pheno: 6.37559
-------------------------------
Output1 for generation 21700:

Oceanic mean pheno: 9.6267
Freshwater mean pheno: -8.62181
new Freshwater mean pheno: 6.1542
-------------------------------
Output1 for generation 21800:

Oceanic mean pheno: 9.6086
Freshwater mean pheno: -8.67047
new Freshwater mean pheno: 6.04327
-------------------------------
Output1 for generation 21900:

Oceanic mean pheno: 9.55553
Freshwater mean pheno: -8.67714
new Freshwater mean pheno: 6.02895
-------------------------------
Output1 for generation 22000:

Oceanic mean pheno: 9.60923
Freshwater mean pheno: -8.72046
new Freshwater mean pheno: 6.01071
-------------------------------
Output1 for generation 22100:

Oceanic mean pheno: 9.62101
Freshwater mean pheno: -8.62492
new Freshwater mean pheno: 5.98625
-------------------------------
Output1 for generation 22200:

Oceanic mean pheno: 9.6285
Freshwater mean pheno: -8.69223
new Freshwater mean pheno: 5.55621
-------------------------------
Output1 for generation 22300:

Oceanic mean pheno: 9.63223
Freshwater mean pheno: -8.73024
new Freshwater mean pheno: 5.35627
-------------------------------
Output1 for generation 22400:

Oceanic mean pheno: 9.6315
Freshwater mean pheno: -8.70259
new Freshwater mean pheno: 5.34062
-------------------------------
Output1 for generation 22500:

Oceanic mean pheno: 9.63317
Freshwater mean pheno: -8.6821
new Freshwater mean pheno: 5.24297
-------------------------------
Output1 for generation 22600:

Oceanic mean pheno: 9.62872
Freshwater mean pheno: -8.72852
new Freshwater mean pheno: 5.01155
-------------------------------
Output1 for generation 22700:

Oceanic mean pheno: 9.63233
Freshwater mean pheno: -8.65868
new Freshwater mean pheno: 4.95179
-------------------------------
Output1 for generation 22800:

Oceanic mean pheno: 9.63309
Freshwater mean pheno: -8.65376
new Freshwater mean pheno: 4.95754
-------------------------------
Output1 for generation 22900:

Oceanic mean pheno: 9.63317
Freshwater mean pheno: -8.73033
new Freshwater mean pheno: 4.55339
-------------------------------
Output1 for generation 23000:

Oceanic mean pheno: 9.63123
Freshwater mean pheno: -8.67846
new Freshwater mean pheno: 4.34971
-------------------------------
Output1 for generation 23100:

Oceanic mean pheno: 9.63317
Freshwater mean pheno: -8.71474
new Freshwater mean pheno: 4.20338
-------------------------------
Output1 for generation 23200:

Oceanic mean pheno: 9.6252
Freshwater mean pheno: -8.67582
new Freshwater mean pheno: 4.18799
-------------------------------
Output1 for generation 23300:

Oceanic mean pheno: 9.63109
Freshwater mean pheno: -8.68773
new Freshwater mean pheno: 4.0272
-------------------------------
Output1 for generation 23400:

Oceanic mean pheno: 9.63156
Freshwater mean pheno: -8.68359
new Freshwater mean pheno: 3.8472
-------------------------------
Output1 for generation 23500:

Oceanic mean pheno: 9.64171
Freshwater mean pheno: -8.73599
new Freshwater mean pheno: 3.89547
-------------------------------
Output1 for generation 23600:

Oceanic mean pheno: 9.63461
Freshwater mean pheno: -8.8212
new Freshwater mean pheno: 3.42483
-------------------------------
Output1 for generation 23700:

Oceanic mean pheno: 9.63503
Freshwater mean pheno: -8.80618
new Freshwater mean pheno: 3.21297
-------------------------------
Output1 for generation 23800:

Oceanic mean pheno: 9.63279
Freshwater mean pheno: -8.79784
new Freshwater mean pheno: 3.28745
-------------------------------
Output1 for generation 23900:

Oceanic mean pheno: 9.62553
Freshwater mean pheno: -8.83719
new Freshwater mean pheno: 3.137
-------------------------------
Output1 for generation 24000:

Oceanic mean pheno: 9.63317
Freshwater mean pheno: -8.79008
new Freshwater mean pheno: 2.84004
-------------------------------
Output1 for generation 24100:

Oceanic mean pheno: 9.63712
Freshwater mean pheno: -8.72476
new Freshwater mean pheno: 2.86076
-------------------------------
Output1 for generation 24200:

Oceanic mean pheno: 9.61507
Freshwater mean pheno: -8.85078
new Freshwater mean pheno: 2.6702
-------------------------------
Output1 for generation 24300:

Oceanic mean pheno: 9.63117
Freshwater mean pheno: -8.88354
new Freshwater mean pheno: 2.51592
-------------------------------
Output1 for generation 24400:

Oceanic mean pheno: 9.63328
Freshwater mean pheno: -8.80659
new Freshwater mean pheno: 2.35804
-------------------------------
Output1 for generation 24500:

Oceanic mean pheno: 9.66159
Freshwater mean pheno: -8.88296
new Freshwater mean pheno: 2.33355
-------------------------------
Output1 for generation 24600:

Oceanic mean pheno: 9.59426
Freshwater mean pheno: -8.84194
new Freshwater mean pheno: 2.27207
-------------------------------
Output1 for generation 24700:

Oceanic mean pheno: 9.59337
Freshwater mean pheno: -8.89106
new Freshwater mean pheno: 2.15815
-------------------------------
Output1 for generation 24800:

Oceanic mean pheno: 9.63991
Freshwater mean pheno: -8.87238
new Freshwater mean pheno: 1.84613
-------------------------------
Output1 for generation 24900:

Oceanic mean pheno: 9.6512
Freshwater mean pheno: -8.86074
new Freshwater mean pheno: 1.44966
-------------------------------
Output1 for generation 25000:

Oceanic mean pheno: 9.6584
Freshwater mean pheno: -8.86806
new Freshwater mean pheno: 1.32668
-------------------------------
Output1 for generation 25100:

Oceanic mean pheno: 9.65946
Freshwater mean pheno: -8.88183
new Freshwater mean pheno: 1.59457
-------------------------------
Output1 for generation 25200:

Oceanic mean pheno: 9.65359
Freshwater mean pheno: -8.82974
new Freshwater mean pheno: 1.52741
-------------------------------
Output1 for generation 25300:

Oceanic mean pheno: 9.63908
Freshwater mean pheno: -8.89605
new Freshwater mean pheno: 0.975136
-------------------------------
Output1 for generation 25400:

Oceanic mean pheno: 9.65294
Freshwater mean pheno: -8.88789
new Freshwater mean pheno: 1.26255
-------------------------------
Output1 for generation 25500:

Oceanic mean pheno: 9.64114
Freshwater mean pheno: -8.91539
new Freshwater mean pheno: 0.975603
-------------------------------
Output1 for generation 25600:

Oceanic mean pheno: 9.62976
Freshwater mean pheno: -8.90563
new Freshwater mean pheno: 0.720347
-------------------------------
Output1 for generation 25700:

Oceanic mean pheno: 9.64806
Freshwater mean pheno: -8.86995
new Freshwater mean pheno: 0.709376
-------------------------------
Output1 for generation 25800:

Oceanic mean pheno: 9.6648
Freshwater mean pheno: -8.92019
new Freshwater mean pheno: 0.674641
-------------------------------
Output1 for generation 25900:

Oceanic mean pheno: 9.64506
Freshwater mean pheno: -8.86719
new Freshwater mean pheno: 0.447025
-------------------------------
Output1 for generation 26000:

Oceanic mean pheno: 9.64596
Freshwater mean pheno: -8.88523
new Freshwater mean pheno: 0.518812
-------------------------------
Output1 for generation 26100:

Oceanic mean pheno: 9.63397
Freshwater mean pheno: -8.91295
new Freshwater mean pheno: 0.53699
-------------------------------
Output1 for generation 26200:

Oceanic mean pheno: 9.63237
Freshwater mean pheno: -8.90801
new Freshwater mean pheno: 0.293433
-------------------------------
Output1 for generation 26300:

Oceanic mean pheno: 9.64359
Freshwater mean pheno: -8.87076
new Freshwater mean pheno: 0.175392
-------------------------------
Output1 for generation 26400:

Oceanic mean pheno: 9.66357
Freshwater mean pheno: -8.83846
new Freshwater mean pheno: -0.0963481
-------------------------------
Output1 for generation 26500:

Oceanic mean pheno: 9.64611
Freshwater mean pheno: -8.91721
new Freshwater mean pheno: 0.0180457
-------------------------------
Output1 for generation 26600:

Oceanic mean pheno: 9.66362
Freshwater mean pheno: -8.84711
new Freshwater mean pheno: 0.0343003
-------------------------------
Output1 for generation 26700:

Oceanic mean pheno: 9.64751
Freshwater mean pheno: -8.89665
new Freshwater mean pheno: -0.0357419
-------------------------------
Output1 for generation 26800:

Oceanic mean pheno: 9.64553
Freshwater mean pheno: -8.8459
new Freshwater mean pheno: 0.286945
-------------------------------
Output1 for generation 26900:

Oceanic mean pheno: 9.69779
Freshwater mean pheno: -8.89859
new Freshwater mean pheno: -0.237824
-------------------------------
Output1 for generation 27000:

Oceanic mean pheno: 9.67909
Freshwater mean pheno: -8.86021
new Freshwater mean pheno: -0.136836
-------------------------------
Output1 for generation 27100:

Oceanic mean pheno: 9.64988
Freshwater mean pheno: -8.90104
new Freshwater mean pheno: -0.124043
-------------------------------
Output1 for generation 27200:

Oceanic mean pheno: 9.68646
Freshwater mean pheno: -8.84507
new Freshwater mean pheno: -0.113115
-------------------------------
Output1 for generation 27300:

Oceanic mean pheno: 9.61261
Freshwater mean pheno: -8.88365
new Freshwater mean pheno: -0.472742
-------------------------------
Output1 for generation 27400:

Oceanic mean pheno: 9.69201
Freshwater mean pheno: -8.85919
new Freshwater mean pheno: -0.810108
-------------------------------
Output1 for generation 27500:

Oceanic mean pheno: 9.756
Freshwater mean pheno: -8.83755
new Freshwater mean pheno: -0.847721
-------------------------------
Output1 for generation 27600:

Oceanic mean pheno: 9.90449
Freshwater mean pheno: -8.81233
new Freshwater mean pheno: -0.868858
-------------------------------
Output1 for generation 27700:

Oceanic mean pheno: 9.94967
Freshwater mean pheno: -8.81807
new Freshwater mean pheno: -0.831855
-------------------------------
Output1 for generation 27800:

Oceanic mean pheno: 9.76976
Freshwater mean pheno: -8.92271
new Freshwater mean pheno: -0.564556
-------------------------------
Output1 for generation 27900:

Oceanic mean pheno: 9.7899
Freshwater mean pheno: -8.83798
new Freshwater mean pheno: -0.994847
-------------------------------
Output1 for generation 28000:

Oceanic mean pheno: 9.78058
Freshwater mean pheno: -8.93713
new Freshwater mean pheno: -1.00088
-------------------------------
Output1 for generation 28100:

Oceanic mean pheno: 9.77036
Freshwater mean pheno: -8.93952
new Freshwater mean pheno: -0.893692
-------------------------------
Output1 for generation 28200:

Oceanic mean pheno: 9.85196
Freshwater mean pheno: -8.92391
new Freshwater mean pheno: -1.18099
-------------------------------
Output1 for generation 28300:

Oceanic mean pheno: 9.82458
Freshwater mean pheno: -8.93
new Freshwater mean pheno: -1.41482
-------------------------------
Output1 for generation 28400:

Oceanic mean pheno: 9.86482
Freshwater mean pheno: -8.90635
new Freshwater mean pheno: -1.76968
-------------------------------
Output1 for generation 28500:

Oceanic mean pheno: 9.92304
Freshwater mean pheno: -8.94005
new Freshwater mean pheno: -1.55399
-------------------------------
Output1 for generation 28600:

Oceanic mean pheno: 9.93873
Freshwater mean pheno: -8.8948
new Freshwater mean pheno: -2.0227
-------------------------------
Output1 for generation 28700:

Oceanic mean pheno: 9.90161
Freshwater mean pheno: -8.84962
new Freshwater mean pheno: -1.93428
-------------------------------
Output1 for generation 28800:

Oceanic mean pheno: 9.8333
Freshwater mean pheno: -8.88055
new Freshwater mean pheno: -2.0945
-------------------------------
Output1 for generation 28900:

Oceanic mean pheno: 9.79553
Freshwater mean pheno: -8.96293
new Freshwater mean pheno: -2.17556
-------------------------------
Output1 for generation 29000:

Oceanic mean pheno: 9.8361
Freshwater mean pheno: -8.90434
new Freshwater mean pheno: -2.92749
-------------------------------
Output1 for generation 29100:

Oceanic mean pheno: 9.88227
Freshwater mean pheno: -8.95521
new Freshwater mean pheno: -3.08377
-------------------------------
Output1 for generation 29200:

Oceanic mean pheno: 9.90271
Freshwater mean pheno: -8.93641
new Freshwater mean pheno: -3.08364
-------------------------------
Output1 for generation 29300:

Oceanic mean pheno: 9.80318
Freshwater mean pheno: -8.95018
new Freshwater mean pheno: -3.32547
-------------------------------
Output1 for generation 29400:

Oceanic mean pheno: 9.74155
Freshwater mean pheno: -8.9083
new Freshwater mean pheno: -3.3712
-------------------------------
Output1 for generation 29500:

Oceanic mean pheno: 9.64766
Freshwater mean pheno: -8.90906
new Freshwater mean pheno: -3.4567
-------------------------------
Output1 for generation 29600:

Oceanic mean pheno: 9.58494
Freshwater mean pheno: -9.19164
new Freshwater mean pheno: -3.64515
-------------------------------
Output1 for generation 29700:

Oceanic mean pheno: 9.62462
Freshwater mean pheno: -9.30862
new Freshwater mean pheno: -3.62081
-------------------------------
Output1 for generation 29800:

Oceanic mean pheno: 9.65419
Freshwater mean pheno: -9.31189
new Freshwater mean pheno: -3.63142
-------------------------------
Output1 for generation 29900:

Oceanic mean pheno: 9.70245
Freshwater mean pheno: -9.33855
new Freshwater mean pheno: -3.74666
-------------------------------
Output1 for generation 30000:

Oceanic mean pheno: 9.6558
Freshwater mean pheno: -9.3299
new Freshwater mean pheno: -3.967
-------------------------------
Output1 for generation 30100:

Oceanic mean pheno: 9.6872
Freshwater mean pheno: -9.34508
new Freshwater mean pheno: -4.24746
-------------------------------
Output1 for generation 30200:

Oceanic mean pheno: 9.73456
Freshwater mean pheno: -9.32531
new Freshwater mean pheno: -4.04441
-------------------------------
Output1 for generation 30300:

Oceanic mean pheno: 9.70123
Freshwater mean pheno: -9.29812
new Freshwater mean pheno: -4.3697
-------------------------------
Output1 for generation 30400:

Oceanic mean pheno: 9.72498
Freshwater mean pheno: -9.31355
new Freshwater mean pheno: -4.75793
-------------------------------
Output1 for generation 30500:

Oceanic mean pheno: 10.0091
Freshwater mean pheno: -9.3422
new Freshwater mean pheno: -4.81405
-------------------------------
Output1 for generation 30600:

Oceanic mean pheno: 10.161
Freshwater mean pheno: -9.33954
new Freshwater mean pheno: -4.63911
-------------------------------
Output1 for generation 30700:

Oceanic mean pheno: 10.1139
Freshwater mean pheno: -9.32331
new Freshwater mean pheno: -4.98886
-------------------------------
Output1 for generation 30800:

Oceanic mean pheno: 10.1614
Freshwater mean pheno: -9.3184
new Freshwater mean pheno: -5.25209
-------------------------------
Output1 for generation 30900:

Oceanic mean pheno: 10.033
Freshwater mean pheno: -9.3209
new Freshwater mean pheno: -5.13652
-------------------------------
Output1 for generation 31000:

Oceanic mean pheno: 10.084
Freshwater mean pheno: -9.33886
new Freshwater mean pheno: -5.12553
-------------------------------
Output1 for generation 31100:

Oceanic mean pheno: 10.059
Freshwater mean pheno: -9.32194
new Freshwater mean pheno: -5.23285
-------------------------------
Output1 for generation 31200:

Oceanic mean pheno: 9.88758
Freshwater mean pheno: -9.3294
new Freshwater mean pheno: -5.36547
-------------------------------
Output1 for generation 31300:

Oceanic mean pheno: 9.95133
Freshwater mean pheno: -9.30866
new Freshwater mean pheno: -5.51102
-------------------------------
Output1 for generation 31400:

Oceanic mean pheno: 9.97701
Freshwater mean pheno: -9.333
new Freshwater mean pheno: -5.51317
-------------------------------
Output1 for generation 31500:

Oceanic mean pheno: 10.0019
Freshwater mean pheno: -9.32448
new Freshwater mean pheno: -5.61403
-------------------------------
Output1 for generation 31600:

Oceanic mean pheno: 9.99984
Freshwater mean pheno: -9.32214
new Freshwater mean pheno: -5.69099
-------------------------------
Output1 for generation 31700:

Oceanic mean pheno: 10.0272
Freshwater mean pheno: -9.34647
new Freshwater mean pheno: -5.82599
-------------------------------
Output1 for generation 31800:

Oceanic mean pheno: 10.0531
Freshwater mean pheno: -9.3178
new Freshwater mean pheno: -5.86329
-------------------------------
Output1 for generation 31900:

Oceanic mean pheno: 10.0298
Freshwater mean pheno: -9.29129
new Freshwater mean pheno: -5.99473
-------------------------------
Output1 for generation 32000:

Oceanic mean pheno: 10.1226
Freshwater mean pheno: -9.32925
new Freshwater mean pheno: -5.91596
-------------------------------
Output1 for generation 32100:

Oceanic mean pheno: 10.1215
Freshwater mean pheno: -9.33012
new Freshwater mean pheno: -5.97204
-------------------------------
Output1 for generation 32200:

Oceanic mean pheno: 10.0701
Freshwater mean pheno: -9.31757
new Freshwater mean pheno: -5.907
-------------------------------
Output1 for generation 32300:

Oceanic mean pheno: 10.0947
Freshwater mean pheno: -9.31477
new Freshwater mean pheno: -5.94105
-------------------------------
Output1 for generation 32400:

Oceanic mean pheno: 10.0492
Freshwater mean pheno: -9.33404
new Freshwater mean pheno: -5.99574
-------------------------------
Output1 for generation 32500:

Oceanic mean pheno: 9.98376
Freshwater mean pheno: -9.3395
new Freshwater mean pheno: -5.93966
-------------------------------
Output1 for generation 32600:

Oceanic mean pheno: 9.98851
Freshwater mean pheno: -9.31422
new Freshwater mean pheno: -5.92037
-------------------------------
Output1 for generation 32700:

Oceanic mean pheno: 9.88485
Freshwater mean pheno: -9.3212
new Freshwater mean pheno: -6.1561
-------------------------------
Output1 for generation 32800:

Oceanic mean pheno: 9.94862
Freshwater mean pheno: -9.31967
new Freshwater mean pheno: -6.12831
-------------------------------
Output1 for generation 32900:

Oceanic mean pheno: 9.94492
Freshwater mean pheno: -9.33474
new Freshwater mean pheno: -6.07072
-------------------------------
Output1 for generation 33000:

Oceanic mean pheno: 9.96236
Freshwater mean pheno: -9.37173
new Freshwater mean pheno: -6.15047
-------------------------------
Output1 for generation 33100:

Oceanic mean pheno: 10.0054
Freshwater mean pheno: -9.3417
new Freshwater mean pheno: -6.0409
-------------------------------
Output1 for generation 33200:

Oceanic mean pheno: 9.89694
Freshwater mean pheno: -9.33198
new Freshwater mean pheno: -6.05704
-------------------------------
Output1 for generation 33300:

Oceanic mean pheno: 9.94907
Freshwater mean pheno: -9.34134
new Freshwater mean pheno: -6.10107
-------------------------------
Output1 for generation 33400:

Oceanic mean pheno: 9.90032
Freshwater mean pheno: -9.33606
new Freshwater mean pheno: -6.02455
-------------------------------
Output1 for generation 33500:

Oceanic mean pheno: 9.92965
Freshwater mean pheno: -9.38034
new Freshwater mean pheno: -6.11229
-------------------------------
Output1 for generation 33600:

Oceanic mean pheno: 9.96772
Freshwater mean pheno: -9.33065
new Freshwater mean pheno: -6.21955
-------------------------------
Output1 for generation 33700:

Oceanic mean pheno: 10.0226
Freshwater mean pheno: -9.34785
new Freshwater mean pheno: -6.25246
-------------------------------
Output1 for generation 33800:

Oceanic mean pheno: 9.97483
Freshwater mean pheno: -9.31525
new Freshwater mean pheno: -6.29849
-------------------------------
Output1 for generation 33900:

Oceanic mean pheno: 9.93166
Freshwater mean pheno: -9.33504
new Freshwater mean pheno: -6.29944
-------------------------------
Output1 for generation 34000:

Oceanic mean pheno: 10.0357
Freshwater mean pheno: -9.34452
new Freshwater mean pheno: -6.2339
-------------------------------
Output1 for generation 34100:

Oceanic mean pheno: 9.97632
Freshwater mean pheno: -9.34188
new Freshwater mean pheno: -6.18815
-------------------------------
Output1 for generation 34200:

Oceanic mean pheno: 10.0365
Freshwater mean pheno: -9.33409
new Freshwater mean pheno: -6.22298
-------------------------------
Output1 for generation 34300:

Oceanic mean pheno: 9.99824
Freshwater mean pheno: -9.3304
new Freshwater mean pheno: -6.26727
-------------------------------
Output1 for generation 34400:

Oceanic mean pheno: 9.96585
Freshwater mean pheno: -9.29254
new Freshwater mean pheno: -6.34423
-------------------------------
Output1 for generation 34500:

Oceanic mean pheno: 10.0335
Freshwater mean pheno: -9.32881
new Freshwater mean pheno: -6.32504
-------------------------------
Output1 for generation 34600:

Oceanic mean pheno: 10.17
Freshwater mean pheno: -9.32468
new Freshwater mean pheno: -6.26751
-------------------------------
Output1 for generation 34700:

Oceanic mean pheno: 10.1684
Freshwater mean pheno: -9.3113
new Freshwater mean pheno: -6.29209
-------------------------------
Output1 for generation 34800:

Oceanic mean pheno: 10.1823
Freshwater mean pheno: -9.3354
new Freshwater mean pheno: -6.60339
-------------------------------
Output1 for generation 34900:

Oceanic mean pheno: 10.2293
Freshwater mean pheno: -9.34411
new Freshwater mean pheno: -6.69015
-------------------------------
Output1 for generation 35000:

Oceanic mean pheno: 10.1793
Freshwater mean pheno: -9.36688
new Freshwater mean pheno: -6.77967
-------------------------------
Output1 for generation 35100:

Oceanic mean pheno: 10.191
Freshwater mean pheno: -9.32407
new Freshwater mean pheno: -6.89123
-------------------------------
Output1 for generation 35200:

Oceanic mean pheno: 10.1392
Freshwater mean pheno: -9.32423
new Freshwater mean pheno: -7.31914
-------------------------------
Output1 for generation 35300:

Oceanic mean pheno: 10.0575
Freshwater mean pheno: -9.32036
new Freshwater mean pheno: -7.30578
-------------------------------
Output1 for generation 35400:

Oceanic mean pheno: 10.0119
Freshwater mean pheno: -9.36026
new Freshwater mean pheno: -7.31516
-------------------------------
Output1 for generation 35500:

Oceanic mean pheno: 10.0583
Freshwater mean pheno: -9.32348
new Freshwater mean pheno: -7.40231
-------------------------------
Output1 for generation 35600:

Oceanic mean pheno: 10.106
Freshwater mean pheno: -9.36358
new Freshwater mean pheno: -7.38825
-------------------------------
Output1 for generation 35700:

Oceanic mean pheno: 10.1113
Freshwater mean pheno: -9.34549
new Freshwater mean pheno: -7.37129
-------------------------------
Output1 for generation 35800:

Oceanic mean pheno: 10.0535
Freshwater mean pheno: -9.29567
new Freshwater mean pheno: -7.40752
-------------------------------
Output1 for generation 35900:

Oceanic mean pheno: 10.1206
Freshwater mean pheno: -9.33085
new Freshwater mean pheno: -7.42378
-------------------------------
Output1 for generation 36000:

Oceanic mean pheno: 10.1685
Freshwater mean pheno: -9.32147
new Freshwater mean pheno: -7.4963
-------------------------------
Output1 for generation 36100:

Oceanic mean pheno: 10.1827
Freshwater mean pheno: -9.33957
new Freshwater mean pheno: -7.27694
-------------------------------
Output1 for generation 36200:

Oceanic mean pheno: 10.225
Freshwater mean pheno: -9.29869
new Freshwater mean pheno: -7.50084
-------------------------------
Output1 for generation 36300:

Oceanic mean pheno: 10.1308
Freshwater mean pheno: -9.31552
new Freshwater mean pheno: -7.50067
-------------------------------
Output1 for generation 36400:

Oceanic mean pheno: 10.2002
Freshwater mean pheno: -9.35186
new Freshwater mean pheno: -7.48248
-------------------------------
Output1 for generation 36500:

Oceanic mean pheno: 10.128
Freshwater mean pheno: -9.3325
new Freshwater mean pheno: -7.43238
-------------------------------
Output1 for generation 36600:

Oceanic mean pheno: 10.0797
Freshwater mean pheno: -9.36422
new Freshwater mean pheno: -7.4718
-------------------------------
Output1 for generation 36700:

Oceanic mean pheno: 10.1637
Freshwater mean pheno: -9.37247
new Freshwater mean pheno: -7.45454
-------------------------------
Output1 for generation 36800:

Oceanic mean pheno: 10.0615
Freshwater mean pheno: -9.35654
new Freshwater mean pheno: -7.52118
-------------------------------
Output1 for generation 36900:

Oceanic mean pheno: 10.0275
Freshwater mean pheno: -9.33705
new Freshwater mean pheno: -7.63758
-------------------------------
Output1 for generation 37000:

Oceanic mean pheno: 10.092
Freshwater mean pheno: -9.3755
new Freshwater mean pheno: -7.38266
-------------------------------
Output1 for generation 37100:

Oceanic mean pheno: 10.1185
Freshwater mean pheno: -9.3215
new Freshwater mean pheno: -7.44584
-------------------------------
Output1 for generation 37200:

Oceanic mean pheno: 10.2289
Freshwater mean pheno: -9.34544
new Freshwater mean pheno: -7.51464
-------------------------------
Output1 for generation 37300:

Oceanic mean pheno: 10.1813
Freshwater mean pheno: -9.3218
new Freshwater mean pheno: -7.54654
-------------------------------
Output1 for generation 37400:

Oceanic mean pheno: 10.0912
Freshwater mean pheno: -9.334
new Freshwater mean pheno: -7.4997
-------------------------------
Output1 for generation 37500:

Oceanic mean pheno: 10.1669
Freshwater mean pheno: -9.35672
new Freshwater mean pheno: -7.63788
-------------------------------
Output1 for generation 37600:

Oceanic mean pheno: 10.2199
Freshwater mean pheno: -9.33413
new Freshwater mean pheno: -7.49108
-------------------------------
Output1 for generation 37700:

Oceanic mean pheno: 10.2118
Freshwater mean pheno: -9.36102
new Freshwater mean pheno: -7.54259
-------------------------------
Output1 for generation 37800:

Oceanic mean pheno: 10.2731
Freshwater mean pheno: -9.36502
new Freshwater mean pheno: -7.71205
-------------------------------
Output1 for generation 37900:

Oceanic mean pheno: 10.2682
Freshwater mean pheno: -9.36761
new Freshwater mean pheno: -7.75917
-------------------------------
Output1 for generation 38000:

Oceanic mean pheno: 10.277
Freshwater mean pheno: -9.34635
new Freshwater mean pheno: -7.67036
-------------------------------
Output1 for generation 38100:

Oceanic mean pheno: 10.1695
Freshwater mean pheno: -9.363
new Freshwater mean pheno: -7.74025
-------------------------------
Output1 for generation 38200:

Oceanic mean pheno: 10.1852
Freshwater mean pheno: -9.30882
new Freshwater mean pheno: -7.71136
-------------------------------
Output1 for generation 38300:

Oceanic mean pheno: 10.1633
Freshwater mean pheno: -9.35337
new Freshwater mean pheno: -7.65885
-------------------------------
Output1 for generation 38400:

Oceanic mean pheno: 10.2593
Freshwater mean pheno: -9.37106
new Freshwater mean pheno: -7.7175
-------------------------------
Output1 for generation 38500:

Oceanic mean pheno: 10.2567
Freshwater mean pheno: -9.32801
new Freshwater mean pheno: -7.5896
-------------------------------
Output1 for generation 38600:

Oceanic mean pheno: 10.3401
Freshwater mean pheno: -9.35179
new Freshwater mean pheno: -7.71788
-------------------------------
Output1 for generation 38700:

Oceanic mean pheno: 10.2651
Freshwater mean pheno: -9.3054
new Freshwater mean pheno: -7.86354
-------------------------------
Output1 for generation 38800:

Oceanic mean pheno: 10.1978
Freshwater mean pheno: -9.31908
new Freshwater mean pheno: -7.84826
-------------------------------
Output1 for generation 38900:

Oceanic mean pheno: 10.2158
Freshwater mean pheno: -9.346
new Freshwater mean pheno: -7.91636
-------------------------------
Output1 for generation 39000:

Oceanic mean pheno: 10.2222
Freshwater mean pheno: -9.35638
new Freshwater mean pheno: -7.87
-------------------------------
Output1 for generation 39100:

Oceanic mean pheno: 10.2778
Freshwater mean pheno: -9.3083
new Freshwater mean pheno: -7.83907
-------------------------------
Output1 for generation 39200:

Oceanic mean pheno: 10.2542
Freshwater mean pheno: -9.32057
new Freshwater mean pheno: -7.86244
-------------------------------
Output1 for generation 39300:

Oceanic mean pheno: 10.2928
Freshwater mean pheno: -9.34305
new Freshwater mean pheno: -7.82062
-------------------------------
Output1 for generation 39400:

Oceanic mean pheno: 10.3101
Freshwater mean pheno: -9.37276
new Freshwater mean pheno: -7.87124
-------------------------------
Output1 for generation 39500:

Oceanic mean pheno: 10.2583
Freshwater mean pheno: -9.34519
new Freshwater mean pheno: -7.7944
-------------------------------
Output1 for generation 39600:

Oceanic mean pheno: 10.167
Freshwater mean pheno: -9.37197
new Freshwater mean pheno: -7.90508
-------------------------------
Output1 for generation 39700:

Oceanic mean pheno: 10.135
Freshwater mean pheno: -9.35837
new Freshwater mean pheno: -7.81534
-------------------------------
Output1 for generation 39800:

Oceanic mean pheno: 10.1595
Freshwater mean pheno: -9.34017
new Freshwater mean pheno: -7.88785
-------------------------------
Output1 for generation 39900:

Oceanic mean pheno: 10.1056
Freshwater mean pheno: -9.35659
new Freshwater mean pheno: -7.85319
-------------------------------
Output1 for generation 40000:

Oceanic mean pheno: 10.1972
Freshwater mean pheno: -9.37388
new Freshwater mean pheno: -7.83138
elapsed: 3:37:02 / kernel: 2.49 / user: 13027.61 / mem: 295968
Done!
