Task ID  - seed 010639
Parameters for SLiM run:
  -s 010639 MyRecipe2_2_7.E
// Initial random seed:
1506979980882

// RunInitializeCallbacks():
initializeSLiMOptions(dimensionality = 'x');
initializeMutationRate(1e-07);
initializeMutationType(1, 0.5, "g", 0.5, 1);
initializeMutationType(2, 0.5, "g", -0.5, 1);
initializeMutationType(3, 0.5, "f", 0);
initializeMutationType(4, 0.5, "f", 0);
initializeGenomicElementType(1, m3, 1);
initializeGenomicElementType(2, c(m1, m2, m3), c(1, 1, 1));
initializeGenomicElement(g1, 0, 4949);
initializeGenomicElement(g2, 4950, 5049);
initializeGenomicElement(g1, 5050, 9999);
initializeGenomicElement(g1, 10000, 14949);
initializeGenomicElement(g2, 14950, 15049);
initializeGenomicElement(g1, 15050, 19999);
initializeGenomicElement(g1, 20000, 24949);
initializeGenomicElement(g2, 24950, 25049);
initializeGenomicElement(g1, 25050, 29999);
initializeGenomicElement(g1, 30000, 34949);
initializeGenomicElement(g2, 34950, 35049);
initializeGenomicElement(g1, 35050, 39999);
initializeGenomicElement(g1, 40000, 44949);
initializeGenomicElement(g2, 44950, 45049);
initializeGenomicElement(g1, 45050, 49999);
initializeGenomicElement(g1, 50000, 54949);
initializeGenomicElement(g2, 54950, 55049);
initializeGenomicElement(g1, 55050, 59999);
initializeGenomicElement(g1, 60000, 64949);
initializeGenomicElement(g2, 64950, 65049);
initializeGenomicElement(g1, 65050, 69999);
initializeGenomicElement(g1, 70000, 74949);
initializeGenomicElement(g2, 74950, 75049);
initializeGenomicElement(g1, 75050, 79999);
initializeGenomicElement(g1, 80000, 84949);
initializeGenomicElement(g2, 84950, 85049);
initializeGenomicElement(g1, 85050, 89999);
initializeGenomicElement(g1, 90000, 94949);
initializeGenomicElement(g2, 94950, 95049);
initializeGenomicElement(g1, 95050, 99999);
end of chromosome position: 100000
initializeRecombinationRate(0.001);
initializeInteractionType(1, "x", reciprocal=T", maxDistance=0.02);
initializeInteractionType(2, "x", reciprocal=T", maxDistance=1);

// Starting run at generation <start>:
1 

-------------------------------
Output1 for generation 1:

Oceanic mean pheno: 3.49725
Freshwater mean pheno: 3.50261
mean Ocean/Fresh Fst: 0.00012187
mean Ocean/Fresh Fst (Neutral mutations only): 0.000169204
mean Ocean/Fresh Fst (Effect mutations only): 0.000102417
between lakes Fst: 0.00210265
between lakes Fst (neutral): 0.0022055
between lakes Fst (effect): 0.0020618
between Marine Regions Fst: 0.00239621
-------------------------------
Output1 for generation 501:

Oceanic mean pheno: 9.41738
Freshwater mean pheno: -8.78967
mean Ocean/Fresh Fst: 0.00907792
mean Ocean/Fresh Fst (Neutral mutations only): 0.00328417
mean Ocean/Fresh Fst (Effect mutations only): 0.0799522
between lakes Fst: 0.103603
between lakes Fst (neutral): 0.076692
between lakes Fst (effect): 0.318126
between Marine Regions Fst: 0.0067575
-------------------------------
Output1 for generation 1001:

Oceanic mean pheno: 9.32432
Freshwater mean pheno: -8.58924
mean Ocean/Fresh Fst: 0.0100485
mean Ocean/Fresh Fst (Neutral mutations only): 0.00457061
mean Ocean/Fresh Fst (Effect mutations only): 0.0872018
between lakes Fst: 0.126212
between lakes Fst (neutral): 0.105766
between lakes Fst (effect): 0.337691
between Marine Regions Fst: 0.00762762
-------------------------------
Output1 for generation 1501:

Oceanic mean pheno: 8.69799
Freshwater mean pheno: -7.97296
mean Ocean/Fresh Fst: 0.00960671
mean Ocean/Fresh Fst (Neutral mutations only): 0.00531202
mean Ocean/Fresh Fst (Effect mutations only): 0.0850023
between lakes Fst: 0.142448
between lakes Fst (neutral): 0.124778
between lakes Fst (effect): 0.357625
between Marine Regions Fst: 0.00766852
-------------------------------
Output1 for generation 2001:

Oceanic mean pheno: 8.64589
Freshwater mean pheno: -8.12117
mean Ocean/Fresh Fst: 0.00953038
mean Ocean/Fresh Fst (Neutral mutations only): 0.00544255
mean Ocean/Fresh Fst (Effect mutations only): 0.0791492
between lakes Fst: 0.141167
between lakes Fst (neutral): 0.125604
between lakes Fst (effect): 0.34471
between Marine Regions Fst: 0.0078429
-------------------------------
Output1 for generation 2501:

Oceanic mean pheno: 9.07202
Freshwater mean pheno: -8.62987
mean Ocean/Fresh Fst: 0.00964844
mean Ocean/Fresh Fst (Neutral mutations only): 0.00559501
mean Ocean/Fresh Fst (Effect mutations only): 0.085853
between lakes Fst: 0.151457
between lakes Fst (neutral): 0.136951
between lakes Fst (effect): 0.368294
between Marine Regions Fst: 0.00824458
-------------------------------
Output1 for generation 3001:

Oceanic mean pheno: 9.43101
Freshwater mean pheno: -7.25833
mean Ocean/Fresh Fst: 0.00896946
mean Ocean/Fresh Fst (Neutral mutations only): 0.00531726
mean Ocean/Fresh Fst (Effect mutations only): 0.0898215
between lakes Fst: 0.164201
between lakes Fst (neutral): 0.151953
between lakes Fst (effect): 0.365455
between Marine Regions Fst: 0.00823459
-------------------------------
Output1 for generation 3501:

Oceanic mean pheno: 9.37912
Freshwater mean pheno: -8.32049
mean Ocean/Fresh Fst: 0.0104527
mean Ocean/Fresh Fst (Neutral mutations only): 0.00603193
mean Ocean/Fresh Fst (Effect mutations only): 0.113633
between lakes Fst: 0.183101
between lakes Fst (neutral): 0.17124
between lakes Fst (effect): 0.393794
between Marine Regions Fst: 0.00795773
-------------------------------
Output1 for generation 4001:

Oceanic mean pheno: 9.11249
Freshwater mean pheno: -8.61871
mean Ocean/Fresh Fst: 0.0107258
mean Ocean/Fresh Fst (Neutral mutations only): 0.00622348
mean Ocean/Fresh Fst (Effect mutations only): 0.119801
between lakes Fst: 0.172838
between lakes Fst (neutral): 0.162849
between lakes Fst (effect): 0.352643
between Marine Regions Fst: 0.00821924
-------------------------------
Output1 for generation 4501:

Oceanic mean pheno: 8.95535
Freshwater mean pheno: -8.28126
mean Ocean/Fresh Fst: 0.0103517
mean Ocean/Fresh Fst (Neutral mutations only): 0.00611074
mean Ocean/Fresh Fst (Effect mutations only): 0.123586
between lakes Fst: 0.17299
between lakes Fst (neutral): 0.165122
between lakes Fst (effect): 0.331962
between Marine Regions Fst: 0.00850099
-------------------------------
Output1 for generation 5001:

Oceanic mean pheno: 8.78673
Freshwater mean pheno: -8.36141
mean Ocean/Fresh Fst: 0.00997364
mean Ocean/Fresh Fst (Neutral mutations only): 0.00606812
mean Ocean/Fresh Fst (Effect mutations only): 0.112494
between lakes Fst: 0.1749
between lakes Fst (neutral): 0.165673
between lakes Fst (effect): 0.367744
between Marine Regions Fst: 0.00789396
-------------------------------
Output1 for generation 5501:

Oceanic mean pheno: 8.43982
Freshwater mean pheno: -8.13077
mean Ocean/Fresh Fst: 0.0093204
mean Ocean/Fresh Fst (Neutral mutations only): 0.00574829
mean Ocean/Fresh Fst (Effect mutations only): 0.097475
between lakes Fst: 0.177439
between lakes Fst (neutral): 0.170008
between lakes Fst (effect): 0.316206
between Marine Regions Fst: 0.00804642
-------------------------------
Output1 for generation 6001:

Oceanic mean pheno: 9.15813
Freshwater mean pheno: -8.21136
mean Ocean/Fresh Fst: 0.00998746
mean Ocean/Fresh Fst (Neutral mutations only): 0.00602326
mean Ocean/Fresh Fst (Effect mutations only): 0.108189
between lakes Fst: 0.188418
between lakes Fst (neutral): 0.18239
between lakes Fst (effect): 0.303601
between Marine Regions Fst: 0.00859089
-------------------------------
Output1 for generation 6501:

Oceanic mean pheno: 8.92584
Freshwater mean pheno: -8.01545
mean Ocean/Fresh Fst: 0.0101705
mean Ocean/Fresh Fst (Neutral mutations only): 0.00643743
mean Ocean/Fresh Fst (Effect mutations only): 0.106746
between lakes Fst: 0.198593
between lakes Fst (neutral): 0.19207
between lakes Fst (effect): 0.330286
between Marine Regions Fst: 0.0083126
-------------------------------
Output1 for generation 7001:

Oceanic mean pheno: 9.13823
Freshwater mean pheno: -8.41615
mean Ocean/Fresh Fst: 0.0101073
mean Ocean/Fresh Fst (Neutral mutations only): 0.00633044
mean Ocean/Fresh Fst (Effect mutations only): 0.108096
between lakes Fst: 0.197325
between lakes Fst (neutral): 0.18975
between lakes Fst (effect): 0.349268
between Marine Regions Fst: 0.00825121
-------------------------------
Output1 for generation 7501:

Oceanic mean pheno: 8.73435
Freshwater mean pheno: -8.78503
mean Ocean/Fresh Fst: 0.010236
mean Ocean/Fresh Fst (Neutral mutations only): 0.00633771
mean Ocean/Fresh Fst (Effect mutations only): 0.116559
between lakes Fst: 0.197591
between lakes Fst (neutral): 0.190356
between lakes Fst (effect): 0.354395
between Marine Regions Fst: 0.00867754
-------------------------------
Output1 for generation 8001:

Oceanic mean pheno: 8.70222
Freshwater mean pheno: -8.02231
mean Ocean/Fresh Fst: 0.0098337
mean Ocean/Fresh Fst (Neutral mutations only): 0.00655183
mean Ocean/Fresh Fst (Effect mutations only): 0.0933723
between lakes Fst: 0.187883
between lakes Fst (neutral): 0.183476
between lakes Fst (effect): 0.280429
between Marine Regions Fst: 0.00872697
-------------------------------
Output1 for generation 8501:

Oceanic mean pheno: 8.96112
Freshwater mean pheno: -8.63832
mean Ocean/Fresh Fst: 0.0106069
mean Ocean/Fresh Fst (Neutral mutations only): 0.00716432
mean Ocean/Fresh Fst (Effect mutations only): 0.103362
between lakes Fst: 0.207369
between lakes Fst (neutral): 0.203048
between lakes Fst (effect): 0.30018
between Marine Regions Fst: 0.00872026
-------------------------------
Output1 for generation 9001:

Oceanic mean pheno: 8.75881
Freshwater mean pheno: -8.23791
mean Ocean/Fresh Fst: 0.0102723
mean Ocean/Fresh Fst (Neutral mutations only): 0.00711364
mean Ocean/Fresh Fst (Effect mutations only): 0.108863
between lakes Fst: 0.198847
between lakes Fst (neutral): 0.193079
between lakes Fst (effect): 0.352201
between Marine Regions Fst: 0.0085162
-------------------------------
Output1 for generation 9501:

Oceanic mean pheno: 9.1901
Freshwater mean pheno: -8.57843
mean Ocean/Fresh Fst: 0.0110328
mean Ocean/Fresh Fst (Neutral mutations only): 0.0075279
mean Ocean/Fresh Fst (Effect mutations only): 0.116396
between lakes Fst: 0.215683
between lakes Fst (neutral): 0.208893
between lakes Fst (effect): 0.382531
between Marine Regions Fst: 0.00894992
-------------------------------
Output1 for generation 10001:

Oceanic mean pheno: 8.83463
Freshwater mean pheno: -8.72372
mean Ocean/Fresh Fst: 0.0102339
mean Ocean/Fresh Fst (Neutral mutations only): 0.00693124
mean Ocean/Fresh Fst (Effect mutations only): 0.112548
between lakes Fst: 0.20339
between lakes Fst (neutral): 0.197593
between lakes Fst (effect): 0.351261
between Marine Regions Fst: 0.00822044
-------------------------------
Output1 for generation 10501:

Oceanic mean pheno: 9.01573
Freshwater mean pheno: -8.38416
mean Ocean/Fresh Fst: 0.00980001
mean Ocean/Fresh Fst (Neutral mutations only): 0.0067217
mean Ocean/Fresh Fst (Effect mutations only): 0.110795
between lakes Fst: 0.205856
between lakes Fst (neutral): 0.199979
between lakes Fst (effect): 0.373931
between Marine Regions Fst: 0.00911662
-------------------------------
Output1 for generation 11001:

Oceanic mean pheno: 9.07514
Freshwater mean pheno: -8.65036
mean Ocean/Fresh Fst: 0.0110231
mean Ocean/Fresh Fst (Neutral mutations only): 0.0076893
mean Ocean/Fresh Fst (Effect mutations only): 0.119549
between lakes Fst: 0.221185
between lakes Fst (neutral): 0.2157
between lakes Fst (effect): 0.37723
between Marine Regions Fst: 0.00893602
-------------------------------
Output1 for generation 11501:

Oceanic mean pheno: 8.86871
Freshwater mean pheno: -8.74673
mean Ocean/Fresh Fst: 0.0105556
mean Ocean/Fresh Fst (Neutral mutations only): 0.00731983
mean Ocean/Fresh Fst (Effect mutations only): 0.115247
between lakes Fst: 0.207722
between lakes Fst (neutral): 0.205053
between lakes Fst (effect): 0.279395
between Marine Regions Fst: 0.00878668
-------------------------------
Output1 for generation 12001:

Oceanic mean pheno: 9.20983
Freshwater mean pheno: -8.48424
mean Ocean/Fresh Fst: 0.010226
mean Ocean/Fresh Fst (Neutral mutations only): 0.00705167
mean Ocean/Fresh Fst (Effect mutations only): 0.122245
between lakes Fst: 0.209388
between lakes Fst (neutral): 0.203934
between lakes Fst (effect): 0.371164
between Marine Regions Fst: 0.0094777
-------------------------------
Output1 for generation 12501:

Oceanic mean pheno: 8.97409
Freshwater mean pheno: -9.2416
mean Ocean/Fresh Fst: 0.0111643
mean Ocean/Fresh Fst (Neutral mutations only): 0.00763358
mean Ocean/Fresh Fst (Effect mutations only): 0.142389
between lakes Fst: 0.206783
between lakes Fst (neutral): 0.202534
between lakes Fst (effect): 0.337746
between Marine Regions Fst: 0.00911766
-------------------------------
Output1 for generation 13001:

Oceanic mean pheno: 9.41042
Freshwater mean pheno: -8.59396
mean Ocean/Fresh Fst: 0.0110509
mean Ocean/Fresh Fst (Neutral mutations only): 0.00740522
mean Ocean/Fresh Fst (Effect mutations only): 0.135247
between lakes Fst: 0.216889
between lakes Fst (neutral): 0.213262
between lakes Fst (effect): 0.323313
between Marine Regions Fst: 0.00812927
-------------------------------
Output1 for generation 13501:

Oceanic mean pheno: 9.17072
Freshwater mean pheno: -8.6689
mean Ocean/Fresh Fst: 0.0112022
mean Ocean/Fresh Fst (Neutral mutations only): 0.00793738
mean Ocean/Fresh Fst (Effect mutations only): 0.12256
between lakes Fst: 0.219635
between lakes Fst (neutral): 0.215172
between lakes Fst (effect): 0.35057
between Marine Regions Fst: 0.00851786
-------------------------------
Output1 for generation 14001:

Oceanic mean pheno: 9.24166
Freshwater mean pheno: -8.57199
mean Ocean/Fresh Fst: 0.010652
mean Ocean/Fresh Fst (Neutral mutations only): 0.00747204
mean Ocean/Fresh Fst (Effect mutations only): 0.13397
between lakes Fst: 0.206797
between lakes Fst (neutral): 0.202224
between lakes Fst (effect): 0.35418
between Marine Regions Fst: 0.00927403
-------------------------------
Output1 for generation 14501:

Oceanic mean pheno: 9.52036
Freshwater mean pheno: -8.52573
mean Ocean/Fresh Fst: 0.0112681
mean Ocean/Fresh Fst (Neutral mutations only): 0.00805994
mean Ocean/Fresh Fst (Effect mutations only): 0.139997
between lakes Fst: 0.228142
between lakes Fst (neutral): 0.223351
between lakes Fst (effect): 0.389633
between Marine Regions Fst: 0.00979833
-------------------------------
Output1 for generation 15001:

Oceanic mean pheno: 8.91002
Freshwater mean pheno: -9.18177
mean Ocean/Fresh Fst: 0.0102328
mean Ocean/Fresh Fst (Neutral mutations only): 0.00709255
mean Ocean/Fresh Fst (Effect mutations only): 0.117736
between lakes Fst: 0.230603
between lakes Fst (neutral): 0.226214
between lakes Fst (effect): 0.366333
between Marine Regions Fst: 0.0077909
-------------------------------
Output1 for generation 15501:

Oceanic mean pheno: 9.40955
Freshwater mean pheno: -8.91965
mean Ocean/Fresh Fst: 0.0110246
mean Ocean/Fresh Fst (Neutral mutations only): 0.00744536
mean Ocean/Fresh Fst (Effect mutations only): 0.142858
between lakes Fst: 0.22726
between lakes Fst (neutral): 0.222752
between lakes Fst (effect): 0.363477
between Marine Regions Fst: 0.00978307
-------------------------------
Output1 for generation 16001:

Oceanic mean pheno: 9.1028
Freshwater mean pheno: -8.69437
mean Ocean/Fresh Fst: 0.0109369
mean Ocean/Fresh Fst (Neutral mutations only): 0.00767174
mean Ocean/Fresh Fst (Effect mutations only): 0.129819
between lakes Fst: 0.225584
between lakes Fst (neutral): 0.219478
between lakes Fst (effect): 0.412964
between Marine Regions Fst: 0.00845346
-------------------------------
Output1 for generation 16501:

Oceanic mean pheno: 8.96995
Freshwater mean pheno: -8.45505
mean Ocean/Fresh Fst: 0.0107626
mean Ocean/Fresh Fst (Neutral mutations only): 0.00765892
mean Ocean/Fresh Fst (Effect mutations only): 0.128124
between lakes Fst: 0.226827
between lakes Fst (neutral): 0.222695
between lakes Fst (effect): 0.352673
between Marine Regions Fst: 0.00901639
-------------------------------
Output1 for generation 17001:

Oceanic mean pheno: 8.48098
Freshwater mean pheno: -8.55983
mean Ocean/Fresh Fst: 0.010165
mean Ocean/Fresh Fst (Neutral mutations only): 0.00731226
mean Ocean/Fresh Fst (Effect mutations only): 0.112484
between lakes Fst: 0.230426
between lakes Fst (neutral): 0.227229
between lakes Fst (effect): 0.328938
between Marine Regions Fst: 0.00823287
-------------------------------
Output1 for generation 17501:

Oceanic mean pheno: 9.18322
Freshwater mean pheno: -8.56344
mean Ocean/Fresh Fst: 0.0111484
mean Ocean/Fresh Fst (Neutral mutations only): 0.00799827
mean Ocean/Fresh Fst (Effect mutations only): 0.136771
between lakes Fst: 0.22744
between lakes Fst (neutral): 0.22416
between lakes Fst (effect): 0.332162
between Marine Regions Fst: 0.00928813
-------------------------------
Output1 for generation 18001:

Oceanic mean pheno: 8.93425
Freshwater mean pheno: -8.94081
mean Ocean/Fresh Fst: 0.0107722
mean Ocean/Fresh Fst (Neutral mutations only): 0.0077251
mean Ocean/Fresh Fst (Effect mutations only): 0.121858
between lakes Fst: 0.221964
between lakes Fst (neutral): 0.219749
between lakes Fst (effect): 0.290408
between Marine Regions Fst: 0.00936159
-------------------------------
Output1 for generation 18501:

Oceanic mean pheno: 8.65464
Freshwater mean pheno: -8.74409
mean Ocean/Fresh Fst: 0.0117942
mean Ocean/Fresh Fst (Neutral mutations only): 0.00866423
mean Ocean/Fresh Fst (Effect mutations only): 0.132566
between lakes Fst: 0.235104
between lakes Fst (neutral): 0.232054
between lakes Fst (effect): 0.339129
between Marine Regions Fst: 0.00875972
-------------------------------
Output1 for generation 19001:

Oceanic mean pheno: 9.68658
Freshwater mean pheno: -8.51772
mean Ocean/Fresh Fst: 0.0111219
mean Ocean/Fresh Fst (Neutral mutations only): 0.0078931
mean Ocean/Fresh Fst (Effect mutations only): 0.145786
between lakes Fst: 0.227305
between lakes Fst (neutral): 0.224451
between lakes Fst (effect): 0.33122
between Marine Regions Fst: 0.00875817
-------------------------------
Output1 for generation 19501:

Oceanic mean pheno: 9.07109
Freshwater mean pheno: -8.72674
mean Ocean/Fresh Fst: 0.0119312
mean Ocean/Fresh Fst (Neutral mutations only): 0.00871565
mean Ocean/Fresh Fst (Effect mutations only): 0.158505
between lakes Fst: 0.241703
between lakes Fst (neutral): 0.237681
between lakes Fst (effect): 0.388684
between Marine Regions Fst: 0.00967036
-------------------------------
Output1 for generation 20001:

Oceanic mean pheno: 8.83703
Freshwater mean pheno: -8.84858
mean Ocean/Fresh Fst: 0.0112889
mean Ocean/Fresh Fst (Neutral mutations only): 0.00791644
mean Ocean/Fresh Fst (Effect mutations only): 0.187856
between lakes Fst: 0.22728
between lakes Fst (neutral): 0.223764
between lakes Fst (effect): 0.380965
between Marine Regions Fst: 0.00941661
-------------------------------
Output1 for generation 20501:

Oceanic mean pheno: 8.94727
Freshwater mean pheno: -8.41219
mean Ocean/Fresh Fst: 0.0108901
mean Ocean/Fresh Fst (Neutral mutations only): 0.00775695
mean Ocean/Fresh Fst (Effect mutations only): 0.149171
between lakes Fst: 0.227918
between lakes Fst (neutral): 0.225435
between lakes Fst (effect): 0.324634
between Marine Regions Fst: 0.00874584
-------------------------------
Output1 for generation 21001:

Oceanic mean pheno: 9.29844
Freshwater mean pheno: -8.61117
mean Ocean/Fresh Fst: 0.0111746
mean Ocean/Fresh Fst (Neutral mutations only): 0.00789229
mean Ocean/Fresh Fst (Effect mutations only): 0.168822
between lakes Fst: 0.238607
between lakes Fst (neutral): 0.236634
between lakes Fst (effect): 0.321929
between Marine Regions Fst: 0.0086099
-------------------------------
Output1 for generation 21501:

Oceanic mean pheno: 8.91575
Freshwater mean pheno: -8.80497
mean Ocean/Fresh Fst: 0.0108711
mean Ocean/Fresh Fst (Neutral mutations only): 0.00779275
mean Ocean/Fresh Fst (Effect mutations only): 0.201837
between lakes Fst: 0.229577
between lakes Fst (neutral): 0.225822
between lakes Fst (effect): 0.4133
between Marine Regions Fst: 0.00952832
-------------------------------
Output1 for generation 22001:

Oceanic mean pheno: 9.10503
Freshwater mean pheno: -8.11573
mean Ocean/Fresh Fst: 0.0105201
mean Ocean/Fresh Fst (Neutral mutations only): 0.00743585
mean Ocean/Fresh Fst (Effect mutations only): 0.178563
between lakes Fst: 0.230579
between lakes Fst (neutral): 0.22699
between lakes Fst (effect): 0.403375
between Marine Regions Fst: 0.00932127
-------------------------------
Output1 for generation 22501:

Oceanic mean pheno: 9.10845
Freshwater mean pheno: -8.59925
mean Ocean/Fresh Fst: 0.0103679
mean Ocean/Fresh Fst (Neutral mutations only): 0.00728693
mean Ocean/Fresh Fst (Effect mutations only): 0.195444
between lakes Fst: 0.221241
between lakes Fst (neutral): 0.218344
between lakes Fst (effect): 0.364387
between Marine Regions Fst: 0.00872733
-------------------------------
Output1 for generation 23001:

Oceanic mean pheno: 9.26345
Freshwater mean pheno: -8.97069
mean Ocean/Fresh Fst: 0.0109193
mean Ocean/Fresh Fst (Neutral mutations only): 0.00780677
mean Ocean/Fresh Fst (Effect mutations only): 0.168467
between lakes Fst: 0.237342
between lakes Fst (neutral): 0.233532
between lakes Fst (effect): 0.403056
between Marine Regions Fst: 0.00956165
-------------------------------
Output1 for generation 23501:

Oceanic mean pheno: 9.00764
Freshwater mean pheno: -8.66857
mean Ocean/Fresh Fst: 0.0107516
mean Ocean/Fresh Fst (Neutral mutations only): 0.00763824
mean Ocean/Fresh Fst (Effect mutations only): 0.184097
between lakes Fst: 0.225586
between lakes Fst (neutral): 0.222185
between lakes Fst (effect): 0.392598
between Marine Regions Fst: 0.00928184
-------------------------------
Output1 for generation 24001:

Oceanic mean pheno: 9.07241
Freshwater mean pheno: -8.78392
mean Ocean/Fresh Fst: 0.0112807
mean Ocean/Fresh Fst (Neutral mutations only): 0.00809046
mean Ocean/Fresh Fst (Effect mutations only): 0.177275
between lakes Fst: 0.233279
between lakes Fst (neutral): 0.229375
between lakes Fst (effect): 0.410669
between Marine Regions Fst: 0.00857362
-------------------------------
Output1 for generation 24501:

Oceanic mean pheno: 9.22027
Freshwater mean pheno: -8.23569
mean Ocean/Fresh Fst: 0.0114625
mean Ocean/Fresh Fst (Neutral mutations only): 0.00840279
mean Ocean/Fresh Fst (Effect mutations only): 0.204567
between lakes Fst: 0.231529
between lakes Fst (neutral): 0.227766
between lakes Fst (effect): 0.42264
between Marine Regions Fst: 0.00924975
-------------------------------
Output1 for generation 25001:

Oceanic mean pheno: 9.13142
Freshwater mean pheno: -8.67223
mean Ocean/Fresh Fst: 0.0110196
mean Ocean/Fresh Fst (Neutral mutations only): 0.00797757
mean Ocean/Fresh Fst (Effect mutations only): 0.188778
between lakes Fst: 0.228911
between lakes Fst (neutral): 0.226299
between lakes Fst (effect): 0.353673
between Marine Regions Fst: 0.00863777
-------------------------------
Output1 for generation 25501:

Oceanic mean pheno: 9.20552
Freshwater mean pheno: -8.8067
mean Ocean/Fresh Fst: 0.0106091
mean Ocean/Fresh Fst (Neutral mutations only): 0.00760218
mean Ocean/Fresh Fst (Effect mutations only): 0.198328
between lakes Fst: 0.240327
between lakes Fst (neutral): 0.23725
between lakes Fst (effect): 0.410937
between Marine Regions Fst: 0.00906388
-------------------------------
Output1 for generation 26001:

Oceanic mean pheno: 8.97961
Freshwater mean pheno: -8.10407
mean Ocean/Fresh Fst: 0.0107518
mean Ocean/Fresh Fst (Neutral mutations only): 0.00805967
mean Ocean/Fresh Fst (Effect mutations only): 0.157219
between lakes Fst: 0.228005
between lakes Fst (neutral): 0.225684
between lakes Fst (effect): 0.350057
between Marine Regions Fst: 0.00926109
-------------------------------
Output1 for generation 26501:

Oceanic mean pheno: 9.21665
Freshwater mean pheno: -8.78685
mean Ocean/Fresh Fst: 0.0119413
mean Ocean/Fresh Fst (Neutral mutations only): 0.00870061
mean Ocean/Fresh Fst (Effect mutations only): 0.202138
between lakes Fst: 0.233358
between lakes Fst (neutral): 0.230725
between lakes Fst (effect): 0.372889
between Marine Regions Fst: 0.00841862
-------------------------------
Output1 for generation 27001:

Oceanic mean pheno: 9.10032
Freshwater mean pheno: -8.57285
mean Ocean/Fresh Fst: 0.011618
mean Ocean/Fresh Fst (Neutral mutations only): 0.00853455
mean Ocean/Fresh Fst (Effect mutations only): 0.21904
between lakes Fst: 0.237849
between lakes Fst (neutral): 0.236445
between lakes Fst (effect): 0.315271
between Marine Regions Fst: 0.0086546
-------------------------------
Output1 for generation 27501:

Oceanic mean pheno: 8.82737
Freshwater mean pheno: -8.62526
mean Ocean/Fresh Fst: 0.0108702
mean Ocean/Fresh Fst (Neutral mutations only): 0.0081341
mean Ocean/Fresh Fst (Effect mutations only): 0.166914
between lakes Fst: 0.230548
between lakes Fst (neutral): 0.228507
between lakes Fst (effect): 0.34057
between Marine Regions Fst: 0.00826419
-------------------------------
Output1 for generation 28001:

Oceanic mean pheno: 9.04971
Freshwater mean pheno: -8.84573
mean Ocean/Fresh Fst: 0.0103478
mean Ocean/Fresh Fst (Neutral mutations only): 0.00738248
mean Ocean/Fresh Fst (Effect mutations only): 0.176213
between lakes Fst: 0.245118
between lakes Fst (neutral): 0.243259
between lakes Fst (effect): 0.329555
between Marine Regions Fst: 0.00911626
-------------------------------
Output1 for generation 28501:

Oceanic mean pheno: 8.91871
Freshwater mean pheno: -8.62478
mean Ocean/Fresh Fst: 0.0108422
mean Ocean/Fresh Fst (Neutral mutations only): 0.00794666
mean Ocean/Fresh Fst (Effect mutations only): 0.202167
between lakes Fst: 0.228103
between lakes Fst (neutral): 0.22497
between lakes Fst (effect): 0.403815
between Marine Regions Fst: 0.00857884
-------------------------------
Output1 for generation 29001:

Oceanic mean pheno: 9.4027
Freshwater mean pheno: -8.73862
mean Ocean/Fresh Fst: 0.0117882
mean Ocean/Fresh Fst (Neutral mutations only): 0.0086377
mean Ocean/Fresh Fst (Effect mutations only): 0.229049
between lakes Fst: 0.239633
between lakes Fst (neutral): 0.237601
between lakes Fst (effect): 0.352287
between Marine Regions Fst: 0.00913062
-------------------------------
Output1 for generation 29501:

Oceanic mean pheno: 8.82677
Freshwater mean pheno: -8.67941
mean Ocean/Fresh Fst: 0.0110103
mean Ocean/Fresh Fst (Neutral mutations only): 0.00806018
mean Ocean/Fresh Fst (Effect mutations only): 0.219404
between lakes Fst: 0.224162
between lakes Fst (neutral): 0.221416
between lakes Fst (effect): 0.402054
between Marine Regions Fst: 0.00895008
-------------------------------
Output1 for generation 30001:

Oceanic mean pheno: 9.23826
Freshwater mean pheno: -8.68571
mean Ocean/Fresh Fst: 0.0112362
mean Ocean/Fresh Fst (Neutral mutations only): 0.00827955
mean Ocean/Fresh Fst (Effect mutations only): 0.2124
between lakes Fst: 0.245161
between lakes Fst (neutral): 0.243253
between lakes Fst (effect): 0.348298
between Marine Regions Fst: 0.00905621
-------------------------------
Output1 for generation 30501:

Oceanic mean pheno: 8.93426
Freshwater mean pheno: -8.34398
mean Ocean/Fresh Fst: 0.0102792
mean Ocean/Fresh Fst (Neutral mutations only): 0.00746398
mean Ocean/Fresh Fst (Effect mutations only): 0.208022
between lakes Fst: 0.237756
between lakes Fst (neutral): 0.236061
between lakes Fst (effect): 0.342711
between Marine Regions Fst: 0.00944796
-------------------------------
Output1 for generation 31001:

Oceanic mean pheno: 9.11164
Freshwater mean pheno: -8.7434
mean Ocean/Fresh Fst: 0.0109813
mean Ocean/Fresh Fst (Neutral mutations only): 0.00781157
mean Ocean/Fresh Fst (Effect mutations only): 0.255338
between lakes Fst: 0.25245
between lakes Fst (neutral): 0.250615
between lakes Fst (effect): 0.366547
between Marine Regions Fst: 0.00902426
-------------------------------
Output1 for generation 31501:

Oceanic mean pheno: 9.24832
Freshwater mean pheno: -8.46326
mean Ocean/Fresh Fst: 0.0108246
mean Ocean/Fresh Fst (Neutral mutations only): 0.00780679
mean Ocean/Fresh Fst (Effect mutations only): 0.188772
between lakes Fst: 0.232976
between lakes Fst (neutral): 0.231154
between lakes Fst (effect): 0.336841
between Marine Regions Fst: 0.00892292
-------------------------------
Output1 for generation 32001:

Oceanic mean pheno: 8.68355
Freshwater mean pheno: -8.57732
mean Ocean/Fresh Fst: 0.0109222
mean Ocean/Fresh Fst (Neutral mutations only): 0.00806759
mean Ocean/Fresh Fst (Effect mutations only): 0.214057
between lakes Fst: 0.237561
between lakes Fst (neutral): 0.234687
between lakes Fst (effect): 0.407482
between Marine Regions Fst: 0.00901639
-------------------------------
Output1 for generation 32501:

Oceanic mean pheno: 8.7721
Freshwater mean pheno: -8.80944
mean Ocean/Fresh Fst: 0.0105408
mean Ocean/Fresh Fst (Neutral mutations only): 0.00748016
mean Ocean/Fresh Fst (Effect mutations only): 0.213129
between lakes Fst: 0.226787
between lakes Fst (neutral): 0.223996
between lakes Fst (effect): 0.378701
between Marine Regions Fst: 0.00889679
-------------------------------
Output1 for generation 33001:

Oceanic mean pheno: 8.79348
Freshwater mean pheno: -8.85068
mean Ocean/Fresh Fst: 0.0109917
mean Ocean/Fresh Fst (Neutral mutations only): 0.00776936
mean Ocean/Fresh Fst (Effect mutations only): 0.207555
between lakes Fst: 0.2295
between lakes Fst (neutral): 0.227772
between lakes Fst (effect): 0.318946
between Marine Regions Fst: 0.00951183
-------------------------------
Output1 for generation 33501:

Oceanic mean pheno: 8.84088
Freshwater mean pheno: -8.58732
mean Ocean/Fresh Fst: 0.0109303
mean Ocean/Fresh Fst (Neutral mutations only): 0.00796949
mean Ocean/Fresh Fst (Effect mutations only): 0.165339
between lakes Fst: 0.231269
between lakes Fst (neutral): 0.23002
between lakes Fst (effect): 0.28901
between Marine Regions Fst: 0.00938778
-------------------------------
Output1 for generation 34001:

Oceanic mean pheno: 9.02035
Freshwater mean pheno: -9.07553
mean Ocean/Fresh Fst: 0.0115262
mean Ocean/Fresh Fst (Neutral mutations only): 0.00837825
mean Ocean/Fresh Fst (Effect mutations only): 0.207151
between lakes Fst: 0.23905
between lakes Fst (neutral): 0.23699
between lakes Fst (effect): 0.354073
between Marine Regions Fst: 0.00900361
-------------------------------
Output1 for generation 34501:

Oceanic mean pheno: 8.63657
Freshwater mean pheno: -8.34804
mean Ocean/Fresh Fst: 0.0110121
mean Ocean/Fresh Fst (Neutral mutations only): 0.00816824
mean Ocean/Fresh Fst (Effect mutations only): 0.195754
between lakes Fst: 0.244814
between lakes Fst (neutral): 0.242132
between lakes Fst (effect): 0.393858
between Marine Regions Fst: 0.00969287
-------------------------------
Output1 for generation 35001:

Oceanic mean pheno: 8.70219
Freshwater mean pheno: -8.63249
mean Ocean/Fresh Fst: 0.0107951
mean Ocean/Fresh Fst (Neutral mutations only): 0.00794106
mean Ocean/Fresh Fst (Effect mutations only): 0.172097
between lakes Fst: 0.236227
between lakes Fst (neutral): 0.234311
between lakes Fst (effect): 0.336758
between Marine Regions Fst: 0.00976012
-------------------------------
Output1 for generation 35501:

Oceanic mean pheno: 8.77393
Freshwater mean pheno: -8.71651
mean Ocean/Fresh Fst: 0.0116071
mean Ocean/Fresh Fst (Neutral mutations only): 0.00877851
mean Ocean/Fresh Fst (Effect mutations only): 0.162723
between lakes Fst: 0.235507
between lakes Fst (neutral): 0.233717
between lakes Fst (effect): 0.322901
between Marine Regions Fst: 0.00894885
-------------------------------
Output1 for generation 36001:

Oceanic mean pheno: 8.90683
Freshwater mean pheno: -8.53589
mean Ocean/Fresh Fst: 0.0114229
mean Ocean/Fresh Fst (Neutral mutations only): 0.00866319
mean Ocean/Fresh Fst (Effect mutations only): 0.170931
between lakes Fst: 0.243381
between lakes Fst (neutral): 0.240895
between lakes Fst (effect): 0.363119
between Marine Regions Fst: 0.00875687
-------------------------------
Output1 for generation 36501:

Oceanic mean pheno: 8.83261
Freshwater mean pheno: -8.6878
mean Ocean/Fresh Fst: 0.0104103
mean Ocean/Fresh Fst (Neutral mutations only): 0.00772361
mean Ocean/Fresh Fst (Effect mutations only): 0.161199
between lakes Fst: 0.23408
between lakes Fst (neutral): 0.232657
between lakes Fst (effect): 0.299498
between Marine Regions Fst: 0.0102692
-------------------------------
Output1 for generation 37001:

Oceanic mean pheno: 8.96995
Freshwater mean pheno: -8.42744
mean Ocean/Fresh Fst: 0.0103654
mean Ocean/Fresh Fst (Neutral mutations only): 0.00773506
mean Ocean/Fresh Fst (Effect mutations only): 0.173264
between lakes Fst: 0.235821
between lakes Fst (neutral): 0.232927
between lakes Fst (effect): 0.3868
between Marine Regions Fst: 0.00916059
-------------------------------
Output1 for generation 37501:

Oceanic mean pheno: 8.77999
Freshwater mean pheno: -8.97616
mean Ocean/Fresh Fst: 0.0104692
mean Ocean/Fresh Fst (Neutral mutations only): 0.00769778
mean Ocean/Fresh Fst (Effect mutations only): 0.127001
between lakes Fst: 0.234408
between lakes Fst (neutral): 0.233317
between lakes Fst (effect): 0.277969
between Marine Regions Fst: 0.00926027
-------------------------------
Output1 for generation 38001:

Oceanic mean pheno: 8.87794
Freshwater mean pheno: -8.74599
mean Ocean/Fresh Fst: 0.0110275
mean Ocean/Fresh Fst (Neutral mutations only): 0.00812554
mean Ocean/Fresh Fst (Effect mutations only): 0.175376
between lakes Fst: 0.231382
between lakes Fst (neutral): 0.229532
between lakes Fst (effect): 0.322918
between Marine Regions Fst: 0.00911898
-------------------------------
Output1 for generation 38501:

Oceanic mean pheno: 9.20137
Freshwater mean pheno: -8.78224
mean Ocean/Fresh Fst: 0.0113641
mean Ocean/Fresh Fst (Neutral mutations only): 0.00843649
mean Ocean/Fresh Fst (Effect mutations only): 0.20177
between lakes Fst: 0.234599
between lakes Fst (neutral): 0.233054
between lakes Fst (effect): 0.315764
between Marine Regions Fst: 0.00914192
-------------------------------
Output1 for generation 39001:

Oceanic mean pheno: 8.91559
Freshwater mean pheno: -8.53998
mean Ocean/Fresh Fst: 0.010607
mean Ocean/Fresh Fst (Neutral mutations only): 0.00802463
mean Ocean/Fresh Fst (Effect mutations only): 0.17569
between lakes Fst: 0.245304
between lakes Fst (neutral): 0.243487
between lakes Fst (effect): 0.347155
between Marine Regions Fst: 0.00923252
-------------------------------
Output1 for generation 39501:

Oceanic mean pheno: 9.46307
Freshwater mean pheno: -8.64559
mean Ocean/Fresh Fst: 0.0108266
mean Ocean/Fresh Fst (Neutral mutations only): 0.00803483
mean Ocean/Fresh Fst (Effect mutations only): 0.199162
between lakes Fst: 0.245851
between lakes Fst (neutral): 0.243112
between lakes Fst (effect): 0.393856
between Marine Regions Fst: 0.00888816
-------------------------------
Output1 for generation 40001:

Oceanic mean pheno: 9.0955
Freshwater mean pheno: -8.44505
mean Ocean/Fresh Fst: 0.0111659
mean Ocean/Fresh Fst (Neutral mutations only): 0.00844628
mean Ocean/Fresh Fst (Effect mutations only): 0.209133
between lakes Fst: 0.238317
between lakes Fst (neutral): 0.236409
between lakes Fst (effect): 0.349861
between Marine Regions Fst: 0.00933732
elapsed: 2:42:02 / kernel: 1.03 / user: 9727.37 / mem: 185212
Done!
