Task ID  - seed 031606
Parameters for SLiM run:
  -s 031606 MyRecipe2_2_7.E
// Initial random seed:
1506564856815

// RunInitializeCallbacks():
initializeSLiMOptions(dimensionality = 'x');
initializeMutationRate(1e-07);
initializeMutationType(1, 0.5, "g", 0.5, 1);
initializeMutationType(2, 0.5, "g", -0.5, 1);
initializeMutationType(3, 0.5, "f", 0);
initializeMutationType(4, 0.5, "f", 0);
initializeGenomicElementType(1, m3, 1);
initializeGenomicElementType(2, c(m1, m2, m3), c(1, 1, 1));
initializeGenomicElement(g1, 0, 4949);
initializeGenomicElement(g2, 4950, 5049);
initializeGenomicElement(g1, 5050, 9999);
initializeGenomicElement(g1, 10000, 14949);
initializeGenomicElement(g2, 14950, 15049);
initializeGenomicElement(g1, 15050, 19999);
initializeGenomicElement(g1, 20000, 24949);
initializeGenomicElement(g2, 24950, 25049);
initializeGenomicElement(g1, 25050, 29999);
initializeGenomicElement(g1, 30000, 34949);
initializeGenomicElement(g2, 34950, 35049);
initializeGenomicElement(g1, 35050, 39999);
initializeGenomicElement(g1, 40000, 44949);
initializeGenomicElement(g2, 44950, 45049);
initializeGenomicElement(g1, 45050, 49999);
initializeGenomicElement(g1, 50000, 54949);
initializeGenomicElement(g2, 54950, 55049);
initializeGenomicElement(g1, 55050, 59999);
initializeGenomicElement(g1, 60000, 64949);
initializeGenomicElement(g2, 64950, 65049);
initializeGenomicElement(g1, 65050, 69999);
initializeGenomicElement(g1, 70000, 74949);
initializeGenomicElement(g2, 74950, 75049);
initializeGenomicElement(g1, 75050, 79999);
initializeGenomicElement(g1, 80000, 84949);
initializeGenomicElement(g2, 84950, 85049);
initializeGenomicElement(g1, 85050, 89999);
initializeGenomicElement(g1, 90000, 94949);
initializeGenomicElement(g2, 94950, 95049);
initializeGenomicElement(g1, 95050, 99999);
end of chromosome position: 100000
initializeRecombinationRate(0.001);
initializeInteractionType(1, "x", reciprocal=T", maxDistance=0.02);
initializeInteractionType(2, "x", reciprocal=T", maxDistance=1);

// Starting run at generation <start>:
1 

-------------------------------
Output1 for generation 1:

Oceanic mean pheno: 11.0105
Freshwater mean pheno: 11.0209
mean Ocean/Fresh Fst: 0.000143707
mean Ocean/Fresh Fst (Neutral mutations only): 0.000133848
mean Ocean/Fresh Fst (Effect mutations only): 0.000147271
between lakes Fst: 0.00228788
between lakes Fst (neutral): 0.00212831
between lakes Fst (effect): 0.00234556
between Marine Regions Fst: 0.0022314
-------------------------------
Output1 for generation 101:

Oceanic mean pheno: 9.21646
Freshwater mean pheno: -7.75798
mean Ocean/Fresh Fst: 0.00667049
mean Ocean/Fresh Fst (Neutral mutations only): 0.00144193
mean Ocean/Fresh Fst (Effect mutations only): 0.0443502
between lakes Fst: 0.051296
between lakes Fst (neutral): 0.0267972
between lakes Fst (effect): 0.157365
between Marine Regions Fst: 0.00653456
-------------------------------
Output1 for generation 201:

Oceanic mean pheno: 9.55693
Freshwater mean pheno: -8.64597
mean Ocean/Fresh Fst: 0.00771459
mean Ocean/Fresh Fst (Neutral mutations only): 0.00197624
mean Ocean/Fresh Fst (Effect mutations only): 0.055382
between lakes Fst: 0.0716146
between lakes Fst (neutral): 0.0383716
between lakes Fst (effect): 0.237434
between Marine Regions Fst: 0.00657876
-------------------------------
Output1 for generation 301:

Oceanic mean pheno: 8.61403
Freshwater mean pheno: -8.59139
mean Ocean/Fresh Fst: 0.0074378
mean Ocean/Fresh Fst (Neutral mutations only): 0.00279021
mean Ocean/Fresh Fst (Effect mutations only): 0.0504414
between lakes Fst: 0.0781574
between lakes Fst (neutral): 0.0466572
between lakes Fst (effect): 0.268659
between Marine Regions Fst: 0.00695673
-------------------------------
Output1 for generation 401:

Oceanic mean pheno: 9.27846
Freshwater mean pheno: -8.75928
mean Ocean/Fresh Fst: 0.00830054
mean Ocean/Fresh Fst (Neutral mutations only): 0.00322083
mean Ocean/Fresh Fst (Effect mutations only): 0.0601733
between lakes Fst: 0.0878823
between lakes Fst (neutral): 0.0573618
between lakes Fst (effect): 0.303815
between Marine Regions Fst: 0.00649912
-------------------------------
Output1 for generation 501:

Oceanic mean pheno: 8.73772
Freshwater mean pheno: -9.01922
mean Ocean/Fresh Fst: 0.00817715
mean Ocean/Fresh Fst (Neutral mutations only): 0.00331827
mean Ocean/Fresh Fst (Effect mutations only): 0.0623447
between lakes Fst: 0.0975389
between lakes Fst (neutral): 0.0669991
between lakes Fst (effect): 0.327554
between Marine Regions Fst: 0.00695208
-------------------------------
Output1 for generation 601:

Oceanic mean pheno: 9.27336
Freshwater mean pheno: -8.72441
mean Ocean/Fresh Fst: 0.00816319
mean Ocean/Fresh Fst (Neutral mutations only): 0.00337147
mean Ocean/Fresh Fst (Effect mutations only): 0.0620701
between lakes Fst: 0.10573
between lakes Fst (neutral): 0.0754272
between lakes Fst (effect): 0.341251
between Marine Regions Fst: 0.00670042
-------------------------------
Output1 for generation 701:

Oceanic mean pheno: 9.07183
Freshwater mean pheno: -8.56629
mean Ocean/Fresh Fst: 0.0079393
mean Ocean/Fresh Fst (Neutral mutations only): 0.00338607
mean Ocean/Fresh Fst (Effect mutations only): 0.0621338
between lakes Fst: 0.114282
between lakes Fst (neutral): 0.0837596
between lakes Fst (effect): 0.364158
between Marine Regions Fst: 0.00687179
-------------------------------
Output1 for generation 801:

Oceanic mean pheno: 8.97099
Freshwater mean pheno: -8.7931
mean Ocean/Fresh Fst: 0.00817919
mean Ocean/Fresh Fst (Neutral mutations only): 0.00353398
mean Ocean/Fresh Fst (Effect mutations only): 0.0630041
between lakes Fst: 0.115236
between lakes Fst (neutral): 0.0869776
between lakes Fst (effect): 0.351574
between Marine Regions Fst: 0.00711159
-------------------------------
Output1 for generation 901:

Oceanic mean pheno: 9.38987
Freshwater mean pheno: -8.71259
mean Ocean/Fresh Fst: 0.00899575
mean Ocean/Fresh Fst (Neutral mutations only): 0.00400279
mean Ocean/Fresh Fst (Effect mutations only): 0.0741039
between lakes Fst: 0.127649
between lakes Fst (neutral): 0.100542
between lakes Fst (effect): 0.375052
between Marine Regions Fst: 0.0070982
-------------------------------
Output1 for generation 1001:

Oceanic mean pheno: 9.08292
Freshwater mean pheno: -8.43406
mean Ocean/Fresh Fst: 0.00841974
mean Ocean/Fresh Fst (Neutral mutations only): 0.00381371
mean Ocean/Fresh Fst (Effect mutations only): 0.0708161
between lakes Fst: 0.118307
between lakes Fst (neutral): 0.0946319
between lakes Fst (effect): 0.351387
between Marine Regions Fst: 0.00727245
-------------------------------
Output1 for generation 1101:

Oceanic mean pheno: 8.9468
Freshwater mean pheno: -7.9422
mean Ocean/Fresh Fst: 0.00811344
mean Ocean/Fresh Fst (Neutral mutations only): 0.00373137
mean Ocean/Fresh Fst (Effect mutations only): 0.068622
between lakes Fst: 0.123066
between lakes Fst (neutral): 0.0986977
between lakes Fst (effect): 0.364959
between Marine Regions Fst: 0.00740873
-------------------------------
Output1 for generation 1201:

Oceanic mean pheno: 9.13282
Freshwater mean pheno: -8.48254
mean Ocean/Fresh Fst: 0.00881981
mean Ocean/Fresh Fst (Neutral mutations only): 0.0042022
mean Ocean/Fresh Fst (Effect mutations only): 0.074749
between lakes Fst: 0.136068
between lakes Fst (neutral): 0.110553
between lakes Fst (effect): 0.399731
between Marine Regions Fst: 0.00714387
-------------------------------
Output1 for generation 1301:

Oceanic mean pheno: 9.07299
Freshwater mean pheno: -8.33956
mean Ocean/Fresh Fst: 0.00864023
mean Ocean/Fresh Fst (Neutral mutations only): 0.00423165
mean Ocean/Fresh Fst (Effect mutations only): 0.0750838
between lakes Fst: 0.13953
between lakes Fst (neutral): 0.115008
between lakes Fst (effect): 0.390602
between Marine Regions Fst: 0.00706617
-------------------------------
Output1 for generation 1401:

Oceanic mean pheno: 9.00525
Freshwater mean pheno: -8.61435
mean Ocean/Fresh Fst: 0.00951848
mean Ocean/Fresh Fst (Neutral mutations only): 0.00496798
mean Ocean/Fresh Fst (Effect mutations only): 0.0786991
between lakes Fst: 0.138847
between lakes Fst (neutral): 0.116494
between lakes Fst (effect): 0.383717
between Marine Regions Fst: 0.00748839
-------------------------------
Output1 for generation 1501:

Oceanic mean pheno: 9.15144
Freshwater mean pheno: -8.10896
mean Ocean/Fresh Fst: 0.00960162
mean Ocean/Fresh Fst (Neutral mutations only): 0.00515022
mean Ocean/Fresh Fst (Effect mutations only): 0.08055
between lakes Fst: 0.148669
between lakes Fst (neutral): 0.126737
between lakes Fst (effect): 0.398833
between Marine Regions Fst: 0.00777718
-------------------------------
Output1 for generation 1601:

Oceanic mean pheno: 9.41886
Freshwater mean pheno: -8.54551
mean Ocean/Fresh Fst: 0.00929125
mean Ocean/Fresh Fst (Neutral mutations only): 0.00490117
mean Ocean/Fresh Fst (Effect mutations only): 0.0779019
between lakes Fst: 0.143096
between lakes Fst (neutral): 0.12364
between lakes Fst (effect): 0.360651
between Marine Regions Fst: 0.00767769
-------------------------------
Output1 for generation 1701:

Oceanic mean pheno: 8.87968
Freshwater mean pheno: -8.3827
mean Ocean/Fresh Fst: 0.00947114
mean Ocean/Fresh Fst (Neutral mutations only): 0.0052935
mean Ocean/Fresh Fst (Effect mutations only): 0.0767373
between lakes Fst: 0.143713
between lakes Fst (neutral): 0.125364
between lakes Fst (effect): 0.364191
between Marine Regions Fst: 0.00827999
-------------------------------
Output1 for generation 1801:

Oceanic mean pheno: 9.03739
Freshwater mean pheno: -8.35299
mean Ocean/Fresh Fst: 0.00976572
mean Ocean/Fresh Fst (Neutral mutations only): 0.00584567
mean Ocean/Fresh Fst (Effect mutations only): 0.0769917
between lakes Fst: 0.147398
between lakes Fst (neutral): 0.128291
between lakes Fst (effect): 0.399166
between Marine Regions Fst: 0.00832688
-------------------------------
Output1 for generation 1901:

Oceanic mean pheno: 8.83591
Freshwater mean pheno: -8.53187
mean Ocean/Fresh Fst: 0.00935007
mean Ocean/Fresh Fst (Neutral mutations only): 0.00530874
mean Ocean/Fresh Fst (Effect mutations only): 0.0766264
between lakes Fst: 0.144457
between lakes Fst (neutral): 0.126422
between lakes Fst (effect): 0.372717
between Marine Regions Fst: 0.00774744
-------------------------------
Output1 for generation 2001:

Oceanic mean pheno: 8.93281
Freshwater mean pheno: -8.53848
mean Ocean/Fresh Fst: 0.00925747
mean Ocean/Fresh Fst (Neutral mutations only): 0.00504548
mean Ocean/Fresh Fst (Effect mutations only): 0.0833351
between lakes Fst: 0.145414
between lakes Fst (neutral): 0.128077
between lakes Fst (effect): 0.371082
between Marine Regions Fst: 0.00740011
-------------------------------
Output1 for generation 2101:

Oceanic mean pheno: 9.01363
Freshwater mean pheno: -8.72733
mean Ocean/Fresh Fst: 0.00907746
mean Ocean/Fresh Fst (Neutral mutations only): 0.00505133
mean Ocean/Fresh Fst (Effect mutations only): 0.0757712
between lakes Fst: 0.146215
between lakes Fst (neutral): 0.129985
between lakes Fst (effect): 0.353648
between Marine Regions Fst: 0.00789582
-------------------------------
Output1 for generation 2201:

Oceanic mean pheno: 9.0791
Freshwater mean pheno: -8.34882
mean Ocean/Fresh Fst: 0.00915846
mean Ocean/Fresh Fst (Neutral mutations only): 0.00512422
mean Ocean/Fresh Fst (Effect mutations only): 0.0781017
between lakes Fst: 0.152193
between lakes Fst (neutral): 0.136924
between lakes Fst (effect): 0.336104
between Marine Regions Fst: 0.0077343
-------------------------------
Output1 for generation 2301:

Oceanic mean pheno: 9.17464
Freshwater mean pheno: -8.54771
mean Ocean/Fresh Fst: 0.00976304
mean Ocean/Fresh Fst (Neutral mutations only): 0.00566859
mean Ocean/Fresh Fst (Effect mutations only): 0.0820363
between lakes Fst: 0.151895
between lakes Fst (neutral): 0.137389
between lakes Fst (effect): 0.341162
between Marine Regions Fst: 0.00815111
-------------------------------
Output1 for generation 2401:

Oceanic mean pheno: 8.99071
Freshwater mean pheno: -8.41055
mean Ocean/Fresh Fst: 0.00915384
mean Ocean/Fresh Fst (Neutral mutations only): 0.00511309
mean Ocean/Fresh Fst (Effect mutations only): 0.0816423
between lakes Fst: 0.142386
between lakes Fst (neutral): 0.129055
between lakes Fst (effect): 0.331104
between Marine Regions Fst: 0.00842414
-------------------------------
Output1 for generation 2501:

Oceanic mean pheno: 9.06117
Freshwater mean pheno: -8.26675
mean Ocean/Fresh Fst: 0.00971205
mean Ocean/Fresh Fst (Neutral mutations only): 0.00571378
mean Ocean/Fresh Fst (Effect mutations only): 0.0778516
between lakes Fst: 0.154061
between lakes Fst (neutral): 0.140313
between lakes Fst (effect): 0.332985
between Marine Regions Fst: 0.00798754
-------------------------------
Output1 for generation 2601:

Oceanic mean pheno: 9.11284
Freshwater mean pheno: -8.34377
mean Ocean/Fresh Fst: 0.00947151
mean Ocean/Fresh Fst (Neutral mutations only): 0.00564012
mean Ocean/Fresh Fst (Effect mutations only): 0.0831061
between lakes Fst: 0.161965
between lakes Fst (neutral): 0.147253
between lakes Fst (effect): 0.376023
between Marine Regions Fst: 0.00763021
-------------------------------
Output1 for generation 2701:

Oceanic mean pheno: 8.90935
Freshwater mean pheno: -8.31998
mean Ocean/Fresh Fst: 0.00913533
mean Ocean/Fresh Fst (Neutral mutations only): 0.00523066
mean Ocean/Fresh Fst (Effect mutations only): 0.0784137
between lakes Fst: 0.156385
between lakes Fst (neutral): 0.142614
between lakes Fst (effect): 0.34337
between Marine Regions Fst: 0.00826755
-------------------------------
Output1 for generation 2801:

Oceanic mean pheno: 8.96624
Freshwater mean pheno: -8.18212
mean Ocean/Fresh Fst: 0.00897145
mean Ocean/Fresh Fst (Neutral mutations only): 0.00509613
mean Ocean/Fresh Fst (Effect mutations only): 0.0783749
between lakes Fst: 0.152849
between lakes Fst (neutral): 0.139886
between lakes Fst (effect): 0.32954
between Marine Regions Fst: 0.00760983
-------------------------------
Output1 for generation 2901:

Oceanic mean pheno: 8.80843
Freshwater mean pheno: -8.84426
mean Ocean/Fresh Fst: 0.00877896
mean Ocean/Fresh Fst (Neutral mutations only): 0.00514802
mean Ocean/Fresh Fst (Effect mutations only): 0.0768196
between lakes Fst: 0.156989
between lakes Fst (neutral): 0.143991
between lakes Fst (effect): 0.344356
between Marine Regions Fst: 0.008195
-------------------------------
Output1 for generation 3001:

Oceanic mean pheno: 8.83239
Freshwater mean pheno: -8.75908
mean Ocean/Fresh Fst: 0.009111
mean Ocean/Fresh Fst (Neutral mutations only): 0.00535287
mean Ocean/Fresh Fst (Effect mutations only): 0.0864914
between lakes Fst: 0.169075
between lakes Fst (neutral): 0.156322
between lakes Fst (effect): 0.359506
between Marine Regions Fst: 0.00754097
-------------------------------
Output1 for generation 3101:

Oceanic mean pheno: 9.00828
Freshwater mean pheno: -8.85706
mean Ocean/Fresh Fst: 0.0102838
mean Ocean/Fresh Fst (Neutral mutations only): 0.00612917
mean Ocean/Fresh Fst (Effect mutations only): 0.090856
between lakes Fst: 0.172913
between lakes Fst (neutral): 0.158431
between lakes Fst (effect): 0.389646
between Marine Regions Fst: 0.00829557
-------------------------------
Output1 for generation 3201:

Oceanic mean pheno: 8.81272
Freshwater mean pheno: -8.27028
mean Ocean/Fresh Fst: 0.0093874
mean Ocean/Fresh Fst (Neutral mutations only): 0.00569241
mean Ocean/Fresh Fst (Effect mutations only): 0.0836507
between lakes Fst: 0.172393
between lakes Fst (neutral): 0.15821
between lakes Fst (effect): 0.381596
between Marine Regions Fst: 0.00818779
-------------------------------
Output1 for generation 3301:

Oceanic mean pheno: 9.36158
Freshwater mean pheno: -8.05845
mean Ocean/Fresh Fst: 0.00922761
mean Ocean/Fresh Fst (Neutral mutations only): 0.00545442
mean Ocean/Fresh Fst (Effect mutations only): 0.0901912
between lakes Fst: 0.162565
between lakes Fst (neutral): 0.147787
between lakes Fst (effect): 0.403339
between Marine Regions Fst: 0.00801401
-------------------------------
Output1 for generation 3401:

Oceanic mean pheno: 9.24322
Freshwater mean pheno: -8.00919
mean Ocean/Fresh Fst: 0.00908497
mean Ocean/Fresh Fst (Neutral mutations only): 0.00546453
mean Ocean/Fresh Fst (Effect mutations only): 0.0852309
between lakes Fst: 0.158978
between lakes Fst (neutral): 0.144502
between lakes Fst (effect): 0.391551
between Marine Regions Fst: 0.00825596
-------------------------------
Output1 for generation 3501:

Oceanic mean pheno: 9.12458
Freshwater mean pheno: -8.63641
mean Ocean/Fresh Fst: 0.0108107
mean Ocean/Fresh Fst (Neutral mutations only): 0.00668502
mean Ocean/Fresh Fst (Effect mutations only): 0.101502
between lakes Fst: 0.179756
between lakes Fst (neutral): 0.163223
between lakes Fst (effect): 0.457211
between Marine Regions Fst: 0.00832998
-------------------------------
Output1 for generation 3601:

Oceanic mean pheno: 9.79699
Freshwater mean pheno: -8.54137
mean Ocean/Fresh Fst: 0.0102349
mean Ocean/Fresh Fst (Neutral mutations only): 0.00610865
mean Ocean/Fresh Fst (Effect mutations only): 0.104001
between lakes Fst: 0.17532
between lakes Fst (neutral): 0.161261
between lakes Fst (effect): 0.409548
between Marine Regions Fst: 0.0084864
-------------------------------
Output1 for generation 3701:

Oceanic mean pheno: 8.98026
Freshwater mean pheno: -8.69346
mean Ocean/Fresh Fst: 0.0102395
mean Ocean/Fresh Fst (Neutral mutations only): 0.00619245
mean Ocean/Fresh Fst (Effect mutations only): 0.101876
between lakes Fst: 0.183776
between lakes Fst (neutral): 0.170675
between lakes Fst (effect): 0.399342
between Marine Regions Fst: 0.00750903
-------------------------------
Output1 for generation 3801:

Oceanic mean pheno: 9.2824
Freshwater mean pheno: -8.48111
mean Ocean/Fresh Fst: 0.0100842
mean Ocean/Fresh Fst (Neutral mutations only): 0.00601793
mean Ocean/Fresh Fst (Effect mutations only): 0.104663
between lakes Fst: 0.175779
between lakes Fst (neutral): 0.163001
between lakes Fst (effect): 0.405049
between Marine Regions Fst: 0.00757666
-------------------------------
Output1 for generation 3901:

Oceanic mean pheno: 8.96823
Freshwater mean pheno: -8.06833
mean Ocean/Fresh Fst: 0.00928844
mean Ocean/Fresh Fst (Neutral mutations only): 0.00577336
mean Ocean/Fresh Fst (Effect mutations only): 0.0876069
between lakes Fst: 0.17487
between lakes Fst (neutral): 0.162829
between lakes Fst (effect): 0.384033
between Marine Regions Fst: 0.00799784
-------------------------------
Output1 for generation 4001:

Oceanic mean pheno: 8.94165
Freshwater mean pheno: -8.55108
mean Ocean/Fresh Fst: 0.00926335
mean Ocean/Fresh Fst (Neutral mutations only): 0.00556394
mean Ocean/Fresh Fst (Effect mutations only): 0.0927272
between lakes Fst: 0.171898
between lakes Fst (neutral): 0.161634
between lakes Fst (effect): 0.340809
between Marine Regions Fst: 0.00907774
-------------------------------
Output1 for generation 4101:

Oceanic mean pheno: 9.60899
Freshwater mean pheno: -8.43912
mean Ocean/Fresh Fst: 0.00995669
mean Ocean/Fresh Fst (Neutral mutations only): 0.00596513
mean Ocean/Fresh Fst (Effect mutations only): 0.0989828
between lakes Fst: 0.186988
between lakes Fst (neutral): 0.175965
between lakes Fst (effect): 0.369272
between Marine Regions Fst: 0.00865489
-------------------------------
Output1 for generation 4201:

Oceanic mean pheno: 8.84221
Freshwater mean pheno: -8.31529
mean Ocean/Fresh Fst: 0.00945968
mean Ocean/Fresh Fst (Neutral mutations only): 0.0058677
mean Ocean/Fresh Fst (Effect mutations only): 0.0944697
between lakes Fst: 0.178637
between lakes Fst (neutral): 0.165526
between lakes Fst (effect): 0.420432
between Marine Regions Fst: 0.00908484
-------------------------------
Output1 for generation 4301:

Oceanic mean pheno: 8.85619
Freshwater mean pheno: -8.32664
mean Ocean/Fresh Fst: 0.00943166
mean Ocean/Fresh Fst (Neutral mutations only): 0.0060913
mean Ocean/Fresh Fst (Effect mutations only): 0.0885265
between lakes Fst: 0.173911
between lakes Fst (neutral): 0.16163
between lakes Fst (effect): 0.395884
between Marine Regions Fst: 0.00755844
-------------------------------
Output1 for generation 4401:

Oceanic mean pheno: 9.11891
Freshwater mean pheno: -8.48134
mean Ocean/Fresh Fst: 0.0101231
mean Ocean/Fresh Fst (Neutral mutations only): 0.00643347
mean Ocean/Fresh Fst (Effect mutations only): 0.0986053
between lakes Fst: 0.184664
between lakes Fst (neutral): 0.174264
between lakes Fst (effect): 0.371852
between Marine Regions Fst: 0.00790465
-------------------------------
Output1 for generation 4501:

Oceanic mean pheno: 9.22779
Freshwater mean pheno: -8.58493
mean Ocean/Fresh Fst: 0.00992563
mean Ocean/Fresh Fst (Neutral mutations only): 0.00627176
mean Ocean/Fresh Fst (Effect mutations only): 0.103892
between lakes Fst: 0.190049
between lakes Fst (neutral): 0.177518
between lakes Fst (effect): 0.429341
between Marine Regions Fst: 0.00780993
-------------------------------
Output1 for generation 4601:

Oceanic mean pheno: 9.04883
Freshwater mean pheno: -8.27037
mean Ocean/Fresh Fst: 0.00995612
mean Ocean/Fresh Fst (Neutral mutations only): 0.00640697
mean Ocean/Fresh Fst (Effect mutations only): 0.0987505
between lakes Fst: 0.186141
between lakes Fst (neutral): 0.174654
between lakes Fst (effect): 0.411324
between Marine Regions Fst: 0.00831557
-------------------------------
Output1 for generation 4701:

Oceanic mean pheno: 9.2822
Freshwater mean pheno: -8.17036
mean Ocean/Fresh Fst: 0.00993769
mean Ocean/Fresh Fst (Neutral mutations only): 0.00618313
mean Ocean/Fresh Fst (Effect mutations only): 0.0989744
between lakes Fst: 0.191736
between lakes Fst (neutral): 0.181189
between lakes Fst (effect): 0.382923
between Marine Regions Fst: 0.00825273
-------------------------------
Output1 for generation 4801:

Oceanic mean pheno: 8.65326
Freshwater mean pheno: -8.16771
mean Ocean/Fresh Fst: 0.00932462
mean Ocean/Fresh Fst (Neutral mutations only): 0.00602995
mean Ocean/Fresh Fst (Effect mutations only): 0.0869767
between lakes Fst: 0.185302
between lakes Fst (neutral): 0.175102
between lakes Fst (effect): 0.374836
between Marine Regions Fst: 0.00798346
-------------------------------
Output1 for generation 4901:

Oceanic mean pheno: 8.71262
Freshwater mean pheno: -8.36806
mean Ocean/Fresh Fst: 0.00944738
mean Ocean/Fresh Fst (Neutral mutations only): 0.00602267
mean Ocean/Fresh Fst (Effect mutations only): 0.0895376
between lakes Fst: 0.181726
between lakes Fst (neutral): 0.171885
between lakes Fst (effect): 0.3622
between Marine Regions Fst: 0.00872167
-------------------------------
Output1 for generation 5001:

Oceanic mean pheno: 9.14704
Freshwater mean pheno: -8.83183
mean Ocean/Fresh Fst: 0.00978838
mean Ocean/Fresh Fst (Neutral mutations only): 0.00617485
mean Ocean/Fresh Fst (Effect mutations only): 0.101224
between lakes Fst: 0.179355
between lakes Fst (neutral): 0.170962
between lakes Fst (effect): 0.340476
between Marine Regions Fst: 0.00820857
-------------------------------
Output1 for generation 5101:

Oceanic mean pheno: 8.92226
Freshwater mean pheno: -8.45137
mean Ocean/Fresh Fst: 0.00989841
mean Ocean/Fresh Fst (Neutral mutations only): 0.00649804
mean Ocean/Fresh Fst (Effect mutations only): 0.0940281
between lakes Fst: 0.177108
between lakes Fst (neutral): 0.168354
between lakes Fst (effect): 0.351549
between Marine Regions Fst: 0.00812105
-------------------------------
Output1 for generation 5201:

Oceanic mean pheno: 9.1798
Freshwater mean pheno: -8.21616
mean Ocean/Fresh Fst: 0.00943439
mean Ocean/Fresh Fst (Neutral mutations only): 0.00601345
mean Ocean/Fresh Fst (Effect mutations only): 0.0975082
between lakes Fst: 0.17802
between lakes Fst (neutral): 0.16965
between lakes Fst (effect): 0.350077
between Marine Regions Fst: 0.00816742
-------------------------------
Output1 for generation 5301:

Oceanic mean pheno: 8.90555
Freshwater mean pheno: -8.33189
mean Ocean/Fresh Fst: 0.00990667
mean Ocean/Fresh Fst (Neutral mutations only): 0.00648462
mean Ocean/Fresh Fst (Effect mutations only): 0.0967494
between lakes Fst: 0.19152
between lakes Fst (neutral): 0.183238
between lakes Fst (effect): 0.352779
between Marine Regions Fst: 0.00868023
-------------------------------
Output1 for generation 5401:

Oceanic mean pheno: 8.77908
Freshwater mean pheno: -8.58398
mean Ocean/Fresh Fst: 0.00944772
mean Ocean/Fresh Fst (Neutral mutations only): 0.00602602
mean Ocean/Fresh Fst (Effect mutations only): 0.0997936
between lakes Fst: 0.191127
between lakes Fst (neutral): 0.181647
between lakes Fst (effect): 0.382722
between Marine Regions Fst: 0.00898359
-------------------------------
Output1 for generation 5501:

Oceanic mean pheno: 8.7694
Freshwater mean pheno: -8.22032
mean Ocean/Fresh Fst: 0.0096776
mean Ocean/Fresh Fst (Neutral mutations only): 0.00634376
mean Ocean/Fresh Fst (Effect mutations only): 0.0879633
between lakes Fst: 0.184316
between lakes Fst (neutral): 0.177071
between lakes Fst (effect): 0.321845
between Marine Regions Fst: 0.00852139
-------------------------------
Output1 for generation 5601:

Oceanic mean pheno: 9.13769
Freshwater mean pheno: -8.63065
mean Ocean/Fresh Fst: 0.00977918
mean Ocean/Fresh Fst (Neutral mutations only): 0.00638261
mean Ocean/Fresh Fst (Effect mutations only): 0.0925482
between lakes Fst: 0.179066
between lakes Fst (neutral): 0.171587
between lakes Fst (effect): 0.323832
between Marine Regions Fst: 0.0082779
-------------------------------
Output1 for generation 5701:

Oceanic mean pheno: 8.72505
Freshwater mean pheno: -8.82476
mean Ocean/Fresh Fst: 0.00914991
mean Ocean/Fresh Fst (Neutral mutations only): 0.0060055
mean Ocean/Fresh Fst (Effect mutations only): 0.0895009
between lakes Fst: 0.190749
between lakes Fst (neutral): 0.182451
between lakes Fst (effect): 0.353824
between Marine Regions Fst: 0.00832573
-------------------------------
Output1 for generation 5801:

Oceanic mean pheno: 9.49326
Freshwater mean pheno: -8.4699
mean Ocean/Fresh Fst: 0.0103089
mean Ocean/Fresh Fst (Neutral mutations only): 0.00690265
mean Ocean/Fresh Fst (Effect mutations only): 0.099642
between lakes Fst: 0.19898
between lakes Fst (neutral): 0.189459
between lakes Fst (effect): 0.392468
between Marine Regions Fst: 0.00845912
-------------------------------
Output1 for generation 5901:

Oceanic mean pheno: 9.07609
Freshwater mean pheno: -8.37972
mean Ocean/Fresh Fst: 0.0103903
mean Ocean/Fresh Fst (Neutral mutations only): 0.00712965
mean Ocean/Fresh Fst (Effect mutations only): 0.0897147
between lakes Fst: 0.200442
between lakes Fst (neutral): 0.191479
between lakes Fst (effect): 0.389005
between Marine Regions Fst: 0.00844696
-------------------------------
Output1 for generation 6001:

Oceanic mean pheno: 8.87837
Freshwater mean pheno: -8.34279
mean Ocean/Fresh Fst: 0.0102056
mean Ocean/Fresh Fst (Neutral mutations only): 0.00690939
mean Ocean/Fresh Fst (Effect mutations only): 0.105085
between lakes Fst: 0.199879
between lakes Fst (neutral): 0.189677
between lakes Fst (effect): 0.441977
between Marine Regions Fst: 0.00822965
-------------------------------
Output1 for generation 6101:

Oceanic mean pheno: 9.40639
Freshwater mean pheno: -8.70065
mean Ocean/Fresh Fst: 0.0106603
mean Ocean/Fresh Fst (Neutral mutations only): 0.00712286
mean Ocean/Fresh Fst (Effect mutations only): 0.107072
between lakes Fst: 0.199549
between lakes Fst (neutral): 0.19021
between lakes Fst (effect): 0.407863
between Marine Regions Fst: 0.00802649
-------------------------------
Output1 for generation 6201:

Oceanic mean pheno: 9.26609
Freshwater mean pheno: -8.78041
mean Ocean/Fresh Fst: 0.0104218
mean Ocean/Fresh Fst (Neutral mutations only): 0.00711377
mean Ocean/Fresh Fst (Effect mutations only): 0.0959411
between lakes Fst: 0.201696
between lakes Fst (neutral): 0.192968
between lakes Fst (effect): 0.382633
between Marine Regions Fst: 0.00852291
-------------------------------
Output1 for generation 6301:

Oceanic mean pheno: 9.11671
Freshwater mean pheno: -8.52898
mean Ocean/Fresh Fst: 0.0102516
mean Ocean/Fresh Fst (Neutral mutations only): 0.00702191
mean Ocean/Fresh Fst (Effect mutations only): 0.0981837
between lakes Fst: 0.192546
between lakes Fst (neutral): 0.183673
between lakes Fst (effect): 0.393601
between Marine Regions Fst: 0.00849992
-------------------------------
Output1 for generation 6401:

Oceanic mean pheno: 9.00675
Freshwater mean pheno: -8.27004
mean Ocean/Fresh Fst: 0.00977261
mean Ocean/Fresh Fst (Neutral mutations only): 0.00690736
mean Ocean/Fresh Fst (Effect mutations only): 0.0898344
between lakes Fst: 0.201006
between lakes Fst (neutral): 0.192867
between lakes Fst (effect): 0.374335
between Marine Regions Fst: 0.00860846
-------------------------------
Output1 for generation 6501:

Oceanic mean pheno: 9.60497
Freshwater mean pheno: -8.38074
mean Ocean/Fresh Fst: 0.00993041
mean Ocean/Fresh Fst (Neutral mutations only): 0.00688851
mean Ocean/Fresh Fst (Effect mutations only): 0.0938752
between lakes Fst: 0.197541
between lakes Fst (neutral): 0.189323
between lakes Fst (effect): 0.375752
between Marine Regions Fst: 0.00837018
-------------------------------
Output1 for generation 6601:

Oceanic mean pheno: 9.47325
Freshwater mean pheno: -8.4255
mean Ocean/Fresh Fst: 0.00985723
mean Ocean/Fresh Fst (Neutral mutations only): 0.00681606
mean Ocean/Fresh Fst (Effect mutations only): 0.098409
between lakes Fst: 0.196057
between lakes Fst (neutral): 0.187475
between lakes Fst (effect): 0.389162
between Marine Regions Fst: 0.00851607
-------------------------------
Output1 for generation 6701:

Oceanic mean pheno: 8.98547
Freshwater mean pheno: -8.66031
mean Ocean/Fresh Fst: 0.00944671
mean Ocean/Fresh Fst (Neutral mutations only): 0.00642443
mean Ocean/Fresh Fst (Effect mutations only): 0.0955522
between lakes Fst: 0.194084
between lakes Fst (neutral): 0.185374
between lakes Fst (effect): 0.38936
between Marine Regions Fst: 0.00840596
-------------------------------
Output1 for generation 6801:

Oceanic mean pheno: 8.76425
Freshwater mean pheno: -8.51633
mean Ocean/Fresh Fst: 0.0091887
mean Ocean/Fresh Fst (Neutral mutations only): 0.00632241
mean Ocean/Fresh Fst (Effect mutations only): 0.0890588
between lakes Fst: 0.196474
between lakes Fst (neutral): 0.18808
between lakes Fst (effect): 0.383331
between Marine Regions Fst: 0.00897188
-------------------------------
Output1 for generation 6901:

Oceanic mean pheno: 9.02542
Freshwater mean pheno: -8.17751
mean Ocean/Fresh Fst: 0.00926807
mean Ocean/Fresh Fst (Neutral mutations only): 0.00639762
mean Ocean/Fresh Fst (Effect mutations only): 0.0861853
between lakes Fst: 0.197075
between lakes Fst (neutral): 0.188093
between lakes Fst (effect): 0.407231
between Marine Regions Fst: 0.00804331
-------------------------------
Output1 for generation 7001:

Oceanic mean pheno: 8.8781
Freshwater mean pheno: -8.54781
mean Ocean/Fresh Fst: 0.0097743
mean Ocean/Fresh Fst (Neutral mutations only): 0.00662893
mean Ocean/Fresh Fst (Effect mutations only): 0.0895524
between lakes Fst: 0.194045
between lakes Fst (neutral): 0.183975
between lakes Fst (effect): 0.42174
between Marine Regions Fst: 0.00765373
-------------------------------
Output1 for generation 7101:

Oceanic mean pheno: 9.18669
Freshwater mean pheno: -8.58475
mean Ocean/Fresh Fst: 0.00991332
mean Ocean/Fresh Fst (Neutral mutations only): 0.00667166
mean Ocean/Fresh Fst (Effect mutations only): 0.102819
between lakes Fst: 0.198887
between lakes Fst (neutral): 0.190334
between lakes Fst (effect): 0.399966
between Marine Regions Fst: 0.00828424
-------------------------------
Output1 for generation 7201:

Oceanic mean pheno: 8.49885
Freshwater mean pheno: -8.31565
mean Ocean/Fresh Fst: 0.00868488
mean Ocean/Fresh Fst (Neutral mutations only): 0.00591477
mean Ocean/Fresh Fst (Effect mutations only): 0.0841574
between lakes Fst: 0.190986
between lakes Fst (neutral): 0.183401
between lakes Fst (effect): 0.360528
between Marine Regions Fst: 0.00811868
-------------------------------
Output1 for generation 7301:

Oceanic mean pheno: 8.70094
Freshwater mean pheno: -8.59139
mean Ocean/Fresh Fst: 0.00919079
mean Ocean/Fresh Fst (Neutral mutations only): 0.00639557
mean Ocean/Fresh Fst (Effect mutations only): 0.0833911
between lakes Fst: 0.199501
between lakes Fst (neutral): 0.191275
between lakes Fst (effect): 0.381123
between Marine Regions Fst: 0.0088573
-------------------------------
Output1 for generation 7401:

Oceanic mean pheno: 8.79957
Freshwater mean pheno: -8.53184
mean Ocean/Fresh Fst: 0.00939917
mean Ocean/Fresh Fst (Neutral mutations only): 0.00671635
mean Ocean/Fresh Fst (Effect mutations only): 0.087464
between lakes Fst: 0.204873
between lakes Fst (neutral): 0.196493
between lakes Fst (effect): 0.394486
between Marine Regions Fst: 0.00917157
-------------------------------
Output1 for generation 7501:

Oceanic mean pheno: 9.50317
Freshwater mean pheno: -8.56573
mean Ocean/Fresh Fst: 0.00946147
mean Ocean/Fresh Fst (Neutral mutations only): 0.00658828
mean Ocean/Fresh Fst (Effect mutations only): 0.0925672
between lakes Fst: 0.201997
between lakes Fst (neutral): 0.193835
between lakes Fst (effect): 0.388121
between Marine Regions Fst: 0.00847855
-------------------------------
Output1 for generation 7601:

Oceanic mean pheno: 9.18944
Freshwater mean pheno: -8.6982
mean Ocean/Fresh Fst: 0.00980608
mean Ocean/Fresh Fst (Neutral mutations only): 0.00683003
mean Ocean/Fresh Fst (Effect mutations only): 0.0931916
between lakes Fst: 0.207848
between lakes Fst (neutral): 0.198455
between lakes Fst (effect): 0.422946
between Marine Regions Fst: 0.00870564
-------------------------------
Output1 for generation 7701:

Oceanic mean pheno: 8.69067
Freshwater mean pheno: -8.22641
mean Ocean/Fresh Fst: 0.00951101
mean Ocean/Fresh Fst (Neutral mutations only): 0.00672232
mean Ocean/Fresh Fst (Effect mutations only): 0.0916952
between lakes Fst: 0.205936
between lakes Fst (neutral): 0.196415
between lakes Fst (effect): 0.428337
between Marine Regions Fst: 0.00830895
-------------------------------
Output1 for generation 7801:

Oceanic mean pheno: 9.09729
Freshwater mean pheno: -8.93811
mean Ocean/Fresh Fst: 0.00971357
mean Ocean/Fresh Fst (Neutral mutations only): 0.00677093
mean Ocean/Fresh Fst (Effect mutations only): 0.0947778
between lakes Fst: 0.210558
between lakes Fst (neutral): 0.200931
between lakes Fst (effect): 0.427986
between Marine Regions Fst: 0.00868257
-------------------------------
Output1 for generation 7901:

Oceanic mean pheno: 9.27918
Freshwater mean pheno: -8.67864
mean Ocean/Fresh Fst: 0.00988376
mean Ocean/Fresh Fst (Neutral mutations only): 0.00699106
mean Ocean/Fresh Fst (Effect mutations only): 0.0894329
between lakes Fst: 0.204703
between lakes Fst (neutral): 0.196681
between lakes Fst (effect): 0.381493
between Marine Regions Fst: 0.00864598
-------------------------------
Output1 for generation 8001:

Oceanic mean pheno: 9.06047
Freshwater mean pheno: -9.01527
mean Ocean/Fresh Fst: 0.0106007
mean Ocean/Fresh Fst (Neutral mutations only): 0.00758486
mean Ocean/Fresh Fst (Effect mutations only): 0.0945318
between lakes Fst: 0.218781
between lakes Fst (neutral): 0.211034
between lakes Fst (effect): 0.396484
between Marine Regions Fst: 0.008968
-------------------------------
Output1 for generation 8101:

Oceanic mean pheno: 8.70644
Freshwater mean pheno: -9.00254
mean Ocean/Fresh Fst: 0.010038
mean Ocean/Fresh Fst (Neutral mutations only): 0.007187
mean Ocean/Fresh Fst (Effect mutations only): 0.0982396
between lakes Fst: 0.211693
between lakes Fst (neutral): 0.203775
between lakes Fst (effect): 0.407966
between Marine Regions Fst: 0.00893506
-------------------------------
Output1 for generation 8201:

Oceanic mean pheno: 9.23461
Freshwater mean pheno: -8.71861
mean Ocean/Fresh Fst: 0.0100186
mean Ocean/Fresh Fst (Neutral mutations only): 0.00713136
mean Ocean/Fresh Fst (Effect mutations only): 0.0946556
between lakes Fst: 0.210235
between lakes Fst (neutral): 0.203325
between lakes Fst (effect): 0.371699
between Marine Regions Fst: 0.00849641
-------------------------------
Output1 for generation 8301:

Oceanic mean pheno: 9.02206
Freshwater mean pheno: -8.59044
mean Ocean/Fresh Fst: 0.0101758
mean Ocean/Fresh Fst (Neutral mutations only): 0.00716962
mean Ocean/Fresh Fst (Effect mutations only): 0.0914514
between lakes Fst: 0.211883
between lakes Fst (neutral): 0.204985
between lakes Fst (effect): 0.364143
between Marine Regions Fst: 0.00870164
-------------------------------
Output1 for generation 8401:

Oceanic mean pheno: 9.08986
Freshwater mean pheno: -8.86309
mean Ocean/Fresh Fst: 0.00991885
mean Ocean/Fresh Fst (Neutral mutations only): 0.00691474
mean Ocean/Fresh Fst (Effect mutations only): 0.101304
between lakes Fst: 0.210186
between lakes Fst (neutral): 0.201793
between lakes Fst (effect): 0.410073
between Marine Regions Fst: 0.00839278
-------------------------------
Output1 for generation 8501:

Oceanic mean pheno: 8.64579
Freshwater mean pheno: -8.60157
mean Ocean/Fresh Fst: 0.00961212
mean Ocean/Fresh Fst (Neutral mutations only): 0.0068367
mean Ocean/Fresh Fst (Effect mutations only): 0.0905262
between lakes Fst: 0.199709
between lakes Fst (neutral): 0.192222
between lakes Fst (effect): 0.376759
between Marine Regions Fst: 0.00920629
-------------------------------
Output1 for generation 8601:

Oceanic mean pheno: 9.17449
Freshwater mean pheno: -9.19596
mean Ocean/Fresh Fst: 0.0111266
mean Ocean/Fresh Fst (Neutral mutations only): 0.00784615
mean Ocean/Fresh Fst (Effect mutations only): 0.107835
between lakes Fst: 0.222999
between lakes Fst (neutral): 0.215559
between lakes Fst (effect): 0.395629
between Marine Regions Fst: 0.00896864
-------------------------------
Output1 for generation 8701:

Oceanic mean pheno: 9.25611
Freshwater mean pheno: -8.58386
mean Ocean/Fresh Fst: 0.0108323
mean Ocean/Fresh Fst (Neutral mutations only): 0.0077579
mean Ocean/Fresh Fst (Effect mutations only): 0.0960441
between lakes Fst: 0.207891
between lakes Fst (neutral): 0.201311
between lakes Fst (effect): 0.364494
between Marine Regions Fst: 0.00865225
-------------------------------
Output1 for generation 8801:

Oceanic mean pheno: 8.9195
Freshwater mean pheno: -8.59857
mean Ocean/Fresh Fst: 0.0103379
mean Ocean/Fresh Fst (Neutral mutations only): 0.0074195
mean Ocean/Fresh Fst (Effect mutations only): 0.0928101
between lakes Fst: 0.209992
between lakes Fst (neutral): 0.203791
between lakes Fst (effect): 0.349882
between Marine Regions Fst: 0.0083451
-------------------------------
Output1 for generation 8901:

Oceanic mean pheno: 9.02811
Freshwater mean pheno: -8.47652
mean Ocean/Fresh Fst: 0.0098697
mean Ocean/Fresh Fst (Neutral mutations only): 0.00693347
mean Ocean/Fresh Fst (Effect mutations only): 0.0915948
between lakes Fst: 0.216074
between lakes Fst (neutral): 0.208505
between lakes Fst (effect): 0.391533
between Marine Regions Fst: 0.00843727
-------------------------------
Output1 for generation 9001:

Oceanic mean pheno: 8.71119
Freshwater mean pheno: -8.91001
mean Ocean/Fresh Fst: 0.0104604
mean Ocean/Fresh Fst (Neutral mutations only): 0.00748073
mean Ocean/Fresh Fst (Effect mutations only): 0.0952972
between lakes Fst: 0.216684
between lakes Fst (neutral): 0.208431
between lakes Fst (effect): 0.403638
between Marine Regions Fst: 0.00878399
-------------------------------
Output1 for generation 9101:

Oceanic mean pheno: 8.92425
Freshwater mean pheno: -8.43344
mean Ocean/Fresh Fst: 0.00978196
mean Ocean/Fresh Fst (Neutral mutations only): 0.00704875
mean Ocean/Fresh Fst (Effect mutations only): 0.0803271
between lakes Fst: 0.210027
between lakes Fst (neutral): 0.20367
between lakes Fst (effect): 0.347875
between Marine Regions Fst: 0.00890084
-------------------------------
Output1 for generation 9201:

Oceanic mean pheno: 9.38209
Freshwater mean pheno: -7.92549
mean Ocean/Fresh Fst: 0.00971744
mean Ocean/Fresh Fst (Neutral mutations only): 0.00691119
mean Ocean/Fresh Fst (Effect mutations only): 0.0902516
between lakes Fst: 0.200688
between lakes Fst (neutral): 0.193716
between lakes Fst (effect): 0.367316
between Marine Regions Fst: 0.00894756
-------------------------------
Output1 for generation 9301:

Oceanic mean pheno: 8.59724
Freshwater mean pheno: -8.51167
mean Ocean/Fresh Fst: 0.0092718
mean Ocean/Fresh Fst (Neutral mutations only): 0.00660675
mean Ocean/Fresh Fst (Effect mutations only): 0.0923683
between lakes Fst: 0.198939
between lakes Fst (neutral): 0.19234
between lakes Fst (effect): 0.364467
between Marine Regions Fst: 0.00928981
-------------------------------
Output1 for generation 9401:

Oceanic mean pheno: 9.1833
Freshwater mean pheno: -8.67899
mean Ocean/Fresh Fst: 0.0100773
mean Ocean/Fresh Fst (Neutral mutations only): 0.00698965
mean Ocean/Fresh Fst (Effect mutations only): 0.102893
between lakes Fst: 0.209389
between lakes Fst (neutral): 0.202162
between lakes Fst (effect): 0.391447
between Marine Regions Fst: 0.00921339
-------------------------------
Output1 for generation 9501:

Oceanic mean pheno: 9.09922
Freshwater mean pheno: -8.76002
mean Ocean/Fresh Fst: 0.0104617
mean Ocean/Fresh Fst (Neutral mutations only): 0.00740591
mean Ocean/Fresh Fst (Effect mutations only): 0.0924756
between lakes Fst: 0.213562
between lakes Fst (neutral): 0.205617
between lakes Fst (effect): 0.394934
between Marine Regions Fst: 0.00883047
-------------------------------
Output1 for generation 9601:

Oceanic mean pheno: 8.8411
Freshwater mean pheno: -8.23933
mean Ocean/Fresh Fst: 0.00979215
mean Ocean/Fresh Fst (Neutral mutations only): 0.00694866
mean Ocean/Fresh Fst (Effect mutations only): 0.0920924
between lakes Fst: 0.215353
between lakes Fst (neutral): 0.207781
between lakes Fst (effect): 0.396917
between Marine Regions Fst: 0.00807479
-------------------------------
Output1 for generation 9701:

Oceanic mean pheno: 8.56327
Freshwater mean pheno: -8.82729
mean Ocean/Fresh Fst: 0.00994376
mean Ocean/Fresh Fst (Neutral mutations only): 0.00696757
mean Ocean/Fresh Fst (Effect mutations only): 0.105678
between lakes Fst: 0.208886
between lakes Fst (neutral): 0.201899
between lakes Fst (effect): 0.395393
between Marine Regions Fst: 0.00931412
-------------------------------
Output1 for generation 9801:

Oceanic mean pheno: 9.32719
Freshwater mean pheno: -8.54726
mean Ocean/Fresh Fst: 0.0107665
mean Ocean/Fresh Fst (Neutral mutations only): 0.00747822
mean Ocean/Fresh Fst (Effect mutations only): 0.108295
between lakes Fst: 0.220181
between lakes Fst (neutral): 0.212847
between lakes Fst (effect): 0.398031
between Marine Regions Fst: 0.00865221
-------------------------------
Output1 for generation 9901:

Oceanic mean pheno: 8.96027
Freshwater mean pheno: -8.42818
mean Ocean/Fresh Fst: 0.0100498
mean Ocean/Fresh Fst (Neutral mutations only): 0.00684547
mean Ocean/Fresh Fst (Effect mutations only): 0.102915
between lakes Fst: 0.210631
between lakes Fst (neutral): 0.204149
between lakes Fst (effect): 0.367094
between Marine Regions Fst: 0.00877193
-------------------------------
Output1 for generation 10001:

Oceanic mean pheno: 8.77406
Freshwater mean pheno: -9.00542
mean Ocean/Fresh Fst: 0.0106436
mean Ocean/Fresh Fst (Neutral mutations only): 0.00754531
mean Ocean/Fresh Fst (Effect mutations only): 0.102015
between lakes Fst: 0.21413
between lakes Fst (neutral): 0.207011
between lakes Fst (effect): 0.383038
between Marine Regions Fst: 0.0085149
-------------------------------
Output1 for generation 10101:

Oceanic mean pheno: 8.71571
Freshwater mean pheno: -8.72637
mean Ocean/Fresh Fst: 0.0100291
mean Ocean/Fresh Fst (Neutral mutations only): 0.00701897
mean Ocean/Fresh Fst (Effect mutations only): 0.107377
between lakes Fst: 0.211213
between lakes Fst (neutral): 0.203751
between lakes Fst (effect): 0.412848
between Marine Regions Fst: 0.00842336
-------------------------------
Output1 for generation 10201:

Oceanic mean pheno: 9.62397
Freshwater mean pheno: -8.17942
mean Ocean/Fresh Fst: 0.0102329
mean Ocean/Fresh Fst (Neutral mutations only): 0.00717494
mean Ocean/Fresh Fst (Effect mutations only): 0.10939
between lakes Fst: 0.211536
between lakes Fst (neutral): 0.203582
between lakes Fst (effect): 0.430455
between Marine Regions Fst: 0.00887658
-------------------------------
Output1 for generation 10301:

Oceanic mean pheno: 9.09234
Freshwater mean pheno: -9.08809
mean Ocean/Fresh Fst: 0.0100973
mean Ocean/Fresh Fst (Neutral mutations only): 0.00709178
mean Ocean/Fresh Fst (Effect mutations only): 0.107502
between lakes Fst: 0.213309
between lakes Fst (neutral): 0.205957
between lakes Fst (effect): 0.41021
between Marine Regions Fst: 0.00935139
-------------------------------
Output1 for generation 10401:

Oceanic mean pheno: 9.32129
Freshwater mean pheno: -9.0571
mean Ocean/Fresh Fst: 0.0107626
mean Ocean/Fresh Fst (Neutral mutations only): 0.00761272
mean Ocean/Fresh Fst (Effect mutations only): 0.111962
between lakes Fst: 0.218033
between lakes Fst (neutral): 0.211248
between lakes Fst (effect): 0.40519
between Marine Regions Fst: 0.00959646
-------------------------------
Output1 for generation 10501:

Oceanic mean pheno: 9.33143
Freshwater mean pheno: -8.89566
mean Ocean/Fresh Fst: 0.0100355
mean Ocean/Fresh Fst (Neutral mutations only): 0.00711196
mean Ocean/Fresh Fst (Effect mutations only): 0.110452
between lakes Fst: 0.217791
between lakes Fst (neutral): 0.211317
between lakes Fst (effect): 0.394158
between Marine Regions Fst: 0.0087666
-------------------------------
Output1 for generation 10601:

Oceanic mean pheno: 9.00957
Freshwater mean pheno: -8.49554
mean Ocean/Fresh Fst: 0.0099066
mean Ocean/Fresh Fst (Neutral mutations only): 0.00703761
mean Ocean/Fresh Fst (Effect mutations only): 0.101409
between lakes Fst: 0.218048
between lakes Fst (neutral): 0.211746
between lakes Fst (effect): 0.381071
between Marine Regions Fst: 0.00800756
-------------------------------
Output1 for generation 10701:

Oceanic mean pheno: 9.00039
Freshwater mean pheno: -8.88411
mean Ocean/Fresh Fst: 0.00973378
mean Ocean/Fresh Fst (Neutral mutations only): 0.00678604
mean Ocean/Fresh Fst (Effect mutations only): 0.100031
between lakes Fst: 0.216638
between lakes Fst (neutral): 0.209941
between lakes Fst (effect): 0.382646
between Marine Regions Fst: 0.00861842
-------------------------------
Output1 for generation 10801:

Oceanic mean pheno: 8.95689
Freshwater mean pheno: -8.71637
mean Ocean/Fresh Fst: 0.00962773
mean Ocean/Fresh Fst (Neutral mutations only): 0.00675495
mean Ocean/Fresh Fst (Effect mutations only): 0.0958109
between lakes Fst: 0.212245
between lakes Fst (neutral): 0.205811
between lakes Fst (effect): 0.372038
between Marine Regions Fst: 0.00885594
-------------------------------
Output1 for generation 10901:

Oceanic mean pheno: 9.10968
Freshwater mean pheno: -8.70561
mean Ocean/Fresh Fst: 0.00985137
mean Ocean/Fresh Fst (Neutral mutations only): 0.00697406
mean Ocean/Fresh Fst (Effect mutations only): 0.0951748
between lakes Fst: 0.208114
between lakes Fst (neutral): 0.202054
between lakes Fst (effect): 0.363732
between Marine Regions Fst: 0.0086926
-------------------------------
Output1 for generation 11001:

Oceanic mean pheno: 8.77807
Freshwater mean pheno: -8.94361
mean Ocean/Fresh Fst: 0.0106038
mean Ocean/Fresh Fst (Neutral mutations only): 0.00760839
mean Ocean/Fresh Fst (Effect mutations only): 0.0996857
between lakes Fst: 0.214339
between lakes Fst (neutral): 0.208123
between lakes Fst (effect): 0.366173
between Marine Regions Fst: 0.00892236
-------------------------------
Output1 for generation 11101:

Oceanic mean pheno: 8.90199
Freshwater mean pheno: -8.93774
mean Ocean/Fresh Fst: 0.0101558
mean Ocean/Fresh Fst (Neutral mutations only): 0.00730807
mean Ocean/Fresh Fst (Effect mutations only): 0.0986062
between lakes Fst: 0.216756
between lakes Fst (neutral): 0.20937
between lakes Fst (effect): 0.395828
between Marine Regions Fst: 0.00880323
-------------------------------
Output1 for generation 11201:

Oceanic mean pheno: 9.48903
Freshwater mean pheno: -8.26841
mean Ocean/Fresh Fst: 0.0103376
mean Ocean/Fresh Fst (Neutral mutations only): 0.00744663
mean Ocean/Fresh Fst (Effect mutations only): 0.0914963
between lakes Fst: 0.215144
between lakes Fst (neutral): 0.207547
between lakes Fst (effect): 0.397931
between Marine Regions Fst: 0.00824549
-------------------------------
Output1 for generation 11301:

Oceanic mean pheno: 9.13921
Freshwater mean pheno: -8.38678
mean Ocean/Fresh Fst: 0.00989578
mean Ocean/Fresh Fst (Neutral mutations only): 0.0070013
mean Ocean/Fresh Fst (Effect mutations only): 0.0955612
between lakes Fst: 0.219835
between lakes Fst (neutral): 0.21154
between lakes Fst (effect): 0.426195
between Marine Regions Fst: 0.00889568
-------------------------------
Output1 for generation 11401:

Oceanic mean pheno: 8.7441
Freshwater mean pheno: -8.43723
mean Ocean/Fresh Fst: 0.00934513
mean Ocean/Fresh Fst (Neutral mutations only): 0.00655005
mean Ocean/Fresh Fst (Effect mutations only): 0.0920152
between lakes Fst: 0.221498
between lakes Fst (neutral): 0.213691
between lakes Fst (effect): 0.40427
between Marine Regions Fst: 0.00843038
-------------------------------
Output1 for generation 11501:

Oceanic mean pheno: 9.10377
Freshwater mean pheno: -8.57031
mean Ocean/Fresh Fst: 0.00968778
mean Ocean/Fresh Fst (Neutral mutations only): 0.00676562
mean Ocean/Fresh Fst (Effect mutations only): 0.100509
between lakes Fst: 0.220092
between lakes Fst (neutral): 0.210765
between lakes Fst (effect): 0.463214
between Marine Regions Fst: 0.00856205
-------------------------------
Output1 for generation 11601:

Oceanic mean pheno: 8.67141
Freshwater mean pheno: -8.59538
mean Ocean/Fresh Fst: 0.0101607
mean Ocean/Fresh Fst (Neutral mutations only): 0.0072761
mean Ocean/Fresh Fst (Effect mutations only): 0.0962545
between lakes Fst: 0.20673
between lakes Fst (neutral): 0.197806
between lakes Fst (effect): 0.429656
between Marine Regions Fst: 0.00908079
-------------------------------
Output1 for generation 11701:

Oceanic mean pheno: 9.08965
Freshwater mean pheno: -8.15461
mean Ocean/Fresh Fst: 0.0103569
mean Ocean/Fresh Fst (Neutral mutations only): 0.00759617
mean Ocean/Fresh Fst (Effect mutations only): 0.105243
between lakes Fst: 0.22068
between lakes Fst (neutral): 0.210706
between lakes Fst (effect): 0.489541
between Marine Regions Fst: 0.0084384
-------------------------------
Output1 for generation 11801:

Oceanic mean pheno: 9.12163
Freshwater mean pheno: -7.86697
mean Ocean/Fresh Fst: 0.00999584
mean Ocean/Fresh Fst (Neutral mutations only): 0.00739983
mean Ocean/Fresh Fst (Effect mutations only): 0.0962717
between lakes Fst: 0.21789
between lakes Fst (neutral): 0.20873
between lakes Fst (effect): 0.467784
between Marine Regions Fst: 0.00910408
-------------------------------
Output1 for generation 11901:

Oceanic mean pheno: 9.08406
Freshwater mean pheno: -8.31874
mean Ocean/Fresh Fst: 0.0102243
mean Ocean/Fresh Fst (Neutral mutations only): 0.00752315
mean Ocean/Fresh Fst (Effect mutations only): 0.100914
between lakes Fst: 0.219482
between lakes Fst (neutral): 0.211
between lakes Fst (effect): 0.449951
between Marine Regions Fst: 0.00989829
-------------------------------
Output1 for generation 12001:

Oceanic mean pheno: 9.31209
Freshwater mean pheno: -8.50283
mean Ocean/Fresh Fst: 0.010436
mean Ocean/Fresh Fst (Neutral mutations only): 0.00756748
mean Ocean/Fresh Fst (Effect mutations only): 0.103164
between lakes Fst: 0.226097
between lakes Fst (neutral): 0.217159
between lakes Fst (effect): 0.462477
between Marine Regions Fst: 0.00859704
-------------------------------
Output1 for generation 12101:

Oceanic mean pheno: 9.15891
Freshwater mean pheno: -8.34097
mean Ocean/Fresh Fst: 0.0102732
mean Ocean/Fresh Fst (Neutral mutations only): 0.00749688
mean Ocean/Fresh Fst (Effect mutations only): 0.104205
between lakes Fst: 0.217047
between lakes Fst (neutral): 0.208868
between lakes Fst (effect): 0.438059
between Marine Regions Fst: 0.00900205
-------------------------------
Output1 for generation 12201:

Oceanic mean pheno: 8.89191
Freshwater mean pheno: -8.32825
mean Ocean/Fresh Fst: 0.00951907
mean Ocean/Fresh Fst (Neutral mutations only): 0.00683219
mean Ocean/Fresh Fst (Effect mutations only): 0.0977472
between lakes Fst: 0.214609
between lakes Fst (neutral): 0.208047
between lakes Fst (effect): 0.393177
between Marine Regions Fst: 0.00899245
-------------------------------
Output1 for generation 12301:

Oceanic mean pheno: 9.16905
Freshwater mean pheno: -8.33342
mean Ocean/Fresh Fst: 0.00985795
mean Ocean/Fresh Fst (Neutral mutations only): 0.00701521
mean Ocean/Fresh Fst (Effect mutations only): 0.0989305
between lakes Fst: 0.215329
between lakes Fst (neutral): 0.208865
between lakes Fst (effect): 0.379447
between Marine Regions Fst: 0.00919345
-------------------------------
Output1 for generation 12401:

Oceanic mean pheno: 9.0905
Freshwater mean pheno: -8.47261
mean Ocean/Fresh Fst: 0.0103087
mean Ocean/Fresh Fst (Neutral mutations only): 0.00735474
mean Ocean/Fresh Fst (Effect mutations only): 0.115797
between lakes Fst: 0.221248
between lakes Fst (neutral): 0.214211
between lakes Fst (effect): 0.42747
between Marine Regions Fst: 0.00852618
-------------------------------
Output1 for generation 12501:

Oceanic mean pheno: 8.88106
Freshwater mean pheno: -9.08782
mean Ocean/Fresh Fst: 0.0105051
mean Ocean/Fresh Fst (Neutral mutations only): 0.00727356
mean Ocean/Fresh Fst (Effect mutations only): 0.118341
between lakes Fst: 0.227837
between lakes Fst (neutral): 0.220871
between lakes Fst (effect): 0.427406
between Marine Regions Fst: 0.00879573
-------------------------------
Output1 for generation 12601:

Oceanic mean pheno: 9.42567
Freshwater mean pheno: -8.82676
mean Ocean/Fresh Fst: 0.0107899
mean Ocean/Fresh Fst (Neutral mutations only): 0.00752538
mean Ocean/Fresh Fst (Effect mutations only): 0.124613
between lakes Fst: 0.223194
between lakes Fst (neutral): 0.216818
between lakes Fst (effect): 0.406021
between Marine Regions Fst: 0.00803975
-------------------------------
Output1 for generation 12701:

Oceanic mean pheno: 9.18509
Freshwater mean pheno: -8.78658
mean Ocean/Fresh Fst: 0.0106083
mean Ocean/Fresh Fst (Neutral mutations only): 0.00733735
mean Ocean/Fresh Fst (Effect mutations only): 0.121094
between lakes Fst: 0.229101
between lakes Fst (neutral): 0.22129
between lakes Fst (effect): 0.44284
between Marine Regions Fst: 0.00853054
-------------------------------
Output1 for generation 12801:

Oceanic mean pheno: 8.87446
Freshwater mean pheno: -8.99526
mean Ocean/Fresh Fst: 0.010955
mean Ocean/Fresh Fst (Neutral mutations only): 0.00769868
mean Ocean/Fresh Fst (Effect mutations only): 0.115225
between lakes Fst: 0.23417
between lakes Fst (neutral): 0.227816
between lakes Fst (effect): 0.392474
between Marine Regions Fst: 0.00898817
-------------------------------
Output1 for generation 12901:

Oceanic mean pheno: 9.26953
Freshwater mean pheno: -8.9863
mean Ocean/Fresh Fst: 0.0103654
mean Ocean/Fresh Fst (Neutral mutations only): 0.00723509
mean Ocean/Fresh Fst (Effect mutations only): 0.119724
between lakes Fst: 0.219641
between lakes Fst (neutral): 0.213144
between lakes Fst (effect): 0.410945
between Marine Regions Fst: 0.00855468
-------------------------------
Output1 for generation 13001:

Oceanic mean pheno: 9.33628
Freshwater mean pheno: -8.77185
mean Ocean/Fresh Fst: 0.0105394
mean Ocean/Fresh Fst (Neutral mutations only): 0.00715534
mean Ocean/Fresh Fst (Effect mutations only): 0.126726
between lakes Fst: 0.227243
between lakes Fst (neutral): 0.221112
between lakes Fst (effect): 0.393354
between Marine Regions Fst: 0.008176
-------------------------------
Output1 for generation 13101:

Oceanic mean pheno: 8.6967
Freshwater mean pheno: -8.36134
mean Ocean/Fresh Fst: 0.0103916
mean Ocean/Fresh Fst (Neutral mutations only): 0.00753482
mean Ocean/Fresh Fst (Effect mutations only): 0.116703
between lakes Fst: 0.216742
between lakes Fst (neutral): 0.209123
between lakes Fst (effect): 0.437865
between Marine Regions Fst: 0.00899793
-------------------------------
Output1 for generation 13201:

Oceanic mean pheno: 8.99919
Freshwater mean pheno: -8.64006
mean Ocean/Fresh Fst: 0.0109544
mean Ocean/Fresh Fst (Neutral mutations only): 0.0079735
mean Ocean/Fresh Fst (Effect mutations only): 0.116098
between lakes Fst: 0.219522
between lakes Fst (neutral): 0.212408
between lakes Fst (effect): 0.424465
between Marine Regions Fst: 0.00879215
-------------------------------
Output1 for generation 13301:

Oceanic mean pheno: 8.98921
Freshwater mean pheno: -8.72503
mean Ocean/Fresh Fst: 0.0105493
mean Ocean/Fresh Fst (Neutral mutations only): 0.00769839
mean Ocean/Fresh Fst (Effect mutations only): 0.112729
between lakes Fst: 0.214555
between lakes Fst (neutral): 0.208266
between lakes Fst (effect): 0.399639
between Marine Regions Fst: 0.00961852
-------------------------------
Output1 for generation 13401:

Oceanic mean pheno: 8.90364
Freshwater mean pheno: -8.75778
mean Ocean/Fresh Fst: 0.0096478
mean Ocean/Fresh Fst (Neutral mutations only): 0.00695317
mean Ocean/Fresh Fst (Effect mutations only): 0.105424
between lakes Fst: 0.203012
between lakes Fst (neutral): 0.195731
between lakes Fst (effect): 0.409625
between Marine Regions Fst: 0.0088586
-------------------------------
Output1 for generation 13501:

Oceanic mean pheno: 8.52141
Freshwater mean pheno: -8.59266
mean Ocean/Fresh Fst: 0.0104855
mean Ocean/Fresh Fst (Neutral mutations only): 0.00778499
mean Ocean/Fresh Fst (Effect mutations only): 0.103947
between lakes Fst: 0.214174
between lakes Fst (neutral): 0.206926
between lakes Fst (effect): 0.424184
between Marine Regions Fst: 0.00855748
-------------------------------
Output1 for generation 13601:

Oceanic mean pheno: 9.20583
Freshwater mean pheno: -8.69294
mean Ocean/Fresh Fst: 0.0103452
mean Ocean/Fresh Fst (Neutral mutations only): 0.00752119
mean Ocean/Fresh Fst (Effect mutations only): 0.11536
between lakes Fst: 0.222282
between lakes Fst (neutral): 0.214875
between lakes Fst (effect): 0.451201
between Marine Regions Fst: 0.0102778
-------------------------------
Output1 for generation 13701:

Oceanic mean pheno: 8.81263
Freshwater mean pheno: -8.23816
mean Ocean/Fresh Fst: 0.0102918
mean Ocean/Fresh Fst (Neutral mutations only): 0.00776705
mean Ocean/Fresh Fst (Effect mutations only): 0.108263
between lakes Fst: 0.21871
between lakes Fst (neutral): 0.211541
between lakes Fst (effect): 0.450162
between Marine Regions Fst: 0.00918493
-------------------------------
Output1 for generation 13801:

Oceanic mean pheno: 8.7557
Freshwater mean pheno: -8.58497
mean Ocean/Fresh Fst: 0.00971687
mean Ocean/Fresh Fst (Neutral mutations only): 0.00710511
mean Ocean/Fresh Fst (Effect mutations only): 0.109155
between lakes Fst: 0.219228
between lakes Fst (neutral): 0.212864
between lakes Fst (effect): 0.416367
between Marine Regions Fst: 0.00908659
-------------------------------
Output1 for generation 13901:

Oceanic mean pheno: 8.81062
Freshwater mean pheno: -8.81479
mean Ocean/Fresh Fst: 0.0101145
mean Ocean/Fresh Fst (Neutral mutations only): 0.0074165
mean Ocean/Fresh Fst (Effect mutations only): 0.111869
between lakes Fst: 0.222978
between lakes Fst (neutral): 0.216331
between lakes Fst (effect): 0.42856
between Marine Regions Fst: 0.00896747
-------------------------------
Output1 for generation 14001:

Oceanic mean pheno: 8.87041
Freshwater mean pheno: -8.78692
mean Ocean/Fresh Fst: 0.0104173
mean Ocean/Fresh Fst (Neutral mutations only): 0.00769049
mean Ocean/Fresh Fst (Effect mutations only): 0.110169
between lakes Fst: 0.210809
between lakes Fst (neutral): 0.204398
between lakes Fst (effect): 0.403923
between Marine Regions Fst: 0.010041
-------------------------------
Output1 for generation 14101:

Oceanic mean pheno: 8.80143
Freshwater mean pheno: -8.78736
mean Ocean/Fresh Fst: 0.0106028
mean Ocean/Fresh Fst (Neutral mutations only): 0.0080228
mean Ocean/Fresh Fst (Effect mutations only): 0.110405
between lakes Fst: 0.218095
between lakes Fst (neutral): 0.21173
between lakes Fst (effect): 0.413978
between Marine Regions Fst: 0.00870348
-------------------------------
Output1 for generation 14201:

Oceanic mean pheno: 9.02724
Freshwater mean pheno: -8.58053
mean Ocean/Fresh Fst: 0.0102215
mean Ocean/Fresh Fst (Neutral mutations only): 0.00753982
mean Ocean/Fresh Fst (Effect mutations only): 0.114348
between lakes Fst: 0.212638
between lakes Fst (neutral): 0.206075
between lakes Fst (effect): 0.423312
between Marine Regions Fst: 0.00970095
-------------------------------
Output1 for generation 14301:

Oceanic mean pheno: 8.95084
Freshwater mean pheno: -7.98202
mean Ocean/Fresh Fst: 0.00971293
mean Ocean/Fresh Fst (Neutral mutations only): 0.00718116
mean Ocean/Fresh Fst (Effect mutations only): 0.115463
between lakes Fst: 0.198323
between lakes Fst (neutral): 0.191916
between lakes Fst (effect): 0.420168
between Marine Regions Fst: 0.00864798
-------------------------------
Output1 for generation 14401:

Oceanic mean pheno: 9.07681
Freshwater mean pheno: -8.83392
mean Ocean/Fresh Fst: 0.0102484
mean Ocean/Fresh Fst (Neutral mutations only): 0.00748663
mean Ocean/Fresh Fst (Effect mutations only): 0.130273
between lakes Fst: 0.212566
between lakes Fst (neutral): 0.206148
between lakes Fst (effect): 0.430429
between Marine Regions Fst: 0.0094038
-------------------------------
Output1 for generation 14501:

Oceanic mean pheno: 9.26582
Freshwater mean pheno: -8.68338
mean Ocean/Fresh Fst: 0.0102937
mean Ocean/Fresh Fst (Neutral mutations only): 0.00757793
mean Ocean/Fresh Fst (Effect mutations only): 0.126
between lakes Fst: 0.206742
between lakes Fst (neutral): 0.200514
between lakes Fst (effect): 0.439303
between Marine Regions Fst: 0.00893266
-------------------------------
Output1 for generation 14601:

Oceanic mean pheno: 8.97949
Freshwater mean pheno: -8.73327
mean Ocean/Fresh Fst: 0.0105394
mean Ocean/Fresh Fst (Neutral mutations only): 0.00782026
mean Ocean/Fresh Fst (Effect mutations only): 0.108304
between lakes Fst: 0.220126
between lakes Fst (neutral): 0.214553
between lakes Fst (effect): 0.396759
between Marine Regions Fst: 0.00911463
-------------------------------
Output1 for generation 14701:

Oceanic mean pheno: 9.18335
Freshwater mean pheno: -9.05944
mean Ocean/Fresh Fst: 0.0109069
mean Ocean/Fresh Fst (Neutral mutations only): 0.00787335
mean Ocean/Fresh Fst (Effect mutations only): 0.12641
between lakes Fst: 0.213183
between lakes Fst (neutral): 0.207471
between lakes Fst (effect): 0.398377
between Marine Regions Fst: 0.0082338
-------------------------------
Output1 for generation 14801:

Oceanic mean pheno: 8.93498
Freshwater mean pheno: -8.8396
mean Ocean/Fresh Fst: 0.0108684
mean Ocean/Fresh Fst (Neutral mutations only): 0.00810431
mean Ocean/Fresh Fst (Effect mutations only): 0.114392
between lakes Fst: 0.216324
between lakes Fst (neutral): 0.210414
between lakes Fst (effect): 0.401474
between Marine Regions Fst: 0.00949833
-------------------------------
Output1 for generation 14901:

Oceanic mean pheno: 8.84959
Freshwater mean pheno: -8.41699
mean Ocean/Fresh Fst: 0.00956429
mean Ocean/Fresh Fst (Neutral mutations only): 0.00705015
mean Ocean/Fresh Fst (Effect mutations only): 0.107432
between lakes Fst: 0.211966
between lakes Fst (neutral): 0.206591
between lakes Fst (effect): 0.396602
between Marine Regions Fst: 0.0089911
-------------------------------
Output1 for generation 15001:

Oceanic mean pheno: 9.0884
Freshwater mean pheno: -8.81271
mean Ocean/Fresh Fst: 0.0102836
mean Ocean/Fresh Fst (Neutral mutations only): 0.00758329
mean Ocean/Fresh Fst (Effect mutations only): 0.117015
between lakes Fst: 0.213129
between lakes Fst (neutral): 0.206431
between lakes Fst (effect): 0.452728
between Marine Regions Fst: 0.00985727
-------------------------------
Output1 for generation 15101:

Oceanic mean pheno: 9.12922
Freshwater mean pheno: -8.68351
mean Ocean/Fresh Fst: 0.0100772
mean Ocean/Fresh Fst (Neutral mutations only): 0.0073674
mean Ocean/Fresh Fst (Effect mutations only): 0.118192
between lakes Fst: 0.222682
between lakes Fst (neutral): 0.216829
between lakes Fst (effect): 0.434075
between Marine Regions Fst: 0.0083901
-------------------------------
Output1 for generation 15201:

Oceanic mean pheno: 8.98535
Freshwater mean pheno: -8.66188
mean Ocean/Fresh Fst: 0.00983738
mean Ocean/Fresh Fst (Neutral mutations only): 0.00717572
mean Ocean/Fresh Fst (Effect mutations only): 0.127172
between lakes Fst: 0.22221
between lakes Fst (neutral): 0.215544
between lakes Fst (effect): 0.462595
between Marine Regions Fst: 0.00953231
-------------------------------
Output1 for generation 15301:

Oceanic mean pheno: 9.05987
Freshwater mean pheno: -8.70541
mean Ocean/Fresh Fst: 0.00948117
mean Ocean/Fresh Fst (Neutral mutations only): 0.00680411
mean Ocean/Fresh Fst (Effect mutations only): 0.118906
between lakes Fst: 0.221688
between lakes Fst (neutral): 0.21512
between lakes Fst (effect): 0.445173
between Marine Regions Fst: 0.00892299
-------------------------------
Output1 for generation 15401:

Oceanic mean pheno: 9.18789
Freshwater mean pheno: -8.69915
mean Ocean/Fresh Fst: 0.00991488
mean Ocean/Fresh Fst (Neutral mutations only): 0.00707832
mean Ocean/Fresh Fst (Effect mutations only): 0.118852
between lakes Fst: 0.214727
between lakes Fst (neutral): 0.209097
between lakes Fst (effect): 0.396427
between Marine Regions Fst: 0.00916372
-------------------------------
Output1 for generation 15501:

Oceanic mean pheno: 9.46339
Freshwater mean pheno: -8.76405
mean Ocean/Fresh Fst: 0.0100137
mean Ocean/Fresh Fst (Neutral mutations only): 0.00704127
mean Ocean/Fresh Fst (Effect mutations only): 0.144021
between lakes Fst: 0.219427
between lakes Fst (neutral): 0.21376
between lakes Fst (effect): 0.424544
between Marine Regions Fst: 0.00842146
-------------------------------
Output1 for generation 15601:

Oceanic mean pheno: 9.27611
Freshwater mean pheno: -8.43362
mean Ocean/Fresh Fst: 0.010577
mean Ocean/Fresh Fst (Neutral mutations only): 0.00774028
mean Ocean/Fresh Fst (Effect mutations only): 0.134242
between lakes Fst: 0.223469
between lakes Fst (neutral): 0.217698
between lakes Fst (effect): 0.43971
between Marine Regions Fst: 0.00880224
-------------------------------
Output1 for generation 15701:

Oceanic mean pheno: 8.52071
Freshwater mean pheno: -8.88363
mean Ocean/Fresh Fst: 0.0100427
mean Ocean/Fresh Fst (Neutral mutations only): 0.00726517
mean Ocean/Fresh Fst (Effect mutations only): 0.126186
between lakes Fst: 0.224726
between lakes Fst (neutral): 0.218872
between lakes Fst (effect): 0.428651
between Marine Regions Fst: 0.00973082
-------------------------------
Output1 for generation 15801:

Oceanic mean pheno: 9.20758
Freshwater mean pheno: -8.80207
mean Ocean/Fresh Fst: 0.010503
mean Ocean/Fresh Fst (Neutral mutations only): 0.00761099
mean Ocean/Fresh Fst (Effect mutations only): 0.147875
between lakes Fst: 0.223357
between lakes Fst (neutral): 0.217182
between lakes Fst (effect): 0.456022
between Marine Regions Fst: 0.00934935
-------------------------------
Output1 for generation 15901:

Oceanic mean pheno: 9.05284
Freshwater mean pheno: -8.99262
mean Ocean/Fresh Fst: 0.0101534
mean Ocean/Fresh Fst (Neutral mutations only): 0.00724665
mean Ocean/Fresh Fst (Effect mutations only): 0.131195
between lakes Fst: 0.224442
between lakes Fst (neutral): 0.218884
between lakes Fst (effect): 0.410346
between Marine Regions Fst: 0.00845853
-------------------------------
Output1 for generation 16001:

Oceanic mean pheno: 8.5258
Freshwater mean pheno: -8.60063
mean Ocean/Fresh Fst: 0.0101759
mean Ocean/Fresh Fst (Neutral mutations only): 0.00749846
mean Ocean/Fresh Fst (Effect mutations only): 0.123896
between lakes Fst: 0.216496
between lakes Fst (neutral): 0.210342
between lakes Fst (effect): 0.432542
between Marine Regions Fst: 0.00969079
-------------------------------
Output1 for generation 16101:

Oceanic mean pheno: 8.77412
Freshwater mean pheno: -8.78468
mean Ocean/Fresh Fst: 0.0102611
mean Ocean/Fresh Fst (Neutral mutations only): 0.00739782
mean Ocean/Fresh Fst (Effect mutations only): 0.129126
between lakes Fst: 0.226473
between lakes Fst (neutral): 0.220509
between lakes Fst (effect): 0.437403
between Marine Regions Fst: 0.00844
-------------------------------
Output1 for generation 16201:

Oceanic mean pheno: 8.86636
Freshwater mean pheno: -8.71559
mean Ocean/Fresh Fst: 0.00992892
mean Ocean/Fresh Fst (Neutral mutations only): 0.00729033
mean Ocean/Fresh Fst (Effect mutations only): 0.120208
between lakes Fst: 0.207915
between lakes Fst (neutral): 0.202599
between lakes Fst (effect): 0.39047
between Marine Regions Fst: 0.00923779
-------------------------------
Output1 for generation 16301:

Oceanic mean pheno: 9.18645
Freshwater mean pheno: -8.62697
mean Ocean/Fresh Fst: 0.0103555
mean Ocean/Fresh Fst (Neutral mutations only): 0.00759886
mean Ocean/Fresh Fst (Effect mutations only): 0.129263
between lakes Fst: 0.212272
between lakes Fst (neutral): 0.207458
between lakes Fst (effect): 0.383317
between Marine Regions Fst: 0.00935272
-------------------------------
Output1 for generation 16401:

Oceanic mean pheno: 9.05759
Freshwater mean pheno: -8.52461
mean Ocean/Fresh Fst: 0.00985512
mean Ocean/Fresh Fst (Neutral mutations only): 0.00720924
mean Ocean/Fresh Fst (Effect mutations only): 0.135534
between lakes Fst: 0.220536
between lakes Fst (neutral): 0.215107
between lakes Fst (effect): 0.422023
between Marine Regions Fst: 0.00894557
-------------------------------
Output1 for generation 16501:

Oceanic mean pheno: 8.93056
Freshwater mean pheno: -8.51141
mean Ocean/Fresh Fst: 0.00983524
mean Ocean/Fresh Fst (Neutral mutations only): 0.00730856
mean Ocean/Fresh Fst (Effect mutations only): 0.119679
between lakes Fst: 0.206408
between lakes Fst (neutral): 0.201777
between lakes Fst (effect): 0.370645
between Marine Regions Fst: 0.00928261
-------------------------------
Output1 for generation 16601:

Oceanic mean pheno: 9.04383
Freshwater mean pheno: -8.66094
mean Ocean/Fresh Fst: 0.0103314
mean Ocean/Fresh Fst (Neutral mutations only): 0.00766246
mean Ocean/Fresh Fst (Effect mutations only): 0.118593
between lakes Fst: 0.214586
between lakes Fst (neutral): 0.210201
between lakes Fst (effect): 0.369651
between Marine Regions Fst: 0.00859259
-------------------------------
Output1 for generation 16701:

Oceanic mean pheno: 9.02883
Freshwater mean pheno: -8.69197
mean Ocean/Fresh Fst: 0.01108
mean Ocean/Fresh Fst (Neutral mutations only): 0.0083484
mean Ocean/Fresh Fst (Effect mutations only): 0.122656
between lakes Fst: 0.216173
between lakes Fst (neutral): 0.212411
between lakes Fst (effect): 0.345302
between Marine Regions Fst: 0.00916697
-------------------------------
Output1 for generation 16801:

Oceanic mean pheno: 8.57444
Freshwater mean pheno: -8.84718
mean Ocean/Fresh Fst: 0.010911
mean Ocean/Fresh Fst (Neutral mutations only): 0.00823775
mean Ocean/Fresh Fst (Effect mutations only): 0.126947
between lakes Fst: 0.215374
between lakes Fst (neutral): 0.211199
between lakes Fst (effect): 0.366385
between Marine Regions Fst: 0.00867363
-------------------------------
Output1 for generation 16901:

Oceanic mean pheno: 9.0251
Freshwater mean pheno: -8.80193
mean Ocean/Fresh Fst: 0.0108482
mean Ocean/Fresh Fst (Neutral mutations only): 0.00800165
mean Ocean/Fresh Fst (Effect mutations only): 0.131482
between lakes Fst: 0.224546
between lakes Fst (neutral): 0.219698
between lakes Fst (effect): 0.401437
between Marine Regions Fst: 0.00975366
-------------------------------
Output1 for generation 17001:

Oceanic mean pheno: 9.1943
Freshwater mean pheno: -8.65286
mean Ocean/Fresh Fst: 0.0104547
mean Ocean/Fresh Fst (Neutral mutations only): 0.00775453
mean Ocean/Fresh Fst (Effect mutations only): 0.130357
between lakes Fst: 0.224725
between lakes Fst (neutral): 0.219629
between lakes Fst (effect): 0.410148
between Marine Regions Fst: 0.00854169
-------------------------------
Output1 for generation 17101:

Oceanic mean pheno: 8.86688
Freshwater mean pheno: -8.82268
mean Ocean/Fresh Fst: 0.0104942
mean Ocean/Fresh Fst (Neutral mutations only): 0.00787903
mean Ocean/Fresh Fst (Effect mutations only): 0.115802
between lakes Fst: 0.227064
between lakes Fst (neutral): 0.221522
between lakes Fst (effect): 0.410376
between Marine Regions Fst: 0.00885875
-------------------------------
Output1 for generation 17201:

Oceanic mean pheno: 8.88098
Freshwater mean pheno: -8.80669
mean Ocean/Fresh Fst: 0.010339
mean Ocean/Fresh Fst (Neutral mutations only): 0.00759403
mean Ocean/Fresh Fst (Effect mutations only): 0.122676
between lakes Fst: 0.228028
between lakes Fst (neutral): 0.222449
between lakes Fst (effect): 0.410719
between Marine Regions Fst: 0.00838411
-------------------------------
Output1 for generation 17301:

Oceanic mean pheno: 8.89696
Freshwater mean pheno: -9.10398
mean Ocean/Fresh Fst: 0.0106963
mean Ocean/Fresh Fst (Neutral mutations only): 0.0078181
mean Ocean/Fresh Fst (Effect mutations only): 0.126528
between lakes Fst: 0.240712
between lakes Fst (neutral): 0.235029
between lakes Fst (effect): 0.425711
between Marine Regions Fst: 0.00962536
-------------------------------
Output1 for generation 17401:

Oceanic mean pheno: 9.21897
Freshwater mean pheno: -8.58233
mean Ocean/Fresh Fst: 0.0106008
mean Ocean/Fresh Fst (Neutral mutations only): 0.00791309
mean Ocean/Fresh Fst (Effect mutations only): 0.121979
between lakes Fst: 0.226406
between lakes Fst (neutral): 0.221509
between lakes Fst (effect): 0.398676
between Marine Regions Fst: 0.00940128
-------------------------------
Output1 for generation 17501:

Oceanic mean pheno: 8.91561
Freshwater mean pheno: -8.42187
mean Ocean/Fresh Fst: 0.00996849
mean Ocean/Fresh Fst (Neutral mutations only): 0.00754447
mean Ocean/Fresh Fst (Effect mutations only): 0.103073
between lakes Fst: 0.230115
between lakes Fst (neutral): 0.225648
between lakes Fst (effect): 0.379202
between Marine Regions Fst: 0.00842704
-------------------------------
Output1 for generation 17601:

Oceanic mean pheno: 8.83236
Freshwater mean pheno: -8.64503
mean Ocean/Fresh Fst: 0.0101808
mean Ocean/Fresh Fst (Neutral mutations only): 0.00763406
mean Ocean/Fresh Fst (Effect mutations only): 0.109209
between lakes Fst: 0.233458
between lakes Fst (neutral): 0.228606
between lakes Fst (effect): 0.399169
between Marine Regions Fst: 0.00913454
-------------------------------
Output1 for generation 17701:

Oceanic mean pheno: 9.01743
Freshwater mean pheno: -9.01333
mean Ocean/Fresh Fst: 0.0107726
mean Ocean/Fresh Fst (Neutral mutations only): 0.00788271
mean Ocean/Fresh Fst (Effect mutations only): 0.121113
between lakes Fst: 0.230583
between lakes Fst (neutral): 0.226127
between lakes Fst (effect): 0.370058
between Marine Regions Fst: 0.00980756
-------------------------------
Output1 for generation 17801:

Oceanic mean pheno: 9.22943
Freshwater mean pheno: -8.92771
mean Ocean/Fresh Fst: 0.00986936
mean Ocean/Fresh Fst (Neutral mutations only): 0.00710116
mean Ocean/Fresh Fst (Effect mutations only): 0.117577
between lakes Fst: 0.225271
between lakes Fst (neutral): 0.221586
between lakes Fst (effect): 0.345898
between Marine Regions Fst: 0.00826966
-------------------------------
Output1 for generation 17901:

Oceanic mean pheno: 9.31426
Freshwater mean pheno: -8.69474
mean Ocean/Fresh Fst: 0.0105033
mean Ocean/Fresh Fst (Neutral mutations only): 0.00768375
mean Ocean/Fresh Fst (Effect mutations only): 0.129936
between lakes Fst: 0.234824
between lakes Fst (neutral): 0.230131
between lakes Fst (effect): 0.396848
between Marine Regions Fst: 0.0102173
-------------------------------
Output1 for generation 18001:

Oceanic mean pheno: 8.9897
Freshwater mean pheno: -8.15945
mean Ocean/Fresh Fst: 0.0107895
mean Ocean/Fresh Fst (Neutral mutations only): 0.00813183
mean Ocean/Fresh Fst (Effect mutations only): 0.127366
between lakes Fst: 0.232579
between lakes Fst (neutral): 0.227925
between lakes Fst (effect): 0.394868
between Marine Regions Fst: 0.00917567
-------------------------------
Output1 for generation 18101:

Oceanic mean pheno: 8.7445
Freshwater mean pheno: -8.47877
mean Ocean/Fresh Fst: 0.0106984
mean Ocean/Fresh Fst (Neutral mutations only): 0.00815763
mean Ocean/Fresh Fst (Effect mutations only): 0.110755
between lakes Fst: 0.228236
between lakes Fst (neutral): 0.223524
between lakes Fst (effect): 0.386898
between Marine Regions Fst: 0.00931167
-------------------------------
Output1 for generation 18201:

Oceanic mean pheno: 8.57772
Freshwater mean pheno: -8.78098
mean Ocean/Fresh Fst: 0.010666
mean Ocean/Fresh Fst (Neutral mutations only): 0.00803999
mean Ocean/Fresh Fst (Effect mutations only): 0.11258
between lakes Fst: 0.230567
between lakes Fst (neutral): 0.226251
between lakes Fst (effect): 0.378682
between Marine Regions Fst: 0.00865926
-------------------------------
Output1 for generation 18301:

Oceanic mean pheno: 8.99147
Freshwater mean pheno: -8.81057
mean Ocean/Fresh Fst: 0.0106928
mean Ocean/Fresh Fst (Neutral mutations only): 0.00797757
mean Ocean/Fresh Fst (Effect mutations only): 0.127447
between lakes Fst: 0.233209
between lakes Fst (neutral): 0.227853
between lakes Fst (effect): 0.438116
between Marine Regions Fst: 0.00877045
-------------------------------
Output1 for generation 18401:

Oceanic mean pheno: 8.76179
Freshwater mean pheno: -8.68762
mean Ocean/Fresh Fst: 0.0099486
mean Ocean/Fresh Fst (Neutral mutations only): 0.00738144
mean Ocean/Fresh Fst (Effect mutations only): 0.127205
between lakes Fst: 0.231543
between lakes Fst (neutral): 0.226562
between lakes Fst (effect): 0.412472
between Marine Regions Fst: 0.00876695
-------------------------------
Output1 for generation 18501:

Oceanic mean pheno: 8.87486
Freshwater mean pheno: -8.64481
mean Ocean/Fresh Fst: 0.00983139
mean Ocean/Fresh Fst (Neutral mutations only): 0.00713738
mean Ocean/Fresh Fst (Effect mutations only): 0.12617
between lakes Fst: 0.225267
between lakes Fst (neutral): 0.221061
between lakes Fst (effect): 0.379002
between Marine Regions Fst: 0.0084956
-------------------------------
Output1 for generation 18601:

Oceanic mean pheno: 9.15247
Freshwater mean pheno: -8.38444
mean Ocean/Fresh Fst: 0.010516
mean Ocean/Fresh Fst (Neutral mutations only): 0.0076055
mean Ocean/Fresh Fst (Effect mutations only): 0.122431
between lakes Fst: 0.234271
between lakes Fst (neutral): 0.230924
between lakes Fst (effect): 0.352872
between Marine Regions Fst: 0.00839569
-------------------------------
Output1 for generation 18701:

Oceanic mean pheno: 9.06248
Freshwater mean pheno: -8.80256
mean Ocean/Fresh Fst: 0.0109369
mean Ocean/Fresh Fst (Neutral mutations only): 0.00806649
mean Ocean/Fresh Fst (Effect mutations only): 0.126943
between lakes Fst: 0.239966
between lakes Fst (neutral): 0.236081
between lakes Fst (effect): 0.385928
between Marine Regions Fst: 0.00881767
-------------------------------
Output1 for generation 18801:

Oceanic mean pheno: 9.05266
Freshwater mean pheno: -8.64753
mean Ocean/Fresh Fst: 0.0111865
mean Ocean/Fresh Fst (Neutral mutations only): 0.00833628
mean Ocean/Fresh Fst (Effect mutations only): 0.142853
between lakes Fst: 0.244998
between lakes Fst (neutral): 0.241009
between lakes Fst (effect): 0.392254
between Marine Regions Fst: 0.00861021
-------------------------------
Output1 for generation 18901:

Oceanic mean pheno: 8.64009
Freshwater mean pheno: -8.44754
mean Ocean/Fresh Fst: 0.0103779
mean Ocean/Fresh Fst (Neutral mutations only): 0.00771979
mean Ocean/Fresh Fst (Effect mutations only): 0.119095
between lakes Fst: 0.231728
between lakes Fst (neutral): 0.228196
between lakes Fst (effect): 0.365439
between Marine Regions Fst: 0.00891813
-------------------------------
Output1 for generation 19001:

Oceanic mean pheno: 8.72735
Freshwater mean pheno: -8.52804
mean Ocean/Fresh Fst: 0.0102582
mean Ocean/Fresh Fst (Neutral mutations only): 0.00746812
mean Ocean/Fresh Fst (Effect mutations only): 0.144346
between lakes Fst: 0.225778
between lakes Fst (neutral): 0.222441
between lakes Fst (effect): 0.354449
between Marine Regions Fst: 0.00906883
-------------------------------
Output1 for generation 19101:

Oceanic mean pheno: 9.11386
Freshwater mean pheno: -8.36375
mean Ocean/Fresh Fst: 0.0103296
mean Ocean/Fresh Fst (Neutral mutations only): 0.00754127
mean Ocean/Fresh Fst (Effect mutations only): 0.139709
between lakes Fst: 0.22629
between lakes Fst (neutral): 0.222231
between lakes Fst (effect): 0.391214
between Marine Regions Fst: 0.00911096
-------------------------------
Output1 for generation 19201:

Oceanic mean pheno: 9.13487
Freshwater mean pheno: -8.91606
mean Ocean/Fresh Fst: 0.0105215
mean Ocean/Fresh Fst (Neutral mutations only): 0.00755519
mean Ocean/Fresh Fst (Effect mutations only): 0.138715
between lakes Fst: 0.2345
between lakes Fst (neutral): 0.23061
between lakes Fst (effect): 0.373005
between Marine Regions Fst: 0.00838378
-------------------------------
Output1 for generation 19301:

Oceanic mean pheno: 8.93211
Freshwater mean pheno: -8.58899
mean Ocean/Fresh Fst: 0.0101818
mean Ocean/Fresh Fst (Neutral mutations only): 0.00751268
mean Ocean/Fresh Fst (Effect mutations only): 0.123585
between lakes Fst: 0.223421
between lakes Fst (neutral): 0.218999
between lakes Fst (effect): 0.394108
between Marine Regions Fst: 0.0085813
-------------------------------
Output1 for generation 19401:

Oceanic mean pheno: 8.81499
Freshwater mean pheno: -8.4214
mean Ocean/Fresh Fst: 0.0102571
mean Ocean/Fresh Fst (Neutral mutations only): 0.007669
mean Ocean/Fresh Fst (Effect mutations only): 0.115107
between lakes Fst: 0.234798
between lakes Fst (neutral): 0.231121
between lakes Fst (effect): 0.36921
between Marine Regions Fst: 0.00882582
-------------------------------
Output1 for generation 19501:

Oceanic mean pheno: 9.46462
Freshwater mean pheno: -8.70065
mean Ocean/Fresh Fst: 0.01059
mean Ocean/Fresh Fst (Neutral mutations only): 0.00778638
mean Ocean/Fresh Fst (Effect mutations only): 0.13417
between lakes Fst: 0.229968
between lakes Fst (neutral): 0.225463
between lakes Fst (effect): 0.400112
between Marine Regions Fst: 0.00855054
-------------------------------
Output1 for generation 19601:

Oceanic mean pheno: 8.89273
Freshwater mean pheno: -8.13639
mean Ocean/Fresh Fst: 0.0100468
mean Ocean/Fresh Fst (Neutral mutations only): 0.00771406
mean Ocean/Fresh Fst (Effect mutations only): 0.115388
between lakes Fst: 0.225291
between lakes Fst (neutral): 0.221849
between lakes Fst (effect): 0.353761
between Marine Regions Fst: 0.00926618
-------------------------------
Output1 for generation 19701:

Oceanic mean pheno: 8.54618
Freshwater mean pheno: -8.68098
mean Ocean/Fresh Fst: 0.0105575
mean Ocean/Fresh Fst (Neutral mutations only): 0.00804867
mean Ocean/Fresh Fst (Effect mutations only): 0.121411
between lakes Fst: 0.238965
between lakes Fst (neutral): 0.233975
between lakes Fst (effect): 0.428446
between Marine Regions Fst: 0.0092742
-------------------------------
Output1 for generation 19801:

Oceanic mean pheno: 8.66862
Freshwater mean pheno: -8.84443
mean Ocean/Fresh Fst: 0.0106173
mean Ocean/Fresh Fst (Neutral mutations only): 0.00799293
mean Ocean/Fresh Fst (Effect mutations only): 0.118665
between lakes Fst: 0.233
between lakes Fst (neutral): 0.228374
between lakes Fst (effect): 0.413035
between Marine Regions Fst: 0.00878992
-------------------------------
Output1 for generation 19901:

Oceanic mean pheno: 9.00822
Freshwater mean pheno: -8.7195
mean Ocean/Fresh Fst: 0.00974719
mean Ocean/Fresh Fst (Neutral mutations only): 0.00705982
mean Ocean/Fresh Fst (Effect mutations only): 0.115554
between lakes Fst: 0.223992
between lakes Fst (neutral): 0.220511
between lakes Fst (effect): 0.33449
between Marine Regions Fst: 0.00920832
-------------------------------
Output1 for generation 20000:

Oceanic mean pheno: 8.64135
Freshwater mean pheno: -8.65238
mean Ocean/Fresh Fst: 0.0099018
mean Ocean/Fresh Fst (Neutral mutations only): 0.00748491
mean Ocean/Fresh Fst (Effect mutations only): 0.110746
between lakes Fst: 0.225187
between lakes Fst (neutral): 0.221201
between lakes Fst (effect): 0.360616
between Marine Regions Fst: 0.00901185
Oceanic mean pheno8.64135
Freshwater mean pheno-8.65238
whole: 1709
Oceanic: 1339
Freshwater: 1400
fstsize: 1709
elapsed: 1:33:02 / kernel: 1.57 / user: 5584.56 / mem: 224260
Done!
