Task ID  - seed 010890
Parameters for SLiM run:
  -s 010890 MyRecipe5_0_0.E
// Initial random seed:
1506767452264

// RunInitializeCallbacks():
initializeSLiMOptions(dimensionality = 'x');
initializeMutationRate(1e-07);
initializeMutationType(1, 0.5, "g", 0.5, 1);
initializeMutationType(2, 0.5, "g", -0.5, 1);
initializeMutationType(3, 0.5, "f", 0);
initializeMutationType(4, 0.5, "f", 0);
initializeGenomicElementType(1, m3, 1);
initializeGenomicElementType(2, c(m1, m2, m3), c(1, 1, 1));
initializeGenomicElement(g1, 0, 4949);
initializeGenomicElement(g2, 4950, 5049);
initializeGenomicElement(g1, 5050, 9999);
initializeGenomicElement(g1, 10000, 14949);
initializeGenomicElement(g2, 14950, 15049);
initializeGenomicElement(g1, 15050, 19999);
initializeGenomicElement(g1, 20000, 24949);
initializeGenomicElement(g2, 24950, 25049);
initializeGenomicElement(g1, 25050, 29999);
initializeGenomicElement(g1, 30000, 34949);
initializeGenomicElement(g2, 34950, 35049);
initializeGenomicElement(g1, 35050, 39999);
initializeGenomicElement(g1, 40000, 44949);
initializeGenomicElement(g2, 44950, 45049);
initializeGenomicElement(g1, 45050, 49999);
initializeGenomicElement(g1, 50000, 54949);
initializeGenomicElement(g2, 54950, 55049);
initializeGenomicElement(g1, 55050, 59999);
initializeGenomicElement(g1, 60000, 64949);
initializeGenomicElement(g2, 64950, 65049);
initializeGenomicElement(g1, 65050, 69999);
initializeGenomicElement(g1, 70000, 74949);
initializeGenomicElement(g2, 74950, 75049);
initializeGenomicElement(g1, 75050, 79999);
initializeGenomicElement(g1, 80000, 84949);
initializeGenomicElement(g2, 84950, 85049);
initializeGenomicElement(g1, 85050, 89999);
initializeGenomicElement(g1, 90000, 94949);
initializeGenomicElement(g2, 94950, 95049);
initializeGenomicElement(g1, 95050, 99999);
end of chromosome position: 100000
initializeRecombinationRate(1e-07);
initializeInteractionType(1, "x", reciprocal=T", maxDistance=0.02);
initializeInteractionType(2, "x", reciprocal=T", maxDistance=1);

// Starting run at generation <start>:
1 

-------------------------------
Output1 for generation 100:

Oceanic mean pheno: 0.0439797
Freshwater mean pheno: 0.00443384
-------------------------------
Output1 for generation 200:

Oceanic mean pheno: 0.117983
Freshwater mean pheno: 0.0226479
-------------------------------
Output1 for generation 300:

Oceanic mean pheno: 0.9196
Freshwater mean pheno: 0.0715158
-------------------------------
Output1 for generation 400:

Oceanic mean pheno: 1.39913
Freshwater mean pheno: 0.157178
-------------------------------
Output1 for generation 500:

Oceanic mean pheno: 1.59914
Freshwater mean pheno: 0.257536
-------------------------------
Output1 for generation 600:

Oceanic mean pheno: 7.634
Freshwater mean pheno: 0.176925
-------------------------------
Output1 for generation 700:

Oceanic mean pheno: 7.66559
Freshwater mean pheno: 0.156715
-------------------------------
Output1 for generation 800:

Oceanic mean pheno: 7.51116
Freshwater mean pheno: 0.184454
-------------------------------
Output1 for generation 900:

Oceanic mean pheno: 7.53846
Freshwater mean pheno: -0.0306798
-------------------------------
Output1 for generation 1000:

Oceanic mean pheno: 7.59711
Freshwater mean pheno: -0.125577
-------------------------------
Output1 for generation 1100:

Oceanic mean pheno: 7.64822
Freshwater mean pheno: -0.124248
-------------------------------
Output1 for generation 1200:

Oceanic mean pheno: 7.55451
Freshwater mean pheno: -0.203091
-------------------------------
Output1 for generation 1300:

Oceanic mean pheno: 7.93541
Freshwater mean pheno: -0.293616
-------------------------------
Output1 for generation 1400:

Oceanic mean pheno: 8.12317
Freshwater mean pheno: -0.345788
-------------------------------
Output1 for generation 1500:

Oceanic mean pheno: 8.59503
Freshwater mean pheno: -0.502174
-------------------------------
Output1 for generation 1600:

Oceanic mean pheno: 8.39131
Freshwater mean pheno: -0.466049
-------------------------------
Output1 for generation 1700:

Oceanic mean pheno: 8.97872
Freshwater mean pheno: -0.610928
-------------------------------
Output1 for generation 1800:

Oceanic mean pheno: 8.87295
Freshwater mean pheno: -0.809799
-------------------------------
Output1 for generation 1900:

Oceanic mean pheno: 9.09013
Freshwater mean pheno: -1.0032
-------------------------------
Output1 for generation 2000:

Oceanic mean pheno: 9.22405
Freshwater mean pheno: -0.967778
-------------------------------
Output1 for generation 2100:

Oceanic mean pheno: 9.63236
Freshwater mean pheno: -1.28933
-------------------------------
Output1 for generation 2200:

Oceanic mean pheno: 9.56603
Freshwater mean pheno: -1.55337
-------------------------------
Output1 for generation 2300:

Oceanic mean pheno: 9.53776
Freshwater mean pheno: -1.71992
-------------------------------
Output1 for generation 2400:

Oceanic mean pheno: 9.59789
Freshwater mean pheno: -2.20374
-------------------------------
Output1 for generation 2500:

Oceanic mean pheno: 9.51783
Freshwater mean pheno: -2.51676
-------------------------------
Output1 for generation 2600:

Oceanic mean pheno: 9.32844
Freshwater mean pheno: -2.88546
-------------------------------
Output1 for generation 2700:

Oceanic mean pheno: 9.3934
Freshwater mean pheno: -3.68231
-------------------------------
Output1 for generation 2800:

Oceanic mean pheno: 10.247
Freshwater mean pheno: -4.39877
-------------------------------
Output1 for generation 2900:

Oceanic mean pheno: 9.76026
Freshwater mean pheno: -4.58062
-------------------------------
Output1 for generation 3000:

Oceanic mean pheno: 9.57388
Freshwater mean pheno: -4.72266
-------------------------------
Output1 for generation 3100:

Oceanic mean pheno: 9.60437
Freshwater mean pheno: -4.94716
-------------------------------
Output1 for generation 3200:

Oceanic mean pheno: 9.34727
Freshwater mean pheno: -5.04326
-------------------------------
Output1 for generation 3300:

Oceanic mean pheno: 9.25738
Freshwater mean pheno: -5.13863
-------------------------------
Output1 for generation 3400:

Oceanic mean pheno: 9.28421
Freshwater mean pheno: -5.18266
-------------------------------
Output1 for generation 3500:

Oceanic mean pheno: 9.37509
Freshwater mean pheno: -5.25095
-------------------------------
Output1 for generation 3600:

Oceanic mean pheno: 9.49154
Freshwater mean pheno: -5.45493
-------------------------------
Output1 for generation 3700:

Oceanic mean pheno: 9.57877
Freshwater mean pheno: -5.43089
-------------------------------
Output1 for generation 3800:

Oceanic mean pheno: 9.78931
Freshwater mean pheno: -5.77764
-------------------------------
Output1 for generation 3900:

Oceanic mean pheno: 9.39521
Freshwater mean pheno: -5.74875
-------------------------------
Output1 for generation 4000:

Oceanic mean pheno: 9.2265
Freshwater mean pheno: -5.67587
-------------------------------
Output1 for generation 4100:

Oceanic mean pheno: 9.27518
Freshwater mean pheno: -5.69437
-------------------------------
Output1 for generation 4200:

Oceanic mean pheno: 9.08774
Freshwater mean pheno: -6.01
-------------------------------
Output1 for generation 4300:

Oceanic mean pheno: 9.92102
Freshwater mean pheno: -6.2655
-------------------------------
Output1 for generation 4400:

Oceanic mean pheno: 9.95835
Freshwater mean pheno: -6.51178
-------------------------------
Output1 for generation 4500:

Oceanic mean pheno: 9.34149
Freshwater mean pheno: -6.53458
-------------------------------
Output1 for generation 4600:

Oceanic mean pheno: 9.66826
Freshwater mean pheno: -6.58346
-------------------------------
Output1 for generation 4700:

Oceanic mean pheno: 9.28236
Freshwater mean pheno: -6.75895
-------------------------------
Output1 for generation 4800:

Oceanic mean pheno: 9.02159
Freshwater mean pheno: -6.80865
-------------------------------
Output1 for generation 4900:

Oceanic mean pheno: 9.1576
Freshwater mean pheno: -6.65728
-------------------------------
Output1 for generation 5000:

Oceanic mean pheno: 9.42407
Freshwater mean pheno: -6.69711
-------------------------------
Output1 for generation 5100:

Oceanic mean pheno: 9.34425
Freshwater mean pheno: -6.92527
-------------------------------
Output1 for generation 5200:

Oceanic mean pheno: 9.35021
Freshwater mean pheno: -7.10659
-------------------------------
Output1 for generation 5300:

Oceanic mean pheno: 9.50597
Freshwater mean pheno: -7.19721
-------------------------------
Output1 for generation 5400:

Oceanic mean pheno: 9.32372
Freshwater mean pheno: -7.54132
-------------------------------
Output1 for generation 5500:

Oceanic mean pheno: 9.35409
Freshwater mean pheno: -7.42173
-------------------------------
Output1 for generation 5600:

Oceanic mean pheno: 9.87093
Freshwater mean pheno: -7.62982
-------------------------------
Output1 for generation 5700:

Oceanic mean pheno: 9.54136
Freshwater mean pheno: -7.52983
-------------------------------
Output1 for generation 5800:

Oceanic mean pheno: 9.75937
Freshwater mean pheno: -7.48637
-------------------------------
Output1 for generation 5900:

Oceanic mean pheno: 9.70033
Freshwater mean pheno: -7.94881
-------------------------------
Output1 for generation 6000:

Oceanic mean pheno: 9.98686
Freshwater mean pheno: -8.06253
-------------------------------
Output1 for generation 6100:

Oceanic mean pheno: 9.73197
Freshwater mean pheno: -8.08946
-------------------------------
Output1 for generation 6200:

Oceanic mean pheno: 10.0241
Freshwater mean pheno: -8.12359
-------------------------------
Output1 for generation 6300:

Oceanic mean pheno: 9.6017
Freshwater mean pheno: -8.29724
-------------------------------
Output1 for generation 6400:

Oceanic mean pheno: 9.4869
Freshwater mean pheno: -8.35354
-------------------------------
Output1 for generation 6500:

Oceanic mean pheno: 9.93502
Freshwater mean pheno: -8.44823
-------------------------------
Output1 for generation 6600:

Oceanic mean pheno: 10.0019
Freshwater mean pheno: -8.38111
-------------------------------
Output1 for generation 6700:

Oceanic mean pheno: 10.1072
Freshwater mean pheno: -8.2959
-------------------------------
Output1 for generation 6800:

Oceanic mean pheno: 10.3337
Freshwater mean pheno: -8.58156
-------------------------------
Output1 for generation 6900:

Oceanic mean pheno: 9.799
Freshwater mean pheno: -8.6331
-------------------------------
Output1 for generation 7000:

Oceanic mean pheno: 9.53728
Freshwater mean pheno: -8.56747
-------------------------------
Output1 for generation 7100:

Oceanic mean pheno: 10.0445
Freshwater mean pheno: -8.52675
-------------------------------
Output1 for generation 7200:

Oceanic mean pheno: 10.1132
Freshwater mean pheno: -8.70367
-------------------------------
Output1 for generation 7300:

Oceanic mean pheno: 10.0839
Freshwater mean pheno: -8.62623
-------------------------------
Output1 for generation 7400:

Oceanic mean pheno: 10.246
Freshwater mean pheno: -8.73273
-------------------------------
Output1 for generation 7500:

Oceanic mean pheno: 10.1788
Freshwater mean pheno: -8.65942
-------------------------------
Output1 for generation 7600:

Oceanic mean pheno: 9.80937
Freshwater mean pheno: -8.63056
-------------------------------
Output1 for generation 7700:

Oceanic mean pheno: 10.8441
Freshwater mean pheno: -7.94919
-------------------------------
Output1 for generation 7800:

Oceanic mean pheno: 10.5928
Freshwater mean pheno: -7.99667
-------------------------------
Output1 for generation 7900:

Oceanic mean pheno: 10.4918
Freshwater mean pheno: -7.94948
-------------------------------
Output1 for generation 8000:

Oceanic mean pheno: 10.6183
Freshwater mean pheno: -8.08913
-------------------------------
Output1 for generation 8100:

Oceanic mean pheno: 10.4026
Freshwater mean pheno: -8.02166
-------------------------------
Output1 for generation 8200:

Oceanic mean pheno: 10.3279
Freshwater mean pheno: -8.24289
-------------------------------
Output1 for generation 8300:

Oceanic mean pheno: 10.4075
Freshwater mean pheno: -8.18742
-------------------------------
Output1 for generation 8400:

Oceanic mean pheno: 10.4146
Freshwater mean pheno: -8.29861
-------------------------------
Output1 for generation 8500:

Oceanic mean pheno: 10.2206
Freshwater mean pheno: -8.39609
-------------------------------
Output1 for generation 8600:

Oceanic mean pheno: 10.2442
Freshwater mean pheno: -8.42054
-------------------------------
Output1 for generation 8700:

Oceanic mean pheno: 10.4126
Freshwater mean pheno: -8.55695
-------------------------------
Output1 for generation 8800:

Oceanic mean pheno: 10.2438
Freshwater mean pheno: -8.60609
-------------------------------
Output1 for generation 8900:

Oceanic mean pheno: 10.2894
Freshwater mean pheno: -8.57135
-------------------------------
Output1 for generation 9000:

Oceanic mean pheno: 10.2791
Freshwater mean pheno: -8.62315
-------------------------------
Output1 for generation 9100:

Oceanic mean pheno: 10.3755
Freshwater mean pheno: -8.67765
-------------------------------
Output1 for generation 9200:

Oceanic mean pheno: 10.2399
Freshwater mean pheno: -8.52094
-------------------------------
Output1 for generation 9300:

Oceanic mean pheno: 10.2646
Freshwater mean pheno: -8.53018
-------------------------------
Output1 for generation 9400:

Oceanic mean pheno: 10.2549
Freshwater mean pheno: -8.58836
-------------------------------
Output1 for generation 9500:

Oceanic mean pheno: 10.2407
Freshwater mean pheno: -8.54895
-------------------------------
Output1 for generation 9600:

Oceanic mean pheno: 10.2903
Freshwater mean pheno: -8.58101
-------------------------------
Output1 for generation 9700:

Oceanic mean pheno: 9.97681
Freshwater mean pheno: -8.61672
-------------------------------
Output1 for generation 9800:

Oceanic mean pheno: 10.0366
Freshwater mean pheno: -8.40077
-------------------------------
Output1 for generation 9900:

Oceanic mean pheno: 10.0099
Freshwater mean pheno: -8.58716
-------------------------------
Output1 for generation 10000:

Oceanic mean pheno: 10.1054
Freshwater mean pheno: -8.50879
-------------------------------
Output1 for generation 10100:

Oceanic mean pheno: 9.89118
Freshwater mean pheno: -8.58467
-------------------------------
Output1 for generation 10200:

Oceanic mean pheno: 10.0396
Freshwater mean pheno: -8.55676
-------------------------------
Output1 for generation 10300:

Oceanic mean pheno: 10.0343
Freshwater mean pheno: -8.59587
-------------------------------
Output1 for generation 10400:

Oceanic mean pheno: 9.97593
Freshwater mean pheno: -8.52002
-------------------------------
Output1 for generation 10500:

Oceanic mean pheno: 9.71166
Freshwater mean pheno: -8.61299
-------------------------------
Output1 for generation 10600:

Oceanic mean pheno: 9.97759
Freshwater mean pheno: -8.54836
-------------------------------
Output1 for generation 10700:

Oceanic mean pheno: 9.85137
Freshwater mean pheno: -8.45715
-------------------------------
Output1 for generation 10800:

Oceanic mean pheno: 9.80755
Freshwater mean pheno: -8.48999
-------------------------------
Output1 for generation 10900:

Oceanic mean pheno: 9.65612
Freshwater mean pheno: -8.70815
-------------------------------
Output1 for generation 11000:

Oceanic mean pheno: 9.69454
Freshwater mean pheno: -8.85403
-------------------------------
Output1 for generation 11100:

Oceanic mean pheno: 9.85367
Freshwater mean pheno: -8.75452
-------------------------------
Output1 for generation 11200:

Oceanic mean pheno: 10.0824
Freshwater mean pheno: -8.94458
-------------------------------
Output1 for generation 11300:

Oceanic mean pheno: 10.241
Freshwater mean pheno: -8.81373
-------------------------------
Output1 for generation 11400:

Oceanic mean pheno: 10.1373
Freshwater mean pheno: -8.99166
-------------------------------
Output1 for generation 11500:

Oceanic mean pheno: 10.1216
Freshwater mean pheno: -8.98073
-------------------------------
Output1 for generation 11600:

Oceanic mean pheno: 10.3368
Freshwater mean pheno: -9.04892
-------------------------------
Output1 for generation 11700:

Oceanic mean pheno: 10.3052
Freshwater mean pheno: -8.97067
-------------------------------
Output1 for generation 11800:

Oceanic mean pheno: 10.3752
Freshwater mean pheno: -9.04996
-------------------------------
Output1 for generation 11900:

Oceanic mean pheno: 10.2358
Freshwater mean pheno: -9.12353
-------------------------------
Output1 for generation 12000:

Oceanic mean pheno: 10.2856
Freshwater mean pheno: -9.25888
-------------------------------
Output1 for generation 12100:

Oceanic mean pheno: 10.1565
Freshwater mean pheno: -9.14803
-------------------------------
Output1 for generation 12200:

Oceanic mean pheno: 10.1417
Freshwater mean pheno: -9.19366
-------------------------------
Output1 for generation 12300:

Oceanic mean pheno: 10.2236
Freshwater mean pheno: -9.07962
-------------------------------
Output1 for generation 12400:

Oceanic mean pheno: 9.93523
Freshwater mean pheno: -9.21131
-------------------------------
Output1 for generation 12500:

Oceanic mean pheno: 9.87643
Freshwater mean pheno: -9.30117
-------------------------------
Output1 for generation 12600:

Oceanic mean pheno: 9.84729
Freshwater mean pheno: -9.24914
-------------------------------
Output1 for generation 12700:

Oceanic mean pheno: 9.94489
Freshwater mean pheno: -9.5006
-------------------------------
Output1 for generation 12800:

Oceanic mean pheno: 9.97988
Freshwater mean pheno: -9.53556
-------------------------------
Output1 for generation 12900:

Oceanic mean pheno: 10.0374
Freshwater mean pheno: -9.3778
-------------------------------
Output1 for generation 13000:

Oceanic mean pheno: 10.1682
Freshwater mean pheno: -9.35731
-------------------------------
Output1 for generation 13100:

Oceanic mean pheno: 10.3758
Freshwater mean pheno: -9.36881
-------------------------------
Output1 for generation 13200:

Oceanic mean pheno: 10.2257
Freshwater mean pheno: -9.3945
-------------------------------
Output1 for generation 13300:

Oceanic mean pheno: 10.1489
Freshwater mean pheno: -9.46567
-------------------------------
Output1 for generation 13400:

Oceanic mean pheno: 10.0762
Freshwater mean pheno: -9.32658
-------------------------------
Output1 for generation 13500:

Oceanic mean pheno: 10.0091
Freshwater mean pheno: -9.39908
-------------------------------
Output1 for generation 13600:

Oceanic mean pheno: 10.1143
Freshwater mean pheno: -9.36271
-------------------------------
Output1 for generation 13700:

Oceanic mean pheno: 10.0729
Freshwater mean pheno: -9.34474
-------------------------------
Output1 for generation 13800:

Oceanic mean pheno: 10.0975
Freshwater mean pheno: -9.25349
-------------------------------
Output1 for generation 13900:

Oceanic mean pheno: 10.102
Freshwater mean pheno: -9.41424
-------------------------------
Output1 for generation 14000:

Oceanic mean pheno: 10.1084
Freshwater mean pheno: -9.31521
-------------------------------
Output1 for generation 14100:

Oceanic mean pheno: 9.9144
Freshwater mean pheno: -9.22968
-------------------------------
Output1 for generation 14200:

Oceanic mean pheno: 10.0008
Freshwater mean pheno: -9.34528
-------------------------------
Output1 for generation 14300:

Oceanic mean pheno: 10.0223
Freshwater mean pheno: -9.29293
-------------------------------
Output1 for generation 14400:

Oceanic mean pheno: 9.93719
Freshwater mean pheno: -9.23509
-------------------------------
Output1 for generation 14500:

Oceanic mean pheno: 9.84705
Freshwater mean pheno: -9.23185
-------------------------------
Output1 for generation 14600:

Oceanic mean pheno: 10.0402
Freshwater mean pheno: -9.12927
-------------------------------
Output1 for generation 14700:

Oceanic mean pheno: 10.2253
Freshwater mean pheno: -9.18474
-------------------------------
Output1 for generation 14800:

Oceanic mean pheno: 10.3162
Freshwater mean pheno: -9.17944
-------------------------------
Output1 for generation 14900:

Oceanic mean pheno: 10.0308
Freshwater mean pheno: -9.00832
-------------------------------
Output1 for generation 15000:

Oceanic mean pheno: 10.2253
Freshwater mean pheno: -9.14797
-------------------------------
Output1 for generation 15100:

Oceanic mean pheno: 10.123
Freshwater mean pheno: -9.2868
-------------------------------
Output1 for generation 15200:

Oceanic mean pheno: 10.2211
Freshwater mean pheno: -9.23279
-------------------------------
Output1 for generation 15300:

Oceanic mean pheno: 9.97304
Freshwater mean pheno: -9.18246
-------------------------------
Output1 for generation 15400:

Oceanic mean pheno: 9.87816
Freshwater mean pheno: -9.25605
-------------------------------
Output1 for generation 15500:

Oceanic mean pheno: 10.0039
Freshwater mean pheno: -9.27817
-------------------------------
Output1 for generation 15600:

Oceanic mean pheno: 9.87257
Freshwater mean pheno: -9.25767
-------------------------------
Output1 for generation 15700:

Oceanic mean pheno: 10.0896
Freshwater mean pheno: -9.32483
-------------------------------
Output1 for generation 15800:

Oceanic mean pheno: 9.76109
Freshwater mean pheno: -9.26005
-------------------------------
Output1 for generation 15900:

Oceanic mean pheno: 9.81496
Freshwater mean pheno: -9.41808
-------------------------------
Output1 for generation 16000:

Oceanic mean pheno: 9.88822
Freshwater mean pheno: -9.29865
-------------------------------
Output1 for generation 16100:

Oceanic mean pheno: 9.72758
Freshwater mean pheno: -9.1237
-------------------------------
Output1 for generation 16200:

Oceanic mean pheno: 9.60285
Freshwater mean pheno: -9.08527
-------------------------------
Output1 for generation 16300:

Oceanic mean pheno: 10.0552
Freshwater mean pheno: -9.37857
-------------------------------
Output1 for generation 16400:

Oceanic mean pheno: 9.83011
Freshwater mean pheno: -9.25722
-------------------------------
Output1 for generation 16500:

Oceanic mean pheno: 9.66926
Freshwater mean pheno: -9.34394
-------------------------------
Output1 for generation 16600:

Oceanic mean pheno: 9.7193
Freshwater mean pheno: -9.37225
-------------------------------
Output1 for generation 16700:

Oceanic mean pheno: 9.93021
Freshwater mean pheno: -9.36369
-------------------------------
Output1 for generation 16800:

Oceanic mean pheno: 9.78303
Freshwater mean pheno: -9.24634
-------------------------------
Output1 for generation 16900:

Oceanic mean pheno: 10.0099
Freshwater mean pheno: -9.33085
-------------------------------
Output1 for generation 17000:

Oceanic mean pheno: 10.1547
Freshwater mean pheno: -9.39162
-------------------------------
Output1 for generation 17100:

Oceanic mean pheno: 10.0713
Freshwater mean pheno: -9.51991
-------------------------------
Output1 for generation 17200:

Oceanic mean pheno: 9.97793
Freshwater mean pheno: -9.40061
-------------------------------
Output1 for generation 17300:

Oceanic mean pheno: 9.86774
Freshwater mean pheno: -9.30907
-------------------------------
Output1 for generation 17400:

Oceanic mean pheno: 9.9114
Freshwater mean pheno: -9.21603
-------------------------------
Output1 for generation 17500:

Oceanic mean pheno: 9.90471
Freshwater mean pheno: -9.20681
-------------------------------
Output1 for generation 17600:

Oceanic mean pheno: 9.742
Freshwater mean pheno: -9.29692
-------------------------------
Output1 for generation 17700:

Oceanic mean pheno: 9.80957
Freshwater mean pheno: -9.29342
-------------------------------
Output1 for generation 17800:

Oceanic mean pheno: 9.78211
Freshwater mean pheno: -9.41901
-------------------------------
Output1 for generation 17900:

Oceanic mean pheno: 9.90327
Freshwater mean pheno: -9.24461
-------------------------------
Output1 for generation 18000:

Oceanic mean pheno: 9.93542
Freshwater mean pheno: -9.48767
-------------------------------
Output1 for generation 18100:

Oceanic mean pheno: 9.67853
Freshwater mean pheno: -9.34184
-------------------------------
Output1 for generation 18200:

Oceanic mean pheno: 9.64017
Freshwater mean pheno: -9.31098
-------------------------------
Output1 for generation 18300:

Oceanic mean pheno: 9.71486
Freshwater mean pheno: -9.26885
-------------------------------
Output1 for generation 18400:

Oceanic mean pheno: 9.69742
Freshwater mean pheno: -9.34258
-------------------------------
Output1 for generation 18500:

Oceanic mean pheno: 9.64194
Freshwater mean pheno: -9.51458
-------------------------------
Output1 for generation 18600:

Oceanic mean pheno: 9.70088
Freshwater mean pheno: -9.40755
-------------------------------
Output1 for generation 18700:

Oceanic mean pheno: 9.69986
Freshwater mean pheno: -9.51843
-------------------------------
Output1 for generation 18800:

Oceanic mean pheno: 9.48002
Freshwater mean pheno: -9.471
-------------------------------
Output1 for generation 18900:

Oceanic mean pheno: 9.26926
Freshwater mean pheno: -9.49198
-------------------------------
Output1 for generation 19000:

Oceanic mean pheno: 9.36879
Freshwater mean pheno: -9.39874
-------------------------------
Output1 for generation 19100:

Oceanic mean pheno: 9.21061
Freshwater mean pheno: -9.22606
-------------------------------
Output1 for generation 19200:

Oceanic mean pheno: 9.51766
Freshwater mean pheno: -9.37433
-------------------------------
Output1 for generation 19300:

Oceanic mean pheno: 9.67287
Freshwater mean pheno: -9.29582
-------------------------------
Output1 for generation 19400:

Oceanic mean pheno: 9.47693
Freshwater mean pheno: -9.25636
-------------------------------
Output1 for generation 19500:

Oceanic mean pheno: 9.58156
Freshwater mean pheno: -9.28198
-------------------------------
Output1 for generation 19600:

Oceanic mean pheno: 9.79263
Freshwater mean pheno: -9.36226
-------------------------------
Output1 for generation 19700:

Oceanic mean pheno: 9.60717
Freshwater mean pheno: -9.26577
-------------------------------
Output1 for generation 19800:

Oceanic mean pheno: 9.62783
Freshwater mean pheno: -9.3013
-------------------------------
Output1 for generation 19900:

Oceanic mean pheno: 9.66734
Freshwater mean pheno: -9.23091
-------------------------------
Output1 for generation 20000:

Oceanic mean pheno: 9.89289
Freshwater mean pheno: -9.35462
new Freshwater mean pheno: 9.9288
-------------------------------
Output1 for generation 20100:

Oceanic mean pheno: 9.56609
Freshwater mean pheno: -9.35064
new Freshwater mean pheno: -9.50539
-------------------------------
Output1 for generation 20200:

Oceanic mean pheno: 9.7898
Freshwater mean pheno: -9.39766
new Freshwater mean pheno: -9.68093
-------------------------------
Output1 for generation 20300:

Oceanic mean pheno: 9.71918
Freshwater mean pheno: -9.29009
new Freshwater mean pheno: -9.70375
-------------------------------
Output1 for generation 20400:

Oceanic mean pheno: 9.55929
Freshwater mean pheno: -9.05858
new Freshwater mean pheno: -9.80756
-------------------------------
Output1 for generation 20500:

Oceanic mean pheno: 9.50123
Freshwater mean pheno: -9.24355
new Freshwater mean pheno: -9.87755
-------------------------------
Output1 for generation 20600:

Oceanic mean pheno: 9.66998
Freshwater mean pheno: -9.2228
new Freshwater mean pheno: -9.91725
-------------------------------
Output1 for generation 20700:

Oceanic mean pheno: 9.39389
Freshwater mean pheno: -9.3977
new Freshwater mean pheno: -9.90485
-------------------------------
Output1 for generation 20800:

Oceanic mean pheno: 9.72655
Freshwater mean pheno: -9.34194
new Freshwater mean pheno: -10.0041
-------------------------------
Output1 for generation 20900:

Oceanic mean pheno: 9.83425
Freshwater mean pheno: -9.39388
new Freshwater mean pheno: -9.86927
-------------------------------
Output1 for generation 21000:

Oceanic mean pheno: 9.68023
Freshwater mean pheno: -9.31521
new Freshwater mean pheno: -9.89526
-------------------------------
Output1 for generation 21100:

Oceanic mean pheno: 9.72703
Freshwater mean pheno: -9.25518
new Freshwater mean pheno: -9.82524
-------------------------------
Output1 for generation 21200:

Oceanic mean pheno: 9.7908
Freshwater mean pheno: -9.14354
new Freshwater mean pheno: -9.94936
-------------------------------
Output1 for generation 21300:

Oceanic mean pheno: 9.88791
Freshwater mean pheno: -9.24659
new Freshwater mean pheno: -9.76512
-------------------------------
Output1 for generation 21400:

Oceanic mean pheno: 9.84148
Freshwater mean pheno: -9.1808
new Freshwater mean pheno: -9.83835
-------------------------------
Output1 for generation 21500:

Oceanic mean pheno: 9.93002
Freshwater mean pheno: -9.13302
new Freshwater mean pheno: -9.78233
-------------------------------
Output1 for generation 21600:

Oceanic mean pheno: 9.7982
Freshwater mean pheno: -9.24481
new Freshwater mean pheno: -9.83444
-------------------------------
Output1 for generation 21700:

Oceanic mean pheno: 9.66957
Freshwater mean pheno: -9.091
new Freshwater mean pheno: -9.84447
-------------------------------
Output1 for generation 21800:

Oceanic mean pheno: 9.84018
Freshwater mean pheno: -9.17818
new Freshwater mean pheno: -9.68747
-------------------------------
Output1 for generation 21900:

Oceanic mean pheno: 9.73812
Freshwater mean pheno: -9.08866
new Freshwater mean pheno: -9.78145
-------------------------------
Output1 for generation 22000:

Oceanic mean pheno: 9.70832
Freshwater mean pheno: -9.20172
new Freshwater mean pheno: -9.89123
-------------------------------
Output1 for generation 22100:

Oceanic mean pheno: 9.73154
Freshwater mean pheno: -9.08375
new Freshwater mean pheno: -9.79573
-------------------------------
Output1 for generation 22200:

Oceanic mean pheno: 10.0601
Freshwater mean pheno: -9.15283
new Freshwater mean pheno: -9.65511
-------------------------------
Output1 for generation 22300:

Oceanic mean pheno: 9.90373
Freshwater mean pheno: -9.13681
new Freshwater mean pheno: -9.80552
-------------------------------
Output1 for generation 22400:

Oceanic mean pheno: 9.81696
Freshwater mean pheno: -9.17192
new Freshwater mean pheno: -9.8159
-------------------------------
Output1 for generation 22500:

Oceanic mean pheno: 9.89429
Freshwater mean pheno: -9.0989
new Freshwater mean pheno: -9.78154
-------------------------------
Output1 for generation 22600:

Oceanic mean pheno: 9.80017
Freshwater mean pheno: -9.19014
new Freshwater mean pheno: -9.70489
-------------------------------
Output1 for generation 22700:

Oceanic mean pheno: 9.91719
Freshwater mean pheno: -9.24162
new Freshwater mean pheno: -9.81964
-------------------------------
Output1 for generation 22800:

Oceanic mean pheno: 9.86884
Freshwater mean pheno: -9.20835
new Freshwater mean pheno: -9.90141
-------------------------------
Output1 for generation 22900:

Oceanic mean pheno: 9.89901
Freshwater mean pheno: -9.25324
new Freshwater mean pheno: -9.80371
-------------------------------
Output1 for generation 23000:

Oceanic mean pheno: 9.81225
Freshwater mean pheno: -9.39855
new Freshwater mean pheno: -9.77591
-------------------------------
Output1 for generation 23100:

Oceanic mean pheno: 9.6966
Freshwater mean pheno: -9.14977
new Freshwater mean pheno: -9.708
-------------------------------
Output1 for generation 23200:

Oceanic mean pheno: 9.70578
Freshwater mean pheno: -9.2161
new Freshwater mean pheno: -9.76744
-------------------------------
Output1 for generation 23300:

Oceanic mean pheno: 9.83105
Freshwater mean pheno: -9.37091
new Freshwater mean pheno: -9.88118
-------------------------------
Output1 for generation 23400:

Oceanic mean pheno: 9.69564
Freshwater mean pheno: -9.3559
new Freshwater mean pheno: -9.62273
-------------------------------
Output1 for generation 23500:

Oceanic mean pheno: 9.65206
Freshwater mean pheno: -9.42086
new Freshwater mean pheno: -9.83821
-------------------------------
Output1 for generation 23600:

Oceanic mean pheno: 9.75531
Freshwater mean pheno: -9.26653
new Freshwater mean pheno: -9.77719
-------------------------------
Output1 for generation 23700:

Oceanic mean pheno: 9.59025
Freshwater mean pheno: -9.20827
new Freshwater mean pheno: -9.71016
-------------------------------
Output1 for generation 23800:

Oceanic mean pheno: 9.49266
Freshwater mean pheno: -9.12305
new Freshwater mean pheno: -9.70386
-------------------------------
Output1 for generation 23900:

Oceanic mean pheno: 9.65417
Freshwater mean pheno: -9.30605
new Freshwater mean pheno: -9.75296
-------------------------------
Output1 for generation 24000:

Oceanic mean pheno: 9.63081
Freshwater mean pheno: -9.41793
new Freshwater mean pheno: -9.62684
-------------------------------
Output1 for generation 24100:

Oceanic mean pheno: 9.61176
Freshwater mean pheno: -9.23081
new Freshwater mean pheno: -9.67974
-------------------------------
Output1 for generation 24200:

Oceanic mean pheno: 9.81817
Freshwater mean pheno: -9.34277
new Freshwater mean pheno: -9.72158
-------------------------------
Output1 for generation 24300:

Oceanic mean pheno: 9.57534
Freshwater mean pheno: -9.40044
new Freshwater mean pheno: -9.7121
-------------------------------
Output1 for generation 24400:

Oceanic mean pheno: 9.56908
Freshwater mean pheno: -9.33776
new Freshwater mean pheno: -9.59238
-------------------------------
Output1 for generation 24500:

Oceanic mean pheno: 9.83625
Freshwater mean pheno: -9.19014
new Freshwater mean pheno: -9.76239
-------------------------------
Output1 for generation 24600:

Oceanic mean pheno: 9.81001
Freshwater mean pheno: -9.23906
new Freshwater mean pheno: -9.80131
-------------------------------
Output1 for generation 24700:

Oceanic mean pheno: 9.63098
Freshwater mean pheno: -9.17569
new Freshwater mean pheno: -9.85915
-------------------------------
Output1 for generation 24800:

Oceanic mean pheno: 9.49264
Freshwater mean pheno: -9.27823
new Freshwater mean pheno: -9.5845
-------------------------------
Output1 for generation 24900:

Oceanic mean pheno: 9.36797
Freshwater mean pheno: -9.35546
new Freshwater mean pheno: -9.57902
-------------------------------
Output1 for generation 25000:

Oceanic mean pheno: 9.30393
Freshwater mean pheno: -9.36236
new Freshwater mean pheno: -9.52471
-------------------------------
Output1 for generation 25100:

Oceanic mean pheno: 9.16279
Freshwater mean pheno: -9.31407
new Freshwater mean pheno: -9.51569
-------------------------------
Output1 for generation 25200:

Oceanic mean pheno: 9.41803
Freshwater mean pheno: -9.32207
new Freshwater mean pheno: -9.53151
-------------------------------
Output1 for generation 25300:

Oceanic mean pheno: 9.44568
Freshwater mean pheno: -9.33573
new Freshwater mean pheno: -9.57592
-------------------------------
Output1 for generation 25400:

Oceanic mean pheno: 9.16357
Freshwater mean pheno: -9.25899
new Freshwater mean pheno: -9.64946
-------------------------------
Output1 for generation 25500:

Oceanic mean pheno: 9.05074
Freshwater mean pheno: -9.14408
new Freshwater mean pheno: -9.79701
-------------------------------
Output1 for generation 25600:

Oceanic mean pheno: 9.24752
Freshwater mean pheno: -9.27839
new Freshwater mean pheno: -9.49665
-------------------------------
Output1 for generation 25700:

Oceanic mean pheno: 9.27514
Freshwater mean pheno: -9.04749
new Freshwater mean pheno: -9.56827
-------------------------------
Output1 for generation 25800:

Oceanic mean pheno: 9.49828
Freshwater mean pheno: -9.37342
new Freshwater mean pheno: -9.59678
-------------------------------
Output1 for generation 25900:

Oceanic mean pheno: 9.47858
Freshwater mean pheno: -9.2484
new Freshwater mean pheno: -9.30951
-------------------------------
Output1 for generation 26000:

Oceanic mean pheno: 9.55965
Freshwater mean pheno: -9.22586
new Freshwater mean pheno: -9.62576
-------------------------------
Output1 for generation 26100:

Oceanic mean pheno: 9.66827
Freshwater mean pheno: -9.25863
new Freshwater mean pheno: -9.54799
-------------------------------
Output1 for generation 26200:

Oceanic mean pheno: 9.89763
Freshwater mean pheno: -9.38147
new Freshwater mean pheno: -9.68857
-------------------------------
Output1 for generation 26300:

Oceanic mean pheno: 9.82064
Freshwater mean pheno: -9.39373
new Freshwater mean pheno: -9.59983
-------------------------------
Output1 for generation 26400:

Oceanic mean pheno: 9.66927
Freshwater mean pheno: -9.26165
new Freshwater mean pheno: -9.66165
-------------------------------
Output1 for generation 26500:

Oceanic mean pheno: 9.71481
Freshwater mean pheno: -9.31365
new Freshwater mean pheno: -9.62766
-------------------------------
Output1 for generation 26600:

Oceanic mean pheno: 9.8546
Freshwater mean pheno: -9.12803
new Freshwater mean pheno: -9.52983
-------------------------------
Output1 for generation 26700:

Oceanic mean pheno: 9.78469
Freshwater mean pheno: -9.41234
new Freshwater mean pheno: -9.66179
-------------------------------
Output1 for generation 26800:

Oceanic mean pheno: 9.87791
Freshwater mean pheno: -9.36206
new Freshwater mean pheno: -9.71314
-------------------------------
Output1 for generation 26900:

Oceanic mean pheno: 9.93755
Freshwater mean pheno: -9.22653
new Freshwater mean pheno: -9.71172
-------------------------------
Output1 for generation 27000:

Oceanic mean pheno: 9.97871
Freshwater mean pheno: -9.31475
new Freshwater mean pheno: -9.54702
-------------------------------
Output1 for generation 27100:

Oceanic mean pheno: 9.82694
Freshwater mean pheno: -9.42997
new Freshwater mean pheno: -9.61234
-------------------------------
Output1 for generation 27200:

Oceanic mean pheno: 9.86313
Freshwater mean pheno: -9.33429
new Freshwater mean pheno: -9.55269
-------------------------------
Output1 for generation 27300:

Oceanic mean pheno: 9.86496
Freshwater mean pheno: -9.31393
new Freshwater mean pheno: -9.56992
-------------------------------
Output1 for generation 27400:

Oceanic mean pheno: 9.82106
Freshwater mean pheno: -9.30349
new Freshwater mean pheno: -9.50884
-------------------------------
Output1 for generation 27500:

Oceanic mean pheno: 9.96829
Freshwater mean pheno: -9.29844
new Freshwater mean pheno: -9.77284
-------------------------------
Output1 for generation 27600:

Oceanic mean pheno: 9.79164
Freshwater mean pheno: -9.43986
new Freshwater mean pheno: -9.75253
-------------------------------
Output1 for generation 27700:

Oceanic mean pheno: 9.88021
Freshwater mean pheno: -9.20462
new Freshwater mean pheno: -9.86923
-------------------------------
Output1 for generation 27800:

Oceanic mean pheno: 9.80221
Freshwater mean pheno: -9.574
new Freshwater mean pheno: -9.71409
-------------------------------
Output1 for generation 27900:

Oceanic mean pheno: 9.94996
Freshwater mean pheno: -9.42139
new Freshwater mean pheno: -9.79259
-------------------------------
Output1 for generation 28000:

Oceanic mean pheno: 9.95205
Freshwater mean pheno: -9.66554
new Freshwater mean pheno: -9.53859
-------------------------------
Output1 for generation 28100:

Oceanic mean pheno: 10.0038
Freshwater mean pheno: -9.61037
new Freshwater mean pheno: -9.83949
-------------------------------
Output1 for generation 28200:

Oceanic mean pheno: 10.083
Freshwater mean pheno: -9.69252
new Freshwater mean pheno: -9.65074
-------------------------------
Output1 for generation 28300:

Oceanic mean pheno: 9.94671
Freshwater mean pheno: -9.71521
new Freshwater mean pheno: -9.81243
-------------------------------
Output1 for generation 28400:

Oceanic mean pheno: 10.0065
Freshwater mean pheno: -9.74558
new Freshwater mean pheno: -9.82776
-------------------------------
Output1 for generation 28500:

Oceanic mean pheno: 9.91537
Freshwater mean pheno: -9.79449
new Freshwater mean pheno: -9.86523
-------------------------------
Output1 for generation 28600:

Oceanic mean pheno: 9.90704
Freshwater mean pheno: -9.84193
new Freshwater mean pheno: -9.98371
-------------------------------
Output1 for generation 28700:

Oceanic mean pheno: 10.1206
Freshwater mean pheno: -9.6939
new Freshwater mean pheno: -10.0041
-------------------------------
Output1 for generation 28800:

Oceanic mean pheno: 9.84138
Freshwater mean pheno: -9.76795
new Freshwater mean pheno: -10.0527
-------------------------------
Output1 for generation 28900:

Oceanic mean pheno: 9.88975
Freshwater mean pheno: -9.72804
new Freshwater mean pheno: -10.0261
-------------------------------
Output1 for generation 29000:

Oceanic mean pheno: 10.1245
Freshwater mean pheno: -9.65569
new Freshwater mean pheno: -10.0776
-------------------------------
Output1 for generation 29100:

Oceanic mean pheno: 10.1035
Freshwater mean pheno: -9.70582
new Freshwater mean pheno: -10.0475
-------------------------------
Output1 for generation 29200:

Oceanic mean pheno: 9.93639
Freshwater mean pheno: -9.55955
new Freshwater mean pheno: -10.0259
-------------------------------
Output1 for generation 29300:

Oceanic mean pheno: 9.84486
Freshwater mean pheno: -9.47335
new Freshwater mean pheno: -9.90587
-------------------------------
Output1 for generation 29400:

Oceanic mean pheno: 9.88529
Freshwater mean pheno: -9.52745
new Freshwater mean pheno: -9.77635
-------------------------------
Output1 for generation 29500:

Oceanic mean pheno: 9.88049
Freshwater mean pheno: -9.73671
new Freshwater mean pheno: -9.90384
-------------------------------
Output1 for generation 29600:

Oceanic mean pheno: 9.94481
Freshwater mean pheno: -9.81654
new Freshwater mean pheno: -9.93157
-------------------------------
Output1 for generation 29700:

Oceanic mean pheno: 10.1349
Freshwater mean pheno: -9.79749
new Freshwater mean pheno: -9.7717
-------------------------------
Output1 for generation 29800:

Oceanic mean pheno: 10.1908
Freshwater mean pheno: -9.79794
new Freshwater mean pheno: -9.75237
-------------------------------
Output1 for generation 29900:

Oceanic mean pheno: 10.0813
Freshwater mean pheno: -9.6961
new Freshwater mean pheno: -9.74399
-------------------------------
Output1 for generation 30000:

Oceanic mean pheno: 10.1859
Freshwater mean pheno: -9.75851
new Freshwater mean pheno: -9.6473
-------------------------------
Output1 for generation 30100:

Oceanic mean pheno: 9.94061
Freshwater mean pheno: -9.78197
new Freshwater mean pheno: -9.75271
-------------------------------
Output1 for generation 30200:

Oceanic mean pheno: 9.95916
Freshwater mean pheno: -9.70516
new Freshwater mean pheno: -9.64853
-------------------------------
Output1 for generation 30300:

Oceanic mean pheno: 9.99995
Freshwater mean pheno: -9.71818
new Freshwater mean pheno: -9.55955
-------------------------------
Output1 for generation 30400:

Oceanic mean pheno: 9.99127
Freshwater mean pheno: -9.66606
new Freshwater mean pheno: -9.63556
-------------------------------
Output1 for generation 30500:

Oceanic mean pheno: 9.72389
Freshwater mean pheno: -9.70843
new Freshwater mean pheno: -9.44862
-------------------------------
Output1 for generation 30600:

Oceanic mean pheno: 9.68492
Freshwater mean pheno: -9.99606
new Freshwater mean pheno: -9.55407
-------------------------------
Output1 for generation 30700:

Oceanic mean pheno: 9.64377
Freshwater mean pheno: -9.76998
new Freshwater mean pheno: -9.77371
-------------------------------
Output1 for generation 30800:

Oceanic mean pheno: 9.39986
Freshwater mean pheno: -9.62121
new Freshwater mean pheno: -9.91952
-------------------------------
Output1 for generation 30900:

Oceanic mean pheno: 9.64502
Freshwater mean pheno: -9.70232
new Freshwater mean pheno: -9.84217
-------------------------------
Output1 for generation 31000:

Oceanic mean pheno: 9.79773
Freshwater mean pheno: -9.54485
new Freshwater mean pheno: -9.96664
-------------------------------
Output1 for generation 31100:

Oceanic mean pheno: 9.60905
Freshwater mean pheno: -9.65521
new Freshwater mean pheno: -10.2527
-------------------------------
Output1 for generation 31200:

Oceanic mean pheno: 9.71811
Freshwater mean pheno: -9.27341
new Freshwater mean pheno: -10.0323
-------------------------------
Output1 for generation 31300:

Oceanic mean pheno: 9.7251
Freshwater mean pheno: -9.43069
new Freshwater mean pheno: -10.1857
-------------------------------
Output1 for generation 31400:

Oceanic mean pheno: 10.1109
Freshwater mean pheno: -9.51551
new Freshwater mean pheno: -10.2952
-------------------------------
Output1 for generation 31500:

Oceanic mean pheno: 9.85114
Freshwater mean pheno: -9.56269
new Freshwater mean pheno: -10.1192
-------------------------------
Output1 for generation 31600:

Oceanic mean pheno: 9.85931
Freshwater mean pheno: -9.68564
new Freshwater mean pheno: -10.2369
-------------------------------
Output1 for generation 31700:

Oceanic mean pheno: 9.95553
Freshwater mean pheno: -9.53651
new Freshwater mean pheno: -10.1365
-------------------------------
Output1 for generation 31800:

Oceanic mean pheno: 9.89713
Freshwater mean pheno: -9.7916
new Freshwater mean pheno: -10.148
-------------------------------
Output1 for generation 31900:

Oceanic mean pheno: 10.1909
Freshwater mean pheno: -9.7469
new Freshwater mean pheno: -10.2931
-------------------------------
Output1 for generation 32000:

Oceanic mean pheno: 9.9166
Freshwater mean pheno: -9.87755
new Freshwater mean pheno: -10.1661
-------------------------------
Output1 for generation 32100:

Oceanic mean pheno: 9.92345
Freshwater mean pheno: -10.0366
new Freshwater mean pheno: -10.2558
-------------------------------
Output1 for generation 32200:

Oceanic mean pheno: 10.0841
Freshwater mean pheno: -9.86267
new Freshwater mean pheno: -10.2338
-------------------------------
Output1 for generation 32300:

Oceanic mean pheno: 9.94535
Freshwater mean pheno: -9.98922
new Freshwater mean pheno: -10.1613
-------------------------------
Output1 for generation 32400:

Oceanic mean pheno: 9.97213
Freshwater mean pheno: -9.87786
new Freshwater mean pheno: -10.0933
-------------------------------
Output1 for generation 32500:

Oceanic mean pheno: 10.1315
Freshwater mean pheno: -9.75771
new Freshwater mean pheno: -9.90967
-------------------------------
Output1 for generation 32600:

Oceanic mean pheno: 10.0874
Freshwater mean pheno: -9.64266
new Freshwater mean pheno: -10.0805
-------------------------------
Output1 for generation 32700:

Oceanic mean pheno: 10.0523
Freshwater mean pheno: -9.65837
new Freshwater mean pheno: -10.1805
-------------------------------
Output1 for generation 32800:

Oceanic mean pheno: 10.1592
Freshwater mean pheno: -9.90308
new Freshwater mean pheno: -10.1399
-------------------------------
Output1 for generation 32900:

Oceanic mean pheno: 10.0989
Freshwater mean pheno: -9.74143
new Freshwater mean pheno: -10.1367
-------------------------------
Output1 for generation 33000:

Oceanic mean pheno: 9.99291
Freshwater mean pheno: -9.82252
new Freshwater mean pheno: -10.2049
-------------------------------
Output1 for generation 33100:

Oceanic mean pheno: 10.0337
Freshwater mean pheno: -9.74147
new Freshwater mean pheno: -9.94356
-------------------------------
Output1 for generation 33200:

Oceanic mean pheno: 10.1772
Freshwater mean pheno: -9.88333
new Freshwater mean pheno: -10.1564
-------------------------------
Output1 for generation 33300:

Oceanic mean pheno: 10.0929
Freshwater mean pheno: -9.78153
new Freshwater mean pheno: -10.0466
-------------------------------
Output1 for generation 33400:

Oceanic mean pheno: 9.81657
Freshwater mean pheno: -9.48874
new Freshwater mean pheno: -9.89946
-------------------------------
Output1 for generation 33500:

Oceanic mean pheno: 9.92008
Freshwater mean pheno: -9.64393
new Freshwater mean pheno: -10.1293
-------------------------------
Output1 for generation 33600:

Oceanic mean pheno: 9.97975
Freshwater mean pheno: -9.7491
new Freshwater mean pheno: -10.1316
-------------------------------
Output1 for generation 33700:

Oceanic mean pheno: 10.0049
Freshwater mean pheno: -9.74128
new Freshwater mean pheno: -10.1646
-------------------------------
Output1 for generation 33800:

Oceanic mean pheno: 9.90517
Freshwater mean pheno: -9.60788
new Freshwater mean pheno: -10.0333
-------------------------------
Output1 for generation 33900:

Oceanic mean pheno: 10.1489
Freshwater mean pheno: -9.74124
new Freshwater mean pheno: -10.136
-------------------------------
Output1 for generation 34000:

Oceanic mean pheno: 10.0561
Freshwater mean pheno: -9.51991
new Freshwater mean pheno: -10.1094
-------------------------------
Output1 for generation 34100:

Oceanic mean pheno: 9.89904
Freshwater mean pheno: -9.59606
new Freshwater mean pheno: -10.0461
-------------------------------
Output1 for generation 34200:

Oceanic mean pheno: 10.1527
Freshwater mean pheno: -9.68388
new Freshwater mean pheno: -10.1491
-------------------------------
Output1 for generation 34300:

Oceanic mean pheno: 10.0719
Freshwater mean pheno: -9.66455
new Freshwater mean pheno: -10.1324
-------------------------------
Output1 for generation 34400:

Oceanic mean pheno: 10.0216
Freshwater mean pheno: -9.66252
new Freshwater mean pheno: -10.2024
-------------------------------
Output1 for generation 34500:

Oceanic mean pheno: 10.0889
Freshwater mean pheno: -9.60932
new Freshwater mean pheno: -10.1654
-------------------------------
Output1 for generation 34600:

Oceanic mean pheno: 9.95388
Freshwater mean pheno: -9.77593
new Freshwater mean pheno: -9.98872
-------------------------------
Output1 for generation 34700:

Oceanic mean pheno: 9.96548
Freshwater mean pheno: -9.66232
new Freshwater mean pheno: -10.0579
-------------------------------
Output1 for generation 34800:

Oceanic mean pheno: 10.0846
Freshwater mean pheno: -9.64708
new Freshwater mean pheno: -10.1783
-------------------------------
Output1 for generation 34900:

Oceanic mean pheno: 9.95559
Freshwater mean pheno: -9.73772
new Freshwater mean pheno: -10.1879
-------------------------------
Output1 for generation 35000:

Oceanic mean pheno: 9.92214
Freshwater mean pheno: -9.71963
new Freshwater mean pheno: -9.97727
-------------------------------
Output1 for generation 35100:

Oceanic mean pheno: 9.94537
Freshwater mean pheno: -9.84902
new Freshwater mean pheno: -10.1301
-------------------------------
Output1 for generation 35200:

Oceanic mean pheno: 9.92269
Freshwater mean pheno: -9.77692
new Freshwater mean pheno: -9.88244
-------------------------------
Output1 for generation 35300:

Oceanic mean pheno: 9.90768
Freshwater mean pheno: -9.75221
new Freshwater mean pheno: -9.98882
-------------------------------
Output1 for generation 35400:

Oceanic mean pheno: 9.70249
Freshwater mean pheno: -9.87939
new Freshwater mean pheno: -9.73077
-------------------------------
Output1 for generation 35500:

Oceanic mean pheno: 9.96543
Freshwater mean pheno: -9.91366
new Freshwater mean pheno: -9.81543
-------------------------------
Output1 for generation 35600:

Oceanic mean pheno: 10.0424
Freshwater mean pheno: -9.84136
new Freshwater mean pheno: -9.96376
-------------------------------
Output1 for generation 35700:

Oceanic mean pheno: 10.1554
Freshwater mean pheno: -9.83242
new Freshwater mean pheno: -9.84921
-------------------------------
Output1 for generation 35800:

Oceanic mean pheno: 9.69896
Freshwater mean pheno: -9.89937
new Freshwater mean pheno: -9.99752
-------------------------------
Output1 for generation 35900:

Oceanic mean pheno: 9.98657
Freshwater mean pheno: -9.80546
new Freshwater mean pheno: -9.95994
-------------------------------
Output1 for generation 36000:

Oceanic mean pheno: 10.0182
Freshwater mean pheno: -9.85763
new Freshwater mean pheno: -9.9854
-------------------------------
Output1 for generation 36100:

Oceanic mean pheno: 9.91877
Freshwater mean pheno: -9.78695
new Freshwater mean pheno: -9.92686
-------------------------------
Output1 for generation 36200:

Oceanic mean pheno: 10.0632
Freshwater mean pheno: -9.78922
new Freshwater mean pheno: -9.88273
-------------------------------
Output1 for generation 36300:

Oceanic mean pheno: 10.0097
Freshwater mean pheno: -9.94502
new Freshwater mean pheno: -9.86988
-------------------------------
Output1 for generation 36400:

Oceanic mean pheno: 10.0706
Freshwater mean pheno: -9.8004
new Freshwater mean pheno: -9.69453
-------------------------------
Output1 for generation 36500:

Oceanic mean pheno: 9.91989
Freshwater mean pheno: -9.80189
new Freshwater mean pheno: -9.71208
-------------------------------
Output1 for generation 36600:

Oceanic mean pheno: 10.0716
Freshwater mean pheno: -9.64928
new Freshwater mean pheno: -9.74603
-------------------------------
Output1 for generation 36700:

Oceanic mean pheno: 9.80776
Freshwater mean pheno: -9.5451
new Freshwater mean pheno: -9.66406
-------------------------------
Output1 for generation 36800:

Oceanic mean pheno: 9.99242
Freshwater mean pheno: -9.55208
new Freshwater mean pheno: -9.60223
-------------------------------
Output1 for generation 36900:

Oceanic mean pheno: 9.99886
Freshwater mean pheno: -9.59439
new Freshwater mean pheno: -9.71118
-------------------------------
Output1 for generation 37000:

Oceanic mean pheno: 9.91105
Freshwater mean pheno: -9.58157
new Freshwater mean pheno: -9.8073
-------------------------------
Output1 for generation 37100:

Oceanic mean pheno: 9.79722
Freshwater mean pheno: -9.62903
new Freshwater mean pheno: -9.59891
-------------------------------
Output1 for generation 37200:

Oceanic mean pheno: 9.95754
Freshwater mean pheno: -9.61129
new Freshwater mean pheno: -9.6212
-------------------------------
Output1 for generation 37300:

Oceanic mean pheno: 9.91525
Freshwater mean pheno: -9.67621
new Freshwater mean pheno: -9.73913
-------------------------------
Output1 for generation 37400:

Oceanic mean pheno: 9.95983
Freshwater mean pheno: -9.63997
new Freshwater mean pheno: -9.64802
-------------------------------
Output1 for generation 37500:

Oceanic mean pheno: 9.94839
Freshwater mean pheno: -9.46849
new Freshwater mean pheno: -9.66751
-------------------------------
Output1 for generation 37600:

Oceanic mean pheno: 9.81183
Freshwater mean pheno: -9.46354
new Freshwater mean pheno: -9.92786
-------------------------------
Output1 for generation 37700:

Oceanic mean pheno: 9.90743
Freshwater mean pheno: -9.35791
new Freshwater mean pheno: -9.69719
-------------------------------
Output1 for generation 37800:

Oceanic mean pheno: 10.1439
Freshwater mean pheno: -9.49597
new Freshwater mean pheno: -9.85388
-------------------------------
Output1 for generation 37900:

Oceanic mean pheno: 10.0925
Freshwater mean pheno: -9.60066
new Freshwater mean pheno: -9.77354
-------------------------------
Output1 for generation 38000:

Oceanic mean pheno: 10.0233
Freshwater mean pheno: -9.6571
new Freshwater mean pheno: -9.76338
-------------------------------
Output1 for generation 38100:

Oceanic mean pheno: 10.0226
Freshwater mean pheno: -9.56985
new Freshwater mean pheno: -9.64766
-------------------------------
Output1 for generation 38200:

Oceanic mean pheno: 9.99605
Freshwater mean pheno: -9.65806
new Freshwater mean pheno: -9.91785
-------------------------------
Output1 for generation 38300:

Oceanic mean pheno: 9.99613
Freshwater mean pheno: -9.5372
new Freshwater mean pheno: -9.92974
-------------------------------
Output1 for generation 38400:

Oceanic mean pheno: 9.94154
Freshwater mean pheno: -9.32556
new Freshwater mean pheno: -9.83451
-------------------------------
Output1 for generation 38500:

Oceanic mean pheno: 9.83825
Freshwater mean pheno: -9.57314
new Freshwater mean pheno: -9.84357
-------------------------------
Output1 for generation 38600:

Oceanic mean pheno: 10.0919
Freshwater mean pheno: -9.54819
new Freshwater mean pheno: -9.9069
-------------------------------
Output1 for generation 38700:

Oceanic mean pheno: 9.82442
Freshwater mean pheno: -9.48112
new Freshwater mean pheno: -9.91963
-------------------------------
Output1 for generation 38800:

Oceanic mean pheno: 9.97188
Freshwater mean pheno: -9.51765
new Freshwater mean pheno: -9.87306
-------------------------------
Output1 for generation 38900:

Oceanic mean pheno: 9.96274
Freshwater mean pheno: -9.49156
new Freshwater mean pheno: -9.78675
-------------------------------
Output1 for generation 39000:

Oceanic mean pheno: 9.72035
Freshwater mean pheno: -9.32078
new Freshwater mean pheno: -9.91001
-------------------------------
Output1 for generation 39100:

Oceanic mean pheno: 9.99757
Freshwater mean pheno: -9.39734
new Freshwater mean pheno: -9.76905
-------------------------------
Output1 for generation 39200:

Oceanic mean pheno: 9.83357
Freshwater mean pheno: -9.32628
new Freshwater mean pheno: -9.84581
-------------------------------
Output1 for generation 39300:

Oceanic mean pheno: 9.87147
Freshwater mean pheno: -9.39612
new Freshwater mean pheno: -9.45514
-------------------------------
Output1 for generation 39400:

Oceanic mean pheno: 9.94946
Freshwater mean pheno: -9.34037
new Freshwater mean pheno: -9.37649
-------------------------------
Output1 for generation 39500:

Oceanic mean pheno: 9.75195
Freshwater mean pheno: -9.38294
new Freshwater mean pheno: -9.38697
-------------------------------
Output1 for generation 39600:

Oceanic mean pheno: 9.87715
Freshwater mean pheno: -9.25563
new Freshwater mean pheno: -9.66858
-------------------------------
Output1 for generation 39700:

Oceanic mean pheno: 9.79754
Freshwater mean pheno: -9.12994
new Freshwater mean pheno: -9.6683
-------------------------------
Output1 for generation 39800:

Oceanic mean pheno: 10.0567
Freshwater mean pheno: -9.32286
new Freshwater mean pheno: -9.51087
-------------------------------
Output1 for generation 39900:

Oceanic mean pheno: 9.71379
Freshwater mean pheno: -9.24206
new Freshwater mean pheno: -9.49957
-------------------------------
Output1 for generation 40000:

Oceanic mean pheno: 9.50241
Freshwater mean pheno: -9.35188
new Freshwater mean pheno: -9.70201
elapsed: 2:32:09 / kernel: 1.45 / user: 9133.12 / mem: 217012
Done!
