Task ID  - seed 008804
Parameters for SLiM run:
  -s 008804 MyRecipe2_2_9.E
// Initial random seed:
1504274418849

// RunInitializeCallbacks():
initializeSLiMOptions(dimensionality = 'x');
initializeMutationRate(1e-07);
initializeMutationType(1, 0.5, "g", 0.5, 1);
initializeMutationType(2, 0.5, "g", -0.5, 1);
initializeMutationType(3, 0.5, "f", 0);
initializeMutationType(4, 0.5, "f", 0);
initializeGenomicElementType(1, m3, 1);
initializeGenomicElementType(2, c(m1, m2, m3), c(1, 1, 1));
initializeGenomicElement(g1, 0, 4949);
initializeGenomicElement(g2, 4950, 5049);
initializeGenomicElement(g1, 5050, 9999);
initializeGenomicElement(g1, 10000, 14949);
initializeGenomicElement(g2, 14950, 15049);
initializeGenomicElement(g1, 15050, 19999);
initializeGenomicElement(g1, 20000, 24949);
initializeGenomicElement(g2, 24950, 25049);
initializeGenomicElement(g1, 25050, 29999);
initializeGenomicElement(g1, 30000, 34949);
initializeGenomicElement(g2, 34950, 35049);
initializeGenomicElement(g1, 35050, 39999);
initializeGenomicElement(g1, 40000, 44949);
initializeGenomicElement(g2, 44950, 45049);
initializeGenomicElement(g1, 45050, 49999);
initializeGenomicElement(g1, 50000, 54949);
initializeGenomicElement(g2, 54950, 55049);
initializeGenomicElement(g1, 55050, 59999);
initializeGenomicElement(g1, 60000, 64949);
initializeGenomicElement(g2, 64950, 65049);
initializeGenomicElement(g1, 65050, 69999);
initializeGenomicElement(g1, 70000, 74949);
initializeGenomicElement(g2, 74950, 75049);
initializeGenomicElement(g1, 75050, 79999);
initializeGenomicElement(g1, 80000, 84949);
initializeGenomicElement(g2, 84950, 85049);
initializeGenomicElement(g1, 85050, 89999);
initializeGenomicElement(g1, 90000, 94949);
initializeGenomicElement(g2, 94950, 95049);
initializeGenomicElement(g1, 95050, 99999);
end of chromosome position: 100000
initializeRecombinationRate(0.001);
initializeInteractionType(1, "x", reciprocal=T", maxDistance=0.02);
initializeInteractionType(2, "x", reciprocal=T", maxDistance=1);

// Starting run at generation <start>:
1 

-------------------------------
Output1 for generation 1:

Oceanic mean pheno: -7.00849
Freshwater mean pheno: -7.01878
mean Ocean/Fresh Fst: 9.26596e-05
mean Ocean/Fresh Fst (Neutral mutations only): 9.89131e-05
mean Ocean/Fresh Fst (Effect mutations only): 8.90862e-05
between lakes Fst: 0.00222923
between lakes Fst (neutral): 0.00232301
between lakes Fst (effect): 0.00217899
between Marine Regions Fst: 0.0022417
-------------------------------
Output1 for generation 101:

Oceanic mean pheno: 9.25328
Freshwater mean pheno: -10.4858
mean Ocean/Fresh Fst: 0.00680284
mean Ocean/Fresh Fst (Neutral mutations only): 0.00144537
mean Ocean/Fresh Fst (Effect mutations only): 0.0457498
between lakes Fst: 0.0598233
between lakes Fst (neutral): 0.0267567
between lakes Fst (effect): 0.19209
between Marine Regions Fst: 0.00583324
-------------------------------
Output1 for generation 201:

Oceanic mean pheno: 10.4726
Freshwater mean pheno: -10.0243
mean Ocean/Fresh Fst: 0.00869569
mean Ocean/Fresh Fst (Neutral mutations only): 0.00277537
mean Ocean/Fresh Fst (Effect mutations only): 0.0556028
between lakes Fst: 0.102674
between lakes Fst (neutral): 0.0503994
between lakes Fst (effect): 0.341021
between Marine Regions Fst: 0.00751257
-------------------------------
Output1 for generation 301:

Oceanic mean pheno: 10.3392
Freshwater mean pheno: -9.65641
mean Ocean/Fresh Fst: 0.00977162
mean Ocean/Fresh Fst (Neutral mutations only): 0.00377148
mean Ocean/Fresh Fst (Effect mutations only): 0.0679321
between lakes Fst: 0.121866
between lakes Fst (neutral): 0.0660974
between lakes Fst (effect): 0.430943
between Marine Regions Fst: 0.00706051
-------------------------------
Output1 for generation 401:

Oceanic mean pheno: 10.2203
Freshwater mean pheno: -9.65462
mean Ocean/Fresh Fst: 0.0109125
mean Ocean/Fresh Fst (Neutral mutations only): 0.00483729
mean Ocean/Fresh Fst (Effect mutations only): 0.0700136
between lakes Fst: 0.147646
between lakes Fst (neutral): 0.0865416
between lakes Fst (effect): 0.488086
between Marine Regions Fst: 0.00666929
-------------------------------
Output1 for generation 501:

Oceanic mean pheno: 10.1363
Freshwater mean pheno: -10.0046
mean Ocean/Fresh Fst: 0.0118804
mean Ocean/Fresh Fst (Neutral mutations only): 0.00532863
mean Ocean/Fresh Fst (Effect mutations only): 0.0811103
between lakes Fst: 0.158604
between lakes Fst (neutral): 0.0967569
between lakes Fst (effect): 0.569611
between Marine Regions Fst: 0.00761965
-------------------------------
Output1 for generation 601:

Oceanic mean pheno: 10.0315
Freshwater mean pheno: -10.1713
mean Ocean/Fresh Fst: 0.0137523
mean Ocean/Fresh Fst (Neutral mutations only): 0.00665409
mean Ocean/Fresh Fst (Effect mutations only): 0.0937136
between lakes Fst: 0.169217
between lakes Fst (neutral): 0.107367
between lakes Fst (effect): 0.613265
between Marine Regions Fst: 0.00761638
-------------------------------
Output1 for generation 701:

Oceanic mean pheno: 10.0105
Freshwater mean pheno: -10.0784
mean Ocean/Fresh Fst: 0.0149286
mean Ocean/Fresh Fst (Neutral mutations only): 0.00731615
mean Ocean/Fresh Fst (Effect mutations only): 0.0937294
between lakes Fst: 0.189653
between lakes Fst (neutral): 0.121552
between lakes Fst (effect): 0.649333
between Marine Regions Fst: 0.0064281
-------------------------------
Output1 for generation 801:

Oceanic mean pheno: 9.76797
Freshwater mean pheno: -9.95704
mean Ocean/Fresh Fst: 0.0154502
mean Ocean/Fresh Fst (Neutral mutations only): 0.007542
mean Ocean/Fresh Fst (Effect mutations only): 0.108062
between lakes Fst: 0.210543
between lakes Fst (neutral): 0.141017
between lakes Fst (effect): 0.716435
between Marine Regions Fst: 0.00731591
-------------------------------
Output1 for generation 901:

Oceanic mean pheno: 10.1241
Freshwater mean pheno: -9.8369
mean Ocean/Fresh Fst: 0.0164213
mean Ocean/Fresh Fst (Neutral mutations only): 0.00821704
mean Ocean/Fresh Fst (Effect mutations only): 0.116392
between lakes Fst: 0.20721
between lakes Fst (neutral): 0.136343
between lakes Fst (effect): 0.755655
between Marine Regions Fst: 0.00715426
-------------------------------
Output1 for generation 1001:

Oceanic mean pheno: 10.1782
Freshwater mean pheno: -9.53678
mean Ocean/Fresh Fst: 0.0165158
mean Ocean/Fresh Fst (Neutral mutations only): 0.00872302
mean Ocean/Fresh Fst (Effect mutations only): 0.11289
between lakes Fst: 0.211565
between lakes Fst (neutral): 0.142571
between lakes Fst (effect): 0.769436
between Marine Regions Fst: 0.00701664
-------------------------------
Output1 for generation 1101:

Oceanic mean pheno: 9.87252
Freshwater mean pheno: -9.78685
mean Ocean/Fresh Fst: 0.0167706
mean Ocean/Fresh Fst (Neutral mutations only): 0.00916046
mean Ocean/Fresh Fst (Effect mutations only): 0.110385
between lakes Fst: 0.230821
between lakes Fst (neutral): 0.164634
between lakes Fst (effect): 0.757557
between Marine Regions Fst: 0.00715231
-------------------------------
Output1 for generation 1201:

Oceanic mean pheno: 9.27439
Freshwater mean pheno: -10.3317
mean Ocean/Fresh Fst: 0.0172241
mean Ocean/Fresh Fst (Neutral mutations only): 0.00967946
mean Ocean/Fresh Fst (Effect mutations only): 0.114384
between lakes Fst: 0.233727
between lakes Fst (neutral): 0.166617
between lakes Fst (effect): 0.749412
between Marine Regions Fst: 0.00746336
-------------------------------
Output1 for generation 1301:

Oceanic mean pheno: 9.48304
Freshwater mean pheno: -10.1899
mean Ocean/Fresh Fst: 0.0177873
mean Ocean/Fresh Fst (Neutral mutations only): 0.0103885
mean Ocean/Fresh Fst (Effect mutations only): 0.116312
between lakes Fst: 0.23095
between lakes Fst (neutral): 0.166661
between lakes Fst (effect): 0.766387
between Marine Regions Fst: 0.00691447
-------------------------------
Output1 for generation 1401:

Oceanic mean pheno: 10.3347
Freshwater mean pheno: -9.00369
mean Ocean/Fresh Fst: 0.0176476
mean Ocean/Fresh Fst (Neutral mutations only): 0.0109177
mean Ocean/Fresh Fst (Effect mutations only): 0.103003
between lakes Fst: 0.226413
between lakes Fst (neutral): 0.168496
between lakes Fst (effect): 0.731353
between Marine Regions Fst: 0.00772228
-------------------------------
Output1 for generation 1501:

Oceanic mean pheno: 9.93549
Freshwater mean pheno: -9.5444
mean Ocean/Fresh Fst: 0.0171276
mean Ocean/Fresh Fst (Neutral mutations only): 0.0108702
mean Ocean/Fresh Fst (Effect mutations only): 0.106762
between lakes Fst: 0.216642
between lakes Fst (neutral): 0.155134
between lakes Fst (effect): 0.783064
between Marine Regions Fst: 0.0075366
-------------------------------
Output1 for generation 1601:

Oceanic mean pheno: 9.9239
Freshwater mean pheno: -9.16702
mean Ocean/Fresh Fst: 0.0181421
mean Ocean/Fresh Fst (Neutral mutations only): 0.0117102
mean Ocean/Fresh Fst (Effect mutations only): 0.107938
between lakes Fst: 0.241935
between lakes Fst (neutral): 0.1798
between lakes Fst (effect): 0.783394
between Marine Regions Fst: 0.00753402
-------------------------------
Output1 for generation 1701:

Oceanic mean pheno: 9.70311
Freshwater mean pheno: -9.45195
mean Ocean/Fresh Fst: 0.0190422
mean Ocean/Fresh Fst (Neutral mutations only): 0.0124956
mean Ocean/Fresh Fst (Effect mutations only): 0.120469
between lakes Fst: 0.232795
between lakes Fst (neutral): 0.176936
between lakes Fst (effect): 0.806459
between Marine Regions Fst: 0.00737429
-------------------------------
Output1 for generation 1801:

Oceanic mean pheno: 9.78438
Freshwater mean pheno: -9.57165
mean Ocean/Fresh Fst: 0.0197164
mean Ocean/Fresh Fst (Neutral mutations only): 0.0127854
mean Ocean/Fresh Fst (Effect mutations only): 0.128172
between lakes Fst: 0.236823
between lakes Fst (neutral): 0.180309
between lakes Fst (effect): 0.825343
between Marine Regions Fst: 0.00695793
-------------------------------
Output1 for generation 1901:

Oceanic mean pheno: 9.67792
Freshwater mean pheno: -9.45422
mean Ocean/Fresh Fst: 0.0191024
mean Ocean/Fresh Fst (Neutral mutations only): 0.0124928
mean Ocean/Fresh Fst (Effect mutations only): 0.117812
between lakes Fst: 0.245401
between lakes Fst (neutral): 0.18954
between lakes Fst (effect): 0.764336
between Marine Regions Fst: 0.00799478
-------------------------------
Output1 for generation 2001:

Oceanic mean pheno: 10.0841
Freshwater mean pheno: -9.31723
mean Ocean/Fresh Fst: 0.0195106
mean Ocean/Fresh Fst (Neutral mutations only): 0.0129205
mean Ocean/Fresh Fst (Effect mutations only): 0.124036
between lakes Fst: 0.225931
between lakes Fst (neutral): 0.170735
between lakes Fst (effect): 0.815347
between Marine Regions Fst: 0.00886567
-------------------------------
Output1 for generation 2101:

Oceanic mean pheno: 9.75926
Freshwater mean pheno: -9.33096
mean Ocean/Fresh Fst: 0.020162
mean Ocean/Fresh Fst (Neutral mutations only): 0.013773
mean Ocean/Fresh Fst (Effect mutations only): 0.119277
between lakes Fst: 0.276125
between lakes Fst (neutral): 0.224927
between lakes Fst (effect): 0.776809
between Marine Regions Fst: 0.00763132
-------------------------------
Output1 for generation 2201:

Oceanic mean pheno: 9.57205
Freshwater mean pheno: -9.45323
mean Ocean/Fresh Fst: 0.0209
mean Ocean/Fresh Fst (Neutral mutations only): 0.0148305
mean Ocean/Fresh Fst (Effect mutations only): 0.116454
between lakes Fst: 0.29095
between lakes Fst (neutral): 0.239034
between lakes Fst (effect): 0.817973
between Marine Regions Fst: 0.00755507
-------------------------------
Output1 for generation 2301:

Oceanic mean pheno: 9.48145
Freshwater mean pheno: -9.48293
mean Ocean/Fresh Fst: 0.0207274
mean Ocean/Fresh Fst (Neutral mutations only): 0.0148048
mean Ocean/Fresh Fst (Effect mutations only): 0.119171
between lakes Fst: 0.278593
between lakes Fst (neutral): 0.229314
between lakes Fst (effect): 0.827123
between Marine Regions Fst: 0.00719327
-------------------------------
Output1 for generation 2401:

Oceanic mean pheno: 10.2025
Freshwater mean pheno: -9.42056
mean Ocean/Fresh Fst: 0.022114
mean Ocean/Fresh Fst (Neutral mutations only): 0.015952
mean Ocean/Fresh Fst (Effect mutations only): 0.123828
between lakes Fst: 0.286777
between lakes Fst (neutral): 0.237315
between lakes Fst (effect): 0.809452
between Marine Regions Fst: 0.00742836
-------------------------------
Output1 for generation 2501:

Oceanic mean pheno: 9.85655
Freshwater mean pheno: -9.4837
mean Ocean/Fresh Fst: 0.0211317
mean Ocean/Fresh Fst (Neutral mutations only): 0.0154787
mean Ocean/Fresh Fst (Effect mutations only): 0.122111
between lakes Fst: 0.275438
between lakes Fst (neutral): 0.223005
between lakes Fst (effect): 0.852957
between Marine Regions Fst: 0.0079727
-------------------------------
Output1 for generation 2601:

Oceanic mean pheno: 10.0766
Freshwater mean pheno: -9.28189
mean Ocean/Fresh Fst: 0.0240762
mean Ocean/Fresh Fst (Neutral mutations only): 0.0178343
mean Ocean/Fresh Fst (Effect mutations only): 0.126562
between lakes Fst: 0.292221
between lakes Fst (neutral): 0.244386
between lakes Fst (effect): 0.856504
between Marine Regions Fst: 0.00714043
-------------------------------
Output1 for generation 2701:

Oceanic mean pheno: 9.99005
Freshwater mean pheno: -9.24491
mean Ocean/Fresh Fst: 0.0234657
mean Ocean/Fresh Fst (Neutral mutations only): 0.0174227
mean Ocean/Fresh Fst (Effect mutations only): 0.129299
between lakes Fst: 0.268794
between lakes Fst (neutral): 0.224778
between lakes Fst (effect): 0.826323
between Marine Regions Fst: 0.00775604
-------------------------------
Output1 for generation 2801:

Oceanic mean pheno: 10.0689
Freshwater mean pheno: -9.0633
mean Ocean/Fresh Fst: 0.023913
mean Ocean/Fresh Fst (Neutral mutations only): 0.017662
mean Ocean/Fresh Fst (Effect mutations only): 0.128946
between lakes Fst: 0.296337
between lakes Fst (neutral): 0.25037
between lakes Fst (effect): 0.841072
between Marine Regions Fst: 0.00728507
-------------------------------
Output1 for generation 2901:

Oceanic mean pheno: 10.1077
Freshwater mean pheno: -9.19165
mean Ocean/Fresh Fst: 0.0235495
mean Ocean/Fresh Fst (Neutral mutations only): 0.0172859
mean Ocean/Fresh Fst (Effect mutations only): 0.140947
between lakes Fst: 0.272897
between lakes Fst (neutral): 0.232696
between lakes Fst (effect): 0.850688
between Marine Regions Fst: 0.0079532
-------------------------------
Output1 for generation 3001:

Oceanic mean pheno: 9.9984
Freshwater mean pheno: -9.12823
mean Ocean/Fresh Fst: 0.0232565
mean Ocean/Fresh Fst (Neutral mutations only): 0.0172812
mean Ocean/Fresh Fst (Effect mutations only): 0.137377
between lakes Fst: 0.304673
between lakes Fst (neutral): 0.259941
between lakes Fst (effect): 0.850543
between Marine Regions Fst: 0.00838891
-------------------------------
Output1 for generation 3101:

Oceanic mean pheno: 9.8384
Freshwater mean pheno: -9.38609
mean Ocean/Fresh Fst: 0.0237686
mean Ocean/Fresh Fst (Neutral mutations only): 0.0178445
mean Ocean/Fresh Fst (Effect mutations only): 0.136828
between lakes Fst: 0.299615
between lakes Fst (neutral): 0.253077
between lakes Fst (effect): 0.870838
between Marine Regions Fst: 0.00792651
-------------------------------
Output1 for generation 3201:

Oceanic mean pheno: 9.80455
Freshwater mean pheno: -9.16312
mean Ocean/Fresh Fst: 0.0238796
mean Ocean/Fresh Fst (Neutral mutations only): 0.0179235
mean Ocean/Fresh Fst (Effect mutations only): 0.131251
between lakes Fst: 0.296461
between lakes Fst (neutral): 0.255707
between lakes Fst (effect): 0.797733
between Marine Regions Fst: 0.00762798
-------------------------------
Output1 for generation 3301:

Oceanic mean pheno: 9.75559
Freshwater mean pheno: -9.09834
mean Ocean/Fresh Fst: 0.0253371
mean Ocean/Fresh Fst (Neutral mutations only): 0.0190639
mean Ocean/Fresh Fst (Effect mutations only): 0.138513
between lakes Fst: 0.338144
between lakes Fst (neutral): 0.293585
between lakes Fst (effect): 0.829668
between Marine Regions Fst: 0.00803392
-------------------------------
Output1 for generation 3401:

Oceanic mean pheno: 9.94957
Freshwater mean pheno: -9.12368
mean Ocean/Fresh Fst: 0.0244946
mean Ocean/Fresh Fst (Neutral mutations only): 0.01858
mean Ocean/Fresh Fst (Effect mutations only): 0.130412
between lakes Fst: 0.323978
between lakes Fst (neutral): 0.28665
between lakes Fst (effect): 0.799609
between Marine Regions Fst: 0.00865541
-------------------------------
Output1 for generation 3501:

Oceanic mean pheno: 9.9424
Freshwater mean pheno: -9.20313
mean Ocean/Fresh Fst: 0.0257583
mean Ocean/Fresh Fst (Neutral mutations only): 0.0198413
mean Ocean/Fresh Fst (Effect mutations only): 0.131544
between lakes Fst: 0.323484
between lakes Fst (neutral): 0.28344
between lakes Fst (effect): 0.826607
between Marine Regions Fst: 0.00748752
-------------------------------
Output1 for generation 3601:

Oceanic mean pheno: 9.97385
Freshwater mean pheno: -9.08421
mean Ocean/Fresh Fst: 0.0251044
mean Ocean/Fresh Fst (Neutral mutations only): 0.0196083
mean Ocean/Fresh Fst (Effect mutations only): 0.137495
between lakes Fst: 0.343197
between lakes Fst (neutral): 0.302434
between lakes Fst (effect): 0.859121
between Marine Regions Fst: 0.00737118
-------------------------------
Output1 for generation 3701:

Oceanic mean pheno: 9.67148
Freshwater mean pheno: -9.18856
mean Ocean/Fresh Fst: 0.0253704
mean Ocean/Fresh Fst (Neutral mutations only): 0.020009
mean Ocean/Fresh Fst (Effect mutations only): 0.132145
between lakes Fst: 0.316927
between lakes Fst (neutral): 0.275484
between lakes Fst (effect): 0.866048
between Marine Regions Fst: 0.00767053
-------------------------------
Output1 for generation 3801:

Oceanic mean pheno: 9.94524
Freshwater mean pheno: -9.32884
mean Ocean/Fresh Fst: 0.0254011
mean Ocean/Fresh Fst (Neutral mutations only): 0.0203198
mean Ocean/Fresh Fst (Effect mutations only): 0.12303
between lakes Fst: 0.350693
between lakes Fst (neutral): 0.312548
between lakes Fst (effect): 0.885953
between Marine Regions Fst: 0.00803787
-------------------------------
Output1 for generation 3901:

Oceanic mean pheno: 9.96507
Freshwater mean pheno: -9.19185
mean Ocean/Fresh Fst: 0.0262701
mean Ocean/Fresh Fst (Neutral mutations only): 0.020872
mean Ocean/Fresh Fst (Effect mutations only): 0.137832
between lakes Fst: 0.333058
between lakes Fst (neutral): 0.295981
between lakes Fst (effect): 0.905105
between Marine Regions Fst: 0.00795503
-------------------------------
Output1 for generation 4001:

Oceanic mean pheno: 9.85934
Freshwater mean pheno: -9.14339
mean Ocean/Fresh Fst: 0.0268405
mean Ocean/Fresh Fst (Neutral mutations only): 0.0212913
mean Ocean/Fresh Fst (Effect mutations only): 0.138949
between lakes Fst: 0.350251
between lakes Fst (neutral): 0.311522
between lakes Fst (effect): 0.896335
between Marine Regions Fst: 0.00873458
-------------------------------
Output1 for generation 4101:

Oceanic mean pheno: 9.42862
Freshwater mean pheno: -9.31492
mean Ocean/Fresh Fst: 0.0263451
mean Ocean/Fresh Fst (Neutral mutations only): 0.0210489
mean Ocean/Fresh Fst (Effect mutations only): 0.133555
between lakes Fst: 0.359864
between lakes Fst (neutral): 0.322263
between lakes Fst (effect): 0.869413
between Marine Regions Fst: 0.00847295
-------------------------------
Output1 for generation 4201:

Oceanic mean pheno: 9.90831
Freshwater mean pheno: -9.35997
mean Ocean/Fresh Fst: 0.0269666
mean Ocean/Fresh Fst (Neutral mutations only): 0.0213593
mean Ocean/Fresh Fst (Effect mutations only): 0.136507
between lakes Fst: 0.360791
between lakes Fst (neutral): 0.325079
between lakes Fst (effect): 0.847669
between Marine Regions Fst: 0.00879992
-------------------------------
Output1 for generation 4301:

Oceanic mean pheno: 9.84589
Freshwater mean pheno: -9.42136
mean Ocean/Fresh Fst: 0.0264179
mean Ocean/Fresh Fst (Neutral mutations only): 0.0214065
mean Ocean/Fresh Fst (Effect mutations only): 0.126785
between lakes Fst: 0.360098
between lakes Fst (neutral): 0.323937
between lakes Fst (effect): 0.867481
between Marine Regions Fst: 0.00819138
-------------------------------
Output1 for generation 4401:

Oceanic mean pheno: 10.0072
Freshwater mean pheno: -9.46116
mean Ocean/Fresh Fst: 0.0263578
mean Ocean/Fresh Fst (Neutral mutations only): 0.0211674
mean Ocean/Fresh Fst (Effect mutations only): 0.128436
between lakes Fst: 0.345009
between lakes Fst (neutral): 0.312206
between lakes Fst (effect): 0.835474
between Marine Regions Fst: 0.00807872
-------------------------------
Output1 for generation 4501:

Oceanic mean pheno: 10.0386
Freshwater mean pheno: -9.59983
mean Ocean/Fresh Fst: 0.0267763
mean Ocean/Fresh Fst (Neutral mutations only): 0.0218663
mean Ocean/Fresh Fst (Effect mutations only): 0.123065
between lakes Fst: 0.37014
between lakes Fst (neutral): 0.339548
between lakes Fst (effect): 0.800217
between Marine Regions Fst: 0.00779801
-------------------------------
Output1 for generation 4601:

Oceanic mean pheno: 9.62966
Freshwater mean pheno: -9.59119
mean Ocean/Fresh Fst: 0.0263609
mean Ocean/Fresh Fst (Neutral mutations only): 0.0217766
mean Ocean/Fresh Fst (Effect mutations only): 0.116737
between lakes Fst: 0.368563
between lakes Fst (neutral): 0.335785
between lakes Fst (effect): 0.792681
between Marine Regions Fst: 0.00841386
-------------------------------
Output1 for generation 4701:

Oceanic mean pheno: 9.61869
Freshwater mean pheno: -9.54344
mean Ocean/Fresh Fst: 0.0265554
mean Ocean/Fresh Fst (Neutral mutations only): 0.0220105
mean Ocean/Fresh Fst (Effect mutations only): 0.120085
between lakes Fst: 0.353997
between lakes Fst (neutral): 0.325328
between lakes Fst (effect): 0.767935
between Marine Regions Fst: 0.0086775
-------------------------------
Output1 for generation 4801:

Oceanic mean pheno: 9.4556
Freshwater mean pheno: -9.53273
mean Ocean/Fresh Fst: 0.0278302
mean Ocean/Fresh Fst (Neutral mutations only): 0.0233985
mean Ocean/Fresh Fst (Effect mutations only): 0.115532
between lakes Fst: 0.371409
between lakes Fst (neutral): 0.342151
between lakes Fst (effect): 0.777416
between Marine Regions Fst: 0.00854654
-------------------------------
Output1 for generation 4901:

Oceanic mean pheno: 9.87579
Freshwater mean pheno: -9.7403
mean Ocean/Fresh Fst: 0.0287148
mean Ocean/Fresh Fst (Neutral mutations only): 0.0241642
mean Ocean/Fresh Fst (Effect mutations only): 0.120758
between lakes Fst: 0.355994
between lakes Fst (neutral): 0.32467
between lakes Fst (effect): 0.829268
between Marine Regions Fst: 0.00833686
-------------------------------
Output1 for generation 5001:

Oceanic mean pheno: 9.73682
Freshwater mean pheno: -9.62549
mean Ocean/Fresh Fst: 0.0288579
mean Ocean/Fresh Fst (Neutral mutations only): 0.0243359
mean Ocean/Fresh Fst (Effect mutations only): 0.118711
between lakes Fst: 0.356463
between lakes Fst (neutral): 0.326269
between lakes Fst (effect): 0.801686
between Marine Regions Fst: 0.00843948
-------------------------------
Output1 for generation 5101:

Oceanic mean pheno: 10.6065
Freshwater mean pheno: -8.84275
mean Ocean/Fresh Fst: 0.029445
mean Ocean/Fresh Fst (Neutral mutations only): 0.024991
mean Ocean/Fresh Fst (Effect mutations only): 0.113301
between lakes Fst: 0.381694
between lakes Fst (neutral): 0.351067
between lakes Fst (effect): 0.806416
between Marine Regions Fst: 0.00877471
-------------------------------
Output1 for generation 5201:

Oceanic mean pheno: 10.4195
Freshwater mean pheno: -8.95547
mean Ocean/Fresh Fst: 0.0294844
mean Ocean/Fresh Fst (Neutral mutations only): 0.0250687
mean Ocean/Fresh Fst (Effect mutations only): 0.118027
between lakes Fst: 0.399096
between lakes Fst (neutral): 0.369567
between lakes Fst (effect): 0.832035
between Marine Regions Fst: 0.00786409
-------------------------------
Output1 for generation 5301:

Oceanic mean pheno: 10.2434
Freshwater mean pheno: -8.80924
mean Ocean/Fresh Fst: 0.0302604
mean Ocean/Fresh Fst (Neutral mutations only): 0.0258389
mean Ocean/Fresh Fst (Effect mutations only): 0.117771
between lakes Fst: 0.378954
between lakes Fst (neutral): 0.351383
between lakes Fst (effect): 0.796734
between Marine Regions Fst: 0.00815976
-------------------------------
Output1 for generation 5401:

Oceanic mean pheno: 10.2299
Freshwater mean pheno: -8.78953
mean Ocean/Fresh Fst: 0.0297528
mean Ocean/Fresh Fst (Neutral mutations only): 0.0253276
mean Ocean/Fresh Fst (Effect mutations only): 0.114329
between lakes Fst: 0.367035
between lakes Fst (neutral): 0.338979
between lakes Fst (effect): 0.768088
between Marine Regions Fst: 0.00841256
-------------------------------
Output1 for generation 5501:

Oceanic mean pheno: 9.98882
Freshwater mean pheno: -8.85385
mean Ocean/Fresh Fst: 0.0295645
mean Ocean/Fresh Fst (Neutral mutations only): 0.0250301
mean Ocean/Fresh Fst (Effect mutations only): 0.121242
between lakes Fst: 0.360221
between lakes Fst (neutral): 0.332095
between lakes Fst (effect): 0.799381
between Marine Regions Fst: 0.00833254
-------------------------------
Output1 for generation 5601:

Oceanic mean pheno: 9.75775
Freshwater mean pheno: -8.84316
mean Ocean/Fresh Fst: 0.0288397
mean Ocean/Fresh Fst (Neutral mutations only): 0.0245243
mean Ocean/Fresh Fst (Effect mutations only): 0.118632
between lakes Fst: 0.339498
between lakes Fst (neutral): 0.313809
between lakes Fst (effect): 0.803988
between Marine Regions Fst: 0.00732621
-------------------------------
Output1 for generation 5701:

Oceanic mean pheno: 10.0069
Freshwater mean pheno: -8.82338
mean Ocean/Fresh Fst: 0.0293464
mean Ocean/Fresh Fst (Neutral mutations only): 0.0248952
mean Ocean/Fresh Fst (Effect mutations only): 0.122478
between lakes Fst: 0.364435
between lakes Fst (neutral): 0.333044
between lakes Fst (effect): 0.8093
between Marine Regions Fst: 0.00824528
-------------------------------
Output1 for generation 5801:

Oceanic mean pheno: 10.2906
Freshwater mean pheno: -8.81225
mean Ocean/Fresh Fst: 0.0300847
mean Ocean/Fresh Fst (Neutral mutations only): 0.0254374
mean Ocean/Fresh Fst (Effect mutations only): 0.128916
between lakes Fst: 0.390239
between lakes Fst (neutral): 0.364168
between lakes Fst (effect): 0.853138
between Marine Regions Fst: 0.00797014
-------------------------------
Output1 for generation 5901:

Oceanic mean pheno: 10.0486
Freshwater mean pheno: -9.04678
mean Ocean/Fresh Fst: 0.0293181
mean Ocean/Fresh Fst (Neutral mutations only): 0.0249383
mean Ocean/Fresh Fst (Effect mutations only): 0.126826
between lakes Fst: 0.378377
between lakes Fst (neutral): 0.347834
between lakes Fst (effect): 0.877071
between Marine Regions Fst: 0.0083281
-------------------------------
Output1 for generation 6001:

Oceanic mean pheno: 9.98042
Freshwater mean pheno: -9.03423
mean Ocean/Fresh Fst: 0.0283268
mean Ocean/Fresh Fst (Neutral mutations only): 0.0241415
mean Ocean/Fresh Fst (Effect mutations only): 0.121889
between lakes Fst: 0.39233
between lakes Fst (neutral): 0.363407
between lakes Fst (effect): 0.902323
between Marine Regions Fst: 0.00794157
-------------------------------
Output1 for generation 6101:

Oceanic mean pheno: 10.0655
Freshwater mean pheno: -9.31455
mean Ocean/Fresh Fst: 0.02954
mean Ocean/Fresh Fst (Neutral mutations only): 0.0251346
mean Ocean/Fresh Fst (Effect mutations only): 0.125648
between lakes Fst: 0.372785
between lakes Fst (neutral): 0.343537
between lakes Fst (effect): 0.88401
between Marine Regions Fst: 0.00753566
-------------------------------
Output1 for generation 6201:

Oceanic mean pheno: 9.9237
Freshwater mean pheno: -9.20092
mean Ocean/Fresh Fst: 0.0288541
mean Ocean/Fresh Fst (Neutral mutations only): 0.0246408
mean Ocean/Fresh Fst (Effect mutations only): 0.117123
between lakes Fst: 0.416038
between lakes Fst (neutral): 0.390928
between lakes Fst (effect): 0.850434
between Marine Regions Fst: 0.00764974
-------------------------------
Output1 for generation 6301:

Oceanic mean pheno: 10.3579
Freshwater mean pheno: -9.21393
mean Ocean/Fresh Fst: 0.0296104
mean Ocean/Fresh Fst (Neutral mutations only): 0.0252559
mean Ocean/Fresh Fst (Effect mutations only): 0.126598
between lakes Fst: 0.337726
between lakes Fst (neutral): 0.315248
between lakes Fst (effect): 0.864428
between Marine Regions Fst: 0.00846182
-------------------------------
Output1 for generation 6401:

Oceanic mean pheno: 10.2437
Freshwater mean pheno: -9.00457
mean Ocean/Fresh Fst: 0.0307628
mean Ocean/Fresh Fst (Neutral mutations only): 0.0264396
mean Ocean/Fresh Fst (Effect mutations only): 0.124849
between lakes Fst: 0.403994
between lakes Fst (neutral): 0.378069
between lakes Fst (effect): 0.876765
between Marine Regions Fst: 0.00794481
-------------------------------
Output1 for generation 6501:

Oceanic mean pheno: 10.2713
Freshwater mean pheno: -8.98676
mean Ocean/Fresh Fst: 0.029765
mean Ocean/Fresh Fst (Neutral mutations only): 0.0254416
mean Ocean/Fresh Fst (Effect mutations only): 0.125439
between lakes Fst: 0.407526
between lakes Fst (neutral): 0.378954
between lakes Fst (effect): 0.885882
between Marine Regions Fst: 0.00813727
-------------------------------
Output1 for generation 6601:

Oceanic mean pheno: 9.74177
Freshwater mean pheno: -8.95589
mean Ocean/Fresh Fst: 0.0303893
mean Ocean/Fresh Fst (Neutral mutations only): 0.0260322
mean Ocean/Fresh Fst (Effect mutations only): 0.13163
between lakes Fst: 0.423538
between lakes Fst (neutral): 0.396923
between lakes Fst (effect): 0.912141
between Marine Regions Fst: 0.00810656
-------------------------------
Output1 for generation 6701:

Oceanic mean pheno: 10.007
Freshwater mean pheno: -9.03093
mean Ocean/Fresh Fst: 0.0301948
mean Ocean/Fresh Fst (Neutral mutations only): 0.0258662
mean Ocean/Fresh Fst (Effect mutations only): 0.130879
between lakes Fst: 0.379991
between lakes Fst (neutral): 0.352046
between lakes Fst (effect): 0.866439
between Marine Regions Fst: 0.00832595
-------------------------------
Output1 for generation 6801:

Oceanic mean pheno: 10.3653
Freshwater mean pheno: -9.21153
mean Ocean/Fresh Fst: 0.0311785
mean Ocean/Fresh Fst (Neutral mutations only): 0.0267994
mean Ocean/Fresh Fst (Effect mutations only): 0.125272
between lakes Fst: 0.420522
between lakes Fst (neutral): 0.395111
between lakes Fst (effect): 0.839367
between Marine Regions Fst: 0.00847108
-------------------------------
Output1 for generation 6901:

Oceanic mean pheno: 10.0533
Freshwater mean pheno: -9.24209
mean Ocean/Fresh Fst: 0.0311256
mean Ocean/Fresh Fst (Neutral mutations only): 0.0268361
mean Ocean/Fresh Fst (Effect mutations only): 0.124325
between lakes Fst: 0.416158
between lakes Fst (neutral): 0.393332
between lakes Fst (effect): 0.834233
between Marine Regions Fst: 0.00946409
-------------------------------
Output1 for generation 7001:

Oceanic mean pheno: 10.1941
Freshwater mean pheno: -8.42308
mean Ocean/Fresh Fst: 0.0314855
mean Ocean/Fresh Fst (Neutral mutations only): 0.0275183
mean Ocean/Fresh Fst (Effect mutations only): 0.122678
between lakes Fst: 0.439448
between lakes Fst (neutral): 0.41428
between lakes Fst (effect): 0.888834
between Marine Regions Fst: 0.00832628
-------------------------------
Output1 for generation 7101:

Oceanic mean pheno: 9.93736
Freshwater mean pheno: -8.35222
mean Ocean/Fresh Fst: 0.0311592
mean Ocean/Fresh Fst (Neutral mutations only): 0.0271868
mean Ocean/Fresh Fst (Effect mutations only): 0.123277
between lakes Fst: 0.442489
between lakes Fst (neutral): 0.418178
between lakes Fst (effect): 0.87856
between Marine Regions Fst: 0.00803106
-------------------------------
Output1 for generation 7201:

Oceanic mean pheno: 10.1623
Freshwater mean pheno: -8.4427
mean Ocean/Fresh Fst: 0.0317483
mean Ocean/Fresh Fst (Neutral mutations only): 0.027812
mean Ocean/Fresh Fst (Effect mutations only): 0.117069
between lakes Fst: 0.448627
between lakes Fst (neutral): 0.42599
between lakes Fst (effect): 0.826266
between Marine Regions Fst: 0.00829371
-------------------------------
Output1 for generation 7301:

Oceanic mean pheno: 10.1366
Freshwater mean pheno: -8.8023
mean Ocean/Fresh Fst: 0.0310585
mean Ocean/Fresh Fst (Neutral mutations only): 0.0273407
mean Ocean/Fresh Fst (Effect mutations only): 0.114366
between lakes Fst: 0.426504
between lakes Fst (neutral): 0.406027
between lakes Fst (effect): 0.850899
between Marine Regions Fst: 0.00910243
-------------------------------
Output1 for generation 7401:

Oceanic mean pheno: 9.79376
Freshwater mean pheno: -8.64852
mean Ocean/Fresh Fst: 0.0303755
mean Ocean/Fresh Fst (Neutral mutations only): 0.026938
mean Ocean/Fresh Fst (Effect mutations only): 0.116313
between lakes Fst: 0.418089
between lakes Fst (neutral): 0.394447
between lakes Fst (effect): 0.91193
between Marine Regions Fst: 0.00917107
-------------------------------
Output1 for generation 7501:

Oceanic mean pheno: 9.59373
Freshwater mean pheno: -8.48505
mean Ocean/Fresh Fst: 0.0311167
mean Ocean/Fresh Fst (Neutral mutations only): 0.0277165
mean Ocean/Fresh Fst (Effect mutations only): 0.112864
between lakes Fst: 0.410129
between lakes Fst (neutral): 0.3839
between lakes Fst (effect): 0.883681
between Marine Regions Fst: 0.00791171
-------------------------------
Output1 for generation 7601:

Oceanic mean pheno: 9.9049
Freshwater mean pheno: -8.60766
mean Ocean/Fresh Fst: 0.0307962
mean Ocean/Fresh Fst (Neutral mutations only): 0.0275795
mean Ocean/Fresh Fst (Effect mutations only): 0.109086
between lakes Fst: 0.406305
between lakes Fst (neutral): 0.38477
between lakes Fst (effect): 0.863727
between Marine Regions Fst: 0.0081263
-------------------------------
Output1 for generation 7701:

Oceanic mean pheno: 9.87102
Freshwater mean pheno: -8.87444
mean Ocean/Fresh Fst: 0.0307869
mean Ocean/Fresh Fst (Neutral mutations only): 0.0277006
mean Ocean/Fresh Fst (Effect mutations only): 0.104901
between lakes Fst: 0.408636
between lakes Fst (neutral): 0.387388
between lakes Fst (effect): 0.840804
between Marine Regions Fst: 0.00806625
-------------------------------
Output1 for generation 7801:

Oceanic mean pheno: 9.89383
Freshwater mean pheno: -8.91364
mean Ocean/Fresh Fst: 0.0313482
mean Ocean/Fresh Fst (Neutral mutations only): 0.0280261
mean Ocean/Fresh Fst (Effect mutations only): 0.10988
between lakes Fst: 0.431721
between lakes Fst (neutral): 0.408044
between lakes Fst (effect): 0.884037
between Marine Regions Fst: 0.00889046
-------------------------------
Output1 for generation 7901:

Oceanic mean pheno: 9.67796
Freshwater mean pheno: -9.14475
mean Ocean/Fresh Fst: 0.0319103
mean Ocean/Fresh Fst (Neutral mutations only): 0.0287117
mean Ocean/Fresh Fst (Effect mutations only): 0.106264
between lakes Fst: 0.440731
between lakes Fst (neutral): 0.417847
between lakes Fst (effect): 0.870113
between Marine Regions Fst: 0.00783086
-------------------------------
Output1 for generation 8001:

Oceanic mean pheno: 9.80313
Freshwater mean pheno: -8.97978
mean Ocean/Fresh Fst: 0.0315443
mean Ocean/Fresh Fst (Neutral mutations only): 0.0284011
mean Ocean/Fresh Fst (Effect mutations only): 0.10677
between lakes Fst: 0.449114
between lakes Fst (neutral): 0.428085
between lakes Fst (effect): 0.851773
between Marine Regions Fst: 0.0084898
-------------------------------
Output1 for generation 8101:

Oceanic mean pheno: 9.8753
Freshwater mean pheno: -8.99862
mean Ocean/Fresh Fst: 0.0320395
mean Ocean/Fresh Fst (Neutral mutations only): 0.028804
mean Ocean/Fresh Fst (Effect mutations only): 0.109601
between lakes Fst: 0.458324
between lakes Fst (neutral): 0.437887
between lakes Fst (effect): 0.815196
between Marine Regions Fst: 0.0079155
-------------------------------
Output1 for generation 8201:

Oceanic mean pheno: 9.86616
Freshwater mean pheno: -8.97932
mean Ocean/Fresh Fst: 0.0312574
mean Ocean/Fresh Fst (Neutral mutations only): 0.027912
mean Ocean/Fresh Fst (Effect mutations only): 0.121535
between lakes Fst: 0.418874
between lakes Fst (neutral): 0.398499
between lakes Fst (effect): 0.854746
between Marine Regions Fst: 0.00852714
-------------------------------
Output1 for generation 8301:

Oceanic mean pheno: 10.3648
Freshwater mean pheno: -9.15322
mean Ocean/Fresh Fst: 0.0319163
mean Ocean/Fresh Fst (Neutral mutations only): 0.028528
mean Ocean/Fresh Fst (Effect mutations only): 0.11815
between lakes Fst: 0.45761
between lakes Fst (neutral): 0.438371
between lakes Fst (effect): 0.851835
between Marine Regions Fst: 0.00902179
-------------------------------
Output1 for generation 8401:

Oceanic mean pheno: 10.1099
Freshwater mean pheno: -9.25439
mean Ocean/Fresh Fst: 0.0326906
mean Ocean/Fresh Fst (Neutral mutations only): 0.0293834
mean Ocean/Fresh Fst (Effect mutations only): 0.111973
between lakes Fst: 0.443649
between lakes Fst (neutral): 0.424852
between lakes Fst (effect): 0.799911
between Marine Regions Fst: 0.00881525
-------------------------------
Output1 for generation 8501:

Oceanic mean pheno: 10.1658
Freshwater mean pheno: -9.40523
mean Ocean/Fresh Fst: 0.0326171
mean Ocean/Fresh Fst (Neutral mutations only): 0.0293287
mean Ocean/Fresh Fst (Effect mutations only): 0.110717
between lakes Fst: 0.441126
between lakes Fst (neutral): 0.419107
between lakes Fst (effect): 0.841421
between Marine Regions Fst: 0.00842943
-------------------------------
Output1 for generation 8601:

Oceanic mean pheno: 10.593
Freshwater mean pheno: -8.80498
mean Ocean/Fresh Fst: 0.0322686
mean Ocean/Fresh Fst (Neutral mutations only): 0.0290779
mean Ocean/Fresh Fst (Effect mutations only): 0.11379
between lakes Fst: 0.42062
between lakes Fst (neutral): 0.397842
between lakes Fst (effect): 0.870895
between Marine Regions Fst: 0.00778663
-------------------------------
Output1 for generation 8701:

Oceanic mean pheno: 10.0788
Freshwater mean pheno: -8.60778
mean Ocean/Fresh Fst: 0.0335641
mean Ocean/Fresh Fst (Neutral mutations only): 0.0304237
mean Ocean/Fresh Fst (Effect mutations only): 0.109451
between lakes Fst: 0.435493
between lakes Fst (neutral): 0.414776
between lakes Fst (effect): 0.834049
between Marine Regions Fst: 0.00837834
-------------------------------
Output1 for generation 8801:

Oceanic mean pheno: 10.0376
Freshwater mean pheno: -8.48733
mean Ocean/Fresh Fst: 0.0329976
mean Ocean/Fresh Fst (Neutral mutations only): 0.0301095
mean Ocean/Fresh Fst (Effect mutations only): 0.101233
between lakes Fst: 0.44652
between lakes Fst (neutral): 0.427252
between lakes Fst (effect): 0.832877
between Marine Regions Fst: 0.00892667
-------------------------------
Output1 for generation 8901:

Oceanic mean pheno: 10.3061
Freshwater mean pheno: -8.93847
mean Ocean/Fresh Fst: 0.0335954
mean Ocean/Fresh Fst (Neutral mutations only): 0.0306354
mean Ocean/Fresh Fst (Effect mutations only): 0.101638
between lakes Fst: 0.443812
between lakes Fst (neutral): 0.422891
between lakes Fst (effect): 0.832246
between Marine Regions Fst: 0.00868661
-------------------------------
Output1 for generation 9001:

Oceanic mean pheno: 10.6541
Freshwater mean pheno: -8.94521
mean Ocean/Fresh Fst: 0.0333884
mean Ocean/Fresh Fst (Neutral mutations only): 0.0302516
mean Ocean/Fresh Fst (Effect mutations only): 0.105337
between lakes Fst: 0.432632
between lakes Fst (neutral): 0.415421
between lakes Fst (effect): 0.811261
between Marine Regions Fst: 0.00838214
-------------------------------
Output1 for generation 9101:

Oceanic mean pheno: 10.3571
Freshwater mean pheno: -8.74459
mean Ocean/Fresh Fst: 0.0333992
mean Ocean/Fresh Fst (Neutral mutations only): 0.0305693
mean Ocean/Fresh Fst (Effect mutations only): 0.0941395
between lakes Fst: 0.463237
between lakes Fst (neutral): 0.446872
between lakes Fst (effect): 0.787311
between Marine Regions Fst: 0.00809777
-------------------------------
Output1 for generation 9201:

Oceanic mean pheno: 9.77928
Freshwater mean pheno: -8.84829
mean Ocean/Fresh Fst: 0.0337968
mean Ocean/Fresh Fst (Neutral mutations only): 0.0309966
mean Ocean/Fresh Fst (Effect mutations only): 0.102535
between lakes Fst: 0.438523
between lakes Fst (neutral): 0.417983
between lakes Fst (effect): 0.889989
between Marine Regions Fst: 0.00780898
-------------------------------
Output1 for generation 9301:

Oceanic mean pheno: 9.93718
Freshwater mean pheno: -8.91029
mean Ocean/Fresh Fst: 0.0339176
mean Ocean/Fresh Fst (Neutral mutations only): 0.031139
mean Ocean/Fresh Fst (Effect mutations only): 0.106442
between lakes Fst: 0.462742
between lakes Fst (neutral): 0.442616
between lakes Fst (effect): 0.886955
between Marine Regions Fst: 0.0082351
-------------------------------
Output1 for generation 9401:

Oceanic mean pheno: 9.73492
Freshwater mean pheno: -8.96586
mean Ocean/Fresh Fst: 0.0329302
mean Ocean/Fresh Fst (Neutral mutations only): 0.0302776
mean Ocean/Fresh Fst (Effect mutations only): 0.0999096
between lakes Fst: 0.429575
between lakes Fst (neutral): 0.411769
between lakes Fst (effect): 0.812952
between Marine Regions Fst: 0.00812397
-------------------------------
Output1 for generation 9501:

Oceanic mean pheno: 9.65082
Freshwater mean pheno: -8.84945
mean Ocean/Fresh Fst: 0.0325468
mean Ocean/Fresh Fst (Neutral mutations only): 0.0298704
mean Ocean/Fresh Fst (Effect mutations only): 0.105046
between lakes Fst: 0.448661
between lakes Fst (neutral): 0.427112
between lakes Fst (effect): 0.889304
between Marine Regions Fst: 0.00844046
-------------------------------
Output1 for generation 9601:

Oceanic mean pheno: 10.0754
Freshwater mean pheno: -9.04981
mean Ocean/Fresh Fst: 0.0339922
mean Ocean/Fresh Fst (Neutral mutations only): 0.0309527
mean Ocean/Fresh Fst (Effect mutations only): 0.113496
between lakes Fst: 0.415098
between lakes Fst (neutral): 0.394208
between lakes Fst (effect): 0.84465
between Marine Regions Fst: 0.0080384
-------------------------------
Output1 for generation 9701:

Oceanic mean pheno: 10.1164
Freshwater mean pheno: -8.87436
mean Ocean/Fresh Fst: 0.0349004
mean Ocean/Fresh Fst (Neutral mutations only): 0.0319081
mean Ocean/Fresh Fst (Effect mutations only): 0.110872
between lakes Fst: 0.477818
between lakes Fst (neutral): 0.458028
between lakes Fst (effect): 0.876726
between Marine Regions Fst: 0.00835404
-------------------------------
Output1 for generation 9801:

Oceanic mean pheno: 10.2159
Freshwater mean pheno: -8.91853
mean Ocean/Fresh Fst: 0.0347256
mean Ocean/Fresh Fst (Neutral mutations only): 0.0317049
mean Ocean/Fresh Fst (Effect mutations only): 0.114621
between lakes Fst: 0.442112
between lakes Fst (neutral): 0.422519
between lakes Fst (effect): 0.870858
between Marine Regions Fst: 0.00846367
-------------------------------
Output1 for generation 9901:

Oceanic mean pheno: 10.2652
Freshwater mean pheno: -8.88236
mean Ocean/Fresh Fst: 0.0350008
mean Ocean/Fresh Fst (Neutral mutations only): 0.0318195
mean Ocean/Fresh Fst (Effect mutations only): 0.115114
between lakes Fst: 0.476489
between lakes Fst (neutral): 0.457972
between lakes Fst (effect): 0.851201
between Marine Regions Fst: 0.00824779
-------------------------------
Output1 for generation 10001:

Oceanic mean pheno: 9.83694
Freshwater mean pheno: -8.92535
mean Ocean/Fresh Fst: 0.0332503
mean Ocean/Fresh Fst (Neutral mutations only): 0.030324
mean Ocean/Fresh Fst (Effect mutations only): 0.112855
between lakes Fst: 0.488646
between lakes Fst (neutral): 0.471227
between lakes Fst (effect): 0.850858
between Marine Regions Fst: 0.00890317
-------------------------------
Output1 for generation 10101:

Oceanic mean pheno: 10.1313
Freshwater mean pheno: -8.79806
mean Ocean/Fresh Fst: 0.0349176
mean Ocean/Fresh Fst (Neutral mutations only): 0.0318167
mean Ocean/Fresh Fst (Effect mutations only): 0.114877
between lakes Fst: 0.451714
between lakes Fst (neutral): 0.433849
between lakes Fst (effect): 0.829985
between Marine Regions Fst: 0.00835471
-------------------------------
Output1 for generation 10201:

Oceanic mean pheno: 9.84219
Freshwater mean pheno: -9.00082
mean Ocean/Fresh Fst: 0.0341147
mean Ocean/Fresh Fst (Neutral mutations only): 0.0310107
mean Ocean/Fresh Fst (Effect mutations only): 0.118192
between lakes Fst: 0.457064
between lakes Fst (neutral): 0.437631
between lakes Fst (effect): 0.860145
between Marine Regions Fst: 0.00881149
-------------------------------
Output1 for generation 10301:

Oceanic mean pheno: 10.3163
Freshwater mean pheno: -9.04735
mean Ocean/Fresh Fst: 0.0343814
mean Ocean/Fresh Fst (Neutral mutations only): 0.0311854
mean Ocean/Fresh Fst (Effect mutations only): 0.120906
between lakes Fst: 0.480716
between lakes Fst (neutral): 0.461577
between lakes Fst (effect): 0.901091
between Marine Regions Fst: 0.00829837
-------------------------------
Output1 for generation 10401:

Oceanic mean pheno: 10.3417
Freshwater mean pheno: -9.21768
mean Ocean/Fresh Fst: 0.0334762
mean Ocean/Fresh Fst (Neutral mutations only): 0.0303164
mean Ocean/Fresh Fst (Effect mutations only): 0.119873
between lakes Fst: 0.44999
between lakes Fst (neutral): 0.430441
between lakes Fst (effect): 0.869341
between Marine Regions Fst: 0.00826153
-------------------------------
Output1 for generation 10501:

Oceanic mean pheno: 10.3146
Freshwater mean pheno: -9.32813
mean Ocean/Fresh Fst: 0.0336147
mean Ocean/Fresh Fst (Neutral mutations only): 0.030678
mean Ocean/Fresh Fst (Effect mutations only): 0.112498
between lakes Fst: 0.457906
between lakes Fst (neutral): 0.438166
between lakes Fst (effect): 0.854418
between Marine Regions Fst: 0.00823693
-------------------------------
Output1 for generation 10601:

Oceanic mean pheno: 10.3218
Freshwater mean pheno: -9.22286
mean Ocean/Fresh Fst: 0.0346316
mean Ocean/Fresh Fst (Neutral mutations only): 0.0316317
mean Ocean/Fresh Fst (Effect mutations only): 0.117746
between lakes Fst: 0.434118
between lakes Fst (neutral): 0.414095
between lakes Fst (effect): 0.875452
between Marine Regions Fst: 0.00926222
-------------------------------
Output1 for generation 10701:

Oceanic mean pheno: 10.2918
Freshwater mean pheno: -9.18297
mean Ocean/Fresh Fst: 0.0342768
mean Ocean/Fresh Fst (Neutral mutations only): 0.031515
mean Ocean/Fresh Fst (Effect mutations only): 0.109715
between lakes Fst: 0.471132
between lakes Fst (neutral): 0.449744
between lakes Fst (effect): 0.885013
between Marine Regions Fst: 0.00895114
-------------------------------
Output1 for generation 10801:

Oceanic mean pheno: 9.78046
Freshwater mean pheno: -9.20526
mean Ocean/Fresh Fst: 0.034198
mean Ocean/Fresh Fst (Neutral mutations only): 0.0316852
mean Ocean/Fresh Fst (Effect mutations only): 0.104482
between lakes Fst: 0.446787
between lakes Fst (neutral): 0.425322
between lakes Fst (effect): 0.908496
between Marine Regions Fst: 0.00894661
-------------------------------
Output1 for generation 10901:

Oceanic mean pheno: 9.92265
Freshwater mean pheno: -9.34473
mean Ocean/Fresh Fst: 0.0347429
mean Ocean/Fresh Fst (Neutral mutations only): 0.0321399
mean Ocean/Fresh Fst (Effect mutations only): 0.101697
between lakes Fst: 0.510236
between lakes Fst (neutral): 0.493758
between lakes Fst (effect): 0.846374
between Marine Regions Fst: 0.00853653
-------------------------------
Output1 for generation 11001:

Oceanic mean pheno: 10.0095
Freshwater mean pheno: -9.53094
mean Ocean/Fresh Fst: 0.032654
mean Ocean/Fresh Fst (Neutral mutations only): 0.0300646
mean Ocean/Fresh Fst (Effect mutations only): 0.103737
between lakes Fst: 0.456234
between lakes Fst (neutral): 0.440583
between lakes Fst (effect): 0.839858
between Marine Regions Fst: 0.00791036
-------------------------------
Output1 for generation 11101:

Oceanic mean pheno: 10.026
Freshwater mean pheno: -9.46939
mean Ocean/Fresh Fst: 0.0331614
mean Ocean/Fresh Fst (Neutral mutations only): 0.0303405
mean Ocean/Fresh Fst (Effect mutations only): 0.11149
between lakes Fst: 0.46623
between lakes Fst (neutral): 0.448922
between lakes Fst (effect): 0.852777
between Marine Regions Fst: 0.0085547
-------------------------------
Output1 for generation 11201:

Oceanic mean pheno: 9.58922
Freshwater mean pheno: -9.41952
mean Ocean/Fresh Fst: 0.0337835
mean Ocean/Fresh Fst (Neutral mutations only): 0.0314023
mean Ocean/Fresh Fst (Effect mutations only): 0.0960258
between lakes Fst: 0.511691
between lakes Fst (neutral): 0.49571
between lakes Fst (effect): 0.86196
between Marine Regions Fst: 0.00810134
-------------------------------
Output1 for generation 11301:

Oceanic mean pheno: 9.47499
Freshwater mean pheno: -9.39351
mean Ocean/Fresh Fst: 0.0337463
mean Ocean/Fresh Fst (Neutral mutations only): 0.031423
mean Ocean/Fresh Fst (Effect mutations only): 0.0963774
between lakes Fst: 0.476329
between lakes Fst (neutral): 0.460377
between lakes Fst (effect): 0.853463
between Marine Regions Fst: 0.00815859
-------------------------------
Output1 for generation 11401:

Oceanic mean pheno: 9.65092
Freshwater mean pheno: -9.33124
mean Ocean/Fresh Fst: 0.033764
mean Ocean/Fresh Fst (Neutral mutations only): 0.0314553
mean Ocean/Fresh Fst (Effect mutations only): 0.0944761
between lakes Fst: 0.486352
between lakes Fst (neutral): 0.471933
between lakes Fst (effect): 0.808133
between Marine Regions Fst: 0.00944315
-------------------------------
Output1 for generation 11501:

Oceanic mean pheno: 9.92889
Freshwater mean pheno: -9.21527
mean Ocean/Fresh Fst: 0.0354109
mean Ocean/Fresh Fst (Neutral mutations only): 0.0329956
mean Ocean/Fresh Fst (Effect mutations only): 0.100591
between lakes Fst: 0.490897
between lakes Fst (neutral): 0.474909
between lakes Fst (effect): 0.839041
between Marine Regions Fst: 0.008495
-------------------------------
Output1 for generation 11601:

Oceanic mean pheno: 10.0162
Freshwater mean pheno: -9.2125
mean Ocean/Fresh Fst: 0.0349786
mean Ocean/Fresh Fst (Neutral mutations only): 0.0326375
mean Ocean/Fresh Fst (Effect mutations only): 0.0923053
between lakes Fst: 0.500171
between lakes Fst (neutral): 0.485827
between lakes Fst (effect): 0.834533
between Marine Regions Fst: 0.00827381
-------------------------------
Output1 for generation 11701:

Oceanic mean pheno: 10.2976
Freshwater mean pheno: -9.22873
mean Ocean/Fresh Fst: 0.0350404
mean Ocean/Fresh Fst (Neutral mutations only): 0.0325207
mean Ocean/Fresh Fst (Effect mutations only): 0.101209
between lakes Fst: 0.504974
between lakes Fst (neutral): 0.487361
between lakes Fst (effect): 0.899265
between Marine Regions Fst: 0.00793275
-------------------------------
Output1 for generation 11801:

Oceanic mean pheno: 10.0104
Freshwater mean pheno: -9.10763
mean Ocean/Fresh Fst: 0.0351843
mean Ocean/Fresh Fst (Neutral mutations only): 0.0326893
mean Ocean/Fresh Fst (Effect mutations only): 0.100852
between lakes Fst: 0.486269
between lakes Fst (neutral): 0.472398
between lakes Fst (effect): 0.844445
between Marine Regions Fst: 0.00877933
-------------------------------
Output1 for generation 11901:

Oceanic mean pheno: 9.94496
Freshwater mean pheno: -9.07231
mean Ocean/Fresh Fst: 0.0340293
mean Ocean/Fresh Fst (Neutral mutations only): 0.0314371
mean Ocean/Fresh Fst (Effect mutations only): 0.10088
between lakes Fst: 0.450483
between lakes Fst (neutral): 0.434494
between lakes Fst (effect): 0.766354
between Marine Regions Fst: 0.00882926
-------------------------------
Output1 for generation 12001:

Oceanic mean pheno: 9.97024
Freshwater mean pheno: -9.22409
mean Ocean/Fresh Fst: 0.0346669
mean Ocean/Fresh Fst (Neutral mutations only): 0.0320028
mean Ocean/Fresh Fst (Effect mutations only): 0.105867
between lakes Fst: 0.431787
between lakes Fst (neutral): 0.414684
between lakes Fst (effect): 0.850988
between Marine Regions Fst: 0.00816509
-------------------------------
Output1 for generation 12101:

Oceanic mean pheno: 10.091
Freshwater mean pheno: -9.12117
mean Ocean/Fresh Fst: 0.0341168
mean Ocean/Fresh Fst (Neutral mutations only): 0.0314083
mean Ocean/Fresh Fst (Effect mutations only): 0.109204
between lakes Fst: 0.462001
between lakes Fst (neutral): 0.444423
between lakes Fst (effect): 0.856644
between Marine Regions Fst: 0.00920836
-------------------------------
Output1 for generation 12201:

Oceanic mean pheno: 9.86314
Freshwater mean pheno: -8.98527
mean Ocean/Fresh Fst: 0.0344221
mean Ocean/Fresh Fst (Neutral mutations only): 0.0319217
mean Ocean/Fresh Fst (Effect mutations only): 0.103567
between lakes Fst: 0.481445
between lakes Fst (neutral): 0.467575
between lakes Fst (effect): 0.829331
between Marine Regions Fst: 0.00836705
-------------------------------
Output1 for generation 12301:

Oceanic mean pheno: 9.67548
Freshwater mean pheno: -9.08068
mean Ocean/Fresh Fst: 0.0343646
mean Ocean/Fresh Fst (Neutral mutations only): 0.0318002
mean Ocean/Fresh Fst (Effect mutations only): 0.109214
between lakes Fst: 0.469493
between lakes Fst (neutral): 0.456236
between lakes Fst (effect): 0.817494
between Marine Regions Fst: 0.00818205
-------------------------------
Output1 for generation 12401:

Oceanic mean pheno: 9.91559
Freshwater mean pheno: -8.80497
mean Ocean/Fresh Fst: 0.0337484
mean Ocean/Fresh Fst (Neutral mutations only): 0.031507
mean Ocean/Fresh Fst (Effect mutations only): 0.0979791
between lakes Fst: 0.502266
between lakes Fst (neutral): 0.485067
between lakes Fst (effect): 0.875886
between Marine Regions Fst: 0.00872906
-------------------------------
Output1 for generation 12501:

Oceanic mean pheno: 9.99262
Freshwater mean pheno: -8.8941
mean Ocean/Fresh Fst: 0.0333805
mean Ocean/Fresh Fst (Neutral mutations only): 0.0310813
mean Ocean/Fresh Fst (Effect mutations only): 0.097694
between lakes Fst: 0.474231
between lakes Fst (neutral): 0.458321
between lakes Fst (effect): 0.847009
between Marine Regions Fst: 0.00941138
-------------------------------
Output1 for generation 12601:

Oceanic mean pheno: 9.81229
Freshwater mean pheno: -8.99612
mean Ocean/Fresh Fst: 0.0344063
mean Ocean/Fresh Fst (Neutral mutations only): 0.0320294
mean Ocean/Fresh Fst (Effect mutations only): 0.0973477
between lakes Fst: 0.479532
between lakes Fst (neutral): 0.465042
between lakes Fst (effect): 0.830904
between Marine Regions Fst: 0.00748826
-------------------------------
Output1 for generation 12701:

Oceanic mean pheno: 10.1494
Freshwater mean pheno: -8.75759
mean Ocean/Fresh Fst: 0.033572
mean Ocean/Fresh Fst (Neutral mutations only): 0.0312069
mean Ocean/Fresh Fst (Effect mutations only): 0.0984206
between lakes Fst: 0.487504
between lakes Fst (neutral): 0.470931
between lakes Fst (effect): 0.878042
between Marine Regions Fst: 0.00823155
-------------------------------
Output1 for generation 12801:

Oceanic mean pheno: 9.89582
Freshwater mean pheno: -8.74893
mean Ocean/Fresh Fst: 0.0342844
mean Ocean/Fresh Fst (Neutral mutations only): 0.0319245
mean Ocean/Fresh Fst (Effect mutations only): 0.0995409
between lakes Fst: 0.496138
between lakes Fst (neutral): 0.480873
between lakes Fst (effect): 0.876637
between Marine Regions Fst: 0.00785886
-------------------------------
Output1 for generation 12901:

Oceanic mean pheno: 9.92321
Freshwater mean pheno: -8.97527
mean Ocean/Fresh Fst: 0.0336257
mean Ocean/Fresh Fst (Neutral mutations only): 0.0312837
mean Ocean/Fresh Fst (Effect mutations only): 0.106439
between lakes Fst: 0.489397
between lakes Fst (neutral): 0.470775
between lakes Fst (effect): 0.927832
between Marine Regions Fst: 0.00826409
-------------------------------
Output1 for generation 13001:

Oceanic mean pheno: 9.82772
Freshwater mean pheno: -8.99027
mean Ocean/Fresh Fst: 0.0334015
mean Ocean/Fresh Fst (Neutral mutations only): 0.0311031
mean Ocean/Fresh Fst (Effect mutations only): 0.0998929
between lakes Fst: 0.485103
between lakes Fst (neutral): 0.470811
between lakes Fst (effect): 0.846605
between Marine Regions Fst: 0.00789421
-------------------------------
Output1 for generation 13101:

Oceanic mean pheno: 9.97028
Freshwater mean pheno: -9.01868
mean Ocean/Fresh Fst: 0.0345326
mean Ocean/Fresh Fst (Neutral mutations only): 0.0322418
mean Ocean/Fresh Fst (Effect mutations only): 0.0954079
between lakes Fst: 0.512384
between lakes Fst (neutral): 0.496959
between lakes Fst (effect): 0.868226
between Marine Regions Fst: 0.00829507
-------------------------------
Output1 for generation 13201:

Oceanic mean pheno: 9.92057
Freshwater mean pheno: -8.93374
mean Ocean/Fresh Fst: 0.0354665
mean Ocean/Fresh Fst (Neutral mutations only): 0.0329745
mean Ocean/Fresh Fst (Effect mutations only): 0.107129
between lakes Fst: 0.483137
between lakes Fst (neutral): 0.467513
between lakes Fst (effect): 0.89785
between Marine Regions Fst: 0.00849749
-------------------------------
Output1 for generation 13301:

Oceanic mean pheno: 9.63657
Freshwater mean pheno: -8.86719
mean Ocean/Fresh Fst: 0.0346751
mean Ocean/Fresh Fst (Neutral mutations only): 0.032205
mean Ocean/Fresh Fst (Effect mutations only): 0.104359
between lakes Fst: 0.509572
between lakes Fst (neutral): 0.492987
between lakes Fst (effect): 0.918457
between Marine Regions Fst: 0.00761997
-------------------------------
Output1 for generation 13401:

Oceanic mean pheno: 9.56671
Freshwater mean pheno: -8.66642
mean Ocean/Fresh Fst: 0.0344884
mean Ocean/Fresh Fst (Neutral mutations only): 0.0319299
mean Ocean/Fresh Fst (Effect mutations only): 0.107172
between lakes Fst: 0.477569
between lakes Fst (neutral): 0.461775
between lakes Fst (effect): 0.867049
between Marine Regions Fst: 0.00755894
-------------------------------
Output1 for generation 13501:

Oceanic mean pheno: 9.66655
Freshwater mean pheno: -8.77276
mean Ocean/Fresh Fst: 0.0348005
mean Ocean/Fresh Fst (Neutral mutations only): 0.0322799
mean Ocean/Fresh Fst (Effect mutations only): 0.102201
between lakes Fst: 0.497331
between lakes Fst (neutral): 0.481449
between lakes Fst (effect): 0.870862
between Marine Regions Fst: 0.00852469
-------------------------------
Output1 for generation 13601:

Oceanic mean pheno: 9.69227
Freshwater mean pheno: -8.84384
mean Ocean/Fresh Fst: 0.0335252
mean Ocean/Fresh Fst (Neutral mutations only): 0.0311415
mean Ocean/Fresh Fst (Effect mutations only): 0.0977588
between lakes Fst: 0.47369
between lakes Fst (neutral): 0.458459
between lakes Fst (effect): 0.8364
between Marine Regions Fst: 0.00937837
-------------------------------
Output1 for generation 13701:

Oceanic mean pheno: 9.84323
Freshwater mean pheno: -8.85534
mean Ocean/Fresh Fst: 0.0339966
mean Ocean/Fresh Fst (Neutral mutations only): 0.0313884
mean Ocean/Fresh Fst (Effect mutations only): 0.105975
between lakes Fst: 0.48974
between lakes Fst (neutral): 0.472574
between lakes Fst (effect): 0.872632
between Marine Regions Fst: 0.0092507
-------------------------------
Output1 for generation 13801:

Oceanic mean pheno: 10.1218
Freshwater mean pheno: -8.99882
mean Ocean/Fresh Fst: 0.0335327
mean Ocean/Fresh Fst (Neutral mutations only): 0.0309466
mean Ocean/Fresh Fst (Effect mutations only): 0.105764
between lakes Fst: 0.512754
between lakes Fst (neutral): 0.497708
between lakes Fst (effect): 0.847083
between Marine Regions Fst: 0.00821558
-------------------------------
Output1 for generation 13901:

Oceanic mean pheno: 10.2562
Freshwater mean pheno: -9.15554
mean Ocean/Fresh Fst: 0.0354488
mean Ocean/Fresh Fst (Neutral mutations only): 0.0327256
mean Ocean/Fresh Fst (Effect mutations only): 0.10544
between lakes Fst: 0.500301
between lakes Fst (neutral): 0.485923
between lakes Fst (effect): 0.815089
between Marine Regions Fst: 0.00900315
-------------------------------
Output1 for generation 14001:

Oceanic mean pheno: 10.2962
Freshwater mean pheno: -9.03427
mean Ocean/Fresh Fst: 0.035489
mean Ocean/Fresh Fst (Neutral mutations only): 0.0326741
mean Ocean/Fresh Fst (Effect mutations only): 0.11134
between lakes Fst: 0.494768
between lakes Fst (neutral): 0.478592
between lakes Fst (effect): 0.857847
between Marine Regions Fst: 0.00789087
-------------------------------
Output1 for generation 14101:

Oceanic mean pheno: 10.3533
Freshwater mean pheno: -9.2596
mean Ocean/Fresh Fst: 0.0341028
mean Ocean/Fresh Fst (Neutral mutations only): 0.0314232
mean Ocean/Fresh Fst (Effect mutations only): 0.10663
between lakes Fst: 0.511378
between lakes Fst (neutral): 0.49583
between lakes Fst (effect): 0.875205
between Marine Regions Fst: 0.00823878
-------------------------------
Output1 for generation 14201:

Oceanic mean pheno: 10.2568
Freshwater mean pheno: -9.29261
mean Ocean/Fresh Fst: 0.0344963
mean Ocean/Fresh Fst (Neutral mutations only): 0.0318036
mean Ocean/Fresh Fst (Effect mutations only): 0.10657
between lakes Fst: 0.488219
between lakes Fst (neutral): 0.475523
between lakes Fst (effect): 0.815149
between Marine Regions Fst: 0.00812923
-------------------------------
Output1 for generation 14301:

Oceanic mean pheno: 10.1954
Freshwater mean pheno: -9.14713
mean Ocean/Fresh Fst: 0.0355278
mean Ocean/Fresh Fst (Neutral mutations only): 0.0327019
mean Ocean/Fresh Fst (Effect mutations only): 0.111045
between lakes Fst: 0.485294
between lakes Fst (neutral): 0.471381
between lakes Fst (effect): 0.782978
between Marine Regions Fst: 0.00838112
-------------------------------
Output1 for generation 14401:

Oceanic mean pheno: 10.0204
Freshwater mean pheno: -9.32324
mean Ocean/Fresh Fst: 0.034485
mean Ocean/Fresh Fst (Neutral mutations only): 0.0318752
mean Ocean/Fresh Fst (Effect mutations only): 0.106272
between lakes Fst: 0.505955
between lakes Fst (neutral): 0.490251
between lakes Fst (effect): 0.834751
between Marine Regions Fst: 0.00871691
-------------------------------
Output1 for generation 14501:

Oceanic mean pheno: 9.806
Freshwater mean pheno: -9.37631
mean Ocean/Fresh Fst: 0.0351279
mean Ocean/Fresh Fst (Neutral mutations only): 0.0324418
mean Ocean/Fresh Fst (Effect mutations only): 0.112621
between lakes Fst: 0.531929
between lakes Fst (neutral): 0.517158
between lakes Fst (effect): 0.883882
between Marine Regions Fst: 0.00843691
-------------------------------
Output1 for generation 14601:

Oceanic mean pheno: 9.57834
Freshwater mean pheno: -9.37067
mean Ocean/Fresh Fst: 0.0348412
mean Ocean/Fresh Fst (Neutral mutations only): 0.0322524
mean Ocean/Fresh Fst (Effect mutations only): 0.103186
between lakes Fst: 0.479609
between lakes Fst (neutral): 0.464299
between lakes Fst (effect): 0.827733
between Marine Regions Fst: 0.00838347
-------------------------------
Output1 for generation 14701:

Oceanic mean pheno: 9.52126
Freshwater mean pheno: -9.50549
mean Ocean/Fresh Fst: 0.0359779
mean Ocean/Fresh Fst (Neutral mutations only): 0.0333841
mean Ocean/Fresh Fst (Effect mutations only): 0.103098
between lakes Fst: 0.53469
between lakes Fst (neutral): 0.522574
between lakes Fst (effect): 0.79052
between Marine Regions Fst: 0.00915715
-------------------------------
Output1 for generation 14801:

Oceanic mean pheno: 9.29924
Freshwater mean pheno: -9.59519
mean Ocean/Fresh Fst: 0.0360598
mean Ocean/Fresh Fst (Neutral mutations only): 0.0334671
mean Ocean/Fresh Fst (Effect mutations only): 0.107408
between lakes Fst: 0.486316
between lakes Fst (neutral): 0.474319
between lakes Fst (effect): 0.775794
between Marine Regions Fst: 0.00788385
-------------------------------
Output1 for generation 14901:

Oceanic mean pheno: 9.50684
Freshwater mean pheno: -9.40358
mean Ocean/Fresh Fst: 0.0361256
mean Ocean/Fresh Fst (Neutral mutations only): 0.0335086
mean Ocean/Fresh Fst (Effect mutations only): 0.108335
between lakes Fst: 0.500994
between lakes Fst (neutral): 0.489794
between lakes Fst (effect): 0.761282
between Marine Regions Fst: 0.00805191
-------------------------------
Output1 for generation 15001:

Oceanic mean pheno: 9.73586
Freshwater mean pheno: -9.33629
mean Ocean/Fresh Fst: 0.0363178
mean Ocean/Fresh Fst (Neutral mutations only): 0.0336046
mean Ocean/Fresh Fst (Effect mutations only): 0.110456
between lakes Fst: 0.475347
between lakes Fst (neutral): 0.462106
between lakes Fst (effect): 0.782178
between Marine Regions Fst: 0.00722881
-------------------------------
Output1 for generation 15101:

Oceanic mean pheno: 9.87026
Freshwater mean pheno: -9.42417
mean Ocean/Fresh Fst: 0.0370075
mean Ocean/Fresh Fst (Neutral mutations only): 0.0339974
mean Ocean/Fresh Fst (Effect mutations only): 0.120062
between lakes Fst: 0.515496
between lakes Fst (neutral): 0.503075
between lakes Fst (effect): 0.810644
between Marine Regions Fst: 0.00823551
-------------------------------
Output1 for generation 15201:

Oceanic mean pheno: 9.79736
Freshwater mean pheno: -9.50016
mean Ocean/Fresh Fst: 0.0365717
mean Ocean/Fresh Fst (Neutral mutations only): 0.0334875
mean Ocean/Fresh Fst (Effect mutations only): 0.127512
between lakes Fst: 0.485708
between lakes Fst (neutral): 0.471091
between lakes Fst (effect): 0.87567
between Marine Regions Fst: 0.0081659
-------------------------------
Output1 for generation 15301:

Oceanic mean pheno: 9.63091
Freshwater mean pheno: -9.59066
mean Ocean/Fresh Fst: 0.0365268
mean Ocean/Fresh Fst (Neutral mutations only): 0.033279
mean Ocean/Fresh Fst (Effect mutations only): 0.13702
between lakes Fst: 0.467841
between lakes Fst (neutral): 0.453901
between lakes Fst (effect): 0.91587
between Marine Regions Fst: 0.00852093
-------------------------------
Output1 for generation 15401:

Oceanic mean pheno: 9.5456
Freshwater mean pheno: -9.43508
mean Ocean/Fresh Fst: 0.0359739
mean Ocean/Fresh Fst (Neutral mutations only): 0.0328979
mean Ocean/Fresh Fst (Effect mutations only): 0.129706
between lakes Fst: 0.513972
between lakes Fst (neutral): 0.499259
between lakes Fst (effect): 0.878239
between Marine Regions Fst: 0.00947626
-------------------------------
Output1 for generation 15501:

Oceanic mean pheno: 9.65027
Freshwater mean pheno: -9.35621
mean Ocean/Fresh Fst: 0.036297
mean Ocean/Fresh Fst (Neutral mutations only): 0.0332278
mean Ocean/Fresh Fst (Effect mutations only): 0.126229
between lakes Fst: 0.518119
between lakes Fst (neutral): 0.503244
between lakes Fst (effect): 0.844186
between Marine Regions Fst: 0.00881997
-------------------------------
Output1 for generation 15601:

Oceanic mean pheno: 9.90577
Freshwater mean pheno: -9.32981
mean Ocean/Fresh Fst: 0.0363638
mean Ocean/Fresh Fst (Neutral mutations only): 0.0332767
mean Ocean/Fresh Fst (Effect mutations only): 0.125223
between lakes Fst: 0.500027
between lakes Fst (neutral): 0.484748
between lakes Fst (effect): 0.847216
between Marine Regions Fst: 0.00855992
-------------------------------
Output1 for generation 15701:

Oceanic mean pheno: 10.0556
Freshwater mean pheno: -9.32933
mean Ocean/Fresh Fst: 0.0376932
mean Ocean/Fresh Fst (Neutral mutations only): 0.0344948
mean Ocean/Fresh Fst (Effect mutations only): 0.13107
between lakes Fst: 0.492688
between lakes Fst (neutral): 0.478652
between lakes Fst (effect): 0.808751
between Marine Regions Fst: 0.00864528
-------------------------------
Output1 for generation 15801:

Oceanic mean pheno: 10.1456
Freshwater mean pheno: -9.51204
mean Ocean/Fresh Fst: 0.0373469
mean Ocean/Fresh Fst (Neutral mutations only): 0.0342277
mean Ocean/Fresh Fst (Effect mutations only): 0.129278
between lakes Fst: 0.490967
between lakes Fst (neutral): 0.476029
between lakes Fst (effect): 0.827881
between Marine Regions Fst: 0.0088131
-------------------------------
Output1 for generation 15901:

Oceanic mean pheno: 9.96917
Freshwater mean pheno: -9.41047
mean Ocean/Fresh Fst: 0.0370581
mean Ocean/Fresh Fst (Neutral mutations only): 0.0341548
mean Ocean/Fresh Fst (Effect mutations only): 0.11955
between lakes Fst: 0.527283
between lakes Fst (neutral): 0.513803
between lakes Fst (effect): 0.82769
between Marine Regions Fst: 0.00806926
-------------------------------
Output1 for generation 16001:

Oceanic mean pheno: 10.0709
Freshwater mean pheno: -9.51205
mean Ocean/Fresh Fst: 0.0378832
mean Ocean/Fresh Fst (Neutral mutations only): 0.0349011
mean Ocean/Fresh Fst (Effect mutations only): 0.12376
between lakes Fst: 0.512456
between lakes Fst (neutral): 0.500025
between lakes Fst (effect): 0.809471
between Marine Regions Fst: 0.00811833
-------------------------------
Output1 for generation 16101:

Oceanic mean pheno: 10.1896
Freshwater mean pheno: -9.33295
mean Ocean/Fresh Fst: 0.0372725
mean Ocean/Fresh Fst (Neutral mutations only): 0.0343065
mean Ocean/Fresh Fst (Effect mutations only): 0.125277
between lakes Fst: 0.501011
between lakes Fst (neutral): 0.487834
between lakes Fst (effect): 0.845091
between Marine Regions Fst: 0.00837148
-------------------------------
Output1 for generation 16201:

Oceanic mean pheno: 9.97395
Freshwater mean pheno: -9.30688
mean Ocean/Fresh Fst: 0.0372197
mean Ocean/Fresh Fst (Neutral mutations only): 0.0344019
mean Ocean/Fresh Fst (Effect mutations only): 0.120019
between lakes Fst: 0.519258
between lakes Fst (neutral): 0.504773
between lakes Fst (effect): 0.841555
between Marine Regions Fst: 0.00852337
-------------------------------
Output1 for generation 16301:

Oceanic mean pheno: 9.88411
Freshwater mean pheno: -9.14824
mean Ocean/Fresh Fst: 0.0385548
mean Ocean/Fresh Fst (Neutral mutations only): 0.0357084
mean Ocean/Fresh Fst (Effect mutations only): 0.11911
between lakes Fst: 0.53493
between lakes Fst (neutral): 0.520737
between lakes Fst (effect): 0.884128
between Marine Regions Fst: 0.00850367
-------------------------------
Output1 for generation 16401:

Oceanic mean pheno: 9.93259
Freshwater mean pheno: -9.07394
mean Ocean/Fresh Fst: 0.038793
mean Ocean/Fresh Fst (Neutral mutations only): 0.035961
mean Ocean/Fresh Fst (Effect mutations only): 0.117679
between lakes Fst: 0.497701
between lakes Fst (neutral): 0.485051
between lakes Fst (effect): 0.830459
between Marine Regions Fst: 0.00899702
-------------------------------
Output1 for generation 16501:

Oceanic mean pheno: 9.88688
Freshwater mean pheno: -9.09364
mean Ocean/Fresh Fst: 0.0381593
mean Ocean/Fresh Fst (Neutral mutations only): 0.0353676
mean Ocean/Fresh Fst (Effect mutations only): 0.121407
between lakes Fst: 0.46694
between lakes Fst (neutral): 0.453344
between lakes Fst (effect): 0.833725
between Marine Regions Fst: 0.00842883
-------------------------------
Output1 for generation 16601:

Oceanic mean pheno: 9.83384
Freshwater mean pheno: -9.0924
mean Ocean/Fresh Fst: 0.0376776
mean Ocean/Fresh Fst (Neutral mutations only): 0.0348068
mean Ocean/Fresh Fst (Effect mutations only): 0.121286
between lakes Fst: 0.531567
between lakes Fst (neutral): 0.52004
between lakes Fst (effect): 0.82411
between Marine Regions Fst: 0.00915256
-------------------------------
Output1 for generation 16701:

Oceanic mean pheno: 9.83465
Freshwater mean pheno: -9.14631
mean Ocean/Fresh Fst: 0.0371877
mean Ocean/Fresh Fst (Neutral mutations only): 0.0343834
mean Ocean/Fresh Fst (Effect mutations only): 0.122961
between lakes Fst: 0.514217
between lakes Fst (neutral): 0.501671
between lakes Fst (effect): 0.842689
between Marine Regions Fst: 0.00852701
-------------------------------
Output1 for generation 16801:

Oceanic mean pheno: 9.9169
Freshwater mean pheno: -9.12108
mean Ocean/Fresh Fst: 0.0358177
mean Ocean/Fresh Fst (Neutral mutations only): 0.0332805
mean Ocean/Fresh Fst (Effect mutations only): 0.109632
between lakes Fst: 0.504581
between lakes Fst (neutral): 0.492811
between lakes Fst (effect): 0.79716
between Marine Regions Fst: 0.00934248
-------------------------------
Output1 for generation 16901:

Oceanic mean pheno: 10.0791
Freshwater mean pheno: -9.41055
mean Ocean/Fresh Fst: 0.0364938
mean Ocean/Fresh Fst (Neutral mutations only): 0.0339497
mean Ocean/Fresh Fst (Effect mutations only): 0.115914
between lakes Fst: 0.484104
between lakes Fst (neutral): 0.470812
between lakes Fst (effect): 0.857459
between Marine Regions Fst: 0.00921022
-------------------------------
Output1 for generation 17001:

Oceanic mean pheno: 10.0682
Freshwater mean pheno: -9.26751
mean Ocean/Fresh Fst: 0.0364269
mean Ocean/Fresh Fst (Neutral mutations only): 0.0339035
mean Ocean/Fresh Fst (Effect mutations only): 0.10937
between lakes Fst: 0.493111
between lakes Fst (neutral): 0.484441
between lakes Fst (effect): 0.761064
between Marine Regions Fst: 0.00756481
-------------------------------
Output1 for generation 17101:

Oceanic mean pheno: 10.0299
Freshwater mean pheno: -9.04592
mean Ocean/Fresh Fst: 0.0367444
mean Ocean/Fresh Fst (Neutral mutations only): 0.0341984
mean Ocean/Fresh Fst (Effect mutations only): 0.113122
between lakes Fst: 0.514228
between lakes Fst (neutral): 0.50349
between lakes Fst (effect): 0.796447
between Marine Regions Fst: 0.00867745
-------------------------------
Output1 for generation 17201:

Oceanic mean pheno: 10.1076
Freshwater mean pheno: -8.79479
mean Ocean/Fresh Fst: 0.0354413
mean Ocean/Fresh Fst (Neutral mutations only): 0.0328958
mean Ocean/Fresh Fst (Effect mutations only): 0.11129
between lakes Fst: 0.515253
between lakes Fst (neutral): 0.502981
between lakes Fst (effect): 0.810789
between Marine Regions Fst: 0.00900698
-------------------------------
Output1 for generation 17301:

Oceanic mean pheno: 9.91962
Freshwater mean pheno: -9.09013
mean Ocean/Fresh Fst: 0.0368064
mean Ocean/Fresh Fst (Neutral mutations only): 0.0340181
mean Ocean/Fresh Fst (Effect mutations only): 0.130024
between lakes Fst: 0.495296
between lakes Fst (neutral): 0.48196
between lakes Fst (effect): 0.889336
between Marine Regions Fst: 0.00897703
-------------------------------
Output1 for generation 17401:

Oceanic mean pheno: 10.0135
Freshwater mean pheno: -9.0574
mean Ocean/Fresh Fst: 0.0371852
mean Ocean/Fresh Fst (Neutral mutations only): 0.0346584
mean Ocean/Fresh Fst (Effect mutations only): 0.11938
between lakes Fst: 0.508351
between lakes Fst (neutral): 0.497918
between lakes Fst (effect): 0.854597
between Marine Regions Fst: 0.00922124
-------------------------------
Output1 for generation 17501:

Oceanic mean pheno: 10.108
Freshwater mean pheno: -8.95597
mean Ocean/Fresh Fst: 0.0381508
mean Ocean/Fresh Fst (Neutral mutations only): 0.035715
mean Ocean/Fresh Fst (Effect mutations only): 0.114427
between lakes Fst: 0.520515
between lakes Fst (neutral): 0.508884
between lakes Fst (effect): 0.845959
between Marine Regions Fst: 0.00867608
-------------------------------
Output1 for generation 17601:

Oceanic mean pheno: 10.255
Freshwater mean pheno: -9.05796
mean Ocean/Fresh Fst: 0.037682
mean Ocean/Fresh Fst (Neutral mutations only): 0.0352039
mean Ocean/Fresh Fst (Effect mutations only): 0.114999
between lakes Fst: 0.515972
between lakes Fst (neutral): 0.505107
between lakes Fst (effect): 0.830111
between Marine Regions Fst: 0.00861149
-------------------------------
Output1 for generation 17701:

Oceanic mean pheno: 10.3217
Freshwater mean pheno: -8.97396
mean Ocean/Fresh Fst: 0.0369771
mean Ocean/Fresh Fst (Neutral mutations only): 0.0345225
mean Ocean/Fresh Fst (Effect mutations only): 0.115631
between lakes Fst: 0.527495
between lakes Fst (neutral): 0.51623
between lakes Fst (effect): 0.850492
between Marine Regions Fst: 0.00858009
-------------------------------
Output1 for generation 17801:

Oceanic mean pheno: 9.92595
Freshwater mean pheno: -8.91342
mean Ocean/Fresh Fst: 0.0356129
mean Ocean/Fresh Fst (Neutral mutations only): 0.0333169
mean Ocean/Fresh Fst (Effect mutations only): 0.114022
between lakes Fst: 0.487592
between lakes Fst (neutral): 0.474371
between lakes Fst (effect): 0.875681
between Marine Regions Fst: 0.00809334
-------------------------------
Output1 for generation 17901:

Oceanic mean pheno: 9.68898
Freshwater mean pheno: -8.97828
mean Ocean/Fresh Fst: 0.0369913
mean Ocean/Fresh Fst (Neutral mutations only): 0.0347798
mean Ocean/Fresh Fst (Effect mutations only): 0.107539
between lakes Fst: 0.501625
between lakes Fst (neutral): 0.490641
between lakes Fst (effect): 0.821152
between Marine Regions Fst: 0.00873841
-------------------------------
Output1 for generation 18001:

Oceanic mean pheno: 9.74315
Freshwater mean pheno: -9.03054
mean Ocean/Fresh Fst: 0.0366897
mean Ocean/Fresh Fst (Neutral mutations only): 0.0343541
mean Ocean/Fresh Fst (Effect mutations only): 0.112175
between lakes Fst: 0.53327
between lakes Fst (neutral): 0.520483
between lakes Fst (effect): 0.900831
between Marine Regions Fst: 0.00944861
-------------------------------
Output1 for generation 18101:

Oceanic mean pheno: 9.6922
Freshwater mean pheno: -8.96099
mean Ocean/Fresh Fst: 0.0361026
mean Ocean/Fresh Fst (Neutral mutations only): 0.0337688
mean Ocean/Fresh Fst (Effect mutations only): 0.111394
between lakes Fst: 0.478004
between lakes Fst (neutral): 0.468129
between lakes Fst (effect): 0.805227
between Marine Regions Fst: 0.00941067
-------------------------------
Output1 for generation 18201:

Oceanic mean pheno: 9.81111
Freshwater mean pheno: -8.62528
mean Ocean/Fresh Fst: 0.035743
mean Ocean/Fresh Fst (Neutral mutations only): 0.0334879
mean Ocean/Fresh Fst (Effect mutations only): 0.105163
between lakes Fst: 0.496793
between lakes Fst (neutral): 0.48521
between lakes Fst (effect): 0.808878
between Marine Regions Fst: 0.00908542
-------------------------------
Output1 for generation 18301:

Oceanic mean pheno: 9.96775
Freshwater mean pheno: -8.64998
mean Ocean/Fresh Fst: 0.0363829
mean Ocean/Fresh Fst (Neutral mutations only): 0.0341925
mean Ocean/Fresh Fst (Effect mutations only): 0.106259
between lakes Fst: 0.541142
between lakes Fst (neutral): 0.528366
between lakes Fst (effect): 0.882195
between Marine Regions Fst: 0.0082278
-------------------------------
Output1 for generation 18401:

Oceanic mean pheno: 9.72758
Freshwater mean pheno: -8.817
mean Ocean/Fresh Fst: 0.0363774
mean Ocean/Fresh Fst (Neutral mutations only): 0.0342502
mean Ocean/Fresh Fst (Effect mutations only): 0.10599
between lakes Fst: 0.51911
between lakes Fst (neutral): 0.506956
between lakes Fst (effect): 0.857741
between Marine Regions Fst: 0.0085394
-------------------------------
Output1 for generation 18501:

Oceanic mean pheno: 9.89908
Freshwater mean pheno: -8.8531
mean Ocean/Fresh Fst: 0.0371171
mean Ocean/Fresh Fst (Neutral mutations only): 0.0349009
mean Ocean/Fresh Fst (Effect mutations only): 0.108487
between lakes Fst: 0.530941
between lakes Fst (neutral): 0.518838
between lakes Fst (effect): 0.861536
between Marine Regions Fst: 0.00920281
-------------------------------
Output1 for generation 18601:

Oceanic mean pheno: 10.0342
Freshwater mean pheno: -8.92331
mean Ocean/Fresh Fst: 0.0368975
mean Ocean/Fresh Fst (Neutral mutations only): 0.0345755
mean Ocean/Fresh Fst (Effect mutations only): 0.113046
between lakes Fst: 0.505357
between lakes Fst (neutral): 0.492692
between lakes Fst (effect): 0.883337
between Marine Regions Fst: 0.0084167
-------------------------------
Output1 for generation 18701:

Oceanic mean pheno: 10.2028
Freshwater mean pheno: -9.30315
mean Ocean/Fresh Fst: 0.0371494
mean Ocean/Fresh Fst (Neutral mutations only): 0.0348783
mean Ocean/Fresh Fst (Effect mutations only): 0.109364
between lakes Fst: 0.5151
between lakes Fst (neutral): 0.503841
between lakes Fst (effect): 0.850929
between Marine Regions Fst: 0.00869969
-------------------------------
Output1 for generation 18801:

Oceanic mean pheno: 10.3354
Freshwater mean pheno: -9.13682
mean Ocean/Fresh Fst: 0.0373663
mean Ocean/Fresh Fst (Neutral mutations only): 0.0351284
mean Ocean/Fresh Fst (Effect mutations only): 0.106056
between lakes Fst: 0.543525
between lakes Fst (neutral): 0.533814
between lakes Fst (effect): 0.817671
between Marine Regions Fst: 0.00906631
-------------------------------
Output1 for generation 18901:

Oceanic mean pheno: 10.039
Freshwater mean pheno: -9.05551
mean Ocean/Fresh Fst: 0.0367087
mean Ocean/Fresh Fst (Neutral mutations only): 0.0345777
mean Ocean/Fresh Fst (Effect mutations only): 0.103191
between lakes Fst: 0.536918
between lakes Fst (neutral): 0.524608
between lakes Fst (effect): 0.860387
between Marine Regions Fst: 0.00864404
-------------------------------
Output1 for generation 19001:

Oceanic mean pheno: 10.0665
Freshwater mean pheno: -8.80811
mean Ocean/Fresh Fst: 0.0359216
mean Ocean/Fresh Fst (Neutral mutations only): 0.033851
mean Ocean/Fresh Fst (Effect mutations only): 0.100903
between lakes Fst: 0.515206
between lakes Fst (neutral): 0.504428
between lakes Fst (effect): 0.858441
between Marine Regions Fst: 0.00843637
-------------------------------
Output1 for generation 19101:

Oceanic mean pheno: 10.0041
Freshwater mean pheno: -8.9318
mean Ocean/Fresh Fst: 0.0369186
mean Ocean/Fresh Fst (Neutral mutations only): 0.0348951
mean Ocean/Fresh Fst (Effect mutations only): 0.0959194
between lakes Fst: 0.536409
between lakes Fst (neutral): 0.524306
between lakes Fst (effect): 0.87192
between Marine Regions Fst: 0.00884185
-------------------------------
Output1 for generation 19201:

Oceanic mean pheno: 9.87356
Freshwater mean pheno: -8.67457
mean Ocean/Fresh Fst: 0.0354562
mean Ocean/Fresh Fst (Neutral mutations only): 0.0335613
mean Ocean/Fresh Fst (Effect mutations only): 0.0968138
between lakes Fst: 0.522777
between lakes Fst (neutral): 0.513475
between lakes Fst (effect): 0.815316
between Marine Regions Fst: 0.00822923
-------------------------------
Output1 for generation 19301:

Oceanic mean pheno: 10.0026
Freshwater mean pheno: -8.78336
mean Ocean/Fresh Fst: 0.0360974
mean Ocean/Fresh Fst (Neutral mutations only): 0.0341306
mean Ocean/Fresh Fst (Effect mutations only): 0.101658
between lakes Fst: 0.544178
between lakes Fst (neutral): 0.533419
between lakes Fst (effect): 0.854756
between Marine Regions Fst: 0.00908599
-------------------------------
Output1 for generation 19401:

Oceanic mean pheno: 10.1822
Freshwater mean pheno: -8.76158
mean Ocean/Fresh Fst: 0.0368513
mean Ocean/Fresh Fst (Neutral mutations only): 0.0347683
mean Ocean/Fresh Fst (Effect mutations only): 0.105172
between lakes Fst: 0.5299
between lakes Fst (neutral): 0.51902
between lakes Fst (effect): 0.881261
between Marine Regions Fst: 0.0089799
-------------------------------
Output1 for generation 19501:

Oceanic mean pheno: 10.3691
Freshwater mean pheno: -8.89982
mean Ocean/Fresh Fst: 0.0374345
mean Ocean/Fresh Fst (Neutral mutations only): 0.0352624
mean Ocean/Fresh Fst (Effect mutations only): 0.110424
between lakes Fst: 0.543505
between lakes Fst (neutral): 0.531376
between lakes Fst (effect): 0.897751
between Marine Regions Fst: 0.00883474
-------------------------------
Output1 for generation 19601:

Oceanic mean pheno: 10.612
Freshwater mean pheno: -8.89023
mean Ocean/Fresh Fst: 0.0383208
mean Ocean/Fresh Fst (Neutral mutations only): 0.0359943
mean Ocean/Fresh Fst (Effect mutations only): 0.112409
between lakes Fst: 0.514046
between lakes Fst (neutral): 0.50358
between lakes Fst (effect): 0.840222
between Marine Regions Fst: 0.00995125
-------------------------------
Output1 for generation 19701:

Oceanic mean pheno: 10.4892
Freshwater mean pheno: -9.03814
mean Ocean/Fresh Fst: 0.038717
mean Ocean/Fresh Fst (Neutral mutations only): 0.0364036
mean Ocean/Fresh Fst (Effect mutations only): 0.113853
between lakes Fst: 0.507216
between lakes Fst (neutral): 0.4953
between lakes Fst (effect): 0.85834
between Marine Regions Fst: 0.00835607
-------------------------------
Output1 for generation 19801:

Oceanic mean pheno: 10.4407
Freshwater mean pheno: -9.17013
mean Ocean/Fresh Fst: 0.0388112
mean Ocean/Fresh Fst (Neutral mutations only): 0.0366554
mean Ocean/Fresh Fst (Effect mutations only): 0.107617
between lakes Fst: 0.52978
between lakes Fst (neutral): 0.519428
between lakes Fst (effect): 0.839454
between Marine Regions Fst: 0.00868446
-------------------------------
Output1 for generation 19901:

Oceanic mean pheno: 10.3356
Freshwater mean pheno: -9.10404
mean Ocean/Fresh Fst: 0.0390488
mean Ocean/Fresh Fst (Neutral mutations only): 0.0368941
mean Ocean/Fresh Fst (Effect mutations only): 0.108304
between lakes Fst: 0.504824
between lakes Fst (neutral): 0.494441
between lakes Fst (effect): 0.812042
between Marine Regions Fst: 0.00867831
-------------------------------
Output1 for generation 20000:

Oceanic mean pheno: 10.3355
Freshwater mean pheno: -9.15194
mean Ocean/Fresh Fst: 0.0401036
mean Ocean/Fresh Fst (Neutral mutations only): 0.0378837
mean Ocean/Fresh Fst (Effect mutations only): 0.114109
between lakes Fst: 0.513442
between lakes Fst (neutral): 0.500825
between lakes Fst (effect): 0.910126
between Marine Regions Fst: 0.00833346
Oceanic mean pheno10.3355
Freshwater mean pheno-9.15194
whole: 2335
Oceanic: 1474
Freshwater: 1818
fstsize: 2335
elapsed: 1:29:24 / kernel: 0.97 / user: 5366.93 / mem: 194276
Done!
