Task ID  - seed 017250
Parameters for SLiM run:
  -s 017250 MyRecipe6_0_2.E
// Initial random seed:
1508734442458

// RunInitializeCallbacks():
initializeSLiMOptions(dimensionality = 'x');
initializeMutationRate(1e-07);
initializeMutationType(1, 0.5, "g", 0.5, 1);
initializeMutationType(2, 0.5, "g", -0.5, 1);
initializeMutationType(3, 0.5, "f", 0);
initializeMutationType(4, 0.5, "g", 0.5, 1);
initializeMutationType(5, 0.5, "g", -0.5, 1);
initializeGenomicElementType(1, m3, 1);
initializeGenomicElementType(2, c(m1, m5, m3), c(1, 1, 1));
initializeGenomicElementType(3, c(m2, m4, m3), c(1, 1, 1));
initializeGenomicElement(g1, 0, 4949);
initializeGenomicElement(g3, 4950, 5049);
initializeGenomicElement(g1, 5050, 9999);
initializeGenomicElement(g1, 10000, 14949);
initializeGenomicElement(g2, 14950, 15049);
initializeGenomicElement(g1, 15050, 19999);
initializeGenomicElement(g1, 20000, 24949);
initializeGenomicElement(g3, 24950, 25049);
initializeGenomicElement(g1, 25050, 29999);
initializeGenomicElement(g1, 30000, 34949);
initializeGenomicElement(g2, 34950, 35049);
initializeGenomicElement(g1, 35050, 39999);
initializeGenomicElement(g1, 40000, 44949);
initializeGenomicElement(g3, 44950, 45049);
initializeGenomicElement(g1, 45050, 49999);
initializeGenomicElement(g1, 50000, 54949);
initializeGenomicElement(g2, 54950, 55049);
initializeGenomicElement(g1, 55050, 59999);
initializeGenomicElement(g1, 60000, 64949);
initializeGenomicElement(g3, 64950, 65049);
initializeGenomicElement(g1, 65050, 69999);
initializeGenomicElement(g1, 70000, 74949);
initializeGenomicElement(g2, 74950, 75049);
initializeGenomicElement(g1, 75050, 79999);
initializeGenomicElement(g1, 80000, 84949);
initializeGenomicElement(g3, 84950, 85049);
initializeGenomicElement(g1, 85050, 89999);
initializeGenomicElement(g1, 90000, 94949);
initializeGenomicElement(g2, 94950, 95049);
initializeGenomicElement(g1, 95050, 99999);
end of chromosome position: 100000
initializeRecombinationRate(0.001);
initializeInteractionType(1, "x", reciprocal=T", maxDistance=0.02);
initializeInteractionType(2, "x", reciprocal=T", maxDistance=1);

// Starting run at generation <start>:
1 

-------------------------------
Output1 for generation 100:

Oceanic mean pheno: 2.7543
Freshwater mean pheno: 0.913737
-------------------------------
Output1 for generation 200:

Oceanic mean pheno: 8.94142
Freshwater mean pheno: 8.01162
-------------------------------
Output1 for generation 300:

Oceanic mean pheno: 5.23166
Freshwater mean pheno: 2.44059
-------------------------------
Output1 for generation 400:

Oceanic mean pheno: 4.12396
Freshwater mean pheno: 2.20898
-------------------------------
Output1 for generation 500:

Oceanic mean pheno: 3.31481
Freshwater mean pheno: 2.89934
-------------------------------
Output1 for generation 600:

Oceanic mean pheno: 6.16611
Freshwater mean pheno: 2.81101
-------------------------------
Output1 for generation 700:

Oceanic mean pheno: 4.21456
Freshwater mean pheno: 3.21398
-------------------------------
Output1 for generation 800:

Oceanic mean pheno: 2.5503
Freshwater mean pheno: 2.05949
-------------------------------
Output1 for generation 900:

Oceanic mean pheno: 5.07932
Freshwater mean pheno: 4.181
-------------------------------
Output1 for generation 1000:

Oceanic mean pheno: 6.11056
Freshwater mean pheno: 2.24176
-------------------------------
Output1 for generation 1100:

Oceanic mean pheno: 5.49616
Freshwater mean pheno: 2.49008
-------------------------------
Output1 for generation 1200:

Oceanic mean pheno: 13.6178
Freshwater mean pheno: 9.57447
-------------------------------
Output1 for generation 1300:

Oceanic mean pheno: 7.14085
Freshwater mean pheno: 5.19674
-------------------------------
Output1 for generation 1400:

Oceanic mean pheno: 2.75023
Freshwater mean pheno: -9.19911
-------------------------------
Output1 for generation 1500:

Oceanic mean pheno: 0.407069
Freshwater mean pheno: -11.0782
-------------------------------
Output1 for generation 1600:

Oceanic mean pheno: 3.24491
Freshwater mean pheno: -8.72526
-------------------------------
Output1 for generation 1700:

Oceanic mean pheno: 2.34994
Freshwater mean pheno: -10.0736
-------------------------------
Output1 for generation 1800:

Oceanic mean pheno: 7.90578
Freshwater mean pheno: -5.96817
-------------------------------
Output1 for generation 1900:

Oceanic mean pheno: 6.77029
Freshwater mean pheno: -7.85562
-------------------------------
Output1 for generation 2000:

Oceanic mean pheno: 8.66712
Freshwater mean pheno: -6.58761
-------------------------------
Output1 for generation 2100:

Oceanic mean pheno: 5.10836
Freshwater mean pheno: -8.8813
-------------------------------
Output1 for generation 2200:

Oceanic mean pheno: 8.54601
Freshwater mean pheno: -6.90037
-------------------------------
Output1 for generation 2300:

Oceanic mean pheno: 8.08177
Freshwater mean pheno: -6.52018
-------------------------------
Output1 for generation 2400:

Oceanic mean pheno: 10.6375
Freshwater mean pheno: -5.09916
-------------------------------
Output1 for generation 2500:

Oceanic mean pheno: 4.57618
Freshwater mean pheno: -10.246
-------------------------------
Output1 for generation 2600:

Oceanic mean pheno: 6.65749
Freshwater mean pheno: -8.61654
-------------------------------
Output1 for generation 2700:

Oceanic mean pheno: 4.61061
Freshwater mean pheno: -9.91001
-------------------------------
Output1 for generation 2800:

Oceanic mean pheno: 5.81306
Freshwater mean pheno: -8.89788
-------------------------------
Output1 for generation 2900:

Oceanic mean pheno: 6.85625
Freshwater mean pheno: -8.22282
-------------------------------
Output1 for generation 3000:

Oceanic mean pheno: 7.78708
Freshwater mean pheno: -6.67633
-------------------------------
Output1 for generation 3100:

Oceanic mean pheno: 6.81826
Freshwater mean pheno: -7.82402
-------------------------------
Output1 for generation 3200:

Oceanic mean pheno: 5.15598
Freshwater mean pheno: -10.3732
-------------------------------
Output1 for generation 3300:

Oceanic mean pheno: 6.74718
Freshwater mean pheno: -7.92832
-------------------------------
Output1 for generation 3400:

Oceanic mean pheno: 6.57142
Freshwater mean pheno: -7.2993
-------------------------------
Output1 for generation 3500:

Oceanic mean pheno: 4.07217
Freshwater mean pheno: -11.2441
-------------------------------
Output1 for generation 3600:

Oceanic mean pheno: 9.34824
Freshwater mean pheno: -6.92234
-------------------------------
Output1 for generation 3700:

Oceanic mean pheno: 9.74732
Freshwater mean pheno: -6.11247
-------------------------------
Output1 for generation 3800:

Oceanic mean pheno: 4.88234
Freshwater mean pheno: -10.4388
-------------------------------
Output1 for generation 3900:

Oceanic mean pheno: 8.16767
Freshwater mean pheno: -5.92519
-------------------------------
Output1 for generation 4000:

Oceanic mean pheno: 6.72609
Freshwater mean pheno: -9.29455
-------------------------------
Output1 for generation 4100:

Oceanic mean pheno: 8.72634
Freshwater mean pheno: -7.6327
-------------------------------
Output1 for generation 4200:

Oceanic mean pheno: 7.07173
Freshwater mean pheno: -9.48716
-------------------------------
Output1 for generation 4300:

Oceanic mean pheno: 10.9398
Freshwater mean pheno: -6.03684
-------------------------------
Output1 for generation 4400:

Oceanic mean pheno: 8.57242
Freshwater mean pheno: -7.87309
-------------------------------
Output1 for generation 4500:

Oceanic mean pheno: 9.68103
Freshwater mean pheno: -6.56437
-------------------------------
Output1 for generation 4600:

Oceanic mean pheno: 6.67478
Freshwater mean pheno: -10.0086
-------------------------------
Output1 for generation 4700:

Oceanic mean pheno: 7.55761
Freshwater mean pheno: -8.79455
-------------------------------
Output1 for generation 4800:

Oceanic mean pheno: 9.63246
Freshwater mean pheno: -7.31278
-------------------------------
Output1 for generation 4900:

Oceanic mean pheno: 2.01912
Freshwater mean pheno: -7.34057
-------------------------------
Output1 for generation 5000:

Oceanic mean pheno: 10.2137
Freshwater mean pheno: -6.745
-------------------------------
Output1 for generation 5100:

Oceanic mean pheno: 11.5018
Freshwater mean pheno: -6.54361
-------------------------------
Output1 for generation 5200:

Oceanic mean pheno: 8.43898
Freshwater mean pheno: -7.64258
-------------------------------
Output1 for generation 5300:

Oceanic mean pheno: 8.18197
Freshwater mean pheno: -8.80141
-------------------------------
Output1 for generation 5400:

Oceanic mean pheno: 7.18646
Freshwater mean pheno: -9.67671
-------------------------------
Output1 for generation 5500:

Oceanic mean pheno: 12.9292
Freshwater mean pheno: -3.73277
-------------------------------
Output1 for generation 5600:

Oceanic mean pheno: -2.61234
Freshwater mean pheno: -8.70903
-------------------------------
Output1 for generation 5700:

Oceanic mean pheno: 12.4493
Freshwater mean pheno: -2.97646
-------------------------------
Output1 for generation 5800:

Oceanic mean pheno: 13.0929
Freshwater mean pheno: -1.70126
-------------------------------
Output1 for generation 5900:

Oceanic mean pheno: 7.36632
Freshwater mean pheno: -9.49442
-------------------------------
Output1 for generation 6000:

Oceanic mean pheno: 3.45643
Freshwater mean pheno: -5.40167
-------------------------------
Output1 for generation 6100:

Oceanic mean pheno: 8.10521
Freshwater mean pheno: -8.41547
-------------------------------
Output1 for generation 6200:

Oceanic mean pheno: 9.94386
Freshwater mean pheno: -6.46654
-------------------------------
Output1 for generation 6300:

Oceanic mean pheno: 12.8245
Freshwater mean pheno: -4.87496
-------------------------------
Output1 for generation 6400:

Oceanic mean pheno: 7.41095
Freshwater mean pheno: -9.52705
-------------------------------
Output1 for generation 6500:

Oceanic mean pheno: 10.2775
Freshwater mean pheno: -7.95792
-------------------------------
Output1 for generation 6600:

Oceanic mean pheno: 9.82145
Freshwater mean pheno: -6.13198
-------------------------------
Output1 for generation 6700:

Oceanic mean pheno: 7.36848
Freshwater mean pheno: -9.22223
-------------------------------
Output1 for generation 6800:

Oceanic mean pheno: 12.4153
Freshwater mean pheno: -4.74232
-------------------------------
Output1 for generation 6900:

Oceanic mean pheno: 10.6569
Freshwater mean pheno: -5.67699
-------------------------------
Output1 for generation 7000:

Oceanic mean pheno: 7.40728
Freshwater mean pheno: -10.3257
-------------------------------
Output1 for generation 7100:

Oceanic mean pheno: 11.6425
Freshwater mean pheno: -5.24772
-------------------------------
Output1 for generation 7200:

Oceanic mean pheno: 11.2568
Freshwater mean pheno: -6.39656
-------------------------------
Output1 for generation 7300:

Oceanic mean pheno: 7.90852
Freshwater mean pheno: -8.67285
-------------------------------
Output1 for generation 7400:

Oceanic mean pheno: 13.0692
Freshwater mean pheno: -3.58377
-------------------------------
Output1 for generation 7500:

Oceanic mean pheno: 12.6083
Freshwater mean pheno: -5.65515
-------------------------------
Output1 for generation 7600:

Oceanic mean pheno: 6.28827
Freshwater mean pheno: -10.3086
-------------------------------
Output1 for generation 7700:

Oceanic mean pheno: 11.5213
Freshwater mean pheno: -4.55569
-------------------------------
Output1 for generation 7800:

Oceanic mean pheno: 10.158
Freshwater mean pheno: -6.71424
-------------------------------
Output1 for generation 7900:

Oceanic mean pheno: 1.68863
Freshwater mean pheno: -9.87205
-------------------------------
Output1 for generation 8000:

Oceanic mean pheno: 14.6912
Freshwater mean pheno: -3.573
-------------------------------
Output1 for generation 8100:

Oceanic mean pheno: 8.25658
Freshwater mean pheno: -10.0496
-------------------------------
Output1 for generation 8200:

Oceanic mean pheno: 11.5026
Freshwater mean pheno: -6.93392
-------------------------------
Output1 for generation 8300:

Oceanic mean pheno: 8.72585
Freshwater mean pheno: -8.57019
-------------------------------
Output1 for generation 8400:

Oceanic mean pheno: 9.49782
Freshwater mean pheno: -7.56431
-------------------------------
Output1 for generation 8500:

Oceanic mean pheno: 12.5318
Freshwater mean pheno: -5.08932
-------------------------------
Output1 for generation 8600:

Oceanic mean pheno: 7.15906
Freshwater mean pheno: -9.80222
-------------------------------
Output1 for generation 8700:

Oceanic mean pheno: 7.17676
Freshwater mean pheno: -9.00754
-------------------------------
Output1 for generation 8800:

Oceanic mean pheno: 7.71624
Freshwater mean pheno: -8.86665
-------------------------------
Output1 for generation 8900:

Oceanic mean pheno: 10.4289
Freshwater mean pheno: -6.48153
-------------------------------
Output1 for generation 9000:

Oceanic mean pheno: 9.31893
Freshwater mean pheno: -8.77068
-------------------------------
Output1 for generation 9100:

Oceanic mean pheno: 8.90387
Freshwater mean pheno: -8.778
-------------------------------
Output1 for generation 9200:

Oceanic mean pheno: 10.4284
Freshwater mean pheno: -5.62906
-------------------------------
Output1 for generation 9300:

Oceanic mean pheno: 11.9357
Freshwater mean pheno: -3.93599
-------------------------------
Output1 for generation 9400:

Oceanic mean pheno: 7.29186
Freshwater mean pheno: -9.04809
-------------------------------
Output1 for generation 9500:

Oceanic mean pheno: 7.47531
Freshwater mean pheno: -8.90042
-------------------------------
Output1 for generation 9600:

Oceanic mean pheno: 7.62767
Freshwater mean pheno: -6.61439
-------------------------------
Output1 for generation 9700:

Oceanic mean pheno: 11.5094
Freshwater mean pheno: -4.56621
-------------------------------
Output1 for generation 9800:

Oceanic mean pheno: 9.94875
Freshwater mean pheno: -5.93941
-------------------------------
Output1 for generation 9900:

Oceanic mean pheno: 7.20457
Freshwater mean pheno: -8.46734
-------------------------------
Output1 for generation 10000:

Oceanic mean pheno: 9.32593
Freshwater mean pheno: -7.29499
-------------------------------
Output1 for generation 10100:

Oceanic mean pheno: 6.70078
Freshwater mean pheno: -9.51816
-------------------------------
Output1 for generation 10200:

Oceanic mean pheno: 15.6516
Freshwater mean pheno: -3.09393
-------------------------------
Output1 for generation 10300:

Oceanic mean pheno: 6.31561
Freshwater mean pheno: -9.72168
-------------------------------
Output1 for generation 10400:

Oceanic mean pheno: 9.88102
Freshwater mean pheno: -6.52909
-------------------------------
Output1 for generation 10500:

Oceanic mean pheno: 10.2842
Freshwater mean pheno: -5.80606
-------------------------------
Output1 for generation 10600:

Oceanic mean pheno: 7.61033
Freshwater mean pheno: -8.46308
-------------------------------
Output1 for generation 10700:

Oceanic mean pheno: 9.7226
Freshwater mean pheno: -6.76442
-------------------------------
Output1 for generation 10800:

Oceanic mean pheno: 7.37384
Freshwater mean pheno: -8.53229
-------------------------------
Output1 for generation 10900:

Oceanic mean pheno: 8.64086
Freshwater mean pheno: -7.18668
-------------------------------
Output1 for generation 11000:

Oceanic mean pheno: 9.23322
Freshwater mean pheno: -7.61078
-------------------------------
Output1 for generation 11100:

Oceanic mean pheno: 11.6249
Freshwater mean pheno: -7.29172
-------------------------------
Output1 for generation 11200:

Oceanic mean pheno: 4.76401
Freshwater mean pheno: -11.2153
-------------------------------
Output1 for generation 11300:

Oceanic mean pheno: 8.8416
Freshwater mean pheno: -5.91167
-------------------------------
Output1 for generation 11400:

Oceanic mean pheno: 9.00968
Freshwater mean pheno: -7.34888
-------------------------------
Output1 for generation 11500:

Oceanic mean pheno: 13.4265
Freshwater mean pheno: -4.34329
-------------------------------
Output1 for generation 11600:

Oceanic mean pheno: 8.86621
Freshwater mean pheno: -5.13105
-------------------------------
Output1 for generation 11700:

Oceanic mean pheno: 8.66489
Freshwater mean pheno: -8.62119
-------------------------------
Output1 for generation 11800:

Oceanic mean pheno: 11.1648
Freshwater mean pheno: -4.56048
-------------------------------
Output1 for generation 11900:

Oceanic mean pheno: 10.0507
Freshwater mean pheno: -5.39774
-------------------------------
Output1 for generation 12000:

Oceanic mean pheno: 7.51513
Freshwater mean pheno: -7.60676
-------------------------------
Output1 for generation 12100:

Oceanic mean pheno: 5.64456
Freshwater mean pheno: -9.27936
-------------------------------
Output1 for generation 12200:

Oceanic mean pheno: 10.394
Freshwater mean pheno: -5.9433
-------------------------------
Output1 for generation 12300:

Oceanic mean pheno: 6.72555
Freshwater mean pheno: -9.24598
-------------------------------
Output1 for generation 12400:

Oceanic mean pheno: 6.67139
Freshwater mean pheno: -8.99114
-------------------------------
Output1 for generation 12500:

Oceanic mean pheno: 7.61644
Freshwater mean pheno: -8.6936
-------------------------------
Output1 for generation 12600:

Oceanic mean pheno: 7.51752
Freshwater mean pheno: -8.06607
-------------------------------
Output1 for generation 12700:

Oceanic mean pheno: 10.1747
Freshwater mean pheno: -6.52823
-------------------------------
Output1 for generation 12800:

Oceanic mean pheno: 9.64822
Freshwater mean pheno: -6.8286
-------------------------------
Output1 for generation 12900:

Oceanic mean pheno: 6.92602
Freshwater mean pheno: -9.09508
-------------------------------
Output1 for generation 13000:

Oceanic mean pheno: 6.64235
Freshwater mean pheno: -9.47266
-------------------------------
Output1 for generation 13100:

Oceanic mean pheno: 13.7403
Freshwater mean pheno: -4.56531
-------------------------------
Output1 for generation 13200:

Oceanic mean pheno: 9.7799
Freshwater mean pheno: -8.43688
-------------------------------
Output1 for generation 13300:

Oceanic mean pheno: 7.91682
Freshwater mean pheno: -8.6811
-------------------------------
Output1 for generation 13400:

Oceanic mean pheno: 2.59582
Freshwater mean pheno: -2.86895
-------------------------------
Output1 for generation 13500:

Oceanic mean pheno: 7.19591
Freshwater mean pheno: -8.1405
-------------------------------
Output1 for generation 13600:

Oceanic mean pheno: 9.47238
Freshwater mean pheno: -7.3789
-------------------------------
Output1 for generation 13700:

Oceanic mean pheno: 10.358
Freshwater mean pheno: -6.97478
-------------------------------
Output1 for generation 13800:

Oceanic mean pheno: 12.4857
Freshwater mean pheno: -3.59221
-------------------------------
Output1 for generation 13900:

Oceanic mean pheno: 12.0764
Freshwater mean pheno: -5.49465
-------------------------------
Output1 for generation 14000:

Oceanic mean pheno: 1.70559
Freshwater mean pheno: -11.2454
-------------------------------
Output1 for generation 14100:

Oceanic mean pheno: 8.7238
Freshwater mean pheno: -5.39932
-------------------------------
Output1 for generation 14200:

Oceanic mean pheno: 0.49137
Freshwater mean pheno: -4.09299
-------------------------------
Output1 for generation 14300:

Oceanic mean pheno: 12.7681
Freshwater mean pheno: 9.25448
-------------------------------
Output1 for generation 14400:

Oceanic mean pheno: 7.10494
Freshwater mean pheno: 5.1918
-------------------------------
Output1 for generation 14500:

Oceanic mean pheno: 8.44863
Freshwater mean pheno: 5.32607
-------------------------------
Output1 for generation 14600:

Oceanic mean pheno: 10.8903
Freshwater mean pheno: 6.02677
-------------------------------
Output1 for generation 14700:

Oceanic mean pheno: 4.68435
Freshwater mean pheno: -1.49973
-------------------------------
Output1 for generation 14800:

Oceanic mean pheno: 11.7086
Freshwater mean pheno: 5.10634
-------------------------------
Output1 for generation 14900:

Oceanic mean pheno: 3.56503
Freshwater mean pheno: -6.21179
-------------------------------
Output1 for generation 15000:

Oceanic mean pheno: 6.28464
Freshwater mean pheno: -5.35495
-------------------------------
Output1 for generation 15100:

Oceanic mean pheno: 5.578
Freshwater mean pheno: -5.53355
-------------------------------
Output1 for generation 15200:

Oceanic mean pheno: 11.219
Freshwater mean pheno: 2.21286
-------------------------------
Output1 for generation 15300:

Oceanic mean pheno: 7.99728
Freshwater mean pheno: -3.87565
-------------------------------
Output1 for generation 15400:

Oceanic mean pheno: 7.49639
Freshwater mean pheno: 0.595695
-------------------------------
Output1 for generation 15500:

Oceanic mean pheno: 7.14765
Freshwater mean pheno: -2.04282
-------------------------------
Output1 for generation 15600:

Oceanic mean pheno: 11.5529
Freshwater mean pheno: 4.2532
-------------------------------
Output1 for generation 15700:

Oceanic mean pheno: 5.89411
Freshwater mean pheno: 0.172495
-------------------------------
Output1 for generation 15800:

Oceanic mean pheno: 6.09568
Freshwater mean pheno: -1.59128
-------------------------------
Output1 for generation 15900:

Oceanic mean pheno: 8.60482
Freshwater mean pheno: 1.31962
-------------------------------
Output1 for generation 16000:

Oceanic mean pheno: 6.62393
Freshwater mean pheno: -0.420393
-------------------------------
Output1 for generation 16100:

Oceanic mean pheno: 5.45377
Freshwater mean pheno: -0.966719
-------------------------------
Output1 for generation 16200:

Oceanic mean pheno: 7.85086
Freshwater mean pheno: 0.50278
-------------------------------
Output1 for generation 16300:

Oceanic mean pheno: 8.57008
Freshwater mean pheno: 1.10027
-------------------------------
Output1 for generation 16400:

Oceanic mean pheno: 11.3866
Freshwater mean pheno: 3.28449
-------------------------------
Output1 for generation 16500:

Oceanic mean pheno: 9.7382
Freshwater mean pheno: 0.557656
-------------------------------
Output1 for generation 16600:

Oceanic mean pheno: 11.5893
Freshwater mean pheno: 4.92325
-------------------------------
Output1 for generation 16700:

Oceanic mean pheno: 3.38389
Freshwater mean pheno: -5.27853
-------------------------------
Output1 for generation 16800:

Oceanic mean pheno: 6.80403
Freshwater mean pheno: -2.29064
-------------------------------
Output1 for generation 16900:

Oceanic mean pheno: 8.24136
Freshwater mean pheno: -0.375582
-------------------------------
Output1 for generation 17000:

Oceanic mean pheno: 7.04416
Freshwater mean pheno: -1.9218
-------------------------------
Output1 for generation 17100:

Oceanic mean pheno: 8.52765
Freshwater mean pheno: -3.34097
-------------------------------
Output1 for generation 17200:

Oceanic mean pheno: 8.09091
Freshwater mean pheno: -0.582983
-------------------------------
Output1 for generation 17300:

Oceanic mean pheno: 5.44802
Freshwater mean pheno: -4.78031
-------------------------------
Output1 for generation 17400:

Oceanic mean pheno: 4.74382
Freshwater mean pheno: -5.30488
-------------------------------
Output1 for generation 17500:

Oceanic mean pheno: 9.29936
Freshwater mean pheno: -2.73147
-------------------------------
Output1 for generation 17600:

Oceanic mean pheno: 4.15599
Freshwater mean pheno: -3.95822
-------------------------------
Output1 for generation 17700:

Oceanic mean pheno: 2.82718
Freshwater mean pheno: -5.13192
-------------------------------
Output1 for generation 17800:

Oceanic mean pheno: 4.87808
Freshwater mean pheno: -0.88184
-------------------------------
Output1 for generation 17900:

Oceanic mean pheno: 5.7963
Freshwater mean pheno: -2.36784
-------------------------------
Output1 for generation 18000:

Oceanic mean pheno: 9.70616
Freshwater mean pheno: 1.5976
-------------------------------
Output1 for generation 18100:

Oceanic mean pheno: 3.99904
Freshwater mean pheno: -3.19181
-------------------------------
Output1 for generation 18200:

Oceanic mean pheno: 7.3138
Freshwater mean pheno: -1.03756
-------------------------------
Output1 for generation 18300:

Oceanic mean pheno: 9.42114
Freshwater mean pheno: 0.343482
-------------------------------
Output1 for generation 18400:

Oceanic mean pheno: 5.65048
Freshwater mean pheno: -3.35598
-------------------------------
Output1 for generation 18500:

Oceanic mean pheno: 10.0664
Freshwater mean pheno: 1.70161
-------------------------------
Output1 for generation 18600:

Oceanic mean pheno: 12.713
Freshwater mean pheno: 4.40721
-------------------------------
Output1 for generation 18700:

Oceanic mean pheno: 4.8269
Freshwater mean pheno: -4.07844
-------------------------------
Output1 for generation 18800:

Oceanic mean pheno: 8.01892
Freshwater mean pheno: -0.689903
-------------------------------
Output1 for generation 18900:

Oceanic mean pheno: 5.39222
Freshwater mean pheno: -3.97553
-------------------------------
Output1 for generation 19000:

Oceanic mean pheno: 4.76694
Freshwater mean pheno: -4.63557
-------------------------------
Output1 for generation 19100:

Oceanic mean pheno: 10.1305
Freshwater mean pheno: 1.00455
-------------------------------
Output1 for generation 19200:

Oceanic mean pheno: 10.8786
Freshwater mean pheno: 1.87931
-------------------------------
Output1 for generation 19300:

Oceanic mean pheno: 6.63786
Freshwater mean pheno: -2.5302
-------------------------------
Output1 for generation 19400:

Oceanic mean pheno: 6.56433
Freshwater mean pheno: -1.91746
-------------------------------
Output1 for generation 19500:

Oceanic mean pheno: 11.8985
Freshwater mean pheno: 2.29232
-------------------------------
Output1 for generation 19600:

Oceanic mean pheno: 7.81676
Freshwater mean pheno: -1.6908
-------------------------------
Output1 for generation 19700:

Oceanic mean pheno: 10.4032
Freshwater mean pheno: 3.6688
-------------------------------
Output1 for generation 19800:

Oceanic mean pheno: 2.27754
Freshwater mean pheno: -4.71078
-------------------------------
Output1 for generation 19900:

Oceanic mean pheno: 2.28087
Freshwater mean pheno: -4.8299
-------------------------------
Output1 for generation 20000:

Oceanic mean pheno: 12.2789
Freshwater mean pheno: 6.07535
new Freshwater mean pheno: 12.1936
-------------------------------
Output1 for generation 20100:

Oceanic mean pheno: 6.96542
Freshwater mean pheno: -1.64723
new Freshwater mean pheno: -2.16031
-------------------------------
Output1 for generation 20200:

Oceanic mean pheno: 4.75119
Freshwater mean pheno: -2.64281
new Freshwater mean pheno: -2.24582
-------------------------------
Output1 for generation 20300:

Oceanic mean pheno: 4.08138
Freshwater mean pheno: -5.33322
new Freshwater mean pheno: -5.15488
-------------------------------
Output1 for generation 20400:

Oceanic mean pheno: 10.2123
Freshwater mean pheno: -0.487209
new Freshwater mean pheno: 0.317066
-------------------------------
Output1 for generation 20500:

Oceanic mean pheno: 8.68521
Freshwater mean pheno: 0.842108
new Freshwater mean pheno: 0.501927
-------------------------------
Output1 for generation 20600:

Oceanic mean pheno: 0.747205
Freshwater mean pheno: -4.75133
new Freshwater mean pheno: -5.43244
-------------------------------
Output1 for generation 20700:

Oceanic mean pheno: 8.15448
Freshwater mean pheno: 1.45647
new Freshwater mean pheno: 1.33195
-------------------------------
Output1 for generation 20800:

Oceanic mean pheno: 4.89424
Freshwater mean pheno: -1.81892
new Freshwater mean pheno: -2.19501
-------------------------------
Output1 for generation 20900:

Oceanic mean pheno: 7.96626
Freshwater mean pheno: 1.19248
new Freshwater mean pheno: 0.859393
-------------------------------
Output1 for generation 21000:

Oceanic mean pheno: 2.44377
Freshwater mean pheno: -7.73512
new Freshwater mean pheno: -6.25512
-------------------------------
Output1 for generation 21100:

Oceanic mean pheno: 2.83446
Freshwater mean pheno: -8.41175
new Freshwater mean pheno: -7.85832
-------------------------------
Output1 for generation 21200:

Oceanic mean pheno: 6.65278
Freshwater mean pheno: -2.60011
new Freshwater mean pheno: -3.14732
-------------------------------
Output1 for generation 21300:

Oceanic mean pheno: 8.91154
Freshwater mean pheno: 1.14413
new Freshwater mean pheno: 0.712556
-------------------------------
Output1 for generation 21400:

Oceanic mean pheno: 14.1544
Freshwater mean pheno: 9.21219
new Freshwater mean pheno: 8.7644
-------------------------------
Output1 for generation 21500:

Oceanic mean pheno: 5.79045
Freshwater mean pheno: 2.21479
new Freshwater mean pheno: 3.22449
-------------------------------
Output1 for generation 21600:

Oceanic mean pheno: 5.48367
Freshwater mean pheno: 0.297866
new Freshwater mean pheno: -0.217451
-------------------------------
Output1 for generation 21700:

Oceanic mean pheno: 7.31252
Freshwater mean pheno: -0.0607204
new Freshwater mean pheno: -0.251866
-------------------------------
Output1 for generation 21800:

Oceanic mean pheno: 3.25311
Freshwater mean pheno: -5.073
new Freshwater mean pheno: -5.85905
-------------------------------
Output1 for generation 21900:

Oceanic mean pheno: 5.77473
Freshwater mean pheno: -2.58292
new Freshwater mean pheno: -3.13596
-------------------------------
Output1 for generation 22000:

Oceanic mean pheno: 7.73722
Freshwater mean pheno: -1.27122
new Freshwater mean pheno: -1.50788
-------------------------------
Output1 for generation 22100:

Oceanic mean pheno: 17.9712
Freshwater mean pheno: 8.58787
new Freshwater mean pheno: 8.38911
-------------------------------
Output1 for generation 22200:

Oceanic mean pheno: 14.1573
Freshwater mean pheno: 3.08442
new Freshwater mean pheno: 1.96792
-------------------------------
Output1 for generation 22300:

Oceanic mean pheno: 5.24153
Freshwater mean pheno: 0.368746
new Freshwater mean pheno: -1.58327
-------------------------------
Output1 for generation 22400:

Oceanic mean pheno: 8.67259
Freshwater mean pheno: 2.88571
new Freshwater mean pheno: 0.631466
-------------------------------
Output1 for generation 22500:

Oceanic mean pheno: 4.18422
Freshwater mean pheno: -2.50708
new Freshwater mean pheno: -3.24739
-------------------------------
Output1 for generation 22600:

Oceanic mean pheno: 1.45075
Freshwater mean pheno: -6.7415
new Freshwater mean pheno: -6.78514
-------------------------------
Output1 for generation 22700:

Oceanic mean pheno: 3.47662
Freshwater mean pheno: -4.05863
new Freshwater mean pheno: -4.80901
-------------------------------
Output1 for generation 22800:

Oceanic mean pheno: 5.02883
Freshwater mean pheno: -3.40136
new Freshwater mean pheno: -3.51142
-------------------------------
Output1 for generation 22900:

Oceanic mean pheno: 6.3497
Freshwater mean pheno: -4.61026
new Freshwater mean pheno: -3.71549
-------------------------------
Output1 for generation 23000:

Oceanic mean pheno: 7.29674
Freshwater mean pheno: -3.32341
new Freshwater mean pheno: -2.72174
-------------------------------
Output1 for generation 23100:

Oceanic mean pheno: 7.20052
Freshwater mean pheno: -3.03178
new Freshwater mean pheno: -3.29942
-------------------------------
Output1 for generation 23200:

Oceanic mean pheno: 3.72969
Freshwater mean pheno: -9.69017
new Freshwater mean pheno: -9.38939
-------------------------------
Output1 for generation 23300:

Oceanic mean pheno: 5.60392
Freshwater mean pheno: -4.57964
new Freshwater mean pheno: -4.41073
-------------------------------
Output1 for generation 23400:

Oceanic mean pheno: 4.76026
Freshwater mean pheno: -8.29637
new Freshwater mean pheno: -8.41867
-------------------------------
Output1 for generation 23500:

Oceanic mean pheno: 8.18926
Freshwater mean pheno: -3.87027
new Freshwater mean pheno: -4.1961
-------------------------------
Output1 for generation 23600:

Oceanic mean pheno: 11.6911
Freshwater mean pheno: 3.27839
new Freshwater mean pheno: 2.20004
-------------------------------
Output1 for generation 23700:

Oceanic mean pheno: 5.99905
Freshwater mean pheno: 2.26936
new Freshwater mean pheno: 1.45849
-------------------------------
Output1 for generation 23800:

Oceanic mean pheno: 7.47821
Freshwater mean pheno: 2.62341
new Freshwater mean pheno: 2.64775
-------------------------------
Output1 for generation 23900:

Oceanic mean pheno: 7.86613
Freshwater mean pheno: 0.779907
new Freshwater mean pheno: 0.646459
-------------------------------
Output1 for generation 24000:

Oceanic mean pheno: 8.88031
Freshwater mean pheno: 2.6989
new Freshwater mean pheno: 3.1455
-------------------------------
Output1 for generation 24100:

Oceanic mean pheno: 6.99298
Freshwater mean pheno: 1.63265
new Freshwater mean pheno: 2.03455
-------------------------------
Output1 for generation 24200:

Oceanic mean pheno: 8.38321
Freshwater mean pheno: 1.45831
new Freshwater mean pheno: 1.28788
-------------------------------
Output1 for generation 24300:

Oceanic mean pheno: 5.67834
Freshwater mean pheno: -1.15827
new Freshwater mean pheno: -1.63078
-------------------------------
Output1 for generation 24400:

Oceanic mean pheno: 7.0438
Freshwater mean pheno: -0.406737
new Freshwater mean pheno: -0.174137
-------------------------------
Output1 for generation 24500:

Oceanic mean pheno: 7.1217
Freshwater mean pheno: -1.08773
new Freshwater mean pheno: -0.456779
-------------------------------
Output1 for generation 24600:

Oceanic mean pheno: 5.02007
Freshwater mean pheno: -4.01551
new Freshwater mean pheno: -3.68841
-------------------------------
Output1 for generation 24700:

Oceanic mean pheno: 1.9599
Freshwater mean pheno: -3.30112
new Freshwater mean pheno: -3.49006
-------------------------------
Output1 for generation 24800:

Oceanic mean pheno: 7.43717
Freshwater mean pheno: 1.65506
new Freshwater mean pheno: 1.66956
-------------------------------
Output1 for generation 24900:

Oceanic mean pheno: 6.60748
Freshwater mean pheno: -1.01762
new Freshwater mean pheno: -0.938745
-------------------------------
Output1 for generation 25000:

Oceanic mean pheno: 15.9552
Freshwater mean pheno: 9.2477
new Freshwater mean pheno: 9.84347
-------------------------------
Output1 for generation 25100:

Oceanic mean pheno: 6.42957
Freshwater mean pheno: 2.72225
new Freshwater mean pheno: 2.60557
-------------------------------
Output1 for generation 25200:

Oceanic mean pheno: 11.0973
Freshwater mean pheno: 5.04151
new Freshwater mean pheno: 5.48858
-------------------------------
Output1 for generation 25300:

Oceanic mean pheno: 4.32757
Freshwater mean pheno: -6.75365
new Freshwater mean pheno: -5.16959
-------------------------------
Output1 for generation 25400:

Oceanic mean pheno: 2.00241
Freshwater mean pheno: -7.06003
new Freshwater mean pheno: -6.80681
-------------------------------
Output1 for generation 25500:

Oceanic mean pheno: 6.93937
Freshwater mean pheno: -4.7936
new Freshwater mean pheno: -4.03362
-------------------------------
Output1 for generation 25600:

Oceanic mean pheno: 6.5292
Freshwater mean pheno: -6.24714
new Freshwater mean pheno: -5.82505
-------------------------------
Output1 for generation 25700:

Oceanic mean pheno: 10.2861
Freshwater mean pheno: -2.35252
new Freshwater mean pheno: -1.03834
-------------------------------
Output1 for generation 25800:

Oceanic mean pheno: 5.80456
Freshwater mean pheno: -6.20506
new Freshwater mean pheno: -6.54668
-------------------------------
Output1 for generation 25900:

Oceanic mean pheno: 11.4647
Freshwater mean pheno: 0.23487
new Freshwater mean pheno: -1.49043
-------------------------------
Output1 for generation 26000:

Oceanic mean pheno: 2.03903
Freshwater mean pheno: -9.35945
new Freshwater mean pheno: -10.1439
-------------------------------
Output1 for generation 26100:

Oceanic mean pheno: 6.88014
Freshwater mean pheno: -0.272174
new Freshwater mean pheno: -1.30222
-------------------------------
Output1 for generation 26200:

Oceanic mean pheno: 4.23929
Freshwater mean pheno: -4.09577
new Freshwater mean pheno: -4.88425
-------------------------------
Output1 for generation 26300:

Oceanic mean pheno: 4.06287
Freshwater mean pheno: -5.5239
new Freshwater mean pheno: -5.70408
-------------------------------
Output1 for generation 26400:

Oceanic mean pheno: 6.14425
Freshwater mean pheno: -3.56755
new Freshwater mean pheno: -3.32443
-------------------------------
Output1 for generation 26500:

Oceanic mean pheno: 6.14757
Freshwater mean pheno: -2.00288
new Freshwater mean pheno: -1.34487
-------------------------------
Output1 for generation 26600:

Oceanic mean pheno: 5.83046
Freshwater mean pheno: -3.60196
new Freshwater mean pheno: -3.7711
-------------------------------
Output1 for generation 26700:

Oceanic mean pheno: 4.21851
Freshwater mean pheno: -4.64756
new Freshwater mean pheno: -4.80289
-------------------------------
Output1 for generation 26800:

Oceanic mean pheno: 4.50301
Freshwater mean pheno: -6.3799
new Freshwater mean pheno: -6.78291
-------------------------------
Output1 for generation 26900:

Oceanic mean pheno: 6.41652
Freshwater mean pheno: -4.31539
new Freshwater mean pheno: -3.58747
-------------------------------
Output1 for generation 27000:

Oceanic mean pheno: 6.50643
Freshwater mean pheno: 0.0229301
new Freshwater mean pheno: 0.0165484
-------------------------------
Output1 for generation 27100:

Oceanic mean pheno: 9.93554
Freshwater mean pheno: -1.78139
new Freshwater mean pheno: -2.19762
-------------------------------
Output1 for generation 27200:

Oceanic mean pheno: 8.36228
Freshwater mean pheno: -0.517333
new Freshwater mean pheno: -0.716987
-------------------------------
Output1 for generation 27300:

Oceanic mean pheno: 5.69658
Freshwater mean pheno: -1.24917
new Freshwater mean pheno: -0.550594
-------------------------------
Output1 for generation 27400:

Oceanic mean pheno: 9.03042
Freshwater mean pheno: 0.527719
new Freshwater mean pheno: 1.15996
-------------------------------
Output1 for generation 27500:

Oceanic mean pheno: 2.67385
Freshwater mean pheno: -7.38879
new Freshwater mean pheno: -7.28161
-------------------------------
Output1 for generation 27600:

Oceanic mean pheno: 12.9879
Freshwater mean pheno: 3.18321
new Freshwater mean pheno: 3.50996
-------------------------------
Output1 for generation 27700:

Oceanic mean pheno: -3.74027
Freshwater mean pheno: -6.27828
new Freshwater mean pheno: -6.30243
-------------------------------
Output1 for generation 27800:

Oceanic mean pheno: 6.28674
Freshwater mean pheno: -2.81401
new Freshwater mean pheno: -2.81557
-------------------------------
Output1 for generation 27900:

Oceanic mean pheno: 7.53491
Freshwater mean pheno: -0.337851
new Freshwater mean pheno: -0.00424859
-------------------------------
Output1 for generation 28000:

Oceanic mean pheno: 1.55872
Freshwater mean pheno: -5.69564
new Freshwater mean pheno: -6.02097
-------------------------------
Output1 for generation 28100:

Oceanic mean pheno: 6.01872
Freshwater mean pheno: -1.06533
new Freshwater mean pheno: -1.90949
-------------------------------
Output1 for generation 28200:

Oceanic mean pheno: 5.86896
Freshwater mean pheno: 1.27547
new Freshwater mean pheno: -0.46964
-------------------------------
Output1 for generation 28300:

Oceanic mean pheno: 3.34232
Freshwater mean pheno: -6.24635
new Freshwater mean pheno: -7.20609
-------------------------------
Output1 for generation 28400:

Oceanic mean pheno: 7.39637
Freshwater mean pheno: -4.72607
new Freshwater mean pheno: -4.43728
-------------------------------
Output1 for generation 28500:

Oceanic mean pheno: 8.32313
Freshwater mean pheno: -5.74098
new Freshwater mean pheno: -4.94672
-------------------------------
Output1 for generation 28600:

Oceanic mean pheno: 5.89078
Freshwater mean pheno: -0.902694
new Freshwater mean pheno: 0.637011
-------------------------------
Output1 for generation 28700:

Oceanic mean pheno: 2.91399
Freshwater mean pheno: -4.69181
new Freshwater mean pheno: -4.05016
-------------------------------
Output1 for generation 28800:

Oceanic mean pheno: 4.53788
Freshwater mean pheno: -3.78855
new Freshwater mean pheno: -3.90389
-------------------------------
Output1 for generation 28900:

Oceanic mean pheno: 16.2011
Freshwater mean pheno: 12.5418
new Freshwater mean pheno: 12.6709
-------------------------------
Output1 for generation 29000:

Oceanic mean pheno: -2.44421
Freshwater mean pheno: -8.07293
new Freshwater mean pheno: -7.71169
-------------------------------
Output1 for generation 29100:

Oceanic mean pheno: 10.2848
Freshwater mean pheno: 3.99356
new Freshwater mean pheno: 4.67684
-------------------------------
Output1 for generation 29200:

Oceanic mean pheno: 5.79148
Freshwater mean pheno: -0.690907
new Freshwater mean pheno: -1.23809
-------------------------------
Output1 for generation 29300:

Oceanic mean pheno: 5.32208
Freshwater mean pheno: -0.57478
new Freshwater mean pheno: -0.954141
-------------------------------
Output1 for generation 29400:

Oceanic mean pheno: 8.40627
Freshwater mean pheno: -0.28073
new Freshwater mean pheno: -0.65875
-------------------------------
Output1 for generation 29500:

Oceanic mean pheno: 5.25757
Freshwater mean pheno: -1.43901
new Freshwater mean pheno: -1.99806
-------------------------------
Output1 for generation 29600:

Oceanic mean pheno: 10.1636
Freshwater mean pheno: 1.14922
new Freshwater mean pheno: 0.600615
-------------------------------
Output1 for generation 29700:

Oceanic mean pheno: 11.4797
Freshwater mean pheno: 8.5778
new Freshwater mean pheno: 8.84837
-------------------------------
Output1 for generation 29800:

Oceanic mean pheno: 8.43491
Freshwater mean pheno: -4.63019
new Freshwater mean pheno: -4.33327
-------------------------------
Output1 for generation 29900:

Oceanic mean pheno: 2.45044
Freshwater mean pheno: -7.04067
new Freshwater mean pheno: -5.83495
-------------------------------
Output1 for generation 30000:

Oceanic mean pheno: 4.45316
Freshwater mean pheno: -6.9145
new Freshwater mean pheno: -7.2465
-------------------------------
Output1 for generation 30100:

Oceanic mean pheno: 7.99112
Freshwater mean pheno: -1.30082
new Freshwater mean pheno: -1.47231
-------------------------------
Output1 for generation 30200:

Oceanic mean pheno: 8.3427
Freshwater mean pheno: 1.56876
new Freshwater mean pheno: 1.47299
-------------------------------
Output1 for generation 30300:

Oceanic mean pheno: 7.67547
Freshwater mean pheno: -2.70421
new Freshwater mean pheno: -2.42192
-------------------------------
Output1 for generation 30400:

Oceanic mean pheno: 8.68187
Freshwater mean pheno: -1.49181
new Freshwater mean pheno: -1.5144
-------------------------------
Output1 for generation 30500:

Oceanic mean pheno: 8.31679
Freshwater mean pheno: -2.05813
new Freshwater mean pheno: -2.69872
-------------------------------
Output1 for generation 30600:

Oceanic mean pheno: 16.675
Freshwater mean pheno: 10.4517
new Freshwater mean pheno: 10.6391
-------------------------------
Output1 for generation 30700:

Oceanic mean pheno: 8.37165
Freshwater mean pheno: 2.40455
new Freshwater mean pheno: 2.78452
-------------------------------
Output1 for generation 30800:

Oceanic mean pheno: 2.61858
Freshwater mean pheno: -2.23768
new Freshwater mean pheno: -1.95944
-------------------------------
Output1 for generation 30900:

Oceanic mean pheno: 3.07329
Freshwater mean pheno: -1.04871
new Freshwater mean pheno: -1.34538
-------------------------------
Output1 for generation 31000:

Oceanic mean pheno: 5.13364
Freshwater mean pheno: -0.120543
new Freshwater mean pheno: -0.0998614
-------------------------------
Output1 for generation 31100:

Oceanic mean pheno: 7.91299
Freshwater mean pheno: 3.51147
new Freshwater mean pheno: 4.3147
-------------------------------
Output1 for generation 31200:

Oceanic mean pheno: 11.2398
Freshwater mean pheno: 2.06769
new Freshwater mean pheno: 2.04312
-------------------------------
Output1 for generation 31300:

Oceanic mean pheno: 7.12786
Freshwater mean pheno: 1.34644
new Freshwater mean pheno: 0.498482
-------------------------------
Output1 for generation 31400:

Oceanic mean pheno: 1.56083
Freshwater mean pheno: -3.99871
new Freshwater mean pheno: -3.30952
-------------------------------
Output1 for generation 31500:

Oceanic mean pheno: 8.52719
Freshwater mean pheno: 3.55219
new Freshwater mean pheno: 3.95517
-------------------------------
Output1 for generation 31600:

Oceanic mean pheno: -0.377592
Freshwater mean pheno: -6.35355
new Freshwater mean pheno: -5.95982
-------------------------------
Output1 for generation 31700:

Oceanic mean pheno: 3.97211
Freshwater mean pheno: -2.16935
new Freshwater mean pheno: -1.60092
-------------------------------
Output1 for generation 31800:

Oceanic mean pheno: 4.9286
Freshwater mean pheno: -2.65943
new Freshwater mean pheno: -2.39704
-------------------------------
Output1 for generation 31900:

Oceanic mean pheno: 7.70003
Freshwater mean pheno: 2.01219
new Freshwater mean pheno: 1.97872
-------------------------------
Output1 for generation 32000:

Oceanic mean pheno: 4.7217
Freshwater mean pheno: 0.00783346
new Freshwater mean pheno: -0.0777633
-------------------------------
Output1 for generation 32100:

Oceanic mean pheno: 1.51602
Freshwater mean pheno: -3.09488
new Freshwater mean pheno: -2.55358
-------------------------------
Output1 for generation 32200:

Oceanic mean pheno: 1.18522
Freshwater mean pheno: -4.55427
new Freshwater mean pheno: -4.74839
-------------------------------
Output1 for generation 32300:

Oceanic mean pheno: 6.93735
Freshwater mean pheno: 3.24742
new Freshwater mean pheno: 3.09336
-------------------------------
Output1 for generation 32400:

Oceanic mean pheno: 2.31235
Freshwater mean pheno: -1.03752
new Freshwater mean pheno: -0.734374
-------------------------------
Output1 for generation 32500:

Oceanic mean pheno: 8.54893
Freshwater mean pheno: 4.26399
new Freshwater mean pheno: 5.23431
-------------------------------
Output1 for generation 32600:

Oceanic mean pheno: 8.37284
Freshwater mean pheno: 6.08408
new Freshwater mean pheno: 5.96292
-------------------------------
Output1 for generation 32700:

Oceanic mean pheno: 4.27074
Freshwater mean pheno: 0.452967
new Freshwater mean pheno: 0.178135
-------------------------------
Output1 for generation 32800:

Oceanic mean pheno: 13.2463
Freshwater mean pheno: 9.98822
new Freshwater mean pheno: 10.1086
-------------------------------
Output1 for generation 32900:

Oceanic mean pheno: 0.518038
Freshwater mean pheno: -1.64283
new Freshwater mean pheno: -1.63373
-------------------------------
Output1 for generation 33000:

Oceanic mean pheno: 3.10708
Freshwater mean pheno: -1.72124
new Freshwater mean pheno: -1.75378
-------------------------------
Output1 for generation 33100:

Oceanic mean pheno: 3.62145
Freshwater mean pheno: -1.2477
new Freshwater mean pheno: -1.58579
-------------------------------
Output1 for generation 33200:

Oceanic mean pheno: 7.06553
Freshwater mean pheno: 0.662423
new Freshwater mean pheno: 0.331587
-------------------------------
Output1 for generation 33300:

Oceanic mean pheno: 4.32024
Freshwater mean pheno: 0.12186
new Freshwater mean pheno: -0.497816
-------------------------------
Output1 for generation 33400:

Oceanic mean pheno: 2.74548
Freshwater mean pheno: -2.90971
new Freshwater mean pheno: -3.38838
-------------------------------
Output1 for generation 33500:

Oceanic mean pheno: 4.42419
Freshwater mean pheno: -2.42654
new Freshwater mean pheno: -2.79426
-------------------------------
Output1 for generation 33600:

Oceanic mean pheno: 7.22587
Freshwater mean pheno: -1.07383
new Freshwater mean pheno: -1.27489
-------------------------------
Output1 for generation 33700:

Oceanic mean pheno: 2.09321
Freshwater mean pheno: -3.00525
new Freshwater mean pheno: -3.53209
-------------------------------
Output1 for generation 33800:

Oceanic mean pheno: 1.7177
Freshwater mean pheno: -3.0891
new Freshwater mean pheno: -2.84234
-------------------------------
Output1 for generation 33900:

Oceanic mean pheno: 6.13607
Freshwater mean pheno: 0.691161
new Freshwater mean pheno: 0.67686
-------------------------------
Output1 for generation 34000:

Oceanic mean pheno: 7.00484
Freshwater mean pheno: -0.208782
new Freshwater mean pheno: 0.203013
-------------------------------
Output1 for generation 34100:

Oceanic mean pheno: 11.6212
Freshwater mean pheno: 7.40184
new Freshwater mean pheno: 7.11491
-------------------------------
Output1 for generation 34200:

Oceanic mean pheno: 2.31377
Freshwater mean pheno: -2.08672
new Freshwater mean pheno: -2.03822
-------------------------------
Output1 for generation 34300:

Oceanic mean pheno: 4.2184
Freshwater mean pheno: -0.649158
new Freshwater mean pheno: -0.102758
-------------------------------
Output1 for generation 34400:

Oceanic mean pheno: 4.51693
Freshwater mean pheno: 0.132357
new Freshwater mean pheno: 0.471768
-------------------------------
Output1 for generation 34500:

Oceanic mean pheno: 8.87711
Freshwater mean pheno: 3.6472
new Freshwater mean pheno: 4.32743
-------------------------------
Output1 for generation 34600:

Oceanic mean pheno: -0.838853
Freshwater mean pheno: -6.06922
new Freshwater mean pheno: -5.31142
-------------------------------
Output1 for generation 34700:

Oceanic mean pheno: 5.06706
Freshwater mean pheno: -3.46563
new Freshwater mean pheno: -2.12481
-------------------------------
Output1 for generation 34800:

Oceanic mean pheno: 6.70691
Freshwater mean pheno: -3.68223
new Freshwater mean pheno: -1.96849
-------------------------------
Output1 for generation 34900:

Oceanic mean pheno: 8.68898
Freshwater mean pheno: -4.32327
new Freshwater mean pheno: -1.61721
-------------------------------
Output1 for generation 35000:

Oceanic mean pheno: 9.57747
Freshwater mean pheno: -3.44582
new Freshwater mean pheno: -3.72228
-------------------------------
Output1 for generation 35100:

Oceanic mean pheno: 6.63019
Freshwater mean pheno: -2.57371
new Freshwater mean pheno: -1.82061
-------------------------------
Output1 for generation 35200:

Oceanic mean pheno: 4.36776
Freshwater mean pheno: -3.03638
new Freshwater mean pheno: -3.09534
-------------------------------
Output1 for generation 35300:

Oceanic mean pheno: 5.46224
Freshwater mean pheno: -7.52329
new Freshwater mean pheno: -6.93175
-------------------------------
Output1 for generation 35400:

Oceanic mean pheno: 7.60132
Freshwater mean pheno: -8.25688
new Freshwater mean pheno: -7.72459
-------------------------------
Output1 for generation 35500:

Oceanic mean pheno: 6.54767
Freshwater mean pheno: -3.5227
new Freshwater mean pheno: -3.90376
-------------------------------
Output1 for generation 35600:

Oceanic mean pheno: 6.26017
Freshwater mean pheno: -3.27533
new Freshwater mean pheno: -3.72196
-------------------------------
Output1 for generation 35700:

Oceanic mean pheno: 12.8256
Freshwater mean pheno: 2.3538
new Freshwater mean pheno: 1.80018
-------------------------------
Output1 for generation 35800:

Oceanic mean pheno: 7.11234
Freshwater mean pheno: -3.0221
new Freshwater mean pheno: -3.33022
-------------------------------
Output1 for generation 35900:

Oceanic mean pheno: 7.39937
Freshwater mean pheno: -2.99442
new Freshwater mean pheno: -2.53978
-------------------------------
Output1 for generation 36000:

Oceanic mean pheno: 8.20018
Freshwater mean pheno: 2.73219
new Freshwater mean pheno: 2.08822
-------------------------------
Output1 for generation 36100:

Oceanic mean pheno: 7.26026
Freshwater mean pheno: -0.511773
new Freshwater mean pheno: -0.700247
-------------------------------
Output1 for generation 36200:

Oceanic mean pheno: 7.01074
Freshwater mean pheno: -0.20363
new Freshwater mean pheno: -0.726937
-------------------------------
Output1 for generation 36300:

Oceanic mean pheno: 5.22994
Freshwater mean pheno: -2.31455
new Freshwater mean pheno: -2.59589
-------------------------------
Output1 for generation 36400:

Oceanic mean pheno: 6.39789
Freshwater mean pheno: -1.05121
new Freshwater mean pheno: -0.757935
-------------------------------
Output1 for generation 36500:

Oceanic mean pheno: 11.8454
Freshwater mean pheno: 1.62889
new Freshwater mean pheno: 1.36066
-------------------------------
Output1 for generation 36600:

Oceanic mean pheno: 3.58612
Freshwater mean pheno: -8.61465
new Freshwater mean pheno: -8.59993
-------------------------------
Output1 for generation 36700:

Oceanic mean pheno: 2.69259
Freshwater mean pheno: -10.8782
new Freshwater mean pheno: -9.87156
-------------------------------
Output1 for generation 36800:

Oceanic mean pheno: 6.74169
Freshwater mean pheno: -7.28969
new Freshwater mean pheno: -6.9575
-------------------------------
Output1 for generation 36900:

Oceanic mean pheno: 7.0801
Freshwater mean pheno: -7.77025
new Freshwater mean pheno: -7.40594
-------------------------------
Output1 for generation 37000:

Oceanic mean pheno: 5.60122
Freshwater mean pheno: -8.10705
new Freshwater mean pheno: -8.4093
-------------------------------
Output1 for generation 37100:

Oceanic mean pheno: 6.68506
Freshwater mean pheno: -3.87828
new Freshwater mean pheno: -4.11703
-------------------------------
Output1 for generation 37200:

Oceanic mean pheno: 7.34465
Freshwater mean pheno: -0.277589
new Freshwater mean pheno: 0.163861
-------------------------------
Output1 for generation 37300:

Oceanic mean pheno: 12.4164
Freshwater mean pheno: 6.44716
new Freshwater mean pheno: 7.36897
-------------------------------
Output1 for generation 37400:

Oceanic mean pheno: 4.94603
Freshwater mean pheno: -2.72256
new Freshwater mean pheno: -2.61899
-------------------------------
Output1 for generation 37500:

Oceanic mean pheno: 7.06946
Freshwater mean pheno: -0.00940349
new Freshwater mean pheno: -0.111009
-------------------------------
Output1 for generation 37600:

Oceanic mean pheno: 19.0091
Freshwater mean pheno: 14.7577
new Freshwater mean pheno: 14.4831
-------------------------------
Output1 for generation 37700:

Oceanic mean pheno: 7.15331
Freshwater mean pheno: 3.86716
new Freshwater mean pheno: 3.92767
-------------------------------
Output1 for generation 37800:

Oceanic mean pheno: 1.93128
Freshwater mean pheno: -2.5766
new Freshwater mean pheno: -2.9077
-------------------------------
Output1 for generation 37900:

Oceanic mean pheno: 2.49812
Freshwater mean pheno: -2.53907
new Freshwater mean pheno: -2.79104
-------------------------------
Output1 for generation 38000:

Oceanic mean pheno: 17.2742
Freshwater mean pheno: 12.2375
new Freshwater mean pheno: 12.2651
-------------------------------
Output1 for generation 38100:

Oceanic mean pheno: -0.213317
Freshwater mean pheno: -1.88077
new Freshwater mean pheno: -2.62501
-------------------------------
Output1 for generation 38200:

Oceanic mean pheno: -0.884388
Freshwater mean pheno: -3.8208
new Freshwater mean pheno: -3.52605
-------------------------------
Output1 for generation 38300:

Oceanic mean pheno: 3.3607
Freshwater mean pheno: 1.81111
new Freshwater mean pheno: 1.73798
-------------------------------
Output1 for generation 38400:

Oceanic mean pheno: -2.54293
Freshwater mean pheno: -6.15172
new Freshwater mean pheno: -6.07633
-------------------------------
Output1 for generation 38500:

Oceanic mean pheno: -0.986539
Freshwater mean pheno: -6.29887
new Freshwater mean pheno: -5.56736
-------------------------------
Output1 for generation 38600:

Oceanic mean pheno: 4.99489
Freshwater mean pheno: 1.19348
new Freshwater mean pheno: 0.863917
-------------------------------
Output1 for generation 38700:

Oceanic mean pheno: 1.16612
Freshwater mean pheno: -2.05099
new Freshwater mean pheno: -2.4884
-------------------------------
Output1 for generation 38800:

Oceanic mean pheno: -1.99204
Freshwater mean pheno: -4.77115
new Freshwater mean pheno: -4.33875
-------------------------------
Output1 for generation 38900:

Oceanic mean pheno: 10.7184
Freshwater mean pheno: 7.94339
new Freshwater mean pheno: 8.39728
-------------------------------
Output1 for generation 39000:

Oceanic mean pheno: 4.62459
Freshwater mean pheno: -0.0137236
new Freshwater mean pheno: 0.438445
-------------------------------
Output1 for generation 39100:

Oceanic mean pheno: 3.19383
Freshwater mean pheno: -0.532407
new Freshwater mean pheno: -0.199958
-------------------------------
Output1 for generation 39200:

Oceanic mean pheno: 3.35377
Freshwater mean pheno: 0.244443
new Freshwater mean pheno: 0.987905
-------------------------------
Output1 for generation 39300:

Oceanic mean pheno: 15.0618
Freshwater mean pheno: 8.69922
new Freshwater mean pheno: 9.17067
-------------------------------
Output1 for generation 39400:

Oceanic mean pheno: 1.2661
Freshwater mean pheno: -0.752425
new Freshwater mean pheno: -0.249738
-------------------------------
Output1 for generation 39500:

Oceanic mean pheno: 5.95544
Freshwater mean pheno: 1.69135
new Freshwater mean pheno: 1.99302
-------------------------------
Output1 for generation 39600:

Oceanic mean pheno: 5.98655
Freshwater mean pheno: 1.54988
new Freshwater mean pheno: 1.96532
-------------------------------
Output1 for generation 39700:

Oceanic mean pheno: 3.7183
Freshwater mean pheno: 0.461341
new Freshwater mean pheno: 0.709158
-------------------------------
Output1 for generation 39800:

Oceanic mean pheno: 8.10283
Freshwater mean pheno: 3.95099
new Freshwater mean pheno: 4.03446
-------------------------------
Output1 for generation 39900:

Oceanic mean pheno: 8.66339
Freshwater mean pheno: 3.25088
new Freshwater mean pheno: 2.34699
-------------------------------
Output1 for generation 40000:

Oceanic mean pheno: 10.5741
Freshwater mean pheno: 8.91723
new Freshwater mean pheno: 8.80984
elapsed: 3:45:08 / kernel: 2.20 / user: 13514.20 / mem: 319248
Done!
