Task ID  - seed 011727
Parameters for SLiM run:
  -s 011727 MyRecipe6_0_2.E
// Initial random seed:
1510760709336

// RunInitializeCallbacks():
initializeSLiMOptions(dimensionality = 'x');
initializeMutationRate(1e-07);
initializeMutationType(1, 0.5, "g", 0.5, 1);
initializeMutationType(2, 0.5, "g", -0.5, 1);
initializeMutationType(3, 0.5, "f", 0);
initializeMutationType(4, 0.5, "g", 0.5, 1);
initializeMutationType(5, 0.5, "g", -0.5, 1);
initializeMutationType(6, 0.5, "g", 0.6, 1);
initializeMutationType(7, 0.5, "g", -0.6, 1);
initializeGenomicElementType(1, m3, 1);
initializeGenomicElementType(2, c(m1, m2, m3, m4, m5, m6, m7), c(1, 1, 1, 1, 1, 1, 1));
initializeGenomicElement(g1, 0, 4949);
initializeGenomicElement(g2, 4950, 5049);
initializeGenomicElement(g1, 5050, 9999);
initializeGenomicElement(g1, 10000, 14949);
initializeGenomicElement(g2, 14950, 15049);
initializeGenomicElement(g1, 15050, 19999);
initializeGenomicElement(g1, 20000, 24949);
initializeGenomicElement(g2, 24950, 25049);
initializeGenomicElement(g1, 25050, 29999);
initializeGenomicElement(g1, 30000, 34949);
initializeGenomicElement(g2, 34950, 35049);
initializeGenomicElement(g1, 35050, 39999);
initializeGenomicElement(g1, 40000, 44949);
initializeGenomicElement(g2, 44950, 45049);
initializeGenomicElement(g1, 45050, 49999);
initializeGenomicElement(g1, 50000, 54949);
initializeGenomicElement(g2, 54950, 55049);
initializeGenomicElement(g1, 55050, 59999);
initializeGenomicElement(g1, 60000, 64949);
initializeGenomicElement(g2, 64950, 65049);
initializeGenomicElement(g1, 65050, 69999);
initializeGenomicElement(g1, 70000, 74949);
initializeGenomicElement(g2, 74950, 75049);
initializeGenomicElement(g1, 75050, 79999);
initializeGenomicElement(g1, 80000, 84949);
initializeGenomicElement(g2, 84950, 85049);
initializeGenomicElement(g1, 85050, 89999);
initializeGenomicElement(g1, 90000, 94949);
initializeGenomicElement(g2, 94950, 95049);
initializeGenomicElement(g1, 95050, 99999);
end of chromosome position: 100000
initializeRecombinationRate(0.001);
initializeInteractionType(1, "x", reciprocal=T", maxDistance=0.02);
initializeInteractionType(2, "x", reciprocal=T", maxDistance=1);

// Starting run at generation <start>:
1 

-------------------------------
Output1 for generation 100:

Oceanic mean pheno: 0.00274017
Freshwater mean pheno: 0.00268462
-------------------------------
Output1 for generation 200:

Oceanic mean pheno: 0.228819
Freshwater mean pheno: 0.00577765
-------------------------------
Output1 for generation 300:

Oceanic mean pheno: 1.94103
Freshwater mean pheno: 0.175781
-------------------------------
Output1 for generation 400:

Oceanic mean pheno: 3.61168
Freshwater mean pheno: 0.253418
-------------------------------
Output1 for generation 500:

Oceanic mean pheno: 3.61536
Freshwater mean pheno: -0.0345778
-------------------------------
Output1 for generation 600:

Oceanic mean pheno: 3.71856
Freshwater mean pheno: -0.0829542
-------------------------------
Output1 for generation 700:

Oceanic mean pheno: 3.78047
Freshwater mean pheno: -0.847126
-------------------------------
Output1 for generation 800:

Oceanic mean pheno: 3.84732
Freshwater mean pheno: -1.28526
-------------------------------
Output1 for generation 900:

Oceanic mean pheno: 3.91699
Freshwater mean pheno: -1.61365
-------------------------------
Output1 for generation 1000:

Oceanic mean pheno: 4.00363
Freshwater mean pheno: -2.26242
-------------------------------
Output1 for generation 1100:

Oceanic mean pheno: 3.97873
Freshwater mean pheno: -2.54545
-------------------------------
Output1 for generation 1200:

Oceanic mean pheno: 4.09073
Freshwater mean pheno: -3.10797
-------------------------------
Output1 for generation 1300:

Oceanic mean pheno: 4.15633
Freshwater mean pheno: -3.38471
-------------------------------
Output1 for generation 1400:

Oceanic mean pheno: 4.41204
Freshwater mean pheno: -3.43024
-------------------------------
Output1 for generation 1500:

Oceanic mean pheno: 4.6964
Freshwater mean pheno: -3.38035
-------------------------------
Output1 for generation 1600:

Oceanic mean pheno: 4.65891
Freshwater mean pheno: -3.55307
-------------------------------
Output1 for generation 1700:

Oceanic mean pheno: 4.53587
Freshwater mean pheno: -4.0214
-------------------------------
Output1 for generation 1800:

Oceanic mean pheno: 4.95734
Freshwater mean pheno: -4.06964
-------------------------------
Output1 for generation 1900:

Oceanic mean pheno: 4.93173
Freshwater mean pheno: -4.32003
-------------------------------
Output1 for generation 2000:

Oceanic mean pheno: 4.88803
Freshwater mean pheno: -4.53521
-------------------------------
Output1 for generation 2100:

Oceanic mean pheno: 4.98152
Freshwater mean pheno: -4.71448
-------------------------------
Output1 for generation 2200:

Oceanic mean pheno: 5.94042
Freshwater mean pheno: -5.00569
-------------------------------
Output1 for generation 2300:

Oceanic mean pheno: 7.14599
Freshwater mean pheno: -5.58363
-------------------------------
Output1 for generation 2400:

Oceanic mean pheno: 7.92476
Freshwater mean pheno: -5.44891
-------------------------------
Output1 for generation 2500:

Oceanic mean pheno: 7.90922
Freshwater mean pheno: -5.38276
-------------------------------
Output1 for generation 2600:

Oceanic mean pheno: 8.1092
Freshwater mean pheno: -5.57119
-------------------------------
Output1 for generation 2700:

Oceanic mean pheno: 7.92715
Freshwater mean pheno: -5.82558
-------------------------------
Output1 for generation 2800:

Oceanic mean pheno: 7.71458
Freshwater mean pheno: -6.35822
-------------------------------
Output1 for generation 2900:

Oceanic mean pheno: 7.89322
Freshwater mean pheno: -6.76102
-------------------------------
Output1 for generation 3000:

Oceanic mean pheno: 7.82623
Freshwater mean pheno: -6.62807
-------------------------------
Output1 for generation 3100:

Oceanic mean pheno: 7.65808
Freshwater mean pheno: -7.2045
-------------------------------
Output1 for generation 3200:

Oceanic mean pheno: 8.03935
Freshwater mean pheno: -7.05683
-------------------------------
Output1 for generation 3300:

Oceanic mean pheno: 7.9544
Freshwater mean pheno: -7.03961
-------------------------------
Output1 for generation 3400:

Oceanic mean pheno: 7.62432
Freshwater mean pheno: -7.31515
-------------------------------
Output1 for generation 3500:

Oceanic mean pheno: 7.88192
Freshwater mean pheno: -7.07331
-------------------------------
Output1 for generation 3600:

Oceanic mean pheno: 8.13007
Freshwater mean pheno: -7.49127
-------------------------------
Output1 for generation 3700:

Oceanic mean pheno: 8.26022
Freshwater mean pheno: -7.4513
-------------------------------
Output1 for generation 3800:

Oceanic mean pheno: 8.12044
Freshwater mean pheno: -7.51268
-------------------------------
Output1 for generation 3900:

Oceanic mean pheno: 8.00001
Freshwater mean pheno: -7.96511
-------------------------------
Output1 for generation 4000:

Oceanic mean pheno: 8.09783
Freshwater mean pheno: -8.33385
-------------------------------
Output1 for generation 4100:

Oceanic mean pheno: 8.19357
Freshwater mean pheno: -7.66805
-------------------------------
Output1 for generation 4200:

Oceanic mean pheno: 8.08348
Freshwater mean pheno: -7.76086
-------------------------------
Output1 for generation 4300:

Oceanic mean pheno: 8.32414
Freshwater mean pheno: -7.83121
-------------------------------
Output1 for generation 4400:

Oceanic mean pheno: 8.29076
Freshwater mean pheno: -7.66006
-------------------------------
Output1 for generation 4500:

Oceanic mean pheno: 8.2746
Freshwater mean pheno: -7.6096
-------------------------------
Output1 for generation 4600:

Oceanic mean pheno: 8.40235
Freshwater mean pheno: -7.71775
-------------------------------
Output1 for generation 4700:

Oceanic mean pheno: 8.33117
Freshwater mean pheno: -8.06847
-------------------------------
Output1 for generation 4800:

Oceanic mean pheno: 7.98645
Freshwater mean pheno: -8.23409
-------------------------------
Output1 for generation 4900:

Oceanic mean pheno: 7.92205
Freshwater mean pheno: -8.34065
-------------------------------
Output1 for generation 5000:

Oceanic mean pheno: 8.18805
Freshwater mean pheno: -8.16997
-------------------------------
Output1 for generation 5100:

Oceanic mean pheno: 8.08137
Freshwater mean pheno: -8.47465
-------------------------------
Output1 for generation 5200:

Oceanic mean pheno: 8.28012
Freshwater mean pheno: -8.09233
-------------------------------
Output1 for generation 5300:

Oceanic mean pheno: 8.03745
Freshwater mean pheno: -7.90042
-------------------------------
Output1 for generation 5400:

Oceanic mean pheno: 8.22343
Freshwater mean pheno: -7.98758
-------------------------------
Output1 for generation 5500:

Oceanic mean pheno: 8.14777
Freshwater mean pheno: -7.80821
-------------------------------
Output1 for generation 5600:

Oceanic mean pheno: 8.05993
Freshwater mean pheno: -8.0474
-------------------------------
Output1 for generation 5700:

Oceanic mean pheno: 7.77912
Freshwater mean pheno: -7.9863
-------------------------------
Output1 for generation 5800:

Oceanic mean pheno: 8.16284
Freshwater mean pheno: -7.69262
-------------------------------
Output1 for generation 5900:

Oceanic mean pheno: 8.03003
Freshwater mean pheno: -7.56964
-------------------------------
Output1 for generation 6000:

Oceanic mean pheno: 8.23937
Freshwater mean pheno: -7.5709
-------------------------------
Output1 for generation 6100:

Oceanic mean pheno: 8.42719
Freshwater mean pheno: -7.71444
-------------------------------
Output1 for generation 6200:

Oceanic mean pheno: 8.25938
Freshwater mean pheno: -7.50768
-------------------------------
Output1 for generation 6300:

Oceanic mean pheno: 8.14495
Freshwater mean pheno: -7.67912
-------------------------------
Output1 for generation 6400:

Oceanic mean pheno: 8.24405
Freshwater mean pheno: -7.8819
-------------------------------
Output1 for generation 6500:

Oceanic mean pheno: 8.31309
Freshwater mean pheno: -7.91849
-------------------------------
Output1 for generation 6600:

Oceanic mean pheno: 8.22241
Freshwater mean pheno: -7.87902
-------------------------------
Output1 for generation 6700:

Oceanic mean pheno: 8.46328
Freshwater mean pheno: -7.79163
-------------------------------
Output1 for generation 6800:

Oceanic mean pheno: 8.55818
Freshwater mean pheno: -7.77034
-------------------------------
Output1 for generation 6900:

Oceanic mean pheno: 8.54739
Freshwater mean pheno: -7.62265
-------------------------------
Output1 for generation 7000:

Oceanic mean pheno: 8.2896
Freshwater mean pheno: -7.65236
-------------------------------
Output1 for generation 7100:

Oceanic mean pheno: 7.54413
Freshwater mean pheno: -8.34162
-------------------------------
Output1 for generation 7200:

Oceanic mean pheno: 8.30589
Freshwater mean pheno: -7.91938
-------------------------------
Output1 for generation 7300:

Oceanic mean pheno: 8.20688
Freshwater mean pheno: -8.34094
-------------------------------
Output1 for generation 7400:

Oceanic mean pheno: 7.80661
Freshwater mean pheno: -7.98469
-------------------------------
Output1 for generation 7500:

Oceanic mean pheno: 8.18153
Freshwater mean pheno: -7.92891
-------------------------------
Output1 for generation 7600:

Oceanic mean pheno: 8.02155
Freshwater mean pheno: -8.00478
-------------------------------
Output1 for generation 7700:

Oceanic mean pheno: 7.96661
Freshwater mean pheno: -8.19444
-------------------------------
Output1 for generation 7800:

Oceanic mean pheno: 8.15522
Freshwater mean pheno: -7.93687
-------------------------------
Output1 for generation 7900:

Oceanic mean pheno: 8.26141
Freshwater mean pheno: -8.45549
-------------------------------
Output1 for generation 8000:

Oceanic mean pheno: 8.11338
Freshwater mean pheno: -7.58491
-------------------------------
Output1 for generation 8100:

Oceanic mean pheno: 8.04047
Freshwater mean pheno: -7.58416
-------------------------------
Output1 for generation 8200:

Oceanic mean pheno: 8.2321
Freshwater mean pheno: -7.78269
-------------------------------
Output1 for generation 8300:

Oceanic mean pheno: 8.10524
Freshwater mean pheno: -7.84006
-------------------------------
Output1 for generation 8400:

Oceanic mean pheno: 8.59853
Freshwater mean pheno: -7.58905
-------------------------------
Output1 for generation 8500:

Oceanic mean pheno: 8.36893
Freshwater mean pheno: -7.85358
-------------------------------
Output1 for generation 8600:

Oceanic mean pheno: 8.24037
Freshwater mean pheno: -7.9863
-------------------------------
Output1 for generation 8700:

Oceanic mean pheno: 8.06813
Freshwater mean pheno: -7.92819
-------------------------------
Output1 for generation 8800:

Oceanic mean pheno: 8.14322
Freshwater mean pheno: -8.04984
-------------------------------
Output1 for generation 8900:

Oceanic mean pheno: 7.94402
Freshwater mean pheno: -7.6784
-------------------------------
Output1 for generation 9000:

Oceanic mean pheno: 8.36089
Freshwater mean pheno: -7.59709
-------------------------------
Output1 for generation 9100:

Oceanic mean pheno: 8.28954
Freshwater mean pheno: -7.7997
-------------------------------
Output1 for generation 9200:

Oceanic mean pheno: 8.26751
Freshwater mean pheno: -8.16927
-------------------------------
Output1 for generation 9300:

Oceanic mean pheno: 8.44448
Freshwater mean pheno: -7.99259
-------------------------------
Output1 for generation 9400:

Oceanic mean pheno: 8.20917
Freshwater mean pheno: -8.05425
-------------------------------
Output1 for generation 9500:

Oceanic mean pheno: 8.08191
Freshwater mean pheno: -8.12244
-------------------------------
Output1 for generation 9600:

Oceanic mean pheno: 8.14562
Freshwater mean pheno: -7.9664
-------------------------------
Output1 for generation 9700:

Oceanic mean pheno: 7.91175
Freshwater mean pheno: -7.8782
-------------------------------
Output1 for generation 9800:

Oceanic mean pheno: 7.96889
Freshwater mean pheno: -8.47491
-------------------------------
Output1 for generation 9900:

Oceanic mean pheno: 8.38531
Freshwater mean pheno: -7.67468
Sampling Geno + Pheno here
Marine Dom, Position: 44963 Selection Coeff: 0.195555
Marine Dom, Position: 44963 Selection Coeff: 0.195555
Marine Dom, Position: 55039 Selection Coeff: 0.789297
Freshwater Dom, Position: 64965 Selection Coeff: -2.64568
Freshwater Dom, Position: 64965 Selection Coeff: -2.64568
Freshwater Rec, Position: 64954 Selection Coeff: -0.286421
Freshwater Rec, Position: 64954 Selection Coeff: -0.286421
Phenotype = -7.71078
-------------------------------
Output1 for generation 10000:

Oceanic mean pheno: 8.06099
Freshwater mean pheno: -7.89481
-------------------------------
Output1 for generation 10100:

Oceanic mean pheno: 8.61361
Freshwater mean pheno: -7.96058
-------------------------------
Output1 for generation 10200:

Oceanic mean pheno: 8.86601
Freshwater mean pheno: -7.74481
-------------------------------
Output1 for generation 10300:

Oceanic mean pheno: 8.72159
Freshwater mean pheno: -8.10605
-------------------------------
Output1 for generation 10400:

Oceanic mean pheno: 8.61569
Freshwater mean pheno: -7.85791
-------------------------------
Output1 for generation 10500:

Oceanic mean pheno: 9.04073
Freshwater mean pheno: -8.21647
-------------------------------
Output1 for generation 10600:

Oceanic mean pheno: 8.90527
Freshwater mean pheno: -8.3373
-------------------------------
Output1 for generation 10700:

Oceanic mean pheno: 9.04023
Freshwater mean pheno: -8.23521
-------------------------------
Output1 for generation 10800:

Oceanic mean pheno: 8.32728
Freshwater mean pheno: -8.32741
-------------------------------
Output1 for generation 10900:

Oceanic mean pheno: 8.668
Freshwater mean pheno: -8.46959
-------------------------------
Output1 for generation 11000:

Oceanic mean pheno: 8.67053
Freshwater mean pheno: -8.3903
-------------------------------
Output1 for generation 11100:

Oceanic mean pheno: 8.58863
Freshwater mean pheno: -8.27863
-------------------------------
Output1 for generation 11200:

Oceanic mean pheno: 8.82395
Freshwater mean pheno: -8.40078
-------------------------------
Output1 for generation 11300:

Oceanic mean pheno: 8.43303
Freshwater mean pheno: -8.55796
-------------------------------
Output1 for generation 11400:

Oceanic mean pheno: 8.52633
Freshwater mean pheno: -8.25307
-------------------------------
Output1 for generation 11500:

Oceanic mean pheno: 9.00756
Freshwater mean pheno: -8.12776
-------------------------------
Output1 for generation 11600:

Oceanic mean pheno: 8.74506
Freshwater mean pheno: -8.22892
-------------------------------
Output1 for generation 11700:

Oceanic mean pheno: 8.96142
Freshwater mean pheno: -8.54055
-------------------------------
Output1 for generation 11800:

Oceanic mean pheno: 9.17196
Freshwater mean pheno: -8.37306
-------------------------------
Output1 for generation 11900:

Oceanic mean pheno: 8.79114
Freshwater mean pheno: -7.91817
-------------------------------
Output1 for generation 12000:

Oceanic mean pheno: 8.9985
Freshwater mean pheno: -7.9193
-------------------------------
Output1 for generation 12100:

Oceanic mean pheno: 8.52754
Freshwater mean pheno: -8.26749
-------------------------------
Output1 for generation 12200:

Oceanic mean pheno: 8.77157
Freshwater mean pheno: -8.65302
-------------------------------
Output1 for generation 12300:

Oceanic mean pheno: 8.73477
Freshwater mean pheno: -8.05706
-------------------------------
Output1 for generation 12400:

Oceanic mean pheno: 8.61378
Freshwater mean pheno: -8.1122
-------------------------------
Output1 for generation 12500:

Oceanic mean pheno: 8.86986
Freshwater mean pheno: -8.28833
-------------------------------
Output1 for generation 12600:

Oceanic mean pheno: 8.88633
Freshwater mean pheno: -8.30622
-------------------------------
Output1 for generation 12700:

Oceanic mean pheno: 8.73656
Freshwater mean pheno: -8.25678
-------------------------------
Output1 for generation 12800:

Oceanic mean pheno: 8.32507
Freshwater mean pheno: -8.11563
-------------------------------
Output1 for generation 12900:

Oceanic mean pheno: 8.56058
Freshwater mean pheno: -8.30917
-------------------------------
Output1 for generation 13000:

Oceanic mean pheno: 8.84433
Freshwater mean pheno: -8.47396
-------------------------------
Output1 for generation 13100:

Oceanic mean pheno: 9.02126
Freshwater mean pheno: -8.2693
-------------------------------
Output1 for generation 13200:

Oceanic mean pheno: 8.64905
Freshwater mean pheno: -8.2331
-------------------------------
Output1 for generation 13300:

Oceanic mean pheno: 8.93053
Freshwater mean pheno: -8.27535
-------------------------------
Output1 for generation 13400:

Oceanic mean pheno: 8.75088
Freshwater mean pheno: -8.37841
-------------------------------
Output1 for generation 13500:

Oceanic mean pheno: 8.77255
Freshwater mean pheno: -8.48054
-------------------------------
Output1 for generation 13600:

Oceanic mean pheno: 8.61138
Freshwater mean pheno: -8.80782
-------------------------------
Output1 for generation 13700:

Oceanic mean pheno: 8.67203
Freshwater mean pheno: -8.50839
-------------------------------
Output1 for generation 13800:

Oceanic mean pheno: 8.48885
Freshwater mean pheno: -8.39707
-------------------------------
Output1 for generation 13900:

Oceanic mean pheno: 8.59217
Freshwater mean pheno: -8.22747
-------------------------------
Output1 for generation 14000:

Oceanic mean pheno: 8.70285
Freshwater mean pheno: -8.29434
-------------------------------
Output1 for generation 14100:

Oceanic mean pheno: 8.86532
Freshwater mean pheno: -7.99445
-------------------------------
Output1 for generation 14200:

Oceanic mean pheno: 9.05739
Freshwater mean pheno: -7.89934
-------------------------------
Output1 for generation 14300:

Oceanic mean pheno: 8.91214
Freshwater mean pheno: -8.59752
-------------------------------
Output1 for generation 14400:

Oceanic mean pheno: 8.73006
Freshwater mean pheno: -8.53227
-------------------------------
Output1 for generation 14500:

Oceanic mean pheno: 8.92358
Freshwater mean pheno: -8.40401
-------------------------------
Output1 for generation 14600:

Oceanic mean pheno: 8.79358
Freshwater mean pheno: -8.6156
-------------------------------
Output1 for generation 14700:

Oceanic mean pheno: 8.62877
Freshwater mean pheno: -8.90751
-------------------------------
Output1 for generation 14800:

Oceanic mean pheno: 9.0955
Freshwater mean pheno: -8.52779
-------------------------------
Output1 for generation 14900:

Oceanic mean pheno: 8.93147
Freshwater mean pheno: -8.62221
-------------------------------
Output1 for generation 15000:

Oceanic mean pheno: 9.04134
Freshwater mean pheno: -8.32852
-------------------------------
Output1 for generation 15100:

Oceanic mean pheno: 8.94476
Freshwater mean pheno: -8.28337
-------------------------------
Output1 for generation 15200:

Oceanic mean pheno: 8.9799
Freshwater mean pheno: -8.10814
-------------------------------
Output1 for generation 15300:

Oceanic mean pheno: 8.58404
Freshwater mean pheno: -8.27392
-------------------------------
Output1 for generation 15400:

Oceanic mean pheno: 8.8828
Freshwater mean pheno: -8.13566
-------------------------------
Output1 for generation 15500:

Oceanic mean pheno: 9.31789
Freshwater mean pheno: -8.7136
-------------------------------
Output1 for generation 15600:

Oceanic mean pheno: 8.68751
Freshwater mean pheno: -8.20263
-------------------------------
Output1 for generation 15700:

Oceanic mean pheno: 8.74316
Freshwater mean pheno: -8.51817
-------------------------------
Output1 for generation 15800:

Oceanic mean pheno: 9.216
Freshwater mean pheno: -8.3887
-------------------------------
Output1 for generation 15900:

Oceanic mean pheno: 9.25151
Freshwater mean pheno: -8.62238
-------------------------------
Output1 for generation 16000:

Oceanic mean pheno: 8.89299
Freshwater mean pheno: -8.44834
-------------------------------
Output1 for generation 16100:

Oceanic mean pheno: 8.44851
Freshwater mean pheno: -8.72185
-------------------------------
Output1 for generation 16200:

Oceanic mean pheno: 8.9519
Freshwater mean pheno: -8.2748
-------------------------------
Output1 for generation 16300:

Oceanic mean pheno: 8.90924
Freshwater mean pheno: -8.58334
-------------------------------
Output1 for generation 16400:

Oceanic mean pheno: 8.87912
Freshwater mean pheno: -8.69443
-------------------------------
Output1 for generation 16500:

Oceanic mean pheno: 9.12322
Freshwater mean pheno: -8.56591
-------------------------------
Output1 for generation 16600:

Oceanic mean pheno: 9.26939
Freshwater mean pheno: -8.4114
-------------------------------
Output1 for generation 16700:

Oceanic mean pheno: 8.83021
Freshwater mean pheno: -8.36896
-------------------------------
Output1 for generation 16800:

Oceanic mean pheno: 8.82175
Freshwater mean pheno: -8.96655
-------------------------------
Output1 for generation 16900:

Oceanic mean pheno: 8.98935
Freshwater mean pheno: -8.64207
-------------------------------
Output1 for generation 17000:

Oceanic mean pheno: 9.10244
Freshwater mean pheno: -8.29175
-------------------------------
Output1 for generation 17100:

Oceanic mean pheno: 8.81796
Freshwater mean pheno: -8.61054
-------------------------------
Output1 for generation 17200:

Oceanic mean pheno: 8.99349
Freshwater mean pheno: -8.68272
-------------------------------
Output1 for generation 17300:

Oceanic mean pheno: 8.89165
Freshwater mean pheno: -8.57546
-------------------------------
Output1 for generation 17400:

Oceanic mean pheno: 8.5547
Freshwater mean pheno: -8.17781
-------------------------------
Output1 for generation 17500:

Oceanic mean pheno: 9.17145
Freshwater mean pheno: -8.10643
-------------------------------
Output1 for generation 17600:

Oceanic mean pheno: 8.97541
Freshwater mean pheno: -8.56595
-------------------------------
Output1 for generation 17700:

Oceanic mean pheno: 9.08385
Freshwater mean pheno: -8.2919
-------------------------------
Output1 for generation 17800:

Oceanic mean pheno: 8.88765
Freshwater mean pheno: -8.33354
-------------------------------
Output1 for generation 17900:

Oceanic mean pheno: 8.92853
Freshwater mean pheno: -8.92657
-------------------------------
Output1 for generation 18000:

Oceanic mean pheno: 8.77156
Freshwater mean pheno: -8.55154
-------------------------------
Output1 for generation 18100:

Oceanic mean pheno: 9.26723
Freshwater mean pheno: -8.31496
-------------------------------
Output1 for generation 18200:

Oceanic mean pheno: 9.27402
Freshwater mean pheno: -8.62864
-------------------------------
Output1 for generation 18300:

Oceanic mean pheno: 9.10279
Freshwater mean pheno: -8.44555
-------------------------------
Output1 for generation 18400:

Oceanic mean pheno: 9.01999
Freshwater mean pheno: -9.14881
-------------------------------
Output1 for generation 18500:

Oceanic mean pheno: 9.13468
Freshwater mean pheno: -8.58632
-------------------------------
Output1 for generation 18600:

Oceanic mean pheno: 9.28073
Freshwater mean pheno: -8.56147
-------------------------------
Output1 for generation 18700:

Oceanic mean pheno: 9.16629
Freshwater mean pheno: -8.84072
-------------------------------
Output1 for generation 18800:

Oceanic mean pheno: 8.9016
Freshwater mean pheno: -8.50131
-------------------------------
Output1 for generation 18900:

Oceanic mean pheno: 9.05367
Freshwater mean pheno: -8.36421
-------------------------------
Output1 for generation 19000:

Oceanic mean pheno: 8.63
Freshwater mean pheno: -8.53278
-------------------------------
Output1 for generation 19100:

Oceanic mean pheno: 8.85072
Freshwater mean pheno: -8.77405
-------------------------------
Output1 for generation 19200:

Oceanic mean pheno: 9.20209
Freshwater mean pheno: -8.96249
-------------------------------
Output1 for generation 19300:

Oceanic mean pheno: 9.42284
Freshwater mean pheno: -9.10689
-------------------------------
Output1 for generation 19400:

Oceanic mean pheno: 8.98715
Freshwater mean pheno: -9.05741
-------------------------------
Output1 for generation 19500:

Oceanic mean pheno: 9.33199
Freshwater mean pheno: -8.54858
-------------------------------
Output1 for generation 19600:

Oceanic mean pheno: 9.12495
Freshwater mean pheno: -8.92309
-------------------------------
Output1 for generation 19700:

Oceanic mean pheno: 9.04268
Freshwater mean pheno: -8.67826
-------------------------------
Output1 for generation 19800:

Oceanic mean pheno: 8.82963
Freshwater mean pheno: -8.48163
-------------------------------
Output1 for generation 19900:

Oceanic mean pheno: 9.03313
Freshwater mean pheno: -8.53001
-------------------------------
Output1 for generation 20000:

Oceanic mean pheno: 8.42171
Freshwater mean pheno: -9.27879
new Freshwater mean pheno: 8.40169
-------------------------------
Output1 for generation 20100:

Oceanic mean pheno: 8.27534
Freshwater mean pheno: -8.7042
new Freshwater mean pheno: -8.89207
-------------------------------
Output1 for generation 20200:

Oceanic mean pheno: 8.25185
Freshwater mean pheno: -8.72421
new Freshwater mean pheno: -8.87523
-------------------------------
Output1 for generation 20300:

Oceanic mean pheno: 8.35879
Freshwater mean pheno: -9.23247
new Freshwater mean pheno: -8.89946
-------------------------------
Output1 for generation 20400:

Oceanic mean pheno: 8.16558
Freshwater mean pheno: -8.84595
new Freshwater mean pheno: -8.73012
-------------------------------
Output1 for generation 20500:

Oceanic mean pheno: 8.55939
Freshwater mean pheno: -8.90129
new Freshwater mean pheno: -8.63332
-------------------------------
Output1 for generation 20600:

Oceanic mean pheno: 8.8062
Freshwater mean pheno: -8.96367
new Freshwater mean pheno: -8.98653
-------------------------------
Output1 for generation 20700:

Oceanic mean pheno: 8.27943
Freshwater mean pheno: -8.64194
new Freshwater mean pheno: -8.5131
-------------------------------
Output1 for generation 20800:

Oceanic mean pheno: 8.3972
Freshwater mean pheno: -8.52872
new Freshwater mean pheno: -8.71857
-------------------------------
Output1 for generation 20900:

Oceanic mean pheno: 8.34478
Freshwater mean pheno: -8.70724
new Freshwater mean pheno: -8.78424
-------------------------------
Output1 for generation 21000:

Oceanic mean pheno: 8.47749
Freshwater mean pheno: -8.88103
new Freshwater mean pheno: -9.04818
-------------------------------
Output1 for generation 21100:

Oceanic mean pheno: 8.56522
Freshwater mean pheno: -8.56621
new Freshwater mean pheno: -8.89576
-------------------------------
Output1 for generation 21200:

Oceanic mean pheno: 8.12805
Freshwater mean pheno: -8.91601
new Freshwater mean pheno: -8.68616
-------------------------------
Output1 for generation 21300:

Oceanic mean pheno: 8.42517
Freshwater mean pheno: -8.8456
new Freshwater mean pheno: -8.58413
-------------------------------
Output1 for generation 21400:

Oceanic mean pheno: 8.78983
Freshwater mean pheno: -8.97656
new Freshwater mean pheno: -9.06818
-------------------------------
Output1 for generation 21500:

Oceanic mean pheno: 8.40652
Freshwater mean pheno: -9.10344
new Freshwater mean pheno: -9.18435
-------------------------------
Output1 for generation 21600:

Oceanic mean pheno: 8.41033
Freshwater mean pheno: -9.15153
new Freshwater mean pheno: -8.60131
-------------------------------
Output1 for generation 21700:

Oceanic mean pheno: 8.42621
Freshwater mean pheno: -9.05212
new Freshwater mean pheno: -8.3495
-------------------------------
Output1 for generation 21800:

Oceanic mean pheno: 8.43797
Freshwater mean pheno: -8.61912
new Freshwater mean pheno: -8.78067
-------------------------------
Output1 for generation 21900:

Oceanic mean pheno: 8.49219
Freshwater mean pheno: -8.97158
new Freshwater mean pheno: -9.11558
-------------------------------
Output1 for generation 22000:

Oceanic mean pheno: 8.61785
Freshwater mean pheno: -8.86414
new Freshwater mean pheno: -9.29354
-------------------------------
Output1 for generation 22100:

Oceanic mean pheno: 8.83302
Freshwater mean pheno: -9.29206
new Freshwater mean pheno: -8.8648
-------------------------------
Output1 for generation 22200:

Oceanic mean pheno: 8.33014
Freshwater mean pheno: -9.04817
new Freshwater mean pheno: -8.94638
-------------------------------
Output1 for generation 22300:

Oceanic mean pheno: 8.65789
Freshwater mean pheno: -9.00834
new Freshwater mean pheno: -8.97128
-------------------------------
Output1 for generation 22400:

Oceanic mean pheno: 8.59199
Freshwater mean pheno: -8.81766
new Freshwater mean pheno: -8.93368
-------------------------------
Output1 for generation 22500:

Oceanic mean pheno: 8.67112
Freshwater mean pheno: -8.64558
new Freshwater mean pheno: -9.08918
-------------------------------
Output1 for generation 22600:

Oceanic mean pheno: 8.46728
Freshwater mean pheno: -9.21465
new Freshwater mean pheno: -9.05611
-------------------------------
Output1 for generation 22700:

Oceanic mean pheno: 8.46551
Freshwater mean pheno: -8.83347
new Freshwater mean pheno: -9.49484
-------------------------------
Output1 for generation 22800:

Oceanic mean pheno: 8.69817
Freshwater mean pheno: -9.20136
new Freshwater mean pheno: -9.07932
-------------------------------
Output1 for generation 22900:

Oceanic mean pheno: 8.56205
Freshwater mean pheno: -8.7306
new Freshwater mean pheno: -9.17382
-------------------------------
Output1 for generation 23000:

Oceanic mean pheno: 8.66824
Freshwater mean pheno: -9.11621
new Freshwater mean pheno: -8.07219
-------------------------------
Output1 for generation 23100:

Oceanic mean pheno: 8.82115
Freshwater mean pheno: -8.76226
new Freshwater mean pheno: -8.57104
-------------------------------
Output1 for generation 23200:

Oceanic mean pheno: 8.46403
Freshwater mean pheno: -8.73061
new Freshwater mean pheno: -8.59232
-------------------------------
Output1 for generation 23300:

Oceanic mean pheno: 8.18282
Freshwater mean pheno: -9.00893
new Freshwater mean pheno: -8.54057
-------------------------------
Output1 for generation 23400:

Oceanic mean pheno: 8.41106
Freshwater mean pheno: -8.76478
new Freshwater mean pheno: -9.03152
-------------------------------
Output1 for generation 23500:

Oceanic mean pheno: 8.2432
Freshwater mean pheno: -8.87775
new Freshwater mean pheno: -8.74665
-------------------------------
Output1 for generation 23600:

Oceanic mean pheno: 8.63377
Freshwater mean pheno: -8.9896
new Freshwater mean pheno: -8.415
-------------------------------
Output1 for generation 23700:

Oceanic mean pheno: 8.94791
Freshwater mean pheno: -8.90302
new Freshwater mean pheno: -8.47088
-------------------------------
Output1 for generation 23800:

Oceanic mean pheno: 8.34974
Freshwater mean pheno: -8.5271
new Freshwater mean pheno: -8.97093
-------------------------------
Output1 for generation 23900:

Oceanic mean pheno: 8.35964
Freshwater mean pheno: -8.87622
new Freshwater mean pheno: -8.61475
-------------------------------
Output1 for generation 24000:

Oceanic mean pheno: 8.67648
Freshwater mean pheno: -8.73084
new Freshwater mean pheno: -8.7641
-------------------------------
Output1 for generation 24100:

Oceanic mean pheno: 8.62552
Freshwater mean pheno: -8.70816
new Freshwater mean pheno: -8.58881
-------------------------------
Output1 for generation 24200:

Oceanic mean pheno: 8.59699
Freshwater mean pheno: -8.79775
new Freshwater mean pheno: -8.81885
-------------------------------
Output1 for generation 24300:

Oceanic mean pheno: 8.43277
Freshwater mean pheno: -8.67577
new Freshwater mean pheno: -8.96152
-------------------------------
Output1 for generation 24400:

Oceanic mean pheno: 8.57165
Freshwater mean pheno: -8.9753
new Freshwater mean pheno: -8.75539
-------------------------------
Output1 for generation 24500:

Oceanic mean pheno: 8.72426
Freshwater mean pheno: -9.2103
new Freshwater mean pheno: -8.8479
-------------------------------
Output1 for generation 24600:

Oceanic mean pheno: 8.41293
Freshwater mean pheno: -8.87289
new Freshwater mean pheno: -8.87978
-------------------------------
Output1 for generation 24700:

Oceanic mean pheno: 8.39868
Freshwater mean pheno: -8.75906
new Freshwater mean pheno: -9.0097
-------------------------------
Output1 for generation 24800:

Oceanic mean pheno: 8.82963
Freshwater mean pheno: -8.45407
new Freshwater mean pheno: -9.21712
-------------------------------
Output1 for generation 24900:

Oceanic mean pheno: 8.29288
Freshwater mean pheno: -9.23195
new Freshwater mean pheno: -9.09319
-------------------------------
Output1 for generation 25000:

Oceanic mean pheno: 8.16287
Freshwater mean pheno: -8.70096
new Freshwater mean pheno: -9.18073
-------------------------------
Output1 for generation 25100:

Oceanic mean pheno: 8.78323
Freshwater mean pheno: -8.81689
new Freshwater mean pheno: -9.1319
-------------------------------
Output1 for generation 25200:

Oceanic mean pheno: 8.63008
Freshwater mean pheno: -9.17356
new Freshwater mean pheno: -8.91055
-------------------------------
Output1 for generation 25300:

Oceanic mean pheno: 8.89706
Freshwater mean pheno: -8.93113
new Freshwater mean pheno: -9.07932
-------------------------------
Output1 for generation 25400:

Oceanic mean pheno: 8.67556
Freshwater mean pheno: -8.14381
new Freshwater mean pheno: -8.63311
-------------------------------
Output1 for generation 25500:

Oceanic mean pheno: 8.0094
Freshwater mean pheno: -8.65443
new Freshwater mean pheno: -8.89006
-------------------------------
Output1 for generation 25600:

Oceanic mean pheno: 8.45822
Freshwater mean pheno: -8.43939
new Freshwater mean pheno: -8.48275
-------------------------------
Output1 for generation 25700:

Oceanic mean pheno: 8.62255
Freshwater mean pheno: -9.15474
new Freshwater mean pheno: -8.66351
-------------------------------
Output1 for generation 25800:

Oceanic mean pheno: 8.91879
Freshwater mean pheno: -8.97161
new Freshwater mean pheno: -9.16421
-------------------------------
Output1 for generation 25900:

Oceanic mean pheno: 8.30361
Freshwater mean pheno: -8.9124
new Freshwater mean pheno: -8.98871
-------------------------------
Output1 for generation 26000:

Oceanic mean pheno: 8.33602
Freshwater mean pheno: -8.78989
new Freshwater mean pheno: -8.97134
-------------------------------
Output1 for generation 26100:

Oceanic mean pheno: 7.5813
Freshwater mean pheno: -9.5101
new Freshwater mean pheno: -9.49779
-------------------------------
Output1 for generation 26200:

Oceanic mean pheno: 8.00003
Freshwater mean pheno: -9.06617
new Freshwater mean pheno: -8.97007
-------------------------------
Output1 for generation 26300:

Oceanic mean pheno: 8.07474
Freshwater mean pheno: -8.99166
new Freshwater mean pheno: -8.67386
-------------------------------
Output1 for generation 26400:

Oceanic mean pheno: 8.06812
Freshwater mean pheno: -9.22022
new Freshwater mean pheno: -9.24469
-------------------------------
Output1 for generation 26500:

Oceanic mean pheno: 7.90376
Freshwater mean pheno: -8.91982
new Freshwater mean pheno: -8.94103
-------------------------------
Output1 for generation 26600:

Oceanic mean pheno: 7.99588
Freshwater mean pheno: -8.75758
new Freshwater mean pheno: -8.73023
-------------------------------
Output1 for generation 26700:

Oceanic mean pheno: 8.0197
Freshwater mean pheno: -8.67158
new Freshwater mean pheno: -8.55011
-------------------------------
Output1 for generation 26800:

Oceanic mean pheno: 8.34665
Freshwater mean pheno: -9.06565
new Freshwater mean pheno: -8.69895
-------------------------------
Output1 for generation 26900:

Oceanic mean pheno: 8.0754
Freshwater mean pheno: -8.45358
new Freshwater mean pheno: -8.63587
-------------------------------
Output1 for generation 27000:

Oceanic mean pheno: 8.01459
Freshwater mean pheno: -9.10417
new Freshwater mean pheno: -8.72169
-------------------------------
Output1 for generation 27100:

Oceanic mean pheno: 8.12743
Freshwater mean pheno: -9.03288
new Freshwater mean pheno: -8.21841
-------------------------------
Output1 for generation 27200:

Oceanic mean pheno: 8.21071
Freshwater mean pheno: -9.35179
new Freshwater mean pheno: -8.61642
-------------------------------
Output1 for generation 27300:

Oceanic mean pheno: 8.04477
Freshwater mean pheno: -9.12465
new Freshwater mean pheno: -8.60602
-------------------------------
Output1 for generation 27400:

Oceanic mean pheno: 7.80448
Freshwater mean pheno: -8.96701
new Freshwater mean pheno: -9.05578
-------------------------------
Output1 for generation 27500:

Oceanic mean pheno: 8.35577
Freshwater mean pheno: -9.18187
new Freshwater mean pheno: -9.07801
-------------------------------
Output1 for generation 27600:

Oceanic mean pheno: 8.33343
Freshwater mean pheno: -8.93147
new Freshwater mean pheno: -8.82869
-------------------------------
Output1 for generation 27700:

Oceanic mean pheno: 8.24633
Freshwater mean pheno: -8.78531
new Freshwater mean pheno: -9.25746
-------------------------------
Output1 for generation 27800:

Oceanic mean pheno: 8.39591
Freshwater mean pheno: -8.15024
new Freshwater mean pheno: -8.9789
-------------------------------
Output1 for generation 27900:

Oceanic mean pheno: 7.96656
Freshwater mean pheno: -8.91783
new Freshwater mean pheno: -8.76715
-------------------------------
Output1 for generation 28000:

Oceanic mean pheno: 8.25244
Freshwater mean pheno: -8.91533
new Freshwater mean pheno: -8.70107
-------------------------------
Output1 for generation 28100:

Oceanic mean pheno: 8.08757
Freshwater mean pheno: -8.91487
new Freshwater mean pheno: -8.8397
-------------------------------
Output1 for generation 28200:

Oceanic mean pheno: 8.11625
Freshwater mean pheno: -9.07012
new Freshwater mean pheno: -8.71037
-------------------------------
Output1 for generation 28300:

Oceanic mean pheno: 8.17517
Freshwater mean pheno: -8.90546
new Freshwater mean pheno: -8.1928
-------------------------------
Output1 for generation 28400:

Oceanic mean pheno: 8.27561
Freshwater mean pheno: -8.86846
new Freshwater mean pheno: -8.06831
-------------------------------
Output1 for generation 28500:

Oceanic mean pheno: 8.28778
Freshwater mean pheno: -8.85769
new Freshwater mean pheno: -8.81554
-------------------------------
Output1 for generation 28600:

Oceanic mean pheno: 8.63095
Freshwater mean pheno: -8.85139
new Freshwater mean pheno: -9.03023
-------------------------------
Output1 for generation 28700:

Oceanic mean pheno: 8.01626
Freshwater mean pheno: -8.63147
new Freshwater mean pheno: -8.85699
-------------------------------
Output1 for generation 28800:

Oceanic mean pheno: 8.28327
Freshwater mean pheno: -8.91707
new Freshwater mean pheno: -8.65037
-------------------------------
Output1 for generation 28900:

Oceanic mean pheno: 8.32867
Freshwater mean pheno: -9.31098
new Freshwater mean pheno: -8.71049
-------------------------------
Output1 for generation 29000:

Oceanic mean pheno: 7.95013
Freshwater mean pheno: -9.37694
new Freshwater mean pheno: -8.74911
-------------------------------
Output1 for generation 29100:

Oceanic mean pheno: 8.10165
Freshwater mean pheno: -8.79449
new Freshwater mean pheno: -8.47236
-------------------------------
Output1 for generation 29200:

Oceanic mean pheno: 8.1738
Freshwater mean pheno: -8.74569
new Freshwater mean pheno: -8.41562
-------------------------------
Output1 for generation 29300:

Oceanic mean pheno: 8.20379
Freshwater mean pheno: -8.87251
new Freshwater mean pheno: -8.7582
-------------------------------
Output1 for generation 29400:

Oceanic mean pheno: 7.93952
Freshwater mean pheno: -9.17193
new Freshwater mean pheno: -8.71373
-------------------------------
Output1 for generation 29500:

Oceanic mean pheno: 8.20147
Freshwater mean pheno: -8.97445
new Freshwater mean pheno: -8.47336
-------------------------------
Output1 for generation 29600:

Oceanic mean pheno: 7.73908
Freshwater mean pheno: -9.24207
new Freshwater mean pheno: -8.54183
-------------------------------
Output1 for generation 29700:

Oceanic mean pheno: 7.86067
Freshwater mean pheno: -8.80592
new Freshwater mean pheno: -8.67297
-------------------------------
Output1 for generation 29800:

Oceanic mean pheno: 8.01469
Freshwater mean pheno: -8.75867
new Freshwater mean pheno: -8.64862
-------------------------------
Output1 for generation 29900:

Oceanic mean pheno: 7.9803
Freshwater mean pheno: -8.91788
new Freshwater mean pheno: -8.72206
-------------------------------
Output1 for generation 30000:

Oceanic mean pheno: 8.15109
Freshwater mean pheno: -8.81669
new Freshwater mean pheno: -8.68993
-------------------------------
Output1 for generation 30100:

Oceanic mean pheno: 8.22339
Freshwater mean pheno: -8.72094
new Freshwater mean pheno: -8.55682
-------------------------------
Output1 for generation 30200:

Oceanic mean pheno: 8.09218
Freshwater mean pheno: -8.33318
new Freshwater mean pheno: -8.53238
-------------------------------
Output1 for generation 30300:

Oceanic mean pheno: 7.9553
Freshwater mean pheno: -8.77008
new Freshwater mean pheno: -8.63328
-------------------------------
Output1 for generation 30400:

Oceanic mean pheno: 8.00225
Freshwater mean pheno: -8.9255
new Freshwater mean pheno: -8.70074
-------------------------------
Output1 for generation 30500:

Oceanic mean pheno: 8.31986
Freshwater mean pheno: -9.06796
new Freshwater mean pheno: -8.73687
-------------------------------
Output1 for generation 30600:

Oceanic mean pheno: 8.12928
Freshwater mean pheno: -8.60173
new Freshwater mean pheno: -8.49747
-------------------------------
Output1 for generation 30700:

Oceanic mean pheno: 8.22981
Freshwater mean pheno: -8.75694
new Freshwater mean pheno: -8.61567
-------------------------------
Output1 for generation 30800:

Oceanic mean pheno: 8.01885
Freshwater mean pheno: -9.42784
new Freshwater mean pheno: -8.63855
-------------------------------
Output1 for generation 30900:

Oceanic mean pheno: 8.27583
Freshwater mean pheno: -9.23216
new Freshwater mean pheno: -8.64412
-------------------------------
Output1 for generation 31000:

Oceanic mean pheno: 8.16419
Freshwater mean pheno: -8.50713
new Freshwater mean pheno: -8.90361
-------------------------------
Output1 for generation 31100:

Oceanic mean pheno: 8.21566
Freshwater mean pheno: -8.5506
new Freshwater mean pheno: -8.73185
-------------------------------
Output1 for generation 31200:

Oceanic mean pheno: 8.35975
Freshwater mean pheno: -8.46381
new Freshwater mean pheno: -8.71992
-------------------------------
Output1 for generation 31300:

Oceanic mean pheno: 8.39998
Freshwater mean pheno: -8.94364
new Freshwater mean pheno: -8.5766
-------------------------------
Output1 for generation 31400:

Oceanic mean pheno: 8.10472
Freshwater mean pheno: -9.29089
new Freshwater mean pheno: -8.85993
-------------------------------
Output1 for generation 31500:

Oceanic mean pheno: 8.43119
Freshwater mean pheno: -8.50829
new Freshwater mean pheno: -8.83346
-------------------------------
Output1 for generation 31600:

Oceanic mean pheno: 7.96178
Freshwater mean pheno: -9.0588
new Freshwater mean pheno: -8.74703
-------------------------------
Output1 for generation 31700:

Oceanic mean pheno: 8.20146
Freshwater mean pheno: -8.87578
new Freshwater mean pheno: -8.51105
-------------------------------
Output1 for generation 31800:

Oceanic mean pheno: 8.49341
Freshwater mean pheno: -8.66178
new Freshwater mean pheno: -8.54302
-------------------------------
Output1 for generation 31900:

Oceanic mean pheno: 7.84681
Freshwater mean pheno: -8.42783
new Freshwater mean pheno: -8.86373
-------------------------------
Output1 for generation 32000:

Oceanic mean pheno: 8.29243
Freshwater mean pheno: -9.07258
new Freshwater mean pheno: -8.84725
-------------------------------
Output1 for generation 32100:

Oceanic mean pheno: 8.0129
Freshwater mean pheno: -8.66969
new Freshwater mean pheno: -8.78718
-------------------------------
Output1 for generation 32200:

Oceanic mean pheno: 8.30479
Freshwater mean pheno: -8.68468
new Freshwater mean pheno: -8.97499
-------------------------------
Output1 for generation 32300:

Oceanic mean pheno: 8.00236
Freshwater mean pheno: -8.88176
new Freshwater mean pheno: -9.23673
-------------------------------
Output1 for generation 32400:

Oceanic mean pheno: 8.39271
Freshwater mean pheno: -8.64484
new Freshwater mean pheno: -8.72077
-------------------------------
Output1 for generation 32500:

Oceanic mean pheno: 8.03427
Freshwater mean pheno: -8.7874
new Freshwater mean pheno: -8.99134
-------------------------------
Output1 for generation 32600:

Oceanic mean pheno: 7.90561
Freshwater mean pheno: -8.8522
new Freshwater mean pheno: -9.04525
-------------------------------
Output1 for generation 32700:

Oceanic mean pheno: 8.1706
Freshwater mean pheno: -8.70812
new Freshwater mean pheno: -8.83412
-------------------------------
Output1 for generation 32800:

Oceanic mean pheno: 8.36744
Freshwater mean pheno: -8.43277
new Freshwater mean pheno: -9.03272
-------------------------------
Output1 for generation 32900:

Oceanic mean pheno: 8.63907
Freshwater mean pheno: -8.8518
new Freshwater mean pheno: -8.96651
-------------------------------
Output1 for generation 33000:

Oceanic mean pheno: 8.45631
Freshwater mean pheno: -8.69168
new Freshwater mean pheno: -8.95012
-------------------------------
Output1 for generation 33100:

Oceanic mean pheno: 8.2401
Freshwater mean pheno: -8.91867
new Freshwater mean pheno: -9.0449
-------------------------------
Output1 for generation 33200:

Oceanic mean pheno: 8.6007
Freshwater mean pheno: -8.589
new Freshwater mean pheno: -8.80173
-------------------------------
Output1 for generation 33300:

Oceanic mean pheno: 8.5585
Freshwater mean pheno: -9.01936
new Freshwater mean pheno: -9.21487
-------------------------------
Output1 for generation 33400:

Oceanic mean pheno: 8.1891
Freshwater mean pheno: -9.12928
new Freshwater mean pheno: -8.97556
-------------------------------
Output1 for generation 33500:

Oceanic mean pheno: 8.24126
Freshwater mean pheno: -8.81968
new Freshwater mean pheno: -9.03544
-------------------------------
Output1 for generation 33600:

Oceanic mean pheno: 7.83539
Freshwater mean pheno: -8.96891
new Freshwater mean pheno: -8.96315
-------------------------------
Output1 for generation 33700:

Oceanic mean pheno: 8.24972
Freshwater mean pheno: -8.77212
new Freshwater mean pheno: -8.78118
-------------------------------
Output1 for generation 33800:

Oceanic mean pheno: 8.32525
Freshwater mean pheno: -8.69483
new Freshwater mean pheno: -8.65094
-------------------------------
Output1 for generation 33900:

Oceanic mean pheno: 8.11031
Freshwater mean pheno: -8.61463
new Freshwater mean pheno: -8.58548
-------------------------------
Output1 for generation 34000:

Oceanic mean pheno: 8.15839
Freshwater mean pheno: -8.85234
new Freshwater mean pheno: -8.56709
-------------------------------
Output1 for generation 34100:

Oceanic mean pheno: 8.31095
Freshwater mean pheno: -8.43205
new Freshwater mean pheno: -8.57689
-------------------------------
Output1 for generation 34200:

Oceanic mean pheno: 8.44963
Freshwater mean pheno: -8.54217
new Freshwater mean pheno: -8.49993
-------------------------------
Output1 for generation 34300:

Oceanic mean pheno: 8.38327
Freshwater mean pheno: -8.95061
new Freshwater mean pheno: -8.76319
-------------------------------
Output1 for generation 34400:

Oceanic mean pheno: 8.4278
Freshwater mean pheno: -8.79866
new Freshwater mean pheno: -8.77284
-------------------------------
Output1 for generation 34500:

Oceanic mean pheno: 8.82402
Freshwater mean pheno: -8.93632
new Freshwater mean pheno: -9.10205
-------------------------------
Output1 for generation 34600:

Oceanic mean pheno: 8.64732
Freshwater mean pheno: -8.85963
new Freshwater mean pheno: -9.19465
-------------------------------
Output1 for generation 34700:

Oceanic mean pheno: 8.90734
Freshwater mean pheno: -8.67062
new Freshwater mean pheno: -8.77591
-------------------------------
Output1 for generation 34800:

Oceanic mean pheno: 8.92367
Freshwater mean pheno: -9.12943
new Freshwater mean pheno: -8.68156
-------------------------------
Output1 for generation 34900:

Oceanic mean pheno: 8.72681
Freshwater mean pheno: -8.65555
new Freshwater mean pheno: -8.62392
-------------------------------
Output1 for generation 35000:

Oceanic mean pheno: 8.45344
Freshwater mean pheno: -8.87314
new Freshwater mean pheno: -8.75956
-------------------------------
Output1 for generation 35100:

Oceanic mean pheno: 8.72048
Freshwater mean pheno: -8.97778
new Freshwater mean pheno: -8.68186
-------------------------------
Output1 for generation 35200:

Oceanic mean pheno: 8.39727
Freshwater mean pheno: -8.60667
new Freshwater mean pheno: -8.61301
-------------------------------
Output1 for generation 35300:

Oceanic mean pheno: 8.78851
Freshwater mean pheno: -9.009
new Freshwater mean pheno: -8.96844
-------------------------------
Output1 for generation 35400:

Oceanic mean pheno: 8.38954
Freshwater mean pheno: -9.17217
new Freshwater mean pheno: -9.33813
-------------------------------
Output1 for generation 35500:

Oceanic mean pheno: 8.57082
Freshwater mean pheno: -8.86888
new Freshwater mean pheno: -9.16551
-------------------------------
Output1 for generation 35600:

Oceanic mean pheno: 8.55522
Freshwater mean pheno: -8.92846
new Freshwater mean pheno: -9.12403
-------------------------------
Output1 for generation 35700:

Oceanic mean pheno: 9.04694
Freshwater mean pheno: -9.01252
new Freshwater mean pheno: -8.75917
-------------------------------
Output1 for generation 35800:

Oceanic mean pheno: 8.93531
Freshwater mean pheno: -8.66949
new Freshwater mean pheno: -8.83049
-------------------------------
Output1 for generation 35900:

Oceanic mean pheno: 8.49611
Freshwater mean pheno: -9.23471
new Freshwater mean pheno: -8.73315
-------------------------------
Output1 for generation 36000:

Oceanic mean pheno: 8.87304
Freshwater mean pheno: -8.85675
new Freshwater mean pheno: -8.7652
-------------------------------
Output1 for generation 36100:

Oceanic mean pheno: 8.81934
Freshwater mean pheno: -8.46506
new Freshwater mean pheno: -8.8951
-------------------------------
Output1 for generation 36200:

Oceanic mean pheno: 8.68839
Freshwater mean pheno: -8.94879
new Freshwater mean pheno: -8.77231
-------------------------------
Output1 for generation 36300:

Oceanic mean pheno: 8.19102
Freshwater mean pheno: -9.10231
new Freshwater mean pheno: -8.81786
-------------------------------
Output1 for generation 36400:

Oceanic mean pheno: 8.75884
Freshwater mean pheno: -9.12585
new Freshwater mean pheno: -8.50911
-------------------------------
Output1 for generation 36500:

Oceanic mean pheno: 8.95687
Freshwater mean pheno: -9.12355
new Freshwater mean pheno: -8.44781
-------------------------------
Output1 for generation 36600:

Oceanic mean pheno: 8.56025
Freshwater mean pheno: -8.9345
new Freshwater mean pheno: -8.64589
-------------------------------
Output1 for generation 36700:

Oceanic mean pheno: 8.59724
Freshwater mean pheno: -9.07633
new Freshwater mean pheno: -9.21352
-------------------------------
Output1 for generation 36800:

Oceanic mean pheno: 8.51925
Freshwater mean pheno: -8.64994
new Freshwater mean pheno: -9.02487
-------------------------------
Output1 for generation 36900:

Oceanic mean pheno: 8.89708
Freshwater mean pheno: -9.19164
new Freshwater mean pheno: -8.73484
-------------------------------
Output1 for generation 37000:

Oceanic mean pheno: 8.76671
Freshwater mean pheno: -9.1621
new Freshwater mean pheno: -8.4681
-------------------------------
Output1 for generation 37100:

Oceanic mean pheno: 8.64252
Freshwater mean pheno: -9.19033
new Freshwater mean pheno: -8.88401
-------------------------------
Output1 for generation 37200:

Oceanic mean pheno: 8.31533
Freshwater mean pheno: -9.31202
new Freshwater mean pheno: -9.12951
-------------------------------
Output1 for generation 37300:

Oceanic mean pheno: 8.54362
Freshwater mean pheno: -9.38365
new Freshwater mean pheno: -9.11778
-------------------------------
Output1 for generation 37400:

Oceanic mean pheno: 8.96127
Freshwater mean pheno: -8.98384
new Freshwater mean pheno: -9.45262
-------------------------------
Output1 for generation 37500:

Oceanic mean pheno: 8.62511
Freshwater mean pheno: -9.14486
new Freshwater mean pheno: -8.97307
-------------------------------
Output1 for generation 37600:

Oceanic mean pheno: 9.09463
Freshwater mean pheno: -9.21678
new Freshwater mean pheno: -8.88276
-------------------------------
Output1 for generation 37700:

Oceanic mean pheno: 8.99185
Freshwater mean pheno: -9.0944
new Freshwater mean pheno: -8.62887
-------------------------------
Output1 for generation 37800:

Oceanic mean pheno: 9.08022
Freshwater mean pheno: -9.27731
new Freshwater mean pheno: -8.33938
-------------------------------
Output1 for generation 37900:

Oceanic mean pheno: 8.98942
Freshwater mean pheno: -9.42402
new Freshwater mean pheno: -9.09506
-------------------------------
Output1 for generation 38000:

Oceanic mean pheno: 8.84984
Freshwater mean pheno: -8.98865
new Freshwater mean pheno: -9.24306
-------------------------------
Output1 for generation 38100:

Oceanic mean pheno: 8.67926
Freshwater mean pheno: -8.82681
new Freshwater mean pheno: -9.14781
-------------------------------
Output1 for generation 38200:

Oceanic mean pheno: 8.80735
Freshwater mean pheno: -9.07544
new Freshwater mean pheno: -9.18955
-------------------------------
Output1 for generation 38300:

Oceanic mean pheno: 9.09102
Freshwater mean pheno: -8.93642
new Freshwater mean pheno: -9.11171
-------------------------------
Output1 for generation 38400:

Oceanic mean pheno: 9.19694
Freshwater mean pheno: -9.03191
new Freshwater mean pheno: -8.98973
-------------------------------
Output1 for generation 38500:

Oceanic mean pheno: 8.41725
Freshwater mean pheno: -8.7924
new Freshwater mean pheno: -9.37016
-------------------------------
Output1 for generation 38600:

Oceanic mean pheno: 8.82306
Freshwater mean pheno: -9.28566
new Freshwater mean pheno: -8.8492
-------------------------------
Output1 for generation 38700:

Oceanic mean pheno: 8.89417
Freshwater mean pheno: -8.90044
new Freshwater mean pheno: -9.27353
-------------------------------
Output1 for generation 38800:

Oceanic mean pheno: 9.07463
Freshwater mean pheno: -9.18448
new Freshwater mean pheno: -8.78376
-------------------------------
Output1 for generation 38900:

Oceanic mean pheno: 8.72402
Freshwater mean pheno: -8.84615
new Freshwater mean pheno: -9.20168
-------------------------------
Output1 for generation 39000:

Oceanic mean pheno: 8.72029
Freshwater mean pheno: -8.95618
new Freshwater mean pheno: -8.82366
-------------------------------
Output1 for generation 39100:

Oceanic mean pheno: 8.74872
Freshwater mean pheno: -9.2063
new Freshwater mean pheno: -8.9516
-------------------------------
Output1 for generation 39200:

Oceanic mean pheno: 8.49355
Freshwater mean pheno: -9.22343
new Freshwater mean pheno: -8.80935
-------------------------------
Output1 for generation 39300:

Oceanic mean pheno: 8.42284
Freshwater mean pheno: -9.0003
new Freshwater mean pheno: -8.83457
-------------------------------
Output1 for generation 39400:

Oceanic mean pheno: 8.95832
Freshwater mean pheno: -8.96001
new Freshwater mean pheno: -8.73401
-------------------------------
Output1 for generation 39500:

Oceanic mean pheno: 8.9025
Freshwater mean pheno: -8.64242
new Freshwater mean pheno: -8.50705
-------------------------------
Output1 for generation 39600:

Oceanic mean pheno: 8.3749
Freshwater mean pheno: -8.96419
new Freshwater mean pheno: -8.81035
-------------------------------
Output1 for generation 39700:

Oceanic mean pheno: 8.75455
Freshwater mean pheno: -8.82904
new Freshwater mean pheno: -9.22729
-------------------------------
Output1 for generation 39800:

Oceanic mean pheno: 8.82979
Freshwater mean pheno: -8.82157
new Freshwater mean pheno: -9.21032
-------------------------------
Output1 for generation 39900:

Oceanic mean pheno: 8.47524
Freshwater mean pheno: -9.06561
new Freshwater mean pheno: -8.66189
-------------------------------
Output1 for generation 40000:

Oceanic mean pheno: 8.41822
Freshwater mean pheno: -8.82238
new Freshwater mean pheno: -8.97758
elapsed: 4:05:23 / kernel: 2.87 / user: 14728.42 / mem: 280940
Done!
