Task ID  - seed 023077
Parameters for SLiM run:
  -s 023077 MyRecipe6_0_2.E
// Initial random seed:
1510558446462

// RunInitializeCallbacks():
initializeSLiMOptions(dimensionality = 'x');
initializeMutationRate(1e-07);
initializeMutationType(1, 0.5, "g", 0.5, 1);
initializeMutationType(2, 0.5, "g", -0.5, 1);
initializeMutationType(3, 0.5, "f", 0);
initializeMutationType(4, 0.5, "g", 0.5, 1);
initializeMutationType(5, 0.5, "g", -0.5, 1);
initializeGenomicElementType(1, m3, 1);
initializeGenomicElementType(2, c(m1, m2, m3, m4, m5), c(1, 1, 1, 1, 1));
initializeGenomicElement(g1, 0, 4949);
initializeGenomicElement(g2, 4950, 5049);
initializeGenomicElement(g1, 5050, 9999);
initializeGenomicElement(g1, 10000, 14949);
initializeGenomicElement(g2, 14950, 15049);
initializeGenomicElement(g1, 15050, 19999);
initializeGenomicElement(g1, 20000, 24949);
initializeGenomicElement(g2, 24950, 25049);
initializeGenomicElement(g1, 25050, 29999);
initializeGenomicElement(g1, 30000, 34949);
initializeGenomicElement(g2, 34950, 35049);
initializeGenomicElement(g1, 35050, 39999);
initializeGenomicElement(g1, 40000, 44949);
initializeGenomicElement(g2, 44950, 45049);
initializeGenomicElement(g1, 45050, 49999);
initializeGenomicElement(g1, 50000, 54949);
initializeGenomicElement(g2, 54950, 55049);
initializeGenomicElement(g1, 55050, 59999);
initializeGenomicElement(g1, 60000, 64949);
initializeGenomicElement(g2, 64950, 65049);
initializeGenomicElement(g1, 65050, 69999);
initializeGenomicElement(g1, 70000, 74949);
initializeGenomicElement(g2, 74950, 75049);
initializeGenomicElement(g1, 75050, 79999);
initializeGenomicElement(g1, 80000, 84949);
initializeGenomicElement(g2, 84950, 85049);
initializeGenomicElement(g1, 85050, 89999);
initializeGenomicElement(g1, 90000, 94949);
initializeGenomicElement(g2, 94950, 95049);
initializeGenomicElement(g1, 95050, 99999);
end of chromosome position: 100000
initializeRecombinationRate(0.001);
initializeInteractionType(1, "x", reciprocal=T", maxDistance=0.02);
initializeInteractionType(2, "x", reciprocal=T", maxDistance=1);

// Starting run at generation <start>:
1 

-------------------------------
Output1 for generation 100:

Oceanic mean pheno: 0.000906802
Freshwater mean pheno: 0
-------------------------------
Output1 for generation 200:

Oceanic mean pheno: 0.481716
Freshwater mean pheno: 0.0230824
-------------------------------
Output1 for generation 300:

Oceanic mean pheno: 1.62533
Freshwater mean pheno: 0.294983
-------------------------------
Output1 for generation 400:

Oceanic mean pheno: 1.69519
Freshwater mean pheno: 0.38659
-------------------------------
Output1 for generation 500:

Oceanic mean pheno: 1.77484
Freshwater mean pheno: 1.75337
-------------------------------
Output1 for generation 600:

Oceanic mean pheno: 1.77599
Freshwater mean pheno: 1.62829
-------------------------------
Output1 for generation 700:

Oceanic mean pheno: 1.77557
Freshwater mean pheno: 1.76869
-------------------------------
Output1 for generation 800:

Oceanic mean pheno: 0.0805602
Freshwater mean pheno: 0.0130898
-------------------------------
Output1 for generation 900:

Oceanic mean pheno: 0.938968
Freshwater mean pheno: 0.168743
-------------------------------
Output1 for generation 1000:

Oceanic mean pheno: 1.17511
Freshwater mean pheno: 0.144165
-------------------------------
Output1 for generation 1100:

Oceanic mean pheno: 1.77585
Freshwater mean pheno: 0.35855
-------------------------------
Output1 for generation 1200:

Oceanic mean pheno: 3.64843
Freshwater mean pheno: 0.497395
-------------------------------
Output1 for generation 1300:

Oceanic mean pheno: 5.34537
Freshwater mean pheno: 0.549419
-------------------------------
Output1 for generation 1400:

Oceanic mean pheno: 5.70794
Freshwater mean pheno: 1.67251
-------------------------------
Output1 for generation 1500:

Oceanic mean pheno: 6.09521
Freshwater mean pheno: 4.24994
-------------------------------
Output1 for generation 1600:

Oceanic mean pheno: 6.21208
Freshwater mean pheno: 4.75579
-------------------------------
Output1 for generation 1700:

Oceanic mean pheno: 4.32902
Freshwater mean pheno: 2.9938
-------------------------------
Output1 for generation 1800:

Oceanic mean pheno: 4.35514
Freshwater mean pheno: 2.56494
-------------------------------
Output1 for generation 1900:

Oceanic mean pheno: 5.81063
Freshwater mean pheno: 2.06478
-------------------------------
Output1 for generation 2000:

Oceanic mean pheno: 6.22367
Freshwater mean pheno: 2.98506
-------------------------------
Output1 for generation 2100:

Oceanic mean pheno: 6.08329
Freshwater mean pheno: 1.71135
-------------------------------
Output1 for generation 2200:

Oceanic mean pheno: 6.13919
Freshwater mean pheno: 1.20948
-------------------------------
Output1 for generation 2300:

Oceanic mean pheno: 6.22892
Freshwater mean pheno: 1.46452
-------------------------------
Output1 for generation 2400:

Oceanic mean pheno: 4.68969
Freshwater mean pheno: 0.906121
-------------------------------
Output1 for generation 2500:

Oceanic mean pheno: 6.72371
Freshwater mean pheno: 0.649742
-------------------------------
Output1 for generation 2600:

Oceanic mean pheno: 6.00526
Freshwater mean pheno: 0.600571
-------------------------------
Output1 for generation 2700:

Oceanic mean pheno: 6.07764
Freshwater mean pheno: 1.11321
-------------------------------
Output1 for generation 2800:

Oceanic mean pheno: 7.03615
Freshwater mean pheno: 1.7078
-------------------------------
Output1 for generation 2900:

Oceanic mean pheno: 6.95894
Freshwater mean pheno: 1.01394
-------------------------------
Output1 for generation 3000:

Oceanic mean pheno: 5.02977
Freshwater mean pheno: 2.3034
-------------------------------
Output1 for generation 3100:

Oceanic mean pheno: 5.40331
Freshwater mean pheno: 1.5142
-------------------------------
Output1 for generation 3200:

Oceanic mean pheno: 6.18165
Freshwater mean pheno: 0.87286
-------------------------------
Output1 for generation 3300:

Oceanic mean pheno: 6.57257
Freshwater mean pheno: 2.21839
-------------------------------
Output1 for generation 3400:

Oceanic mean pheno: 6.89123
Freshwater mean pheno: 1.49102
-------------------------------
Output1 for generation 3500:

Oceanic mean pheno: 5.47195
Freshwater mean pheno: 3.23949
-------------------------------
Output1 for generation 3600:

Oceanic mean pheno: 5.30689
Freshwater mean pheno: 3.15764
-------------------------------
Output1 for generation 3700:

Oceanic mean pheno: 5.43232
Freshwater mean pheno: 2.71785
-------------------------------
Output1 for generation 3800:

Oceanic mean pheno: 5.40508
Freshwater mean pheno: 2.53708
-------------------------------
Output1 for generation 3900:

Oceanic mean pheno: 4.0618
Freshwater mean pheno: 1.71701
-------------------------------
Output1 for generation 4000:

Oceanic mean pheno: 5.10512
Freshwater mean pheno: 1.5738
-------------------------------
Output1 for generation 4100:

Oceanic mean pheno: 6.40444
Freshwater mean pheno: 2.28682
-------------------------------
Output1 for generation 4200:

Oceanic mean pheno: 5.51233
Freshwater mean pheno: 2.99832
-------------------------------
Output1 for generation 4300:

Oceanic mean pheno: 6.59041
Freshwater mean pheno: 2.35252
-------------------------------
Output1 for generation 4400:

Oceanic mean pheno: 6.82256
Freshwater mean pheno: 2.23966
-------------------------------
Output1 for generation 4500:

Oceanic mean pheno: 6.85637
Freshwater mean pheno: 2.04326
-------------------------------
Output1 for generation 4600:

Oceanic mean pheno: 6.35508
Freshwater mean pheno: 2.24007
-------------------------------
Output1 for generation 4700:

Oceanic mean pheno: 5.16396
Freshwater mean pheno: 0.318116
-------------------------------
Output1 for generation 4800:

Oceanic mean pheno: 5.10701
Freshwater mean pheno: 0.349683
-------------------------------
Output1 for generation 4900:

Oceanic mean pheno: 4.74986
Freshwater mean pheno: 0.331694
-------------------------------
Output1 for generation 5000:

Oceanic mean pheno: 5.15806
Freshwater mean pheno: 0.676401
-------------------------------
Output1 for generation 5100:

Oceanic mean pheno: 5.63481
Freshwater mean pheno: 0.761697
-------------------------------
Output1 for generation 5200:

Oceanic mean pheno: 5.61906
Freshwater mean pheno: 0.604654
-------------------------------
Output1 for generation 5300:

Oceanic mean pheno: 5.57487
Freshwater mean pheno: 0.535789
-------------------------------
Output1 for generation 5400:

Oceanic mean pheno: 5.51809
Freshwater mean pheno: 0.744766
-------------------------------
Output1 for generation 5500:

Oceanic mean pheno: 5.86359
Freshwater mean pheno: 2.11078
-------------------------------
Output1 for generation 5600:

Oceanic mean pheno: 5.69543
Freshwater mean pheno: 0.861339
-------------------------------
Output1 for generation 5700:

Oceanic mean pheno: 5.84609
Freshwater mean pheno: 0.909762
-------------------------------
Output1 for generation 5800:

Oceanic mean pheno: 5.69193
Freshwater mean pheno: 1.85701
-------------------------------
Output1 for generation 5900:

Oceanic mean pheno: 5.41414
Freshwater mean pheno: 1.4929
-------------------------------
Output1 for generation 6000:

Oceanic mean pheno: 5.60698
Freshwater mean pheno: 1.67967
-------------------------------
Output1 for generation 6100:

Oceanic mean pheno: 5.13985
Freshwater mean pheno: 1.83579
-------------------------------
Output1 for generation 6200:

Oceanic mean pheno: 4.29015
Freshwater mean pheno: 1.02777
-------------------------------
Output1 for generation 6300:

Oceanic mean pheno: 5.30364
Freshwater mean pheno: 1.07272
-------------------------------
Output1 for generation 6400:

Oceanic mean pheno: 5.5871
Freshwater mean pheno: 1.00363
-------------------------------
Output1 for generation 6500:

Oceanic mean pheno: 4.43107
Freshwater mean pheno: 0.393617
-------------------------------
Output1 for generation 6600:

Oceanic mean pheno: 5.66238
Freshwater mean pheno: 0.702653
-------------------------------
Output1 for generation 6700:

Oceanic mean pheno: 5.70894
Freshwater mean pheno: 0.690257
-------------------------------
Output1 for generation 6800:

Oceanic mean slurmstepd: error: *** JOB 234669 ON n032 CANCELLED AT 2017-11-09T10:37:22 ***
