Task ID  - seed 000950
Parameters for SLiM run:
  -s 000950 MyRecipe6_0_2.E
// Initial random seed:
1511861842308

// RunInitializeCallbacks():
initializeSLiMOptions(dimensionality = 'x');
initializeMutationRate(1e-07);
initializeMutationType(1, 0.5, "g", 0.5, 1);
initializeMutationType(2, 0.5, "g", -0.5, 1);
initializeMutationType(3, 0.5, "f", 0);
initializeMutationType(4, 0.5, "g", 0.5, 1);
initializeMutationType(5, 0.5, "g", -0.5, 1);
initializeGenomicElementType(1, m3, 1);
initializeGenomicElementType(2, c(m1, m2, m3, m4, m5), c(1, 1, 1, 1, 1));
initializeGenomicElement(g1, 0, 4949);
initializeGenomicElement(g2, 4950, 5049);
initializeGenomicElement(g1, 5050, 9999);
initializeGenomicElement(g1, 10000, 14949);
initializeGenomicElement(g2, 14950, 15049);
initializeGenomicElement(g1, 15050, 19999);
initializeGenomicElement(g1, 20000, 24949);
initializeGenomicElement(g2, 24950, 25049);
initializeGenomicElement(g1, 25050, 29999);
initializeGenomicElement(g1, 30000, 34949);
initializeGenomicElement(g2, 34950, 35049);
initializeGenomicElement(g1, 35050, 39999);
initializeGenomicElement(g1, 40000, 44949);
initializeGenomicElement(g2, 44950, 45049);
initializeGenomicElement(g1, 45050, 49999);
initializeGenomicElement(g1, 50000, 54949);
initializeGenomicElement(g2, 54950, 55049);
initializeGenomicElement(g1, 55050, 59999);
initializeGenomicElement(g1, 60000, 64949);
initializeGenomicElement(g2, 64950, 65049);
initializeGenomicElement(g1, 65050, 69999);
initializeGenomicElement(g1, 70000, 74949);
initializeGenomicElement(g2, 74950, 75049);
initializeGenomicElement(g1, 75050, 79999);
initializeGenomicElement(g1, 80000, 84949);
initializeGenomicElement(g2, 84950, 85049);
initializeGenomicElement(g1, 85050, 89999);
initializeGenomicElement(g1, 90000, 94949);
initializeGenomicElement(g2, 94950, 95049);
initializeGenomicElement(g1, 95050, 99999);
end of chromosome position: 100000
initializeRecombinationRate(0.001);
initializeInteractionType(1, "x", reciprocal=T", maxDistance=0.02);
initializeInteractionType(2, "x", reciprocal=T", maxDistance=1);

// Starting run at generation <start>:
1 

-------------------------------
Output1 for generation 100:

Oceanic mean pheno: 2.11052
Freshwater mean pheno: 0.493098
-------------------------------
Output1 for generation 200:

Oceanic mean pheno: 1.74884
Freshwater mean pheno: 0.556757
-------------------------------
Output1 for generation 300:

Oceanic mean pheno: 2.88044
Freshwater mean pheno: 0.796063
-------------------------------
Output1 for generation 400:

Oceanic mean pheno: 5.23922
Freshwater mean pheno: 2.3972
-------------------------------
Output1 for generation 500:

Oceanic mean pheno: 4.60384
Freshwater mean pheno: 0.606995
-------------------------------
Output1 for generation 600:

Oceanic mean pheno: 2.93695
Freshwater mean pheno: -0.682528
-------------------------------
Output1 for generation 700:

Oceanic mean pheno: 3.70921
Freshwater mean pheno: -1.24509
-------------------------------
Output1 for generation 800:

Oceanic mean pheno: 3.73895
Freshwater mean pheno: -1.88885
-------------------------------
Output1 for generation 900:

Oceanic mean pheno: 9.11676
Freshwater mean pheno: 3.32778
-------------------------------
Output1 for generation 1000:

Oceanic mean pheno: 3.46774
Freshwater mean pheno: -1.2464
-------------------------------
Output1 for generation 1100:

Oceanic mean pheno: 6.90481
Freshwater mean pheno: 0.453509
-------------------------------
Output1 for generation 1200:

Oceanic mean pheno: -1.34024
Freshwater mean pheno: -6.05041
-------------------------------
Output1 for generation 1300:

Oceanic mean pheno: 6.16968
Freshwater mean pheno: -3.65575
-------------------------------
Output1 for generation 1400:

Oceanic mean pheno: 7.83935
Freshwater mean pheno: 2.13627
-------------------------------
Output1 for generation 1500:

Oceanic mean pheno: 9.72693
Freshwater mean pheno: 2.67634
-------------------------------
Output1 for generation 1600:

Oceanic mean pheno: 5.7064
Freshwater mean pheno: -0.349816
-------------------------------
Output1 for generation 1700:

Oceanic mean pheno: 2.04249
Freshwater mean pheno: -5.30849
-------------------------------
Output1 for generation 1800:

Oceanic mean pheno: 16.3423
Freshwater mean pheno: 12.1535
-------------------------------
Output1 for generation 1900:

Oceanic mean pheno: 8.13688
Freshwater mean pheno: 6.71946
-------------------------------
Output1 for generation 2000:

Oceanic mean pheno: 8.90061
Freshwater mean pheno: 5.82038
-------------------------------
Output1 for generation 2100:

Oceanic mean pheno: 1.87817
Freshwater mean pheno: -0.155195
-------------------------------
Output1 for generation 2200:

Oceanic mean pheno: 2.77199
Freshwater mean pheno: 0.935228
-------------------------------
Output1 for generation 2300:

Oceanic mean pheno: -0.519458
Freshwater mean pheno: -0.709222
-------------------------------
Output1 for generation 2400:

Oceanic mean pheno: 6.93755
Freshwater mean pheno: 5.17089
-------------------------------
Output1 for generation 2500:

Oceanic mean pheno: -0.78162
Freshwater mean pheno: -1.88215
-------------------------------
Output1 for generation 2600:

Oceanic mean pheno: 2.98386
Freshwater mean pheno: -0.30396
-------------------------------
Output1 for generation 2700:

Oceanic mean pheno: 7.72733
Freshwater mean pheno: 4.36872
-------------------------------
Output1 for generation 2800:

Oceanic mean pheno: 9.34709
Freshwater mean pheno: 4.80307
-------------------------------
Output1 for generation 2900:

Oceanic mean pheno: 5.21997
Freshwater mean pheno: 0.505948
-------------------------------
Output1 for generation 3000:

Oceanic mean pheno: 2.255
Freshwater mean pheno: -2.56367
-------------------------------
Output1 for generation 3100:

Oceanic mean pheno: 4.40016
Freshwater mean pheno: -0.468705
-------------------------------
Output1 for generation 3200:

Oceanic mean pheno: 5.87511
Freshwater mean pheno: -0.0172252
-------------------------------
Output1 for generation 3300:

Oceanic mean pheno: 2.61754
Freshwater mean pheno: -2.67721
-------------------------------
Output1 for generation 3400:

Oceanic mean pheno: 1.0028
Freshwater mean pheno: -4.01263
-------------------------------
Output1 for generation 3500:

Oceanic mean pheno: 8.96161
Freshwater mean pheno: 2.56439
-------------------------------
Output1 for generation 3600:

Oceanic mean pheno: 9.58299
Freshwater mean pheno: 6.80907
-------------------------------
Output1 for generation 3700:

Oceanic mean pheno: 6.2758
Freshwater mean pheno: -0.703716
-------------------------------
Output1 for generation 3800:

Oceanic mean pheno: 1.48941
Freshwater mean pheno: -4.66857
-------------------------------
Output1 for generation 3900:

Oceanic mean pheno: 2.11486
Freshwater mean pheno: -4.57814
-------------------------------
Output1 for generation 4000:

Oceanic mean pheno: 9.02233
Freshwater mean pheno: 3.37448
-------------------------------
Output1 for generation 4100:

Oceanic mean pheno: 4.24681
Freshwater mean pheno: -3.53046
-------------------------------
Output1 for generation 4200:

Oceanic mean pheno: 3.92521
Freshwater mean pheno: -3.25087
-------------------------------
Output1 for generation 4300:

Oceanic mean pheno: 8.22186
Freshwater mean pheno: 3.54981
-------------------------------
Output1 for generation 4400:

Oceanic mean pheno: 1.18683
Freshwater mean pheno: -4.893
-------------------------------
Output1 for generation 4500:

Oceanic mean pheno: 3.50603
Freshwater mean pheno: -2.81171
-------------------------------
Output1 for generation 4600:

Oceanic mean pheno: -0.253917
Freshwater mean pheno: -6.56949
-------------------------------
Output1 for generation 4700:

Oceanic mean pheno: 5.93569
Freshwater mean pheno: -2.74155
-------------------------------
Output1 for generation 4800:

Oceanic mean pheno: 0.940014
Freshwater mean pheno: -6.10202
-------------------------------
Output1 for generation 4900:

Oceanic mean pheno: 10.9004
Freshwater mean pheno: 2.89226
-------------------------------
Output1 for generation 5000:

Oceanic mean pheno: 3.40821
Freshwater mean pheno: -5.39795
-------------------------------
Output1 for generation 5100:

Oceanic mean pheno: 4.02608
Freshwater mean pheno: -2.65677
-------------------------------
Output1 for generation 5200:

Oceanic mean pheno: 6.04018
Freshwater mean pheno: -1.61261
-------------------------------
Output1 for generation 5300:

Oceanic mean pheno: 1.20592
Freshwater mean pheno: -5.93581
-------------------------------
Output1 for generation 5400:

Oceanic mean pheno: 2.83355
Freshwater mean pheno: -4.12839
-------------------------------
Output1 for generation 5500:

Oceanic mean pheno: 2.37464
Freshwater mean pheno: -5.49482
-------------------------------
Output1 for generation 5600:

Oceanic mean pheno: 4.98959
Freshwater mean pheno: -2.69684
-------------------------------
Output1 for generation 5700:

Oceanic mean pheno: 6.61347
Freshwater mean pheno: -4.30436
-------------------------------
Output1 for generation 5800:

Oceanic mean pheno: 4.2386
Freshwater mean pheno: -3.85927
-------------------------------
Output1 for generation 5900:

Oceanic mean pheno: -0.343165
Freshwater mean pheno: -6.34889
-------------------------------
Output1 for generation 6000:

Oceanic mean pheno: 8.15613
Freshwater mean pheno: -0.0661228
-------------------------------
Output1 for generation 6100:

Oceanic mean pheno: 7.13855
Freshwater mean pheno: 0.825546
-------------------------------
Output1 for generation 6200:

Oceanic mean pheno: 1.47008
Freshwater mean pheno: -7.17822
-------------------------------
Output1 for generation 6300:

Oceanic mean pheno: 11.6158
Freshwater mean pheno: 0.539724
-------------------------------
Output1 for generation 6400:

Oceanic mean pheno: 9.2077
Freshwater mean pheno: 1.646
-------------------------------
Output1 for generation 6500:

Oceanic mean pheno: 5.69767
Freshwater mean pheno: -2.04502
-------------------------------
Output1 for generation 6600:

Oceanic mean pheno: 4.63083
Freshwater mean pheno: -4.07754
-------------------------------
Output1 for generation 6700:

Oceanic mean pheno: 0.0778642
Freshwater mean pheno: -8.61145
-------------------------------
Output1 for generation 6800:

Oceanic mean pheno: 0.631268
Freshwater mean pheno: -7.72733
-------------------------------
Output1 for generation 6900:

Oceanic mean pheno: 2.96907
Freshwater mean pheno: -5.84978
-------------------------------
Output1 for generation 7000:

Oceanic mean pheno: 6.42649
Freshwater mean pheno: -2.07949
-------------------------------
Output1 for generation 7100:

Oceanic mean pheno: 3.93215
Freshwater mean pheno: -4.78479
-------------------------------
Output1 for generation 7200:

Oceanic mean pheno: 5.17915
Freshwater mean pheno: -0.764652
-------------------------------
Output1 for generation 7300:

Oceanic mean pheno: 7.60058
Freshwater mean pheno: 3.12394
-------------------------------
Output1 for generation 7400:

Oceanic mean pheno: 2.50157
Freshwater mean pheno: -1.23445
-------------------------------
Output1 for generation 7500:

Oceanic mean pheno: 3.65374
Freshwater mean pheno: -0.664969
-------------------------------
Output1 for generation 7600:

Oceanic mean pheno: 2.91889
Freshwater mean pheno: -2.96987
-------------------------------
Output1 for generation 7700:

Oceanic mean pheno: 11.8758
Freshwater mean pheno: 5.27736
-------------------------------
Output1 for generation 7800:

Oceanic mean pheno: 7.92826
Freshwater mean pheno: 4.65364
-------------------------------
Output1 for generation 7900:

Oceanic mean pheno: 8.44394
Freshwater mean pheno: 3.84409
-------------------------------
Output1 for generation 8000:

Oceanic mean pheno: 1.85193
Freshwater mean pheno: -0.475365
-------------------------------
Output1 for generation 8100:

Oceanic mean pheno: 6.40843
Freshwater mean pheno: 3.87153
-------------------------------
Output1 for generation 8200:

Oceanic mean pheno: 4.44718
Freshwater mean pheno: 0.263948
-------------------------------
Output1 for generation 8300:

Oceanic mean pheno: 8.55512
Freshwater mean pheno: 5.52651
-------------------------------
Output1 for generation 8400:

Oceanic mean pheno: 5.03239
Freshwater mean pheno: -0.352602
-------------------------------
Output1 for generation 8500:

Oceanic mean pheno: 0.543769
Freshwater mean pheno: -2.77395
-------------------------------
Output1 for generation 8600:

Oceanic mean pheno: 6.76452
Freshwater mean pheno: 4.06342
-------------------------------
Output1 for generation 8700:

Oceanic mean pheno: 1.89211
Freshwater mean pheno: -1.84372
-------------------------------
Output1 for generation 8800:

Oceanic mean pheno: 1.93281
Freshwater mean pheno: -1.73055
-------------------------------
Output1 for generation 8900:

Oceanic mean pheno: 11.4283
Freshwater mean pheno: 5.51489
-------------------------------
Output1 for generation 9000:

Oceanic mean pheno: 5.94324
Freshwater mean pheno: -2.87239
-------------------------------
Output1 for generation 9100:

Oceanic mean pheno: 2.78621
Freshwater mean pheno: -5.15092
-------------------------------
Output1 for generation 9200:

Oceanic mean pheno: 3.0419
Freshwater mean pheno: -5.90122
-------------------------------
Output1 for generation 9300:

Oceanic mean pheno: 0.102697
Freshwater mean pheno: -7.02037
-------------------------------
Output1 for generation 9400:

Oceanic mean pheno: -0.254243
Freshwater mean pheno: -7.86876
-------------------------------
Output1 for generation 9500:

Oceanic mean pheno: -0.214319
Freshwater mean pheno: -7.57205
-------------------------------
Output1 for generation 9600:

Oceanic mean pheno: 2.30172
Freshwater mean pheno: -6.7432
-------------------------------
Output1 for generation 9700:

Oceanic mean pheno: 2.91573
Freshwater mean pheno: -5.62357
-------------------------------
Output1 for generation 9800:

Oceanic mean pheno: 5.73587
Freshwater mean pheno: -1.86914
-------------------------------
Output1 for generation 9900:

Oceanic mean pheno: 6.75325
Freshwater mean pheno: -3.58727
-------------------------------
Output1 for generation 10000:

Oceanic mean pheno: 8.1815
Freshwater mean pheno: -0.757903
-------------------------------
Output1 for generation 10100:

Oceanic mean pheno: 3.58831
Freshwater mean pheno: -3.37832
-------------------------------
Output1 for generation 10200:

Oceanic mean pheno: 4.59402
Freshwater mean pheno: -1.70422
-------------------------------
Output1 for generation 10300:

Oceanic mean pheno: 2.40025
Freshwater mean pheno: -6.0585
-------------------------------
Output1 for generation 10400:

Oceanic mean pheno: 6.39563
Freshwater mean pheno: -0.30761
-------------------------------
Output1 for generation 10500:

Oceanic mean pheno: 5.39853
Freshwater mean pheno: -1.96244
-------------------------------
Output1 for generation 10600:

Oceanic mean pheno: 3.73655
Freshwater mean pheno: -4.26802
-------------------------------
Output1 for generation 10700:

Oceanic mean pheno: 12.1368
Freshwater mean pheno: 3.97731
-------------------------------
Output1 for generation 10800:

Oceanic mean pheno: 5.24861
Freshwater mean pheno: -3.71967
-------------------------------
Output1 for generation 10900:

Oceanic mean pheno: 6.69248
Freshwater mean pheno: -1.49646
-------------------------------
Output1 for generation 11000:

Oceanic mean pheno: 5.38071
Freshwater mean pheno: -3.92811
-------------------------------
Output1 for generation 11100:

Oceanic mean pheno: 8.17063
Freshwater mean pheno: -1.59116
-------------------------------
Output1 for generation 11200:

Oceanic mean pheno: 8.59593
Freshwater mean pheno: -2.02393
-------------------------------
Output1 for generation 11300:

Oceanic mean pheno: 5.02658
Freshwater mean pheno: -5.18765
-------------------------------
Output1 for generation 11400:

Oceanic mean pheno: 10.1395
Freshwater mean pheno: 2.41522
-------------------------------
Output1 for generation 11500:

Oceanic mean pheno: 11.4346
Freshwater mean pheno: 3.21333
-------------------------------
Output1 for generation 11600:

Oceanic mean pheno: 10.3964
Freshwater mean pheno: 8.47088
-------------------------------
Output1 for generation 11700:

Oceanic mean pheno: -3.41512
Freshwater mean pheno: -7.90566
-------------------------------
Output1 for generation 11800:

Oceanic mean pheno: 3.90383
Freshwater mean pheno: -5.75156
-------------------------------
Output1 for generation 11900:

Oceanic mean pheno: 9.30661
Freshwater mean pheno: -0.841181
-------------------------------
Output1 for generation 12000:

Oceanic mean pheno: 5.57824
Freshwater mean pheno: -5.23601
-------------------------------
Output1 for generation 12100:

Oceanic mean pheno: 0.622401
Freshwater mean pheno: -5.60565
-------------------------------
Output1 for generation 12200:

Oceanic mean pheno: 6.5039
Freshwater mean pheno: -5.28861
-------------------------------
Output1 for generation 12300:

Oceanic mean pheno: 5.15074
Freshwater mean pheno: -7.67306
-------------------------------
Output1 for generation 12400:

Oceanic mean pheno: 4.44519
Freshwater mean pheno: -5.92893
-------------------------------
Output1 for generation 12500:

Oceanic mean pheno: 2.87012
Freshwater mean pheno: -8.29438
-------------------------------
Output1 for generation 12600:

Oceanic mean pheno: 5.39023
Freshwater mean pheno: -5.58611
-------------------------------
Output1 for generation 12700:

Oceanic mean pheno: 3.1926
Freshwater mean pheno: -9.25323
-------------------------------
Output1 for generation 12800:

Oceanic mean pheno: 8.03279
Freshwater mean pheno: -7.77727
-------------------------------
Output1 for generation 12900:

Oceanic mean pheno: 1.3996
Freshwater mean pheno: -9.9488
-------------------------------
Output1 for generation 13000:

Oceanic mean pheno: 4.14886
Freshwater mean pheno: -7.97478
-------------------------------
Output1 for generation 13100:

Oceanic mean pheno: 9.77474
Freshwater mean pheno: -8.14139
-------------------------------
Output1 for generation 13200:

Oceanic mean pheno: 7.23378
Freshwater mean pheno: -6.37548
-------------------------------
Output1 for generation 13300:

Oceanic mean pheno: 6.00405
Freshwater mean pheno: -8.53575
-------------------------------
Output1 for generation 13400:

Oceanic mean pheno: 9.22139
Freshwater mean pheno: 0.530266
-------------------------------
Output1 for generation 13500:

Oceanic mean pheno: 11.0997
Freshwater mean pheno: -1.53282
-------------------------------
Output1 for generation 13600:

Oceanic mean pheno: 10.4153
Freshwater mean pheno: -4.10908
-------------------------------
Output1 for generation 13700:

Oceanic mean pheno: 12.7073
Freshwater mean pheno: -5.04832
-------------------------------
Output1 for generation 13800:

Oceanic mean pheno: 14.8975
Freshwater mean pheno: -2.17323
-------------------------------
Output1 for generation 13900:

Oceanic mean pheno: 13.4939
Freshwater mean pheno: -2.64986
-------------------------------
Output1 for generation 14000:

Oceanic mean pheno: 10.202
Freshwater mean pheno: -3.48973
-------------------------------
Output1 for generation 14100:

Oceanic mean pheno: 12.8679
Freshwater mean pheno: -2.46934
-------------------------------
Output1 for generation 14200:

Oceanic mean pheno: 12.6262
Freshwater mean pheno: -0.855337
-------------------------------
Output1 for generation 14300:

Oceanic mean pheno: 9.88867
Freshwater mean pheno: -5.82927
-------------------------------
Output1 for generation 14400:

Oceanic mean pheno: 3.32183
Freshwater mean pheno: -7.31026
-------------------------------
Output1 for generation 14500:

Oceanic mean pheno: 4.00639
Freshwater mean pheno: -7.49496
-------------------------------
Output1 for generation 14600:

Oceanic mean pheno: 5.14445
Freshwater mean pheno: -6.4228
-------------------------------
Output1 for generation 14700:

Oceanic mean pheno: 5.25624
Freshwater mean pheno: -5.50994
-------------------------------
Output1 for generation 14800:

Oceanic mean pheno: 8.80553
Freshwater mean pheno: -3.60584
-------------------------------
Output1 for generation 14900:

Oceanic mean pheno: 15.5769
Freshwater mean pheno: 3.31988
-------------------------------
Output1 for generation 15000:

Oceanic mean pheno: 7.04984
Freshwater mean pheno: 2.39179
-------------------------------
Output1 for generation 15100:

Oceanic mean pheno: 11.7058
Freshwater mean pheno: -4.19911
-------------------------------
Output1 for generation 15200:

Oceanic mean pheno: 11.4371
Freshwater mean pheno: -4.24769
-------------------------------
Output1 for generation 15300:

Oceanic mean pheno: 15.5646
Freshwater mean pheno: -3.68195
-------------------------------
Output1 for generation 15400:

Oceanic mean pheno: 13.6033
Freshwater mean pheno: -4.22125
-------------------------------
Output1 for generation 15500:

Oceanic mean pheno: 14.3251
Freshwater mean pheno: 3.33607
-------------------------------
Output1 for generation 15600:

Oceanic mean pheno: 16.8285
Freshwater mean pheno: 5.49843
-------------------------------
Output1 for generation 15700:

Oceanic mean pheno: 17.3769
Freshwater mean pheno: 11.2406
-------------------------------
Output1 for generation 15800:

Oceanic mean pheno: 24.4201
Freshwater mean pheno: 11.2421
-------------------------------
Output1 for generation 15900:

Oceanic mean pheno: 27.2546
Freshwater mean pheno: 7.50819
-------------------------------
Output1 for generation 16000:

Oceanic mean pheno: 26.6427
Freshwater mean pheno: 12.0826
-------------------------------
Output1 for generation 16100:

Oceanic mean pheno: 26.6531
Freshwater mean pheno: 9.94211
-------------------------------
Output1 for generation 16200:

Oceanic mean pheno: 30.5728
Freshwater mean pheno: 5.1014
-------------------------------
Output1 for generation 16300:

Oceanic mean pheno: 36.1476
Freshwater mean pheno: 5.70575
-------------------------------
Output1 for generation 16400:

Oceanic mean pheno: 40.3834
Freshwater mean pheno: 6.97832
-------------------------------
Output1 for generation 16500:

Oceanic mean pheno: 41.6305
Freshwater mean pheno: 10.2931
-------------------------------
Output1 for generation 16600:

Oceanic mean pheno: 33.9527
Freshwater mean pheno: 11.001
-------------------------------
Output1 for generation 16700:

Oceanic mean pheno: 34.5298
Freshwater mean pheno: 9.75917
-------------------------------
Output1 for generation 16800:

Oceanic mean pheno: 38.0909
Freshwater mean pheno: 9.79524
-------------------------------
Output1 for generation 16900:

Oceanic mean pheno: 39.9237
Freshwater mean pheno: 12.6343
-------------------------------
Output1 for generation 17000:

Oceanic mean pheno: 44.465
Freshwater mean pheno: 8.83946
-------------------------------
Output1 for generation 17100:

Oceanic mean pheno: 46.2042
Freshwater mean pheno: 7.6897
-------------------------------
Output1 for generation 17200:

Oceanic mean pheno: 47.2075
Freshwater mean pheno: 9.47558
-------------------------------
Output1 for generation 17300:

Oceanic mean pheno: 44.0365
Freshwater mean pheno: 5.91661
-------------------------------
Output1 for generation 17400:

Oceanic mean pheno: 43.9244
Freshwater mean pheno: 4.9421
-------------------------------
Output1 for generation 17500:

Oceanic mean pheno: 40.2248
Freshwater mean pheno: 6.09492
-------------------------------
Output1 for generation 17600:

Oceanic mean pheno: 36.7546
Freshwater mean pheno: 8.70911
-------------------------------
Output1 for generation 17700:

Oceanic mean pheno: 37.5295
Freshwater mean pheno: 10.2978
-------------------------------
Output1 for generation 17800:

Oceanic mean pheno: 37.8975
Freshwater mean pheno: 11.6498
-------------------------------
Output1 for generation 17900:

Oceanic mean pheno: 40.4787
Freshwater mean pheno: 17.0509
-------------------------------
Output1 for generation 18000:

Oceanic mean pheno: 42.6489
Freshwater mean pheno: 21.2333
-------------------------------
Output1 for generation 18100:

Oceanic mean pheno: 43.8813
Freshwater mean pheno: 19.1995
-------------------------------
Output1 for generation 18200:

Oceanic mean pheno: 41.8878
Freshwater mean pheno: 20.3494
-------------------------------
Output1 for generation 18300:

Oceanic mean pheno: 40.4343
Freshwater mean pheno: 20.6993
-------------------------------
Output1 for generation 18400:

Oceanic mean pheno: 38.5847
Freshwater mean pheno: 17.056
-------------------------------
Output1 for generation 18500:

Oceanic mean pheno: 39.5268
Freshwater mean pheno: 23.662
-------------------------------
Output1 for generation 18600:

Oceanic mean pheno: 42.2735
Freshwater mean pheno: 25.5397
-------------------------------
Output1 for generation 18700:

Oceanic mean pheno: 41.4809
Freshwater mean pheno: 25.4684
-------------------------------
Output1 for generation 18800:

Oceanic mean pheno: 40.1587
Freshwater mean pheno: 27.6019
-------------------------------
Output1 for generation 18900:

Oceanic mean pheno: 41.9096
Freshwater mean pheno: 26.995
-------------------------------
Output1 for generation 19000:

Oceanic mean pheno: 41.5315
Freshwater mean pheno: 27.1036
-------------------------------
Output1 for generation 19100:

Oceanic mean pheno: 41.7685
Freshwater mean pheno: 27.7592
-------------------------------
Output1 for generation 19200:

Oceanic mean pheno: 39.6875
Freshwater mean pheno: 28.5108
-------------------------------
Output1 for generation 19300:

Oceanic mean pheno: 38.6198
Freshwater mean pheno: 29.4789
-------------------------------
Output1 for generation 19400:

Oceanic mean pheno: 39.5714
Freshwater mean pheno: 28.8669
-------------------------------
Output1 for generation 19500:

Oceanic mean pheno: 39.4019
Freshwater mean pheno: 28.5562
-------------------------------
Output1 for generation 19600:

Oceanic mean pheno: 41.4456
Freshwater mean pheno: 26.2576
-------------------------------
Output1 for generation 19700:

Oceanic mean pheno: 41.4678
Freshwater mean pheno: 26.9162
-------------------------------
Output1 for generation 19800:

Oceanic mean pheno: 39.4742
Freshwater mean pheno: 26.9575
-------------------------------
Output1 for generation 19900:

Oceanic mean pheno: 40.0981
Freshwater mean pheno: 26.6946
-------------------------------
Output1 for generation 20000:

Oceanic mean pheno: 39.1737
Freshwater mean pheno: 24.9536
new Freshwater mean pheno: 39.3228
-------------------------------
Output1 for generation 20100:

Oceanic mean pheno: 39.9195
Freshwater mean pheno: 25.7064
new Freshwater mean pheno: 33.1703
-------------------------------
Output1 for generation 20200:

Oceanic mean pheno: 38.6277
Freshwater mean pheno: 26.0305
new Freshwater mean pheno: 33.1747
-------------------------------
Output1 for generation 20300:

Oceanic mean pheno: 43.6562
Freshwater mean pheno: 27.7664
new Freshwater mean pheno: 33.1418
-------------------------------
Output1 for generation 20400:

Oceanic mean pheno: 44.2283
Freshwater mean pheno: 30.2997
new Freshwater mean pheno: 33.4718
-------------------------------
Output1 for generation 20500:

Oceanic mean pheno: 44.7844
Freshwater mean pheno: 30.3339
new Freshwater mean pheno: 33.5733
-------------------------------
Output1 for generation 20600:

Oceanic mean pheno: 46.9054
Freshwater mean pheno: 31.8179
new Freshwater mean pheno: 33.3863
-------------------------------
Output1 for generation 20700:

Oceanic mean pheno: 46.7512
Freshwater mean pheno: 33.0582
new Freshwater mean pheno: 33.9692
-------------------------------
Output1 for generation 20800:

Oceanic mean pheno: 48.9325
Freshwater mean pheno: 32.9179
new Freshwater mean pheno: 33.9083
-------------------------------
Output1 for generation 20900:

Oceanic mean pheno: 48.2276
Freshwater mean pheno: 29.7475
new Freshwater mean pheno: 34.4015
-------------------------------
Output1 for generation 21000:

Oceanic mean pheno: 49.8838
Freshwater mean pheno: 29.8729
new Freshwater mean pheno: 34.3084
-------------------------------
Output1 for generation 21100:

Oceanic mean pheno: 50.9849
Freshwater mean pheno: 30.8502
new Freshwater mean pheno: 34.0424
-------------------------------
Output1 for generation 21200:

Oceanic mean pheno: 50.2776
Freshwater mean pheno: 32.9221
new Freshwater mean pheno: 34.177
-------------------------------
Output1 for generation 21300:

Oceanic mean pheno: 50.21
Freshwater mean pheno: 32.9939
new Freshwater mean pheno: 34.7687
-------------------------------
Output1 for generation 21400:

Oceanic mean pheno: 49.9634
Freshwater mean pheno: 32.7565
new Freshwater mean pheno: 34.7562
-------------------------------
Output1 for generation 21500:

Oceanic mean pheno: 51.5345
Freshwater mean pheno: 33.0748
new Freshwater mean pheno: 36.6254
-------------------------------
Output1 for generation 21600:

Oceanic mean pheno: 51.1299
Freshwater mean pheno: 34.4285
new Freshwater mean pheno: 37.6445
-------------------------------
Output1 for generation 21700:

Oceanic mean pheno: 50.7458
Freshwater mean pheno: 33.172
new Freshwater mean pheno: 37.2473
-------------------------------
Output1 for generation 21800:

Oceanic mean pheno: 51.2433
Freshwater mean pheno: 34.3079
new Freshwater mean pheno: 37.2617
-------------------------------
Output1 for generation 21900:

Oceanic mean pheno: 51.4309
Freshwater mean pheno: 35.271
new Freshwater mean pheno: 36.956
-------------------------------
Output1 for generation 22000:

Oceanic mean pheno: 49.9461
Freshwater mean pheno: 33.425
new Freshwater mean pheno: 35.9504
-------------------------------
Output1 for generation 22100:

Oceanic mean pheno: 50.1333
Freshwater mean pheno: 32.8052
new Freshwater mean pheno: 34.0358
-------------------------------
Output1 for generation 22200:

Oceanic mean pheno: 47.7334
Freshwater mean pheno: 31.8155
new Freshwater mean pheno: 36.0189
-------------------------------
Output1 for generation 22300:

Oceanic mean pheno: 48.2226
Freshwater mean pheno: 31.5657
new Freshwater mean pheno: 34.8396
-------------------------------
Output1 for generation 22400:

Oceanic mean pheno: 45.8825
Freshwater mean pheno: 30.2548
new Freshwater mean pheno: 34.1093
-------------------------------
Output1 for generation 22500:

Oceanic mean pheno: 45.1107
Freshwater mean pheno: 29.4686
new Freshwater mean pheno: 36.4612
-------------------------------
Output1 for generation 22600:

Oceanic mean pheno: 44.9592
Freshwater mean pheno: 27.5586
new Freshwater mean pheno: 37.1372
-------------------------------
Output1 for generation 22700:

Oceanic mean pheno: 48.2902
Freshwater mean pheno: 27.9508
new Freshwater mean pheno: 34.7941
-------------------------------
Output1 for generation 22800:

Oceanic mean pheno: 47.3878
Freshwater mean pheno: 28.9668
new Freshwater mean pheno: 32.4011
-------------------------------
Output1 for generation 22900:

Oceanic mean pheno: 48.16
Freshwater mean pheno: 29.9878
new Freshwater mean pheno: 32.1056
-------------------------------
Output1 for generation 23000:

Oceanic mean pheno: 50.1249
Freshwater mean pheno: 31.6475
new Freshwater mean pheno: 31.5688
-------------------------------
Output1 for generation 23100:

Oceanic mean pheno: 49.8654
Freshwater mean pheno: 32.3555
new Freshwater mean pheno: 25.5781
-------------------------------
Output1 for generation 23200:

Oceanic mean pheno: 50.5697
Freshwater mean pheno: 33.1273
new Freshwater mean pheno: 25.1818
-------------------------------
Output1 for generation 23300:

Oceanic mean pheno: 50.9908
Freshwater mean pheno: 32.7406
new Freshwater mean pheno: 26.076
-------------------------------
Output1 for generation 23400:

Oceanic mean pheno: 49.2701
Freshwater mean pheno: 33.1859
new Freshwater mean pheno: 24.7568
-------------------------------
Output1 for generation 23500:

Oceanic mean pheno: 50.4666
Freshwater mean pheno: 32.9339
new Freshwater mean pheno: 25.7538
-------------------------------
Output1 for generation 23600:

Oceanic mean pheno: 47.688
Freshwater mean pheno: 32.6523
new Freshwater mean pheno: 26.2115
-------------------------------
Output1 for generation 23700:

Oceanic mean pheno: 47.9105
Freshwater mean pheno: 31.8958
new Freshwater mean pheno: 27.9828
-------------------------------
Output1 for generation 23800:

Oceanic mean pheno: 48.0558
Freshwater mean pheno: 33.6649
new Freshwater mean pheno: 28.1356
-------------------------------
Output1 for generation 23900:

Oceanic mean pheno: 47.7819
Freshwater mean pheno: 34.2696
new Freshwater mean pheno: 29.7548
-------------------------------
Output1 for generation 24000:

Oceanic mean pheno: 47.2817
Freshwater mean pheno: 34.4572
new Freshwater mean pheno: 29.8787
-------------------------------
Output1 for generation 24100:

Oceanic mean pheno: 47.6238
Freshwater mean pheno: 34.6039
new Freshwater mean pheno: 30.8361
-------------------------------
Output1 for generation 24200:

Oceanic mean pheno: 47.3858
Freshwater mean pheno: 34.6991
new Freshwater mean pheno: 29.685
-------------------------------
Output1 for generation 24300:

Oceanic mean pheno: 47.4579
Freshwater mean pheno: 35.1167
new Freshwater mean pheno: 30.9008
-------------------------------
Output1 for generation 24400:

Oceanic mean pheno: 48.6711
Freshwater mean pheno: 35.6066
new Freshwater mean pheno: 29.3412
-------------------------------
Output1 for generation 24500:

Oceanic mean pheno: 48.1205
Freshwater mean pheno: 35.1427
new Freshwater mean pheno: 27.4629
-------------------------------
Output1 for generation 24600:

Oceanic mean pheno: 47.7654
Freshwater mean pheno: 35.1401
new Freshwater mean pheno: 26.9242
-------------------------------
Output1 for generation 24700:

Oceanic mean pheno: 46.7893
Freshwater mean pheno: 35.9298
new Freshwater mean pheno: 24.9976
-------------------------------
Output1 for generation 24800:

Oceanic mean pheno: 46.8968
Freshwater mean pheno: 35.7972
new Freshwater mean pheno: 25.3318
-------------------------------
Output1 for generation 24900:

Oceanic mean pheno: 47.3154
Freshwater mean pheno: 36.8097
new Freshwater mean pheno: 26.9178
-------------------------------
Output1 for generation 25000:

Oceanic mean pheno: 47.3161
Freshwater mean pheno: 36.4546
new Freshwater mean pheno: 27.7848
-------------------------------
Output1 for generation 25100:

Oceanic mean pheno: 46.7235
Freshwater mean pheno: 35.9134
new Freshwater mean pheno: 27.3327
-------------------------------
Output1 for generation 25200:

Oceanic mean pheno: 46.1686
Freshwater mean pheno: 36.1289
new Freshwater mean pheno: 28.4443
-------------------------------
Output1 for generation 25300:

Oceanic mean pheno: 45.3348
Freshwater mean pheno: 36.6155
new Freshwater mean pheno: 29.228
-------------------------------
Output1 for generation 25400:

Oceanic mean pheno: 45.7565
Freshwater mean pheno: 36.8848
new Freshwater mean pheno: 29.1273
-------------------------------
Output1 for generation 25500:

Oceanic mean pheno: 46.0408
Freshwater mean pheno: 36.5845
new Freshwater mean pheno: 30.9644
-------------------------------
Output1 for generation 25600:

Oceanic mean pheno: 44.3418
Freshwater mean pheno: 37.0071
new Freshwater mean pheno: 30.9755
-------------------------------
Output1 for generation 25700:

Oceanic mean pheno: 43.9512
Freshwater mean pheno: 37.6496
new Freshwater mean pheno: 27.2446
-------------------------------
Output1 for generation 25800:

Oceanic mean pheno: 42.6301
Freshwater mean pheno: 37.3715
new Freshwater mean pheno: 28.2185
-------------------------------
Output1 for generation 25900:

Oceanic mean pheno: 42.0925
Freshwater mean pheno: 37.6455
new Freshwater mean pheno: 29.1828
-------------------------------
Output1 for generation 26000:

Oceanic mean pheno: 38.809
Freshwater mean pheno: 36.7359
new Freshwater mean pheno: 28.9006
-------------------------------
Output1 for generation 26100:

Oceanic mean pheno: 39.6665
Freshwater mean pheno: 33.9444
new Freshwater mean pheno: 29.3068
-------------------------------
Output1 for generation 26200:

Oceanic mean pheno: 40.755
Freshwater mean pheno: 37.3375
new Freshwater mean pheno: 28.1555
-------------------------------
Output1 for generation 26300:

Oceanic mean pheno: 40.6845
Freshwater mean pheno: 36.1135
new Freshwater mean pheno: 28.4846
-------------------------------
Output1 for generation 26400:

Oceanic mean pheno: 41.8052
Freshwater mean pheno: 37.075
new Freshwater mean pheno: 26.36
-------------------------------
Output1 for generation 26500:

Oceanic mean pheno: 42.269
Freshwater mean pheno: 38.7636
new Freshwater mean pheno: 26.3582
-------------------------------
Output1 for generation 26600:

Oceanic mean pheno: 42.8659
Freshwater mean pheno: 37.632
new Freshwater mean pheno: 23.666
-------------------------------
Output1 for generation 26700:

Oceanic mean pheno: 43.045
Freshwater mean pheno: 38.0546
new Freshwater mean pheno: 24.1197
-------------------------------
Output1 for generation 26800:

Oceanic mean pheno: 41.0177
Freshwater mean pheno: 38.0196
new Freshwater mean pheno: 25.0861
-------------------------------
Output1 for generation 26900:

Oceanic mean pheno: 41.9203
Freshwater mean pheno: 37.6929
new Freshwater mean pheno: 25.4464
-------------------------------
Output1 for generation 27000:

Oceanic mean pheno: 42.0868
Freshwater mean pheno: 36.5501
new Freshwater mean pheno: 27.8955
-------------------------------
Output1 for generation 27100:

Oceanic mean pheno: 41.6389
Freshwater mean pheno: 36.7773
new Freshwater mean pheno: 27.509
-------------------------------
Output1 for generation 27200:

Oceanic mean pheno: 41.1316
Freshwater mean pheno: 35.9461
new Freshwater mean pheno: 27.3539
-------------------------------
Output1 for generation 27300:

Oceanic mean pheno: 40.537
Freshwater mean pheno: 37.2823
new Freshwater mean pheno: 28.5024
-------------------------------
Output1 for generation 27400:

Oceanic mean pheno: 39.9208
Freshwater mean pheno: 34.1098
new Freshwater mean pheno: 28.996
-------------------------------
Output1 for generation 27500:

Oceanic mean pheno: 40.6378
Freshwater mean pheno: 35.8552
new Freshwater mean pheno: 30.3687
-------------------------------
Output1 for generation 27600:

Oceanic mean pheno: 39.7824
Freshwater mean pheno: 37.0703
new Freshwater mean pheno: 30.6098
-------------------------------
Output1 for generation 27700:

Oceanic mean pheno: 41.0037
Freshwater mean pheno: 37.3341
new Freshwater mean pheno: 30.1604
-------------------------------
Output1 for generation 27800:

Oceanic mean pheno: 37.4198
Freshwater mean pheno: 36.5626
new Freshwater mean pheno: 30.9741
-------------------------------
Output1 for generation 27900:

Oceanic mean pheno: 37.8002
Freshwater mean pheno: 36.034
new Freshwater mean pheno: 31.5436
-------------------------------
Output1 for generation 28000:

Oceanic mean pheno: 39.5339
Freshwater mean pheno: 36.6168
new Freshwater mean pheno: 32.5079
-------------------------------
Output1 for generation 28100:

Oceanic mean pheno: 37.5741
Freshwater mean pheno: 36.5657
new Freshwater mean pheno: 32.3512
-------------------------------
Output1 for generation 28200:

Oceanic mean pheno: 35.9399
Freshwater mean pheno: 37.9621
new Freshwater mean pheno: 30.1008
-------------------------------
Output1 for generation 28300:

Oceanic mean pheno: 36.1542
Freshwater mean pheno: 37.9148
new Freshwater mean pheno: 29.02
-------------------------------
Output1 for generation 28400:

Oceanic mean pheno: 37.4504
Freshwater mean pheno: 39.1489
new Freshwater mean pheno: 28.3125
-------------------------------
Output1 for generation 28500:

Oceanic mean pheno: 36.6605
Freshwater mean pheno: 38.3093
new Freshwater mean pheno: 30.1818
-------------------------------
Output1 for generation 28600:

Oceanic mean pheno: 37.6366
Freshwater mean pheno: 38.4482
new Freshwater mean pheno: 27.0784
-------------------------------
Output1 for generation 28700:

Oceanic mean pheno: 34.5135
Freshwater mean pheno: 36.4307
new Freshwater mean pheno: 26.2244
-------------------------------
Output1 for generation 28800:

Oceanic mean pheno: 36.525
Freshwater mean pheno: 35.8486
new Freshwater mean pheno: 25.5776
-------------------------------
Output1 for generation 28900:

Oceanic mean pheno: 37.8277
Freshwater mean pheno: 36.4825
new Freshwater mean pheno: 26.9323
-------------------------------
Output1 for generation 29000:

Oceanic mean pheno: 39.1481
Freshwater mean pheno: 36.3231
new Freshwater mean pheno: 25.5049
-------------------------------
Output1 for generation 29100:

Oceanic mean pheno: 41.606
Freshwater mean pheno: 36.1109
new Freshwater mean pheno: 25.1477
-------------------------------
Output1 for generation 29200:

Oceanic mean pheno: 42.4409
Freshwater mean pheno: 35.2741
new Freshwater mean pheno: 25.004
-------------------------------
Output1 for generation 29300:

Oceanic mean pheno: 42.3462
Freshwater mean pheno: 34.9768
new Freshwater mean pheno: 26.7527
-------------------------------
Output1 for generation 29400:

Oceanic mean pheno: 42.5129
Freshwater mean pheno: 36.8002
new Freshwater mean pheno: 26.5222
-------------------------------
Output1 for generation 29500:

Oceanic mean pheno: 41.9357
Freshwater mean pheno: 36.6828
new Freshwater mean pheno: 27.7001
-------------------------------
Output1 for generation 29600:

Oceanic mean pheno: 40.6849
Freshwater mean pheno: 36.1618
new Freshwater mean pheno: 27.2925
-------------------------------
Output1 for generation 29700:

Oceanic mean pheno: 40.3507
Freshwater mean pheno: 35.8669
new Freshwater mean pheno: 27.2192
-------------------------------
Output1 for generation 29800:

Oceanic mean pheno: 40.9098
Freshwater mean pheno: 35.0885
new Freshwater mean pheno: 27.8361
-------------------------------
Output1 for generation 29900:

Oceanic mean pheno: 40.8421
Freshwater mean pheno: 35.0187
new Freshwater mean pheno: 27.6496
-------------------------------
Output1 for generation 30000:

Oceanic mean pheno: 39.5506
Freshwater mean pheno: 35.7576
new Freshwater mean pheno: 27.4852
-------------------------------
Output1 for generation 30100:

Oceanic mean pheno: 36.8303
Freshwater mean pheno: 35.6454
new Freshwater mean pheno: 28.9243
-------------------------------
Output1 for generation 30200:

Oceanic mean pheno: 37.9538
Freshwater mean pheno: 36.4789
new Freshwater mean pheno: 31.9923
-------------------------------
Output1 for generation 30300:

Oceanic mean pheno: 37.9116
Freshwater mean pheno: 36.2766
new Freshwater mean pheno: 32.2972
-------------------------------
Output1 for generation 30400:

Oceanic mean pheno: 38.1824
Freshwater mean pheno: 37.2517
new Freshwater mean pheno: 32.8521
-------------------------------
Output1 for generation 30500:

Oceanic mean pheno: 40.041
Freshwater mean pheno: 37.2706
new Freshwater mean pheno: 31.599
-------------------------------
Output1 for generation 30600:

Oceanic mean pheno: 37.4511
Freshwater mean pheno: 38.036
new Freshwater mean pheno: 31.5125
-------------------------------
Output1 for generation 30700:

Oceanic mean pheno: 37.497
Freshwater mean pheno: 38.1217
new Freshwater mean pheno: 31.1843
-------------------------------
Output1 for generation 30800:

Oceanic mean pheno: 38.8692
Freshwater mean pheno: 37.7845
new Freshwater mean pheno: 32.0789
-------------------------------
Output1 for generation 30900:

Oceanic mean pheno: 38.5971
Freshwater mean pheno: 38.007
new Freshwater mean pheno: 31.5946
-------------------------------
Output1 for generation 31000:

Oceanic mean pheno: 37.4914
Freshwater mean pheno: 39.5622
new Freshwater mean pheno: 30.8761
-------------------------------
Output1 for generation 31100:

Oceanic mean pheno: 38.8234
Freshwater mean pheno: 39.2364
new Freshwater mean pheno: 31.2277
-------------------------------
Output1 for generation 31200:

Oceanic mean pheno: 39.2768
Freshwater mean pheno: 39.8061
new Freshwater mean pheno: 31.4126
-------------------------------
Output1 for generation 31300:

Oceanic mean pheno: 39.0034
Freshwater mean pheno: 40.1972
new Freshwater mean pheno: 32.1779
-------------------------------
Output1 for generation 31400:

Oceanic mean pheno: 41.7809
Freshwater mean pheno: 40.5875
new Freshwater mean pheno: 32.8733
-------------------------------
Output1 for generation 31500:

Oceanic mean pheno: 42.2368
Freshwater mean pheno: 42.1688
new Freshwater mean pheno: 32.2486
-------------------------------
Output1 for generation 31600:

Oceanic mean pheno: 44.2861
Freshwater mean pheno: 42.4385
new Freshwater mean pheno: 34.3656
-------------------------------
Output1 for generation 31700:

Oceanic mean pheno: 44.2187
Freshwater mean pheno: 42.9829
new Freshwater mean pheno: 34.2188
-------------------------------
Output1 for generation 31800:

Oceanic mean pheno: 44.2709
Freshwater mean pheno: 42.8727
new Freshwater mean pheno: 34.064
-------------------------------
Output1 for generation 31900:

Oceanic mean pheno: 44.7047
Freshwater mean pheno: 43.1685
new Freshwater mean pheno: 33.3258
-------------------------------
Output1 for generation 32000:

Oceanic mean pheno: 43.7067
Freshwater mean pheno: 42.1704
new Freshwater mean pheno: 31.9953
-------------------------------
Output1 for generation 32100:

Oceanic mean pheno: 43.9258
Freshwater mean pheno: 42.5565
new Freshwater mean pheno: 31.5872
-------------------------------
Output1 for generation 32200:

Oceanic mean pheno: 45.9953
Freshwater mean pheno: 42.0042
new Freshwater mean pheno: 32.0683
-------------------------------
Output1 for generation 32300:

Oceanic mean pheno: 45.7207
Freshwater mean pheno: 41.6299
new Freshwater mean pheno: 31.168
-------------------------------
Output1 for generation 32400:

Oceanic mean pheno: 41.0631
Freshwater mean pheno: 41.7009
new Freshwater mean pheno: 30.7903
-------------------------------
Output1 for generation 32500:

Oceanic mean pheno: 42.0236
Freshwater mean pheno: 41.8858
new Freshwater mean pheno: 30.1466
-------------------------------
Output1 for generation 32600:

Oceanic mean pheno: 42.5563
Freshwater mean pheno: 41.4929
new Freshwater mean pheno: 30.8022
-------------------------------
Output1 for generation 32700:

Oceanic mean pheno: 42.8487
Freshwater mean pheno: 40.8936
new Freshwater mean pheno: 29.6557
-------------------------------
Output1 for generation 32800:

Oceanic mean pheno: 41.5109
Freshwater mean pheno: 41.1886
new Freshwater mean pheno: 29.8431
-------------------------------
Output1 for generation 32900:

Oceanic mean pheno: 44.0697
Freshwater mean pheno: 40.8385
new Freshwater mean pheno: 31.2506
-------------------------------
Output1 for generation 33000:

Oceanic mean pheno: 45.6041
Freshwater mean pheno: 39.9842
new Freshwater mean pheno: 31.223
-------------------------------
Output1 for generation 33100:

Oceanic mean pheno: 46.3596
Freshwater mean pheno: 40.2413
new Freshwater mean pheno: 31.593
-------------------------------
Output1 for generation 33200:

Oceanic mean pheno: 46.295
Freshwater mean pheno: 41.1678
new Freshwater mean pheno: 30.751
-------------------------------
Output1 for generation 33300:

Oceanic mean pheno: 47.1903
Freshwater mean pheno: 41.4274
new Freshwater mean pheno: 31.9242
-------------------------------
Output1 for generation 33400:

Oceanic mean pheno: 47.8777
Freshwater mean pheno: 41.4456
new Freshwater mean pheno: 32.1427
-------------------------------
Output1 for generation 33500:

Oceanic mean pheno: 45.6819
Freshwater mean pheno: 41.4906
new Freshwater mean pheno: 31.6525
-------------------------------
Output1 for generation 33600:

Oceanic mean pheno: 44.7731
Freshwater mean pheno: 42.3808
new Freshwater mean pheno: 33.3701
-------------------------------
Output1 for generation 33700:

Oceanic mean pheno: 43.9507
Freshwater mean pheno: 41.1117
new Freshwater mean pheno: 32.4369
-------------------------------
Output1 for generation 33800:

Oceanic mean pheno: 44.3459
Freshwater mean pheno: 40.4501
new Freshwater mean pheno: 33.8755
-------------------------------
Output1 for generation 33900:

Oceanic mean pheno: 45.062
Freshwater mean pheno: 40.6768
new Freshwater mean pheno: 32.9293
-------------------------------
Output1 for generation 34000:

Oceanic mean pheno: 47.4178
Freshwater mean pheno: 40.6878
new Freshwater mean pheno: 33.7815
-------------------------------
Output1 for generation 34100:

Oceanic mean pheno: 47.7168
Freshwater mean pheno: 41.9684
new Freshwater mean pheno: 32.9484
-------------------------------
Output1 for generation 34200:

Oceanic mean pheno: 49.0603
Freshwater mean pheno: 41.1949
new Freshwater mean pheno: 35.5675
-------------------------------
Output1 for generation 34300:

Oceanic mean pheno: 46.0451
Freshwater mean pheno: 41.4078
new Freshwater mean pheno: 34.6209
-------------------------------
Output1 for generation 34400:

Oceanic mean pheno: 46.9891
Freshwater mean pheno: 40.1906
new Freshwater mean pheno: 35.9293
-------------------------------
Output1 for generation 34500:

Oceanic mean pheno: 46.623
Freshwater mean pheno: 40.7988
new Freshwater mean pheno: 35.3436
-------------------------------
Output1 for generation 34600:

Oceanic mean pheno: 47.1599
Freshwater mean pheno: 40.0569
new Freshwater mean pheno: 34.5824
-------------------------------
Output1 for generation 34700:

Oceanic mean pheno: 47.5398
Freshwater mean pheno: 41.129
new Freshwater mean pheno: 36.8215
-------------------------------
Output1 for generation 34800:

Oceanic mean pheno: 46.9218
Freshwater mean pheno: 39.7301
new Freshwater mean pheno: 36.597
-------------------------------
Output1 for generation 34900:

Oceanic mean pheno: 47.7997
Freshwater mean pheno: 40.7352
new Freshwater mean pheno: 35.9294
-------------------------------
Output1 for generation 35000:

Oceanic mean pheno: 48.8891
Freshwater mean pheno: 39.1928
new Freshwater mean pheno: 36.2535
-------------------------------
Output1 for generation 35100:

Oceanic mean pheno: 48.2542
Freshwater mean pheno: 39.221
new Freshwater mean pheno: 37.3121
-------------------------------
Output1 for generation 35200:

Oceanic mean pheno: 48.1485
Freshwater mean pheno: 39.103
new Freshwater mean pheno: 39.0619
-------------------------------
Output1 for generation 35300:

Oceanic mean pheno: 49.0489
Freshwater mean pheno: 39.7044
new Freshwater mean pheno: 37.0977
-------------------------------
Output1 for generation 35400:

Oceanic mean pheno: 48.6005
Freshwater mean pheno: 37.4525
new Freshwater mean pheno: 37.9888
-------------------------------
Output1 for generation 35500:

Oceanic mean pheno: 47.8542
Freshwater mean pheno: 39.4771
new Freshwater mean pheno: 37.6403
-------------------------------
Output1 for generation 35600:

Oceanic mean pheno: 47.4175
Freshwater mean pheno: 39.6552
new Freshwater mean pheno: 38.1526
-------------------------------
Output1 for generation 35700:

Oceanic mean pheno: 48.153
Freshwater mean pheno: 38.8645
new Freshwater mean pheno: 38.2442
-------------------------------
Output1 for generation 35800:

Oceanic mean pheno: 44.599
Freshwater mean pheno: 39.0683
new Freshwater mean pheno: 37.0509
-------------------------------
Output1 for generation 35900:

Oceanic mean pheno: 43.3129
Freshwater mean pheno: 38.7353
new Freshwater mean pheno: 37.3758
-------------------------------
Output1 for generation 36000:

Oceanic mean pheno: 40.5291
Freshwater mean pheno: 39.0379
new Freshwater mean pheno: 39.8663
-------------------------------
Output1 for generation 36100:

Oceanic mean pheno: 41.3912
Freshwater mean pheno: 39.915
new Freshwater mean pheno: 40.5539
-------------------------------
Output1 for generation 36200:

Oceanic mean pheno: 40.0629
Freshwater mean pheno: 39.7623
new Freshwater mean pheno: 40.8515
-------------------------------
Output1 for generation 36300:

Oceanic mean pheno: 44.4943
Freshwater mean pheno: 41.6423
new Freshwater mean pheno: 40.2624
-------------------------------
Output1 for generation 36400:

Oceanic mean pheno: 44.2139
Freshwater mean pheno: 41.2982
new Freshwater mean pheno: 39.9968
-------------------------------
Output1 for generation 36500:

Oceanic mean pheno: 44.6682
Freshwater mean pheno: 41.1374
new Freshwater mean pheno: 43.2048
-------------------------------
Output1 for generation 36600:

Oceanic mean pheno: 43.1825
Freshwater mean pheno: 40.244
new Freshwater mean pheno: 44.1704
-------------------------------
Output1 for generation 36700:

Oceanic mean pheno: 44.0116
Freshwater mean pheno: 39.5882
new Freshwater mean pheno: 43.8728
-------------------------------
Output1 for generation 36800:

Oceanic mean pheno: 43.6896
Freshwater mean pheno: 40.6008
new Freshwater mean pheno: 44.9973
-------------------------------
Output1 for generation 36900:

Oceanic mean pheno: 45.0829
Freshwater mean pheno: 41.2024
new Freshwater mean pheno: 44.0908
-------------------------------
Output1 for generation 37000:

Oceanic mean pheno: 48.0077
Freshwater mean pheno: 40.844
new Freshwater mean pheno: 43.0453
-------------------------------
Output1 for generation 37100:

Oceanic mean pheno: 48.2039
Freshwater mean pheno: 41.9299
new Freshwater mean pheno: 43.8265
-------------------------------
Output1 for generation 37200:

Oceanic mean pheno: 47.6731
Freshwater mean pheno: 41.7327
new Freshwater mean pheno: 44.2365
-------------------------------
Output1 for generation 37300:

Oceanic mean pheno: 47.2999
Freshwater mean pheno: 42.7153
new Freshwater mean pheno: 43.5004
-------------------------------
Output1 for generation 37400:

Oceanic mean pheno: 50.0624
Freshwater mean pheno: 44.4123
new Freshwater mean pheno: 43.2151
-------------------------------
Output1 for generation 37500:

Oceanic mean pheno: 49.8156
Freshwater mean pheno: 41.8604
new Freshwater mean pheno: 42.9551
-------------------------------
Output1 for generation 37600:

Oceanic mean pheno: 51.1672
Freshwater mean pheno: 41.6402
new Freshwater mean pheno: 44.3172
-------------------------------
Output1 for generation 37700:

Oceanic mean pheno: 51.2926
Freshwater mean pheno: 41.6
new Freshwater mean pheno: 43.284
-------------------------------
Output1 for generation 37800:

Oceanic mean pheno: 52.6525
Freshwater mean pheno: 41.9672
new Freshwater mean pheno: 44.9064
-------------------------------
Output1 for generation 37900:

Oceanic mean pheno: 54.3724
Freshwater mean pheno: 42.443
new Freshwater mean pheno: 44.8688
-------------------------------
Output1 for generation 38000:

Oceanic mean pheno: 53.1756
Freshwater mean pheno: 42.1082
new Freshwater mean pheno: 45.7868
-------------------------------
Output1 for generation 38100:

Oceanic mean pheno: 51.8496
Freshwater mean pheno: 42.529
new Freshwater mean pheno: 45.4635
-------------------------------
Output1 for generation 38200:

Oceanic mean pheno: 51.6247
Freshwater mean pheno: 42.7034
new Freshwater mean pheno: 44.4461
-------------------------------
Output1 for generation 38300:

Oceanic mean pheno: 52.02
Freshwater mean pheno: 43.8301
new Freshwater mean pheno: 42.0125
-------------------------------
Output1 for generation 38400:

Oceanic mean pheno: 53.5875
Freshwater mean pheno: 42.5791
new Freshwater mean pheno: 40.8635
-------------------------------
Output1 for generation 38500:

Oceanic mean pheno: 53.7454
Freshwater mean pheno: 44.2401
new Freshwater mean pheno: 42.5055
-------------------------------
Output1 for generation 38600:

Oceanic mean pheno: 53.4654
Freshwater mean pheno: 43.9602
new Freshwater mean pheno: 41.9312
-------------------------------
Output1 for generation 38700:

Oceanic mean pheno: 54.0479
Freshwater mean pheno: 43.1575
new Freshwater mean pheno: 42.5368
-------------------------------
Output1 for generation 38800:

Oceanic mean pheno: 55.3219
Freshwater mean pheno: 44.0944
new Freshwater mean pheno: 42.6477
-------------------------------
Output1 for generation 38900:

Oceanic mean pheno: 54.863
Freshwater mean pheno: 45.3387
new Freshwater mean pheno: 41.8651
-------------------------------
Output1 for generation 39000:

Oceanic mean pheno: 52.9826
Freshwater mean pheno: 44.0928
new Freshwater mean pheno: 41.9614
-------------------------------
Output1 for generation 39100:

Oceanic mean pheno: 52.9523
Freshwater mean pheno: 45.2444
new Freshwater mean pheno: 41.3604
-------------------------------
Output1 for generation 39200:

Oceanic mean pheno: 54.4234
Freshwater mean pheno: 45.6343
new Freshwater mean pheno: 42.9406
-------------------------------
Output1 for generation 39300:

Oceanic mean pheno: 55.1446
Freshwater mean pheno: 46.7871
new Freshwater mean pheno: 41.9828
-------------------------------
Output1 for generation 39400:

Oceanic mean pheno: 54.6827
Freshwater mean pheno: 46.2397
new Freshwater mean pheno: 42.2116
-------------------------------
Output1 for generation 39500:

Oceanic mean pheno: 55.3168
Freshwater mean pheno: 46.907
new Freshwater mean pheno: 41.6759
-------------------------------
Output1 for generation 39600:

Oceanic mean pheno: 54.7942
Freshwater mean pheno: 47.393
new Freshwater mean pheno: 41.1758
-------------------------------
Output1 for generation 39700:

Oceanic mean pheno: 57.0086
Freshwater mean pheno: 45.7515
new Freshwater mean pheno: 38.1968
-------------------------------
Output1 for generation 39800:

Oceanic mean pheno: 58.197
Freshwater mean pheno: 46.548
new Freshwater mean pheno: 35.4744
-------------------------------
Output1 for generation 39900:

Oceanic mean pheno: 58.3575
Freshwater mean pheno: 47.5847
new Freshwater mean pheno: 35.0131
-------------------------------
Output1 for generation 40000:

Oceanic mean pheno: 58.3177
Freshwater mean pheno: 45.8518
new Freshwater mean pheno: 35.7772
elapsed: 7:55:10 / kernel: 9.16 / user: 28516.56 / mem: 440304
Done!
