Task ID  - seed 013308
Parameters for SLiM run:
  -s 013308 MyRecipe8_0_2.E
// Initial random seed:
1513297872059

// RunInitializeCallbacks():
initializeSLiMOptions(dimensionality = 'x');
initializeMutationRate(1e-07);
initializeMutationType(1, 0.5, "g", 0.5, 1);
initializeMutationType(2, 0.5, "g", -0.5, 1);
initializeMutationType(3, 0.5, "f", 0);
initializeMutationType(4, 0.5, "g", 0.5, 1);
initializeMutationType(5, 0.5, "g", -0.5, 1);
initializeMutationType(6, 0.5, "g", 0.6, 1);
initializeMutationType(7, 0.5, "g", -0.6, 1);
initializeGenomicElementType(1, m3, 1);
initializeGenomicElementType(2, c(m1, m2, m3, m4, m5, m6, m7), c(1, 1, 1, 1, 1, 1, 1));
initializeGenomicElement(g1, 0, 4949);
initializeGenomicElement(g2, 4950, 5049);
initializeGenomicElement(g1, 5050, 9999);
initializeGenomicElement(g1, 10000, 14949);
initializeGenomicElement(g2, 14950, 15049);
initializeGenomicElement(g1, 15050, 19999);
initializeGenomicElement(g1, 20000, 24949);
initializeGenomicElement(g2, 24950, 25049);
initializeGenomicElement(g1, 25050, 29999);
initializeGenomicElement(g1, 30000, 34949);
initializeGenomicElement(g2, 34950, 35049);
initializeGenomicElement(g1, 35050, 39999);
initializeGenomicElement(g1, 40000, 44949);
initializeGenomicElement(g2, 44950, 45049);
initializeGenomicElement(g1, 45050, 49999);
initializeGenomicElement(g1, 50000, 54949);
initializeGenomicElement(g2, 54950, 55049);
initializeGenomicElement(g1, 55050, 59999);
initializeGenomicElement(g1, 60000, 64949);
initializeGenomicElement(g2, 64950, 65049);
initializeGenomicElement(g1, 65050, 69999);
initializeGenomicElement(g1, 70000, 74949);
initializeGenomicElement(g2, 74950, 75049);
initializeGenomicElement(g1, 75050, 79999);
initializeGenomicElement(g1, 80000, 84949);
initializeGenomicElement(g2, 84950, 85049);
initializeGenomicElement(g1, 85050, 89999);
initializeGenomicElement(g1, 90000, 94949);
initializeGenomicElement(g2, 94950, 95049);
initializeGenomicElement(g1, 95050, 99999);
end of chromosome position: 100000
4950 5049 14950 15049 24950 25049 34950 35049 44950 45049 54950 55049 64950 65049 74950 75049 84950 85049 94950 95049
100000
initializeRecombinationRate(1e-06);
initializeInteractionType(1, "x", reciprocal=T", maxDistance=0.02);
initializeInteractionType(2, "x", reciprocal=T", maxDistance=1);

// Starting run at generation <start>:
1 

-------------------------------
Output1 for generation 50:

Oceanic mean pheno: 0
Freshwater mean pheno: -0.00590076
-------------------------------
Output1 for generation 100:

Oceanic mean pheno: 0.0162617
Freshwater mean pheno: -0.0707662
-------------------------------
Output1 for generation 150:

Oceanic mean pheno: 0.213741
Freshwater mean pheno: -0.0833107
-------------------------------
Output1 for generation 200:

Oceanic mean pheno: 2.45753
Freshwater mean pheno: 0.0311561
-------------------------------
Output1 for generation 250:

Oceanic mean pheno: 3.53857
Freshwater mean pheno: 0.0643895
-------------------------------
Output1 for generation 300:

Oceanic mean pheno: 3.53083
Freshwater mean pheno: 0.070006
-------------------------------
Output1 for generation 350:

Oceanic mean pheno: 3.62058
Freshwater mean pheno: 0.0381386
-------------------------------
Output1 for generation 400:

Oceanic mean pheno: 3.50008
Freshwater mean pheno: 0.0619324
-------------------------------
Output1 for generation 450:

Oceanic mean pheno: 3.57313
Freshwater mean pheno: 0.101192
-------------------------------
Output1 for generation 500:

Oceanic mean pheno: 3.53431
Freshwater mean pheno: 0.0559818
-------------------------------
Output1 for generation 550:

Oceanic mean pheno: 3.52878
Freshwater mean pheno: -0.0737392
-------------------------------
Output1 for generation 600:

Oceanic mean pheno: 3.5832
Freshwater mean pheno: -0.797442
-------------------------------
Output1 for generation 650:

Oceanic mean pheno: 4.52322
Freshwater mean pheno: -1.01763
-------------------------------
Output1 for generation 700:

Oceanic mean pheno: 6.3744
Freshwater mean pheno: -1.6259
-------------------------------
Output1 for generation 750:

Oceanic mean pheno: 6.98922
Freshwater mean pheno: -1.57642
-------------------------------
Output1 for generation 800:

Oceanic mean pheno: 7.0273
Freshwater mean pheno: -1.74792
-------------------------------
Output1 for generation 850:

Oceanic mean pheno: 7.00135
Freshwater mean pheno: -1.66307
-------------------------------
Output1 for generation 900:

Oceanic mean pheno: 6.86328
Freshwater mean pheno: -1.76582
-------------------------------
Output1 for generation 950:

Oceanic mean pheno: 6.93418
Freshwater mean pheno: -1.81348
-------------------------------
Output1 for generation 1000:

Oceanic mean pheno: 7.04028
Freshwater mean pheno: -2.18079
-------------------------------
Output1 for generation 1050:

Oceanic mean pheno: 6.91746
Freshwater mean pheno: -2.17862
-------------------------------
Output1 for generation 1100:

Oceanic mean pheno: 6.96166
Freshwater mean pheno: -2.18678
-------------------------------
Output1 for generation 1150:

Oceanic mean pheno: 6.72479
Freshwater mean pheno: -3.04452
-------------------------------
Output1 for generation 1200:

Oceanic mean pheno: 6.93939
Freshwater mean pheno: -3.66046
-------------------------------
Output1 for generation 1250:

Oceanic mean pheno: 6.85608
Freshwater mean pheno: -3.67486
-------------------------------
Output1 for generation 1300:

Oceanic mean pheno: 7.03096
Freshwater mean pheno: -3.92377
-------------------------------
Output1 for generation 1350:

Oceanic mean pheno: 7.07123
Freshwater mean pheno: -4.37785
-------------------------------
Output1 for generation 1400:

Oceanic mean pheno: 7.04373
Freshwater mean pheno: -4.27649
-------------------------------
Output1 for generation 1450:

Oceanic mean pheno: 7.12923
Freshwater mean pheno: -4.35707
-------------------------------
Output1 for generation 1500:

Oceanic mean pheno: 7.12313
Freshwater mean pheno: -4.85184
-------------------------------
Output1 for generation 1550:

Oceanic mean pheno: 7.27029
Freshwater mean pheno: -5.69821
-------------------------------
Output1 for generation 1600:

Oceanic mean pheno: 7.46769
Freshwater mean pheno: -6.46773
-------------------------------
Output1 for generation 1650:

Oceanic mean pheno: 7.84844
Freshwater mean pheno: -6.54161
-------------------------------
Output1 for generation 1700:

Oceanic mean pheno: 7.89833
Freshwater mean pheno: -6.81529
-------------------------------
Output1 for generation 1750:

Oceanic mean pheno: 8.16681
Freshwater mean pheno: -7.0915
-------------------------------
Output1 for generation 1800:

Oceanic mean pheno: 8.28052
Freshwater mean pheno: -7.50527
-------------------------------
Output1 for generation 1850:

Oceanic mean pheno: 8.68852
Freshwater mean pheno: -8.07711
-------------------------------
Output1 for generation 1900:

Oceanic mean pheno: 8.87287
Freshwater mean pheno: -7.98236
-------------------------------
Output1 for generation 1950:

Oceanic mean pheno: 8.90374
Freshwater mean pheno: -8.06419
-------------------------------
Output1 for generation 2000:

Oceanic mean pheno: 8.85159
Freshwater mean pheno: -8.27165
-------------------------------
Output1 for generation 2050:

Oceanic mean pheno: 8.86692
Freshwater mean pheno: -8.29759
-------------------------------
Output1 for generation 2100:

Oceanic mean pheno: 9.01441
Freshwater mean pheno: -8.42347
-------------------------------
Output1 for generation 2150:

Oceanic mean pheno: 8.68783
Freshwater mean pheno: -8.63786
-------------------------------
Output1 for generation 2200:

Oceanic mean pheno: 8.75631
Freshwater mean pheno: -8.47084
-------------------------------
Output1 for generation 2250:

Oceanic mean pheno: 8.95599
Freshwater mean pheno: -8.87085
-------------------------------
Output1 for generation 2300:

Oceanic mean pheno: 8.83622
Freshwater mean pheno: -9.18457
-------------------------------
Output1 for generation 2350:

Oceanic mean pheno: 8.86623
Freshwater mean pheno: -9.10371
-------------------------------
Output1 for generation 2400:

Oceanic mean pheno: 8.87611
Freshwater mean pheno: -9.08452
-------------------------------
Output1 for generation 2450:

Oceanic mean pheno: 9.02755
Freshwater mean pheno: -9.02908
-------------------------------
Output1 for generation 2500:

Oceanic mean pheno: 9.09232
Freshwater mean pheno: -9.19933
-------------------------------
Output1 for generation 2550:

Oceanic mean pheno: 8.9493
Freshwater mean pheno: -9.01962
-------------------------------
Output1 for generation 2600:

Oceanic mean pheno: 8.99255
Freshwater mean pheno: -9.12114
-------------------------------
Output1 for generation 2650:

Oceanic mean pheno: 8.88888
Freshwater mean pheno: -9.07842
-------------------------------
Output1 for generation 2700:

Oceanic mean pheno: 8.88866
Freshwater mean pheno: -9.07079
-------------------------------
Output1 for generation 2750:

Oceanic mean pheno: 8.80677
Freshwater mean pheno: -9.32716
-------------------------------
Output1 for generation 2800:

Oceanic mean pheno: 8.95381
Freshwater mean pheno: -9.34706
-------------------------------
Output1 for generation 2850:

Oceanic mean pheno: 8.77401
Freshwater mean pheno: -9.1744
-------------------------------
Output1 for generation 2900:

Oceanic mean pheno: 8.98651
Freshwater mean pheno: -9.22621
-------------------------------
Output1 for generation 2950:

Oceanic mean pheno: 9.00365
Freshwater mean pheno: -9.26391
-------------------------------
Output1 for generation 3000:

Oceanic mean pheno: 9.06564
Freshwater mean pheno: -9.38771
-------------------------------
Output1 for generation 3050:

Oceanic mean pheno: 9.04662
Freshwater mean pheno: -9.33068
-------------------------------
Output1 for generation 3100:

Oceanic mean pheno: 9.05647
Freshwater mean pheno: -8.97008
-------------------------------
Output1 for generation 3150:

Oceanic mean pheno: 9.01485
Freshwater mean pheno: -9.10377
-------------------------------
Output1 for generation 3200:

Oceanic mean pheno: 9.09033
Freshwater mean pheno: -9.1162
-------------------------------
Output1 for generation 3250:

Oceanic mean pheno: 8.89249
Freshwater mean pheno: -9.38812
-------------------------------
Output1 for generation 3300:

Oceanic mean pheno: 8.96882
Freshwater mean pheno: -9.39468
-------------------------------
Output1 for generation 3350:

Oceanic mean pheno: 8.9593
Freshwater mean pheno: -9.35258
-------------------------------
Output1 for generation 3400:

Oceanic mean pheno: 8.81475
Freshwater mean pheno: -9.44997
-------------------------------
Output1 for generation 3450:

Oceanic mean pheno: 8.85543
Freshwater mean pheno: -9.10983
-------------------------------
Output1 for generation 3500:

Oceanic mean pheno: 9.03914
Freshwater mean pheno: -9.24274
-------------------------------
Output1 for generation 3550:

Oceanic mean pheno: 9.16926
Freshwater mean pheno: -9.45344
-------------------------------
Output1 for generation 3600:

Oceanic mean pheno: 9.18402
Freshwater mean pheno: -9.5886
-------------------------------
Output1 for generation 3650:

Oceanic mean pheno: 9.25089
Freshwater mean pheno: -9.65822
-------------------------------
Output1 for generation 3700:

Oceanic mean pheno: 9.26605
Freshwater mean pheno: -9.52088
-------------------------------
Output1 for generation 3750:

Oceanic mean pheno: 9.18978
Freshwater mean pheno: -9.57705
-------------------------------
Output1 for generation 3800:

Oceanic mean pheno: 9.16222
Freshwater mean pheno: -9.87039
-------------------------------
Output1 for generation 3850:

Oceanic mean pheno: 9.07677
Freshwater mean pheno: -9.57966
-------------------------------
Output1 for generation 3900:

Oceanic mean pheno: 9.23547
Freshwater mean pheno: -9.45904
-------------------------------
Output1 for generation 3950:

Oceanic mean pheno: 9.36212
Freshwater mean pheno: -9.63615
-------------------------------
Output1 for generation 4000:

Oceanic mean pheno: 9.30619
Freshwater mean pheno: -9.87518
-------------------------------
Output1 for generation 4050:

Oceanic mean pheno: 9.35712
Freshwater mean pheno: -9.72341
-------------------------------
Output1 for generation 4100:

Oceanic mean pheno: 9.41597
Freshwater mean pheno: -9.69769
-------------------------------
Output1 for generation 4150:

Oceanic mean pheno: 9.54167
Freshwater mean pheno: -9.71784
-------------------------------
Output1 for generation 4200:

Oceanic mean pheno: 9.33517
Freshwater mean pheno: -9.49136
-------------------------------
Output1 for generation 4250:

Oceanic mean pheno: 9.59965
Freshwater mean pheno: -9.61659
-------------------------------
Output1 for generation 4300:

Oceanic mean pheno: 9.29249
Freshwater mean pheno: -9.35281
-------------------------------
Output1 for generation 4350:

Oceanic mean pheno: 9.29538
Freshwater mean pheno: -9.17287
-------------------------------
Output1 for generation 4400:

Oceanic mean pheno: 9.35866
Freshwater mean pheno: -9.07579
-------------------------------
Output1 for generation 4450:

Oceanic mean pheno: 9.30325
Freshwater mean pheno: -9.1723
-------------------------------
Output1 for generation 4500:

Oceanic mean pheno: 9.47643
Freshwater mean pheno: -9.37533
-------------------------------
Output1 for generation 4550:

Oceanic mean pheno: 9.27794
Freshwater mean pheno: -9.52403
-------------------------------
Output1 for generation 4600:

Oceanic mean pheno: 9.22195
Freshwater mean pheno: -9.33501
-------------------------------
Output1 for generation 4650:

Oceanic mean pheno: 9.18075
Freshwater mean pheno: -9.46332
-------------------------------
Output1 for generation 4700:

Oceanic mean pheno: 9.01569
Freshwater mean pheno: -9.32711
-------------------------------
Output1 for generation 4750:

Oceanic mean pheno: 9.15021
Freshwater mean pheno: -9.20333
-------------------------------
Output1 for generation 4800:

Oceanic mean pheno: 9.31009
Freshwater mean pheno: -9.15694
-------------------------------
Output1 for generation 4850:

Oceanic mean pheno: 9.2243
Freshwater mean pheno: -9.4275
-------------------------------
Output1 for generation 4900:

Oceanic mean pheno: 9.48471
Freshwater mean pheno: -9.388
-------------------------------
Output1 for generation 4950:

Oceanic mean pheno: 9.37675
Freshwater mean pheno: -9.25646
-------------------------------
Output1 for generation 5000:

Oceanic mean pheno: 9.33887
Freshwater mean pheno: -9.38356
-------------------------------
Output1 for generation 5050:

Oceanic mean pheno: 9.15814
Freshwater mean pheno: -9.29419
-------------------------------
Output1 for generation 5100:

Oceanic mean pheno: 9.52142
Freshwater mean pheno: -9.3554
-------------------------------
Output1 for generation 5150:

Oceanic mean pheno: 9.39269
Freshwater mean pheno: -9.3279
-------------------------------
Output1 for generation 5200:

Oceanic mean pheno: 9.40635
Freshwater mean pheno: -9.30689
-------------------------------
Output1 for generation 5250:

Oceanic mean pheno: 9.2989
Freshwater mean pheno: -9.06316
-------------------------------
Output1 for generation 5300:

Oceanic mean pheno: 9.16283
Freshwater mean pheno: -9.09311
-------------------------------
Output1 for generation 5350:

Oceanic mean pheno: 9.28329
Freshwater mean pheno: -8.86083
-------------------------------
Output1 for generation 5400:

Oceanic mean pheno: 9.37662
Freshwater mean pheno: -9.22312
-------------------------------
Output1 for generation 5450:

Oceanic mean pheno: 9.3324
Freshwater mean pheno: -9.15964
-------------------------------
Output1 for generation 5500:

Oceanic mean pheno: 9.2905
Freshwater mean pheno: -9.26185
-------------------------------
Output1 for generation 5550:

Oceanic mean pheno: 9.41828
Freshwater mean pheno: -9.32932
-------------------------------
Output1 for generation 5600:

Oceanic mean pheno: 9.4812
Freshwater mean pheno: -9.40374
-------------------------------
Output1 for generation 5650:

Oceanic mean pheno: 9.5101
Freshwater mean pheno: -9.47977
-------------------------------
Output1 for generation 5700:

Oceanic mean pheno: 9.18761
Freshwater mean pheno: -9.37871
-------------------------------
Output1 for generation 5750:

Oceanic mean pheno: 9.26056
Freshwater mean pheno: -9.53182
-------------------------------
Output1 for generation 5800:

Oceanic mean pheno: 9.06872
Freshwater mean pheno: -9.47356
-------------------------------
Output1 for generation 5850:

Oceanic mean pheno: 9.20547
Freshwater mean pheno: -9.68035
-------------------------------
Output1 for generation 5900:

Oceanic mean pheno: 9.30691
Freshwater mean pheno: -9.57629
-------------------------------
Output1 for generation 5950:

Oceanic mean pheno: 9.28674
Freshwater mean pheno: -9.58586
-------------------------------
Output1 for generation 6000:

Oceanic mean pheno: 9.39513
Freshwater mean pheno: -9.57606
-------------------------------
Output1 for generation 6050:

Oceanic mean pheno: 9.30021
Freshwater mean pheno: -9.32277
-------------------------------
Output1 for generation 6100:

Oceanic mean pheno: 9.35324
Freshwater mean pheno: -9.43583
-------------------------------
Output1 for generation 6150:

Oceanic mean pheno: 9.06893
Freshwater mean pheno: -9.28359
-------------------------------
Output1 for generation 6200:

Oceanic mean pheno: 9.35122
Freshwater mean pheno: -9.36334
-------------------------------
Output1 for generation 6250:

Oceanic mean pheno: 9.32262
Freshwater mean pheno: -9.58411
-------------------------------
Output1 for generation 6300:

Oceanic mean pheno: 9.23554
Freshwater mean pheno: -9.57311
-------------------------------
Output1 for generation 6350:

Oceanic mean pheno: 9.18865
Freshwater mean pheno: -9.68672
-------------------------------
Output1 for generation 6400:

Oceanic mean pheno: 8.92764
Freshwater mean pheno: -9.46704
-------------------------------
Output1 for generation 6450:

Oceanic mean pheno: 9.07221
Freshwater mean pheno: -9.60445
-------------------------------
Output1 for generation 6500:

Oceanic mean pheno: 9.1758
Freshwater mean pheno: -9.51311
-------------------------------
Output1 for generation 6550:

Oceanic mean pheno: 9.10948
Freshwater mean pheno: -9.56845
-------------------------------
Output1 for generation 6600:

Oceanic mean pheno: 8.88733
Freshwater mean pheno: -9.59323
-------------------------------
Output1 for generation 6650:

Oceanic mean pheno: 9.02839
Freshwater mean pheno: -9.5436
-------------------------------
Output1 for generation 6700:

Oceanic mean pheno: 9.09154
Freshwater mean pheno: -9.43121
-------------------------------
Output1 for generation 6750:

Oceanic mean pheno: 9.20151
Freshwater mean pheno: -9.43409
-------------------------------
Output1 for generation 6800:

Oceanic mean pheno: 9.26604
Freshwater mean pheno: -9.44965
-------------------------------
Output1 for generation 6850:

Oceanic mean pheno: 9.25099
Freshwater mean pheno: -9.42848
-------------------------------
Output1 for generation 6900:

Oceanic mean pheno: 9.27399
Freshwater mean pheno: -9.34513
-------------------------------
Output1 for generation 6950:

Oceanic mean pheno: 9.40256
Freshwater mean pheno: -9.52644
-------------------------------
Output1 for generation 7000:

Oceanic mean pheno: 9.3608
Freshwater mean pheno: -9.33325
-------------------------------
Output1 for generation 7050:

Oceanic mean pheno: 9.26206
Freshwater mean pheno: -9.51893
-------------------------------
Output1 for generation 7100:

Oceanic mean pheno: 9.29894
Freshwater mean pheno: -9.55681
-------------------------------
Output1 for generation 7150:

Oceanic mean pheno: 9.19339
Freshwater mean pheno: -9.70009
-------------------------------
Output1 for generation 7200:

Oceanic mean pheno: 9.21151
Freshwater mean pheno: -9.46739
-------------------------------
Output1 for generation 7250:

Oceanic mean pheno: 9.1781
Freshwater mean pheno: -9.41665
-------------------------------
Output1 for generation 7300:

Oceanic mean pheno: 9.29155
Freshwater mean pheno: -9.55536
-------------------------------
Output1 for generation 7350:

Oceanic mean pheno: 9.13118
Freshwater mean pheno: -9.46594
-------------------------------
Output1 for generation 7400:

Oceanic mean pheno: 9.24708
Freshwater mean pheno: -9.57812
-------------------------------
Output1 for generation 7450:

Oceanic mean pheno: 9.14941
Freshwater mean pheno: -9.74646
-------------------------------
Output1 for generation 7500:

Oceanic mean pheno: 9.08967
Freshwater mean pheno: -9.70365
-------------------------------
Output1 for generation 7550:

Oceanic mean pheno: 9.0898
Freshwater mean pheno: -9.64894
-------------------------------
Output1 for generation 7600:

Oceanic mean pheno: 9.07227
Freshwater mean pheno: -9.71535
-------------------------------
Output1 for generation 7650:

Oceanic mean pheno: 9.04141
Freshwater mean pheno: -9.81027
-------------------------------
Output1 for generation 7700:

Oceanic mean pheno: 9.06187
Freshwater mean pheno: -9.63831
-------------------------------
Output1 for generation 7750:

Oceanic mean pheno: 9.07995
Freshwater mean pheno: -9.53443
-------------------------------
Output1 for generation 7800:

Oceanic mean pheno: 9.37319
Freshwater mean pheno: -9.65653
-------------------------------
Output1 for generation 7850:

Oceanic mean pheno: 9.21561
Freshwater mean pheno: -9.51473
-------------------------------
Output1 for generation 7900:

Oceanic mean pheno: 9.35451
Freshwater mean pheno: -9.53816
-------------------------------
Output1 for generation 7950:

Oceanic mean pheno: 9.24687
Freshwater mean pheno: -9.48914
-------------------------------
Output1 for generation 8000:

Oceanic mean pheno: 9.28382
Freshwater mean pheno: -9.68751
-------------------------------
Output1 for generation 8050:

Oceanic mean pheno: 8.96321
Freshwater mean pheno: -9.65651
-------------------------------
Output1 for generation 8100:

Oceanic mean pheno: 9.402
Freshwater mean pheno: -9.54879
-------------------------------
Output1 for generation 8150:

Oceanic mean pheno: 9.50979
Freshwater mean pheno: -9.35872
-------------------------------
Output1 for generation 8200:

Oceanic mean pheno: 9.19602
Freshwater mean pheno: -9.4956
-------------------------------
Output1 for generation 8250:

Oceanic mean pheno: 9.45563
Freshwater mean pheno: -9.51904
-------------------------------
Output1 for generation 8300:

Oceanic mean pheno: 9.56244
Freshwater mean pheno: -9.36225
-------------------------------
Output1 for generation 8350:

Oceanic mean pheno: 9.45093
Freshwater mean pheno: -9.55466
-------------------------------
Output1 for generation 8400:

Oceanic mean pheno: 9.53629
Freshwater mean pheno: -9.36247
-------------------------------
Output1 for generation 8450:

Oceanic mean pheno: 9.60222
Freshwater mean pheno: -9.53477
-------------------------------
Output1 for generation 8500:

Oceanic mean pheno: 9.66708
Freshwater mean pheno: -9.39396
-------------------------------
Output1 for generation 8550:

Oceanic mean pheno: 9.56196
Freshwater mean pheno: -9.49275
-------------------------------
Output1 for generation 8600:

Oceanic mean pheno: 9.71722
Freshwater mean pheno: -9.45247
-------------------------------
Output1 for generation 8650:

Oceanic mean pheno: 9.42074
Freshwater mean pheno: -9.39033
-------------------------------
Output1 for generation 8700:

Oceanic mean pheno: 9.40863
Freshwater mean pheno: -9.39953
-------------------------------
Output1 for generation 8750:

Oceanic mean pheno: 9.23077
Freshwater mean pheno: -9.40572
-------------------------------
Output1 for generation 8800:

Oceanic mean pheno: 9.41747
Freshwater mean pheno: -9.30549
-------------------------------
Output1 for generation 8850:

Oceanic mean pheno: 9.30001
Freshwater mean pheno: -9.32644
-------------------------------
Output1 for generation 8900:

Oceanic mean pheno: 9.49132
Freshwater mean pheno: -9.39611
-------------------------------
Output1 for generation 8950:

Oceanic mean pheno: 9.58351
Freshwater mean pheno: -9.17822
-------------------------------
Output1 for generation 9000:

Oceanic mean pheno: 9.27295
Freshwater mean pheno: -9.25433
-------------------------------
Output1 for generation 9050:

Oceanic mean pheno: 9.57606
Freshwater mean pheno: -9.20355
-------------------------------
Output1 for generation 9100:

Oceanic mean pheno: 9.56227
Freshwater mean pheno: -9.23844
-------------------------------
Output1 for generation 9150:

Oceanic mean pheno: 9.27624
Freshwater mean pheno: -9.22763
-------------------------------
Output1 for generation 9200:

Oceanic mean pheno: 9.37303
Freshwater mean pheno: -9.29478
-------------------------------
Output1 for generation 9250:

Oceanic mean pheno: 9.4787
Freshwater mean pheno: -9.15528
-------------------------------
Output1 for generation 9300:

Oceanic mean pheno: 9.60442
Freshwater mean pheno: -9.21787
-------------------------------
Output1 for generation 9350:

Oceanic mean pheno: 9.47972
Freshwater mean pheno: -9.22541
-------------------------------
Output1 for generation 9400:

Oceanic mean pheno: 9.54789
Freshwater mean pheno: -9.24135
-------------------------------
Output1 for generation 9450:

Oceanic mean pheno: 9.3762
Freshwater mean pheno: -9.44928
-------------------------------
Output1 for generation 9500:

Oceanic mean pheno: 9.45617
Freshwater mean pheno: -9.2753
-------------------------------
Output1 for generation 9550:

Oceanic mean pheno: 9.38658
Freshwater mean pheno: -9.24086
-------------------------------
Output1 for generation 9600:

Oceanic mean pheno: 9.28557
Freshwater mean pheno: -9.31426
-------------------------------
Output1 for generation 9650:

Oceanic mean pheno: 9.29327
Freshwater mean pheno: -9.16881
-------------------------------
Output1 for generation 9700:

Oceanic mean pheno: 9.32999
Freshwater mean pheno: -9.31546
-------------------------------
Output1 for generation 9750:

Oceanic mean pheno: 9.54236
Freshwater mean pheno: -9.17002
-------------------------------
Output1 for generation 9800:

Oceanic mean pheno: 9.63863
Freshwater mean pheno: -9.14802
-------------------------------
Output1 for generation 9850:

Oceanic mean pheno: 9.8741
Freshwater mean pheno: -9.17451
-------------------------------
Output1 for generation 9900:

Oceanic mean pheno: 9.7459
Freshwater mean pheno: -9.1934
-------------------------------
Output1 for generation 9950:

Oceanic mean pheno: 9.56274
Freshwater mean pheno: -9.04344
-------------------------------
Output1 for generation 10000:

Oceanic mean pheno: 9.63164
Freshwater mean pheno: -9.06129
-------------------------------
Output1 for generation 10050:

Oceanic mean pheno: 9.68498
Freshwater mean pheno: -9.04925
-------------------------------
Output1 for generation 10100:

Oceanic mean pheno: 9.84753
Freshwater mean pheno: -9.08222
-------------------------------
Output1 for generation 10150:

Oceanic mean pheno: 9.67532
Freshwater mean pheno: -9.31088
-------------------------------
Output1 for generation 10200:

Oceanic mean pheno: 9.59903
Freshwater mean pheno: -9.29643
-------------------------------
Output1 for generation 10250:

Oceanic mean pheno: 9.55728
Freshwater mean pheno: -9.01947
-------------------------------
Output1 for generation 10300:

Oceanic mean pheno: 9.64788
Freshwater mean pheno: -9.21185
-------------------------------
Output1 for generation 10350:

Oceanic mean pheno: 9.73946
Freshwater mean pheno: -9.38544
-------------------------------
Output1 for generation 10400:

Oceanic mean pheno: 9.70644
Freshwater mean pheno: -9.21806
-------------------------------
Output1 for generation 10450:

Oceanic mean pheno: 9.75928
Freshwater mean pheno: -9.18807
-------------------------------
Output1 for generation 10500:

Oceanic mean pheno: 9.7532
Freshwater mean pheno: -9.31923
-------------------------------
Output1 for generation 10550:

Oceanic mean pheno: 9.80872
Freshwater mean pheno: -9.15832
-------------------------------
Output1 for generation 10600:

Oceanic mean pheno: 9.60704
Freshwater mean pheno: -9.07716
-------------------------------
Output1 for generation 10650:

Oceanic mean pheno: 9.61026
Freshwater mean pheno: -9.0306
-------------------------------
Output1 for generation 10700:

Oceanic mean pheno: 9.71551
Freshwater mean pheno: -9.22869
-------------------------------
Output1 for generation 10750:

Oceanic mean pheno: 9.589
Freshwater mean pheno: -9.11403
-------------------------------
Output1 for generation 10800:

Oceanic mean pheno: 9.40727
Freshwater mean pheno: -9.14307
-------------------------------
Output1 for generation 10850:

Oceanic mean pheno: 9.68432
Freshwater mean pheno: -9.18447
-------------------------------
Output1 for generation 10900:

Oceanic mean pheno: 10.019
Freshwater mean pheno: -9.06243
-------------------------------
Output1 for generation 10950:

Oceanic mean pheno: 9.97827
Freshwater mean pheno: -9.01378
-------------------------------
Output1 for generation 11000:

Oceanic mean pheno: 9.88342
Freshwater mean pheno: -8.98312
-------------------------------
Output1 for generation 11050:

Oceanic mean pheno: 9.86048
Freshwater mean pheno: -9.01032
-------------------------------
Output1 for generation 11100:

Oceanic mean pheno: 9.78081
Freshwater mean pheno: -8.71285
-------------------------------
Output1 for generation 11150:

Oceanic mean pheno: 9.96433
Freshwater mean pheno: -8.76535
-------------------------------
Output1 for generation 11200:

Oceanic mean pheno: 9.73305
Freshwater mean pheno: -9.061
-------------------------------
Output1 for generation 11250:

Oceanic mean pheno: 9.67883
Freshwater mean pheno: -8.98301
-------------------------------
Output1 for generation 11300:

Oceanic mean pheno: 9.735
Freshwater mean pheno: -9.02547
-------------------------------
Output1 for generation 11350:

Oceanic mean pheno: 9.74953
Freshwater mean pheno: -9.07714
-------------------------------
Output1 for generation 11400:

Oceanic mean pheno: 9.91072
Freshwater mean pheno: -8.93197
-------------------------------
Output1 for generation 11450:

Oceanic mean pheno: 9.70356
Freshwater mean pheno: -9.01312
-------------------------------
Output1 for generation 11500:

Oceanic mean pheno: 9.9475
Freshwater mean pheno: -9.23405
-------------------------------
Output1 for generation 11550:

Oceanic mean pheno: 9.92007
Freshwater mean pheno: -9.04754
-------------------------------
Output1 for generation 11600:

Oceanic mean pheno: 9.88076
Freshwater mean pheno: -9.16244
-------------------------------
Output1 for generation 11650:

Oceanic mean pheno: 9.83229
Freshwater mean pheno: -9.18053
-------------------------------
Output1 for generation 11700:

Oceanic mean pheno: 10.0989
Freshwater mean pheno: -9.04472
-------------------------------
Output1 for generation 11750:

Oceanic mean pheno: 9.83082
Freshwater mean pheno: -9.23008
-------------------------------
Output1 for generation 11800:

Oceanic mean pheno: 10.081
Freshwater mean pheno: -9.10472
-------------------------------
Output1 for generation 11850:

Oceanic mean pheno: 9.86034
Freshwater mean pheno: -8.91662
-------------------------------
Output1 for generation 11900:

Oceanic mean pheno: 10.0119
Freshwater mean pheno: -8.93308
-------------------------------
Output1 for generation 11950:

Oceanic mean pheno: 9.84429
Freshwater mean pheno: -8.90865
-------------------------------
Output1 for generation 12000:

Oceanic mean pheno: 9.73321
Freshwater mean pheno: -9.24506
-------------------------------
Output1 for generation 12050:

Oceanic mean pheno: 9.60065
Freshwater mean pheno: -9.22564
-------------------------------
Output1 for generation 12100:

Oceanic mean pheno: 9.73999
Freshwater mean pheno: -8.73176
-------------------------------
Output1 for generation 12150:

Oceanic mean pheno: 9.54091
Freshwater mean pheno: -8.83786
-------------------------------
Output1 for generation 12200:

Oceanic mean pheno: 9.5866
Freshwater mean pheno: -8.92864
-------------------------------
Output1 for generation 12250:

Oceanic mean pheno: 9.75529
Freshwater mean pheno: -8.64623
-------------------------------
Output1 for generation 12300:

Oceanic mean pheno: 9.83323
Freshwater mean pheno: -8.86949
-------------------------------
Output1 for generation 12350:

Oceanic mean pheno: 9.6101
Freshwater mean pheno: -8.93138
-------------------------------
Output1 for generation 12400:

Oceanic mean pheno: 9.50594
Freshwater mean pheno: -9.02735
-------------------------------
Output1 for generation 12450:

Oceanic mean pheno: 9.41366
Freshwater mean pheno: -9.10704
-------------------------------
Output1 for generation 12500:

Oceanic mean pheno: 9.62341
Freshwater mean pheno: -9.26712
-------------------------------
Output1 for generation 12550:

Oceanic mean pheno: 9.49698
Freshwater mean pheno: -9.26849
-------------------------------
Output1 for generation 12600:

Oceanic mean pheno: 9.70784
Freshwater mean pheno: -9.27186
-------------------------------
Output1 for generation 12650:

Oceanic mean pheno: 9.51809
Freshwater mean pheno: -9.03665
-------------------------------
Output1 for generation 12700:

Oceanic mean pheno: 9.51334
Freshwater mean pheno: -9.22705
-------------------------------
Output1 for generation 12750:

Oceanic mean pheno: 9.45989
Freshwater mean pheno: -9.24809
-------------------------------
Output1 for generation 12800:

Oceanic mean pheno: 9.52164
Freshwater mean pheno: -9.11905
-------------------------------
Output1 for generation 12850:

Oceanic mean pheno: 9.52881
Freshwater mean pheno: -9.20376
-------------------------------
Output1 for generation 12900:

Oceanic mean pheno: 9.61097
Freshwater mean pheno: -9.20688
-------------------------------
Output1 for generation 12950:

Oceanic mean pheno: 9.55405
Freshwater mean pheno: -9.04413
-------------------------------
Output1 for generation 13000:

Oceanic mean pheno: 9.42887
Freshwater mean pheno: -9.05943
-------------------------------
Output1 for generation 13050:

Oceanic mean pheno: 9.85534
Freshwater mean pheno: -9.08292
-------------------------------
Output1 for generation 13100:

Oceanic mean pheno: 9.84746
Freshwater mean pheno: -9.17647
-------------------------------
Output1 for generation 13150:

Oceanic mean pheno: 9.74954
Freshwater mean pheno: -9.08622
-------------------------------
Output1 for generation 13200:

Oceanic mean pheno: 9.53272
Freshwater mean pheno: -9.04005
-------------------------------
Output1 for generation 13250:

Oceanic mean pheno: 9.46169
Freshwater mean pheno: -9.17805
-------------------------------
Output1 for generation 13300:

Oceanic mean pheno: 9.53489
Freshwater mean pheno: -9.17923
-------------------------------
Output1 for generation 13350:

Oceanic mean pheno: 9.66927
Freshwater mean pheno: -9.16168
-------------------------------
Output1 for generation 13400:

Oceanic mean pheno: 9.49926
Freshwater mean pheno: -9.25727
-------------------------------
Output1 for generation 13450:

Oceanic mean pheno: 9.61135
Freshwater mean pheno: -9.18831
-------------------------------
Output1 for generation 13500:

Oceanic mean pheno: 9.50313
Freshwater mean pheno: -9.01484
-------------------------------
Output1 for generation 13550:

Oceanic mean pheno: 9.52899
Freshwater mean pheno: -8.87746
-------------------------------
Output1 for generation 13600:

Oceanic mean pheno: 9.68254
Freshwater mean pheno: -8.99776
-------------------------------
Output1 for generation 13650:

Oceanic mean pheno: 9.64182
Freshwater mean pheno: -9.07329
-------------------------------
Output1 for generation 13700:

Oceanic mean pheno: 9.64609
Freshwater mean pheno: -9.01721
-------------------------------
Output1 for generation 13750:

Oceanic mean pheno: 9.68564
Freshwater mean pheno: -8.92757
-------------------------------
Output1 for generation 13800:

Oceanic mean pheno: 9.55584
Freshwater mean pheno: -8.88593
-------------------------------
Output1 for generation 13850:

Oceanic mean pheno: 9.54119
Freshwater mean pheno: -8.88428
-------------------------------
Output1 for generation 13900:

Oceanic mean pheno: 9.43359
Freshwater mean pheno: -8.87249
-------------------------------
Output1 for generation 13950:

Oceanic mean pheno: 9.26133
Freshwater mean pheno: -9.09311
-------------------------------
Output1 for generation 14000:

Oceanic mean pheno: 9.21401
Freshwater mean pheno: -9.05243
-------------------------------
Output1 for generation 14050:

Oceanic mean pheno: 9.37769
Freshwater mean pheno: -9.17262
-------------------------------
Output1 for generation 14100:

Oceanic mean pheno: 9.28723
Freshwater mean pheno: -9.27765
-------------------------------
Output1 for generation 14150:

Oceanic mean pheno: 9.37748
Freshwater mean pheno: -9.21935
-------------------------------
Output1 for generation 14200:

Oceanic mean pheno: 9.50611
Freshwater mean pheno: -9.21237
-------------------------------
Output1 for generation 14250:

Oceanic mean pheno: 9.47848
Freshwater mean pheno: -9.21585
-------------------------------
Output1 for generation 14300:

Oceanic mean pheno: 9.23547
Freshwater mean pheno: -9.10192
-------------------------------
Output1 for generation 14350:

Oceanic mean pheno: 9.40267
Freshwater mean pheno: -9.0549
-------------------------------
Output1 for generation 14400:

Oceanic mean pheno: 9.41185
Freshwater mean pheno: -8.9768
-------------------------------
Output1 for generation 14450:

Oceanic mean pheno: 9.39912
Freshwater mean pheno: -8.95866
-------------------------------
Output1 for generation 14500:

Oceanic mean pheno: 9.26454
Freshwater mean pheno: -8.99325
-------------------------------
Output1 for generation 14550:

Oceanic mean pheno: 9.24971
Freshwater mean pheno: -8.98095
-------------------------------
Output1 for generation 14600:

Oceanic mean pheno: 9.31652
Freshwater mean pheno: -9.15544
-------------------------------
Output1 for generation 14650:

Oceanic mean pheno: 9.35974
Freshwater mean pheno: -9.17969
-------------------------------
Output1 for generation 14700:

Oceanic mean pheno: 9.27983
Freshwater mean pheno: -9.20877
-------------------------------
Output1 for generation 14750:

Oceanic mean pheno: 8.99216
Freshwater mean pheno: -9.21768
-------------------------------
Output1 for generation 14800:

Oceanic mean pheno: 9.21297
Freshwater mean pheno: -9.01434
-------------------------------
Output1 for generation 14850:

Oceanic mean pheno: 9.40687
Freshwater mean pheno: -9.03115
-------------------------------
Output1 for generation 14900:

Oceanic mean pheno: 9.54177
Freshwater mean pheno: -8.96324
-------------------------------
Output1 for generation 14950:

Oceanic mean pheno: 9.51097
Freshwater mean pheno: -9.04224
-------------------------------
Output1 for generation 15000:

Oceanic mean pheno: 9.8585
Freshwater mean pheno: -9.03561
-------------------------------
Output1 for generation 15050:

Oceanic mean pheno: 9.78424
Freshwater mean pheno: -9.17747
-------------------------------
Output1 for generation 15100:

Oceanic mean pheno: 9.71851
Freshwater mean pheno: -9.17186
-------------------------------
Output1 for generation 15150:

Oceanic mean pheno: 9.76985
Freshwater mean pheno: -9.09358
-------------------------------
Output1 for generation 15200:

Oceanic mean pheno: 9.70556
Freshwater mean pheno: -9.14454
-------------------------------
Output1 for generation 15250:

Oceanic mean pheno: 9.50239
Freshwater mean pheno: -9.14026
-------------------------------
Output1 for generation 15300:

Oceanic mean pheno: 9.65777
Freshwater mean pheno: -9.20197
-------------------------------
Output1 for generation 15350:

Oceanic mean pheno: 9.75972
Freshwater mean pheno: -9.20411
-------------------------------
Output1 for generation 15400:

Oceanic mean pheno: 9.73329
Freshwater mean pheno: -9.1221
-------------------------------
Output1 for generation 15450:

Oceanic mean pheno: 9.53864
Freshwater mean pheno: -9.1372
-------------------------------
Output1 for generation 15500:

Oceanic mean pheno: 9.71528
Freshwater mean pheno: -9.13035
-------------------------------
Output1 for generation 15550:

Oceanic mean pheno: 9.51375
Freshwater mean pheno: -9.14
-------------------------------
Output1 for generation 15600:

Oceanic mean pheno: 9.55578
Freshwater mean pheno: -9.24247
-------------------------------
Output1 for generation 15650:

Oceanic mean pheno: 9.38269
Freshwater mean pheno: -9.10889
-------------------------------
Output1 for generation 15700:

Oceanic mean pheno: 9.41299
Freshwater mean pheno: -9.05815
-------------------------------
Output1 for generation 15750:

Oceanic mean pheno: 9.66273
Freshwater mean pheno: -9.10161
-------------------------------
Output1 for generation 15800:

Oceanic mean pheno: 9.68265
Freshwater mean pheno: -9.00082
-------------------------------
Output1 for generation 15850:

Oceanic mean pheno: 9.65542
Freshwater mean pheno: -9.13904
-------------------------------
Output1 for generation 15900:

Oceanic mean pheno: 9.51975
Freshwater mean pheno: -9.01936
-------------------------------
Output1 for generation 15950:

Oceanic mean pheno: 9.51874
Freshwater mean pheno: -9.01997
-------------------------------
Output1 for generation 16000:

Oceanic mean pheno: 9.54348
Freshwater mean pheno: -8.99344
-------------------------------
Output1 for generation 16050:

Oceanic mean pheno: 9.72832
Freshwater mean pheno: -8.91632
-------------------------------
Output1 for generation 16100:

Oceanic mean pheno: 9.61993
Freshwater mean pheno: -8.84569
-------------------------------
Output1 for generation 16150:

Oceanic mean pheno: 9.61767
Freshwater mean pheno: -9.03725
-------------------------------
Output1 for generation 16200:

Oceanic mean pheno: 9.70647
Freshwater mean pheno: -9.00378
-------------------------------
Output1 for generation 16250:

Oceanic mean pheno: 9.86659
Freshwater mean pheno: -8.94948
-------------------------------
Output1 for generation 16300:

Oceanic mean pheno: 9.84562
Freshwater mean pheno: -8.84236
-------------------------------
Output1 for generation 16350:

Oceanic mean pheno: 9.94357
Freshwater mean pheno: -8.80862
-------------------------------
Output1 for generation 16400:

Oceanic mean pheno: 9.89972
Freshwater mean pheno: -8.81608
-------------------------------
Output1 for generation 16450:

Oceanic mean pheno: 10.0893
Freshwater mean pheno: -8.67325
-------------------------------
Output1 for generation 16500:

Oceanic mean pheno: 10.0969
Freshwater mean pheno: -8.77114
-------------------------------
Output1 for generation 16550:

Oceanic mean pheno: 9.87025
Freshwater mean pheno: -8.85423
-------------------------------
Output1 for generation 16600:

Oceanic mean pheno: 9.83047
Freshwater mean pheno: -8.69552
-------------------------------
Output1 for generation 16650:

Oceanic mean pheno: 9.84857
Freshwater mean pheno: -8.85893
-------------------------------
Output1 for generation 16700:

Oceanic mean pheno: 9.85197
Freshwater mean pheno: -8.80783
-------------------------------
Output1 for generation 16750:

Oceanic mean pheno: 9.8923
Freshwater mean pheno: -8.9377
-------------------------------
Output1 for generation 16800:

Oceanic mean pheno: 9.84164
Freshwater mean pheno: -8.90934
-------------------------------
Output1 for generation 16850:

Oceanic mean pheno: 10.0249
Freshwater mean pheno: -8.82484
-------------------------------
Output1 for generation 16900:

Oceanic mean pheno: 9.7089
Freshwater mean pheno: -8.81644
-------------------------------
Output1 for generation 16950:

Oceanic mean pheno: 10.0549
Freshwater mean pheno: -8.7874
-------------------------------
Output1 for generation 17000:

Oceanic mean pheno: 10.2388
Freshwater mean pheno: -8.79304
-------------------------------
Output1 for generation 17050:

Oceanic mean pheno: 10.0645
Freshwater mean pheno: -8.93575
-------------------------------
Output1 for generation 17100:

Oceanic mean pheno: 10.1067
Freshwater mean pheno: -9.0912
-------------------------------
Output1 for generation 17150:

Oceanic mean pheno: 10.1662
Freshwater mean pheno: -8.96643
-------------------------------
Output1 for generation 17200:

Oceanic mean pheno: 9.83821
Freshwater mean pheno: -8.92563
-------------------------------
Output1 for generation 17250:

Oceanic mean pheno: 9.92009
Freshwater mean pheno: -8.90822
-------------------------------
Output1 for generation 17300:

Oceanic mean pheno: 10.018
Freshwater mean pheno: -8.98108
-------------------------------
Output1 for generation 17350:

Oceanic mean pheno: 9.68833
Freshwater mean pheno: -9.01098
-------------------------------
Output1 for generation 17400:

Oceanic mean pheno: 9.99473
Freshwater mean pheno: -8.84004
-------------------------------
Output1 for generation 17450:

Oceanic mean pheno: 9.78545
Freshwater mean pheno: -8.89301
-------------------------------
Output1 for generation 17500:

Oceanic mean pheno: 9.85749
Freshwater mean pheno: -8.76429
-------------------------------
Output1 for generation 17550:

Oceanic mean pheno: 9.86472
Freshwater mean pheno: -8.93721
-------------------------------
Output1 for generation 17600:

Oceanic mean pheno: 9.88996
Freshwater mean pheno: -8.86317
-------------------------------
Output1 for generation 17650:

Oceanic mean pheno: 9.84082
Freshwater mean pheno: -8.87815
-------------------------------
Output1 for generation 17700:

Oceanic mean pheno: 9.85052
Freshwater mean pheno: -8.7873
-------------------------------
Output1 for generation 17750:

Oceanic mean pheno: 9.91834
Freshwater mean pheno: -8.94527
-------------------------------
Output1 for generation 17800:

Oceanic mean pheno: 9.58202
Freshwater mean pheno: -8.85347
-------------------------------
Output1 for generation 17850:

Oceanic mean pheno: 9.65715
Freshwater mean pheno: -9.04643
-------------------------------
Output1 for generation 17900:

Oceanic mean pheno: 9.94172
Freshwater mean pheno: -8.93444
-------------------------------
Output1 for generation 17950:

Oceanic mean pheno: 9.94493
Freshwater mean pheno: -9.06228
-------------------------------
Output1 for generation 18000:

Oceanic mean pheno: 9.84055
Freshwater mean pheno: -9.14089
-------------------------------
Output1 for generation 18050:

Oceanic mean pheno: 10.0181
Freshwater mean pheno: -9.14831
-------------------------------
Output1 for generation 18100:

Oceanic mean pheno: 10.0192
Freshwater mean pheno: -9.2191
-------------------------------
Output1 for generation 18150:

Oceanic mean pheno: 10.0017
Freshwater mean pheno: -9.22252
-------------------------------
Output1 for generation 18200:

Oceanic mean pheno: 9.77409
Freshwater mean pheno: -9.13543
-------------------------------
Output1 for generation 18250:

Oceanic mean pheno: 9.46887
Freshwater mean pheno: -9.10413
-------------------------------
Output1 for generation 18300:

Oceanic mean pheno: 9.51084
Freshwater mean pheno: -9.15994
-------------------------------
Output1 for generation 18350:

Oceanic mean pheno: 9.77341
Freshwater mean pheno: -9.03374
-------------------------------
Output1 for generation 18400:

Oceanic mean pheno: 9.8484
Freshwater mean pheno: -8.88642
-------------------------------
Output1 for generation 18450:

Oceanic mean pheno: 9.84391
Freshwater mean pheno: -9.17924
-------------------------------
Output1 for generation 18500:

Oceanic mean pheno: 9.85753
Freshwater mean pheno: -9.16027
-------------------------------
Output1 for generation 18550:

Oceanic mean pheno: 9.80165
Freshwater mean pheno: -9.11689
-------------------------------
Output1 for generation 18600:

Oceanic mean pheno: 9.77484
Freshwater mean pheno: -8.97118
-------------------------------
Output1 for generation 18650:

Oceanic mean pheno: 9.83688
Freshwater mean pheno: -8.95188
-------------------------------
Output1 for generation 18700:

Oceanic mean pheno: 9.87032
Freshwater mean pheno: -9.01446
-------------------------------
Output1 for generation 18750:

Oceanic mean pheno: 9.73672
Freshwater mean pheno: -9.03959
-------------------------------
Output1 for generation 18800:

Oceanic mean pheno: 10.0926
Freshwater mean pheno: -8.9995
-------------------------------
Output1 for generation 18850:

Oceanic mean pheno: 9.86836
Freshwater mean pheno: -9.0845
-------------------------------
Output1 for generation 18900:

Oceanic mean pheno: 9.60693
Freshwater mean pheno: -9.1126
-------------------------------
Output1 for generation 18950:

Oceanic mean pheno: 9.87956
Freshwater mean pheno: -9.0501
-------------------------------
Output1 for generation 19000:

Oceanic mean pheno: 9.77999
Freshwater mean pheno: -8.8728
-------------------------------
Output1 for generation 19050:

Oceanic mean pheno: 9.79765
Freshwater mean pheno: -8.67553
-------------------------------
Output1 for generation 19100:

Oceanic mean pheno: 10.1362
Freshwater mean pheno: -8.61338
-------------------------------
Output1 for generation 19150:

Oceanic mean pheno: 9.78525
Freshwater mean pheno: -8.696
-------------------------------
Output1 for generation 19200:

Oceanic mean pheno: 9.63089
Freshwater mean pheno: -8.74581
-------------------------------
Output1 for generation 19250:

Oceanic mean pheno: 9.88989
Freshwater mean pheno: -8.71771
-------------------------------
Output1 for generation 19300:

Oceanic mean pheno: 9.74727
Freshwater mean pheno: -8.72118
-------------------------------
Output1 for generation 19350:

Oceanic mean pheno: 9.89571
Freshwater mean pheno: -8.61856
-------------------------------
Output1 for generation 19400:

Oceanic mean pheno: 9.74304
Freshwater mean pheno: -8.43726
-------------------------------
Output1 for generation 19450:

Oceanic mean pheno: 9.65123
Freshwater mean pheno: -8.52135
-------------------------------
Output1 for generation 19500:

Oceanic mean pheno: 9.84192
Freshwater mean pheno: -8.55189
-------------------------------
Output1 for generation 19550:

Oceanic mean pheno: 9.592
Freshwater mean pheno: -8.53051
-------------------------------
Output1 for generation 19600:

Oceanic mean pheno: 9.60019
Freshwater mean pheno: -8.40173
-------------------------------
Output1 for generation 19650:

Oceanic mean pheno: 9.51959
Freshwater mean pheno: -8.72284
-------------------------------
Output1 for generation 19700:

Oceanic mean pheno: 9.44148
Freshwater mean pheno: -8.63029
-------------------------------
Output1 for generation 19750:

Oceanic mean pheno: 9.50682
Freshwater mean pheno: -8.57893
-------------------------------
Output1 for generation 19800:

Oceanic mean pheno: 9.6263
Freshwater mean pheno: -8.66291
-------------------------------
Output1 for generation 19850:

Oceanic mean pheno: 9.50941
Freshwater mean pheno: -8.66129
-------------------------------
Output1 for generation 19900:

Oceanic mean pheno: 9.38409
Freshwater mean pheno: -8.60966
-------------------------------
Output1 for generation 19950:

Oceanic mean pheno: 9.56422
Freshwater mean pheno: -8.6158
-------------------------------
Output1 for generation 20000:

Oceanic mean pheno: 9.41692
Freshwater mean pheno: -8.74495
-------------------------------
Output1 for generation 20050:

Oceanic mean pheno: 9.38741
Freshwater mean pheno: -8.61046
-------------------------------
Output1 for generation 20100:

Oceanic mean pheno: 9.30299
Freshwater mean pheno: -8.58239
-------------------------------
Output1 for generation 20150:

Oceanic mean pheno: 9.44622
Freshwater mean pheno: -8.59535
-------------------------------
Output1 for generation 20200:

Oceanic mean pheno: 9.61194
Freshwater mean pheno: -8.64989
-------------------------------
Output1 for generation 20250:

Oceanic mean pheno: 9.60063
Freshwater mean pheno: -8.67896
-------------------------------
Output1 for generation 20300:

Oceanic mean pheno: 9.64563
Freshwater mean pheno: -8.6972
-------------------------------
Output1 for generation 20350:

Oceanic mean pheno: 9.44927
Freshwater mean pheno: -8.79278
-------------------------------
Output1 for generation 20400:

Oceanic mean pheno: 9.48287
Freshwater mean pheno: -8.69734
-------------------------------
Output1 for generation 20450:

Oceanic mean pheno: 9.48278
Freshwater mean pheno: -8.76735
-------------------------------
Output1 for generation 20500:

Oceanic mean pheno: 9.45631
Freshwater mean pheno: -8.86861
-------------------------------
Output1 for generation 20550:

Oceanic mean pheno: 9.5699
Freshwater mean pheno: -8.67125
-------------------------------
Output1 for generation 20600:

Oceanic mean pheno: 9.61327
Freshwater mean pheno: -8.823
-------------------------------
Output1 for generation 20650:

Oceanic mean pheno: 9.48929
Freshwater mean pheno: -8.84899
-------------------------------
Output1 for generation 20700:

Oceanic mean pheno: 9.63221
Freshwater mean pheno: -8.72504
-------------------------------
Output1 for generation 20750:

Oceanic mean pheno: 9.44102
Freshwater mean pheno: -8.84518
-------------------------------
Output1 for generation 20800:

Oceanic mean pheno: 9.5448
Freshwater mean pheno: -8.80004
-------------------------------
Output1 for generation 20850:

Oceanic mean pheno: 9.64067
Freshwater mean pheno: -8.84699
-------------------------------
Output1 for generation 20900:

Oceanic mean pheno: 9.39496
Freshwater mean pheno: -8.99852
-------------------------------
Output1 for generation 20950:

Oceanic mean pheno: 9.43758
Freshwater mean pheno: -9.07427
-------------------------------
Output1 for generation 21000:

Oceanic mean pheno: 9.2431
Freshwater mean pheno: -9.07726
-------------------------------
Output1 for generation 21050:

Oceanic mean pheno: 9.22802
Freshwater mean pheno: -9.05822
-------------------------------
Output1 for generation 21100:

Oceanic mean pheno: 9.49233
Freshwater mean pheno: -8.92459
-------------------------------
Output1 for generation 21150:

Oceanic mean pheno: 9.39281
Freshwater mean pheno: -9.10047
-------------------------------
Output1 for generation 21200:

Oceanic mean pheno: 9.46743
Freshwater mean pheno: -9.07444
-------------------------------
Output1 for generation 21250:

Oceanic mean pheno: 9.49701
Freshwater mean pheno: -8.9973
-------------------------------
Output1 for generation 21300:

Oceanic mean pheno: 9.33059
Freshwater mean pheno: -9.05569
-------------------------------
Output1 for generation 21350:

Oceanic mean pheno: 9.41036
Freshwater mean pheno: -9.11726
-------------------------------
Output1 for generation 21400:

Oceanic mean pheno: 9.23613
Freshwater mean pheno: -9.03105
-------------------------------
Output1 for generation 21450:

Oceanic mean pheno: 9.30793
Freshwater mean pheno: -9.23443
-------------------------------
Output1 for generation 21500:

Oceanic mean pheno: 9.247
Freshwater mean pheno: -8.86004
-------------------------------
Output1 for generation 21550:

Oceanic mean pheno: 9.16484
Freshwater mean pheno: -9.10287
-------------------------------
Output1 for generation 21600:

Oceanic mean pheno: 9.1781
Freshwater mean pheno: -9.07942
-------------------------------
Output1 for generation 21650:

Oceanic mean pheno: 9.2436
Freshwater mean pheno: -8.95002
-------------------------------
Output1 for generation 21700:

Oceanic mean pheno: 9.19924
Freshwater mean pheno: -9.02433
-------------------------------
Output1 for generation 21750:

Oceanic mean pheno: 9.43106
Freshwater mean pheno: -9.03547
-------------------------------
Output1 for generation 21800:

Oceanic mean pheno: 9.30784
Freshwater mean pheno: -8.98766
-------------------------------
Output1 for generation 21850:

Oceanic mean pheno: 9.24844
Freshwater mean pheno: -9.10366
-------------------------------
Output1 for generation 21900:

Oceanic mean pheno: 9.44684
Freshwater mean pheno: -9.14728
-------------------------------
Output1 for generation 21950:

Oceanic mean pheno: 9.6307
Freshwater mean pheno: -9.02435
-------------------------------
Output1 for generation 22000:

Oceanic mean pheno: 9.51373
Freshwater mean pheno: -8.91069
-------------------------------
Output1 for generation 22050:

Oceanic mean pheno: 9.47158
Freshwater mean pheno: -9.06291
-------------------------------
Output1 for generation 22100:

Oceanic mean pheno: 9.47751
Freshwater mean pheno: -9.01758
-------------------------------
Output1 for generation 22150:

Oceanic mean pheno: 9.52883
Freshwater mean pheno: -9.1635
-------------------------------
Output1 for generation 22200:

Oceanic mean pheno: 9.56204
Freshwater mean pheno: -9.09804
-------------------------------
Output1 for generation 22250:

Oceanic mean pheno: 9.5105
Freshwater mean pheno: -9.08497
-------------------------------
Output1 for generation 22300:

Oceanic mean pheno: 9.60632
Freshwater mean pheno: -9.10165
-------------------------------
Output1 for generation 22350:

Oceanic mean pheno: 9.44075
Freshwater mean pheno: -9.10513
-------------------------------
Output1 for generation 22400:

Oceanic mean pheno: 9.58644
Freshwater mean pheno: -9.10717
-------------------------------
Output1 for generation 22450:

Oceanic mean pheno: 9.46241
Freshwater mean pheno: -8.81218
-------------------------------
Output1 for generation 22500:

Oceanic mean pheno: 9.29798
Freshwater mean pheno: -8.88657
-------------------------------
Output1 for generation 22550:

Oceanic mean pheno: 9.53109
Freshwater mean pheno: -8.64885
-------------------------------
Output1 for generation 22600:

Oceanic mean pheno: 9.61647
Freshwater mean pheno: -8.78585
-------------------------------
Output1 for generation 22650:

Oceanic mean pheno: 9.62707
Freshwater mean pheno: -8.72082
-------------------------------
Output1 for generation 22700:

Oceanic mean pheno: 9.42524
Freshwater mean pheno: -9.02895
-------------------------------
Output1 for generation 22750:

Oceanic mean pheno: 9.6254
Freshwater mean pheno: -8.86203
-------------------------------
Output1 for generation 22800:

Oceanic mean pheno: 9.45759
Freshwater mean pheno: -8.899
-------------------------------
Output1 for generation 22850:

Oceanic mean pheno: 9.65495
Freshwater mean pheno: -8.85578
-------------------------------
Output1 for generation 22900:

Oceanic mean pheno: 9.60992
Freshwater mean pheno: -8.77665
-------------------------------
Output1 for generation 22950:

Oceanic mean pheno: 9.53677
Freshwater mean pheno: -8.73081
-------------------------------
Output1 for generation 23000:

Oceanic mean pheno: 9.8022
Freshwater mean pheno: -9.02283
-------------------------------
Output1 for generation 23050:

Oceanic mean pheno: 9.65762
Freshwater mean pheno: -9.0092
-------------------------------
Output1 for generation 23100:

Oceanic mean pheno: 9.61504
Freshwater mean pheno: -8.99599
-------------------------------
Output1 for generation 23150:

Oceanic mean pheno: 9.71178
Freshwater mean pheno: -8.99176
-------------------------------
Output1 for generation 23200:

Oceanic mean pheno: 9.5356
Freshwater mean pheno: -9.11176
-------------------------------
Output1 for generation 23250:

Oceanic mean pheno: 9.62341
Freshwater mean pheno: -8.94047
-------------------------------
Output1 for generation 23300:

Oceanic mean pheno: 9.47625
Freshwater mean pheno: -8.9764
-------------------------------
Output1 for generation 23350:

Oceanic mean pheno: 9.45964
Freshwater mean pheno: -8.91957
-------------------------------
Output1 for generation 23400:

Oceanic mean pheno: 9.48829
Freshwater mean pheno: -8.97574
-------------------------------
Output1 for generation 23450:

Oceanic mean pheno: 9.slurmstepd: error: *** JOB 288165 ON n032 CANCELLED AT 2017-12-21T08:04:35 ***
