Task ID  - seed 029535
Parameters for SLiM run:
  -s 029535 MyRecipe5_0_3.E
// Initial random seed:
1506074053661

// RunInitializeCallbacks():
initializeSLiMOptions(dimensionality = 'x');
initializeMutationRate(1e-07);
initializeMutationType(1, 0.5, "g", 0.5, 1);
initializeMutationType(2, 0.5, "g", -0.5, 1);
initializeMutationType(3, 0.5, "f", 0);
initializeMutationType(4, 0.5, "f", 0);
initializeGenomicElementType(1, m3, 1);
initializeGenomicElementType(2, c(m1, m2, m3), c(1, 1, 1));
initializeGenomicElement(g1, 0, 4949);
initializeGenomicElement(g2, 4950, 5049);
initializeGenomicElement(g1, 5050, 9999);
initializeGenomicElement(g1, 10000, 14949);
initializeGenomicElement(g2, 14950, 15049);
initializeGenomicElement(g1, 15050, 19999);
initializeGenomicElement(g1, 20000, 24949);
initializeGenomicElement(g2, 24950, 25049);
initializeGenomicElement(g1, 25050, 29999);
initializeGenomicElement(g1, 30000, 34949);
initializeGenomicElement(g2, 34950, 35049);
initializeGenomicElement(g1, 35050, 39999);
initializeGenomicElement(g1, 40000, 44949);
initializeGenomicElement(g2, 44950, 45049);
initializeGenomicElement(g1, 45050, 49999);
initializeGenomicElement(g1, 50000, 54949);
initializeGenomicElement(g2, 54950, 55049);
initializeGenomicElement(g1, 55050, 59999);
initializeGenomicElement(g1, 60000, 64949);
initializeGenomicElement(g2, 64950, 65049);
initializeGenomicElement(g1, 65050, 69999);
initializeGenomicElement(g1, 70000, 74949);
initializeGenomicElement(g2, 74950, 75049);
initializeGenomicElement(g1, 75050, 79999);
initializeGenomicElement(g1, 80000, 84949);
initializeGenomicElement(g2, 84950, 85049);
initializeGenomicElement(g1, 85050, 89999);
initializeGenomicElement(g1, 90000, 94949);
initializeGenomicElement(g2, 94950, 95049);
initializeGenomicElement(g1, 95050, 99999);
end of chromosome position: 100000
initializeRecombinationRate(1e-07);
initializeInteractionType(1, "x", reciprocal=T", maxDistance=0.02);
initializeInteractionType(2, "x", reciprocal=T", maxDistance=1);

// Starting run at generation <start>:
1 

-------------------------------
Output1 for generation 100:

Oceanic mean pheno: -0.0020525
Freshwater mean pheno: -0.232301
-------------------------------
Output1 for generation 200:

Oceanic mean pheno: 0.420351
Freshwater mean pheno: -0.850528
-------------------------------
Output1 for generation 300:

Oceanic mean pheno: 2.90599
Freshwater mean pheno: -0.974278
-------------------------------
Output1 for generation 400:

Oceanic mean pheno: 3.45078
Freshwater mean pheno: -1.31674
-------------------------------
Output1 for generation 500:

Oceanic mean pheno: 5.49938
Freshwater mean pheno: -1.31114
-------------------------------
Output1 for generation 600:

Oceanic mean pheno: 5.67046
Freshwater mean pheno: -1.37552
-------------------------------
Output1 for generation 700:

Oceanic mean pheno: 5.73239
Freshwater mean pheno: -1.38935
-------------------------------
Output1 for generation 800:

Oceanic mean pheno: 5.73677
Freshwater mean pheno: -1.34174
-------------------------------
Output1 for generation 900:

Oceanic mean pheno: 5.74861
Freshwater mean pheno: -1.3779
-------------------------------
Output1 for generation 1000:

Oceanic mean pheno: 5.75737
Freshwater mean pheno: -1.31748
-------------------------------
Output1 for generation 1100:

Oceanic mean pheno: 5.79539
Freshwater mean pheno: -1.50739
-------------------------------
Output1 for generation 1200:

Oceanic mean pheno: 5.86138
Freshwater mean pheno: -1.37259
-------------------------------
Output1 for generation 1300:

Oceanic mean pheno: 6.01691
Freshwater mean pheno: -1.43199
-------------------------------
Output1 for generation 1400:

Oceanic mean pheno: 6.1674
Freshwater mean pheno: -1.59446
-------------------------------
Output1 for generation 1500:

Oceanic mean pheno: 6.39569
Freshwater mean pheno: -1.62138
-------------------------------
Output1 for generation 1600:

Oceanic mean pheno: 6.43297
Freshwater mean pheno: -1.86955
-------------------------------
Output1 for generation 1700:

Oceanic mean pheno: 6.50265
Freshwater mean pheno: -2.03461
-------------------------------
Output1 for generation 1800:

Oceanic mean pheno: 6.62752
Freshwater mean pheno: -1.96473
-------------------------------
Output1 for generation 1900:

Oceanic mean pheno: 6.62163
Freshwater mean pheno: -2.1357
-------------------------------
Output1 for generation 2000:

Oceanic mean pheno: 6.685
Freshwater mean pheno: -2.14513
-------------------------------
Output1 for generation 2100:

Oceanic mean pheno: 6.70037
Freshwater mean pheno: -2.19582
-------------------------------
Output1 for generation 2200:

Oceanic mean pheno: 6.73782
Freshwater mean pheno: -2.23676
-------------------------------
Output1 for generation 2300:

Oceanic mean pheno: 6.74533
Freshwater mean pheno: -2.32807
-------------------------------
Output1 for generation 2400:

Oceanic mean pheno: 6.73148
Freshwater mean pheno: -2.51082
-------------------------------
Output1 for generation 2500:

Oceanic mean pheno: 6.76573
Freshwater mean pheno: -2.42249
-------------------------------
Output1 for generation 2600:

Oceanic mean pheno: 7.00179
Freshwater mean pheno: -2.53363
-------------------------------
Output1 for generation 2700:

Oceanic mean pheno: 7.79257
Freshwater mean pheno: -2.59426
-------------------------------
Output1 for generation 2800:

Oceanic mean pheno: 8.48543
Freshwater mean pheno: -2.7717
-------------------------------
Output1 for generation 2900:

Oceanic mean pheno: 9.00073
Freshwater mean pheno: -2.8615
-------------------------------
Output1 for generation 3000:

Oceanic mean pheno: 9.02647
Freshwater mean pheno: -2.99087
-------------------------------
Output1 for generation 3100:

Oceanic mean pheno: 9.17119
Freshwater mean pheno: -2.99429
-------------------------------
Output1 for generation 3200:

Oceanic mean pheno: 9.21748
Freshwater mean pheno: -2.93834
-------------------------------
Output1 for generation 3300:

Oceanic mean pheno: 9.21756
Freshwater mean pheno: -2.96626
-------------------------------
Output1 for generation 3400:

Oceanic mean pheno: 9.25106
Freshwater mean pheno: -3.03142
-------------------------------
Output1 for generation 3500:

Oceanic mean pheno: 9.26674
Freshwater mean pheno: -3.49136
-------------------------------
Output1 for generation 3600:

Oceanic mean pheno: 9.32358
Freshwater mean pheno: -3.4429
-------------------------------
Output1 for generation 3700:

Oceanic mean pheno: 9.29184
Freshwater mean pheno: -3.4842
-------------------------------
Output1 for generation 3800:

Oceanic mean pheno: 9.28552
Freshwater mean pheno: -3.36672
-------------------------------
Output1 for generation 3900:

Oceanic mean pheno: 9.29176
Freshwater mean pheno: -3.76816
-------------------------------
Output1 for generation 4000:

Oceanic mean pheno: 9.3811
Freshwater mean pheno: -4.21725
-------------------------------
Output1 for generation 4100:

Oceanic mean pheno: 9.38351
Freshwater mean pheno: -4.01602
-------------------------------
Output1 for generation 4200:

Oceanic mean pheno: 9.34699
Freshwater mean pheno: -4.16776
-------------------------------
Output1 for generation 4300:

Oceanic mean pheno: 9.31663
Freshwater mean pheno: -4.17848
-------------------------------
Output1 for generation 4400:

Oceanic mean pheno: 9.32331
Freshwater mean pheno: -4.26309
-------------------------------
Output1 for generation 4500:

Oceanic mean pheno: 9.29974
Freshwater mean pheno: -4.15922
-------------------------------
Output1 for generation 4600:

Oceanic mean pheno: 9.35498
Freshwater mean pheno: -4.18227
-------------------------------
Output1 for generation 4700:

Oceanic mean pheno: 9.40933
Freshwater mean pheno: -4.16468
-------------------------------
Output1 for generation 4800:

Oceanic mean pheno: 9.4445
Freshwater mean pheno: -4.29033
-------------------------------
Output1 for generation 4900:

Oceanic mean pheno: 9.39181
Freshwater mean pheno: -4.86004
-------------------------------
Output1 for generation 5000:

Oceanic mean pheno: 9.36393
Freshwater mean pheno: -4.93944
-------------------------------
Output1 for generation 5100:

Oceanic mean pheno: 9.36262
Freshwater mean pheno: -4.93348
-------------------------------
Output1 for generation 5200:

Oceanic mean pheno: 9.41936
Freshwater mean pheno: -5.00677
-------------------------------
Output1 for generation 5300:

Oceanic mean pheno: 9.35652
Freshwater mean pheno: -5.0981
-------------------------------
Output1 for generation 5400:

Oceanic mean pheno: 9.40744
Freshwater mean pheno: -5.27205
-------------------------------
Output1 for generation 5500:

Oceanic mean pheno: 9.39057
Freshwater mean pheno: -5.13991
-------------------------------
Output1 for generation 5600:

Oceanic mean pheno: 9.47943
Freshwater mean pheno: -5.35526
-------------------------------
Output1 for generation 5700:

Oceanic mean pheno: 9.42122
Freshwater mean pheno: -5.63176
-------------------------------
Output1 for generation 5800:

Oceanic mean pheno: 9.40271
Freshwater mean pheno: -5.70801
-------------------------------
Output1 for generation 5900:

Oceanic mean pheno: 9.40744
Freshwater mean pheno: -5.60221
-------------------------------
Output1 for generation 6000:

Oceanic mean pheno: 9.36903
Freshwater mean pheno: -6.21763
-------------------------------
Output1 for generation 6100:

Oceanic mean pheno: 9.44349
Freshwater mean pheno: -6.159
-------------------------------
Output1 for generation 6200:

Oceanic mean pheno: 9.45276
Freshwater mean pheno: -6.10213
-------------------------------
Output1 for generation 6300:

Oceanic mean pheno: 9.38734
Freshwater mean pheno: -6.32898
-------------------------------
Output1 for generation 6400:

Oceanic mean pheno: 9.34737
Freshwater mean pheno: -6.16946
-------------------------------
Output1 for generation 6500:

Oceanic mean pheno: 9.34869
Freshwater mean pheno: -6.22351
-------------------------------
Output1 for generation 6600:

Oceanic mean pheno: 9.36577
Freshwater mean pheno: -6.20453
-------------------------------
Output1 for generation 6700:

Oceanic mean pheno: 9.32951
Freshwater mean pheno: -6.18443
-------------------------------
Output1 for generation 6800:

Oceanic mean pheno: 9.36161
Freshwater mean pheno: -6.25118
-------------------------------
Output1 for generation 6900:

Oceanic mean pheno: 9.38825
Freshwater mean pheno: -6.246
-------------------------------
Output1 for generation 7000:

Oceanic mean pheno: 9.38472
Freshwater mean pheno: -6.22845
-------------------------------
Output1 for generation 7100:

Oceanic mean pheno: 9.38348
Freshwater mean pheno: -6.28144
-------------------------------
Output1 for generation 7200:

Oceanic mean pheno: 9.40837
Freshwater mean pheno: -6.28019
-------------------------------
Output1 for generation 7300:

Oceanic mean pheno: 9.40295
Freshwater mean pheno: -6.30804
-------------------------------
Output1 for generation 7400:

Oceanic mean pheno: 9.45761
Freshwater mean pheno: -6.34383
-------------------------------
Output1 for generation 7500:

Oceanic mean pheno: 9.4635
Freshwater mean pheno: -6.51174
-------------------------------
Output1 for generation 7600:

Oceanic mean pheno: 9.45646
Freshwater mean pheno: -6.65342
-------------------------------
Output1 for generation 7700:

Oceanic mean pheno: 9.46853
Freshwater mean pheno: -6.89089
-------------------------------
Output1 for generation 7800:

Oceanic mean pheno: 9.43846
Freshwater mean pheno: -6.89494
-------------------------------
Output1 for generation 7900:

Oceanic mean pheno: 9.43322
Freshwater mean pheno: -6.84695
-------------------------------
Output1 for generation 8000:

Oceanic mean pheno: 9.44555
Freshwater mean pheno: -6.90174
-------------------------------
Output1 for generation 8100:

Oceanic mean pheno: 9.42029
Freshwater mean pheno: -6.84425
-------------------------------
Output1 for generation 8200:

Oceanic mean pheno: 9.45789
Freshwater mean pheno: -6.99889
-------------------------------
Output1 for generation 8300:

Oceanic mean pheno: 9.45555
Freshwater mean pheno: -6.86733
-------------------------------
Output1 for generation 8400:

Oceanic mean pheno: 9.47738
Freshwater mean pheno: -6.92708
-------------------------------
Output1 for generation 8500:

Oceanic mean pheno: 9.46265
Freshwater mean pheno: -6.89579
-------------------------------
Output1 for generation 8600:

Oceanic mean pheno: 9.49321
Freshwater mean pheno: -6.86148
-------------------------------
Output1 for generation 8700:

Oceanic mean pheno: 9.49509
Freshwater mean pheno: -6.89792
-------------------------------
Output1 for generation 8800:

Oceanic mean pheno: 9.50271
Freshwater mean pheno: -6.93158
-------------------------------
Output1 for generation 8900:

Oceanic mean pheno: 9.49238
Freshwater mean pheno: -7.11763
-------------------------------
Output1 for generation 9000:

Oceanic mean pheno: 9.47985
Freshwater mean pheno: -7.14759
-------------------------------
Output1 for generation 9100:

Oceanic mean pheno: 9.50254
Freshwater mean pheno: -7.16046
-------------------------------
Output1 for generation 9200:

Oceanic mean pheno: 9.50035
Freshwater mean pheno: -7.14134
-------------------------------
Output1 for generation 9300:

Oceanic mean pheno: 9.49782
Freshwater mean pheno: -7.11042
-------------------------------
Output1 for generation 9400:

Oceanic mean pheno: 9.50097
Freshwater mean pheno: -7.11508
-------------------------------
Output1 for generation 9500:

Oceanic mean pheno: 9.49791
Freshwater mean pheno: -7.2068
-------------------------------
Output1 for generation 9600:

Oceanic mean pheno: 9.50054
Freshwater mean pheno: -7.25081
-------------------------------
Output1 for generation 9700:

Oceanic mean pheno: 9.48441
Freshwater mean pheno: -7.37968
-------------------------------
Output1 for generation 9800:

Oceanic mean pheno: 9.49404
Freshwater mean pheno: -7.38957
-------------------------------
Output1 for generation 9900:

Oceanic mean pheno: 9.47438
Freshwater mean pheno: -7.42629
-------------------------------
Output1 for generation 10000:

Oceanic mean pheno: 9.41112
Freshwater mean pheno: -7.39345
-------------------------------
Output1 for generation 10100:

Oceanic mean pheno: 9.44569
Freshwater mean pheno: -7.2991
-------------------------------
Output1 for generation 10200:

Oceanic mean pheno: 9.40242
Freshwater mean pheno: -7.38467
-------------------------------
Output1 for generation 10300:

Oceanic mean pheno: 9.48899
Freshwater mean pheno: -7.40615
-------------------------------
Output1 for generation 10400:

Oceanic mean pheno: 9.51195
Freshwater mean pheno: -7.38254
-------------------------------
Output1 for generation 10500:

Oceanic mean pheno: 9.55682
Freshwater mean pheno: -7.32751
-------------------------------
Output1 for generation 10600:

Oceanic mean pheno: 9.50088
Freshwater mean pheno: -7.38851
-------------------------------
Output1 for generation 10700:

Oceanic mean pheno: 9.49851
Freshwater mean pheno: -7.69309
-------------------------------
Output1 for generation 10800:

Oceanic mean pheno: 9.49171
Freshwater mean pheno: -7.68699
-------------------------------
Output1 for generation 10900:

Oceanic mean pheno: 9.45666
Freshwater mean pheno: -7.73571
-------------------------------
Output1 for generation 11000:

Oceanic mean pheno: 9.47868
Freshwater mean pheno: -7.7461
-------------------------------
Output1 for generation 11100:

Oceanic mean pheno: 9.49796
Freshwater mean pheno: -7.87163
-------------------------------
Output1 for generation 11200:

Oceanic mean pheno: 9.49513
Freshwater mean pheno: -7.85489
-------------------------------
Output1 for generation 11300:

Oceanic mean pheno: 9.50221
Freshwater mean pheno: -7.89267
-------------------------------
Output1 for generation 11400:

Oceanic mean pheno: 9.50407
Freshwater mean pheno: -7.88697
-------------------------------
Output1 for generation 11500:

Oceanic mean pheno: 9.50381
Freshwater mean pheno: -7.91597
-------------------------------
Output1 for generation 11600:

Oceanic mean pheno: 9.4994
Freshwater mean pheno: -7.84846
-------------------------------
Output1 for generation 11700:

Oceanic mean pheno: 9.50867
Freshwater mean pheno: -7.77263
-------------------------------
Output1 for generation 11800:

Oceanic mean pheno: 9.49911
Freshwater mean pheno: -7.86895
-------------------------------
Output1 for generation 11900:

Oceanic mean pheno: 9.49919
Freshwater mean pheno: -7.92612
-------------------------------
Output1 for generation 12000:

Oceanic mean pheno: 9.50405
Freshwater mean pheno: -7.95801
-------------------------------
Output1 for generation 12100:

Oceanic mean pheno: 9.52557
Freshwater mean pheno: -7.8631
-------------------------------
Output1 for generation 12200:

Oceanic mean pheno: 9.50006
Freshwater mean pheno: -7.94529
-------------------------------
Output1 for generation 12300:

Oceanic mean pheno: 9.44266
Freshwater mean pheno: -7.93443
-------------------------------
Output1 for generation 12400:

Oceanic mean pheno: 9.47943
Freshwater mean pheno: -7.9778
-------------------------------
Output1 for generation 12500:

Oceanic mean pheno: 9.50891
Freshwater mean pheno: -7.92433
-------------------------------
Output1 for generation 12600:

Oceanic mean pheno: 9.49962
Freshwater mean pheno: -7.98152
-------------------------------
Output1 for generation 12700:

Oceanic mean pheno: 9.47852
Freshwater mean pheno: -7.98089
-------------------------------
Output1 for generation 12800:

Oceanic mean pheno: 9.50104
Freshwater mean pheno: -8.00317
-------------------------------
Output1 for generation 12900:

Oceanic mean pheno: 9.50476
Freshwater mean pheno: -8.02889
-------------------------------
Output1 for generation 13000:

Oceanic mean pheno: 9.50969
Freshwater mean pheno: -7.99321
-------------------------------
Output1 for generation 13100:

Oceanic mean pheno: 9.55734
Freshwater mean pheno: -7.93924
-------------------------------
Output1 for generation 13200:

Oceanic mean pheno: 9.52533
Freshwater mean pheno: -7.96474
-------------------------------
Output1 for generation 13300:

Oceanic mean pheno: 9.52772
Freshwater mean pheno: -7.94402
-------------------------------
Output1 for generation 13400:

Oceanic mean pheno: 9.50833
Freshwater mean pheno: -7.92009
-------------------------------
Output1 for generation 13500:

Oceanic mean pheno: 9.56305
Freshwater mean pheno: -7.95192
-------------------------------
Output1 for generation 13600:

Oceanic mean pheno: 9.61742
Freshwater mean pheno: -7.94177
-------------------------------
Output1 for generation 13700:

Oceanic mean pheno: 9.55839
Freshwater mean pheno: -7.92415
-------------------------------
Output1 for generation 13800:

Oceanic mean pheno: 9.50185
Freshwater mean pheno: -8.01765
-------------------------------
Output1 for generation 13900:

Oceanic mean pheno: 9.54391
Freshwater mean pheno: -7.95612
-------------------------------
Output1 for generation 14000:

Oceanic mean pheno: 9.48195
Freshwater mean pheno: -8.02273
-------------------------------
Output1 for generation 14100:

Oceanic mean pheno: 9.4789
Freshwater mean pheno: -7.96836
-------------------------------
Output1 for generation 14200:

Oceanic mean pheno: 9.49577
Freshwater mean pheno: -8.01929
-------------------------------
Output1 for generation 14300:

Oceanic mean pheno: 9.50357
Freshwater mean pheno: -7.97081
-------------------------------
Output1 for generation 14400:

Oceanic mean pheno: 9.49255
Freshwater mean pheno: -7.95798
-------------------------------
Output1 for generation 14500:

Oceanic mean pheno: 9.50133
Freshwater mean pheno: -7.90495
-------------------------------
Output1 for generation 14600:

Oceanic mean pheno: 9.50097
Freshwater mean pheno: -7.93008
-------------------------------
Output1 for generation 14700:

Oceanic mean pheno: 9.50372
Freshwater mean pheno: -7.98325
-------------------------------
Output1 for generation 14800:

Oceanic mean pheno: 9.50291
Freshwater mean pheno: -8.0515
-------------------------------
Output1 for generation 14900:

Oceanic mean pheno: 9.50341
Freshwater mean pheno: -7.9623
-------------------------------
Output1 for generation 15000:

Oceanic mean pheno: 9.50931
Freshwater mean pheno: -8.10543
-------------------------------
Output1 for generation 15100:

Oceanic mean pheno: 9.50903
Freshwater mean pheno: -7.9792
-------------------------------
Output1 for generation 15200:

Oceanic mean pheno: 9.50079
Freshwater mean pheno: -8.01921
-------------------------------
Output1 for generation 15300:

Oceanic mean pheno: 9.50129
Freshwater mean pheno: -7.96662
-------------------------------
Output1 for generation 15400:

Oceanic mean pheno: 9.50217
Freshwater mean pheno: -7.89217
-------------------------------
Output1 for generation 15500:

Oceanic mean pheno: 9.5009
Freshwater mean pheno: -7.93775
-------------------------------
Output1 for generation 15600:

Oceanic mean pheno: 9.50097
Freshwater mean pheno: -7.93498
-------------------------------
Output1 for generation 15700:

Oceanic mean pheno: 9.50174
Freshwater mean pheno: -7.90991
-------------------------------
Output1 for generation 15800:

Oceanic mean pheno: 9.50401
Freshwater mean pheno: -7.97045
-------------------------------
Output1 for generation 15900:

Oceanic mean pheno: 9.52067
Freshwater mean pheno: -7.94179
-------------------------------
Output1 for generation 16000:

Oceanic mean pheno: 9.50191
Freshwater mean pheno: -7.94904
-------------------------------
Output1 for generation 16100:

Oceanic mean pheno: 9.50042
Freshwater mean pheno: -7.95364
-------------------------------
Output1 for generation 16200:

Oceanic mean pheno: 9.50369
Freshwater mean pheno: -7.96234
-------------------------------
Output1 for generation 16300:

Oceanic mean pheno: 9.50648
Freshwater mean pheno: -7.90402
-------------------------------
Output1 for generation 16400:

Oceanic mean pheno: 9.51436
Freshwater mean pheno: -7.94853
-------------------------------
Output1 for generation 16500:

Oceanic mean pheno: 9.50147
Freshwater mean pheno: -7.95108
-------------------------------
Output1 for generation 16600:

Oceanic mean pheno: 9.50675
Freshwater mean pheno: -7.99737
-------------------------------
Output1 for generation 16700:

Oceanic mean pheno: 9.54844
Freshwater mean pheno: -7.9405
-------------------------------
Output1 for generation 16800:

Oceanic mean pheno: 9.55011
Freshwater mean pheno: -7.9564
-------------------------------
Output1 for generation 16900:

Oceanic mean pheno: 9.53668
Freshwater mean pheno: -7.89368
-------------------------------
Output1 for generation 17000:

Oceanic mean pheno: 9.55086
Freshwater mean pheno: -8.06087
-------------------------------
Output1 for generation 17100:

Oceanic mean pheno: 9.50531
Freshwater mean pheno: -8.16279
-------------------------------
Output1 for generation 17200:

Oceanic mean pheno: 9.51317
Freshwater mean pheno: -8.19259
-------------------------------
Output1 for generation 17300:

Oceanic mean pheno: 9.50908
Freshwater mean pheno: -8.221
-------------------------------
Output1 for generation 17400:

Oceanic mean pheno: 9.51947
Freshwater mean pheno: -8.2094
-------------------------------
Output1 for generation 17500:

Oceanic mean pheno: 9.60497
Freshwater mean pheno: -8.22426
-------------------------------
Output1 for generation 17600:

Oceanic mean pheno: 9.62869
Freshwater mean pheno: -8.37378
-------------------------------
Output1 for generation 17700:

Oceanic mean pheno: 9.59986
Freshwater mean pheno: -8.36308
-------------------------------
Output1 for generation 17800:

Oceanic mean pheno: 9.61083
Freshwater mean pheno: -8.39693
-------------------------------
Output1 for generation 17900:

Oceanic mean pheno: 9.75954
Freshwater mean pheno: -8.39725
-------------------------------
Output1 for generation 18000:

Oceanic mean pheno: 9.69867
Freshwater mean pheno: -8.406
-------------------------------
Output1 for generation 18100:

Oceanic mean pheno: 9.84206
Freshwater mean pheno: -8.38459
-------------------------------
Output1 for generation 18200:

Oceanic mean pheno: 9.94297
Freshwater mean pheno: -8.41502
-------------------------------
Output1 for generation 18300:

Oceanic mean pheno: 10.0541
Freshwater mean pheno: -8.45353
-------------------------------
Output1 for generation 18400:

Oceanic mean pheno: 9.94005
Freshwater mean pheno: -8.45737
-------------------------------
Output1 for generation 18500:

Oceanic mean pheno: 9.81668
Freshwater mean pheno: -8.50767
-------------------------------
Output1 for generation 18600:

Oceanic mean pheno: 9.8268
Freshwater mean pheno: -8.55677
-------------------------------
Output1 for generation 18700:

Oceanic mean pheno: 9.78879
Freshwater mean pheno: -8.51218
-------------------------------
Output1 for generation 18800:

Oceanic mean pheno: 9.70491
Freshwater mean pheno: -8.4957
-------------------------------
Output1 for generation 18900:

Oceanic mean pheno: 9.68879
Freshwater mean pheno: -8.57889
-------------------------------
Output1 for generation 19000:

Oceanic mean pheno: 9.68064
Freshwater mean pheno: -8.60531
-------------------------------
Output1 for generation 19100:

Oceanic mean pheno: 9.76997
Freshwater mean pheno: -8.5919
-------------------------------
Output1 for generation 19200:

Oceanic mean pheno: 9.6931
Freshwater mean pheno: -8.59127
-------------------------------
Output1 for generation 19300:

Oceanic mean pheno: 9.6604
Freshwater mean pheno: -8.60884
-------------------------------
Output1 for generation 19400:

Oceanic mean pheno: 9.52995
Freshwater mean pheno: -8.60818
-------------------------------
Output1 for generation 19500:

Oceanic mean pheno: 9.5193
Freshwater mean pheno: -8.68208
-------------------------------
Output1 for generation 19600:

Oceanic mean pheno: 9.53588
Freshwater mean pheno: -8.68332
-------------------------------
Output1 for generation 19700:

Oceanic mean pheno: 9.59669
Freshwater mean pheno: -8.6669
-------------------------------
Output1 for generation 19800:

Oceanic mean pheno: 9.63888
Freshwater mean pheno: -8.69115
-------------------------------
Output1 for generation 19900:

Oceanic mean pheno: 9.51277
Freshwater mean pheno: -8.6542
-------------------------------
Output1 for generation 20000:

Oceanic mean pheno: 9.58688
Freshwater mean pheno: -8.65843
new Freshwater mean pheno: 9.58299
-------------------------------
Output1 for generation 20100:

Oceanic mean pheno: 9.54341
Freshwater mean pheno: -8.68995
new Freshwater mean pheno: 9.53003
-------------------------------
Output1 for generation 20200:

Oceanic mean pheno: 9.59197
Freshwater mean pheno: -8.70775
new Freshwater mean pheno: 9.50888
-------------------------------
Output1 for generation 20300:

Oceanic mean pheno: 9.59632
Freshwater mean pheno: -8.66915
new Freshwater mean pheno: 9.49867
-------------------------------
Output1 for generation 20400:

Oceanic mean pheno: 9.62357
Freshwater mean pheno: -8.68849
new Freshwater mean pheno: 9.49628
-------------------------------
Output1 for generation 20500:

Oceanic mean pheno: 9.63936
Freshwater mean pheno: -8.74441
new Freshwater mean pheno: 9.47202
-------------------------------
Output1 for generation 20600:

Oceanic mean pheno: 9.79222
Freshwater mean pheno: -8.65285
new Freshwater mean pheno: 8.87737
-------------------------------
Output1 for generation 20700:

Oceanic mean pheno: 9.83701
Freshwater mean pheno: -8.73599
new Freshwater mean pheno: 8.75633
-------------------------------
Output1 for generation 20800:

Oceanic mean pheno: 9.80254
Freshwater mean pheno: -8.7934
new Freshwater mean pheno: 8.44332
-------------------------------
Output1 for generation 20900:

Oceanic mean pheno: 9.80413
Freshwater mean pheno: -8.71873
new Freshwater mean pheno: 8.34205
-------------------------------
Output1 for generation 21000:

Oceanic mean pheno: 9.76711
Freshwater mean pheno: -8.72391
new Freshwater mean pheno: 8.25291
-------------------------------
Output1 for generation 21100:

Oceanic mean pheno: 9.65781
Freshwater mean pheno: -8.60075
new Freshwater mean pheno: 8.13236
-------------------------------
Output1 for generation 21200:

Oceanic mean pheno: 9.73587
Freshwater mean pheno: -8.73619
new Freshwater mean pheno: 7.70414
-------------------------------
Output1 for generation 21300:

Oceanic mean pheno: 9.78136
Freshwater mean pheno: -8.8453
new Freshwater mean pheno: 7.74786
-------------------------------
Output1 for generation 21400:

Oceanic mean pheno: 9.74927
Freshwater mean pheno: -8.79806
new Freshwater mean pheno: 7.51065
-------------------------------
Output1 for generation 21500:

Oceanic mean pheno: 9.7408
Freshwater mean pheno: -8.90673
new Freshwater mean pheno: 7.51439
-------------------------------
Output1 for generation 21600:

Oceanic mean pheno: 9.89605
Freshwater mean pheno: -8.90451
new Freshwater mean pheno: 7.33813
-------------------------------
Output1 for generation 21700:

Oceanic mean pheno: 9.91518
Freshwater mean pheno: -8.87852
new Freshwater mean pheno: 7.2939
-------------------------------
Output1 for generation 21800:

Oceanic mean pheno: 9.80176
Freshwater mean pheno: -8.76491
new Freshwater mean pheno: 7.27349
-------------------------------
Output1 for generation 21900:

Oceanic mean pheno: 9.6977
Freshwater mean pheno: -8.68689
new Freshwater mean pheno: 7.30131
-------------------------------
Output1 for generation 22000:

Oceanic mean pheno: 9.64902
Freshwater mean pheno: -8.69357
new Freshwater mean pheno: 7.26431
-------------------------------
Output1 for generation 22100:

Oceanic mean pheno: 9.64604
Freshwater mean pheno: -8.72799
new Freshwater mean pheno: 6.4188
-------------------------------
Output1 for generation 22200:

Oceanic mean pheno: 9.5626
Freshwater mean pheno: -8.71007
new Freshwater mean pheno: 6.07953
-------------------------------
Output1 for generation 22300:

Oceanic mean pheno: 9.57594
Freshwater mean pheno: -8.72261
new Freshwater mean pheno: 6.07276
-------------------------------
Output1 for generation 22400:

Oceanic mean pheno: 9.63502
Freshwater mean pheno: -8.70681
new Freshwater mean pheno: 5.91159
-------------------------------
Output1 for generation 22500:

Oceanic mean pheno: 9.625
Freshwater mean pheno: -8.70748
new Freshwater mean pheno: 6.00327
-------------------------------
Output1 for generation 22600:

Oceanic mean pheno: 9.6525
Freshwater mean pheno: -8.72971
new Freshwater mean pheno: 5.50937
-------------------------------
Output1 for generation 22700:

Oceanic mean pheno: 9.54589
Freshwater mean pheno: -8.72433
new Freshwater mean pheno: 5.49424
-------------------------------
Output1 for generation 22800:

Oceanic mean pheno: 9.51647
Freshwater mean pheno: -8.70329
new Freshwater mean pheno: 5.05893
-------------------------------
Output1 for generation 22900:

Oceanic mean pheno: 9.59457
Freshwater mean pheno: -8.73655
new Freshwater mean pheno: 4.94839
-------------------------------
Output1 for generation 23000:

Oceanic mean pheno: 9.52749
Freshwater mean pheno: -8.69306
new Freshwater mean pheno: 4.89379
-------------------------------
Output1 for generation 23100:

Oceanic mean pheno: 9.57624
Freshwater mean pheno: -8.665
new Freshwater mean pheno: 4.82501
-------------------------------
Output1 for generation 23200:

Oceanic mean pheno: 9.67472
Freshwater mean pheno: -8.66607
new Freshwater mean pheno: 4.77589
-------------------------------
Output1 for generation 23300:

Oceanic mean pheno: 9.72127
Freshwater mean pheno: -8.70073
new Freshwater mean pheno: 4.72272
-------------------------------
Output1 for generation 23400:

Oceanic mean pheno: 9.81534
Freshwater mean pheno: -8.70896
new Freshwater mean pheno: 4.72498
-------------------------------
Output1 for generation 23500:

Oceanic mean pheno: 9.89249
Freshwater mean pheno: -8.69144
new Freshwater mean pheno: 4.60604
-------------------------------
Output1 for generation 23600:

Oceanic mean pheno: 9.98659
Freshwater mean pheno: -8.70542
new Freshwater mean pheno: 4.62769
-------------------------------
Output1 for generation 23700:

Oceanic mean pheno: 9.98969
Freshwater mean pheno: -8.66397
new Freshwater mean pheno: 4.70105
-------------------------------
Output1 for generation 23800:

Oceanic mean pheno: 9.91444
Freshwater mean pheno: -8.71348
new Freshwater mean pheno: 4.50306
-------------------------------
Output1 for generation 23900:

Oceanic mean pheno: 9.79545
Freshwater mean pheno: -8.67506
new Freshwater mean pheno: 4.59496
-------------------------------
Output1 for generation 24000:

Oceanic mean pheno: 9.69018
Freshwater mean pheno: -8.69093
new Freshwater mean pheno: 4.50072
-------------------------------
Output1 for generation 24100:

Oceanic mean pheno: 9.80574
Freshwater mean pheno: -8.726
new Freshwater mean pheno: 4.4579
-------------------------------
Output1 for generation 24200:

Oceanic mean pheno: 9.79677
Freshwater mean pheno: -8.72207
new Freshwater mean pheno: 4.26108
-------------------------------
Output1 for generation 24300:

Oceanic mean pheno: 9.8269
Freshwater mean pheno: -8.85976
new Freshwater mean pheno: 4.37076
-------------------------------
Output1 for generation 24400:

Oceanic mean pheno: 9.93501
Freshwater mean pheno: -8.74911
new Freshwater mean pheno: 4.3083
-------------------------------
Output1 for generation 24500:

Oceanic mean pheno: 9.81232
Freshwater mean pheno: -8.75
new Freshwater mean pheno: 3.84233
-------------------------------
Output1 for generation 24600:

Oceanic mean pheno: 9.75517
Freshwater mean pheno: -8.78421
new Freshwater mean pheno: 3.77751
-------------------------------
Output1 for generation 24700:

Oceanic mean pheno: 9.72034
Freshwater mean pheno: -8.77912
new Freshwater mean pheno: 3.7624
-------------------------------
Output1 for generation 24800:

Oceanic mean pheno: 9.60813
Freshwater mean pheno: -8.69507
new Freshwater mean pheno: 3.78181
-------------------------------
Output1 for generation 24900:

Oceanic mean pheno: 9.75675
Freshwater mean pheno: -8.69842
new Freshwater mean pheno: 3.54973
-------------------------------
Output1 for generation 25000:

Oceanic mean pheno: 9.81047
Freshwater mean pheno: -8.65326
new Freshwater mean pheno: 3.51909
-------------------------------
Output1 for generation 25100:

Oceanic mean pheno: 9.64781
Freshwater mean pheno: -8.67846
new Freshwater mean pheno: 3.59552
-------------------------------
Output1 for generation 25200:

Oceanic mean pheno: 9.67718
Freshwater mean pheno: -8.67969
new Freshwater mean pheno: 3.5886
-------------------------------
Output1 for generation 25300:

Oceanic mean pheno: 9.66846
Freshwater mean pheno: -8.67842
new Freshwater mean pheno: 3.24151
-------------------------------
Output1 for generation 25400:

Oceanic mean pheno: 9.63385
Freshwater mean pheno: -8.65733
new Freshwater mean pheno: 2.77303
-------------------------------
Output1 for generation 25500:

Oceanic mean pheno: 9.57493
Freshwater mean pheno: -8.68817
new Freshwater mean pheno: 2.30184
-------------------------------
Output1 for generation 25600:

Oceanic mean pheno: 9.6378
Freshwater mean pheno: -8.67753
new Freshwater mean pheno: 1.73589
-------------------------------
Output1 for generation 25700:

Oceanic mean pheno: 9.64474
Freshwater mean pheno: -8.61642
new Freshwater mean pheno: 1.44715
-------------------------------
Output1 for generation 25800:

Oceanic mean pheno: 9.6183
Freshwater mean pheno: -8.66182
new Freshwater mean pheno: 1.54315
-------------------------------
Output1 for generation 25900:

Oceanic mean pheno: 9.54459
Freshwater mean pheno: -8.68694
new Freshwater mean pheno: 1.54219
-------------------------------
Output1 for generation 26000:

Oceanic mean pheno: 9.52985
Freshwater mean pheno: -8.6761
new Freshwater mean pheno: 1.32241
-------------------------------
Output1 for generation 26100:

Oceanic mean pheno: 9.53783
Freshwater mean pheno: -8.65439
new Freshwater mean pheno: 1.48248
-------------------------------
Output1 for generation 26200:

Oceanic mean pheno: 9.54817
Freshwater mean pheno: -8.68096
new Freshwater mean pheno: 1.40845
-------------------------------
Output1 for generation 26300:

Oceanic mean pheno: 9.57743
Freshwater mean pheno: -8.65246
new Freshwater mean pheno: 1.557
-------------------------------
Output1 for generation 26400:

Oceanic mean pheno: 9.61988
Freshwater mean pheno: -8.61705
new Freshwater mean pheno: 1.38196
-------------------------------
Output1 for generation 26500:

Oceanic mean pheno: 9.71884
Freshwater mean pheno: -8.67309
new Freshwater mean pheno: 1.44835
-------------------------------
Output1 for generation 26600:

Oceanic mean pheno: 9.60127
Freshwater mean pheno: -8.64825
new Freshwater mean pheno: 1.28657
-------------------------------
Output1 for generation 26700:

Oceanic mean pheno: 9.80076
Freshwater mean pheno: -8.66393
new Freshwater mean pheno: 1.29629
-------------------------------
Output1 for generation 26800:

Oceanic mean pheno: 9.87664
Freshwater mean pheno: -8.67835
new Freshwater mean pheno: 1.31387
-------------------------------
Output1 for generation 26900:

Oceanic mean pheno: 9.86912
Freshwater mean pheno: -8.66863
new Freshwater mean pheno: 1.3185
-------------------------------
Output1 for generation 27000:

Oceanic mean pheno: 10.0159
Freshwater mean pheno: -8.66601
new Freshwater mean pheno: 1.23739
-------------------------------
Output1 for generation 27100:

Oceanic mean pheno: 9.9508
Freshwater mean pheno: -8.66692
new Freshwater mean pheno: 1.28007
-------------------------------
Output1 for generation 27200:

Oceanic mean pheno: 9.87516
Freshwater mean pheno: -8.70706
new Freshwater mean pheno: 1.34923
-------------------------------
Output1 for generation 27300:

Oceanic mean pheno: 9.97299
Freshwater mean pheno: -8.67331
new Freshwater mean pheno: 0.984691
-------------------------------
Output1 for generation 27400:

Oceanic mean pheno: 10.0317
Freshwater mean pheno: -8.60779
new Freshwater mean pheno: 0.776632
-------------------------------
Output1 for generation 27500:

Oceanic mean pheno: 10.1253
Freshwater mean pheno: -8.6207
new Freshwater mean pheno: 0.399944
-------------------------------
Output1 for generation 27600:

Oceanic mean pheno: 10.0506
Freshwater mean pheno: -8.69775
new Freshwater mean pheno: 0.329113
-------------------------------
Output1 for generation 27700:

Oceanic mean pheno: 10.1958
Freshwater mean pheno: -8.67014
new Freshwater mean pheno: 0.296989
-------------------------------
Output1 for generation 27800:

Oceanic mean pheno: 10.2753
Freshwater mean pheno: -8.69227
new Freshwater mean pheno: 0.332496
-------------------------------
Output1 for generation 27900:

Oceanic mean pheno: 10.2871
Freshwater mean pheno: -8.62252
new Freshwater mean pheno: 0.457727
-------------------------------
Output1 for generation 28000:

Oceanic mean pheno: 10.3414
Freshwater mean pheno: -8.66736
new Freshwater mean pheno: 0.244636
-------------------------------
Output1 for generation 28100:

Oceanic mean pheno: 10.4997
Freshwater mean pheno: -8.65685
new Freshwater mean pheno: 0.234749
-------------------------------
Output1 for generation 28200:

Oceanic mean pheno: 10.5589
Freshwater mean pheno: -8.64585
new Freshwater mean pheno: 0.0136425
-------------------------------
Output1 for generation 28300:

Oceanic mean pheno: 10.5183
Freshwater mean pheno: -8.67238
new Freshwater mean pheno: -0.180156
-------------------------------
Output1 for generation 28400:

Oceanic mean pheno: 10.5497
Freshwater mean pheno: -8.69054
new Freshwater mean pheno: -0.168426
-------------------------------
Output1 for generation 28500:

Oceanic mean pheno: 10.5715
Freshwater mean pheno: -8.67603
new Freshwater mean pheno: -0.16879
-------------------------------
Output1 for generation 28600:

Oceanic mean pheno: 10.4673
Freshwater mean pheno: -8.66269
new Freshwater mean pheno: -0.719089
-------------------------------
Output1 for generation 28700:

Oceanic mean pheno: 10.5358
Freshwater mean pheno: -8.60873
new Freshwater mean pheno: -0.984054
-------------------------------
Output1 for generation 28800:

Oceanic mean pheno: 10.5215
Freshwater mean pheno: -8.70517
new Freshwater mean pheno: -0.778504
-------------------------------
Output1 for generation 28900:

Oceanic mean pheno: 10.2967
Freshwater mean pheno: -8.88637
new Freshwater mean pheno: -0.69993
-------------------------------
Output1 for generation 29000:

Oceanic mean pheno: 10.2041
Freshwater mean pheno: -8.91243
new Freshwater mean pheno: -0.731972
-------------------------------
Output1 for generation 29100:

Oceanic mean pheno: 10.0909
Freshwater mean pheno: -9.03413
new Freshwater mean pheno: -0.878896
-------------------------------
Output1 for generation 29200:

Oceanic mean pheno: 10.3341
Freshwater mean pheno: -8.87225
new Freshwater mean pheno: -0.937711
-------------------------------
Output1 for generation 29300:

Oceanic mean pheno: 10.4407
Freshwater mean pheno: -8.99058
new Freshwater mean pheno: -0.803631
-------------------------------
Output1 for generation 29400:

Oceanic mean pheno: 10.5064
Freshwater mean pheno: -8.95629
new Freshwater mean pheno: -0.954919
-------------------------------
Output1 for generation 29500:

Oceanic mean pheno: 10.4921
Freshwater mean pheno: -8.89782
new Freshwater mean pheno: -1.06842
-------------------------------
Output1 for generation 29600:

Oceanic mean pheno: 10.4766
Freshwater mean pheno: -8.94719
new Freshwater mean pheno: -1.02871
-------------------------------
Output1 for generation 29700:

Oceanic mean pheno: 10.5623
Freshwater mean pheno: -8.97928
new Freshwater mean pheno: -1.30122
-------------------------------
Output1 for generation 29800:

Oceanic mean pheno: 10.6251
Freshwater mean pheno: -9.10865
new Freshwater mean pheno: -1.12544
-------------------------------
Output1 for generation 29900:

Oceanic mean pheno: 10.5588
Freshwater mean pheno: -8.88636
new Freshwater mean pheno: -1.30293
-------------------------------
Output1 for generation 30000:

Oceanic mean pheno: 10.5777
Freshwater mean pheno: -8.87684
new Freshwater mean pheno: -1.24679
-------------------------------
Output1 for generation 30100:

Oceanic mean pheno: 10.5587
Freshwater mean pheno: -8.95712
new Freshwater mean pheno: -1.26244
-------------------------------
Output1 for generation 30200:

Oceanic mean pheno: 10.6571
Freshwater mean pheno: -9.05523
new Freshwater mean pheno: -1.52719
-------------------------------
Output1 for generation 30300:

Oceanic mean pheno: 10.6903
Freshwater mean pheno: -8.90141
new Freshwater mean pheno: -1.58454
-------------------------------
Output1 for generation 30400:

Oceanic mean pheno: 10.6855
Freshwater mean pheno: -8.95253
new Freshwater mean pheno: -1.47331
-------------------------------
Output1 for generation 30500:

Oceanic mean pheno: 10.6109
Freshwater mean pheno: -8.91384
new Freshwater mean pheno: -1.52846
-------------------------------
Output1 for generation 30600:

Oceanic mean pheno: 10.6727
Freshwater mean pheno: -9.18744
new Freshwater mean pheno: -1.52246
-------------------------------
Output1 for generation 30700:

Oceanic mean pheno: 10.6028
Freshwater mean pheno: -9.22476
new Freshwater mean pheno: -1.70892
-------------------------------
Output1 for generation 30800:

Oceanic mean pheno: 10.6609
Freshwater mean pheno: -9.02838
new Freshwater mean pheno: -1.76396
-------------------------------
Output1 for generation 30900:

Oceanic mean pheno: 10.7133
Freshwater mean pheno: -8.9068
new Freshwater mean pheno: -1.87134
-------------------------------
Output1 for generation 31000:

Oceanic mean pheno: 10.5664
Freshwater mean pheno: -8.84534
new Freshwater mean pheno: -1.93783
-------------------------------
Output1 for generation 31100:

Oceanic mean pheno: 10.4286
Freshwater mean pheno: -8.97855
new Freshwater mean pheno: -2.13213
-------------------------------
Output1 for generation 31200:

Oceanic mean pheno: 10.3682
Freshwater mean pheno: -8.87599
new Freshwater mean pheno: -2.22614
-------------------------------
Output1 for generation 31300:

Oceanic mean pheno: 10.3895
Freshwater mean pheno: -8.89017
new Freshwater mean pheno: -2.29437
-------------------------------
Output1 for generation 31400:

Oceanic mean pheno: 10.4365
Freshwater mean pheno: -9.01084
new Freshwater mean pheno: -2.39721
-------------------------------
Output1 for generation 31500:

Oceanic mean pheno: 10.2229
Freshwater mean pheno: -8.83741
new Freshwater mean pheno: -2.54092
-------------------------------
Output1 for generation 31600:

Oceanic mean pheno: 10.3106
Freshwater mean pheno: -9.01851
new Freshwater mean pheno: -2.60602
-------------------------------
Output1 for generation 31700:

Oceanic mean pheno: 10.3237
Freshwater mean pheno: -9.12409
new Freshwater mean pheno: -2.46406
-------------------------------
Output1 for generation 31800:

Oceanic mean pheno: 10.2278
Freshwater mean pheno: -9.09452
new Freshwater mean pheno: -2.34512
-------------------------------
Output1 for generation 31900:

Oceanic mean pheno: 10.1736
Freshwater mean pheno: -9.13752
new Freshwater mean pheno: -2.41816
-------------------------------
Output1 for generation 32000:

Oceanic mean pheno: 10.2687
Freshwater mean pheno: -9.15325
new Freshwater mean pheno: -2.53578
-------------------------------
Output1 for generation 32100:

Oceanic mean pheno: 10.3621
Freshwater mean pheno: -9.01376
new Freshwater mean pheno: -2.58281
-------------------------------
Output1 for generation 32200:

Oceanic mean pheno: 10.4095
Freshwater mean pheno: -8.87083
new Freshwater mean pheno: -2.48454
-------------------------------
Output1 for generation 32300:

Oceanic mean pheno: 10.2
Freshwater mean pheno: -8.89317
new Freshwater mean pheno: -2.62678
-------------------------------
Output1 for generation 32400:

Oceanic mean pheno: 10.0395
Freshwater mean pheno: -8.93639
new Freshwater mean pheno: -2.97012
-------------------------------
Output1 for generation 32500:

Oceanic mean pheno: 9.99817
Freshwater mean pheno: -9.03433
new Freshwater mean pheno: -2.88736
-------------------------------
Output1 for generation 32600:

Oceanic mean pheno: 10.0004
Freshwater mean pheno: -8.87809
new Freshwater mean pheno: -2.84205
-------------------------------
Output1 for generation 32700:

Oceanic mean pheno: 10.1067
Freshwater mean pheno: -8.91463
new Freshwater mean pheno: -3.14458
-------------------------------
Output1 for generation 32800:

Oceanic mean pheno: 10.0804
Freshwater mean pheno: -8.85913
new Freshwater mean pheno: -2.92919
-------------------------------
Output1 for generation 32900:

Oceanic mean pheno: 10.0608
Freshwater mean pheno: -9.19644
new Freshwater mean pheno: -2.97928
-------------------------------
Output1 for generation 33000:

Oceanic mean pheno: 10.1416
Freshwater mean pheno: -8.96323
new Freshwater mean pheno: -3.18886
-------------------------------
Output1 for generation 33100:

Oceanic mean pheno: 10.1037
Freshwater mean pheno: -8.84398
new Freshwater mean pheno: -3.20224
-------------------------------
Output1 for generation 33200:

Oceanic mean pheno: 10.2278
Freshwater mean pheno: -8.94923
new Freshwater mean pheno: -3.29115
-------------------------------
Output1 for generation 33300:

Oceanic mean pheno: 10.0552
Freshwater mean pheno: -8.97226
new Freshwater mean pheno: -3.2699
-------------------------------
Output1 for generation 33400:

Oceanic mean pheno: 10.042
Freshwater mean pheno: -8.78918
new Freshwater mean pheno: -3.23096
-------------------------------
Output1 for generation 33500:

Oceanic mean pheno: 10.1038
Freshwater mean pheno: -8.90656
new Freshwater mean pheno: -3.39889
-------------------------------
Output1 for generation 33600:

Oceanic mean pheno: 10.0756
Freshwater mean pheno: -8.76275
new Freshwater mean pheno: -3.32127
-------------------------------
Output1 for generation 33700:

Oceanic mean pheno: 10.1388
Freshwater mean pheno: -8.8482
new Freshwater mean pheno: -3.29535
-------------------------------
Output1 for generation 33800:

Oceanic mean pheno: 10.2113
Freshwater mean pheno: -8.94139
new Freshwater mean pheno: -3.33869
-------------------------------
Output1 for generation 33900:

Oceanic mean pheno: 10.133
Freshwater mean pheno: -8.85923
new Freshwater mean pheno: -3.44299
-------------------------------
Output1 for generation 34000:

Oceanic mean pheno: 10.2323
Freshwater mean pheno: -8.68926
new Freshwater mean pheno: -3.6615
-------------------------------
Output1 for generation 34100:

Oceanic mean pheno: 10.237
Freshwater mean pheno: -8.99607
new Freshwater mean pheno: -3.77074
-------------------------------
Output1 for generation 34200:

Oceanic mean pheno: 10.1659
Freshwater mean pheno: -8.92344
new Freshwater mean pheno: -3.68211
-------------------------------
Output1 for generation 34300:

Oceanic mean pheno: 10.11
Freshwater mean pheno: -8.81879
new Freshwater mean pheno: -3.51011
-------------------------------
Output1 for generation 34400:

Oceanic mean pheno: 10.1436
Freshwater mean pheno: -8.97661
new Freshwater mean pheno: -3.53445
-------------------------------
Output1 for generation 34500:

Oceanic mean pheno: 10.2218
Freshwater mean pheno: -8.89828
new Freshwater mean pheno: -3.59374
-------------------------------
Output1 for generation 34600:

Oceanic mean pheno: 10.1085
Freshwater mean pheno: -8.98164
new Freshwater mean pheno: -3.65743
-------------------------------
Output1 for generation 34700:

Oceanic mean pheno: 9.91271
Freshwater mean pheno: -8.79142
new Freshwater mean pheno: -3.72285
-------------------------------
Output1 for generation 34800:

Oceanic mean pheno: 10.0426
Freshwater mean pheno: -8.88326
new Freshwater mean pheno: -3.82935
-------------------------------
Output1 for generation 34900:

Oceanic mean pheno: 9.96539
Freshwater mean pheno: -8.90843
new Freshwater mean pheno: -3.87779
-------------------------------
Output1 for generation 35000:

Oceanic mean pheno: 10.0265
Freshwater mean pheno: -9.10735
new Freshwater mean pheno: -4.10681
-------------------------------
Output1 for generation 35100:

Oceanic mean pheno: 10.0635
Freshwater mean pheno: -9.11538
new Freshwater mean pheno: -4.41713
-------------------------------
Output1 for generation 35200:

Oceanic mean pheno: 10.0859
Freshwater mean pheno: -9.14307
new Freshwater mean pheno: -4.70771
-------------------------------
Output1 for generation 35300:

Oceanic mean pheno: 10.1217
Freshwater mean pheno: -9.06248
new Freshwater mean pheno: -4.72281
-------------------------------
Output1 for generation 35400:

Oceanic mean pheno: 10.1819
Freshwater mean pheno: -9.09682
new Freshwater mean pheno: -4.61842
-------------------------------
Output1 for generation 35500:

Oceanic mean pheno: 10.0982
Freshwater mean pheno: -9.14933
new Freshwater mean pheno: -4.61991
-------------------------------
Output1 for generation 35600:

Oceanic mean pheno: 10.2055
Freshwater mean pheno: -9.14588
new Freshwater mean pheno: -4.64032
-------------------------------
Output1 for generation 35700:

Oceanic mean pheno: 10.0581
Freshwater mean pheno: -9.05573
new Freshwater mean pheno: -4.69509
-------------------------------
Output1 for generation 35800:

Oceanic mean pheno: 10.0045
Freshwater mean pheno: -8.90185
new Freshwater mean pheno: -4.63041
-------------------------------
Output1 for generation 35900:

Oceanic mean pheno: 10.0499
Freshwater mean pheno: -9.28493
new Freshwater mean pheno: -4.75861
-------------------------------
Output1 for generation 36000:

Oceanic mean pheno: 10.1254
Freshwater mean pheno: -9.11544
new Freshwater mean pheno: -4.84369
-------------------------------
Output1 for generation 36100:

Oceanic mean pheno: 10.0077
Freshwater mean pheno: -9.25154
new Freshwater mean pheno: -4.81254
-------------------------------
Output1 for generation 36200:

Oceanic mean pheno: 9.98621
Freshwater mean pheno: -9.21977
new Freshwater mean pheno: -4.86444
-------------------------------
Output1 for generation 36300:

Oceanic mean pheno: 9.99853
Freshwater mean pheno: -9.11217
new Freshwater mean pheno: -4.88435
-------------------------------
Output1 for generation 36400:

Oceanic mean pheno: 10.0248
Freshwater mean pheno: -9.10964
new Freshwater mean pheno: -4.98365
-------------------------------
Output1 for generation 36500:

Oceanic mean pheno: 9.96737
Freshwater mean pheno: -9.22135
new Freshwater mean pheno: -4.88301
-------------------------------
Output1 for generation 36600:

Oceanic mean pheno: 10.009
Freshwater mean pheno: -9.1729
new Freshwater mean pheno: -5.0319
-------------------------------
Output1 for generation 36700:

Oceanic mean pheno: 10.075
Freshwater mean pheno: -9.33853
new Freshwater mean pheno: -4.95599
-------------------------------
Output1 for generation 36800:

Oceanic mean pheno: 10.1903
Freshwater mean pheno: -9.29862
new Freshwater mean pheno: -4.95397
-------------------------------
Output1 for generation 36900:

Oceanic mean pheno: 10.0888
Freshwater mean pheno: -9.10567
new Freshwater mean pheno: -4.97958
-------------------------------
Output1 for generation 37000:

Oceanic mean pheno: 10.1708
Freshwater mean pheno: -9.12139
new Freshwater mean pheno: -4.85861
-------------------------------
Output1 for generation 37100:

Oceanic mean pheno: 10.0955
Freshwater mean pheno: -9.16058
new Freshwater mean pheno: -4.98526
-------------------------------
Output1 for generation 37200:

Oceanic mean pheno: 9.97911
Freshwater mean pheno: -9.14391
new Freshwater mean pheno: -4.93868
-------------------------------
Output1 for generation 37300:

Oceanic mean pheno: 10.1042
Freshwater mean pheno: -9.21759
new Freshwater mean pheno: -4.94847
-------------------------------
Output1 for generation 37400:

Oceanic mean pheno: 10.2601
Freshwater mean pheno: -8.9781
new Freshwater mean pheno: -4.86466
-------------------------------
Output1 for generation 37500:

Oceanic mean pheno: 10.2898
Freshwater mean pheno: -8.87594
new Freshwater mean pheno: -5.00699
-------------------------------
Output1 for generation 37600:

Oceanic mean pheno: 10.2524
Freshwater mean pheno: -8.87776
new Freshwater mean pheno: -4.94976
-------------------------------
Output1 for generation 37700:

Oceanic mean pheno: 10.451
Freshwater mean pheno: -8.88786
new Freshwater mean pheno: -4.86366
-------------------------------
Output1 for generation 37800:

Oceanic mean pheno: 10.2987
Freshwater mean pheno: -8.94638
new Freshwater mean pheno: -4.86946
-------------------------------
Output1 for generation 37900:

Oceanic mean pheno: 10.4317
Freshwater mean pheno: -9.03785
new Freshwater mean pheno: -4.89452
-------------------------------
Output1 for generation 38000:

Oceanic mean pheno: 10.5494
Freshwater mean pheno: -9.22357
new Freshwater mean pheno: -5.3263
-------------------------------
Output1 for generation 38100:

Oceanic mean pheno: 10.5529
Freshwater mean pheno: -9.22969
new Freshwater mean pheno: -5.47106
-------------------------------
Output1 for generation 38200:

Oceanic mean pheno: 10.6491
Freshwater mean pheno: -9.20342
new Freshwater mean pheno: -5.46472
-------------------------------
Output1 for generation 38300:

Oceanic mean pheno: 10.6466
Freshwater mean pheno: -9.15933
new Freshwater mean pheno: -5.42432
-------------------------------
Output1 for generation 38400:

Oceanic mean pheno: 10.6575
Freshwater mean pheno: -9.19746
new Freshwater mean pheno: -5.42396
-------------------------------
Output1 for generation 38500:

Oceanic mean pheno: 10.6944
Freshwater mean pheno: -9.17828
new Freshwater mean pheno: -5.42059
-------------------------------
Output1 for generation 38600:

Oceanic mean pheno: 10.6562
Freshwater mean pheno: -9.22821
new Freshwater mean pheno: -5.50184
-------------------------------
Output1 for generation 38700:

Oceanic mean pheno: 10.6567
Freshwater mean pheno: -9.25151
new Freshwater mean pheno: -5.37606
-------------------------------
Output1 for generation 38800:

Oceanic mean pheno: 10.6567
Freshwater mean pheno: -9.19172
new Freshwater mean pheno: -5.47915
-------------------------------
Output1 for generation 38900:

Oceanic mean pheno: 10.6522
Freshwater mean pheno: -9.24739
new Freshwater mean pheno: -5.63186
-------------------------------
Output1 for generation 39000:

Oceanic mean pheno: 10.6476
Freshwater mean pheno: -9.21852
new Freshwater mean pheno: -5.4878
-------------------------------
Output1 for generation 39100:

Oceanic mean pheno: 10.6689
Freshwater mean pheno: -9.20825
new Freshwater mean pheno: -5.57547
-------------------------------
Output1 for generation 39200:

Oceanic mean pheno: 10.6328
Freshwater mean pheno: -9.19963
new Freshwater mean pheno: -5.55468
-------------------------------
Output1 for generation 39300:

Oceanic mean pheno: 10.6428
Freshwater mean pheno: -9.14624
new Freshwater mean pheno: -5.58568
-------------------------------
Output1 for generation 39400:

Oceanic mean pheno: 10.6367
Freshwater mean pheno: -9.18473
new Freshwater mean pheno: -5.56698
-------------------------------
Output1 for generation 39500:

Oceanic mean pheno: 10.6869
Freshwater mean pheno: -9.19677
new Freshwater mean pheno: -5.55473
-------------------------------
Output1 for generation 39600:

Oceanic mean pheno: 10.6162
Freshwater mean pheno: -9.11796
new Freshwater mean pheno: -5.54868
-------------------------------
Output1 for generation 39700:

Oceanic mean pheno: 10.6348
Freshwater mean pheno: -9.17805
new Freshwater mean pheno: -5.62832
-------------------------------
Output1 for generation 39800:

Oceanic mean pheno: 10.5726
Freshwater mean pheno: -9.21293
new Freshwater mean pheno: -5.5858
-------------------------------
Output1 for generation 39900:

Oceanic mean pheno: 10.5819
Freshwater mean pheno: -9.21161
new Freshwater mean pheno: -6.25291
-------------------------------
Output1 for generation 40000:

Oceanic mean pheno: 10.5586
Freshwater mean pheno: -9.18071
new Freshwater mean pheno: -6.19404
elapsed: 2:33:18 / kernel: 1.39 / user: 9202.53 / mem: 213804
Done!
