Task ID  - seed 030845
Parameters for SLiM run:
  -s 030845 MyRecipe5_0_8.E
// Initial random seed:
1509073414438

// RunInitializeCallbacks():
initializeSLiMOptions(dimensionality = 'x');
initializeMutationRate(1e-07);
initializeMutationType(1, 0.5, "g", 0.5, 1);
initializeMutationType(2, 0.5, "g", -0.5, 1);
initializeMutationType(3, 0.5, "f", 0);
initializeMutationType(4, 0.5, "f", 0);
initializeGenomicElementType(1, m3, 1);
initializeGenomicElementType(2, c(m1, m2, m3), c(1, 1, 1));
initializeGenomicElement(g1, 0, 4949);
initializeGenomicElement(g2, 4950, 5049);
initializeGenomicElement(g1, 5050, 9999);
initializeGenomicElement(g1, 10000, 14949);
initializeGenomicElement(g2, 14950, 15049);
initializeGenomicElement(g1, 15050, 19999);
initializeGenomicElement(g1, 20000, 24949);
initializeGenomicElement(g2, 24950, 25049);
initializeGenomicElement(g1, 25050, 29999);
initializeGenomicElement(g1, 30000, 34949);
initializeGenomicElement(g2, 34950, 35049);
initializeGenomicElement(g1, 35050, 39999);
initializeGenomicElement(g1, 40000, 44949);
initializeGenomicElement(g2, 44950, 45049);
initializeGenomicElement(g1, 45050, 49999);
initializeGenomicElement(g1, 50000, 54949);
initializeGenomicElement(g2, 54950, 55049);
initializeGenomicElement(g1, 55050, 59999);
initializeGenomicElement(g1, 60000, 64949);
initializeGenomicElement(g2, 64950, 65049);
initializeGenomicElement(g1, 65050, 69999);
initializeGenomicElement(g1, 70000, 74949);
initializeGenomicElement(g2, 74950, 75049);
initializeGenomicElement(g1, 75050, 79999);
initializeGenomicElement(g1, 80000, 84949);
initializeGenomicElement(g2, 84950, 85049);
initializeGenomicElement(g1, 85050, 89999);
initializeGenomicElement(g1, 90000, 94949);
initializeGenomicElement(g2, 94950, 95049);
initializeGenomicElement(g1, 95050, 99999);
end of chromosome position: 100000
initializeRecombinationRate(0.001);
initializeInteractionType(1, "x", reciprocal=T", maxDistance=0.02);
initializeInteractionType(2, "x", reciprocal=T", maxDistance=1);

// Starting run at generation <start>:
1 

-------------------------------
Output1 for generation 100:

Oceanic mean pheno: 0
Freshwater mean pheno: 0.000838107
-------------------------------
Output1 for generation 200:

Oceanic mean pheno: -0.00286757
Freshwater mean pheno: -0.493326
-------------------------------
Output1 for generation 300:

Oceanic mean pheno: 0.024808
Freshwater mean pheno: -0.905874
-------------------------------
Output1 for generation 400:

Oceanic mean pheno: 1.31397
Freshwater mean pheno: -1.34926
-------------------------------
Output1 for generation 500:

Oceanic mean pheno: 2.46259
Freshwater mean pheno: -1.21269
-------------------------------
Output1 for generation 600:

Oceanic mean pheno: 2.44257
Freshwater mean pheno: -1.45878
-------------------------------
Output1 for generation 700:

Oceanic mean pheno: 2.43194
Freshwater mean pheno: -1.60105
-------------------------------
Output1 for generation 800:

Oceanic mean pheno: 2.48763
Freshwater mean pheno: -1.57906
-------------------------------
Output1 for generation 900:

Oceanic mean pheno: 2.60766
Freshwater mean pheno: -1.64485
-------------------------------
Output1 for generation 1000:

Oceanic mean pheno: 2.73923
Freshwater mean pheno: -1.61052
-------------------------------
Output1 for generation 1100:

Oceanic mean pheno: 3.07011
Freshwater mean pheno: -1.7678
-------------------------------
Output1 for generation 1200:

Oceanic mean pheno: 3.39368
Freshwater mean pheno: -2.15712
-------------------------------
Output1 for generation 1300:

Oceanic mean pheno: 3.64706
Freshwater mean pheno: -2.19095
-------------------------------
Output1 for generation 1400:

Oceanic mean pheno: 3.77413
Freshwater mean pheno: -2.15677
-------------------------------
Output1 for generation 1500:

Oceanic mean pheno: 3.85731
Freshwater mean pheno: -2.28534
-------------------------------
Output1 for generation 1600:

Oceanic mean pheno: 3.91199
Freshwater mean pheno: -2.55864
-------------------------------
Output1 for generation 1700:

Oceanic mean pheno: 4.01214
Freshwater mean pheno: -2.55083
-------------------------------
Output1 for generation 1800:

Oceanic mean pheno: 4.13168
Freshwater mean pheno: -2.83158
-------------------------------
Output1 for generation 1900:

Oceanic mean pheno: 4.24187
Freshwater mean pheno: -3.11369
-------------------------------
Output1 for generation 2000:

Oceanic mean pheno: 4.47962
Freshwater mean pheno: -3.16241
-------------------------------
Output1 for generation 2100:

Oceanic mean pheno: 4.49456
Freshwater mean pheno: -3.12738
-------------------------------
Output1 for generation 2200:

Oceanic mean pheno: 4.55198
Freshwater mean pheno: -3.02421
-------------------------------
Output1 for generation 2300:

Oceanic mean pheno: 4.43253
Freshwater mean pheno: -3.00315
-------------------------------
Output1 for generation 2400:

Oceanic mean pheno: 4.40474
Freshwater mean pheno: -2.92649
-------------------------------
Output1 for generation 2500:

Oceanic mean pheno: 4.47119
Freshwater mean pheno: -2.91256
-------------------------------
Output1 for generation 2600:

Oceanic mean pheno: 4.60642
Freshwater mean pheno: -2.99442
-------------------------------
Output1 for generation 2700:

Oceanic mean pheno: 5.03807
Freshwater mean pheno: -3.25758
-------------------------------
Output1 for generation 2800:

Oceanic mean pheno: 5.28193
Freshwater mean pheno: -3.35967
-------------------------------
Output1 for generation 2900:

Oceanic mean pheno: 5.80208
Freshwater mean pheno: -3.92486
-------------------------------
Output1 for generation 3000:

Oceanic mean pheno: 6.21693
Freshwater mean pheno: -4.20055
-------------------------------
Output1 for generation 3100:

Oceanic mean pheno: 6.67852
Freshwater mean pheno: -4.29947
-------------------------------
Output1 for generation 3200:

Oceanic mean pheno: 6.65354
Freshwater mean pheno: -4.32094
-------------------------------
Output1 for generation 3300:

Oceanic mean pheno: 6.9574
Freshwater mean pheno: -4.26575
-------------------------------
Output1 for generation 3400:

Oceanic mean pheno: 6.95634
Freshwater mean pheno: -4.40189
-------------------------------
Output1 for generation 3500:

Oceanic mean pheno: 7.02854
Freshwater mean pheno: -4.74072
-------------------------------
Output1 for generation 3600:

Oceanic mean pheno: 7.15146
Freshwater mean pheno: -4.75252
-------------------------------
Output1 for generation 3700:

Oceanic mean pheno: 7.11005
Freshwater mean pheno: -4.71017
-------------------------------
Output1 for generation 3800:

Oceanic mean pheno: 7.13847
Freshwater mean pheno: -4.63462
-------------------------------
Output1 for generation 3900:

Oceanic mean pheno: 7.17854
Freshwater mean pheno: -4.63334
-------------------------------
Output1 for generation 4000:

Oceanic mean pheno: 7.69795
Freshwater mean pheno: -4.64151
-------------------------------
Output1 for generation 4100:

Oceanic mean pheno: 8.07211
Freshwater mean pheno: -4.68614
-------------------------------
Output1 for generation 4200:

Oceanic mean pheno: 8.3739
Freshwater mean pheno: -4.71514
-------------------------------
Output1 for generation 4300:

Oceanic mean pheno: 8.95087
Freshwater mean pheno: -4.78943
-------------------------------
Output1 for generation 4400:

Oceanic mean pheno: 9.35644
Freshwater mean pheno: -4.76744
-------------------------------
Output1 for generation 4500:

Oceanic mean pheno: 9.57859
Freshwater mean pheno: -4.81241
-------------------------------
Output1 for generation 4600:

Oceanic mean pheno: 9.93352
Freshwater mean pheno: -4.75003
-------------------------------
Output1 for generation 4700:

Oceanic mean pheno: 9.63198
Freshwater mean pheno: -4.94147
-------------------------------
Output1 for generation 4800:

Oceanic mean pheno: 9.79986
Freshwater mean pheno: -4.68215
-------------------------------
Output1 for generation 4900:

Oceanic mean pheno: 10.2478
Freshwater mean pheno: -4.92412
-------------------------------
Output1 for generation 5000:

Oceanic mean pheno: 10.3699
Freshwater mean pheno: -4.75371
-------------------------------
Output1 for generation 5100:

Oceanic mean pheno: 9.79857
Freshwater mean pheno: -4.86923
-------------------------------
Output1 for generation 5200:

Oceanic mean pheno: 9.86019
Freshwater mean pheno: -5.09518
-------------------------------
Output1 for generation 5300:

Oceanic mean pheno: 9.79828
Freshwater mean pheno: -5.41493
-------------------------------
Output1 for generation 5400:

Oceanic mean pheno: 9.61396
Freshwater mean pheno: -5.5696
-------------------------------
Output1 for generation 5500:

Oceanic mean pheno: 9.59229
Freshwater mean pheno: -5.51262
-------------------------------
Output1 for generation 5600:

Oceanic mean pheno: 9.72381
Freshwater mean pheno: -5.82134
-------------------------------
Output1 for generation 5700:

Oceanic mean pheno: 9.41107
Freshwater mean pheno: -5.88699
-------------------------------
Output1 for generation 5800:

Oceanic mean pheno: 9.69924
Freshwater mean pheno: -6.04639
-------------------------------
Output1 for generation 5900:

Oceanic mean pheno: 9.69606
Freshwater mean pheno: -6.0063
-------------------------------
Output1 for generation 6000:

Oceanic mean pheno: 9.88395
Freshwater mean pheno: -6.09824
-------------------------------
Output1 for generation 6100:

Oceanic mean pheno: 9.97692
Freshwater mean pheno: -6.05098
-------------------------------
Output1 for generation 6200:

Oceanic mean pheno: 9.69588
Freshwater mean pheno: -6.23787
-------------------------------
Output1 for generation 6300:

Oceanic mean pheno: 9.39932
Freshwater mean pheno: -6.39712
-------------------------------
Output1 for generation 6400:

Oceanic mean pheno: 9.97067
Freshwater mean pheno: -6.45413
-------------------------------
Output1 for generation 6500:

Oceanic mean pheno: 9.59379
Freshwater mean pheno: -6.57706
-------------------------------
Output1 for generation 6600:

Oceanic mean pheno: 9.62823
Freshwater mean pheno: -6.71738
-------------------------------
Output1 for generation 6700:

Oceanic mean pheno: 8.97378
Freshwater mean pheno: -6.90391
-------------------------------
Output1 for generation 6800:

Oceanic mean pheno: 9.53957
Freshwater mean pheno: -6.96512
-------------------------------
Output1 for generation 6900:

Oceanic mean pheno: 9.66992
Freshwater mean pheno: -6.98467
-------------------------------
Output1 for generation 7000:

Oceanic mean pheno: 9.59283
Freshwater mean pheno: -7.06369
-------------------------------
Output1 for generation 7100:

Oceanic mean pheno: 9.56715
Freshwater mean pheno: -7.1513
-------------------------------
Output1 for generation 7200:

Oceanic mean pheno: 9.78117
Freshwater mean pheno: -7.24249
-------------------------------
Output1 for generation 7300:

Oceanic mean pheno: 9.59411
Freshwater mean pheno: -7.38858
-------------------------------
Output1 for generation 7400:

Oceanic mean pheno: 9.24813
Freshwater mean pheno: -7.39976
-------------------------------
Output1 for generation 7500:

Oceanic mean pheno: 9.61161
Freshwater mean pheno: -7.58646
-------------------------------
Output1 for generation 7600:

Oceanic mean pheno: 9.41432
Freshwater mean pheno: -7.86889
-------------------------------
Output1 for generation 7700:

Oceanic mean pheno: 9.71458
Freshwater mean pheno: -7.90826
-------------------------------
Output1 for generation 7800:

Oceanic mean pheno: 9.91664
Freshwater mean pheno: -7.90384
-------------------------------
Output1 for generation 7900:

Oceanic mean pheno: 9.81929
Freshwater mean pheno: -7.98822
-------------------------------
Output1 for generation 8000:

Oceanic mean pheno: 9.46574
Freshwater mean pheno: -7.80493
-------------------------------
Output1 for generation 8100:

Oceanic mean pheno: 9.53194
Freshwater mean pheno: -7.77969
-------------------------------
Output1 for generation 8200:

Oceanic mean pheno: 9.72839
Freshwater mean pheno: -8.08403
-------------------------------
Output1 for generation 8300:

Oceanic mean pheno: 9.73571
Freshwater mean pheno: -7.97688
-------------------------------
Output1 for generation 8400:

Oceanic mean pheno: 9.86246
Freshwater mean pheno: -7.99372
-------------------------------
Output1 for generation 8500:

Oceanic mean pheno: 9.70415
Freshwater mean pheno: -7.99641
-------------------------------
Output1 for generation 8600:

Oceanic mean pheno: 9.53294
Freshwater mean pheno: -8.14891
-------------------------------
Output1 for generation 8700:

Oceanic mean pheno: 9.87046
Freshwater mean pheno: -8.05376
-------------------------------
Output1 for generation 8800:

Oceanic mean pheno: 9.20305
Freshwater mean pheno: -8.12926
-------------------------------
Output1 for generation 8900:

Oceanic mean pheno: 9.69438
Freshwater mean pheno: -8.06381
-------------------------------
Output1 for generation 9000:

Oceanic mean pheno: 9.53565
Freshwater mean pheno: -8.18713
-------------------------------
Output1 for generation 9100:

Oceanic mean pheno: 9.26887
Freshwater mean pheno: -8.48703
-------------------------------
Output1 for generation 9200:

Oceanic mean pheno: 9.6378
Freshwater mean pheno: -8.45146
-------------------------------
Output1 for generation 9300:

Oceanic mean pheno: 9.74506
Freshwater mean pheno: -8.43112
-------------------------------
Output1 for generation 9400:

Oceanic mean pheno: 9.67296
Freshwater mean pheno: -8.43186
-------------------------------
Output1 for generation 9500:

Oceanic mean pheno: 9.46448
Freshwater mean pheno: -8.43249
-------------------------------
Output1 for generation 9600:

Oceanic mean pheno: 9.19811
Freshwater mean pheno: -8.51001
-------------------------------
Output1 for generation 9700:

Oceanic mean pheno: 9.41844
Freshwater mean pheno: -8.20229
-------------------------------
Output1 for generation 9800:

Oceanic mean pheno: 9.45655
Freshwater mean pheno: -8.15032
-------------------------------
Output1 for generation 9900:

Oceanic mean pheno: 9.56815
Freshwater mean pheno: -8.14573
-------------------------------
Output1 for generation 10000:

Oceanic mean pheno: 9.59538
Freshwater mean pheno: -8.08033
-------------------------------
Output1 for generation 10100:

Oceanic mean pheno: 9.82748
Freshwater mean pheno: -8.54907
-------------------------------
Output1 for generation 10200:

Oceanic mean pheno: 9.58995
Freshwater mean pheno: -8.55141
-------------------------------
Output1 for generation 10300:

Oceanic mean pheno: 9.80877
Freshwater mean pheno: -8.45241
-------------------------------
Output1 for generation 10400:

Oceanic mean pheno: 9.54313
Freshwater mean pheno: -8.6598
-------------------------------
Output1 for generation 10500:

Oceanic mean pheno: 9.52365
Freshwater mean pheno: -8.44939
-------------------------------
Output1 for generation 10600:

Oceanic mean pheno: 9.53698
Freshwater mean pheno: -8.6585
-------------------------------
Output1 for generation 10700:

Oceanic mean pheno: 10.007
Freshwater mean pheno: -8.88191
-------------------------------
Output1 for generation 10800:

Oceanic mean pheno: 9.98616
Freshwater mean pheno: -9.02495
-------------------------------
Output1 for generation 10900:

Oceanic mean pheno: 9.97034
Freshwater mean pheno: -8.99452
-------------------------------
Output1 for generation 11000:

Oceanic mean pheno: 9.95436
Freshwater mean pheno: -8.75096
-------------------------------
Output1 for generation 11100:

Oceanic mean pheno: 9.87282
Freshwater mean pheno: -8.64967
-------------------------------
Output1 for generation 11200:

Oceanic mean pheno: 9.99817
Freshwater mean pheno: -8.93643
-------------------------------
Output1 for generation 11300:

Oceanic mean pheno: 9.79464
Freshwater mean pheno: -8.94824
-------------------------------
Output1 for generation 11400:

Oceanic mean pheno: 9.76846
Freshwater mean pheno: -8.64122
-------------------------------
Output1 for generation 11500:

Oceanic mean pheno: 9.55077
Freshwater mean pheno: -8.86624
-------------------------------
Output1 for generation 11600:

Oceanic mean pheno: 9.50547
Freshwater mean pheno: -8.9307
-------------------------------
Output1 for generation 11700:

Oceanic mean pheno: 9.5608
Freshwater mean pheno: -8.82028
-------------------------------
Output1 for generation 11800:

Oceanic mean pheno: 9.4427
Freshwater mean pheno: -9.05826
-------------------------------
Output1 for generation 11900:

Oceanic mean pheno: 9.71215
Freshwater mean pheno: -8.82711
-------------------------------
Output1 for generation 12000:

Oceanic mean pheno: 9.65383
Freshwater mean pheno: -9.03409
-------------------------------
Output1 for generation 12100:

Oceanic mean pheno: 9.54196
Freshwater mean pheno: -8.90058
-------------------------------
Output1 for generation 12200:

Oceanic mean pheno: 9.47136
Freshwater mean pheno: -9.07559
-------------------------------
Output1 for generation 12300:

Oceanic mean pheno: 9.58332
Freshwater mean pheno: -8.99211
-------------------------------
Output1 for generation 12400:

Oceanic mean pheno: 9.66432
Freshwater mean pheno: -8.8599
-------------------------------
Output1 for generation 12500:

Oceanic mean pheno: 9.87585
Freshwater mean pheno: -9.00507
-------------------------------
Output1 for generation 12600:

Oceanic mean pheno: 9.33698
Freshwater mean pheno: -9.08297
-------------------------------
Output1 for generation 12700:

Oceanic mean pheno: 9.60936
Freshwater mean pheno: -9.02158
-------------------------------
Output1 for generation 12800:

Oceanic mean pheno: 9.35618
Freshwater mean pheno: -9.01841
-------------------------------
Output1 for generation 12900:

Oceanic mean pheno: 9.71704
Freshwater mean pheno: -8.8209
-------------------------------
Output1 for generation 13000:

Oceanic mean pheno: 10.0765
Freshwater mean pheno: -8.89906
-------------------------------
Output1 for generation 13100:

Oceanic mean pheno: 10.0242
Freshwater mean pheno: -9.10048
-------------------------------
Output1 for generation 13200:

Oceanic mean pheno: 9.81285
Freshwater mean pheno: -9.14563
-------------------------------
Output1 for generation 13300:

Oceanic mean pheno: 9.83172
Freshwater mean pheno: -8.85616
-------------------------------
Output1 for generation 13400:

Oceanic mean pheno: 10.0222
Freshwater mean pheno: -8.88985
-------------------------------
Output1 for generation 13500:

Oceanic mean pheno: 9.94694
Freshwater mean pheno: -8.73651
-------------------------------
Output1 for generation 13600:

Oceanic mean pheno: 9.83139
Freshwater mean pheno: -8.79948
-------------------------------
Output1 for generation 13700:

Oceanic mean pheno: 10.0909
Freshwater mean pheno: -8.867
-------------------------------
Output1 for generation 13800:

Oceanic mean pheno: 9.76193
Freshwater mean pheno: -8.83895
-------------------------------
Output1 for generation 13900:

Oceanic mean pheno: 9.87368
Freshwater mean pheno: -8.95717
-------------------------------
Output1 for generation 14000:

Oceanic mean pheno: 9.65949
Freshwater mean pheno: -8.90389
-------------------------------
Output1 for generation 14100:

Oceanic mean pheno: 9.36668
Freshwater mean pheno: -8.75551
-------------------------------
Output1 for generation 14200:

Oceanic mean pheno: 9.46753
Freshwater mean pheno: -8.8329
-------------------------------
Output1 for generation 14300:

Oceanic mean pheno: 9.35771
Freshwater mean pheno: -8.84944
-------------------------------
Output1 for generation 14400:

Oceanic mean pheno: 9.44157
Freshwater mean pheno: -8.76019
-------------------------------
Output1 for generation 14500:

Oceanic mean pheno: 9.67756
Freshwater mean pheno: -8.93804
-------------------------------
Output1 for generation 14600:

Oceanic mean pheno: 9.47685
Freshwater mean pheno: -9.08555
-------------------------------
Output1 for generation 14700:

Oceanic mean pheno: 9.4593
Freshwater mean pheno: -9.0183
-------------------------------
Output1 for generation 14800:

Oceanic mean pheno: 9.63379
Freshwater mean pheno: -9.11991
-------------------------------
Output1 for generation 14900:

Oceanic mean pheno: 9.83812
Freshwater mean pheno: -9.03523
-------------------------------
Output1 for generation 15000:

Oceanic mean pheno: 9.34819
Freshwater mean pheno: -8.67199
-------------------------------
Output1 for generation 15100:

Oceanic mean pheno: 9.2674
Freshwater mean pheno: -8.77136
-------------------------------
Output1 for generation 15200:

Oceanic mean pheno: 9.41363
Freshwater mean pheno: -8.67768
-------------------------------
Output1 for generation 15300:

Oceanic mean pheno: 9.24091
Freshwater mean pheno: -8.85644
-------------------------------
Output1 for generation 15400:

Oceanic mean pheno: 9.48473
Freshwater mean pheno: -8.79477
-------------------------------
Output1 for generation 15500:

Oceanic mean pheno: 9.43717
Freshwater mean pheno: -8.62181
-------------------------------
Output1 for generation 15600:

Oceanic mean pheno: 8.92823
Freshwater mean pheno: -8.54109
-------------------------------
Output1 for generation 15700:

Oceanic mean pheno: 9.46781
Freshwater mean pheno: -8.51372
-------------------------------
Output1 for generation 15800:

Oceanic mean pheno: 9.22986
Freshwater mean pheno: -8.76489
-------------------------------
Output1 for generation 15900:

Oceanic mean pheno: 9.3224
Freshwater mean pheno: -8.62454
-------------------------------
Output1 for generation 16000:

Oceanic mean pheno: 9.55111
Freshwater mean pheno: -8.74397
-------------------------------
Output1 for generation 16100:

Oceanic mean pheno: 9.48364
Freshwater mean pheno: -8.60101
-------------------------------
Output1 for generation 16200:

Oceanic mean pheno: 9.88229
Freshwater mean pheno: -8.58374
-------------------------------
Output1 for generation 16300:

Oceanic mean pheno: 9.68311
Freshwater mean pheno: -8.68362
-------------------------------
Output1 for generation 16400:

Oceanic mean pheno: 9.89924
Freshwater mean pheno: -8.66539
-------------------------------
Output1 for generation 16500:

Oceanic mean pheno: 9.65931
Freshwater mean pheno: -8.44745
-------------------------------
Output1 for generation 16600:

Oceanic mean pheno: 9.7674
Freshwater mean pheno: -8.50032
-------------------------------
Output1 for generation 16700:

Oceanic mean pheno: 9.51179
Freshwater mean pheno: -8.46707
-------------------------------
Output1 for generation 16800:

Oceanic mean pheno: 9.61856
Freshwater mean pheno: -8.42051
-------------------------------
Output1 for generation 16900:

Oceanic mean pheno: 9.68592
Freshwater mean pheno: -8.51653
-------------------------------
Output1 for generation 17000:

Oceanic mean pheno: 9.34595
Freshwater mean pheno: -8.91649
-------------------------------
Output1 for generation 17100:

Oceanic mean pheno: 9.19534
Freshwater mean pheno: -8.70371
-------------------------------
Output1 for generation 17200:

Oceanic mean pheno: 9.04934
Freshwater mean pheno: -8.9782
-------------------------------
Output1 for generation 17300:

Oceanic mean pheno: 9.28095
Freshwater mean pheno: -8.85115
-------------------------------
Output1 for generation 17400:

Oceanic mean pheno: 9.39233
Freshwater mean pheno: -9.13146
-------------------------------
Output1 for generation 17500:

Oceanic mean pheno: 9.6384
Freshwater mean pheno: -9.03968
-------------------------------
Output1 for generation 17600:

Oceanic mean pheno: 9.46496
Freshwater mean pheno: -8.95858
-------------------------------
Output1 for generation 17700:

Oceanic mean pheno: 9.56982
Freshwater mean pheno: -8.88446
-------------------------------
Output1 for generation 17800:

Oceanic mean pheno: 9.61299
Freshwater mean pheno: -8.93744
-------------------------------
Output1 for generation 17900:

Oceanic mean pheno: 10.087
Freshwater mean pheno: -9.04216
-------------------------------
Output1 for generation 18000:

Oceanic mean pheno: 10.083
Freshwater mean pheno: -9.05098
-------------------------------
Output1 for generation 18100:

Oceanic mean pheno: 9.58393
Freshwater mean pheno: -9.26172
-------------------------------
Output1 for generation 18200:

Oceanic mean pheno: 9.86336
Freshwater mean pheno: -8.95353
-------------------------------
Output1 for generation 18300:

Oceanic mean pheno: 9.68125
Freshwater mean pheno: -8.9353
-------------------------------
Output1 for generation 18400:

Oceanic mean pheno: 9.74815
Freshwater mean pheno: -8.82107
-------------------------------
Output1 for generation 18500:

Oceanic mean pheno: 9.51522
Freshwater mean pheno: -9.11902
-------------------------------
Output1 for generation 18600:

Oceanic mean pheno: 9.29918
Freshwater mean pheno: -9.23392
-------------------------------
Output1 for generation 18700:

Oceanic mean pheno: 9.60832
Freshwater mean pheno: -9.2074
-------------------------------
Output1 for generation 18800:

Oceanic mean pheno: 9.53117
Freshwater mean pheno: -9.11992
-------------------------------
Output1 for generation 18900:

Oceanic mean pheno: 9.32437
Freshwater mean pheno: -9.11012
-------------------------------
Output1 for generation 19000:

Oceanic mean pheno: 9.54714
Freshwater mean pheno: -9.07122
-------------------------------
Output1 for generation 19100:

Oceanic mean pheno: 9.50183
Freshwater mean pheno: -9.11908
-------------------------------
Output1 for generation 19200:

Oceanic mean pheno: 9.51957
Freshwater mean pheno: -9.0515
-------------------------------
Output1 for generation 19300:

Oceanic mean pheno: 9.65116
Freshwater mean pheno: -9.2864
-------------------------------
Output1 for generation 19400:

Oceanic mean pheno: 9.58602
Freshwater mean pheno: -9.03153
-------------------------------
Output1 for generation 19500:

Oceanic mean pheno: 9.31215
Freshwater mean pheno: -9.01527
-------------------------------
Output1 for generation 19600:

Oceanic mean pheno: 9.38538
Freshwater mean pheno: -9.26164
-------------------------------
Output1 for generation 19700:

Oceanic mean pheno: 9.731
Freshwater mean pheno: -9.10066
-------------------------------
Output1 for generation 19800:

Oceanic mean pheno: 9.8083
Freshwater mean pheno: -9.36045
-------------------------------
Output1 for generation 19900:

Oceanic mean pheno: 9.72162
Freshwater mean pheno: -9.24009
-------------------------------
Output1 for generation 20000:

Oceanic mean pheno: 9.63552
Freshwater mean pheno: -9.46987
new Freshwater mean pheno: 9.59559
-------------------------------
Output1 for generation 20100:

Oceanic mean pheno: 9.20152
Freshwater mean pheno: -9.29215
new Freshwater mean pheno: -8.67052
-------------------------------
Output1 for generation 20200:

Oceanic mean pheno: 9.42322
Freshwater mean pheno: -9.36616
new Freshwater mean pheno: -8.91821
-------------------------------
Output1 for generation 20300:

Oceanic mean pheno: 9.56582
Freshwater mean pheno: -9.20496
new Freshwater mean pheno: -8.95031
-------------------------------
Output1 for generation 20400:

Oceanic mean pheno: 9.2281
Freshwater mean pheno: -9.10107
new Freshwater mean pheno: -9.13618
-------------------------------
Output1 for generation 20500:

Oceanic mean pheno: 9.06405
Freshwater mean pheno: -9.21719
new Freshwater mean pheno: -9.2849
-------------------------------
Output1 for generation 20600:

Oceanic mean pheno: 9.32933
Freshwater mean pheno: -9.13537
new Freshwater mean pheno: -9.45926
-------------------------------
Output1 for generation 20700:

Oceanic mean pheno: 9.08772
Freshwater mean pheno: -8.97575
new Freshwater mean pheno: -9.38192
-------------------------------
Output1 for generation 20800:

Oceanic mean pheno: 8.96279
Freshwater mean pheno: -9.09437
new Freshwater mean pheno: -9.5347
-------------------------------
Output1 for generation 20900:

Oceanic mean pheno: 9.09107
Freshwater mean pheno: -8.94669
new Freshwater mean pheno: -9.46283
-------------------------------
Output1 for generation 21000:

Oceanic mean pheno: 8.89305
Freshwater mean pheno: -8.85478
new Freshwater mean pheno: -9.57208
-------------------------------
Output1 for generation 21100:

Oceanic mean pheno: 8.96776
Freshwater mean pheno: -9.01947
new Freshwater mean pheno: -9.90405
-------------------------------
Output1 for generation 21200:

Oceanic mean pheno: 9.11561
Freshwater mean pheno: -9.27904
new Freshwater mean pheno: -9.58711
-------------------------------
Output1 for generation 21300:

Oceanic mean pheno: 9.22188
Freshwater mean pheno: -9.47767
new Freshwater mean pheno: -9.66718
-------------------------------
Output1 for generation 21400:

Oceanic mean pheno: 8.99591
Freshwater mean pheno: -8.81022
new Freshwater mean pheno: -9.71686
-------------------------------
Output1 for generation 21500:

Oceanic mean pheno: 9.17183
Freshwater mean pheno: -9.01338
new Freshwater mean pheno: -9.73375
-------------------------------
Output1 for generation 21600:

Oceanic mean pheno: 9.16518
Freshwater mean pheno: -9.17821
new Freshwater mean pheno: -9.68054
-------------------------------
Output1 for generation 21700:

Oceanic mean pheno: 9.03418
Freshwater mean pheno: -9.13404
new Freshwater mean pheno: -9.47505
-------------------------------
Output1 for generation 21800:

Oceanic mean pheno: 9.32898
Freshwater mean pheno: -9.0736
new Freshwater mean pheno: -9.44504
-------------------------------
Output1 for generation 21900:

Oceanic mean pheno: 9.21033
Freshwater mean pheno: -9.06963
new Freshwater mean pheno: -9.25136
-------------------------------
Output1 for generation 22000:

Oceanic mean pheno: 9.00012
Freshwater mean pheno: -9.22564
new Freshwater mean pheno: -9.68137
-------------------------------
Output1 for generation 22100:

Oceanic mean pheno: 9.17494
Freshwater mean pheno: -9.1268
new Freshwater mean pheno: -9.39285
-------------------------------
Output1 for generation 22200:

Oceanic mean pheno: 9.23279
Freshwater mean pheno: -9.46596
new Freshwater mean pheno: -9.69291
-------------------------------
Output1 for generation 22300:

Oceanic mean pheno: 9.21168
Freshwater mean pheno: -9.15207
new Freshwater mean pheno: -9.71982
-------------------------------
Output1 for generation 22400:

Oceanic mean pheno: 9.45468
Freshwater mean pheno: -9.2401
new Freshwater mean pheno: -9.50754
-------------------------------
Output1 for generation 22500:

Oceanic mean pheno: 9.65581
Freshwater mean pheno: -9.1143
new Freshwater mean pheno: -9.4564
-------------------------------
Output1 for generation 22600:

Oceanic mean pheno: 9.19041
Freshwater mean pheno: -9.3534
new Freshwater mean pheno: -9.38919
-------------------------------
Output1 for generation 22700:

Oceanic mean pheno: 9.1949
Freshwater mean pheno: -9.47457
new Freshwater mean pheno: -9.27457
-------------------------------
Output1 for generation 22800:

Oceanic mean pheno: 9.59402
Freshwater mean pheno: -9.17843
new Freshwater mean pheno: -9.24084
-------------------------------
Output1 for generation 22900:

Oceanic mean pheno: 9.13719
Freshwater mean pheno: -9.52677
new Freshwater mean pheno: -9.24766
-------------------------------
Output1 for generation 23000:

Oceanic mean pheno: 9.21745
Freshwater mean pheno: -9.28714
new Freshwater mean pheno: -9.31321
-------------------------------
Output1 for generation 23100:

Oceanic mean pheno: 9.61561
Freshwater mean pheno: -9.45549
new Freshwater mean pheno: -9.07582
-------------------------------
Output1 for generation 23200:

Oceanic mean pheno: 9.71532
Freshwater mean pheno: -9.08039
new Freshwater mean pheno: -9.11238
-------------------------------
Output1 for generation 23300:

Oceanic mean pheno: 9.50634
Freshwater mean pheno: -9.38882
new Freshwater mean pheno: -9.13796
-------------------------------
Output1 for generation 23400:

Oceanic mean pheno: 9.4799
Freshwater mean pheno: -8.91669
new Freshwater mean pheno: -9.38859
-------------------------------
Output1 for generation 23500:

Oceanic mean pheno: 9.43851
Freshwater mean pheno: -8.8031
new Freshwater mean pheno: -9.24063
-------------------------------
Output1 for generation 23600:

Oceanic mean pheno: 8.86797
Freshwater mean pheno: -8.92817
new Freshwater mean pheno: -9.10844
-------------------------------
Output1 for generation 23700:

Oceanic mean pheno: 9.43297
Freshwater mean pheno: -8.92827
new Freshwater mean pheno: -9.29517
-------------------------------
Output1 for generation 23800:

Oceanic mean pheno: 8.84144
Freshwater mean pheno: -8.83269
new Freshwater mean pheno: -9.04349
-------------------------------
Output1 for generation 23900:

Oceanic mean pheno: 9.38509
Freshwater mean pheno: -8.93356
new Freshwater mean pheno: -8.8393
-------------------------------
Output1 for generation 24000:

Oceanic mean pheno: 8.90776
Freshwater mean pheno: -9.00374
new Freshwater mean pheno: -9.398
-------------------------------
Output1 for generation 24100:

Oceanic mean pheno: 9.31246
Freshwater mean pheno: -9.09664
new Freshwater mean pheno: -9.58377
-------------------------------
Output1 for generation 24200:

Oceanic mean pheno: 9.36776
Freshwater mean pheno: -9.06029
new Freshwater mean pheno: -9.23202
-------------------------------
Output1 for generation 24300:

Oceanic mean pheno: 9.56889
Freshwater mean pheno: -9.14539
new Freshwater mean pheno: -9.30475
-------------------------------
Output1 for generation 24400:

Oceanic mean pheno: 9.41105
Freshwater mean pheno: -9.10129
new Freshwater mean pheno: -9.2265
-------------------------------
Output1 for generation 24500:

Oceanic mean pheno: 9.08812
Freshwater mean pheno: -9.20519
new Freshwater mean pheno: -9.18844
-------------------------------
Output1 for generation 24600:

Oceanic mean pheno: 9.36681
Freshwater mean pheno: -9.01527
new Freshwater mean pheno: -9.21815
-------------------------------
Output1 for generation 24700:

Oceanic mean pheno: 8.98627
Freshwater mean pheno: -9.02759
new Freshwater mean pheno: -9.10882
-------------------------------
Output1 for generation 24800:

Oceanic mean pheno: 9.26688
Freshwater mean pheno: -9.11277
new Freshwater mean pheno: -9.26752
-------------------------------
Output1 for generation 24900:

Oceanic mean pheno: 8.90433
Freshwater mean pheno: -8.89432
new Freshwater mean pheno: -9.38697
-------------------------------
Output1 for generation 25000:

Oceanic mean pheno: 9.22993
Freshwater mean pheno: -8.91193
new Freshwater mean pheno: -9.33604
-------------------------------
Output1 for generation 25100:

Oceanic mean pheno: 9.2731
Freshwater mean pheno: -8.88744
new Freshwater mean pheno: -9.44258
-------------------------------
Output1 for generation 25200:

Oceanic mean pheno: 9.20035
Freshwater mean pheno: -9.27394
new Freshwater mean pheno: -9.43793
-------------------------------
Output1 for generation 25300:

Oceanic mean pheno: 9.76186
Freshwater mean pheno: -9.40501
new Freshwater mean pheno: -9.17761
-------------------------------
Output1 for generation 25400:

Oceanic mean pheno: 9.52989
Freshwater mean pheno: -9.32818
new Freshwater mean pheno: -9.1857
-------------------------------
Output1 for generation 25500:

Oceanic mean pheno: 9.44303
Freshwater mean pheno: -9.25065
new Freshwater mean pheno: -9.25721
-------------------------------
Output1 for generation 25600:

Oceanic mean pheno: 9.16482
Freshwater mean pheno: -9.54407
new Freshwater mean pheno: -9.32404
-------------------------------
Output1 for generation 25700:

Oceanic mean pheno: 9.58144
Freshwater mean pheno: -9.34293
new Freshwater mean pheno: -9.27271
-------------------------------
Output1 for generation 25800:

Oceanic mean pheno: 9.56672
Freshwater mean pheno: -9.29907
new Freshwater mean pheno: -9.32264
-------------------------------
Output1 for generation 25900:

Oceanic mean pheno: 9.71764
Freshwater mean pheno: -9.54573
new Freshwater mean pheno: -9.42894
-------------------------------
Output1 for generation 26000:

Oceanic mean pheno: 9.73799
Freshwater mean pheno: -9.43698
new Freshwater mean pheno: -9.67128
-------------------------------
Output1 for generation 26100:

Oceanic mean pheno: 9.59044
Freshwater mean pheno: -9.57648
new Freshwater mean pheno: -9.45512
-------------------------------
Output1 for generation 26200:

Oceanic mean pheno: 9.59128
Freshwater mean pheno: -9.32765
new Freshwater mean pheno: -9.33878
-------------------------------
Output1 for generation 26300:

Oceanic mean pheno: 9.00211
Freshwater mean pheno: -9.34905
new Freshwater mean pheno: -9.36398
-------------------------------
Output1 for generation 26400:

Oceanic mean pheno: 9.45469
Freshwater mean pheno: -9.09971
new Freshwater mean pheno: -9.56561
-------------------------------
Output1 for generation 26500:

Oceanic mean pheno: 9.44031
Freshwater mean pheno: -8.80017
new Freshwater mean pheno: -9.20635
-------------------------------
Output1 for generation 26600:

Oceanic mean pheno: 9.47908
Freshwater mean pheno: -9.37489
new Freshwater mean pheno: -9.2404
-------------------------------
Output1 for generation 26700:

Oceanic mean pheno: 9.24492
Freshwater mean pheno: -9.12331
new Freshwater mean pheno: -9.25687
-------------------------------
Output1 for generation 26800:

Oceanic mean pheno: 9.53728
Freshwater mean pheno: -9.50165
new Freshwater mean pheno: -9.29165
-------------------------------
Output1 for generation 26900:

Oceanic mean pheno: 9.40419
Freshwater mean pheno: -9.77105
new Freshwater mean pheno: -8.93764
-------------------------------
Output1 for generation 27000:

Oceanic mean pheno: 9.25374
Freshwater mean pheno: -9.46324
new Freshwater mean pheno: -9.32029
-------------------------------
Output1 for generation 27100:

Oceanic mean pheno: 9.13882
Freshwater mean pheno: -9.37332
new Freshwater mean pheno: -9.4084
-------------------------------
Output1 for generation 27200:

Oceanic mean pheno: 9.45013
Freshwater mean pheno: -9.12324
new Freshwater mean pheno: -9.64393
-------------------------------
Output1 for generation 27300:

Oceanic mean pheno: 9.20667
Freshwater mean pheno: -9.23687
new Freshwater mean pheno: -8.99056
-------------------------------
Output1 for generation 27400:

Oceanic mean pheno: 9.27951
Freshwater mean pheno: -9.35811
new Freshwater mean pheno: -9.21409
-------------------------------
Output1 for generation 27500:

Oceanic mean pheno: 9.32999
Freshwater mean pheno: -9.33793
new Freshwater mean pheno: -9.05862
-------------------------------
Output1 for generation 27600:

Oceanic mean pheno: 9.14835
Freshwater mean pheno: -9.20741
new Freshwater mean pheno: -9.34308
-------------------------------
Output1 for generation 27700:

Oceanic mean pheno: 9.13589
Freshwater mean pheno: -8.89829
new Freshwater mean pheno: -9.04696
-------------------------------
Output1 for generation 27800:

Oceanic mean pheno: 9.27271
Freshwater mean pheno: -9.07187
new Freshwater mean pheno: -9.25623
-------------------------------
Output1 for generation 27900:

Oceanic mean pheno: 9.04836
Freshwater mean pheno: -9.31919
new Freshwater mean pheno: -8.87501
-------------------------------
Output1 for generation 28000:

Oceanic mean pheno: 9.48505
Freshwater mean pheno: -9.0623
new Freshwater mean pheno: -8.9283
-------------------------------
Output1 for generation 28100:

Oceanic mean pheno: 9.37815
Freshwater mean pheno: -9.20809
new Freshwater mean pheno: -9.14934
-------------------------------
Output1 for generation 28200:

Oceanic mean pheno: 9.20694
Freshwater mean pheno: -9.24774
new Freshwater mean pheno: -9.09516
-------------------------------
Output1 for generation 28300:

Oceanic mean pheno: 9.40184
Freshwater mean pheno: -9.06475
new Freshwater mean pheno: -9.02255
-------------------------------
Output1 for generation 28400:

Oceanic mean pheno: 9.62751
Freshwater mean pheno: -9.52929
new Freshwater mean pheno: -9.20368
-------------------------------
Output1 for generation 28500:

Oceanic mean pheno: 9.61094
Freshwater mean pheno: -9.15457
new Freshwater mean pheno: -9.38587
-------------------------------
Output1 for generation 28600:

Oceanic mean pheno: 9.54282
Freshwater mean pheno: -9.07709
new Freshwater mean pheno: -9.18668
-------------------------------
Output1 for generation 28700:

Oceanic mean pheno: 9.23642
Freshwater mean pheno: -9.03365
new Freshwater mean pheno: -9.18234
-------------------------------
Output1 for generation 28800:

Oceanic mean pheno: 9.40766
Freshwater mean pheno: -9.12614
new Freshwater mean pheno: -9.3863
-------------------------------
Output1 for generation 28900:

Oceanic mean pheno: 9.7395
Freshwater mean pheno: -9.02654
new Freshwater mean pheno: -9.12187
-------------------------------
Output1 for generation 29000:

Oceanic mean pheno: 9.64513
Freshwater mean pheno: -9.33217
new Freshwater mean pheno: -9.43989
-------------------------------
Output1 for generation 29100:

Oceanic mean pheno: 9.41742
Freshwater mean pheno: -9.03087
new Freshwater mean pheno: -9.42526
-------------------------------
Output1 for generation 29200:

Oceanic mean pheno: 9.12608
Freshwater mean pheno: -9.51443
new Freshwater mean pheno: -9.24761
-------------------------------
Output1 for generation 29300:

Oceanic mean pheno: 8.90635
Freshwater mean pheno: -9.15804
new Freshwater mean pheno: -9.0817
-------------------------------
Output1 for generation 29400:

Oceanic mean pheno: 9.17721
Freshwater mean pheno: -9.14832
new Freshwater mean pheno: -9.25452
-------------------------------
Output1 for generation 29500:

Oceanic mean pheno: 9.14196
Freshwater mean pheno: -9.16438
new Freshwater mean pheno: -9.31244
-------------------------------
Output1 for generation 29600:

Oceanic mean pheno: 9.3754
Freshwater mean pheno: -9.11506
new Freshwater mean pheno: -9.30513
-------------------------------
Output1 for generation 29700:

Oceanic mean pheno: 9.21433
Freshwater mean pheno: -9.2028
new Freshwater mean pheno: -9.25163
-------------------------------
Output1 for generation 29800:

Oceanic mean pheno: 8.89268
Freshwater mean pheno: -9.38959
new Freshwater mean pheno: -9.38627
-------------------------------
Output1 for generation 29900:

Oceanic mean pheno: 9.45356
Freshwater mean pheno: -9.27006
new Freshwater mean pheno: -9.29613
-------------------------------
Output1 for generation 30000:

Oceanic mean pheno: 9.36862
Freshwater mean pheno: -9.1822
new Freshwater mean pheno: -9.23897
-------------------------------
Output1 for generation 30100:

Oceanic mean pheno: 9.38703
Freshwater mean pheno: -8.9535
new Freshwater mean pheno: -9.27066
-------------------------------
Output1 for generation 30200:

Oceanic mean pheno: 9.26235
Freshwater mean pheno: -8.85193
new Freshwater mean pheno: -9.34105
-------------------------------
Output1 for generation 30300:

Oceanic mean pheno: 9.4527
Freshwater mean pheno: -8.82102
new Freshwater mean pheno: -9.2385
-------------------------------
Output1 for generation 30400:

Oceanic mean pheno: 9.38114
Freshwater mean pheno: -8.94346
new Freshwater mean pheno: -9.09376
-------------------------------
Output1 for generation 30500:

Oceanic mean pheno: 9.16204
Freshwater mean pheno: -8.93943
new Freshwater mean pheno: -9.32028
-------------------------------
Output1 for generation 30600:

Oceanic mean pheno: 9.46617
Freshwater mean pheno: -9.2066
new Freshwater mean pheno: -9.32059
-------------------------------
Output1 for generation 30700:

Oceanic mean pheno: 9.78204
Freshwater mean pheno: -9.15614
new Freshwater mean pheno: -9.1962
-------------------------------
Output1 for generation 30800:

Oceanic mean pheno: 9.54396
Freshwater mean pheno: -8.99076
new Freshwater mean pheno: -9.18864
-------------------------------
Output1 for generation 30900:

Oceanic mean pheno: 9.65724
Freshwater mean pheno: -8.88808
new Freshwater mean pheno: -9.50469
-------------------------------
Output1 for generation 31000:

Oceanic mean pheno: 9.56212
Freshwater mean pheno: -8.84813
new Freshwater mean pheno: -9.37169
-------------------------------
Output1 for generation 31100:

Oceanic mean pheno: 9.52134
Freshwater mean pheno: -9.02256
new Freshwater mean pheno: -9.65177
-------------------------------
Output1 for generation 31200:

Oceanic mean pheno: 9.47889
Freshwater mean pheno: -9.07645
new Freshwater mean pheno: -9.27057
-------------------------------
Output1 for generation 31300:

Oceanic mean pheno: 8.86224
Freshwater mean pheno: -8.93581
new Freshwater mean pheno: -9.39378
-------------------------------
Output1 for generation 31400:

Oceanic mean pheno: 9.07936
Freshwater mean pheno: -9.23499
new Freshwater mean pheno: -9.47934
-------------------------------
Output1 for generation 31500:

Oceanic mean pheno: 9.20926
Freshwater mean pheno: -9.00224
new Freshwater mean pheno: -9.35417
-------------------------------
Output1 for generation 31600:

Oceanic mean pheno: 9.02523
Freshwater mean pheno: -8.90084
new Freshwater mean pheno: -9.57354
-------------------------------
Output1 for generation 31700:

Oceanic mean pheno: 8.99552
Freshwater mean pheno: -8.72382
new Freshwater mean pheno: -9.53078
-------------------------------
Output1 for generation 31800:

Oceanic mean pheno: 8.91709
Freshwater mean pheno: -8.56999
new Freshwater mean pheno: -9.6174
-------------------------------
Output1 for generation 31900:

Oceanic mean pheno: 9.39242
Freshwater mean pheno: -9.18629
new Freshwater mean pheno: -9.72361
-------------------------------
Output1 for generation 32000:

Oceanic mean pheno: 8.9416
Freshwater mean pheno: -9.04771
new Freshwater mean pheno: -9.52612
-------------------------------
Output1 for generation 32100:

Oceanic mean pheno: 9.24514
Freshwater mean pheno: -8.71574
new Freshwater mean pheno: -9.35787
-------------------------------
Output1 for generation 32200:

Oceanic mean pheno: 9.57586
Freshwater mean pheno: -9.1724
new Freshwater mean pheno: -9.70397
-------------------------------
Output1 for generation 32300:

Oceanic mean pheno: 9.37558
Freshwater mean pheno: -8.69985
new Freshwater mean pheno: -9.55696
-------------------------------
Output1 for generation 32400:

Oceanic mean pheno: 9.57826
Freshwater mean pheno: -8.86476
new Freshwater mean pheno: -9.68004
-------------------------------
Output1 for generation 32500:

Oceanic mean pheno: 9.75621
Freshwater mean pheno: -8.70675
new Freshwater mean pheno: -9.37459
-------------------------------
Output1 for generation 32600:

Oceanic mean pheno: 9.6077
Freshwater mean pheno: -8.58832
new Freshwater mean pheno: -9.53574
-------------------------------
Output1 for generation 32700:

Oceanic mean pheno: 9.47018
Freshwater mean pheno: -8.95041
new Freshwater mean pheno: -9.25028
-------------------------------
Output1 for generation 32800:

Oceanic mean pheno: 9.76068
Freshwater mean pheno: -9.01669
new Freshwater mean pheno: -9.31578
-------------------------------
Output1 for generation 32900:

Oceanic mean pheno: 9.27967
Freshwater mean pheno: -9.02738
new Freshwater mean pheno: -9.47033
-------------------------------
Output1 for generation 33000:

Oceanic mean pheno: 9.14018
Freshwater mean pheno: -8.95382
new Freshwater mean pheno: -9.69344
-------------------------------
Output1 for generation 33100:

Oceanic mean pheno: 9.23069
Freshwater mean pheno: -8.9881
new Freshwater mean pheno: -9.61818
-------------------------------
Output1 for generation 33200:

Oceanic mean pheno: 9.28499
Freshwater mean pheno: -8.91847
new Freshwater mean pheno: -9.5173
-------------------------------
Output1 for generation 33300:

Oceanic mean pheno: 9.0372
Freshwater mean pheno: -9.22452
new Freshwater mean pheno: -9.585
-------------------------------
Output1 for generation 33400:

Oceanic mean pheno: 9.0852
Freshwater mean pheno: -9.41185
new Freshwater mean pheno: -9.27778
-------------------------------
Output1 for generation 33500:

Oceanic mean pheno: 9.56737
Freshwater mean pheno: -9.33471
new Freshwater mean pheno: -9.70078
-------------------------------
Output1 for generation 33600:

Oceanic mean pheno: 9.42732
Freshwater mean pheno: -9.28802
new Freshwater mean pheno: -9.71872
-------------------------------
Output1 for generation 33700:

Oceanic mean pheno: 9.37286
Freshwater mean pheno: -9.40495
new Freshwater mean pheno: -9.43718
-------------------------------
Output1 for generation 33800:

Oceanic mean pheno: 9.3987
Freshwater mean pheno: -9.31719
new Freshwater mean pheno: -9.36016
-------------------------------
Output1 for generation 33900:

Oceanic mean pheno: 9.18411
Freshwater mean pheno: -9.21927
new Freshwater mean pheno: -9.51137
-------------------------------
Output1 for generation 34000:

Oceanic mean pheno: 9.26717
Freshwater mean pheno: -9.11485
new Freshwater mean pheno: -9.29586
-------------------------------
Output1 for generation 34100:

Oceanic mean pheno: 9.47308
Freshwater mean pheno: -9.02571
new Freshwater mean pheno: -9.28012
-------------------------------
Output1 for generation 34200:

Oceanic mean pheno: 9.52727
Freshwater mean pheno: -9.4612
new Freshwater mean pheno: -9.15027
-------------------------------
Output1 for generation 34300:

Oceanic mean pheno: 9.33032
Freshwater mean pheno: -9.32462
new Freshwater mean pheno: -9.07275
-------------------------------
Output1 for generation 34400:

Oceanic mean pheno: 9.47993
Freshwater mean pheno: -9.18316
new Freshwater mean pheno: -9.31302
-------------------------------
Output1 for generation 34500:

Oceanic mean pheno: 9.49158
Freshwater mean pheno: -8.99908
new Freshwater mean pheno: -9.05257
-------------------------------
Output1 for generation 34600:

Oceanic mean pheno: 9.28067
Freshwater mean pheno: -9.40259
new Freshwater mean pheno: -9.08875
-------------------------------
Output1 for generation 34700:

Oceanic mean pheno: 8.892
Freshwater mean pheno: -9.22192
new Freshwater mean pheno: -9.06737
-------------------------------
Output1 for generation 34800:

Oceanic mean pheno: 9.19175
Freshwater mean pheno: -9.11666
new Freshwater mean pheno: -8.72868
-------------------------------
Output1 for generation 34900:

Oceanic mean pheno: 9.11859
Freshwater mean pheno: -9.07181
new Freshwater mean pheno: -9.07422
-------------------------------
Output1 for generation 35000:

Oceanic mean pheno: 9.15301
Freshwater mean pheno: -9.20001
new Freshwater mean pheno: -8.88542
-------------------------------
Output1 for generation 35100:

Oceanic mean pheno: 9.15213
Freshwater mean pheno: -9.21352
new Freshwater mean pheno: -9.00461
-------------------------------
Output1 for generation 35200:

Oceanic mean pheno: 9.4818
Freshwater mean pheno: -8.98165
new Freshwater mean pheno: -9.11952
-------------------------------
Output1 for generation 35300:

Oceanic mean pheno: 8.98438
Freshwater mean pheno: -9.17342
new Freshwater mean pheno: -9.07914
-------------------------------
Output1 for generation 35400:

Oceanic mean pheno: 9.35476
Freshwater mean pheno: -8.88707
new Freshwater mean pheno: -8.89787
-------------------------------
Output1 for generation 35500:

Oceanic mean pheno: 9.45391
Freshwater mean pheno: -8.85422
new Freshwater mean pheno: -8.98746
-------------------------------
Output1 for generation 35600:

Oceanic mean pheno: 9.65709
Freshwater mean pheno: -9.04214
new Freshwater mean pheno: -8.91415
-------------------------------
Output1 for generation 35700:

Oceanic mean pheno: 9.54946
Freshwater mean pheno: -8.84843
new Freshwater mean pheno: -8.91436
-------------------------------
Output1 for generation 35800:

Oceanic mean pheno: 9.66961
Freshwater mean pheno: -9.08967
new Freshwater mean pheno: -8.93558
-------------------------------
Output1 for generation 35900:

Oceanic mean pheno: 9.11
Freshwater mean pheno: -9.05432
new Freshwater mean pheno: -9.22538
-------------------------------
Output1 for generation 36000:

Oceanic mean pheno: 9.57585
Freshwater mean pheno: -9.04167
new Freshwater mean pheno: -9.24273
-------------------------------
Output1 for generation 36100:

Oceanic mean pheno: 9.69368
Freshwater mean pheno: -9.07881
new Freshwater mean pheno: -9.08925
-------------------------------
Output1 for generation 36200:

Oceanic mean pheno: 9.7163
Freshwater mean pheno: -8.6487
new Freshwater mean pheno: -8.89348
-------------------------------
Output1 for generation 36300:

Oceanic mean pheno: 9.24551
Freshwater mean pheno: -8.73115
new Freshwater mean pheno: -8.77567
-------------------------------
Output1 for generation 36400:

Oceanic mean pheno: 9.30246
Freshwater mean pheno: -8.95092
new Freshwater mean pheno: -8.85705
-------------------------------
Output1 for generation 36500:

Oceanic mean pheno: 9.24206
Freshwater mean pheno: -8.75712
new Freshwater mean pheno: -9.1699
-------------------------------
Output1 for generation 36600:

Oceanic mean pheno: 9.39081
Freshwater mean pheno: -8.76455
new Freshwater mean pheno: -9.14065
-------------------------------
Output1 for generation 36700:

Oceanic mean pheno: 9.16071
Freshwater mean pheno: -8.8022
new Freshwater mean pheno: -9.22214
-------------------------------
Output1 for generation 36800:

Oceanic mean pheno: 9.54003
Freshwater mean pheno: -9.12368
new Freshwater mean pheno: -8.87353
-------------------------------
Output1 for generation 36900:

Oceanic mean pheno: 9.26812
Freshwater mean pheno: -8.97986
new Freshwater mean pheno: -8.9256
-------------------------------
Output1 for generation 37000:

Oceanic mean pheno: 9.40104
Freshwater mean pheno: -9.00005
new Freshwater mean pheno: -9.48211
-------------------------------
Output1 for generation 37100:

Oceanic mean pheno: 9.59676
Freshwater mean pheno: -8.9043
new Freshwater mean pheno: -9.31069
-------------------------------
Output1 for generation 37200:

Oceanic mean pheno: 9.44134
Freshwater mean pheno: -9.05317
new Freshwater mean pheno: -9.34922
-------------------------------
Output1 for generation 37300:

Oceanic mean pheno: 9.32354
Freshwater mean pheno: -9.21185
new Freshwater mean pheno: -9.39859
-------------------------------
Output1 for generation 37400:

Oceanic mean pheno: 9.38635
Freshwater mean pheno: -9.26731
new Freshwater mean pheno: -9.46408
-------------------------------
Output1 for generation 37500:

Oceanic mean pheno: 9.47468
Freshwater mean pheno: -8.86148
new Freshwater mean pheno: -9.53417
-------------------------------
Output1 for generation 37600:

Oceanic mean pheno: 9.64114
Freshwater mean pheno: -9.42279
new Freshwater mean pheno: -9.23458
-------------------------------
Output1 for generation 37700:

Oceanic mean pheno: 9.39022
Freshwater mean pheno: -9.2835
new Freshwater mean pheno: -9.39087
-------------------------------
Output1 for generation 37800:

Oceanic mean pheno: 9.33184
Freshwater mean pheno: -9.16289
new Freshwater mean pheno: -9.62148
-------------------------------
Output1 for generation 37900:

Oceanic mean pheno: 9.56173
Freshwater mean pheno: -9.44364
new Freshwater mean pheno: -9.51066
-------------------------------
Output1 for generation 38000:

Oceanic mean pheno: 9.46521
Freshwater mean pheno: -9.26671
new Freshwater mean pheno: -9.41569
-------------------------------
Output1 for generation 38100:

Oceanic mean pheno: 9.0971
Freshwater mean pheno: -9.41506
new Freshwater mean pheno: -9.06034
-------------------------------
Output1 for generation 38200:

Oceanic mean pheno: 9.08795
Freshwater mean pheno: -9.35655
new Freshwater mean pheno: -8.85975
-------------------------------
Output1 for generation 38300:

Oceanic mean pheno: 9.24407
Freshwater mean pheno: -9.14363
new Freshwater mean pheno: -9.11203
-------------------------------
Output1 for generation 38400:

Oceanic mean pheno: 9.40527
Freshwater mean pheno: -9.09281
new Freshwater mean pheno: -9.24076
-------------------------------
Output1 for generation 38500:

Oceanic mean pheno: 9.29612
Freshwater mean pheno: -9.25777
new Freshwater mean pheno: -9.11386
-------------------------------
Output1 for generation 38600:

Oceanic mean pheno: 9.42148
Freshwater mean pheno: -9.12121
new Freshwater mean pheno: -9.50593
-------------------------------
Output1 for generation 38700:

Oceanic mean pheno: 9.17119
Freshwater mean pheno: -8.98924
new Freshwater mean pheno: -9.34734
-------------------------------
Output1 for generation 38800:

Oceanic mean pheno: 9.53926
Freshwater mean pheno: -9.01782
new Freshwater mean pheno: -9.37712
-------------------------------
Output1 for generation 38900:

Oceanic mean pheno: 9.60897
Freshwater mean pheno: -8.97798
new Freshwater mean pheno: -9.40301
-------------------------------
Output1 for generation 39000:

Oceanic mean pheno: 9.3136
Freshwater mean pheno: -8.85656
new Freshwater mean pheno: -9.50131
-------------------------------
Output1 for generation 39100:

Oceanic mean pheno: 9.16445
Freshwater mean pheno: -8.78975
new Freshwater mean pheno: -9.01943
-------------------------------
Output1 for generation 39200:

Oceanic mean pheno: 9.46389
Freshwater mean pheno: -8.8269
new Freshwater mean pheno: -9.30643
-------------------------------
Output1 for generation 39300:

Oceanic mean pheno: 9.29622
Freshwater mean pheno: -8.67815
new Freshwater mean pheno: -9.32943
-------------------------------
Output1 for generation 39400:

Oceanic mean pheno: 9.39156
Freshwater mean pheno: -8.77818
new Freshwater mean pheno: -9.13145
-------------------------------
Output1 for generation 39500:

Oceanic mean pheno: 9.35766
Freshwater mean pheno: -8.75113
new Freshwater mean pheno: -9.21111
-------------------------------
Output1 for generation 39600:

Oceanic mean pheno: 9.12116
Freshwater mean pheno: -8.89727
new Freshwater mean pheno: -9.09339
-------------------------------
Output1 for generation 39700:

Oceanic mean pheno: 9.27935
Freshwater mean pheno: -8.9082
new Freshwater mean pheno: -9.11917
-------------------------------
Output1 for generation 39800:

Oceanic mean pheno: 9.67346
Freshwater mean pheno: -8.64384
new Freshwater mean pheno: -9.2056
-------------------------------
Output1 for generation 39900:

Oceanic mean pheno: 9.3528
Freshwater mean pheno: -8.70738
new Freshwater mean pheno: -9.04824
-------------------------------
Output1 for generation 40000:

Oceanic mean pheno: 9.26116
Freshwater mean pheno: -8.88652
new Freshwater mean pheno: -8.91691
elapsed: 3:36:44 / kernel: 1.91 / user: 13009.74 / mem: 274800
Done!
