Task ID  - seed 010304
Parameters for SLiM run:
  -s 010304 MyRecipe5_0_8.E
// Initial random seed:
1510623307253

// RunInitializeCallbacks():
initializeSLiMOptions(dimensionality = 'x');
initializeMutationRate(1e-07);
initializeMutationType(1, 0.5, "g", 0.5, 1);
initializeMutationType(2, 0.5, "g", -0.5, 1);
initializeMutationType(3, 0.5, "f", 0);
initializeMutationType(4, 0.5, "f", 0);
initializeGenomicElementType(1, m3, 1);
initializeGenomicElementType(2, c(m1, m2, m3), c(1, 1, 1));
initializeGenomicElement(g1, 0, 4949);
initializeGenomicElement(g2, 4950, 5049);
initializeGenomicElement(g1, 5050, 9999);
initializeGenomicElement(g1, 10000, 14949);
initializeGenomicElement(g2, 14950, 15049);
initializeGenomicElement(g1, 15050, 19999);
initializeGenomicElement(g1, 20000, 24949);
initializeGenomicElement(g2, 24950, 25049);
initializeGenomicElement(g1, 25050, 29999);
initializeGenomicElement(g1, 30000, 34949);
initializeGenomicElement(g2, 34950, 35049);
initializeGenomicElement(g1, 35050, 39999);
initializeGenomicElement(g1, 40000, 44949);
initializeGenomicElement(g2, 44950, 45049);
initializeGenomicElement(g1, 45050, 49999);
initializeGenomicElement(g1, 50000, 54949);
initializeGenomicElement(g2, 54950, 55049);
initializeGenomicElement(g1, 55050, 59999);
initializeGenomicElement(g1, 60000, 64949);
initializeGenomicElement(g2, 64950, 65049);
initializeGenomicElement(g1, 65050, 69999);
initializeGenomicElement(g1, 70000, 74949);
initializeGenomicElement(g2, 74950, 75049);
initializeGenomicElement(g1, 75050, 79999);
initializeGenomicElement(g1, 80000, 84949);
initializeGenomicElement(g2, 84950, 85049);
initializeGenomicElement(g1, 85050, 89999);
initializeGenomicElement(g1, 90000, 94949);
initializeGenomicElement(g2, 94950, 95049);
initializeGenomicElement(g1, 95050, 99999);
end of chromosome position: 100000
initializeRecombinationRate(0.001);
initializeInteractionType(1, "x", reciprocal=T", maxDistance=0.02);
initializeInteractionType(2, "x", reciprocal=T", maxDistance=1);

// Starting run at generation <start>:
1 

-------------------------------
Output1 for generation 100:

Oceanic mean pheno: -7.61079e-05
Freshwater mean pheno: -0.00949584
-------------------------------
Output1 for generation 200:

Oceanic mean pheno: 0.0180432
Freshwater mean pheno: -0.244087
-------------------------------
Output1 for generation 300:

Oceanic mean pheno: 0.653244
Freshwater mean pheno: -0.39805
-------------------------------
Output1 for generation 400:

Oceanic mean pheno: 2.9671
Freshwater mean pheno: -0.623366
-------------------------------
Output1 for generation 500:

Oceanic mean pheno: 3.87123
Freshwater mean pheno: -0.834976
-------------------------------
Output1 for generation 600:

Oceanic mean pheno: 4.36146
Freshwater mean pheno: -0.81875
-------------------------------
Output1 for generation 700:

Oceanic mean pheno: 4.66973
Freshwater mean pheno: -0.88328
-------------------------------
Output1 for generation 800:

Oceanic mean pheno: 5.26799
Freshwater mean pheno: -0.862552
-------------------------------
Output1 for generation 900:

Oceanic mean pheno: 5.79832
Freshwater mean pheno: -0.888428
-------------------------------
Output1 for generation 1000:

Oceanic mean pheno: 5.99192
Freshwater mean pheno: -0.87869
-------------------------------
Output1 for generation 1100:

Oceanic mean pheno: 6.18056
Freshwater mean pheno: -0.94825
-------------------------------
Output1 for generation 1200:

Oceanic mean pheno: 6.11021
Freshwater mean pheno: -1.11636
-------------------------------
Output1 for generation 1300:

Oceanic mean pheno: 6.168
Freshwater mean pheno: -1.71061
-------------------------------
Output1 for generation 1400:

Oceanic mean pheno: 6.07141
Freshwater mean pheno: -1.94643
-------------------------------
Output1 for generation 1500:

Oceanic mean pheno: 6.19585
Freshwater mean pheno: -1.84026
-------------------------------
Output1 for generation 1600:

Oceanic mean pheno: 6.02648
Freshwater mean pheno: -1.97124
-------------------------------
Output1 for generation 1700:

Oceanic mean pheno: 6.29262
Freshwater mean pheno: -2.17089
-------------------------------
Output1 for generation 1800:

Oceanic mean pheno: 7.38632
Freshwater mean pheno: -2.23657
-------------------------------
Output1 for generation 1900:

Oceanic mean pheno: 8.63088
Freshwater mean pheno: -2.29599
-------------------------------
Output1 for generation 2000:

Oceanic mean pheno: 8.84002
Freshwater mean pheno: -2.35904
-------------------------------
Output1 for generation 2100:

Oceanic mean pheno: 9.37987
Freshwater mean pheno: -2.78428
-------------------------------
Output1 for generation 2200:

Oceanic mean pheno: 9.21091
Freshwater mean pheno: -3.19934
-------------------------------
Output1 for generation 2300:

Oceanic mean pheno: 9.2249
Freshwater mean pheno: -3.43855
-------------------------------
Output1 for generation 2400:

Oceanic mean pheno: 9.23947
Freshwater mean pheno: -3.53099
-------------------------------
Output1 for generation 2500:

Oceanic mean pheno: 9.22287
Freshwater mean pheno: -3.75787
-------------------------------
Output1 for generation 2600:

Oceanic mean pheno: 9.45699
Freshwater mean pheno: -4.12564
-------------------------------
Output1 for generation 2700:

Oceanic mean pheno: 9.39441
Freshwater mean pheno: -4.39427
-------------------------------
Output1 for generation 2800:

Oceanic mean pheno: 9.35193
Freshwater mean pheno: -4.71213
-------------------------------
Output1 for generation 2900:

Oceanic mean pheno: 9.51234
Freshwater mean pheno: -4.71489
-------------------------------
Output1 for generation 3000:

Oceanic mean pheno: 9.91915
Freshwater mean pheno: -4.67879
-------------------------------
Output1 for generation 3100:

Oceanic mean pheno: 9.667
Freshwater mean pheno: -4.69391
-------------------------------
Output1 for generation 3200:

Oceanic mean pheno: 9.39663
Freshwater mean pheno: -4.86746
-------------------------------
Output1 for generation 3300:

Oceanic mean pheno: 9.74653
Freshwater mean pheno: -5.10172
-------------------------------
Output1 for generation 3400:

Oceanic mean pheno: 9.39776
Freshwater mean pheno: -5.09891
-------------------------------
Output1 for generation 3500:

Oceanic mean pheno: 9.70931
Freshwater mean pheno: -5.20104
-------------------------------
Output1 for generation 3600:

Oceanic mean pheno: 9.57342
Freshwater mean pheno: -5.51194
-------------------------------
Output1 for generation 3700:

Oceanic mean pheno: 9.77084
Freshwater mean pheno: -5.66345
-------------------------------
Output1 for generation 3800:

Oceanic mean pheno: 9.26891
Freshwater mean pheno: -5.90362
-------------------------------
Output1 for generation 3900:

Oceanic mean pheno: 9.51896
Freshwater mean pheno: -6.00756
-------------------------------
Output1 for generation 4000:

Oceanic mean pheno: 9.55351
Freshwater mean pheno: -6.01934
-------------------------------
Output1 for generation 4100:

Oceanic mean pheno: 9.30972
Freshwater mean pheno: -6.32443
-------------------------------
Output1 for generation 4200:

Oceanic mean pheno: 9.28197
Freshwater mean pheno: -6.91412
-------------------------------
Output1 for generation 4300:

Oceanic mean pheno: 9.34239
Freshwater mean pheno: -7.15575
-------------------------------
Output1 for generation 4400:

Oceanic mean pheno: 8.86904
Freshwater mean pheno: -7.27337
-------------------------------
Output1 for generation 4500:

Oceanic mean pheno: 9.556
Freshwater mean pheno: -7.34063
-------------------------------
Output1 for generation 4600:

Oceanic mean pheno: 8.96732
Freshwater mean pheno: -7.57924
-------------------------------
Output1 for generation 4700:

Oceanic mean pheno: 9.40863
Freshwater mean pheno: -7.72074
-------------------------------
Output1 for generation 4800:

Oceanic mean pheno: 9.49065
Freshwater mean pheno: -8.11374
-------------------------------
Output1 for generation 4900:

Oceanic mean pheno: 9.28719
Freshwater mean pheno: -7.78997
-------------------------------
Output1 for generation 5000:

Oceanic mean pheno: 9.76198
Freshwater mean pheno: -7.96536
-------------------------------
Output1 for generation 5100:

Oceanic mean pheno: 9.87268
Freshwater mean pheno: -8.15947
-------------------------------
Output1 for generation 5200:

Oceanic mean pheno: 9.59296
Freshwater mean pheno: -7.89883
-------------------------------
Output1 for generation 5300:

Oceanic mean pheno: 9.41519
Freshwater mean pheno: -8.07388
-------------------------------
Output1 for generation 5400:

Oceanic mean pheno: 9.58695
Freshwater mean pheno: -8.23972
-------------------------------
Output1 for generation 5500:

Oceanic mean pheno: 9.58535
Freshwater mean pheno: -8.13696
-------------------------------
Output1 for generation 5600:

Oceanic mean pheno: 9.77763
Freshwater mean pheno: -7.94605
-------------------------------
Output1 for generation 5700:

Oceanic mean pheno: 9.35306
Freshwater mean pheno: -8.10751
-------------------------------
Output1 for generation 5800:

Oceanic mean pheno: 9.68701
Freshwater mean pheno: -8.08345
-------------------------------
Output1 for generation 5900:

Oceanic mean pheno: 9.42593
Freshwater mean pheno: -8.13046
-------------------------------
Output1 for generation 6000:

Oceanic mean pheno: 9.54639
Freshwater mean pheno: -8.19773
-------------------------------
Output1 for generation 6100:

Oceanic mean pheno: 9.59575
Freshwater mean pheno: -8.14014
-------------------------------
Output1 for generation 6200:

Oceanic mean pheno: 9.54697
Freshwater mean pheno: -8.06911
-------------------------------
Output1 for generation 6300:

Oceanic mean pheno: 9.45682
Freshwater mean pheno: -8.04914
-------------------------------
Output1 for generation 6400:

Oceanic mean pheno: 9.46367
Freshwater mean pheno: -7.9796
-------------------------------
Output1 for generation 6500:

Oceanic mean pheno: 9.72746
Freshwater mean pheno: -8.33349
-------------------------------
Output1 for generation 6600:

Oceanic mean pheno: 9.67402
Freshwater mean pheno: -8.47168
-------------------------------
Output1 for generation 6700:

Oceanic mean pheno: 9.65426
Freshwater mean pheno: -8.5995
-------------------------------
Output1 for generation 6800:

Oceanic mean pheno: 9.28272
Freshwater mean pheno: -8.26306
-------------------------------
Output1 for generation 6900:

Oceanic mean pheno: 9.3151
Freshwater mean pheno: -8.40679
-------------------------------
Output1 for generation 7000:

Oceanic mean pheno: 9.47677
Freshwater mean pheno: -8.55919
-------------------------------
Output1 for generation 7100:

Oceanic mean pheno: 9.63393
Freshwater mean pheno: -8.20154
-------------------------------
Output1 for generation 7200:

Oceanic mean pheno: 9.61615
Freshwater mean pheno: -8.49428
-------------------------------
Output1 for generation 7300:

Oceanic mean pheno: 9.54908
Freshwater mean pheno: -8.79309
-------------------------------
Output1 for generation 7400:

Oceanic mean pheno: 9.75968
Freshwater mean pheno: -8.43032
-------------------------------
Output1 for generation 7500:

Oceanic mean pheno: 9.71185
Freshwater mean pheno: -8.39121
-------------------------------
Output1 for generation 7600:

Oceanic mean pheno: 9.2832
Freshwater mean pheno: -8.8734
-------------------------------
Output1 for generation 7700:

Oceanic mean pheno: 9.75747
Freshwater mean pheno: -8.93438
-------------------------------
Output1 for generation 7800:

Oceanic mean pheno: 9.65892
Freshwater mean pheno: -8.71736
-------------------------------
Output1 for generation 7900:

Oceanic mean pheno: 10.0217
Freshwater mean pheno: -8.68979
-------------------------------
Output1 for generation 8000:

Oceanic mean pheno: 9.45886
Freshwater mean pheno: -8.99381
-------------------------------
Output1 for generation 8100:

Oceanic mean pheno: 9.51822
Freshwater mean pheno: -9.03372
-------------------------------
Output1 for generation 8200:

Oceanic mean pheno: 9.89313
Freshwater mean pheno: -9.03284
-------------------------------
Output1 for generation 8300:

Oceanic mean pheno: 9.7051
Freshwater mean pheno: -9.09104
-------------------------------
Output1 for generation 8400:

Oceanic mean pheno: 9.86057
Freshwater mean pheno: -8.9864
-------------------------------
Output1 for generation 8500:

Oceanic mean pheno: 9.68754
Freshwater mean pheno: -9.2502
-------------------------------
Output1 for generation 8600:

Oceanic mean pheno: 9.73841
Freshwater mean pheno: -9.16177
-------------------------------
Output1 for generation 8700:

Oceanic mean pheno: 9.36699
Freshwater mean pheno: -9.22755
-------------------------------
Output1 for generation 8800:

Oceanic mean pheno: 9.73687
Freshwater mean pheno: -9.15125
-------------------------------
Output1 for generation 8900:

Oceanic mean pheno: 9.65984
Freshwater mean pheno: -9.24431
-------------------------------
Output1 for generation 9000:

Oceanic mean pheno: 10.0077
Freshwater mean pheno: -9.28068
-------------------------------
Output1 for generation 9100:

Oceanic mean pheno: 9.83041
Freshwater mean pheno: -9.13859
-------------------------------
Output1 for generation 9200:

Oceanic mean pheno: 9.62425
Freshwater mean pheno: -8.79574
-------------------------------
Output1 for generation 9300:

Oceanic mean pheno: 9.78875
Freshwater mean pheno: -8.74224
-------------------------------
Output1 for generation 9400:

Oceanic mean pheno: 9.80821
Freshwater mean pheno: -8.80039
-------------------------------
Output1 for generation 9500:

Oceanic mean pheno: 9.67589
Freshwater mean pheno: -8.91256
-------------------------------
Output1 for generation 9600:

Oceanic mean pheno: 9.23753
Freshwater mean pheno: -9.05763
-------------------------------
Output1 for generation 9700:

Oceanic mean pheno: 9.35251
Freshwater mean pheno: -8.97587
-------------------------------
Output1 for generation 9800:

Oceanic mean pheno: 9.6701
Freshwater mean pheno: -8.96622
-------------------------------
Output1 for generation 9900:

Oceanic mean pheno: 9.80203
Freshwater mean pheno: -9.1609
-------------------------------
Output1 for generation 10000:

Oceanic mean pheno: 9.6862
Freshwater mean pheno: -8.82369
-------------------------------
Output1 for generation 10100:

Oceanic mean pheno: 9.1556
Freshwater mean pheno: -8.89503
-------------------------------
Output1 for generation 10200:

Oceanic mean pheno: 9.98244
Freshwater mean pheno: -8.81515
-------------------------------
Output1 for generation 10300:

Oceanic mean pheno: 9.47892
Freshwater mean pheno: -8.86545
-------------------------------
Output1 for generation 10400:

Oceanic mean pheno: 9.76126
Freshwater mean pheno: -8.78483
-------------------------------
Output1 for generation 10500:

Oceanic mean pheno: 9.7692
Freshwater mean pheno: -8.6551
-------------------------------
Output1 for generation 10600:

Oceanic mean pheno: 9.43778
Freshwater mean pheno: -8.85307
-------------------------------
Output1 for generation 10700:

Oceanic mean pheno: 9.46701
Freshwater mean pheno: -9.26249
-------------------------------
Output1 for generation 10800:

Oceanic mean pheno: 9.57344
Freshwater mean pheno: -8.78459
-------------------------------
Output1 for generation 10900:

Oceanic mean pheno: 9.66362
Freshwater mean pheno: -9.0345
-------------------------------
Output1 for generation 11000:

Oceanic mean pheno: 9.66623
Freshwater mean pheno: -8.97817
-------------------------------
Output1 for generation 11100:

Oceanic mean pheno: 9.69122
Freshwater mean pheno: -8.51457
-------------------------------
Output1 for generation 11200:

Oceanic mean pheno: 9.36595
Freshwater mean pheno: -8.80669
-------------------------------
Output1 for generation 11300:

Oceanic mean pheno: 9.84485
Freshwater mean pheno: -9.26268
-------------------------------
Output1 for generation 11400:

Oceanic mean pheno: 9.64705
Freshwater mean pheno: -9.07553
-------------------------------
Output1 for generation 11500:

Oceanic mean pheno: 9.67722
Freshwater mean pheno: -8.98928
-------------------------------
Output1 for generation 11600:

Oceanic mean pheno: 9.66952
Freshwater mean pheno: -8.88588
-------------------------------
Output1 for generation 11700:

Oceanic mean pheno: 9.50234
Freshwater mean pheno: -8.85763
-------------------------------
Output1 for generation 11800:

Oceanic mean pheno: 9.79636
Freshwater mean pheno: -9.05216
-------------------------------
Output1 for generation 11900:

Oceanic mean pheno: 9.67701
Freshwater mean pheno: -8.81793
-------------------------------
Output1 for generation 12000:

Oceanic mean pheno: 9.70769
Freshwater mean pheno: -8.97536
-------------------------------
Output1 for generation 12100:

Oceanic mean pheno: 9.46923
Freshwater mean pheno: -9.17122
-------------------------------
Output1 for generation 12200:

Oceanic mean pheno: 9.70226
Freshwater mean pheno: -9.14761
-------------------------------
Output1 for generation 12300:

Oceanic mean pheno: 9.79434
Freshwater mean pheno: -9.36335
-------------------------------
Output1 for generation 12400:

Oceanic mean pheno: 10.2133
Freshwater mean pheno: -8.604
-------------------------------
Output1 for generation 12500:

Oceanic mean pheno: 9.77037
Freshwater mean pheno: -8.55347
-------------------------------
Output1 for generation 12600:

Oceanic mean pheno: 9.51719
Freshwater mean pheno: -8.67872
-------------------------------
Output1 for generation 12700:

Oceanic mean pheno: 10.2325
Freshwater mean pheno: -8.57125
-------------------------------
Output1 for generation 12800:

Oceanic mean pheno: 9.77597
Freshwater mean pheno: -8.49167
-------------------------------
Output1 for generation 12900:

Oceanic mean pheno: 9.80538
Freshwater mean pheno: -8.51521
-------------------------------
Output1 for generation 13000:

Oceanic mean pheno: 9.78223
Freshwater mean pheno: -8.58792
-------------------------------
Output1 for generation 13100:

Oceanic mean pheno: 9.79192
Freshwater mean pheno: -8.562
-------------------------------
Output1 for generation 13200:

Oceanic mean pheno: 10.0516
Freshwater mean pheno: -8.74255
-------------------------------
Output1 for generation 13300:

Oceanic mean pheno: 9.55603
Freshwater mean pheno: -8.81969
-------------------------------
Output1 for generation 13400:

Oceanic mean pheno: 9.66169
Freshwater mean pheno: -8.68144
-------------------------------
Output1 for generation 13500:

Oceanic mean pheno: 9.78037
Freshwater mean pheno: -8.67156
-------------------------------
Output1 for generation 13600:

Oceanic mean pheno: 10.0666
Freshwater mean pheno: -8.57965
-------------------------------
Output1 for generation 13700:

Oceanic mean pheno: 9.87808
Freshwater mean pheno: -8.49573
-------------------------------
Output1 for generation 13800:

Oceanic mean pheno: 9.31034
Freshwater mean pheno: -8.66126
-------------------------------
Output1 for generation 13900:

Oceanic mean pheno: 9.63145
Freshwater mean pheno: -8.53265
-------------------------------
Output1 for generation 14000:

Oceanic mean pheno: 9.65408
Freshwater mean pheno: -8.60035
-------------------------------
Output1 for generation 14100:

Oceanic mean pheno: 9.9978
Freshwater mean pheno: -8.33926
-------------------------------
Output1 for generation 14200:

Oceanic mean pheno: 10.0136
Freshwater mean pheno: -8.52462
-------------------------------
Output1 for generation 14300:

Oceanic mean pheno: 9.96979
Freshwater mean pheno: -8.80588
-------------------------------
Output1 for generation 14400:

Oceanic mean pheno: 9.71338
Freshwater mean pheno: -8.81897
-------------------------------
Output1 for generation 14500:

Oceanic mean pheno: 9.48056
Freshwater mean pheno: -8.84476
-------------------------------
Output1 for generation 14600:

Oceanic mean pheno: 9.8129
Freshwater mean pheno: -8.95925
-------------------------------
Output1 for generation 14700:

Oceanic mean pheno: 9.68608
Freshwater mean pheno: -8.92964
-------------------------------
Output1 for generation 14800:

Oceanic mean pheno: 9.4774
Freshwater mean pheno: -9.0859
-------------------------------
Output1 for generation 14900:

Oceanic mean pheno: 9.8596
Freshwater mean pheno: -8.96577
-------------------------------
Output1 for generation 15000:

Oceanic mean pheno: 9.69919
Freshwater mean pheno: -9.03002
-------------------------------
Output1 for generation 15100:

Oceanic mean pheno: 9.37876
Freshwater mean pheno: -8.80173
-------------------------------
Output1 for generation 15200:

Oceanic mean pheno: 9.53626
Freshwater mean pheno: -8.82725
-------------------------------
Output1 for generation 15300:

Oceanic mean pheno: 9.91149
Freshwater mean pheno: -8.87267
-------------------------------
Output1 for generation 15400:

Oceanic mean pheno: 9.59836
Freshwater mean pheno: -9.12443
-------------------------------
Output1 for generation 15500:

Oceanic mean pheno: 9.34421
Freshwater mean pheno: -9.00055
-------------------------------
Output1 for generation 15600:

Oceanic mean pheno: 10.0439
Freshwater mean pheno: -8.86361
-------------------------------
Output1 for generation 15700:

Oceanic mean pheno: 9.91449
Freshwater mean pheno: -8.9246
-------------------------------
Output1 for generation 15800:

Oceanic mean pheno: 10.0378
Freshwater mean pheno: -8.81406
-------------------------------
Output1 for generation 15900:

Oceanic mean pheno: 9.77055
Freshwater mean pheno: -8.82204
-------------------------------
Output1 for generation 16000:

Oceanic mean pheno: 9.47667
Freshwater mean pheno: -8.8298
-------------------------------
Output1 for generation 16100:

Oceanic mean pheno: 9.62569
Freshwater mean pheno: -8.83346
-------------------------------
Output1 for generation 16200:

Oceanic mean pheno: 9.92275
Freshwater mean pheno: -8.88512
-------------------------------
Output1 for generation 16300:

Oceanic mean pheno: 10.0036
Freshwater mean pheno: -8.82719
-------------------------------
Output1 for generation 16400:

Oceanic mean pheno: 10.0363
Freshwater mean pheno: -9.12879
-------------------------------
Output1 for generation 16500:

Oceanic mean pheno: 10.2314
Freshwater mean pheno: -8.68353
-------------------------------
Output1 for generation 16600:

Oceanic mean pheno: 10.2176
Freshwater mean pheno: -8.89351
-------------------------------
Output1 for generation 16700:

Oceanic mean pheno: 10.2585
Freshwater mean pheno: -9.07732
-------------------------------
Output1 for generation 16800:

Oceanic mean pheno: 10.0483
Freshwater mean pheno: -8.99325
-------------------------------
Output1 for generation 16900:

Oceanic mean pheno: 9.60331
Freshwater mean pheno: -9.23543
-------------------------------
Output1 for generation 17000:

Oceanic mean pheno: 9.90174
Freshwater mean pheno: -9.09119
-------------------------------
Output1 for generation 17100:

Oceanic mean pheno: 10.0351
Freshwater mean pheno: -9.18392
-------------------------------
Output1 for generation 17200:

Oceanic mean pheno: 9.60428
Freshwater mean pheno: -8.89918
-------------------------------
Output1 for generation 17300:

Oceanic mean pheno: 9.76923
Freshwater mean pheno: -9.05824
-------------------------------
Output1 for generation 17400:

Oceanic mean pheno: 9.56606
Freshwater mean pheno: -8.81548
-------------------------------
Output1 for generation 17500:

Oceanic mean pheno: 9.35654
Freshwater mean pheno: -8.94539
-------------------------------
Output1 for generation 17600:

Oceanic mean pheno: 9.71674
Freshwater mean pheno: -9.39304
-------------------------------
Output1 for generation 17700:

Oceanic mean pheno: 9.84451
Freshwater mean pheno: -8.93106
-------------------------------
Output1 for generation 17800:

Oceanic mean pheno: 9.73833
Freshwater mean pheno: -8.56807
-------------------------------
Output1 for generation 17900:

Oceanic mean pheno: 9.89743
Freshwater mean pheno: -8.90249
-------------------------------
Output1 for generation 18000:

Oceanic mean pheno: 9.43131
Freshwater mean pheno: -8.86649
-------------------------------
Output1 for generation 18100:

Oceanic mean pheno: 9.69633
Freshwater mean pheno: -8.77996
-------------------------------
Output1 for generation 18200:

Oceanic mean pheno: 9.6771
Freshwater mean pheno: -8.94698
-------------------------------
Output1 for generation 18300:

Oceanic mean pheno: 9.74578
Freshwater mean pheno: -8.84872
-------------------------------
Output1 for generation 18400:

Oceanic mean pheno: 9.63109
Freshwater mean pheno: -9.01804
-------------------------------
Output1 for generation 18500:

Oceanic mean pheno: 9.74686
Freshwater mean pheno: -9.09168
-------------------------------
Output1 for generation 18600:

Oceanic mean pheno: 9.74503
Freshwater mean pheno: -8.88958
-------------------------------
Output1 for generation 18700:

Oceanic mean pheno: 9.72779
Freshwater mean pheno: -8.73175
-------------------------------
Output1 for generation 18800:

Oceanic mean pheno: 9.7116
Freshwater mean pheno: -8.55791
-------------------------------
Output1 for generation 18900:

Oceanic mean pheno: 9.45024
Freshwater mean pheno: -8.87727
-------------------------------
Output1 for generation 19000:

Oceanic mean pheno: 9.83519
Freshwater mean pheno: -9.09356
-------------------------------
Output1 for generation 19100:

Oceanic mean pheno: 9.61281
Freshwater mean pheno: -9.25454
-------------------------------
Output1 for generation 19200:

Oceanic mean pheno: 9.91869
Freshwater mean pheno: -9.19805
-------------------------------
Output1 for generation 19300:

Oceanic mean pheno: 9.70951
Freshwater mean pheno: -9.28703
-------------------------------
Output1 for generation 19400:

Oceanic mean pheno: 9.49965
Freshwater mean pheno: -8.73536
-------------------------------
Output1 for generation 19500:

Oceanic mean pheno: 9.66812
Freshwater mean pheno: -8.91281
-------------------------------
Output1 for generation 19600:

Oceanic mean pheno: 9.2537
Freshwater mean pheno: -8.88779
-------------------------------
Output1 for generation 19700:

Oceanic mean pheno: 9.36402
Freshwater mean pheno: -8.65572
-------------------------------
Output1 for generation 19800:

Oceanic mean pheno: 9.65072
Freshwater mean pheno: -8.61079
-------------------------------
Output1 for generation 19900:

Oceanic mean pheno: 10.0106
Freshwater mean pheno: -8.77369
#WARNING (Eidos_ExecuteFunction_writeFile): function writeFile() could not write to file at path /projects/haldane/SliMSimulations/Output1/SD.txt.
-------------------------------
Output1 for generation 20000:

Oceanic mean pheno: 10.0684
Freshwater mean pheno: -8.85114
new Freshwater mean pheno: 10.0505
-------------------------------
Output1 for generation 20100:

Oceanic mean pheno: 9.27924
Freshwater mean pheno: -8.77564
new Freshwater mean pheno: -7.29793
-------------------------------
Output1 for generation 20200:

Oceanic mean pheno: 9.46156
Freshwater mean pheno: -8.77602
new Freshwater mean pheno: -8.89799
-------------------------------
Output1 for generation 20300:

Oceanic mean pheno: 9.14824
Freshwater mean pheno: -8.68077
new Freshwater mean pheno: -9.35773
-------------------------------
Output1 for generation 20400:

Oceanic mean pheno: 9.06828
Freshwater mean pheno: -8.89678
new Freshwater mean pheno: -9.63107
-------------------------------
Output1 for generation 20500:

Oceanic mean pheno: 9.26038
Freshwater mean pheno: -9.09118
new Freshwater mean pheno: -9.70694
-------------------------------
Output1 for generation 20600:

Oceanic mean pheno: 9.08006
Freshwater mean pheno: -8.95047
new Freshwater mean pheno: -9.51439
-------------------------------
Output1 for generation 20700:

Oceanic mean pheno: 9.10103
Freshwater mean pheno: -8.88833
new Freshwater mean pheno: -9.70234
-------------------------------
Output1 for generation 20800:

Oceanic mean pheno: 9.24333
Freshwater mean pheno: -8.81338
new Freshwater mean pheno: -9.75347
-------------------------------
Output1 for generation 20900:

Oceanic mean pheno: 9.38248
Freshwater mean pheno: -9.19309
new Freshwater mean pheno: -9.57596
-------------------------------
Output1 for generation 21000:

Oceanic mean pheno: 9.29827
Freshwater mean pheno: -8.90493
new Freshwater mean pheno: -9.61114
-------------------------------
Output1 for generation 21100:

Oceanic mean pheno: 9.00461
Freshwater mean pheno: -8.92692
new Freshwater mean pheno: -9.47056
-------------------------------
Output1 for generation 21200:

Oceanic mean pheno: 9.08817
Freshwater mean pheno: -8.66212
new Freshwater mean pheno: -9.52613
-------------------------------
Output1 for generation 21300:

Oceanic mean pheno: 9.47845
Freshwater mean pheno: -8.68999
new Freshwater mean pheno: -9.50114
-------------------------------
Output1 for generation 21400:

Oceanic mean pheno: 9.25504
Freshwater mean pheno: -9.0882
new Freshwater mean pheno: -9.58013
-------------------------------
Output1 for generation 21500:

Oceanic mean pheno: 9.08362
Freshwater mean pheno: -8.99357
new Freshwater mean pheno: -9.39255
-------------------------------
Output1 for generation 21600:

Oceanic mean pheno: 9.22624
Freshwater mean pheno: -9.2859
new Freshwater mean pheno: -9.85792
-------------------------------
Output1 for generation 21700:

Oceanic mean pheno: 9.20462
Freshwater mean pheno: -9.34124
new Freshwater mean pheno: -9.68746
-------------------------------
Output1 for generation 21800:

Oceanic mean pheno: 9.24167
Freshwater mean pheno: -9.05854
new Freshwater mean pheno: -9.62194
-------------------------------
Output1 for generation 21900:

Oceanic mean pheno: 8.94691
Freshwater mean pheno: -9.09617
new Freshwater mean pheno: -9.70272
-------------------------------
Output1 for generation 22000:

Oceanic mean pheno: 8.80361
Freshwater mean pheno: -9.26658
new Freshwater mean pheno: -9.42476
-------------------------------
Output1 for generation 22100:

Oceanic mean pheno: 9.48108
Freshwater mean pheno: -9.43398
new Freshwater mean pheno: -9.67815
-------------------------------
Output1 for generation 22200:

Oceanic mean pheno: 9.33723
Freshwater mean pheno: -9.36591
new Freshwater mean pheno: -9.5428
-------------------------------
Output1 for generation 22300:

Oceanic mean pheno: 9.263
Freshwater mean pheno: -9.20384
new Freshwater mean pheno: -9.60728
-------------------------------
Output1 for generation 22400:

Oceanic mean pheno: 8.87902
Freshwater mean pheno: -9.31924
new Freshwater mean pheno: -9.3439
-------------------------------
Output1 for generation 22500:

Oceanic mean pheno: 9.14358
Freshwater mean pheno: -9.21966
new Freshwater mean pheno: -9.3059
-------------------------------
Output1 for generation 22600:

Oceanic mean pheno: 9.21525
Freshwater mean pheno: -8.9441
new Freshwater mean pheno: -9.18551
-------------------------------
Output1 for generation 22700:

Oceanic mean pheno: 9.04105
Freshwater mean pheno: -9.04213
new Freshwater mean pheno: -9.17078
-------------------------------
Output1 for generation 22800:

Oceanic mean pheno: 9.37633
Freshwater mean pheno: -8.70236
new Freshwater mean pheno: -9.01863
-------------------------------
Output1 for generation 22900:

Oceanic mean pheno: 9.51784
Freshwater mean pheno: -8.90849
new Freshwater mean pheno: -9.05406
-------------------------------
Output1 for generation 23000:

Oceanic mean pheno: 9.23737
Freshwater mean pheno: -8.78886
new Freshwater mean pheno: -9.13473
-------------------------------
Output1 for generation 23100:

Oceanic mean pheno: 9.56293
Freshwater mean pheno: -8.92726
new Freshwater mean pheno: -9.20726
-------------------------------
Output1 for generation 23200:

Oceanic mean pheno: 9.06896
Freshwater mean pheno: -8.96293
new Freshwater mean pheno: -9.16422
-------------------------------
Output1 for generation 23300:

Oceanic mean pheno: 9.55173
Freshwater mean pheno: -8.61519
new Freshwater mean pheno: -9.48387
-------------------------------
Output1 for generation 23400:

Oceanic mean pheno: 9.25284
Freshwater mean pheno: -8.81738
new Freshwater mean pheno: -9.00765
-------------------------------
Output1 for generation 23500:

Oceanic mean pheno: 9.452
Freshwater mean pheno: -9.00714
new Freshwater mean pheno: -8.87865
-------------------------------
Output1 for generation 23600:

Oceanic mean pheno: 8.95074
Freshwater mean pheno: -8.69636
new Freshwater mean pheno: -8.95417
-------------------------------
Output1 for generation 23700:

Oceanic mean pheno: 9.0959
Freshwater mean pheno: -8.82973
new Freshwater mean pheno: -9.22656
-------------------------------
Output1 for generation 23800:

Oceanic mean pheno: 9.13661
Freshwater mean pheno: -8.94489
new Freshwater mean pheno: -9.18419
-------------------------------
Output1 for generation 23900:

Oceanic mean pheno: 9.48961
Freshwater mean pheno: -9.08756
new Freshwater mean pheno: -9.07682
-------------------------------
Output1 for generation 24000:

Oceanic mean pheno: 9.09407
Freshwater mean pheno: -9.18554
new Freshwater mean pheno: -9.01912
-------------------------------
Output1 for generation 24100:

Oceanic mean pheno: 8.94489
Freshwater mean pheno: -8.86342
new Freshwater mean pheno: -9.1831
-------------------------------
Output1 for generation 24200:

Oceanic mean pheno: 9.44321
Freshwater mean pheno: -8.77524
new Freshwater mean pheno: -9.20918
-------------------------------
Output1 for generation 24300:

Oceanic mean pheno: 9.33519
Freshwater mean pheno: -8.99949
new Freshwater mean pheno: -8.57601
-------------------------------
Output1 for generation 24400:

Oceanic mean pheno: 9.06897
Freshwater mean pheno: -8.8379
new Freshwater mean pheno: -8.65695
-------------------------------
Output1 for generation 24500:

Oceanic mean pheno: 9.42297
Freshwater mean pheno: -8.91579
new Freshwater mean pheno: -8.92337
-------------------------------
Output1 for generation 24600:

Oceanic mean pheno: 9.55559
Freshwater mean pheno: -8.75382
new Freshwater mean pheno: -8.7832
-------------------------------
Output1 for generation 24700:

Oceanic mean pheno: 9.40658
Freshwater mean pheno: -8.58558
new Freshwater mean pheno: -8.83807
-------------------------------
Output1 for generation 24800:

Oceanic mean pheno: 9.26167
Freshwater mean pheno: -8.88803
new Freshwater mean pheno: -9.0025
-------------------------------
Output1 for generation 24900:

Oceanic mean pheno: 9.36917
Freshwater mean pheno: -9.09452
new Freshwater mean pheno: -9.02043
-------------------------------
Output1 for generation 25000:

Oceanic mean pheno: 9.44687
Freshwater mean pheno: -9.06635
new Freshwater mean pheno: -8.83116
-------------------------------
Output1 for generation 25100:

Oceanic mean pheno: 9.00973
Freshwater mean pheno: -9.21494
new Freshwater mean pheno: -9.15098
-------------------------------
Output1 for generation 25200:

Oceanic mean pheno: 9.41848
Freshwater mean pheno: -8.97549
new Freshwater mean pheno: -9.00275
-------------------------------
Output1 for generation 25300:

Oceanic mean pheno: 9.30341
Freshwater mean pheno: -8.80659
new Freshwater mean pheno: -8.8117
-------------------------------
Output1 for generation 25400:

Oceanic mean pheno: 8.87618
Freshwater mean pheno: -8.79723
new Freshwater mean pheno: -8.82599
-------------------------------
Output1 for generation 25500:

Oceanic mean pheno: 9.15983
Freshwater mean pheno: -8.84234
new Freshwater mean pheno: -8.86567
-------------------------------
Output1 for generation 25600:

Oceanic mean pheno: 9.09411
Freshwater mean pheno: -8.86767
new Freshwater mean pheno: -8.9786
-------------------------------
Output1 for generation 25700:

Oceanic mean pheno: 9.52688
Freshwater mean pheno: -8.90329
new Freshwater mean pheno: -9.25849
-------------------------------
Output1 for generation 25800:

Oceanic mean pheno: 9.45925
Freshwater mean pheno: -8.92097
new Freshwater mean pheno: -9.10235
-------------------------------
Output1 for generation 25900:

Oceanic mean pheno: 9.64327
Freshwater mean pheno: -8.85303
new Freshwater mean pheno: -8.99248
-------------------------------
Output1 for generation 26000:

Oceanic mean pheno: 9.28777
Freshwater mean pheno: -8.55776
new Freshwater mean pheno: -9.02695
-------------------------------
Output1 for generation 26100:

Oceanic mean pheno: 9.70252
Freshwater mean pheno: -8.63015
new Freshwater mean pheno: -9.01754
-------------------------------
Output1 for generation 26200:

Oceanic mean pheno: 9.12538
Freshwater mean pheno: -8.80885
new Freshwater mean pheno: -9.19821
-------------------------------
Output1 for generation 26300:

Oceanic mean pheno: 9.05075
Freshwater mean pheno: -8.84264
new Freshwater mean pheno: -9.25569
-------------------------------
Output1 for generation 26400:

Oceanic mean pheno: 9.48682
Freshwater mean pheno: -8.97111
new Freshwater mean pheno: -9.34187
-------------------------------
Output1 for generation 26500:

Oceanic mean pheno: 9.08614
Freshwater mean pheno: -9.04315
new Freshwater mean pheno: -9.26519
-------------------------------
Output1 for generation 26600:

Oceanic mean pheno: 9.55696
Freshwater mean pheno: -9.038
new Freshwater mean pheno: -9.45972
-------------------------------
Output1 for generation 26700:

Oceanic mean pheno: 9.4691
Freshwater mean pheno: -9.05621
new Freshwater mean pheno: -9.30986
-------------------------------
Output1 for generation 26800:

Oceanic mean pheno: 9.13087
Freshwater mean pheno: -9.26949
new Freshwater mean pheno: -9.61372
-------------------------------
Output1 for generation 26900:

Oceanic mean pheno: 9.44246
Freshwater mean pheno: -9.29754
new Freshwater mean pheno: -9.57485
-------------------------------
Output1 for generation 27000:

Oceanic mean pheno: 9.15254
Freshwater mean pheno: -9.70567
new Freshwater mean pheno: -9.45588
-------------------------------
Output1 for generation 27100:

Oceanic mean pheno: 9.25265
Freshwater mean pheno: -9.14047
new Freshwater mean pheno: -9.10873
-------------------------------
Output1 for generation 27200:

Oceanic mean pheno: 9.07789
Freshwater mean pheno: -9.17765
new Freshwater mean pheno: -9.59833
-------------------------------
Output1 for generation 27300:

Oceanic mean pheno: 9.22192
Freshwater mean pheno: -9.18977
new Freshwater mean pheno: -9.34472
-------------------------------
Output1 for generation 27400:

Oceanic mean pheno: 9.45057
Freshwater mean pheno: -9.67609
new Freshwater mean pheno: -9.25349
-------------------------------
Output1 for generation 27500:

Oceanic mean pheno: 9.31618
Freshwater mean pheno: -9.32028
new Freshwater mean pheno: -9.0585
-------------------------------
Output1 for generation 27600:

Oceanic mean pheno: 9.12002
Freshwater mean pheno: -9.6017
new Freshwater mean pheno: -8.96158
-------------------------------
Output1 for generation 27700:

Oceanic mean pheno: 9.28265
Freshwater mean pheno: -8.91972
new Freshwater mean pheno: -8.99163
-------------------------------
Output1 for generation 27800:

Oceanic mean pheno: 9.26627
Freshwater mean pheno: -8.87157
new Freshwater mean pheno: -8.72604
-------------------------------
Output1 for generation 27900:

Oceanic mean pheno: 9.29681
Freshwater mean pheno: -9.3883
new Freshwater mean pheno: -8.59571
-------------------------------
Output1 for generation 28000:

Oceanic mean pheno: 9.21882
Freshwater mean pheno: -9.06636
new Freshwater mean pheno: -8.74485
-------------------------------
Output1 for generation 28100:

Oceanic mean pheno: 9.68848
Freshwater mean pheno: -9.07858
new Freshwater mean pheno: -8.82673
-------------------------------
Output1 for generation 28200:

Oceanic mean pheno: 9.24691
Freshwater mean pheno: -9.07185
new Freshwater mean pheno: -8.87567
-------------------------------
Output1 for generation 28300:

Oceanic mean pheno: 9.27864
Freshwater mean pheno: -8.95064
new Freshwater mean pheno: -8.56373
-------------------------------
Output1 for generation 28400:

Oceanic mean pheno: 9.1714
Freshwater mean pheno: -8.95055
new Freshwater mean pheno: -8.46716
-------------------------------
Output1 for generation 28500:

Oceanic mean pheno: 9.42811
Freshwater mean pheno: -9.12944
new Freshwater mean pheno: -8.76198
-------------------------------
Output1 for generation 28600:

Oceanic mean pheno: 9.12147
Freshwater mean pheno: -9.01426
new Freshwater mean pheno: -8.7899
-------------------------------
Output1 for generation 28700:

Oceanic mean pheno: 8.9831
Freshwater mean pheno: -9.11121
new Freshwater mean pheno: -8.6335
-------------------------------
Output1 for generation 28800:

Oceanic mean pheno: 9.66013
Freshwater mean pheno: -9.10126
new Freshwater mean pheno: -8.53193
-------------------------------
Output1 for generation 28900:

Oceanic mean pheno: 9.26219
Freshwater mean pheno: -9.2106
new Freshwater mean pheno: -8.75767
-------------------------------
Output1 for generation 29000:

Oceanic mean pheno: 9.1255
Freshwater mean pheno: -9.04805
new Freshwater mean pheno: -8.66336
-------------------------------
Output1 for generation 29100:

Oceanic mean pheno: 9.60483
Freshwater mean pheno: -9.01236
new Freshwater mean pheno: -8.86556
-------------------------------
Output1 for generation 29200:

Oceanic mean pheno: 9.45327
Freshwater mean pheno: -8.88371
new Freshwater mean pheno: -9.00767
-------------------------------
Output1 for generation 29300:

Oceanic mean pheno: 9.14626
Freshwater mean pheno: -9.18307
new Freshwater mean pheno: -9.03646
-------------------------------
Output1 for generation 29400:

Oceanic mean pheno: 9.11326
Freshwater mean pheno: -9.39409
new Freshwater mean pheno: -9.03845
-------------------------------
Output1 for generation 29500:

Oceanic mean pheno: 9.33917
Freshwater mean pheno: -9.16913
new Freshwater mean pheno: -8.68471
-------------------------------
Output1 for generation 29600:

Oceanic mean pheno: 9.22458
Freshwater mean pheno: -9.26107
new Freshwater mean pheno: -8.95623
-------------------------------
Output1 for generation 29700:

Oceanic mean pheno: 9.34016
Freshwater mean pheno: -8.93616
new Freshwater mean pheno: -9.04343
-------------------------------
Output1 for generation 29800:

Oceanic mean pheno: 9.22588
Freshwater mean pheno: -8.85958
new Freshwater mean pheno: -8.88342
-------------------------------
Output1 for generation 29900:

Oceanic mean pheno: 9.39118
Freshwater mean pheno: -9.24823
new Freshwater mean pheno: -8.97723
-------------------------------
Output1 for generation 30000:

Oceanic mean pheno: 9.57812
Freshwater mean pheno: -9.13311
new Freshwater mean pheno: -9.02398
-------------------------------
Output1 for generation 30100:

Oceanic mean pheno: 8.86895
Freshwater mean pheno: -9.06626
new Freshwater mean pheno: -9.14089
-------------------------------
Output1 for generation 30200:

Oceanic mean pheno: 9.32806
Freshwater mean pheno: -8.93923
new Freshwater mean pheno: -9.43379
-------------------------------
Output1 for generation 30300:

Oceanic mean pheno: 8.88498
Freshwater mean pheno: -9.14615
new Freshwater mean pheno: -9.14396
-------------------------------
Output1 for generation 30400:

Oceanic mean pheno: 9.48375
Freshwater mean pheno: -9.23915
new Freshwater mean pheno: -9.31043
-------------------------------
Output1 for generation 30500:

Oceanic mean pheno: 9.34955
Freshwater mean pheno: -9.08139
new Freshwater mean pheno: -9.35271
-------------------------------
Output1 for generation 30600:

Oceanic mean pheno: 8.85089
Freshwater mean pheno: -9.15113
new Freshwater mean pheno: -9.04832
-------------------------------
Output1 for generation 30700:

Oceanic mean pheno: 9.19868
Freshwater mean pheno: -9.09926
new Freshwater mean pheno: -9.06182
-------------------------------
Output1 for generation 30800:

Oceanic mean pheno: 9.26059
Freshwater mean pheno: -9.2799
new Freshwater mean pheno: -9.16642
-------------------------------
Output1 for generation 30900:

Oceanic mean pheno: 9.20733
Freshwater mean pheno: -9.24935
new Freshwater mean pheno: -9.31466
-------------------------------
Output1 for generation 31000:

Oceanic mean pheno: 9.46487
Freshwater mean pheno: -9.1892
new Freshwater mean pheno: -9.24722
-------------------------------
Output1 for generation 31100:

Oceanic mean pheno: 9.21344
Freshwater mean pheno: -9.12289
new Freshwater mean pheno: -9.3428
-------------------------------
Output1 for generation 31200:

Oceanic mean pheno: 9.77927
Freshwater mean pheno: -9.27575
new Freshwater mean pheno: -9.2498
-------------------------------
Output1 for generation 31300:

Oceanic mean pheno: 9.66307
Freshwater mean pheno: -9.35832
new Freshwater mean pheno: -9.34281
-------------------------------
Output1 for generation 31400:

Oceanic mean pheno: 9.68379
Freshwater mean pheno: -9.01025
new Freshwater mean pheno: -9.37768
-------------------------------
Output1 for generation 31500:

Oceanic mean pheno: 9.32889
Freshwater mean pheno: -9.60277
new Freshwater mean pheno: -9.20478
-------------------------------
Output1 for generation 31600:

Oceanic mean pheno: 9.30217
Freshwater mean pheno: -9.62648
new Freshwater mean pheno: -8.99677
-------------------------------
Output1 for generation 31700:

Oceanic mean pheno: 9.41736
Freshwater mean pheno: -9.42433
new Freshwater mean pheno: -8.92991
-------------------------------
Output1 for generation 31800:

Oceanic mean pheno: 9.41362
Freshwater mean pheno: -9.45854
new Freshwater mean pheno: -8.83442
-------------------------------
Output1 for generation 31900:

Oceanic mean pheno: 9.43744
Freshwater mean pheno: -9.43126
new Freshwater mean pheno: -9.1742
-------------------------------
Output1 for generation 32000:

Oceanic mean pheno: 9.04766
Freshwater mean pheno: -9.73875
new Freshwater mean pheno: -9.14064
-------------------------------
Output1 for generation 32100:

Oceanic mean pheno: 9.607
Freshwater mean pheno: -9.61269
new Freshwater mean pheno: -9.07853
-------------------------------
Output1 for generation 32200:

Oceanic mean pheno: 9.5555
Freshwater mean pheno: -9.56031
new Freshwater mean pheno: -9.16653
-------------------------------
Output1 for generation 32300:

Oceanic mean pheno: 9.84397
Freshwater mean pheno: -9.819
new Freshwater mean pheno: -8.85881
-------------------------------
Output1 for generation 32400:

Oceanic mean pheno: 9.27968
Freshwater mean pheno: -9.63267
new Freshwater mean pheno: -8.91972
-------------------------------
Output1 for generation 32500:

Oceanic mean pheno: 9.44627
Freshwater mean pheno: -9.32239
new Freshwater mean pheno: -8.69611
-------------------------------
Output1 for generation 32600:

Oceanic mean pheno: 9.20882
Freshwater mean pheno: -9.29294
new Freshwater mean pheno: -8.65784
-------------------------------
Output1 for generation 32700:

Oceanic mean pheno: 9.5904
Freshwater mean pheno: -9.47135
new Freshwater mean pheno: -8.74799
-------------------------------
Output1 for generation 32800:

Oceanic mean pheno: 9.5043
Freshwater mean pheno: -9.32826
new Freshwater mean pheno: -9.32752
-------------------------------
Output1 for generation 32900:

Oceanic mean pheno: 9.50753
Freshwater mean pheno: -9.35909
new Freshwater mean pheno: -9.16748
-------------------------------
Output1 for generation 33000:

Oceanic mean pheno: 9.26105
Freshwater mean pheno: -9.66017
new Freshwater mean pheno: -8.99131
-------------------------------
Output1 for generation 33100:

Oceanic mean pheno: 9.19897
Freshwater mean pheno: -9.40725
new Freshwater mean pheno: -9.08692
-------------------------------
Output1 for generation 33200:

Oceanic mean pheno: 9.35745
Freshwater mean pheno: -9.75714
new Freshwater mean pheno: -9.10092
-------------------------------
Output1 for generation 33300:

Oceanic mean pheno: 9.25902
Freshwater mean pheno: -9.76129
new Freshwater mean pheno: -8.9026
-------------------------------
Output1 for generation 33400:

Oceanic mean pheno: 9.02412
Freshwater mean pheno: -9.76192
new Freshwater mean pheno: -8.91324
-------------------------------
Output1 for generation 33500:

Oceanic mean pheno: 9.38238
Freshwater mean pheno: -9.62874
new Freshwater mean pheno: -9.06146
-------------------------------
Output1 for generation 33600:

Oceanic mean pheno: 9.12017
Freshwater mean pheno: -9.53973
new Freshwater mean pheno: -9.04918
-------------------------------
Output1 for generation 33700:

Oceanic mean pheno: 8.71394
Freshwater mean pheno: -9.41214
new Freshwater mean pheno: -8.83107
-------------------------------
Output1 for generation 33800:

Oceanic mean pheno: 9.23669
Freshwater mean pheno: -9.37342
new Freshwater mean pheno: -9.03802
-------------------------------
Output1 for generation 33900:

Oceanic mean pheno: 9.34891
Freshwater mean pheno: -9.45689
new Freshwater mean pheno: -9.16583
-------------------------------
Output1 for generation 34000:

Oceanic mean pheno: 9.16603
Freshwater mean pheno: -9.45674
new Freshwater mean pheno: -9.0171
-------------------------------
Output1 for generation 34100:

Oceanic mean pheno: 9.08888
Freshwater mean pheno: -9.3368
new Freshwater mean pheno: -9.3145
-------------------------------
Output1 for generation 34200:

Oceanic mean pheno: 9.54443
Freshwater mean pheno: -9.42935
new Freshwater mean pheno: -9.45064
-------------------------------
Output1 for generation 34300:

Oceanic mean pheno: 9.55235
Freshwater mean pheno: -9.35256
new Freshwater mean pheno: -9.1741
-------------------------------
Output1 for generation 34400:

Oceanic mean pheno: 9.3821
Freshwater mean pheno: -9.30355
new Freshwater mean pheno: -9.32828
-------------------------------
Output1 for generation 34500:

Oceanic mean pheno: 9.4943
Freshwater mean pheno: -9.21893
new Freshwater mean pheno: -9.40813
-------------------------------
Output1 for generation 34600:

Oceanic mean pheno: 9.23399
Freshwater mean pheno: -9.35087
new Freshwater mean pheno: -9.38229
-------------------------------
Output1 for generation 34700:

Oceanic mean pheno: 9.0434
Freshwater mean pheno: -9.19983
new Freshwater mean pheno: -8.94959
-------------------------------
Output1 for generation 34800:

Oceanic mean pheno: 9.19549
Freshwater mean pheno: -9.03895
new Freshwater mean pheno: -9.0907
-------------------------------
Output1 for generation 34900:

Oceanic mean pheno: 9.28934
Freshwater mean pheno: -9.12135
new Freshwater mean pheno: -9.62943
-------------------------------
Output1 for generation 35000:

Oceanic mean pheno: 9.37817
Freshwater mean pheno: -8.95509
new Freshwater mean pheno: -9.52379
-------------------------------
Output1 for generation 35100:

Oceanic mean pheno: 9.50484
Freshwater mean pheno: -9.12678
new Freshwater mean pheno: -9.11585
-------------------------------
Output1 for generation 35200:

Oceanic mean pheno: 9.4933
Freshwater mean pheno: -9.07748
new Freshwater mean pheno: -9.2538
-------------------------------
Output1 for generation 35300:

Oceanic mean pheno: 9.30962
Freshwater mean pheno: -9.19179
new Freshwater mean pheno: -9.36329
-------------------------------
Output1 for generation 35400:

Oceanic mean pheno: 9.10169
Freshwater mean pheno: -8.90473
new Freshwater mean pheno: -9.56475
-------------------------------
Output1 for generation 35500:

Oceanic mean pheno: 8.97494
Freshwater mean pheno: -8.701
new Freshwater mean pheno: -9.04105
-------------------------------
Output1 for generation 35600:

Oceanic mean pheno: 9.26208
Freshwater mean pheno: -8.88217
new Freshwater mean pheno: -9.3333
-------------------------------
Output1 for generation 35700:

Oceanic mean pheno: 9.67451
Freshwater mean pheno: -9.09079
new Freshwater mean pheno: -9.19262
-------------------------------
Output1 for generation 35800:

Oceanic mean pheno: 9.24749
Freshwater mean pheno: -9.29824
new Freshwater mean pheno: -9.82236
-------------------------------
Output1 for generation 35900:

Oceanic mean pheno: 8.98294
Freshwater mean pheno: -8.87594
new Freshwater mean pheno: -9.39212
-------------------------------
Output1 for generation 36000:

Oceanic mean pheno: 9.5725
Freshwater mean pheno: -9.13311
new Freshwater mean pheno: -9.45669
-------------------------------
Output1 for generation 36100:

Oceanic mean pheno: 9.34879
Freshwater mean pheno: -9.2572
new Freshwater mean pheno: -9.25117
-------------------------------
Output1 for generation 36200:

Oceanic mean pheno: 9.18858
Freshwater mean pheno: -8.97871
new Freshwater mean pheno: -9.14027
-------------------------------
Output1 for generation 36300:

Oceanic mean pheno: 9.43241
Freshwater mean pheno: -8.90798
new Freshwater mean pheno: -9.19089
-------------------------------
Output1 for generation 36400:

Oceanic mean pheno: 9.27526
Freshwater mean pheno: -9.35948
new Freshwater mean pheno: -9.27148
-------------------------------
Output1 for generation 36500:

Oceanic mean pheno: 9.16212
Freshwater mean pheno: -8.75731
new Freshwater mean pheno: -9.22339
-------------------------------
Output1 for generation 36600:

Oceanic mean pheno: 9.23957
Freshwater mean pheno: -9.01569
new Freshwater mean pheno: -9.26458
-------------------------------
Output1 for generation 36700:

Oceanic mean pheno: 8.95667
Freshwater mean pheno: -9.39948
new Freshwater mean pheno: -9.4139
-------------------------------
Output1 for generation 36800:

Oceanic mean pheno: 9.59699
Freshwater mean pheno: -9.34705
new Freshwater mean pheno: -9.28787
-------------------------------
Output1 for generation 36900:

Oceanic mean pheno: 9.57066
Freshwater mean pheno: -9.39356
new Freshwater mean pheno: -9.4187
-------------------------------
Output1 for generation 37000:

Oceanic mean pheno: 9.60438
Freshwater mean pheno: -9.42113
new Freshwater mean pheno: -9.36811
-------------------------------
Output1 for generation 37100:

Oceanic mean pheno: 9.69518
Freshwater mean pheno: -9.57581
new Freshwater mean pheno: -9.3241
-------------------------------
Output1 for generation 37200:

Oceanic mean pheno: 9.66787
Freshwater mean pheno: -9.54367
new Freshwater mean pheno: -9.36557
-------------------------------
Output1 for generation 37300:

Oceanic mean pheno: 9.59014
Freshwater mean pheno: -9.14192
new Freshwater mean pheno: -9.19492
-------------------------------
Output1 for generation 37400:

Oceanic mean pheno: 9.3418
Freshwater mean pheno: -9.22208
new Freshwater mean pheno: -9.14106
-------------------------------
Output1 for generation 37500:

Oceanic mean pheno: 9.4929
Freshwater mean pheno: -8.98674
new Freshwater mean pheno: -9.49822
-------------------------------
Output1 for generation 37600:

Oceanic mean pheno: 9.14989
Freshwater mean pheno: -8.75017
new Freshwater mean pheno: -9.61169
-------------------------------
Output1 for generation 37700:

Oceanic mean pheno: 9.30105
Freshwater mean pheno: -9.26844
new Freshwater mean pheno: -9.39285
-------------------------------
Output1 for generation 37800:

Oceanic mean pheno: 9.19159
Freshwater mean pheno: -8.9227
new Freshwater mean pheno: -9.34821
-------------------------------
Output1 for generation 37900:

Oceanic mean pheno: 9.31601
Freshwater mean pheno: -8.89797
new Freshwater mean pheno: -9.2155
-------------------------------
Output1 for generation 38000:

Oceanic mean pheno: 9.06663
Freshwater mean pheno: -9.13321
new Freshwater mean pheno: -9.39309
-------------------------------
Output1 for generation 38100:

Oceanic mean pheno: 9.07486
Freshwater mean pheno: -8.7803
new Freshwater mean pheno: -9.29626
-------------------------------
Output1 for generation 38200:

Oceanic mean pheno: 9.28511
Freshwater mean pheno: -8.69068
new Freshwater mean pheno: -9.25782
-------------------------------
Output1 for generation 38300:

Oceanic mean pheno: 9.2056
Freshwater mean pheno: -9.0455
new Freshwater mean pheno: -9.26151
-------------------------------
Output1 for generation 38400:

Oceanic mean pheno: 9.59206
Freshwater mean pheno: -9.10604
new Freshwater mean pheno: -9.48602
-------------------------------
Output1 for generation 38500:

Oceanic mean pheno: 9.68798
Freshwater mean pheno: -9.35329
new Freshwater mean pheno: -9.32484
-------------------------------
Output1 for generation 38600:

Oceanic mean pheno: 9.49545
Freshwater mean pheno: -9.42392
new Freshwater mean pheno: -8.99643
-------------------------------
Output1 for generation 38700:

Oceanic mean pheno: 9.37259
Freshwater mean pheno: -8.91299
new Freshwater mean pheno: -9.2759
-------------------------------
Output1 for generation 38800:

Oceanic mean pheno: 9.19627
Freshwater mean pheno: -8.89067
new Freshwater mean pheno: -9.32512
-------------------------------
Output1 for generation 38900:

Oceanic mean pheno: 9.48543
Freshwater mean pheno: -9.09276
new Freshwater mean pheno: -9.26763
-------------------------------
Output1 for generation 39000:

Oceanic mean pheno: 9.59654
Freshwater mean pheno: -8.94591
new Freshwater mean pheno: -9.44604
-------------------------------
Output1 for generation 39100:

Oceanic mean pheno: 9.53917
Freshwater mean pheno: -9.00421
new Freshwater mean pheno: -9.40077
-------------------------------
Output1 for generation 39200:

Oceanic mean pheno: 8.9889
Freshwater mean pheno: -8.9846
new Freshwater mean pheno: -9.2544
-------------------------------
Output1 for generation 39300:

Oceanic mean pheno: 9.29371
Freshwater mean pheno: -9.23552
new Freshwater mean pheno: -9.45436
-------------------------------
Output1 for generation 39400:

Oceanic mean pheno: 9.46423
Freshwater mean pheno: -9.29302
new Freshwater mean pheno: -9.1808
-------------------------------
Output1 for generation 39500:

Oceanic mean pheno: 9.73982
Freshwater mean pheno: -9.1764
new Freshwater mean pheno: -9.12059
-------------------------------
Output1 for generation 39600:

Oceanic mean pheno: 9.68075
Freshwater mean pheno: -8.98499
new Freshwater mean pheno: -9.2653
-------------------------------
Output1 for generation 39700:

Oceanic mean pheno: 9.46742
Freshwater mean pheno: -8.92514
new Freshwater mean pheno: -9.20458
-------------------------------
Output1 for generation 39800:

Oceanic mean pheno: 9.35244
Freshwater mean pheno: -9.15088
new Freshwater mean pheno: -9.03215
-------------------------------
Output1 for generation 39900:

Oceanic mean pheno: 9.14239
Freshwater mean pheno: -9.14458
new Freshwater mean pheno: -9.02422
-------------------------------
Output1 for generation 40000:

Oceanic mean pheno: 9.38296
Freshwater mean pheno: -9.12734
new Freshwater mean pheno: -9.37771
elapsed: 3:41:30 / kernel: 1.67 / user: 13295.74 / mem: 270020
Done!
