Task ID  - seed 015042
Parameters for SLiM run:
  -s 015042 MyRecipe4_0_4.E
// Initial random seed:
1505626663730

// RunInitializeCallbacks():
initializeSLiMOptions(dimensionality = 'x');
initializeMutationRate(1e-07);
initializeMutationType(1, 0.5, "g", 0.5, 1);
initializeMutationType(2, 0.5, "g", -0.5, 1);
initializeMutationType(3, 0.5, "f", 0);
initializeMutationType(4, 0.5, "f", 0);
initializeGenomicElementType(1, m3, 1);
initializeGenomicElementType(2, c(m1, m2, m3), c(1, 1, 1));
initializeGenomicElement(g1, 0, 4949);
initializeGenomicElement(g2, 4950, 5049);
initializeGenomicElement(g1, 5050, 9999);
initializeGenomicElement(g1, 10000, 14949);
initializeGenomicElement(g2, 14950, 15049);
initializeGenomicElement(g1, 15050, 19999);
initializeGenomicElement(g1, 20000, 24949);
initializeGenomicElement(g2, 24950, 25049);
initializeGenomicElement(g1, 25050, 29999);
initializeGenomicElement(g1, 30000, 34949);
initializeGenomicElement(g2, 34950, 35049);
initializeGenomicElement(g1, 35050, 39999);
initializeGenomicElement(g1, 40000, 44949);
initializeGenomicElement(g2, 44950, 45049);
initializeGenomicElement(g1, 45050, 49999);
initializeGenomicElement(g1, 50000, 54949);
initializeGenomicElement(g2, 54950, 55049);
initializeGenomicElement(g1, 55050, 59999);
initializeGenomicElement(g1, 60000, 64949);
initializeGenomicElement(g2, 64950, 65049);
initializeGenomicElement(g1, 65050, 69999);
initializeGenomicElement(g1, 70000, 74949);
initializeGenomicElement(g2, 74950, 75049);
initializeGenomicElement(g1, 75050, 79999);
initializeGenomicElement(g1, 80000, 84949);
initializeGenomicElement(g2, 84950, 85049);
initializeGenomicElement(g1, 85050, 89999);
initializeGenomicElement(g1, 90000, 94949);
initializeGenomicElement(g2, 94950, 95049);
initializeGenomicElement(g1, 95050, 99999);
end of chromosome position: 100000
initializeRecombinationRate(0.001);
initializeInteractionType(1, "x", reciprocal=T", maxDistance=0.02);
initializeInteractionType(2, "x", reciprocal=T", maxDistance=1);

// Starting run at generation <start>:
1 

-------------------------------
Output1 for generation 100:

Oceanic mean pheno: 0.000896396
Freshwater mean pheno: 0.00249802
-------------------------------
Output1 for generation 200:

Oceanic mean pheno: -0.00265711
Freshwater mean pheno: -0.00349808
-------------------------------
Output1 for generation 300:

Oceanic mean pheno: -0.00607796
Freshwater mean pheno: -0.170222
-------------------------------
Output1 for generation 400:

Oceanic mean pheno: 2.0301
Freshwater mean pheno: -0.189803
-------------------------------
Output1 for generation 500:

Oceanic mean pheno: 5.6092
Freshwater mean pheno: -0.0430862
-------------------------------
Output1 for generation 600:

Oceanic mean pheno: 6.38053
Freshwater mean pheno: -0.393861
-------------------------------
Output1 for generation 700:

Oceanic mean pheno: 6.78692
Freshwater mean pheno: -0.730941
-------------------------------
Output1 for generation 800:

Oceanic mean pheno: 7.0723
Freshwater mean pheno: -1.42359
-------------------------------
Output1 for generation 900:

Oceanic mean pheno: 7.60838
Freshwater mean pheno: -1.99055
-------------------------------
Output1 for generation 1000:

Oceanic mean pheno: 8.6515
Freshwater mean pheno: -2.38418
-------------------------------
Output1 for generation 1100:

Oceanic mean pheno: 8.69072
Freshwater mean pheno: -2.77435
-------------------------------
Output1 for generation 1200:

Oceanic mean pheno: 8.52636
Freshwater mean pheno: -3.36666
-------------------------------
Output1 for generation 1300:

Oceanic mean pheno: 8.42911
Freshwater mean pheno: -3.75452
-------------------------------
Output1 for generation 1400:

Oceanic mean pheno: 8.24971
Freshwater mean pheno: -4.3358
-------------------------------
Output1 for generation 1500:

Oceanic mean pheno: 8.16737
Freshwater mean pheno: -5.31744
-------------------------------
Output1 for generation 1600:

Oceanic mean pheno: 8.83878
Freshwater mean pheno: -5.44426
-------------------------------
Output1 for generation 1700:

Oceanic mean pheno: 8.73426
Freshwater mean pheno: -5.57059
-------------------------------
Output1 for generation 1800:

Oceanic mean pheno: 8.50067
Freshwater mean pheno: -6.06423
-------------------------------
Output1 for generation 1900:

Oceanic mean pheno: 8.04956
Freshwater mean pheno: -6.71523
-------------------------------
Output1 for generation 2000:

Oceanic mean pheno: 8.29373
Freshwater mean pheno: -6.92292
-------------------------------
Output1 for generation 2100:

Oceanic mean pheno: 8.45895
Freshwater mean pheno: -7.35939
-------------------------------
Output1 for generation 2200:

Oceanic mean pheno: 8.6947
Freshwater mean pheno: -7.51966
-------------------------------
Output1 for generation 2300:

Oceanic mean pheno: 8.35062
Freshwater mean pheno: -7.84506
-------------------------------
Output1 for generation 2400:

Oceanic mean pheno: 8.80172
Freshwater mean pheno: -7.97938
-------------------------------
Output1 for generation 2500:

Oceanic mean pheno: 9.0067
Freshwater mean pheno: -7.90371
-------------------------------
Output1 for generation 2600:

Oceanic mean pheno: 8.00465
Freshwater mean pheno: -7.93137
-------------------------------
Output1 for generation 2700:

Oceanic mean pheno: 8.67103
Freshwater mean pheno: -7.98127
-------------------------------
Output1 for generation 2800:

Oceanic mean pheno: 8.78833
Freshwater mean pheno: -8.05458
-------------------------------
Output1 for generation 2900:

Oceanic mean pheno: 8.89422
Freshwater mean pheno: -7.99507
-------------------------------
Output1 for generation 3000:

Oceanic mean pheno: 8.56374
Freshwater mean pheno: -7.88967
-------------------------------
Output1 for generation 3100:

Oceanic mean pheno: 8.95028
Freshwater mean pheno: -7.99991
-------------------------------
Output1 for generation 3200:

Oceanic mean pheno: 8.69437
Freshwater mean pheno: -8.21663
-------------------------------
Output1 for generation 3300:

Oceanic mean pheno: 9.25604
Freshwater mean pheno: -8.19781
-------------------------------
Output1 for generation 3400:

Oceanic mean pheno: 9.10773
Freshwater mean pheno: -8.27725
-------------------------------
Output1 for generation 3500:

Oceanic mean pheno: 9.01043
Freshwater mean pheno: -8.27318
-------------------------------
Output1 for generation 3600:

Oceanic mean pheno: 8.94908
Freshwater mean pheno: -8.23446
-------------------------------
Output1 for generation 3700:

Oceanic mean pheno: 8.32202
Freshwater mean pheno: -7.74536
-------------------------------
Output1 for generation 3800:

Oceanic mean pheno: 9.00073
Freshwater mean pheno: -8.18967
-------------------------------
Output1 for generation 3900:

Oceanic mean pheno: 8.86629
Freshwater mean pheno: -8.41687
-------------------------------
Output1 for generation 4000:

Oceanic mean pheno: 9.19395
Freshwater mean pheno: -8.33809
-------------------------------
Output1 for generation 4100:

Oceanic mean pheno: 8.59335
Freshwater mean pheno: -7.79841
-------------------------------
Output1 for generation 4200:

Oceanic mean pheno: 8.8043
Freshwater mean pheno: -7.89957
-------------------------------
Output1 for generation 4300:

Oceanic mean pheno: 8.88025
Freshwater mean pheno: -8.32594
-------------------------------
Output1 for generation 4400:

Oceanic mean pheno: 8.43416
Freshwater mean pheno: -8.32289
-------------------------------
Output1 for generation 4500:

Oceanic mean pheno: 8.5901
Freshwater mean pheno: -8.17498
-------------------------------
Output1 for generation 4600:

Oceanic mean pheno: 8.86406
Freshwater mean pheno: -8.32386
-------------------------------
Output1 for generation 4700:

Oceanic mean pheno: 9.08293
Freshwater mean pheno: -8.43724
-------------------------------
Output1 for generation 4800:

Oceanic mean pheno: 8.95278
Freshwater mean pheno: -7.82406
-------------------------------
Output1 for generation 4900:

Oceanic mean pheno: 8.75176
Freshwater mean pheno: -8.18147
-------------------------------
Output1 for generation 5000:

Oceanic mean pheno: 8.80188
Freshwater mean pheno: -8.20679
-------------------------------
Output1 for generation 5100:

Oceanic mean pheno: 8.28269
Freshwater mean pheno: -8.41685
-------------------------------
Output1 for generation 5200:

Oceanic mean pheno: 8.576
Freshwater mean pheno: -8.37127
-------------------------------
Output1 for generation 5300:

Oceanic mean pheno: 8.73413
Freshwater mean pheno: -8.45961
-------------------------------
Output1 for generation 5400:

Oceanic mean pheno: 8.68478
Freshwater mean pheno: -8.42079
-------------------------------
Output1 for generation 5500:

Oceanic mean pheno: 9.00935
Freshwater mean pheno: -8.40836
-------------------------------
Output1 for generation 5600:

Oceanic mean pheno: 9.01854
Freshwater mean pheno: -8.09323
-------------------------------
Output1 for generation 5700:

Oceanic mean pheno: 8.98015
Freshwater mean pheno: -8.22815
-------------------------------
Output1 for generation 5800:

Oceanic mean pheno: 9.07524
Freshwater mean pheno: -8.2339
-------------------------------
Output1 for generation 5900:

Oceanic mean pheno: 8.95415
Freshwater mean pheno: -8.33918
-------------------------------
Output1 for generation 6000:

Oceanic mean pheno: 8.67129
Freshwater mean pheno: -8.28696
-------------------------------
Output1 for generation 6100:

Oceanic mean pheno: 8.58173
Freshwater mean pheno: -7.9316
-------------------------------
Output1 for generation 6200:

Oceanic mean pheno: 8.61596
Freshwater mean pheno: -8.24006
-------------------------------
Output1 for generation 6300:

Oceanic mean pheno: 8.95262
Freshwater mean pheno: -8.01793
-------------------------------
Output1 for generation 6400:

Oceanic mean pheno: 8.52493
Freshwater mean pheno: -8.28559
-------------------------------
Output1 for generation 6500:

Oceanic mean pheno: 8.94627
Freshwater mean pheno: -8.25536
-------------------------------
Output1 for generation 6600:

Oceanic mean pheno: 9.01635
Freshwater mean pheno: -8.00446
-------------------------------
Output1 for generation 6700:

Oceanic mean pheno: 8.50678
Freshwater mean pheno: -8.23979
-------------------------------
Output1 for generation 6800:

Oceanic mean pheno: 8.64105
Freshwater mean pheno: -8.03529
-------------------------------
Output1 for generation 6900:

Oceanic mean pheno: 8.88811
Freshwater mean pheno: -8.20529
-------------------------------
Output1 for generation 7000:

Oceanic mean pheno: 8.83234
Freshwater mean pheno: -8.17621
-------------------------------
Output1 for generation 7100:

Oceanic mean pheno: 8.84191
Freshwater mean pheno: -8.23507
-------------------------------
Output1 for generation 7200:

Oceanic mean pheno: 8.8792
Freshwater mean pheno: -8.66566
-------------------------------
Output1 for generation 7300:

Oceanic mean pheno: 9.20038
Freshwater mean pheno: -8.29689
-------------------------------
Output1 for generation 7400:

Oceanic mean pheno: 8.97848
Freshwater mean pheno: -8.38796
-------------------------------
Output1 for generation 7500:

Oceanic mean pheno: 9.04345
Freshwater mean pheno: -8.24685
-------------------------------
Output1 for generation 7600:

Oceanic mean pheno: 8.52816
Freshwater mean pheno: -8.50542
-------------------------------
Output1 for generation 7700:

Oceanic mean pheno: 8.8751
Freshwater mean pheno: -8.46855
-------------------------------
Output1 for generation 7800:

Oceanic mean pheno: 8.73207
Freshwater mean pheno: -8.198
-------------------------------
Output1 for generation 7900:

Oceanic mean pheno: 8.56937
Freshwater mean pheno: -8.18982
-------------------------------
Output1 for generation 8000:

Oceanic mean pheno: 8.82677
Freshwater mean pheno: -8.27892
-------------------------------
Output1 for generation 8100:

Oceanic mean pheno: 8.48808
Freshwater mean pheno: -8.42093
-------------------------------
Output1 for generation 8200:

Oceanic mean pheno: 8.841
Freshwater mean pheno: -8.3899
-------------------------------
Output1 for generation 8300:

Oceanic mean pheno: 8.70896
Freshwater mean pheno: -8.33117
-------------------------------
Output1 for generation 8400:

Oceanic mean pheno: 8.58187
Freshwater mean pheno: -8.25313
-------------------------------
Output1 for generation 8500:

Oceanic mean pheno: 8.87805
Freshwater mean pheno: -8.48252
-------------------------------
Output1 for generation 8600:

Oceanic mean pheno: 8.70269
Freshwater mean pheno: -8.55218
-------------------------------
Output1 for generation 8700:

Oceanic mean pheno: 8.66096
Freshwater mean pheno: -8.36876
-------------------------------
Output1 for generation 8800:

Oceanic mean pheno: 8.53204
Freshwater mean pheno: -8.19991
-------------------------------
Output1 for generation 8900:

Oceanic mean pheno: 8.89259
Freshwater mean pheno: -8.56006
-------------------------------
Output1 for generation 9000:

Oceanic mean pheno: 8.87224
Freshwater mean pheno: -8.57335
-------------------------------
Output1 for generation 9100:

Oceanic mean pheno: 8.85799
Freshwater mean pheno: -8.59803
-------------------------------
Output1 for generation 9200:

Oceanic mean pheno: 8.26987
Freshwater mean pheno: -8.51433
-------------------------------
Output1 for generation 9300:

Oceanic mean pheno: 8.75639
Freshwater mean pheno: -8.55171
-------------------------------
Output1 for generation 9400:

Oceanic mean pheno: 8.7582
Freshwater mean pheno: -8.67809
-------------------------------
Output1 for generation 9500:

Oceanic mean pheno: 8.9134
Freshwater mean pheno: -8.83166
-------------------------------
Output1 for generation 9600:

Oceanic mean pheno: 8.82454
Freshwater mean pheno: -8.66294
-------------------------------
Output1 for generation 9700:

Oceanic mean pheno: 8.48894
Freshwater mean pheno: -8.57231
-------------------------------
Output1 for generation 9800:

Oceanic mean pheno: 8.60059
Freshwater mean pheno: -8.2712
-------------------------------
Output1 for generation 9900:

Oceanic mean pheno: 8.42359
Freshwater mean pheno: -8.63852
-------------------------------
Output1 for generation 10000:

Oceanic mean pheno: 8.68434
Freshwater mean pheno: -8.19841
-------------------------------
Output1 for generation 10100:

Oceanic mean pheno: 8.59086
Freshwater mean pheno: -8.40265
-------------------------------
Output1 for generation 10200:

Oceanic mean pheno: 8.87742
Freshwater mean pheno: -8.38387
-------------------------------
Output1 for generation 10300:

Oceanic mean pheno: 8.5893
Freshwater mean pheno: -8.80947
-------------------------------
Output1 for generation 10400:

Oceanic mean pheno: 8.83073
Freshwater mean pheno: -8.35619
-------------------------------
Output1 for generation 10500:

Oceanic mean pheno: 8.7139
Freshwater mean pheno: -8.59522
-------------------------------
Output1 for generation 10600:

Oceanic mean pheno: 8.65924
Freshwater mean pheno: -8.34879
-------------------------------
Output1 for generation 10700:

Oceanic mean pheno: 8.52731
Freshwater mean pheno: -8.73194
-------------------------------
Output1 for generation 10800:

Oceanic mean pheno: 8.31053
Freshwater mean pheno: -8.90792
-------------------------------
Output1 for generation 10900:

Oceanic mean pheno: 8.41686
Freshwater mean pheno: -8.2689
-------------------------------
Output1 for generation 11000:

Oceanic mean pheno: 8.50543
Freshwater mean pheno: -8.54063
-------------------------------
Output1 for generation 11100:

Oceanic mean pheno: 8.56475
Freshwater mean pheno: -8.60539
-------------------------------
Output1 for generation 11200:

Oceanic mean pheno: 8.2592
Freshwater mean pheno: -8.80333
-------------------------------
Output1 for generation 11300:

Oceanic mean pheno: 8.55832
Freshwater mean pheno: -8.53318
-------------------------------
Output1 for generation 11400:

Oceanic mean pheno: 8.95454
Freshwater mean pheno: -8.85283
-------------------------------
Output1 for generation 11500:

Oceanic mean pheno: 8.82626
Freshwater mean pheno: -8.41018
-------------------------------
Output1 for generation 11600:

Oceanic mean pheno: 8.79483
Freshwater mean pheno: -8.64224
-------------------------------
Output1 for generation 11700:

Oceanic mean pheno: 8.77156
Freshwater mean pheno: -8.01265
-------------------------------
Output1 for generation 11800:

Oceanic mean pheno: 8.75948
Freshwater mean pheno: -8.16968
-------------------------------
Output1 for generation 11900:

Oceanic mean pheno: 8.22145
Freshwater mean pheno: -8.50165
-------------------------------
Output1 for generation 12000:

Oceanic mean pheno: 8.87898
Freshwater mean pheno: -8.28521
-------------------------------
Output1 for generation 12100:

Oceanic mean pheno: 8.63627
Freshwater mean pheno: -8.31721
-------------------------------
Output1 for generation 12200:

Oceanic mean pheno: 8.53118
Freshwater mean pheno: -8.41033
-------------------------------
Output1 for generation 12300:

Oceanic mean pheno: 8.56048
Freshwater mean pheno: -8.42625
-------------------------------
Output1 for generation 12400:

Oceanic mean pheno: 8.73198
Freshwater mean pheno: -8.27295
-------------------------------
Output1 for generation 12500:

Oceanic mean pheno: 8.63989
Freshwater mean pheno: -8.80243
-------------------------------
Output1 for generation 12600:

Oceanic mean pheno: 8.55753
Freshwater mean pheno: -8.67322
-------------------------------
Output1 for generation 12700:

Oceanic mean pheno: 8.72498
Freshwater mean pheno: -8.37928
-------------------------------
Output1 for generation 12800:

Oceanic mean pheno: 8.168
Freshwater mean pheno: -8.49941
-------------------------------
Output1 for generation 12900:

Oceanic mean pheno: 8.93272
Freshwater mean pheno: -8.36013
-------------------------------
Output1 for generation 13000:

Oceanic mean pheno: 8.75794
Freshwater mean pheno: -8.51052
-------------------------------
Output1 for generation 13100:

Oceanic mean pheno: 8.74143
Freshwater mean pheno: -8.19849
-------------------------------
Output1 for generation 13200:

Oceanic mean pheno: 8.63847
Freshwater mean pheno: -8.53342
-------------------------------
Output1 for generation 13300:

Oceanic mean pheno: 8.2377
Freshwater mean pheno: -8.55587
-------------------------------
Output1 for generation 13400:

Oceanic mean pheno: 8.39228
Freshwater mean pheno: -8.43497
-------------------------------
Output1 for generation 13500:

Oceanic mean pheno: 8.69327
Freshwater mean pheno: -8.4588
-------------------------------
Output1 for generation 13600:

Oceanic mean pheno: 8.44578
Freshwater mean pheno: -8.19074
-------------------------------
Output1 for generation 13700:

Oceanic mean pheno: 8.68693
Freshwater mean pheno: -8.67663
-------------------------------
Output1 for generation 13800:

Oceanic mean pheno: 8.64072
Freshwater mean pheno: -8.97978
-------------------------------
Output1 for generation 13900:

Oceanic mean pheno: 8.74648
Freshwater mean pheno: -8.77203
-------------------------------
Output1 for generation 14000:

Oceanic mean pheno: 8.62076
Freshwater mean pheno: -8.55111
-------------------------------
Output1 for generation 14100:

Oceanic mean pheno: 8.86441
Freshwater mean pheno: -8.51435
-------------------------------
Output1 for generation 14200:

Oceanic mean pheno: 8.75633
Freshwater mean pheno: -8.8195
-------------------------------
Output1 for generation 14300:

Oceanic mean pheno: 8.48619
Freshwater mean pheno: -8.94595
-------------------------------
Output1 for generation 14400:

Oceanic mean pheno: 8.116
Freshwater mean pheno: -8.66054
-------------------------------
Output1 for generation 14500:

Oceanic mean pheno: 8.63925
Freshwater mean pheno: -8.48041
-------------------------------
Output1 for generation 14600:

Oceanic mean pheno: 8.4228
Freshwater mean pheno: -8.21185
-------------------------------
Output1 for generation 14700:

Oceanic mean pheno: 8.43643
Freshwater mean pheno: -8.38334
-------------------------------
Output1 for generation 14800:

Oceanic mean pheno: 9.10643
Freshwater mean pheno: -8.29014
-------------------------------
Output1 for generation 14900:

Oceanic mean pheno: 8.6374
Freshwater mean pheno: -8.15011
-------------------------------
Output1 for generation 15000:

Oceanic mean pheno: 8.64768
Freshwater mean pheno: -8.37335
-------------------------------
Output1 for generation 15100:

Oceanic mean pheno: 8.59967
Freshwater mean pheno: -8.30057
-------------------------------
Output1 for generation 15200:

Oceanic mean pheno: 8.83722
Freshwater mean pheno: -8.27098
-------------------------------
Output1 for generation 15300:

Oceanic mean pheno: 8.34497
Freshwater mean pheno: -8.82638
-------------------------------
Output1 for generation 15400:

Oceanic mean pheno: 8.59999
Freshwater mean pheno: -8.62009
-------------------------------
Output1 for generation 15500:

Oceanic mean pheno: 8.60349
Freshwater mean pheno: -8.37789
-------------------------------
Output1 for generation 15600:

Oceanic mean pheno: 8.86798
Freshwater mean pheno: -8.23568
-------------------------------
Output1 for generation 15700:

Oceanic mean pheno: 9.01521
Freshwater mean pheno: -8.22954
-------------------------------
Output1 for generation 15800:

Oceanic mean pheno: 8.4815
Freshwater mean pheno: -8.20118
-------------------------------
Output1 for generation 15900:

Oceanic mean pheno: 8.69902
Freshwater mean pheno: -8.55941
-------------------------------
Output1 for generation 16000:

Oceanic mean pheno: 8.78223
Freshwater mean pheno: -8.27694
-------------------------------
Output1 for generation 16100:

Oceanic mean pheno: 8.7581
Freshwater mean pheno: -8.4088
-------------------------------
Output1 for generation 16200:

Oceanic mean pheno: 8.8334
Freshwater mean pheno: -8.7882
-------------------------------
Output1 for generation 16300:

Oceanic mean pheno: 8.81535
Freshwater mean pheno: -8.796
-------------------------------
Output1 for generation 16400:

Oceanic mean pheno: 8.743
Freshwater mean pheno: -8.62774
-------------------------------
Output1 for generation 16500:

Oceanic mean pheno: 8.82463
Freshwater mean pheno: -8.7685
-------------------------------
Output1 for generation 16600:

Oceanic mean pheno: 8.85429
Freshwater mean pheno: -8.64938
-------------------------------
Output1 for generation 16700:

Oceanic mean pheno: 8.61908
Freshwater mean pheno: -8.21717
-------------------------------
Output1 for generation 16800:

Oceanic mean pheno: 8.66968
Freshwater mean pheno: -8.70084
-------------------------------
Output1 for generation 16900:

Oceanic mean pheno: 8.70743
Freshwater mean pheno: -8.5256
-------------------------------
Output1 for generation 17000:

Oceanic mean pheno: 8.29605
Freshwater mean pheno: -8.65537
-------------------------------
Output1 for generation 17100:

Oceanic mean pheno: 8.74723
Freshwater mean pheno: -8.27761
-------------------------------
Output1 for generation 17200:

Oceanic mean pheno: 9.22658
Freshwater mean pheno: -8.76719
-------------------------------
Output1 for generation 17300:

Oceanic mean pheno: 8.94376
Freshwater mean pheno: -8.55928
-------------------------------
Output1 for generation 17400:

Oceanic mean pheno: 9.19587
Freshwater mean pheno: -8.8698
-------------------------------
Output1 for generation 17500:

Oceanic mean pheno: 9.22951
Freshwater mean pheno: -8.75904
-------------------------------
Output1 for generation 17600:

Oceanic mean pheno: 8.90161
Freshwater mean pheno: -8.63431
-------------------------------
Output1 for generation 17700:

Oceanic mean pheno: 8.82665
Freshwater mean pheno: -8.2809
-------------------------------
Output1 for generation 17800:

Oceanic mean pheno: 8.855
Freshwater mean pheno: -8.51896
-------------------------------
Output1 for generation 17900:

Oceanic mean pheno: 9.23953
Freshwater mean pheno: -8.58723
-------------------------------
Output1 for generation 18000:

Oceanic mean pheno: 8.541
Freshwater mean pheno: -9.04961
-------------------------------
Output1 for generation 18100:

Oceanic mean pheno: 8.5304
Freshwater mean pheno: -8.55507
-------------------------------
Output1 for generation 18200:

Oceanic mean pheno: 8.92536
Freshwater mean pheno: -8.51806
-------------------------------
Output1 for generation 18300:

Oceanic mean pheno: 9.03066
Freshwater mean pheno: -8.8128
-------------------------------
Output1 for generation 18400:

Oceanic mean pheno: 8.95588
Freshwater mean pheno: -8.68704
-------------------------------
Output1 for generation 18500:

Oceanic mean pheno: 8.7584
Freshwater mean pheno: -8.58427
-------------------------------
Output1 for generation 18600:

Oceanic mean pheno: 8.91053
Freshwater mean pheno: -8.49559
-------------------------------
Output1 for generation 18700:

Oceanic mean pheno: 8.83205
Freshwater mean pheno: -8.75469
-------------------------------
Output1 for generation 18800:

Oceanic mean pheno: 8.62803
Freshwater mean pheno: -8.3248
-------------------------------
Output1 for generation 18900:

Oceanic mean pheno: 9.00389
Freshwater mean pheno: -8.59245
-------------------------------
Output1 for generation 19000:

Oceanic mean pheno: 8.9153
Freshwater mean pheno: -8.7031
-------------------------------
Output1 for generation 19100:

Oceanic mean pheno: 8.96022
Freshwater mean pheno: -8.9055
-------------------------------
Output1 for generation 19200:

Oceanic mean pheno: 9.61374
Freshwater mean pheno: -9.38265
-------------------------------
Output1 for generation 19300:

Oceanic mean pheno: 9.22806
Freshwater mean pheno: -9.01084
-------------------------------
Output1 for generation 19400:

Oceanic mean pheno: 9.23389
Freshwater mean pheno: -8.72283
-------------------------------
Output1 for generation 19500:

Oceanic mean pheno: 9.12385
Freshwater mean pheno: -9.03366
-------------------------------
Output1 for generation 19600:

Oceanic mean pheno: 9.2445
Freshwater mean pheno: -8.63714
-------------------------------
Output1 for generation 19700:

Oceanic mean pheno: 9.14218
Freshwater mean pheno: -8.63279
-------------------------------
Output1 for generation 19800:

Oceanic mean pheno: 9.14557
Freshwater mean pheno: -8.82663
-------------------------------
Output1 for generation 19900:

Oceanic mean pheno: 9.31387
Freshwater mean pheno: -8.71187
-------------------------------
Output1 for generation 20000:

Oceanic mean pheno: 9.29026
Freshwater mean pheno: -8.9156
new Freshwater mean pheno: 9.25552
-------------------------------
Output1 for generation 20100:

Oceanic mean pheno: 8.48424
Freshwater mean pheno: -8.72454
new Freshwater mean pheno: -8.83069
-------------------------------
Output1 for generation 20200:

Oceanic mean pheno: 8.73874
Freshwater mean pheno: -8.72981
new Freshwater mean pheno: -8.59742
-------------------------------
Output1 for generation 20300:

Oceanic mean pheno: 8.4857
Freshwater mean pheno: -8.71302
new Freshwater mean pheno: -8.85353
-------------------------------
Output1 for generation 20400:

Oceanic mean pheno: 8.77195
Freshwater mean pheno: -9.07118
new Freshwater mean pheno: -8.68499
-------------------------------
Output1 for generation 20500:

Oceanic mean pheno: 8.33538
Freshwater mean pheno: -9.15568
new Freshwater mean pheno: -8.50583
-------------------------------
Output1 for generation 20600:

Oceanic mean pheno: 8.54976
Freshwater mean pheno: -8.99895
new Freshwater mean pheno: -8.67179
-------------------------------
Output1 for generation 20700:

Oceanic mean pheno: 8.31157
Freshwater mean pheno: -9.28287
new Freshwater mean pheno: -8.41042
-------------------------------
Output1 for generation 20800:

Oceanic mean pheno: 8.74177
Freshwater mean pheno: -8.67056
new Freshwater mean pheno: -8.7071
-------------------------------
Output1 for generation 20900:

Oceanic mean pheno: 8.59573
Freshwater mean pheno: -8.86255
new Freshwater mean pheno: -8.89327
-------------------------------
Output1 for generation 21000:

Oceanic mean pheno: 8.57104
Freshwater mean pheno: -8.81115
new Freshwater mean pheno: -8.3784
-------------------------------
Output1 for generation 21100:

Oceanic mean pheno: 8.57383
Freshwater mean pheno: -8.64782
new Freshwater mean pheno: -8.51745
-------------------------------
Output1 for generation 21200:

Oceanic mean pheno: 8.18184
Freshwater mean pheno: -8.65537
new Freshwater mean pheno: -8.41049
-------------------------------
Output1 for generation 21300:

Oceanic mean pheno: 8.80784
Freshwater mean pheno: -8.8391
new Freshwater mean pheno: -8.65452
-------------------------------
Output1 for generation 21400:

Oceanic mean pheno: 8.17716
Freshwater mean pheno: -8.70476
new Freshwater mean pheno: -8.86781
-------------------------------
Output1 for generation 21500:

Oceanic mean pheno: 8.50983
Freshwater mean pheno: -8.46671
new Freshwater mean pheno: -8.47308
-------------------------------
Output1 for generation 21600:

Oceanic mean pheno: 8.50738
Freshwater mean pheno: -8.68751
new Freshwater mean pheno: -8.32617
-------------------------------
Output1 for generation 21700:

Oceanic mean pheno: 8.64061
Freshwater mean pheno: -9.13316
new Freshwater mean pheno: -8.72372
-------------------------------
Output1 for generation 21800:

Oceanic mean pheno: 8.358
Freshwater mean pheno: -8.84732
new Freshwater mean pheno: -8.38672
-------------------------------
Output1 for generation 21900:

Oceanic mean pheno: 8.62614
Freshwater mean pheno: -8.22244
new Freshwater mean pheno: -8.44216
-------------------------------
Output1 for generation 22000:

Oceanic mean pheno: 8.29329
Freshwater mean pheno: -8.54111
new Freshwater mean pheno: -8.58719
-------------------------------
Output1 for generation 22100:

Oceanic mean pheno: 8.9242
Freshwater mean pheno: -8.7766
new Freshwater mean pheno: -8.78764
-------------------------------
Output1 for generation 22200:

Oceanic mean pheno: 8.40956
Freshwater mean pheno: -8.82679
new Freshwater mean pheno: -8.74116
-------------------------------
Output1 for generation 22300:

Oceanic mean pheno: 8.67232
Freshwater mean pheno: -9.0369
new Freshwater mean pheno: -8.57163
-------------------------------
Output1 for generation 22400:

Oceanic mean pheno: 8.8928
Freshwater mean pheno: -9.29331
new Freshwater mean pheno: -8.40049
-------------------------------
Output1 for generation 22500:

Oceanic mean pheno: 8.54814
Freshwater mean pheno: -9.09124
new Freshwater mean pheno: -8.61059
-------------------------------
Output1 for generation 22600:

Oceanic mean pheno: 8.44178
Freshwater mean pheno: -9.02429
new Freshwater mean pheno: -8.88436
-------------------------------
Output1 for generation 22700:

Oceanic mean pheno: 8.88554
Freshwater mean pheno: -8.97179
new Freshwater mean pheno: -8.79002
-------------------------------
Output1 for generation 22800:

Oceanic mean pheno: 8.85475
Freshwater mean pheno: -9.26879
new Freshwater mean pheno: -8.74068
-------------------------------
Output1 for generation 22900:

Oceanic mean pheno: 8.32816
Freshwater mean pheno: -9.06094
new Freshwater mean pheno: -8.7957
-------------------------------
Output1 for generation 23000:

Oceanic mean pheno: 8.28053
Freshwater mean pheno: -9.03946
new Freshwater mean pheno: -8.71114
-------------------------------
Output1 for generation 23100:

Oceanic mean pheno: 8.4907
Freshwater mean pheno: -8.78787
new Freshwater mean pheno: -9.14081
-------------------------------
Output1 for generation 23200:

Oceanic mean pheno: 8.90814
Freshwater mean pheno: -9.08793
new Freshwater mean pheno: -9.06217
-------------------------------
Output1 for generation 23300:

Oceanic mean pheno: 8.79882
Freshwater mean pheno: -8.73133
new Freshwater mean pheno: -9.14337
-------------------------------
Output1 for generation 23400:

Oceanic mean pheno: 8.69597
Freshwater mean pheno: -9.10368
new Freshwater mean pheno: -8.71662
-------------------------------
Output1 for generation 23500:

Oceanic mean pheno: 8.51875
Freshwater mean pheno: -8.81512
new Freshwater mean pheno: -8.88941
-------------------------------
Output1 for generation 23600:

Oceanic mean pheno: 8.81866
Freshwater mean pheno: -8.8216
new Freshwater mean pheno: -8.82571
-------------------------------
Output1 for generation 23700:

Oceanic mean pheno: 8.49053
Freshwater mean pheno: -8.72907
new Freshwater mean pheno: -9.0457
-------------------------------
Output1 for generation 23800:

Oceanic mean pheno: 8.53915
Freshwater mean pheno: -9.15961
new Freshwater mean pheno: -8.75151
-------------------------------
Output1 for generation 23900:

Oceanic mean pheno: 8.92283
Freshwater mean pheno: -8.3921
new Freshwater mean pheno: -8.86427
-------------------------------
Output1 for generation 24000:

Oceanic mean pheno: 8.30727
Freshwater mean pheno: -8.9792
new Freshwater mean pheno: -8.41753
-------------------------------
Output1 for generation 24100:

Oceanic mean pheno: 8.88527
Freshwater mean pheno: -8.80648
new Freshwater mean pheno: -8.70075
-------------------------------
Output1 for generation 24200:

Oceanic mean pheno: 8.65836
Freshwater mean pheno: -8.61288
new Freshwater mean pheno: -9.05879
-------------------------------
Output1 for generation 24300:

Oceanic mean pheno: 8.7016
Freshwater mean pheno: -8.85104
new Freshwater mean pheno: -8.63594
-------------------------------
Output1 for generation 24400:

Oceanic mean pheno: 8.64438
Freshwater mean pheno: -8.91225
new Freshwater mean pheno: -9.13498
-------------------------------
Output1 for generation 24500:

Oceanic mean pheno: 8.51316
Freshwater mean pheno: -9.02922
new Freshwater mean pheno: -9.33663
-------------------------------
Output1 for generation 24600:

Oceanic mean pheno: 8.92816
Freshwater mean pheno: -9.26591
new Freshwater mean pheno: -8.79033
-------------------------------
Output1 for generation 24700:

Oceanic mean pheno: 8.68133
Freshwater mean pheno: -8.71715
new Freshwater mean pheno: -9.36818
-------------------------------
Output1 for generation 24800:

Oceanic mean pheno: 8.61409
Freshwater mean pheno: -8.47153
new Freshwater mean pheno: -9.23425
-------------------------------
Output1 for generation 24900:

Oceanic mean pheno: 8.32756
Freshwater mean pheno: -8.92867
new Freshwater mean pheno: -9.05679
-------------------------------
Output1 for generation 25000:

Oceanic mean pheno: 8.87102
Freshwater mean pheno: -9.05422
new Freshwater mean pheno: -8.68898
-------------------------------
Output1 for generation 25100:

Oceanic mean pheno: 8.92236
Freshwater mean pheno: -8.76402
new Freshwater mean pheno: -9.12461
-------------------------------
Output1 for generation 25200:

Oceanic mean pheno: 8.38115
Freshwater mean pheno: -9.12157
new Freshwater mean pheno: -9.17528
-------------------------------
Output1 for generation 25300:

Oceanic mean pheno: 8.80893
Freshwater mean pheno: -8.78813
new Freshwater mean pheno: -9.06075
-------------------------------
Output1 for generation 25400:

Oceanic mean pheno: 8.73417
Freshwater mean pheno: -8.78597
new Freshwater mean pheno: -8.78956
-------------------------------
Output1 for generation 25500:

Oceanic mean pheno: 8.93897
Freshwater mean pheno: -8.89522
new Freshwater mean pheno: -8.68963
-------------------------------
Output1 for generation 25600:

Oceanic mean pheno: 8.79282
Freshwater mean pheno: -8.71503
new Freshwater mean pheno: -9.16312
-------------------------------
Output1 for generation 25700:

Oceanic mean pheno: 9.00025
Freshwater mean pheno: -9.28222
new Freshwater mean pheno: -9.01768
-------------------------------
Output1 for generation 25800:

Oceanic mean pheno: 9.00853
Freshwater mean pheno: -9.05848
new Freshwater mean pheno: -9.19549
-------------------------------
Output1 for generation 25900:

Oceanic mean pheno: 8.96448
Freshwater mean pheno: -8.86062
new Freshwater mean pheno: -9.41862
-------------------------------
Output1 for generation 26000:

Oceanic mean pheno: 8.8386
Freshwater mean pheno: -9.11187
new Freshwater mean pheno: -8.96879
-------------------------------
Output1 for generation 26100:

Oceanic mean pheno: 9.07949
Freshwater mean pheno: -8.83624
new Freshwater mean pheno: -8.79378
-------------------------------
Output1 for generation 26200:

Oceanic mean pheno: 8.80305
Freshwater mean pheno: -9.11777
new Freshwater mean pheno: -9.10551
-------------------------------
Output1 for generation 26300:

Oceanic mean pheno: 8.67494
Freshwater mean pheno: -9.2613
new Freshwater mean pheno: -8.59243
-------------------------------
Output1 for generation 26400:

Oceanic mean pheno: 8.75259
Freshwater mean pheno: -9.05059
new Freshwater mean pheno: -9.27376
-------------------------------
Output1 for generation 26500:

Oceanic mean pheno: 8.85106
Freshwater mean pheno: -8.95927
new Freshwater mean pheno: -9.05359
-------------------------------
Output1 for generation 26600:

Oceanic mean pheno: 8.74076
Freshwater mean pheno: -9.18449
new Freshwater mean pheno: -8.78268
-------------------------------
Output1 for generation 26700:

Oceanic mean pheno: 8.23765
Freshwater mean pheno: -8.8376
new Freshwater mean pheno: -9.13927
-------------------------------
Output1 for generation 26800:

Oceanic mean pheno: 8.59206
Freshwater mean pheno: -8.95233
new Freshwater mean pheno: -8.87485
-------------------------------
Output1 for generation 26900:

Oceanic mean pheno: 8.47996
Freshwater mean pheno: -9.10955
new Freshwater mean pheno: -8.95459
-------------------------------
Output1 for generation 27000:

Oceanic mean pheno: 8.7505
Freshwater mean pheno: -9.12141
new Freshwater mean pheno: -8.89309
-------------------------------
Output1 for generation 27100:

Oceanic mean pheno: 8.93263
Freshwater mean pheno: -8.9863
new Freshwater mean pheno: -8.64572
-------------------------------
Output1 for generation 27200:

Oceanic mean pheno: 8.72722
Freshwater mean pheno: -9.04872
new Freshwater mean pheno: -8.99078
-------------------------------
Output1 for generation 27300:

Oceanic mean pheno: 9.10218
Freshwater mean pheno: -9.03586
new Freshwater mean pheno: -9.24224
-------------------------------
Output1 for generation 27400:

Oceanic mean pheno: 8.83691
Freshwater mean pheno: -9.12453
new Freshwater mean pheno: -9.31866
-------------------------------
Output1 for generation 27500:

Oceanic mean pheno: 9.15192
Freshwater mean pheno: -8.59027
new Freshwater mean pheno: -9.11314
-------------------------------
Output1 for generation 27600:

Oceanic mean pheno: 8.60957
Freshwater mean pheno: -9.37558
new Freshwater mean pheno: -8.86204
-------------------------------
Output1 for generation 27700:

Oceanic mean pheno: 8.50576
Freshwater mean pheno: -8.93725
new Freshwater mean pheno: -8.69266
-------------------------------
Output1 for generation 27800:

Oceanic mean pheno: 8.43948
Freshwater mean pheno: -8.48479
new Freshwater mean pheno: -8.60829
-------------------------------
Output1 for generation 27900:

Oceanic mean pheno: 8.63607
Freshwater mean pheno: -8.65839
new Freshwater mean pheno: -9.42364
-------------------------------
Output1 for generation 28000:

Oceanic mean pheno: 8.88716
Freshwater mean pheno: -8.88088
new Freshwater mean pheno: -9.12877
-------------------------------
Output1 for generation 28100:

Oceanic mean pheno: 8.4866
Freshwater mean pheno: -9.1971
new Freshwater mean pheno: -8.82627
-------------------------------
Output1 for generation 28200:

Oceanic mean pheno: 8.86406
Freshwater mean pheno: -8.77429
new Freshwater mean pheno: -8.75403
-------------------------------
Output1 for generation 28300:

Oceanic mean pheno: 8.6291
Freshwater mean pheno: -9.14257
new Freshwater mean pheno: -9.01709
-------------------------------
Output1 for generation 28400:

Oceanic mean pheno: 8.64202
Freshwater mean pheno: -8.77623
new Freshwater mean pheno: -9.11816
-------------------------------
Output1 for generation 28500:

Oceanic mean pheno: 8.44437
Freshwater mean pheno: -9.18441
new Freshwater mean pheno: -9.06459
-------------------------------
Output1 for generation 28600:

Oceanic mean pheno: 8.62958
Freshwater mean pheno: -8.81191
new Freshwater mean pheno: -8.96982
-------------------------------
Output1 for generation 28700:

Oceanic mean pheno: 9.14433
Freshwater mean pheno: -8.76948
new Freshwater mean pheno: -8.80923
-------------------------------
Output1 for generation 28800:

Oceanic mean pheno: 9.00035
Freshwater mean pheno: -9.07916
new Freshwater mean pheno: -8.91535
-------------------------------
Output1 for generation 28900:

Oceanic mean pheno: 8.68502
Freshwater mean pheno: -8.66329
new Freshwater mean pheno: -8.48419
-------------------------------
Output1 for generation 29000:

Oceanic mean pheno: 8.48436
Freshwater mean pheno: -8.44437
new Freshwater mean pheno: -8.57459
-------------------------------
Output1 for generation 29100:

Oceanic mean pheno: 8.28323
Freshwater mean pheno: -8.43353
new Freshwater mean pheno: -8.87456
-------------------------------
Output1 for generation 29200:

Oceanic mean pheno: 9.10787
Freshwater mean pheno: -8.55734
new Freshwater mean pheno: -8.95658
-------------------------------
Output1 for generation 29300:

Oceanic mean pheno: 8.59763
Freshwater mean pheno: -9.03051
new Freshwater mean pheno: -9.06628
-------------------------------
Output1 for generation 29400:

Oceanic mean pheno: 8.95202
Freshwater mean pheno: -9.17681
new Freshwater mean pheno: -9.45936
-------------------------------
Output1 for generation 29500:

Oceanic mean pheno: 8.69852
Freshwater mean pheno: -9.05105
new Freshwater mean pheno: -8.45531
-------------------------------
Output1 for generation 29600:

Oceanic mean pheno: 8.30198
Freshwater mean pheno: -8.62798
new Freshwater mean pheno: -8.58787
-------------------------------
Output1 for generation 29700:

Oceanic mean pheno: 8.71414
Freshwater mean pheno: -8.75583
new Freshwater mean pheno: -9.01439
-------------------------------
Output1 for generation 29800:

Oceanic mean pheno: 8.96733
Freshwater mean pheno: -9.43249
new Freshwater mean pheno: -9.29665
-------------------------------
Output1 for generation 29900:

Oceanic mean pheno: 9.45513
Freshwater mean pheno: -9.1692
new Freshwater mean pheno: -8.85983
-------------------------------
Output1 for generation 30000:

Oceanic mean pheno: 9.30251
Freshwater mean pheno: -8.69437
new Freshwater mean pheno: -9.20194
-------------------------------
Output1 for generation 30100:

Oceanic mean pheno: 8.70449
Freshwater mean pheno: -8.79076
new Freshwater mean pheno: -8.71848
-------------------------------
Output1 for generation 30200:

Oceanic mean pheno: 8.08395
Freshwater mean pheno: -8.79109
new Freshwater mean pheno: -8.29453
-------------------------------
Output1 for generation 30300:

Oceanic mean pheno: 8.69662
Freshwater mean pheno: -8.60634
new Freshwater mean pheno: -8.49289
-------------------------------
Output1 for generation 30400:

Oceanic mean pheno: 9.17582
Freshwater mean pheno: -9.23012
new Freshwater mean pheno: -8.41906
-------------------------------
Output1 for generation 30500:

Oceanic mean pheno: 8.50355
Freshwater mean pheno: -8.58699
new Freshwater mean pheno: -8.84124
-------------------------------
Output1 for generation 30600:

Oceanic mean pheno: 8.52577
Freshwater mean pheno: -9.16756
new Freshwater mean pheno: -9.12736
-------------------------------
Output1 for generation 30700:

Oceanic mean pheno: 8.50576
Freshwater mean pheno: -9.17097
new Freshwater mean pheno: -8.6215
-------------------------------
Output1 for generation 30800:

Oceanic mean pheno: 8.88046
Freshwater mean pheno: -9.1354
new Freshwater mean pheno: -8.97882
-------------------------------
Output1 for generation 30900:

Oceanic mean pheno: 8.14146
Freshwater mean pheno: -9.46372
new Freshwater mean pheno: -8.62183
-------------------------------
Output1 for generation 31000:

Oceanic mean pheno: 8.58503
Freshwater mean pheno: -9.24335
new Freshwater mean pheno: -9.03964
-------------------------------
Output1 for generation 31100:

Oceanic mean pheno: 8.69034
Freshwater mean pheno: -8.62211
new Freshwater mean pheno: -9.18808
-------------------------------
Output1 for generation 31200:

Oceanic mean pheno: 8.45367
Freshwater mean pheno: -8.83505
new Freshwater mean pheno: -9.21834
-------------------------------
Output1 for generation 31300:

Oceanic mean pheno: 8.81981
Freshwater mean pheno: -9.14954
new Freshwater mean pheno: -9.26159
-------------------------------
Output1 for generation 31400:

Oceanic mean pheno: 8.5619
Freshwater mean pheno: -8.67897
new Freshwater mean pheno: -8.92492
-------------------------------
Output1 for generation 31500:

Oceanic mean pheno: 9.30561
Freshwater mean pheno: -8.80094
new Freshwater mean pheno: -9.1806
-------------------------------
Output1 for generation 31600:

Oceanic mean pheno: 8.68427
Freshwater mean pheno: -8.70994
new Freshwater mean pheno: -8.62574
-------------------------------
Output1 for generation 31700:

Oceanic mean pheno: 8.66498
Freshwater mean pheno: -8.80999
new Freshwater mean pheno: -8.98515
-------------------------------
Output1 for generation 31800:

Oceanic mean pheno: 8.26972
Freshwater mean pheno: -9.02196
new Freshwater mean pheno: -8.97229
-------------------------------
Output1 for generation 31900:

Oceanic mean pheno: 8.76978
Freshwater mean pheno: -8.63659
new Freshwater mean pheno: -8.71697
-------------------------------
Output1 for generation 32000:

Oceanic mean pheno: 8.7496
Freshwater mean pheno: -8.86068
new Freshwater mean pheno: -8.98598
-------------------------------
Output1 for generation 32100:

Oceanic mean pheno: 8.51386
Freshwater mean pheno: -8.91966
new Freshwater mean pheno: -8.71502
-------------------------------
Output1 for generation 32200:

Oceanic mean pheno: 8.64068
Freshwater mean pheno: -9.15203
new Freshwater mean pheno: -8.82246
-------------------------------
Output1 for generation 32300:

Oceanic mean pheno: 8.27337
Freshwater mean pheno: -8.78596
new Freshwater mean pheno: -8.32084
-------------------------------
Output1 for generation 32400:

Oceanic mean pheno: 9.35631
Freshwater mean pheno: -8.77088
new Freshwater mean pheno: -8.99012
-------------------------------
Output1 for generation 32500:

Oceanic mean pheno: 8.76688
Freshwater mean pheno: -9.20186
new Freshwater mean pheno: -8.80875
-------------------------------
Output1 for generation 32600:

Oceanic mean pheno: 8.99485
Freshwater mean pheno: -8.7855
new Freshwater mean pheno: -9.09207
-------------------------------
Output1 for generation 32700:

Oceanic mean pheno: 8.34475
Freshwater mean pheno: -9.08701
new Freshwater mean pheno: -9.0616
-------------------------------
Output1 for generation 32800:

Oceanic mean pheno: 8.68702
Freshwater mean pheno: -9.26176
new Freshwater mean pheno: -8.97032
-------------------------------
Output1 for generation 32900:

Oceanic mean pheno: 8.80702
Freshwater mean pheno: -8.98676
new Freshwater mean pheno: -9.08045
-------------------------------
Output1 for generation 33000:

Oceanic mean pheno: 8.22448
Freshwater mean pheno: -8.85021
new Freshwater mean pheno: -8.69231
-------------------------------
Output1 for generation 33100:

Oceanic mean pheno: 9.07202
Freshwater mean pheno: -8.97751
new Freshwater mean pheno: -8.80494
-------------------------------
Output1 for generation 33200:

Oceanic mean pheno: 8.94251
Freshwater mean pheno: -8.68768
new Freshwater mean pheno: -8.79633
-------------------------------
Output1 for generation 33300:

Oceanic mean pheno: 8.87178
Freshwater mean pheno: -9.06369
new Freshwater mean pheno: -8.22444
-------------------------------
Output1 for generation 33400:

Oceanic mean pheno: 8.8047
Freshwater mean pheno: -8.53913
new Freshwater mean pheno: -8.36509
-------------------------------
Output1 for generation 33500:

Oceanic mean pheno: 8.89788
Freshwater mean pheno: -9.03577
new Freshwater mean pheno: -8.9306
-------------------------------
Output1 for generation 33600:

Oceanic mean pheno: 8.99213
Freshwater mean pheno: -9.44279
new Freshwater mean pheno: -8.66757
-------------------------------
Output1 for generation 33700:

Oceanic mean pheno: 8.69183
Freshwater mean pheno: -9.37466
new Freshwater mean pheno: -8.82874
-------------------------------
Output1 for generation 33800:

Oceanic mean pheno: 8.80736
Freshwater mean pheno: -8.71019
new Freshwater mean pheno: -9.25041
-------------------------------
Output1 for generation 33900:

Oceanic mean pheno: 8.58563
Freshwater mean pheno: -8.9273
new Freshwater mean pheno: -9.10028
-------------------------------
Output1 for generation 34000:

Oceanic mean pheno: 8.82528
Freshwater mean pheno: -8.66472
new Freshwater mean pheno: -9.04035
-------------------------------
Output1 for generation 34100:

Oceanic mean pheno: 8.56062
Freshwater mean pheno: -8.96363
new Freshwater mean pheno: -8.7205
-------------------------------
Output1 for generation 34200:

Oceanic mean pheno: 8.72896
Freshwater mean pheno: -9.02745
new Freshwater mean pheno: -9.3469
-------------------------------
Output1 for generation 34300:

Oceanic mean pheno: 8.58631
Freshwater mean pheno: -9.14038
new Freshwater mean pheno: -9.26202
-------------------------------
Output1 for generation 34400:

Oceanic mean pheno: 9.18748
Freshwater mean pheno: -8.88373
new Freshwater mean pheno: -9.08502
-------------------------------
Output1 for generation 34500:

Oceanic mean pheno: 8.61608
Freshwater mean pheno: -9.11065
new Freshwater mean pheno: -8.93386
-------------------------------
Output1 for generation 34600:

Oceanic mean pheno: 8.80844
Freshwater mean pheno: -9.097
new Freshwater mean pheno: -9.17706
-------------------------------
Output1 for generation 34700:

Oceanic mean pheno: 9.03927
Freshwater mean pheno: -9.08947
new Freshwater mean pheno: -9.20037
-------------------------------
Output1 for generation 34800:

Oceanic mean pheno: 8.99558
Freshwater mean pheno: -9.0728
new Freshwater mean pheno: -8.92144
-------------------------------
Output1 for generation 34900:

Oceanic mean pheno: 9.18783
Freshwater mean pheno: -8.86926
new Freshwater mean pheno: -9.04337
-------------------------------
Output1 for generation 35000:

Oceanic mean pheno: 8.71383
Freshwater mean pheno: -9.1913
new Freshwater mean pheno: -8.97307
-------------------------------
Output1 for generation 35100:

Oceanic mean pheno: 8.56249
Freshwater mean pheno: -8.75525
new Freshwater mean pheno: -9.03143
-------------------------------
Output1 for generation 35200:

Oceanic mean pheno: 8.43598
Freshwater mean pheno: -8.81012
new Freshwater mean pheno: -9.29804
-------------------------------
Output1 for generation 35300:

Oceanic mean pheno: 8.41543
Freshwater mean pheno: -9.01115
new Freshwater mean pheno: -8.91077
-------------------------------
Output1 for generation 35400:

Oceanic mean pheno: 8.99029
Freshwater mean pheno: -8.87007
new Freshwater mean pheno: -9.48572
-------------------------------
Output1 for generation 35500:

Oceanic mean pheno: 8.34549
Freshwater mean pheno: -8.58494
new Freshwater mean pheno: -9.04431
-------------------------------
Output1 for generation 35600:

Oceanic mean pheno: 9.29721
Freshwater mean pheno: -9.25765
new Freshwater mean pheno: -8.70827
-------------------------------
Output1 for generation 35700:

Oceanic mean pheno: 8.67022
Freshwater mean pheno: -8.88423
new Freshwater mean pheno: -9.2699
-------------------------------
Output1 for generation 35800:

Oceanic mean pheno: 8.545
Freshwater mean pheno: -8.9567
new Freshwater mean pheno: -9.29157
-------------------------------
Output1 for generation 35900:

Oceanic mean pheno: 8.59315
Freshwater mean pheno: -9.13401
new Freshwater mean pheno: -9.08147
-------------------------------
Output1 for generation 36000:

Oceanic mean pheno: 8.70071
Freshwater mean pheno: -9.14151
new Freshwater mean pheno: -9.04049
-------------------------------
Output1 for generation 36100:

Oceanic mean pheno: 8.62366
Freshwater mean pheno: -8.90476
new Freshwater mean pheno: -9.02113
-------------------------------
Output1 for generation 36200:

Oceanic mean pheno: 8.4234
Freshwater mean pheno: -8.85496
new Freshwater mean pheno: -9.149
-------------------------------
Output1 for generation 36300:

Oceanic mean pheno: 8.47178
Freshwater mean pheno: -9.34572
new Freshwater mean pheno: -8.96523
-------------------------------
Output1 for generation 36400:

Oceanic mean pheno: 8.80013
Freshwater mean pheno: -8.90063
new Freshwater mean pheno: -8.92668
-------------------------------
Output1 for generation 36500:

Oceanic mean pheno: 8.7466
Freshwater mean pheno: -9.01489
new Freshwater mean pheno: -9.04875
-------------------------------
Output1 for generation 36600:

Oceanic mean pheno: 8.67224
Freshwater mean pheno: -9.13999
new Freshwater mean pheno: -9.0742
-------------------------------
Output1 for generation 36700:

Oceanic mean pheno: 8.79184
Freshwater mean pheno: -9.10104
new Freshwater mean pheno: -8.93955
-------------------------------
Output1 for generation 36800:

Oceanic mean pheno: 8.51238
Freshwater mean pheno: -9.46255
new Freshwater mean pheno: -9.09105
-------------------------------
Output1 for generation 36900:

Oceanic mean pheno: 9.02017
Freshwater mean pheno: -8.91506
new Freshwater mean pheno: -9.13844
-------------------------------
Output1 for generation 37000:

Oceanic mean pheno: 8.64327
Freshwater mean pheno: -8.98962
new Freshwater mean pheno: -8.54071
-------------------------------
Output1 for generation 37100:

Oceanic mean pheno: 8.56832
Freshwater mean pheno: -8.79064
new Freshwater mean pheno: -8.56448
-------------------------------
Output1 for generation 37200:

Oceanic mean pheno: 8.25176
Freshwater mean pheno: -9.41426
new Freshwater mean pheno: -8.62499
-------------------------------
Output1 for generation 37300:

Oceanic mean pheno: 9.20072
Freshwater mean pheno: -8.94794
new Freshwater mean pheno: -8.83122
-------------------------------
Output1 for generation 37400:

Oceanic mean pheno: 8.66241
Freshwater mean pheno: -8.91917
new Freshwater mean pheno: -9.12487
-------------------------------
Output1 for generation 37500:

Oceanic mean pheno: 8.51436
Freshwater mean pheno: -8.918
new Freshwater mean pheno: -9.24112
-------------------------------
Output1 for generation 37600:

Oceanic mean pheno: 8.52001
Freshwater mean pheno: -8.55222
new Freshwater mean pheno: -9.18278
-------------------------------
Output1 for generation 37700:

Oceanic mean pheno: 8.77233
Freshwater mean pheno: -9.04675
new Freshwater mean pheno: -9.04397
-------------------------------
Output1 for generation 37800:

Oceanic mean pheno: 8.3692
Freshwater mean pheno: -9.23903
new Freshwater mean pheno: -9.43286
-------------------------------
Output1 for generation 37900:

Oceanic mean pheno: 8.64951
Freshwater mean pheno: -8.78135
new Freshwater mean pheno: -9.02492
-------------------------------
Output1 for generation 38000:

Oceanic mean pheno: 8.66975
Freshwater mean pheno: -9.11299
new Freshwater mean pheno: -8.78465
-------------------------------
Output1 for generation 38100:

Oceanic mean pheno: 8.42137
Freshwater mean pheno: -9.33411
new Freshwater mean pheno: -9.03214
-------------------------------
Output1 for generation 38200:

Oceanic mean pheno: 8.70189
Freshwater mean pheno: -9.12025
new Freshwater mean pheno: -8.71896
-------------------------------
Output1 for generation 38300:

Oceanic mean pheno: 8.85581
Freshwater mean pheno: -9.24322
new Freshwater mean pheno: -8.76223
-------------------------------
Output1 for generation 38400:

Oceanic mean pheno: 8.64053
Freshwater mean pheno: -9.38604
new Freshwater mean pheno: -8.76206
-------------------------------
Output1 for generation 38500:

Oceanic mean pheno: 8.69446
Freshwater mean pheno: -8.98921
new Freshwater mean pheno: -8.8986
-------------------------------
Output1 for generation 38600:

Oceanic mean pheno: 8.40765
Freshwater mean pheno: -9.20892
new Freshwater mean pheno: -9.07692
-------------------------------
Output1 for generation 38700:

Oceanic mean pheno: 8.74314
Freshwater mean pheno: -8.97647
new Freshwater mean pheno: -9.04104
-------------------------------
Output1 for generation 38800:

Oceanic mean pheno: 8.98701
Freshwater mean pheno: -8.80895
new Freshwater mean pheno: -8.54375
-------------------------------
Output1 for generation 38900:

Oceanic mean pheno: 8.32473
Freshwater mean pheno: -9.17277
new Freshwater mean pheno: -8.71237
-------------------------------
Output1 for generation 39000:

Oceanic mean pheno: 8.62172
Freshwater mean pheno: -9.30651
new Freshwater mean pheno: -9.42753
-------------------------------
Output1 for generation 39100:

Oceanic mean pheno: 8.4584
Freshwater mean pheno: -9.03398
new Freshwater mean pheno: -9.16007
-------------------------------
Output1 for generation 39200:

Oceanic mean pheno: 8.52648
Freshwater mean pheno: -8.91799
new Freshwater mean pheno: -9.06209
-------------------------------
Output1 for generation 39300:

Oceanic mean pheno: 8.69501
Freshwater mean pheno: -9.08885
new Freshwater mean pheno: -9.02408
-------------------------------
Output1 for generation 39400:

Oceanic mean pheno: 8.31441
Freshwater mean pheno: -8.7626
new Freshwater mean pheno: -9.07205
-------------------------------
Output1 for generation 39500:

Oceanic mean pheno: 8.94506
Freshwater mean pheno: -8.74012
new Freshwater mean pheno: -9.3062
-------------------------------
Output1 for generation 39600:

Oceanic mean pheno: 8.56127
Freshwater mean pheno: -9.14058
new Freshwater mean pheno: -8.84081
-------------------------------
Output1 for generation 39700:

Oceanic mean pheno: 8.85696
Freshwater mean pheno: -8.77375
new Freshwater mean pheno: -9.11009
-------------------------------
Output1 for generation 39800:

Oceanic mean pheno: 8.43591
Freshwater mean pheno: -9.30821
new Freshwater mean pheno: -9.19528
-------------------------------
Output1 for generation 39900:

Oceanic mean pheno: 8.31339
Freshwater mean pheno: -9.4193
new Freshwater mean pheno: -8.78295
-------------------------------
Output1 for generation 40000:

Oceanic mean pheno: 8.53336
Freshwater mean pheno: -9.59475
new Freshwater mean pheno: -9.19106
elapsed: 3:34:18 / kernel: 1.38 / user: 12864.15 / mem: 260400
Done!
