Task ID  - seed 018851
Parameters for SLiM run:
  -s 018851 MyRecipe6_4_0.E
// Initial random seed:
1513244154433

// RunInitializeCallbacks():
initializeSLiMOptions(dimensionality = 'x');
initializeMutationRate(1e-07);
initializeMutationType(1, 0.5, "g", 0.5, 1);
initializeMutationType(2, 0.5, "g", -0.5, 1);
initializeMutationType(3, 0.5, "f", 0);
initializeMutationType(4, 0.5, "g", 0.5, 1);
initializeMutationType(5, 0.5, "g", -0.5, 1);
initializeMutationType(6, 0.5, "g", 0.6, 1);
initializeMutationType(7, 0.5, "g", -0.6, 1);
initializeGenomicElementType(1, m3, 1);
initializeGenomicElementType(2, c(m1, m2, m3, m4, m5, m6, m7), c(1, 1, 1, 1, 1, 1, 1));
initializeGenomicElement(g1, 0, 4949);
initializeGenomicElement(g2, 4950, 5049);
initializeGenomicElement(g1, 5050, 9999);
initializeGenomicElement(g1, 10000, 14949);
initializeGenomicElement(g2, 14950, 15049);
initializeGenomicElement(g1, 15050, 19999);
initializeGenomicElement(g1, 20000, 24949);
initializeGenomicElement(g2, 24950, 25049);
initializeGenomicElement(g1, 25050, 29999);
initializeGenomicElement(g1, 30000, 34949);
initializeGenomicElement(g2, 34950, 35049);
initializeGenomicElement(g1, 35050, 39999);
initializeGenomicElement(g1, 40000, 44949);
initializeGenomicElement(g2, 44950, 45049);
initializeGenomicElement(g1, 45050, 49999);
initializeGenomicElement(g1, 50000, 54949);
initializeGenomicElement(g2, 54950, 55049);
initializeGenomicElement(g1, 55050, 59999);
initializeGenomicElement(g1, 60000, 64949);
initializeGenomicElement(g2, 64950, 65049);
initializeGenomicElement(g1, 65050, 69999);
initializeGenomicElement(g1, 70000, 74949);
initializeGenomicElement(g2, 74950, 75049);
initializeGenomicElement(g1, 75050, 79999);
initializeGenomicElement(g1, 80000, 84949);
initializeGenomicElement(g2, 84950, 85049);
initializeGenomicElement(g1, 85050, 89999);
initializeGenomicElement(g1, 90000, 94949);
initializeGenomicElement(g2, 94950, 95049);
initializeGenomicElement(g1, 95050, 99999);
end of chromosome position: 100000
4950 5049 14950 15049 24950 25049 34950 35049 44950 45049 54950 55049 64950 65049 74950 75049 84950 85049 94950 95049
100000
initializeRecombinationRate(1e-06);
initializeInteractionType(1, "x", reciprocal=T", maxDistance=0.02);
initializeInteractionType(2, "x", reciprocal=T", maxDistance=1);

// Starting run at generation <start>:
1 

-------------------------------
Output1 for generation 100:

Oceanic mean pheno: 0.346013
Freshwater mean pheno: 0.0155318
-------------------------------
Output1 for generation 200:

Oceanic mean pheno: 3.26973
Freshwater mean pheno: 0.0336501
-------------------------------
Output1 for generation 300:

Oceanic mean pheno: 4.12659
Freshwater mean pheno: -0.00294898
-------------------------------
Output1 for generation 400:

Oceanic mean pheno: 4.55546
Freshwater mean pheno: -0.112655
-------------------------------
Output1 for generation 500:

Oceanic mean pheno: 4.60171
Freshwater mean pheno: -0.342247
-------------------------------
Output1 for generation 600:

Oceanic mean pheno: 4.53644
Freshwater mean pheno: -0.737369
-------------------------------
Output1 for generation 700:

Oceanic mean pheno: 4.49365
Freshwater mean pheno: -1.15292
-------------------------------
Output1 for generation 800:

Oceanic mean pheno: 4.63392
Freshwater mean pheno: -1.44005
-------------------------------
Output1 for generation 900:

Oceanic mean pheno: 4.63405
Freshwater mean pheno: -1.56055
-------------------------------
Output1 for generation 1000:

Oceanic mean pheno: 4.53365
Freshwater mean pheno: -1.75637
-------------------------------
Output1 for generation 1100:

Oceanic mean pheno: 4.57222
Freshwater mean pheno: -2.39405
-------------------------------
Output1 for generation 1200:

Oceanic mean pheno: 4.6443
Freshwater mean pheno: -2.69072
-------------------------------
Output1 for generation 1300:

Oceanic mean pheno: 4.66214
Freshwater mean pheno: -3.13464
-------------------------------
Output1 for generation 1400:

Oceanic mean pheno: 4.6724
Freshwater mean pheno: -3.55315
-------------------------------
Output1 for generation 1500:

Oceanic mean pheno: 4.84232
Freshwater mean pheno: -3.95129
-------------------------------
Output1 for generation 1600:

Oceanic mean pheno: 5.24406
Freshwater mean pheno: -4.01161
-------------------------------
Output1 for generation 1700:

Oceanic mean pheno: 5.71588
Freshwater mean pheno: -4.33865
-------------------------------
Output1 for generation 1800:

Oceanic mean pheno: 7.06805
Freshwater mean pheno: -4.48392
-------------------------------
Output1 for generation 1900:

Oceanic mean pheno: 7.82247
Freshwater mean pheno: -4.84974
-------------------------------
Output1 for generation 2000:

Oceanic mean pheno: 7.92203
Freshwater mean pheno: -5.10471
-------------------------------
Output1 for generation 2100:

Oceanic mean pheno: 7.71667
Freshwater mean pheno: -5.12287
-------------------------------
Output1 for generation 2200:

Oceanic mean pheno: 7.89865
Freshwater mean pheno: -5.35138
-------------------------------
Output1 for generation 2300:

Oceanic mean pheno: 7.68743
Freshwater mean pheno: -5.35086
-------------------------------
Output1 for generation 2400:

Oceanic mean pheno: 7.85433
Freshwater mean pheno: -5.36915
-------------------------------
Output1 for generation 2500:

Oceanic mean pheno: 7.94267
Freshwater mean pheno: -5.3132
-------------------------------
Output1 for generation 2600:

Oceanic mean pheno: 7.87851
Freshwater mean pheno: -5.6359
-------------------------------
Output1 for generation 2700:

Oceanic mean pheno: 7.84761
Freshwater mean pheno: -5.53747
-------------------------------
Output1 for generation 2800:

Oceanic mean pheno: 7.94721
Freshwater mean pheno: -5.60095
-------------------------------
Output1 for generation 2900:

Oceanic mean pheno: 7.99384
Freshwater mean pheno: -5.62039
-------------------------------
Output1 for generation 3000:

Oceanic mean pheno: 7.82832
Freshwater mean pheno: -5.78256
-------------------------------
Output1 for generation 3100:

Oceanic mean pheno: 7.92789
Freshwater mean pheno: -5.83777
-------------------------------
Output1 for generation 3200:

Oceanic mean pheno: 7.78595
Freshwater mean pheno: -5.93548
-------------------------------
Output1 for generation 3300:

Oceanic mean pheno: 7.92298
Freshwater mean pheno: -6.02564
-------------------------------
Output1 for generation 3400:

Oceanic mean pheno: 7.86273
Freshwater mean pheno: -6.02599
-------------------------------
Output1 for generation 3500:

Oceanic mean pheno: 7.92482
Freshwater mean pheno: -6.03165
-------------------------------
Output1 for generation 3600:

Oceanic mean pheno: 7.94088
Freshwater mean pheno: -6.055
-------------------------------
Output1 for generation 3700:

Oceanic mean pheno: 7.82853
Freshwater mean pheno: -6.22554
-------------------------------
Output1 for generation 3800:

Oceanic mean pheno: 7.80879
Freshwater mean pheno: -6.36447
-------------------------------
Output1 for generation 3900:

Oceanic mean pheno: 8.1618
Freshwater mean pheno: -6.3725
-------------------------------
Output1 for generation 4000:

Oceanic mean pheno: 7.95307
Freshwater mean pheno: -6.2424
-------------------------------
Output1 for generation 4100:

Oceanic mean pheno: 7.94221
Freshwater mean pheno: -6.45149
-------------------------------
Output1 for generation 4200:

Oceanic mean pheno: 7.87056
Freshwater mean pheno: -6.33329
-------------------------------
Output1 for generation 4300:

Oceanic mean pheno: 8.39235
Freshwater mean pheno: -6.6107
-------------------------------
Output1 for generation 4400:

Oceanic mean pheno: 8.75543
Freshwater mean pheno: -6.80725
-------------------------------
Output1 for generation 4500:

Oceanic mean pheno: 8.43724
Freshwater mean pheno: -6.69621
-------------------------------
Output1 for generation 4600:

Oceanic mean pheno: 8.99279
Freshwater mean pheno: -6.74796
-------------------------------
Output1 for generation 4700:

Oceanic mean pheno: 9.28344
Freshwater mean pheno: -6.73858
-------------------------------
Output1 for generation 4800:

Oceanic mean pheno: 9.7906
Freshwater mean pheno: -7.06527
-------------------------------
Output1 for generation 4900:

Oceanic mean pheno: 10.0164
Freshwater mean pheno: -7.16164
-------------------------------
Output1 for generation 5000:

Oceanic mean pheno: 9.76435
Freshwater mean pheno: -7.04085
-------------------------------
Output1 for generation 5100:

Oceanic mean pheno: 9.66
Freshwater mean pheno: -7.28845
-------------------------------
Output1 for generation 5200:

Oceanic mean pheno: 9.54228
Freshwater mean pheno: -7.48173
-------------------------------
Output1 for generation 5300:

Oceanic mean pheno: 9.81602
Freshwater mean pheno: -7.41626
-------------------------------
Output1 for generation 5400:

Oceanic mean pheno: 9.66867
Freshwater mean pheno: -7.37207
-------------------------------
Output1 for generation 5500:

Oceanic mean pheno: 9.72753
Freshwater mean pheno: -7.55546
-------------------------------
Output1 for generation 5600:

Oceanic mean pheno: 9.17867
Freshwater mean pheno: -7.67752
-------------------------------
Output1 for generation 5700:

Oceanic mean pheno: 9.1649
Freshwater mean pheno: -7.68195
-------------------------------
Output1 for generation 5800:

Oceanic mean pheno: 9.52438
Freshwater mean pheno: -7.5952
-------------------------------
Output1 for generation 5900:

Oceanic mean pheno: 9.23526
Freshwater mean pheno: -7.77325
-------------------------------
Output1 for generation 6000:

Oceanic mean pheno: 9.56341
Freshwater mean pheno: -7.79805
-------------------------------
Output1 for generation 6100:

Oceanic mean pheno: 9.52645
Freshwater mean pheno: -7.75803
-------------------------------
Output1 for generation 6200:

Oceanic mean pheno: 9.71314
Freshwater mean pheno: -7.94987
-------------------------------
Output1 for generation 6300:

Oceanic mean pheno: 9.17966
Freshwater mean pheno: -7.88871
-------------------------------
Output1 for generation 6400:

Oceanic mean pheno: 9.58482
Freshwater mean pheno: -8.08372
-------------------------------
Output1 for generation 6500:

Oceanic mean pheno: 9.8695
Freshwater mean pheno: -8.04542
-------------------------------
Output1 for generation 6600:

Oceanic mean pheno: 9.58875
Freshwater mean pheno: -8.25495
-------------------------------
Output1 for generation 6700:

Oceanic mean pheno: 9.71831
Freshwater mean pheno: -8.22074
-------------------------------
Output1 for generation 6800:

Oceanic mean pheno: 9.65275
Freshwater mean pheno: -8.21255
-------------------------------
Output1 for generation 6900:

Oceanic mean pheno: 9.80476
Freshwater mean pheno: -8.14618
-------------------------------
Output1 for generation 7000:

Oceanic mean pheno: 9.43625
Freshwater mean pheno: -8.2409
-------------------------------
Output1 for generation 7100:

Oceanic mean pheno: 9.98752
Freshwater mean pheno: -8.35867
-------------------------------
Output1 for generation 7200:

Oceanic mean pheno: 9.79781
Freshwater mean pheno: -8.63138
-------------------------------
Output1 for generation 7300:

Oceanic mean pheno: 9.21518
Freshwater mean pheno: -8.60896
-------------------------------
Output1 for generation 7400:

Oceanic mean pheno: 9.63146
Freshwater mean pheno: -8.5168
-------------------------------
Output1 for generation 7500:

Oceanic mean pheno: 9.7855
Freshwater mean pheno: -8.72516
-------------------------------
Output1 for generation 7600:

Oceanic mean pheno: 9.79751
Freshwater mean pheno: -8.6468
-------------------------------
Output1 for generation 7700:

Oceanic mean pheno: 9.38164
Freshwater mean pheno: -8.70246
-------------------------------
Output1 for generation 7800:

Oceanic mean pheno: 9.63904
Freshwater mean pheno: -8.79851
-------------------------------
Output1 for generation 7900:

Oceanic mean pheno: 9.56182
Freshwater mean pheno: -8.78604
-------------------------------
Output1 for generation 8000:

Oceanic mean pheno: 9.62891
Freshwater mean pheno: -8.97433
-------------------------------
Output1 for generation 8100:

Oceanic mean pheno: 9.81539
Freshwater mean pheno: -8.87328
-------------------------------
Output1 for generation 8200:

Oceanic mean pheno: 9.70591
Freshwater mean pheno: -8.98957
-------------------------------
Output1 for generation 8300:

Oceanic mean pheno: 9.56777
Freshwater mean pheno: -8.89456
-------------------------------
Output1 for generation 8400:

Oceanic mean pheno: 9.27165
Freshwater mean pheno: -8.66049
-------------------------------
Output1 for generation 8500:

Oceanic mean pheno: 9.43013
Freshwater mean pheno: -8.73523
-------------------------------
Output1 for generation 8600:

Oceanic mean pheno: 9.58259
Freshwater mean pheno: -8.92048
-------------------------------
Output1 for generation 8700:

Oceanic mean pheno: 9.54452
Freshwater mean pheno: -9.09257
-------------------------------
Output1 for generation 8800:

Oceanic mean pheno: 9.51466
Freshwater mean pheno: -8.99585
-------------------------------
Output1 for generation 8900:

Oceanic mean pheno: 9.25254
Freshwater mean pheno: -9.06212
-------------------------------
Output1 for generation 9000:

Oceanic mean pheno: 9.15141
Freshwater mean pheno: -8.86044
-------------------------------
Output1 for generation 9100:

Oceanic mean pheno: 9.39092
Freshwater mean pheno: -8.93148
-------------------------------
Output1 for generation 9200:

Oceanic mean pheno: 9.10133
Freshwater mean pheno: -9.04903
-------------------------------
Output1 for generation 9300:

Oceanic mean pheno: 9.3163
Freshwater mean pheno: -9.10847
-------------------------------
Output1 for generation 9400:

Oceanic mean pheno: 9.28685
Freshwater mean pheno: -9.00211
-------------------------------
Output1 for generation 9500:

Oceanic mean pheno: 9.33153
Freshwater mean pheno: -9.25198
-------------------------------
Output1 for generation 9600:

Oceanic mean pheno: 9.59476
Freshwater mean pheno: -9.25864
-------------------------------
Output1 for generation 9700:

Oceanic mean pheno: 9.46448
Freshwater mean pheno: -9.33475
-------------------------------
Output1 for generation 9800:

Oceanic mean pheno: 9.30661
Freshwater mean pheno: -9.35752
-------------------------------
Output1 for generation 9900:

Oceanic mean pheno: 9.43143
Freshwater mean pheno: -9.448
-------------------------------
Output1 for generation 10000:

Oceanic mean pheno: 9.47392
Freshwater mean pheno: -9.53266
-------------------------------
Output1 for generation 10100:

Oceanic mean pheno: 9.45071
Freshwater mean pheno: -9.51336
-------------------------------
Output1 for generation 10200:

Oceanic mean pheno: 9.60075
Freshwater mean pheno: -9.61701
-------------------------------
Output1 for generation 10300:

Oceanic mean pheno: 9.08281
Freshwater mean pheno: -9.41468
-------------------------------
Output1 for generation 10400:

Oceanic mean pheno: 9.2178
Freshwater mean pheno: -9.53761
-------------------------------
Output1 for generation 10500:

Oceanic mean pheno: 9.4562
Freshwater mean pheno: -9.27551
-------------------------------
Output1 for generation 10600:

Oceanic mean pheno: 9.56837
Freshwater mean pheno: -9.35838
-------------------------------
Output1 for generation 10700:

Oceanic mean pheno: 9.45843
Freshwater mean pheno: -9.6054
-------------------------------
Output1 for generation 10800:

Oceanic mean pheno: 9.54778
Freshwater mean pheno: -9.39154
-------------------------------
Output1 for generation 10900:

Oceanic mean pheno: 9.34251
Freshwater mean pheno: -9.49607
-------------------------------
Output1 for generation 11000:

Oceanic mean pheno: 9.37809
Freshwater mean pheno: -9.54319
-------------------------------
Output1 for generation 11100:

Oceanic mean pheno: 9.60821
Freshwater mean pheno: -9.62429
-------------------------------
Output1 for generation 11200:

Oceanic mean pheno: 9.68498
Freshwater mean pheno: -9.4699
-------------------------------
Output1 for generation 11300:

Oceanic mean pheno: 9.54301
Freshwater mean pheno: -9.41359
-------------------------------
Output1 for generation 11400:

Oceanic mean pheno: 9.64016
Freshwater mean pheno: -9.32311
-------------------------------
Output1 for generation 11500:

Oceanic mean pheno: 9.64767
Freshwater mean pheno: -9.34399
-------------------------------
Output1 for generation 11600:

Oceanic mean pheno: 9.56102
Freshwater mean pheno: -9.37848
-------------------------------
Output1 for generation 11700:

Oceanic mean pheno: 9.65261
Freshwater mean pheno: -9.32097
-------------------------------
Output1 for generation 11800:

Oceanic mean pheno: 9.5532
Freshwater mean pheno: -9.26623
-------------------------------
Output1 for generation 11900:

Oceanic mean pheno: 9.77506
Freshwater mean pheno: -9.51333
-------------------------------
Output1 for generation 12000:

Oceanic mean pheno: 9.70638
Freshwater mean pheno: -9.36486
-------------------------------
Output1 for generation 12100:

Oceanic mean pheno: 9.9616
Freshwater mean pheno: -9.63127
-------------------------------
Output1 for generation 12200:

Oceanic mean pheno: 9.59345
Freshwater mean pheno: -9.62438
-------------------------------
Output1 for generation 12300:

Oceanic mean pheno: 9.39729
Freshwater mean pheno: -9.48037
-------------------------------
Output1 for generation 12400:

Oceanic mean pheno: 9.6628
Freshwater mean pheno: -9.28191
-------------------------------
Output1 for generation 12500:

Oceanic mean pheno: 9.67839
Freshwater mean pheno: -9.35751
-------------------------------
Output1 for generation 12600:

Oceanic mean pheno: 9.21648
Freshwater mean pheno: -9.63561
-------------------------------
Output1 for generation 12700:

Oceanic mean pheno: 9.30671
Freshwater mean pheno: -9.5737
-------------------------------
Output1 for generation 12800:

Oceanic mean pheno: 9.49023
Freshwater mean pheno: -9.34278
-------------------------------
Output1 for generation 12900:

Oceanic mean pheno: 9.32766
Freshwater mean pheno: -9.26296
-------------------------------
Output1 for generation 13000:

Oceanic mean pheno: 9.69977
Freshwater mean pheno: -9.37959
-------------------------------
Output1 for generation 13100:

Oceanic mean pheno: 9.69754
Freshwater mean pheno: -9.40927
-------------------------------
Output1 for generation 13200:

Oceanic mean pheno: 9.91612
Freshwater mean pheno: -9.38537
-------------------------------
Output1 for generation 13300:

Oceanic mean pheno: 9.97822
Freshwater mean pheno: -9.55146
-------------------------------
Output1 for generation 13400:

Oceanic mean pheno: 10.0298
Freshwater mean pheno: -9.47885
-------------------------------
Output1 for generation 13500:

Oceanic mean pheno: 9.91699
Freshwater mean pheno: -9.36745
-------------------------------
Output1 for generation 13600:

Oceanic mean pheno: 9.77762
Freshwater mean pheno: -9.34762
-------------------------------
Output1 for generation 13700:

Oceanic mean pheno: 9.67835
Freshwater mean pheno: -9.4385
-------------------------------
Output1 for generation 13800:

Oceanic mean pheno: 9.77026
Freshwater mean pheno: -9.27744
-------------------------------
Output1 for generation 13900:

Oceanic mean pheno: 9.61752
Freshwater mean pheno: -9.36714
-------------------------------
Output1 for generation 14000:

Oceanic mean pheno: 9.55142
Freshwater mean pheno: -9.50482
-------------------------------
Output1 for generation 14100:

Oceanic mean pheno: 9.55239
Freshwater mean pheno: -9.66033
-------------------------------
Output1 for generation 14200:

Oceanic mean pheno: 9.43642
Freshwater mean pheno: -9.64951
-------------------------------
Output1 for generation 14300:

Oceanic mean pheno: 9.54246
Freshwater mean pheno: -9.55563
-------------------------------
Output1 for generation 14400:

Oceanic mean pheno: 9.45094
Freshwater mean pheno: -9.72756
-------------------------------
Output1 for generation 14500:

Oceanic mean pheno: 9.5133
Freshwater mean pheno: -9.77946
-------------------------------
Output1 for generation 14600:

Oceanic mean pheno: 9.78516
Freshwater mean pheno: -9.58997
-------------------------------
Output1 for generation 14700:

Oceanic mean pheno: 10.1144
Freshwater mean pheno: -9.09575
-------------------------------
Output1 for generation 14800:

Oceanic mean pheno: 9.82037
Freshwater mean pheno: -9.34111
-------------------------------
Output1 for generation 14900:

Oceanic mean pheno: 9.84159
Freshwater mean pheno: -9.16553
-------------------------------
Output1 for generation 15000:

Oceanic mean pheno: 9.92924
Freshwater mean pheno: -9.37083
-------------------------------
Output1 for generation 15100:

Oceanic mean pheno: 9.88825
Freshwater mean pheno: -9.33467
-------------------------------
Output1 for generation 15200:

Oceanic mean pheno: 9.99578
Freshwater mean pheno: -9.30204
-------------------------------
Output1 for generation 15300:

Oceanic mean pheno: 9.96169
Freshwater mean pheno: -9.2263
-------------------------------
Output1 for generation 15400:

Oceanic mean pheno: 9.71436
Freshwater mean pheno: -9.50064
-------------------------------
Output1 for generation 15500:

Oceanic mean pheno: 9.44333
Freshwater mean pheno: -9.57092
-------------------------------
Output1 for generation 15600:

Oceanic mean pheno: 9.76541
Freshwater mean pheno: -9.58197
-------------------------------
Output1 for generation 15700:

Oceanic mean pheno: 9.82368
Freshwater mean pheno: -9.45434
-------------------------------
Output1 for generation 15800:

Oceanic mean pheno: 9.74186
Freshwater mean pheno: -9.43015
-------------------------------
Output1 for generation 15900:

Oceanic mean pheno: 9.77928
Freshwater mean pheno: -9.41602
-------------------------------
Output1 for generation 16000:

Oceanic mean pheno: 9.94294
Freshwater mean pheno: -9.47035
-------------------------------
Output1 for generation 16100:

Oceanic mean pheno: 10.1119
Freshwater mean pheno: -9.34834
-------------------------------
Output1 for generation 16200:

Oceanic mean pheno: 9.60872
Freshwater mean pheno: -9.48067
-------------------------------
Output1 for generation 16300:

Oceanic mean pheno: 9.38646
Freshwater mean pheno: -9.41983
-------------------------------
Output1 for generation 16400:

Oceanic mean pheno: 9.29272
Freshwater mean pheno: -9.26761
-------------------------------
Output1 for generation 16500:

Oceanic mean pheno: 9.38193
Freshwater mean pheno: -9.44564
-------------------------------
Output1 for generation 16600:

Oceanic mean pheno: 9.4557
Freshwater mean pheno: -9.23807
-------------------------------
Output1 for generation 16700:

Oceanic mean pheno: 9.40554
Freshwater mean pheno: -9.15025
-------------------------------
Output1 for generation 16800:

Oceanic mean pheno: 9.45816
Freshwater mean pheno: -9.26237
-------------------------------
Output1 for generation 16900:

Oceanic mean pheno: 9.63129
Freshwater mean pheno: -9.1425
-------------------------------
Output1 for generation 17000:

Oceanic mean pheno: 9.74897
Freshwater mean pheno: -9.04297
-------------------------------
Output1 for generation 17100:

Oceanic mean pheno: 9.68271
Freshwater mean pheno: -9.1227
-------------------------------
Output1 for generation 17200:

Oceanic mean pheno: 9.69134
Freshwater mean pheno: -9.18124
-------------------------------
Output1 for generation 17300:

Oceanic mean pheno: 9.31965
Freshwater mean pheno: -8.99482
-------------------------------
Output1 for generation 17400:

Oceanic mean pheno: 9.38631
Freshwater mean pheno: -9.01948
-------------------------------
Output1 for generation 17500:

Oceanic mean pheno: 9.45483
Freshwater mean pheno: -9.10232
-------------------------------
Output1 for generation 17600:

Oceanic mean pheno: 9.44378
Freshwater mean pheno: -9.06294
-------------------------------
Output1 for generation 17700:

Oceanic mean pheno: 9.22069
Freshwater mean pheno: -9.10184
-------------------------------
Output1 for generation 17800:

Oceanic mean pheno: 9.20864
Freshwater mean pheno: -9.17373
-------------------------------
Output1 for generation 17900:

Oceanic mean pheno: 10.1398
Freshwater mean pheno: -7.63157
-------------------------------
Output1 for generation 18000:

Oceanic mean pheno: 10.0198
Freshwater mean pheno: -7.70488
-------------------------------
Output1 for generation 18100:

Oceanic mean pheno: 9.94353
Freshwater mean pheno: -7.76023
-------------------------------
Output1 for generation 18200:

Oceanic mean pheno: 10.1707
Freshwater mean pheno: -7.67322
-------------------------------
Output1 for generation 18300:

Oceanic mean pheno: 10.137
Freshwater mean pheno: -7.73834
-------------------------------
Output1 for generation 18400:

Oceanic mean pheno: 9.97165
Freshwater mean pheno: -7.70585
-------------------------------
Output1 for generation 18500:

Oceanic mean pheno: 9.84183
Freshwater mean pheno: -7.69005
-------------------------------
Output1 for generation 18600:

Oceanic mean pheno: 9.96528
Freshwater mean pheno: -7.6537
-------------------------------
Output1 for generation 18700:

Oceanic mean pheno: 9.42221
Freshwater mean pheno: -7.78999
-------------------------------
Output1 for generation 18800:

Oceanic mean pheno: 9.77348
Freshwater mean pheno: -8.0789
-------------------------------
Output1 for generation 18900:

Oceanic mean pheno: 9.94569
Freshwater mean pheno: -8.4054
-------------------------------
Output1 for generation 19000:

Oceanic mean pheno: 9.84811
Freshwater mean pheno: -8.43812
-------------------------------
Output1 for generation 19100:

Oceanic mean pheno: 9.95484
Freshwater mean pheno: -8.73393
-------------------------------
Output1 for generation 19200:

Oceanic mean pheno: 9.74171
Freshwater mean pheno: -8.93056
-------------------------------
Output1 for generation 19300:

Oceanic mean pheno: 9.71065
Freshwater mean pheno: -9.02259
-------------------------------
Output1 for generation 19400:

Oceanic mean pheno: 9.52054
Freshwater mean pheno: -8.96469
-------------------------------
Output1 for generation 19500:

Oceanic mean pheno: 9.89375
Freshwater mean pheno: -8.996
-------------------------------
Output1 for generation 19600:

Oceanic mean pheno: 9.97698
Freshwater mean pheno: -8.92731
-------------------------------
Output1 for generation 19700:

Oceanic mean pheno: 10.1987
Freshwater mean pheno: -9.08803
-------------------------------
Output1 for generation 19800:

Oceanic mean pheno: 9.83071
Freshwater mean pheno: -9.25556
-------------------------------
Output1 for generation 19900:

Oceanic mean pheno: 10.0814
Freshwater mean pheno: -8.98635
-------------------------------
Output1 for generation 20000:

Oceanic mean pheno: 10.1794
Freshwater mean pheno: -9.08164
-------------------------------
Output1 for generation 20100:

Oceanic mean pheno: 10.6914
Freshwater mean pheno: -9.4669
-------------------------------
Output1 for generation 20200:

Oceanic mean pheno: 10.6431
Freshwater mean pheno: -9.52604
-------------------------------
Output1 for generation 20300:

Oceanic mean pheno: 10.6582
Freshwater mean pheno: -9.52521
-------------------------------
Output1 for generation 20400:

Oceanic mean pheno: 10.6204
Freshwater mean pheno: -9.52401
-------------------------------
Output1 for generation 20500:

Oceanic mean pheno: 10.4031
Freshwater mean pheno: -9.52357
-------------------------------
Output1 for generation 20600:

Oceanic mean pheno: 10.3079
Freshwater mean pheno: -9.51209
-------------------------------
Output1 for generation 20700:

Oceanic mean pheno: 10.0302
Freshwater mean pheno: -9.5777
-------------------------------
Output1 for generation 20800:

Oceanic mean pheno: 10.0398
Freshwater mean pheno: -9.55166
-------------------------------
Output1 for generation 20900:

Oceanic mean pheno: 10.2502
Freshwater mean pheno: -9.54524
-------------------------------
Output1 for generation 21000:

Oceanic mean pheno: 10.3774
Freshwater mean pheno: -9.52027
-------------------------------
Output1 for generation 21100:

Oceanic mean pheno: 10.3335
Freshwater mean pheno: -9.54895
-------------------------------
Output1 for generation 21200:

Oceanic mean pheno: 10.2844
Freshwater mean pheno: -9.54967
-------------------------------
Output1 for generation 21300:

Oceanic mean pheno: 10.3544
Freshwater mean pheno: -9.53788
-------------------------------
Output1 for generation 21400:

Oceanic mean pheno: 10.2935
Freshwater mean pheno: -9.49797
-------------------------------
Output1 for generation 21500:

Oceanic mean pheno: 10.1832
Freshwater mean pheno: -9.5511
-------------------------------
Output1 for generation 21600:

Oceanic mean pheno: 9.9114
Freshwater mean pheno: -9.55843
-------------------------------
Output1 for generation 21700:

Oceanic mean pheno: 9.8721
Freshwater mean pheno: -9.55498
-------------------------------
Output1 for generation 21800:

Oceanic mean pheno: 9.80868
Freshwater mean pheno: -9.5413
-------------------------------
Output1 for generation 21900:

Oceanic mean pheno: 9.60744
Freshwater mean pheno: -9.5387
-------------------------------
Output1 for generation 22000:

Oceanic mean pheno: 9.6527
Freshwater mean pheno: -9.51977
-------------------------------
Output1 for generation 22100:

Oceanic mean pheno: 9.4628
Freshwater mean pheno: -9.51525
-------------------------------
Output1 for generation 22200:

Oceanic mean pheno: 9.41823
Freshwater mean pheno: -9.45694
-------------------------------
Output1 for generation 22300:

Oceanic mean pheno: 9.38899
Freshwater mean pheno: -9.48725
-------------------------------
Output1 for generation 22400:

Oceanic mean pheno: 9.36768
Freshwater mean pheno: -9.5045
-------------------------------
Output1 for generation 22500:

Oceanic mean pheno: 9.39
Freshwater mean pheno: -9.47931
-------------------------------
Output1 for generation 22600:

Oceanic mean pheno: 9.507
Freshwater mean pheno: -9.5458
-------------------------------
Output1 for generation 22700:

Oceanic mean pheno: 9.42905
Freshwater mean pheno: -9.45689
-------------------------------
Output1 for generation 22800:

Oceanic mean pheno: 9.47383
Freshwater mean pheno: -9.49633
-------------------------------
Output1 for generation 22900:

Oceanic mean pheno: 9.55051
Freshwater mean pheno: -9.43986
-------------------------------
Output1 for generation 23000:

Oceanic mean pheno: 9.38526
Freshwater mean pheno: -9.46834
-------------------------------
Output1 for generation 23100:

Oceanic mean pheno: 9.46197
Freshwater mean pheno: -9.40257
-------------------------------
Output1 for generation 23200:

Oceanic mean pheno: 9.37738
Freshwater mean pheno: -9.44821
-------------------------------
Output1 for generation 23300:

Oceanic mean pheno: 9.49365
Freshwater mean pheno: -9.39949
-------------------------------
Output1 for generation 23400:

Oceanic mean pheno: 9.50463
Freshwater mean pheno: -9.41339
-------------------------------
Output1 for generation 23500:

Oceanic mean pheno: 9.59912
Freshwater mean pheno: -9.38369
-------------------------------
Output1 for generation 23600:

Oceanic mean pheno: 9.67564
Freshwater mean pheno: -9.37568
-------------------------------
Output1 for generation 23700:

Oceanic mean pheno: 9.74425
Freshwater mean pheno: -9.36768
-------------------------------
Output1 for generation 23800:

Oceanic mean pheno: 9.68742
Freshwater mean pheno: -9.39458
-------------------------------
Output1 for generation 23900:

Oceanic mean pheno: 9.63344
Freshwater mean pheno: -9.42487
-------------------------------
Output1 for generation 24000:

Oceanic mean pheno: 9.76409
Freshwater mean pheno: -9.43553
-------------------------------
Output1 for generation 24100:

Oceanic mean pheno: 9.8913
Freshwater mean pheno: -9.45384
-------------------------------
Output1 for generation 24200:

Oceanic mean pheno: 10.1038
Freshwater mean pheno: -9.43296
-------------------------------
Output1 for generation 24300:

Oceanic mean pheno: 10.0972
Freshwater mean pheno: -9.41861
-------------------------------
Output1 for generation 24400:

Oceanic mean pheno: 10.4163
Freshwater mean pheno: -9.44136
-------------------------------
Output1 for generation 24500:

Oceanic mean pheno: 10.2886
Freshwater mean pheno: -9.45447
-------------------------------
Output1 for generation 24600:

Oceanic mean pheno: 10.0658
Freshwater mean pheno: -9.46123
-------------------------------
Output1 for generation 24700:

Oceanic mean pheno: 10.2231
Freshwater mean pheno: -9.44709
-------------------------------
Output1 for generation 24800:

Oceanic mean pheno: 9.93038
Freshwater mean pheno: -9.4475
-------------------------------
Output1 for generation 24900:

Oceanic mean pheno: 10.1179
Freshwater mean pheno: -9.43078
-------------------------------
Output1 for generation 25000:

Oceanic mean pheno: 9.94725
Freshwater mean pheno: -9.42648
-------------------------------
Output1 for generation 25100:

Oceanic mean pheno: 10.0277
Freshwater mean pheno: -9.45911
-------------------------------
Output1 for generation 25200:

Oceanic mean pheno: 9.91936
Freshwater mean pheno: -9.48331
-------------------------------
Output1 for generation 25300:

Oceanic mean pheno: 9.84309
Freshwater mean pheno: -9.4554
-------------------------------
Output1 for generation 25400:

Oceanic mean pheno: 10.0062
Freshwater mean pheno: -9.4859
-------------------------------
Output1 for generation 25500:

Oceanic mean pheno: 10.1675
Freshwater mean pheno: -9.45259
-------------------------------
Output1 for generation 25600:

Oceanic mean pheno: 10.1119
Freshwater mean pheno: -9.49817
-------------------------------
Output1 for generation 25700:

Oceanic mean pheno: 10.1204
Freshwater mean pheno: -9.51156
-------------------------------
Output1 for generation 25800:

Oceanic mean pheno: 10.1897
Freshwater mean pheno: -9.5127
-------------------------------
Output1 for generation 25900:

Oceanic mean pheno: 10.1082
Freshwater mean pheno: -9.4976
-------------------------------
Output1 for generation 26000:

Oceanic mean pheno: 9.99464
Freshwater mean pheno: -9.48095
-------------------------------
Output1 for generation 26100:

Oceanic mean pheno: 10.1694
Freshwater mean pheno: -9.51957
-------------------------------
Output1 for generation 26200:

Oceanic mean pheno: 10.203
Freshwater mean pheno: -9.49053
-------------------------------
Output1 for generation 26300:

Oceanic mean pheno: 10.3202
Freshwater mean pheno: -9.50113
-------------------------------
Output1 for generation 26400:

Oceanic mean pheno: 10.2135
Freshwater mean pheno: -9.48517
-------------------------------
Output1 for generation 26500:

Oceanic mean pheno: 10.2094
Freshwater mean pheno: -9.48506
-------------------------------
Output1 for generation 26600:

Oceanic mean pheno: 10.1097
Freshwater mean pheno: -9.51827
-------------------------------
Output1 for generation 26700:

Oceanic mean pheno: 10.2467
Freshwater mean pheno: -9.56854
-------------------------------
Output1 for generation 26800:

Oceanic mean pheno: 10.2904
Freshwater mean pheno: -9.63927
-------------------------------
Output1 for generation 26900:

Oceanic mean pheno: 10.1414
Freshwater mean pheno: -9.6286
-------------------------------
Output1 for generation 27000:

Oceanic mean pheno: 10.0322
Freshwater mean pheno: -9.6343
-------------------------------
Output1 for generation 27100:

Oceanic mean pheno: 10.1008
Freshwater mean pheno: -9.69039
-------------------------------
Output1 for generation 27200:

Oceanic mean pheno: 10.3226
Freshwater mean pheno: -9.66813
-------------------------------
Output1 for generation 27300:

Oceanic mean pheno: 10.4179
Freshwater mean pheno: -9.70043
-------------------------------
Output1 for generation 27400:

Oceanic mean pheno: 10.5664
Freshwater mean pheno: -9.68998
-------------------------------
Output1 for generation 27500:

Oceanic mean pheno: 10.5561
Freshwater mean pheno: -9.67586
-------------------------------
Output1 for generation 27600:

Oceanic mean pheno: 10.5299
Freshwater mean pheno: -9.71332
-------------------------------
Output1 for generation 27700:

Oceanic mean pheno: 10.3384
Freshwater mean pheno: -9.6555
-------------------------------
Output1 for generation 27800:

Oceanic mean pheno: 10.2512
Freshwater mean pheno: -9.66259
-------------------------------
Output1 for generation 27900:

Oceanic mean pheno: 10.2084
Freshwater mean pheno: -9.68464
-------------------------------
Output1 for generation 28000:

Oceanic mean pheno: 10.2989
Freshwater mean pheno: -9.68315
-------------------------------
Output1 for generation 28100:

Oceanic mean pheno: 10.2689
Freshwater mean pheno: -9.71146
-------------------------------
Output1 for generation 28200:

Oceanic mean pheno: 10.2852
Freshwater mean pheno: -9.74442
-------------------------------
Output1 for generation 28300:

Oceanic mean pheno: 10.0862
Freshwater mean pheno: -9.70695
-------------------------------
Output1 for generation 28400:

Oceanic mean pheno: 9.97057
Freshwater mean pheno: -9.70751
-------------------------------
Output1 for generation 28500:

Oceanic mean pheno: 9.80747
Freshwater mean pheno: -9.75874
-------------------------------
Output1 for generation 28600:

Oceanic mean pheno: 9.85931
Freshwater mean pheno: -9.76761
-------------------------------
Output1 for generation 28700:

Oceanic mean pheno: 10.0235
Freshwater mean pheno: -9.74241
-------------------------------
Output1 for generation 28800:

Oceanic mean pheno: 10.0658
Freshwater mean pheno: -9.69956
-------------------------------
Output1 for generation 28900:

Oceanic mean pheno: 10.0061
Freshwater mean pheno: -9.70669
-------------------------------
Output1 for generation 29000:

Oceanic mean pheno: 9.81871
Freshwater mean pheno: -9.74668
-------------------------------
Output1 for generation 29100:

Oceanic mean pheno: 9.73423
Freshwater mean pheno: -9.80899
-------------------------------
Output1 for generation 29200:

Oceanic mean pheno: 9.80299
Freshwater mean pheno: -9.78546
-------------------------------
Output1 for generation 29300:

Oceanic mean pheno: 9.84199
Freshwater mean pheno: -9.77964
-------------------------------
Output1 for generation 29400:

Oceanic mean pheno: 9.81934
Freshwater mean pheno: -9.77153
-------------------------------
Output1 for generation 29500:

Oceanic mean pheno: 9.81376
Freshwater mean pheno: -9.77332
-------------------------------
Output1 for generation 29600:

Oceanic mean pheno: 10.0263
Freshwater mean pheno: -9.76454
-------------------------------
Output1 for generation 29700:

Oceanic mean pheno: 9.92722
Freshwater mean pheno: -9.80095
-------------------------------
Output1 for generation 29800:

Oceanic mean pheno: 9.64065
Freshwater mean pheno: -9.87433
-------------------------------
Output1 for generation 29900:

Oceanic mean pheno: 9.5873
Freshwater mean pheno: -9.91058
-------------------------------
Output1 for generation 30000:

Oceanic mean pheno: 9.60211
Freshwater mean pheno: -9.90607
-------------------------------
Output1 for generation 30100:

Oceanic mean pheno: 9.67949
Freshwater mean pheno: -9.89947
-------------------------------
Output1 for generation 30200:

Oceanic mean pheno: 9.74549
Freshwater mean pheno: -9.89733
-------------------------------
Output1 for generation 30300:

Oceanic mean pheno: 9.76016
Freshwater mean pheno: -9.8675
-------------------------------
Output1 for generation 30400:

Oceanic mean pheno: 9.66421
Freshwater mean pheno: -9.88279
-------------------------------
Output1 for generation 30500:

Oceanic mean pheno: 9.58197
Freshwater mean pheno: -9.89221
-------------------------------
Output1 for generation 30600:

Oceanic mean pheno: 9.51139
Freshwater mean pheno: -9.86398
-------------------------------
Output1 for generation 30700:

Oceanic mean pheno: 9.39738
Freshwater mean pheno: -9.88294
-------------------------------
Output1 for generation 30800:

Oceanic mean pheno: 9.34272
Freshwater mean pheno: -9.88023
-------------------------------
Output1 for generation 30900:

Oceanic mean pheno: 9.38173
Freshwater mean pheno: -9.8717
-------------------------------
Output1 for generation 31000:

Oceanic mean pheno: 9.44021
Freshwater mean pheno: -9.88878
-------------------------------
Output1 for generation 31100:

Oceanic mean pheno: 9.51389
Freshwater mean pheno: -9.87984
-------------------------------
Output1 for generation 31200:

Oceanic mean pheno: 9.55303
Freshwater mean pheno: -9.90018
-------------------------------
Output1 for generation 31300:

Oceanic mean pheno: 9.57457
Freshwater mean pheno: -10.0049
-------------------------------
Output1 for generation 31400:

Oceanic mean pheno: 9.43132
Freshwater mean pheno: -9.8844
-------------------------------
Output1 for generation 31500:

Oceanic mean pheno: 9.33374
Freshwater mean pheno: -9.88726
-------------------------------
Output1 for generation 31600:

Oceanic mean pheno: 9.38704
Freshwater mean pheno: -9.87177
-------------------------------
Output1 for generation 31700:

Oceanic mean pheno: 9.35992
Freshwater mean pheno: -9.85893
-------------------------------
Output1 for generation 31800:

Oceanic mean pheno: 9.32671
Freshwater mean pheno: -9.89182
-------------------------------
Output1 for generation 31900:

Oceanic mean pheno: 9.29374
Freshwater mean pheno: -9.86873
-------------------------------
Output1 for generation 32000:

Oceanic mean pheno: 9.31446
Freshwater mean pheno: -9.88886
-------------------------------
Output1 for generation 32100:

Oceanic mean pheno: 9.3792
Freshwater mean pheno: -9.86172
-------------------------------
Output1 for generation 32200:

Oceanic mean pheno: 9.31265
Freshwater mean pheno: -9.8616
-------------------------------
Output1 for generation 32300:

Oceanic mean pheno: 9.26629
Freshwater mean pheno: -9.86571
-------------------------------
Output1 for generation 32400:

Oceanic mean pheno: 9.28668
Freshwater mean pheno: -9.84546
-------------------------------
Output1 for generation 32500:

Oceanic mean pheno: 9.27446
Freshwater mean pheno: -9.84446
-------------------------------
Output1 for generation 32600:

Oceanic mean pheno: 9.34939
Freshwater mean pheno: -9.84134
-------------------------------
Output1 for generation 32700:

Oceanic mean pheno: 9.34028
Freshwater mean pheno: -9.83348
-------------------------------
Output1 for generation 32800:

Oceanic mean pheno: 9.39864
Freshwater mean pheno: -9.84803
-------------------------------
Output1 for generation 32900:

Oceanic mean pheno: 9.42635
Freshwater mean pheno: -9.84941
-------------------------------
Output1 for generation 33000:

Oceanic mean pheno: 9.49328
Freshwater mean pheno: -9.87644
-------------------------------
Output1 for generation 33100:

Oceanic mean pheno: 9.52405
Freshwater mean pheno: -9.83551
-------------------------------
Output1 for generation 33200:

Oceanic mean pheno: 9.55878
Freshwater mean pheno: -9.81224
-------------------------------
Output1 for generation 33300:

Oceanic mean pheno: 9.61509
Freshwater mean pheno: -9.82865
-------------------------------
Output1 for generation 33400:

Oceanic mean pheno: 9.58809
Freshwater mean pheno: -9.86428
-------------------------------
Output1 for generation 33500:

Oceanic mean pheno: 9.58288
Freshwater mean pheno: -9.82951
-------------------------------
Output1 for generation 33600:

Oceanic mean pheno: 9.63258
Freshwater mean pheno: -9.80325
-------------------------------
Output1 for generation 33700:

Oceanic mean pheno: 9.64556
Freshwater mean pheno: -9.80966
-------------------------------
Output1 for generation 33800:

Oceanic mean pheno: 9.66349
Freshwater mean pheno: -9.81562
-------------------------------
Output1 for generation 33900:

Oceanic mean pheno: 9.65017
Freshwater mean pheno: -9.78702
-------------------------------
Output1 for generation 34000:

Oceanic mean pheno: 9.67969
Freshwater mean pheno: -9.82033
-------------------------------
Output1 for generation 34100:

Oceanic mean pheno: 9.70483
Freshwater mean pheno: -9.8277
-------------------------------
Output1 for generation 34200:

Oceanic mean pheno: 9.69865
Freshwater mean pheno: -9.89271
-------------------------------
Output1 for generation 34300:

Oceanic mean pheno: 9.67319
Freshwater mean pheno: -9.83504
-------------------------------
Output1 for generation 34400:

Oceanic mean pheno: 9.63687
Freshwater mean pheno: -9.82385
-------------------------------
Output1 for generation 34500:

Oceanic mean pheno: 9.61334
Freshwater mean pheno: -9.82276
-------------------------------
Output1 for generation 34600:

Oceanic mean pheno: 9.61727
Freshwater mean pheno: -9.81945
-------------------------------
Output1 for generation 34700:

Oceanic mean pheno: 9.61909
Freshwater mean pheno: -9.86254
-------------------------------
Output1 for generation 34800:

Oceanic mean pheno: 9.65552
Freshwater mean pheno: -9.82439
-------------------------------
Output1 for generation 34900:

Oceanic mean pheno: 9.68245
Freshwater mean pheno: -9.75918
-------------------------------
Output1 for generation 35000:

Oceanic mean pheno: 9.65143
Freshwater mean pheno: -9.77168
-------------------------------
Output1 for generation 35100:

Oceanic mean pheno: 9.66349
Freshwater mean pheno: -9.74524
-------------------------------
Output1 for generation 35200:

Oceanic mean pheno: 9.61076
Freshwater mean pheno: -9.71748
-------------------------------
Output1 for generation 35300:

Oceanic mean pheno: 9.58118
Freshwater mean pheno: -9.73829
-------------------------------
Output1 for generation 35400:

Oceanic mean pheno: 9.56895
Freshwater mean pheno: -9.72219
-------------------------------
Output1 for generation 35500:

Oceanic mean pheno: 9.58437
Freshwater mean pheno: -9.70547
-------------------------------
Output1 for generation 35600:

Oceanic mean pheno: 9.59298
Freshwater mean pheno: -9.71504
-------------------------------
Output1 for generation 35700:

Oceanic mean pheno: 9.567
Freshwater mean pheno: -9.7116
-------------------------------
Output1 for generation 35800:

Oceanic mean pheno: 9.52311
Freshwater mean pheno: -9.70953
-------------------------------
Output1 for generation 35900:

Oceanic mean pheno: 9.50638
Freshwater mean pheno: -9.73777
-------------------------------
Output1 for generation 36000:

Oceanic mean pheno: 9.54464
Freshwater mean pheno: -9.67543
-------------------------------
Output1 for generation 36100:

Oceanic mean pheno: 9.5089
Freshwater mean pheno: -9.74269
-------------------------------
Output1 for generation 36200:

Oceanic mean pheno: 9.45063
Freshwater mean pheno: -9.70332
-------------------------------
Output1 for generation 36300:

Oceanic mean pheno: 9.53223
Freshwater mean pheno: -9.70629
-------------------------------
Output1 for generation 36400:

Oceanic mean pheno: 9.60467
Freshwater mean pheno: -9.72523
-------------------------------
Output1 for generation 36500:

Oceanic mean pheno: 9.57675
Freshwater mean pheno: -9.68776
-------------------------------
Output1 for generation 36600:

Oceanic mean pheno: 9.64344
Freshwater mean pheno: -9.71041
-------------------------------
Output1 for generation 36700:

Oceanic mean pheno: 9.71919
Freshwater mean pheno: -9.7532
-------------------------------
Output1 for generation 36800:

Oceanic mean pheno: 9.77115
Freshwater mean pheno: -9.72786
-------------------------------
Output1 for generation 36900:

Oceanic mean pheno: 9.77242
Freshwater mean pheno: -9.72016
-------------------------------
Output1 for generation 37000:

Oceanic mean pheno: 9.7056
Freshwater mean pheno: -9.71462
-------------------------------
Output1 for generation 37100:

Oceanic mean pheno: 9.69222
Freshwater mean pheno: -9.78022
-------------------------------
Output1 for generation 37200:

Oceanic mean pheno: 9.66616
Freshwater mean pheno: -9.74958
-------------------------------
Output1 for generation 37300:

Oceanic mean pheno: 9.66462
Freshwater mean pheno: -9.73466
-------------------------------
Output1 for generation 37400:

Oceanic mean pheno: 9.62767
Freshwater mean pheno: -9.75234
-------------------------------
Output1 for generation 37500:

Oceanic mean pheno: 9.61222
Freshwater mean pheno: -9.73332
-------------------------------
Output1 for generation 37600:

Oceanic mean pheno: 9.67254
Freshwater mean pheno: -9.77741
-------------------------------
Output1 for generation 37700:

Oceanic mean pheno: 9.64034
Freshwater mean pheno: -9.68866
-------------------------------
Output1 for generation 37800:

Oceanic mean pheno: 9.57001
Freshwater mean pheno: -9.73691
-------------------------------
Output1 for generation 37900:

Oceanic mean pheno: 9.60241
Freshwater mean pheno: -9.70859
-------------------------------
Output1 for generation 38000:

Oceanic mean pheno: 9.5794
Freshwater mean pheno: -9.75066
-------------------------------
Output1 for generation 38100:

Oceanic mean pheno: 9.57676
Freshwater mean pheno: -9.75439
-------------------------------
Output1 for generation 38200:

Oceanic mean pheno: 9.60173
Freshwater mean pheno: -9.77202
-------------------------------
Output1 for generation 38300:

Oceanic mean pheno: 9.60325
Freshwater mean pheno: -9.78901
-------------------------------
Output1 for generation 38400:

Oceanic mean pheno: 9.60983
Freshwater mean pheno: -9.77893
-------------------------------
Output1 for generation 38500:

Oceanic mean pheno: 9.66338
Freshwater mean pheno: -9.69708
-------------------------------
Output1 for generation 38600:

Oceanic mean pheno: 9.69603
Freshwater mean pheno: -9.633
-------------------------------
Output1 for generation 38700:

Oceanic mean pheno: 9.71021
Freshwater mean pheno: -9.73192
-------------------------------
Output1 for generation 38800:

Oceanic mean pheno: 9.68188
Freshwater mean pheno: -9.78119
-------------------------------
Output1 for generation 38900:

Oceanic mean pheno: 9.72939
Freshwater mean pheno: -9.79014
-------------------------------
Output1 for generation 39000:

Oceanic mean pheno: 9.66883
Freshwater mean pheno: -9.82561
-------------------------------
Output1 for generation 39100:

Oceanic mean pheno: 9.69699
Freshwater mean pheno: -9.80721
-------------------------------
Output1 for generation 39200:

Oceanic mean pheno: 9.62522
Freshwater mean pheno: -9.79996
-------------------------------
Output1 for generation 39300:

Oceanic mean pheno: 9.68295
Freshwater mean pheno: -9.82994
-------------------------------
Output1 for generation 39400:

Oceanic mean pheno: 9.80318
Freshwater mean pheno: -9.85698
-------------------------------
Output1 for generation 39500:

Oceanic mean pheno: 9.81381
Freshwater mean pheno: -9.81465
-------------------------------
Output1 for generation 39600:

Oceanic mean pheno: 9.98508
Freshwater mean pheno: -9.8149
-------------------------------
Output1 for generation 39700:

Oceanic mean pheno: 10.1134
Freshwater mean pheno: -9.95525
-------------------------------
Output1 for generation 39800:

Oceanic mean pheno: 10.0298
Freshwater mean pheno: -9.88502
-------------------------------
Output1 for generation 39900:

Oceanic mean pheno: 10.0688
Freshwater mean pheno: -9.88634
-------------------------------
Output1 for generation 40000:

Oceanic mean pheno: 10.111
Freshwater mean pheno: -9.84706
elapsed: 2:02:03 / kernel: 2.14 / user: 7325.69 / mem: 165484
Done!
