Task ID  - seed 028234
Parameters for SLiM run:
  -s 028234 MyRecipe3_0_3.E
// Initial random seed:
1507675875675

// RunInitializeCallbacks():
initializeSLiMOptions(dimensionality = 'x');
initializeMutationRate(1e-07);
initializeMutationType(1, 0.5, "g", 0.5, 1);
initializeMutationType(2, 0.5, "g", -0.5, 1);
initializeMutationType(3, 0.5, "f", 0);
initializeMutationType(4, 0.5, "f", 0);
initializeGenomicElementType(1, m3, 1);
initializeGenomicElementType(2, c(m1, m2, m3), c(1, 1, 1));
initializeGenomicElement(g1, 0, 4949);
initializeGenomicElement(g2, 4950, 5049);
initializeGenomicElement(g1, 5050, 9999);
initializeGenomicElement(g1, 10000, 14949);
initializeGenomicElement(g2, 14950, 15049);
initializeGenomicElement(g1, 15050, 19999);
initializeGenomicElement(g1, 20000, 24949);
initializeGenomicElement(g2, 24950, 25049);
initializeGenomicElement(g1, 25050, 29999);
initializeGenomicElement(g1, 30000, 34949);
initializeGenomicElement(g2, 34950, 35049);
initializeGenomicElement(g1, 35050, 39999);
initializeGenomicElement(g1, 40000, 44949);
initializeGenomicElement(g2, 44950, 45049);
initializeGenomicElement(g1, 45050, 49999);
initializeGenomicElement(g1, 50000, 54949);
initializeGenomicElement(g2, 54950, 55049);
initializeGenomicElement(g1, 55050, 59999);
initializeGenomicElement(g1, 60000, 64949);
initializeGenomicElement(g2, 64950, 65049);
initializeGenomicElement(g1, 65050, 69999);
initializeGenomicElement(g1, 70000, 74949);
initializeGenomicElement(g2, 74950, 75049);
initializeGenomicElement(g1, 75050, 79999);
initializeGenomicElement(g1, 80000, 84949);
initializeGenomicElement(g2, 84950, 85049);
initializeGenomicElement(g1, 85050, 89999);
initializeGenomicElement(g1, 90000, 94949);
initializeGenomicElement(g2, 94950, 95049);
initializeGenomicElement(g1, 95050, 99999);
end of chromosome position: 100000
initializeRecombinationRate(0.001);
initializeInteractionType(1, "x", reciprocal=T", maxDistance=0.02);
initializeInteractionType(2, "x", reciprocal=T", maxDistance=1);

// Starting run at generation <start>:
1 

-------------------------------
Output1 for generation 1:

Oceanic mean pheno: -0.47344
Freshwater mean pheno: -0.432696
mean Ocean/Fresh Fst: 0.000104276
mean Ocean/Fresh Fst (Neutral mutations only): 0.000113879
mean Ocean/Fresh Fst (Effect mutations only): 9.91775e-05
between lakes Fst: 0.0021664
between lakes Fst (neutral): 0.00253212
between lakes Fst (effect): 0.00199483
between Marine Regions Fst: 0.00253925
-------------------------------
Output1 for generation 101:

Oceanic mean pheno: 9.0113
Freshwater mean pheno: -8.91486
mean Ocean/Fresh Fst: 0.00534176
mean Ocean/Fresh Fst (Neutral mutations only): 0.00136793
mean Ocean/Fresh Fst (Effect mutations only): 0.033565
between lakes Fst: 0.0506726
between lakes Fst (neutral): 0.0236987
between lakes Fst (effect): 0.168406
between Marine Regions Fst: 0.00683465
-------------------------------
Output1 for generation 201:

Oceanic mean pheno: 9.44503
Freshwater mean pheno: -8.85471
mean Ocean/Fresh Fst: 0.00595125
mean Ocean/Fresh Fst (Neutral mutations only): 0.00178212
mean Ocean/Fresh Fst (Effect mutations only): 0.0415605
between lakes Fst: 0.0693556
between lakes Fst (neutral): 0.0346123
between lakes Fst (effect): 0.254653
between Marine Regions Fst: 0.00616969
-------------------------------
Output1 for generation 301:

Oceanic mean pheno: 9.40351
Freshwater mean pheno: -9.06334
mean Ocean/Fresh Fst: 0.00598553
mean Ocean/Fresh Fst (Neutral mutations only): 0.00223558
mean Ocean/Fresh Fst (Effect mutations only): 0.0442258
between lakes Fst: 0.0798648
between lakes Fst (neutral): 0.0442775
between lakes Fst (effect): 0.314111
between Marine Regions Fst: 0.0067081
-------------------------------
Output1 for generation 401:

Oceanic mean pheno: 9.12518
Freshwater mean pheno: -9.37512
mean Ocean/Fresh Fst: 0.00646072
mean Ocean/Fresh Fst (Neutral mutations only): 0.00263708
mean Ocean/Fresh Fst (Effect mutations only): 0.0476495
between lakes Fst: 0.093961
between lakes Fst (neutral): 0.0535577
between lakes Fst (effect): 0.371158
between Marine Regions Fst: 0.00675687
-------------------------------
Output1 for generation 501:

Oceanic mean pheno: 9.51104
Freshwater mean pheno: -9.5078
mean Ocean/Fresh Fst: 0.00681362
mean Ocean/Fresh Fst (Neutral mutations only): 0.0033216
mean Ocean/Fresh Fst (Effect mutations only): 0.044132
between lakes Fst: 0.10118
between lakes Fst (neutral): 0.0618117
between lakes Fst (effect): 0.391523
between Marine Regions Fst: 0.00746006
-------------------------------
Output1 for generation 601:

Oceanic mean pheno: 9.49461
Freshwater mean pheno: -9.36341
mean Ocean/Fresh Fst: 0.00627162
mean Ocean/Fresh Fst (Neutral mutations only): 0.00315786
mean Ocean/Fresh Fst (Effect mutations only): 0.0429273
between lakes Fst: 0.107965
between lakes Fst (neutral): 0.0684247
between lakes Fst (effect): 0.399259
between Marine Regions Fst: 0.00708298
-------------------------------
Output1 for generation 701:

Oceanic mean pheno: 9.45744
Freshwater mean pheno: -9.57828
mean Ocean/Fresh Fst: 0.00679133
mean Ocean/Fresh Fst (Neutral mutations only): 0.00354061
mean Ocean/Fresh Fst (Effect mutations only): 0.0432934
between lakes Fst: 0.119399
between lakes Fst (neutral): 0.0786194
between lakes Fst (effect): 0.430028
between Marine Regions Fst: 0.00724859
-------------------------------
Output1 for generation 801:

Oceanic mean pheno: 9.27186
Freshwater mean pheno: -9.04121
mean Ocean/Fresh Fst: 0.00672214
mean Ocean/Fresh Fst (Neutral mutations only): 0.00357281
mean Ocean/Fresh Fst (Effect mutations only): 0.0456164
between lakes Fst: 0.118057
between lakes Fst (neutral): 0.0817835
between lakes Fst (effect): 0.425238
between Marine Regions Fst: 0.00694985
-------------------------------
Output1 for generation 901:

Oceanic mean pheno: 9.42934
Freshwater mean pheno: -8.8117
mean Ocean/Fresh Fst: 0.00683334
mean Ocean/Fresh Fst (Neutral mutations only): 0.00360769
mean Ocean/Fresh Fst (Effect mutations only): 0.0474129
between lakes Fst: 0.115462
between lakes Fst (neutral): 0.0797561
between lakes Fst (effect): 0.427779
between Marine Regions Fst: 0.00705777
-------------------------------
Output1 for generation 1001:

Oceanic mean pheno: 9.68929
Freshwater mean pheno: -9.34449
mean Ocean/Fresh Fst: 0.00710881
mean Ocean/Fresh Fst (Neutral mutations only): 0.00401089
mean Ocean/Fresh Fst (Effect mutations only): 0.0442838
between lakes Fst: 0.127667
between lakes Fst (neutral): 0.0909246
between lakes Fst (effect): 0.428775
between Marine Regions Fst: 0.00765239
-------------------------------
Output1 for generation 1101:

Oceanic mean pheno: 9.68928
Freshwater mean pheno: -9.53616
mean Ocean/Fresh Fst: 0.00733636
mean Ocean/Fresh Fst (Neutral mutations only): 0.00435626
mean Ocean/Fresh Fst (Effect mutations only): 0.0444619
between lakes Fst: 0.138218
between lakes Fst (neutral): 0.0993534
between lakes Fst (effect): 0.482025
between Marine Regions Fst: 0.00729656
-------------------------------
Output1 for generation 1201:

Oceanic mean pheno: 10.0065
Freshwater mean pheno: -9.33846
mean Ocean/Fresh Fst: 0.00762684
mean Ocean/Fresh Fst (Neutral mutations only): 0.00463142
mean Ocean/Fresh Fst (Effect mutations only): 0.047681
between lakes Fst: 0.137993
between lakes Fst (neutral): 0.102995
between lakes Fst (effect): 0.468676
between Marine Regions Fst: 0.00754245
-------------------------------
Output1 for generation 1301:

Oceanic mean pheno: 9.31523
Freshwater mean pheno: -9.04099
mean Ocean/Fresh Fst: 0.0077703
mean Ocean/Fresh Fst (Neutral mutations only): 0.00492138
mean Ocean/Fresh Fst (Effect mutations only): 0.0462308
between lakes Fst: 0.150577
between lakes Fst (neutral): 0.117012
between lakes Fst (effect): 0.457017
between Marine Regions Fst: 0.00787803
-------------------------------
Output1 for generation 1401:

Oceanic mean pheno: 9.73661
Freshwater mean pheno: -9.61869
mean Ocean/Fresh Fst: 0.0085011
mean Ocean/Fresh Fst (Neutral mutations only): 0.00546959
mean Ocean/Fresh Fst (Effect mutations only): 0.0494073
between lakes Fst: 0.146344
between lakes Fst (neutral): 0.116206
between lakes Fst (effect): 0.441772
between Marine Regions Fst: 0.0079159
-------------------------------
Output1 for generation 1501:

Oceanic mean pheno: 9.78941
Freshwater mean pheno: -9.06019
mean Ocean/Fresh Fst: 0.00837698
mean Ocean/Fresh Fst (Neutral mutations only): 0.0055069
mean Ocean/Fresh Fst (Effect mutations only): 0.0488191
between lakes Fst: 0.151569
between lakes Fst (neutral): 0.123402
between lakes Fst (effect): 0.44237
between Marine Regions Fst: 0.00691128
-------------------------------
Output1 for generation 1601:

Oceanic mean pheno: 9.43931
Freshwater mean pheno: -8.8495
mean Ocean/Fresh Fst: 0.0078457
mean Ocean/Fresh Fst (Neutral mutations only): 0.00534265
mean Ocean/Fresh Fst (Effect mutations only): 0.0441887
between lakes Fst: 0.152192
between lakes Fst (neutral): 0.126705
between lakes Fst (effect): 0.431833
between Marine Regions Fst: 0.00824592
-------------------------------
Output1 for generation 1701:

Oceanic mean pheno: 9.39594
Freshwater mean pheno: -9.05232
mean Ocean/Fresh Fst: 0.00811202
mean Ocean/Fresh Fst (Neutral mutations only): 0.00533285
mean Ocean/Fresh Fst (Effect mutations only): 0.0514593
between lakes Fst: 0.156023
between lakes Fst (neutral): 0.132262
between lakes Fst (effect): 0.425759
between Marine Regions Fst: 0.00750939
-------------------------------
Output1 for generation 1801:

Oceanic mean pheno: 9.71891
Freshwater mean pheno: -9.36073
mean Ocean/Fresh Fst: 0.00837854
mean Ocean/Fresh Fst (Neutral mutations only): 0.00567413
mean Ocean/Fresh Fst (Effect mutations only): 0.0506623
between lakes Fst: 0.152731
between lakes Fst (neutral): 0.132669
between lakes Fst (effect): 0.393761
between Marine Regions Fst: 0.00756142
-------------------------------
Output1 for generation 1901:

Oceanic mean pheno: 9.84517
Freshwater mean pheno: -8.50616
mean Ocean/Fresh Fst: 0.00782358
mean Ocean/Fresh Fst (Neutral mutations only): 0.00555444
mean Ocean/Fresh Fst (Effect mutations only): 0.044833
between lakes Fst: 0.159224
between lakes Fst (neutral): 0.13853
between lakes Fst (effect): 0.418055
between Marine Regions Fst: 0.00860445
-------------------------------
Output1 for generation 2001:

Oceanic mean pheno: 9.66962
Freshwater mean pheno: -8.92886
mean Ocean/Fresh Fst: 0.0071801
mean Ocean/Fresh Fst (Neutral mutations only): 0.00473155
mean Ocean/Fresh Fst (Effect mutations only): 0.0493301
between lakes Fst: 0.159086
between lakes Fst (neutral): 0.139377
between lakes Fst (effect): 0.418294
between Marine Regions Fst: 0.00741616
-------------------------------
Output1 for generation 2101:

Oceanic mean pheno: 9.60831
Freshwater mean pheno: -9.06401
mean Ocean/Fresh Fst: 0.00868593
mean Ocean/Fresh Fst (Neutral mutations only): 0.00612771
mean Ocean/Fresh Fst (Effect mutations only): 0.0525142
between lakes Fst: 0.163328
between lakes Fst (neutral): 0.14483
between lakes Fst (effect): 0.396235
between Marine Regions Fst: 0.00783555
-------------------------------
Output1 for generation 2201:

Oceanic mean pheno: 10.2185
Freshwater mean pheno: -9.68135
mean Ocean/Fresh Fst: 0.00806299
mean Ocean/Fresh Fst (Neutral mutations only): 0.00559156
mean Ocean/Fresh Fst (Effect mutations only): 0.0532757
between lakes Fst: 0.161305
between lakes Fst (neutral): 0.143497
between lakes Fst (effect): 0.400783
between Marine Regions Fst: 0.00758958
-------------------------------
Output1 for generation 2301:

Oceanic mean pheno: 9.84835
Freshwater mean pheno: -8.98085
mean Ocean/Fresh Fst: 0.00754843
mean Ocean/Fresh Fst (Neutral mutations only): 0.00530558
mean Ocean/Fresh Fst (Effect mutations only): 0.049415
between lakes Fst: 0.162474
between lakes Fst (neutral): 0.14555
between lakes Fst (effect): 0.394978
between Marine Regions Fst: 0.0075203
-------------------------------
Output1 for generation 2401:

Oceanic mean pheno: 9.29021
Freshwater mean pheno: -8.51185
mean Ocean/Fresh Fst: 0.0073459
mean Ocean/Fresh Fst (Neutral mutations only): 0.0052572
mean Ocean/Fresh Fst (Effect mutations only): 0.0465566
between lakes Fst: 0.160314
between lakes Fst (neutral): 0.144203
between lakes Fst (effect): 0.400687
between Marine Regions Fst: 0.00812465
-------------------------------
Output1 for generation 2501:

Oceanic mean pheno: 9.8408
Freshwater mean pheno: -9.34329
mean Ocean/Fresh Fst: 0.00767886
mean Ocean/Fresh Fst (Neutral mutations only): 0.00529955
mean Ocean/Fresh Fst (Effect mutations only): 0.0526694
between lakes Fst: 0.16705
between lakes Fst (neutral): 0.150614
between lakes Fst (effect): 0.415781
between Marine Regions Fst: 0.00812287
-------------------------------
Output1 for generation 2601:

Oceanic mean pheno: 10.0199
Freshwater mean pheno: -9.02444
mean Ocean/Fresh Fst: 0.00806333
mean Ocean/Fresh Fst (Neutral mutations only): 0.00562837
mean Ocean/Fresh Fst (Effect mutations only): 0.0571551
between lakes Fst: 0.169795
between lakes Fst (neutral): 0.152794
between lakes Fst (effect): 0.420907
between Marine Regions Fst: 0.00772923
-------------------------------
Output1 for generation 2701:

Oceanic mean pheno: 9.52611
Freshwater mean pheno: -9.36253
mean Ocean/Fresh Fst: 0.00751538
mean Ocean/Fresh Fst (Neutral mutations only): 0.00525059
mean Ocean/Fresh Fst (Effect mutations only): 0.05688
between lakes Fst: 0.163963
between lakes Fst (neutral): 0.147937
between lakes Fst (effect): 0.424878
between Marine Regions Fst: 0.00827838
-------------------------------
Output1 for generation 2801:

Oceanic mean pheno: 9.16063
Freshwater mean pheno: -8.90548
mean Ocean/Fresh Fst: 0.00831885
mean Ocean/Fresh Fst (Neutral mutations only): 0.00599637
mean Ocean/Fresh Fst (Effect mutations only): 0.0578264
between lakes Fst: 0.164739
between lakes Fst (neutral): 0.150567
between lakes Fst (effect): 0.388857
between Marine Regions Fst: 0.00777786
-------------------------------
Output1 for generation 2901:

Oceanic mean pheno: 9.29151
Freshwater mean pheno: -9.41003
mean Ocean/Fresh Fst: 0.00779606
mean Ocean/Fresh Fst (Neutral mutations only): 0.00554543
mean Ocean/Fresh Fst (Effect mutations only): 0.0540043
between lakes Fst: 0.162478
between lakes Fst (neutral): 0.149317
between lakes Fst (effect): 0.372623
between Marine Regions Fst: 0.0076816
-------------------------------
Output1 for generation 3001:

Oceanic mean pheno: 9.43663
Freshwater mean pheno: -9.18222
mean Ocean/Fresh Fst: 0.00824936
mean Ocean/Fresh Fst (Neutral mutations only): 0.00586315
mean Ocean/Fresh Fst (Effect mutations only): 0.0582442
between lakes Fst: 0.16778
between lakes Fst (neutral): 0.153869
between lakes Fst (effect): 0.397665
between Marine Regions Fst: 0.00839529
-------------------------------
Output1 for generation 3101:

Oceanic mean pheno: 9.59855
Freshwater mean pheno: -8.82724
mean Ocean/Fresh Fst: 0.00831089
mean Ocean/Fresh Fst (Neutral mutations only): 0.00600107
mean Ocean/Fresh Fst (Effect mutations only): 0.0525767
between lakes Fst: 0.172973
between lakes Fst (neutral): 0.158529
between lakes Fst (effect): 0.393723
between Marine Regions Fst: 0.00851442
-------------------------------
Output1 for generation 3201:

Oceanic mean pheno: 9.73481
Freshwater mean pheno: -8.94437
mean Ocean/Fresh Fst: 0.00826489
mean Ocean/Fresh Fst (Neutral mutations only): 0.00595763
mean Ocean/Fresh Fst (Effect mutations only): 0.0535809
between lakes Fst: 0.173529
between lakes Fst (neutral): 0.15733
between lakes Fst (effect): 0.419974
between Marine Regions Fst: 0.00893606
-------------------------------
Output1 for generation 3301:

Oceanic mean pheno: 9.78689
Freshwater mean pheno: -9.03108
mean Ocean/Fresh Fst: 0.00889963
mean Ocean/Fresh Fst (Neutral mutations only): 0.00646558
mean Ocean/Fresh Fst (Effect mutations only): 0.0572382
between lakes Fst: 0.181905
between lakes Fst (neutral): 0.165951
between lakes Fst (effect): 0.425663
between Marine Regions Fst: 0.00797987
-------------------------------
Output1 for generation 3401:

Oceanic mean pheno: 9.48228
Freshwater mean pheno: -9.14749
mean Ocean/Fresh Fst: 0.00868153
mean Ocean/Fresh Fst (Neutral mutations only): 0.00637401
mean Ocean/Fresh Fst (Effect mutations only): 0.0526643
between lakes Fst: 0.184376
between lakes Fst (neutral): 0.169512
between lakes Fst (effect): 0.398044
between Marine Regions Fst: 0.00727947
-------------------------------
Output1 for generation 3501:

Oceanic mean pheno: 9.8252
Freshwater mean pheno: -9.03635
mean Ocean/Fresh Fst: 0.00777848
mean Ocean/Fresh Fst (Neutral mutations only): 0.00542068
mean Ocean/Fresh Fst (Effect mutations only): 0.0595716
between lakes Fst: 0.17233
between lakes Fst (neutral): 0.157728
between lakes Fst (effect): 0.412534
between Marine Regions Fst: 0.00868783
-------------------------------
Output1 for generation 3601:

Oceanic mean pheno: 9.34832
Freshwater mean pheno: -8.93708
mean Ocean/Fresh Fst: 0.00830247
mean Ocean/Fresh Fst (Neutral mutations only): 0.00600567
mean Ocean/Fresh Fst (Effect mutations only): 0.0520852
between lakes Fst: 0.178412
between lakes Fst (neutral): 0.163401
between lakes Fst (effect): 0.411589
between Marine Regions Fst: 0.00815622
-------------------------------
Output1 for generation 3701:

Oceanic mean pheno: 9.15659
Freshwater mean pheno: -9.14084
mean Ocean/Fresh Fst: 0.0076486
mean Ocean/Fresh Fst (Neutral mutations only): 0.00540653
mean Ocean/Fresh Fst (Effect mutations only): 0.0577214
between lakes Fst: 0.172854
between lakes Fst (neutral): 0.159505
between lakes Fst (effect): 0.400732
between Marine Regions Fst: 0.00769428
-------------------------------
Output1 for generation 3801:

Oceanic mean pheno: 9.52837
Freshwater mean pheno: -8.63549
mean Ocean/Fresh Fst: 0.00794504
mean Ocean/Fresh Fst (Neutral mutations only): 0.00567989
mean Ocean/Fresh Fst (Effect mutations only): 0.0594966
between lakes Fst: 0.175167
between lakes Fst (neutral): 0.161886
between lakes Fst (effect): 0.402302
between Marine Regions Fst: 0.00797018
-------------------------------
Output1 for generation 3901:

Oceanic mean pheno: 9.26821
Freshwater mean pheno: -9.39604
mean Ocean/Fresh Fst: 0.00826506
mean Ocean/Fresh Fst (Neutral mutations only): 0.00612876
mean Ocean/Fresh Fst (Effect mutations only): 0.0555128
between lakes Fst: 0.184419
between lakes Fst (neutral): 0.17192
between lakes Fst (effect): 0.389711
between Marine Regions Fst: 0.00876329
-------------------------------
Output1 for generation 4001:

Oceanic mean pheno: 9.40333
Freshwater mean pheno: -9.40472
mean Ocean/Fresh Fst: 0.00815704
mean Ocean/Fresh Fst (Neutral mutations only): 0.00590775
mean Ocean/Fresh Fst (Effect mutations only): 0.0625418
between lakes Fst: 0.189365
between lakes Fst (neutral): 0.174575
between lakes Fst (effect): 0.457509
between Marine Regions Fst: 0.0090253
-------------------------------
Output1 for generation 4101:

Oceanic mean pheno: 9.73347
Freshwater mean pheno: -9.12451
mean Ocean/Fresh Fst: 0.00845181
mean Ocean/Fresh Fst (Neutral mutations only): 0.00619627
mean Ocean/Fresh Fst (Effect mutations only): 0.0611069
between lakes Fst: 0.187943
between lakes Fst (neutral): 0.174689
between lakes Fst (effect): 0.428675
between Marine Regions Fst: 0.00866729
-------------------------------
Output1 for generation 4201:

Oceanic mean pheno: 9.53137
Freshwater mean pheno: -9.32466
mean Ocean/Fresh Fst: 0.00841911
mean Ocean/Fresh Fst (Neutral mutations only): 0.00630417
mean Ocean/Fresh Fst (Effect mutations only): 0.0581568
between lakes Fst: 0.186291
between lakes Fst (neutral): 0.173098
between lakes Fst (effect): 0.426087
between Marine Regions Fst: 0.00761575
-------------------------------
Output1 for generation 4301:

Oceanic mean pheno: 9.0775
Freshwater mean pheno: -9.18804
mean Ocean/Fresh Fst: 0.00864238
mean Ocean/Fresh Fst (Neutral mutations only): 0.00663686
mean Ocean/Fresh Fst (Effect mutations only): 0.0543274
between lakes Fst: 0.195861
between lakes Fst (neutral): 0.183195
between lakes Fst (effect): 0.430874
between Marine Regions Fst: 0.00837478
-------------------------------
Output1 for generation 4401:

Oceanic mean pheno: 9.52855
Freshwater mean pheno: -9.35043
mean Ocean/Fresh Fst: 0.00903346
mean Ocean/Fresh Fst (Neutral mutations only): 0.00678946
mean Ocean/Fresh Fst (Effect mutations only): 0.0579526
between lakes Fst: 0.19109
between lakes Fst (neutral): 0.179658
between lakes Fst (effect): 0.393997
between Marine Regions Fst: 0.00842594
-------------------------------
Output1 for generation 4501:

Oceanic mean pheno: 9.30194
Freshwater mean pheno: -9.25545
mean Ocean/Fresh Fst: 0.00857393
mean Ocean/Fresh Fst (Neutral mutations only): 0.00637904
mean Ocean/Fresh Fst (Effect mutations only): 0.0618897
between lakes Fst: 0.186485
between lakes Fst (neutral): 0.174002
between lakes Fst (effect): 0.423191
between Marine Regions Fst: 0.00846332
-------------------------------
Output1 for generation 4601:

Oceanic mean pheno: 9.41422
Freshwater mean pheno: -9.50562
mean Ocean/Fresh Fst: 0.00859624
mean Ocean/Fresh Fst (Neutral mutations only): 0.00621663
mean Ocean/Fresh Fst (Effect mutations only): 0.0632864
between lakes Fst: 0.185113
between lakes Fst (neutral): 0.171468
between lakes Fst (effect): 0.426884
between Marine Regions Fst: 0.00782088
-------------------------------
Output1 for generation 4701:

Oceanic mean pheno: 9.28472
Freshwater mean pheno: -9.30591
mean Ocean/Fresh Fst: 0.00834106
mean Ocean/Fresh Fst (Neutral mutations only): 0.00606333
mean Ocean/Fresh Fst (Effect mutations only): 0.0603428
between lakes Fst: 0.184015
between lakes Fst (neutral): 0.170993
between lakes Fst (effect): 0.413994
between Marine Regions Fst: 0.00850894
-------------------------------
Output1 for generation 4801:

Oceanic mean pheno: 9.25898
Freshwater mean pheno: -9.06451
mean Ocean/Fresh Fst: 0.00850879
mean Ocean/Fresh Fst (Neutral mutations only): 0.00606302
mean Ocean/Fresh Fst (Effect mutations only): 0.0664512
between lakes Fst: 0.184914
between lakes Fst (neutral): 0.17439
between lakes Fst (effect): 0.37337
between Marine Regions Fst: 0.00855216
-------------------------------
Output1 for generation 4901:

Oceanic mean pheno: 9.23684
Freshwater mean pheno: -8.84606
mean Ocean/Fresh Fst: 0.00826048
mean Ocean/Fresh Fst (Neutral mutations only): 0.00596294
mean Ocean/Fresh Fst (Effect mutations only): 0.0664359
between lakes Fst: 0.184802
between lakes Fst (neutral): 0.174362
between lakes Fst (effect): 0.381353
between Marine Regions Fst: 0.00858603
-------------------------------
Output1 for generation 5001:

Oceanic mean pheno: 9.17951
Freshwater mean pheno: -9.04779
mean Ocean/Fresh Fst: 0.00831319
mean Ocean/Fresh Fst (Neutral mutations only): 0.00613965
mean Ocean/Fresh Fst (Effect mutations only): 0.0621083
between lakes Fst: 0.178384
between lakes Fst (neutral): 0.167278
between lakes Fst (effect): 0.385753
between Marine Regions Fst: 0.00807168
-------------------------------
Output1 for generation 5101:

Oceanic mean pheno: 9.00759
Freshwater mean pheno: -8.96283
mean Ocean/Fresh Fst: 0.00813141
mean Ocean/Fresh Fst (Neutral mutations only): 0.00586112
mean Ocean/Fresh Fst (Effect mutations only): 0.0655615
between lakes Fst: 0.176272
between lakes Fst (neutral): 0.165716
between lakes Fst (effect): 0.385417
between Marine Regions Fst: 0.00879734
-------------------------------
Output1 for generation 5201:

Oceanic mean pheno: 9.61126
Freshwater mean pheno: -8.8043
mean Ocean/Fresh Fst: 0.00893331
mean Ocean/Fresh Fst (Neutral mutations only): 0.00647676
mean Ocean/Fresh Fst (Effect mutations only): 0.0720619
between lakes Fst: 0.183528
between lakes Fst (neutral): 0.172029
between lakes Fst (effect): 0.413738
between Marine Regions Fst: 0.00795912
-------------------------------
Output1 for generation 5301:

Oceanic mean pheno: 9.60938
Freshwater mean pheno: -9.14351
mean Ocean/Fresh Fst: 0.00895514
mean Ocean/Fresh Fst (Neutral mutations only): 0.00659728
mean Ocean/Fresh Fst (Effect mutations only): 0.0728534
between lakes Fst: 0.184753
between lakes Fst (neutral): 0.173788
between lakes Fst (effect): 0.423927
between Marine Regions Fst: 0.00857826
-------------------------------
Output1 for generation 5401:

Oceanic mean pheno: 9.36554
Freshwater mean pheno: -8.65449
mean Ocean/Fresh Fst: 0.00911392
mean Ocean/Fresh Fst (Neutral mutations only): 0.00689539
mean Ocean/Fresh Fst (Effect mutations only): 0.069603
between lakes Fst: 0.19857
between lakes Fst (neutral): 0.187657
between lakes Fst (effect): 0.429395
between Marine Regions Fst: 0.00827022
-------------------------------
Output1 for generation 5501:

Oceanic mean pheno: 9.88421
Freshwater mean pheno: -8.5739
mean Ocean/Fresh Fst: 0.00867954
mean Ocean/Fresh Fst (Neutral mutations only): 0.00650844
mean Ocean/Fresh Fst (Effect mutations only): 0.0634583
between lakes Fst: 0.193532
between lakes Fst (neutral): 0.182091
between lakes Fst (effect): 0.431413
between Marine Regions Fst: 0.0082635
-------------------------------
Output1 for generation 5601:

Oceanic mean pheno: 9.47245
Freshwater mean pheno: -8.30434
mean Ocean/Fresh Fst: 0.00837041
mean Ocean/Fresh Fst (Neutral mutations only): 0.00625049
mean Ocean/Fresh Fst (Effect mutations only): 0.0662266
between lakes Fst: 0.19517
between lakes Fst (neutral): 0.183256
between lakes Fst (effect): 0.447909
between Marine Regions Fst: 0.00828489
-------------------------------
Output1 for generation 5701:

Oceanic mean pheno: 9.40816
Freshwater mean pheno: -9.21764
mean Ocean/Fresh Fst: 0.00835044
mean Ocean/Fresh Fst (Neutral mutations only): 0.00620891
mean Ocean/Fresh Fst (Effect mutations only): 0.0675267
between lakes Fst: 0.193827
between lakes Fst (neutral): 0.182601
between lakes Fst (effect): 0.430039
between Marine Regions Fst: 0.00799778
-------------------------------
Output1 for generation 5801:

Oceanic mean pheno: 9.02996
Freshwater mean pheno: -8.96456
mean Ocean/Fresh Fst: 0.00797162
mean Ocean/Fresh Fst (Neutral mutations only): 0.00602908
mean Ocean/Fresh Fst (Effect mutations only): 0.0606144
between lakes Fst: 0.189695
between lakes Fst (neutral): 0.17786
between lakes Fst (effect): 0.44016
between Marine Regions Fst: 0.00814365
-------------------------------
Output1 for generation 5901:

Oceanic mean pheno: 9.27378
Freshwater mean pheno: -8.73814
mean Ocean/Fresh Fst: 0.00784917
mean Ocean/Fresh Fst (Neutral mutations only): 0.00591737
mean Ocean/Fresh Fst (Effect mutations only): 0.0625434
between lakes Fst: 0.186752
between lakes Fst (neutral): 0.175916
between lakes Fst (effect): 0.430905
between Marine Regions Fst: 0.00789601
-------------------------------
Output1 for generation 6001:

Oceanic mean pheno: 9.57876
Freshwater mean pheno: -9.13473
mean Ocean/Fresh Fst: 0.00827115
mean Ocean/Fresh Fst (Neutral mutations only): 0.00620953
mean Ocean/Fresh Fst (Effect mutations only): 0.0582925
between lakes Fst: 0.195817
between lakes Fst (neutral): 0.185665
between lakes Fst (effect): 0.390222
between Marine Regions Fst: 0.00824326
-------------------------------
Output1 for generation 6101:

Oceanic mean pheno: 9.52169
Freshwater mean pheno: -9.36509
mean Ocean/Fresh Fst: 0.00822411
mean Ocean/Fresh Fst (Neutral mutations only): 0.00618521
mean Ocean/Fresh Fst (Effect mutations only): 0.0657213
between lakes Fst: 0.194917
between lakes Fst (neutral): 0.184251
between lakes Fst (effect): 0.429348
between Marine Regions Fst: 0.00797688
-------------------------------
Output1 for generation 6201:

Oceanic mean pheno: 10.0148
Freshwater mean pheno: -9.10765
mean Ocean/Fresh Fst: 0.00846148
mean Ocean/Fresh Fst (Neutral mutations only): 0.0061995
mean Ocean/Fresh Fst (Effect mutations only): 0.0699341
between lakes Fst: 0.201718
between lakes Fst (neutral): 0.19174
between lakes Fst (effect): 0.414529
between Marine Regions Fst: 0.0082765
-------------------------------
Output1 for generation 6301:

Oceanic mean pheno: 9.50179
Freshwater mean pheno: -9.17306
mean Ocean/Fresh Fst: 0.00861974
mean Ocean/Fresh Fst (Neutral mutations only): 0.00638836
mean Ocean/Fresh Fst (Effect mutations only): 0.0642357
between lakes Fst: 0.215148
between lakes Fst (neutral): 0.20522
between lakes Fst (effect): 0.427447
between Marine Regions Fst: 0.00932027
-------------------------------
Output1 for generation 6401:

Oceanic mean pheno: 9.37618
Freshwater mean pheno: -8.97004
mean Ocean/Fresh Fst: 0.00788939
mean Ocean/Fresh Fst (Neutral mutations only): 0.00582204
mean Ocean/Fresh Fst (Effect mutations only): 0.06009
between lakes Fst: 0.203555
between lakes Fst (neutral): 0.194522
between lakes Fst (effect): 0.394689
between Marine Regions Fst: 0.00860814
-------------------------------
Output1 for generation 6501:

Oceanic mean pheno: 9.56517
Freshwater mean pheno: -9.22594
mean Ocean/Fresh Fst: 0.00813139
mean Ocean/Fresh Fst (Neutral mutations only): 0.00601075
mean Ocean/Fresh Fst (Effect mutations only): 0.0654294
between lakes Fst: 0.2024
between lakes Fst (neutral): 0.193661
between lakes Fst (effect): 0.395225
between Marine Regions Fst: 0.00790658
-------------------------------
Output1 for generation 6601:

Oceanic mean pheno: 9.45119
Freshwater mean pheno: -9.13005
mean Ocean/Fresh Fst: 0.00844113
mean Ocean/Fresh Fst (Neutral mutations only): 0.00623312
mean Ocean/Fresh Fst (Effect mutations only): 0.0674079
between lakes Fst: 0.205585
between lakes Fst (neutral): 0.196228
between lakes Fst (effect): 0.413667
between Marine Regions Fst: 0.00861318
-------------------------------
Output1 for generation 6701:

Oceanic mean pheno: 9.63761
Freshwater mean pheno: -8.88454
mean Ocean/Fresh Fst: 0.0091322
mean Ocean/Fresh Fst (Neutral mutations only): 0.00691318
mean Ocean/Fresh Fst (Effect mutations only): 0.0764746
between lakes Fst: 0.194666
between lakes Fst (neutral): 0.185507
between lakes Fst (effect): 0.410015
between Marine Regions Fst: 0.00806361
-------------------------------
Output1 for generation 6801:

Oceanic mean pheno: 9.72521
Freshwater mean pheno: -9.17141
mean Ocean/Fresh Fst: 0.00945181
mean Ocean/Fresh Fst (Neutral mutations only): 0.00727462
mean Ocean/Fresh Fst (Effect mutations only): 0.0649906
between lakes Fst: 0.212079
between lakes Fst (neutral): 0.203234
between lakes Fst (effect): 0.395517
between Marine Regions Fst: 0.00802038
-------------------------------
Output1 for generation 6901:

Oceanic mean pheno: 9.26393
Freshwater mean pheno: -8.75932
mean Ocean/Fresh Fst: 0.00858556
mean Ocean/Fresh Fst (Neutral mutations only): 0.00661403
mean Ocean/Fresh Fst (Effect mutations only): 0.0653577
between lakes Fst: 0.210627
between lakes Fst (neutral): 0.200794
between lakes Fst (effect): 0.426969
between Marine Regions Fst: 0.00812873
-------------------------------
Output1 for generation 7001:

Oceanic mean pheno: 9.66401
Freshwater mean pheno: -9.0085
mean Ocean/Fresh Fst: 0.00902625
mean Ocean/Fresh Fst (Neutral mutations only): 0.00691263
mean Ocean/Fresh Fst (Effect mutations only): 0.0674045
between lakes Fst: 0.209656
between lakes Fst (neutral): 0.199651
between lakes Fst (effect): 0.429354
between Marine Regions Fst: 0.00841544
-------------------------------
Output1 for generation 7101:

Oceanic mean pheno: 9.26977
Freshwater mean pheno: -8.95737
mean Ocean/Fresh Fst: 0.00897858
mean Ocean/Fresh Fst (Neutral mutations only): 0.00698342
mean Ocean/Fresh Fst (Effect mutations only): 0.0663905
between lakes Fst: 0.205132
between lakes Fst (neutral): 0.194992
between lakes Fst (effect): 0.43707
between Marine Regions Fst: 0.00956214
-------------------------------
Output1 for generation 7201:

Oceanic mean pheno: 9.21303
Freshwater mean pheno: -8.57128
mean Ocean/Fresh Fst: 0.00882467
mean Ocean/Fresh Fst (Neutral mutations only): 0.00684007
mean Ocean/Fresh Fst (Effect mutations only): 0.0651629
between lakes Fst: 0.204153
between lakes Fst (neutral): 0.193824
between lakes Fst (effect): 0.443045
between Marine Regions Fst: 0.00892427
-------------------------------
Output1 for generation 7301:

Oceanic mean pheno: 9.58073
Freshwater mean pheno: -8.9805
mean Ocean/Fresh Fst: 0.00880743
mean Ocean/Fresh Fst (Neutral mutations only): 0.00676374
mean Ocean/Fresh Fst (Effect mutations only): 0.0688409
between lakes Fst: 0.202778
between lakes Fst (neutral): 0.191909
between lakes Fst (effect): 0.454426
between Marine Regions Fst: 0.00850591
-------------------------------
Output1 for generation 7401:

Oceanic mean pheno: 9.61984
Freshwater mean pheno: -9.28463
mean Ocean/Fresh Fst: 0.00887743
mean Ocean/Fresh Fst (Neutral mutations only): 0.00683935
mean Ocean/Fresh Fst (Effect mutations only): 0.0640653
between lakes Fst: 0.203401
between lakes Fst (neutral): 0.192976
between lakes Fst (effect): 0.435583
between Marine Regions Fst: 0.00815046
-------------------------------
Output1 for generation 7501:

Oceanic mean pheno: 9.65737
Freshwater mean pheno: -9.06584
mean Ocean/Fresh Fst: 0.00865833
mean Ocean/Fresh Fst (Neutral mutations only): 0.00666076
mean Ocean/Fresh Fst (Effect mutations only): 0.065013
between lakes Fst: 0.1937
between lakes Fst (neutral): 0.185028
between lakes Fst (effect): 0.401283
between Marine Regions Fst: 0.00787516
-------------------------------
Output1 for generation 7601:

Oceanic mean pheno: 9.16167
Freshwater mean pheno: -8.80532
mean Ocean/Fresh Fst: 0.00938716
mean Ocean/Fresh Fst (Neutral mutations only): 0.00746849
mean Ocean/Fresh Fst (Effect mutations only): 0.0596636
between lakes Fst: 0.202389
between lakes Fst (neutral): 0.193674
between lakes Fst (effect): 0.408894
between Marine Regions Fst: 0.00900519
-------------------------------
Output1 for generation 7701:

Oceanic mean pheno: 9.43048
Freshwater mean pheno: -9.20001
mean Ocean/Fresh Fst: 0.00920132
mean Ocean/Fresh Fst (Neutral mutations only): 0.00720079
mean Ocean/Fresh Fst (Effect mutations only): 0.0661363
between lakes Fst: 0.199447
between lakes Fst (neutral): 0.191166
between lakes Fst (effect): 0.400215
between Marine Regions Fst: 0.00844474
-------------------------------
Output1 for generation 7801:

Oceanic mean pheno: 9.78532
Freshwater mean pheno: -9.10693
mean Ocean/Fresh Fst: 0.00951227
mean Ocean/Fresh Fst (Neutral mutations only): 0.00737087
mean Ocean/Fresh Fst (Effect mutations only): 0.0760819
between lakes Fst: 0.205798
between lakes Fst (neutral): 0.197743
between lakes Fst (effect): 0.396843
between Marine Regions Fst: 0.00923644
-------------------------------
Output1 for generation 7901:

Oceanic mean pheno: 9.76806
Freshwater mean pheno: -9.0902
mean Ocean/Fresh Fst: 0.00967326
mean Ocean/Fresh Fst (Neutral mutations only): 0.00753099
mean Ocean/Fresh Fst (Effect mutations only): 0.0738502
between lakes Fst: 0.207441
between lakes Fst (neutral): 0.1996
between lakes Fst (effect): 0.398074
between Marine Regions Fst: 0.00880896
-------------------------------
Output1 for generation 8001:

Oceanic mean pheno: 9.04834
Freshwater mean pheno: -9.13472
mean Ocean/Fresh Fst: 0.00930909
mean Ocean/Fresh Fst (Neutral mutations only): 0.00741332
mean Ocean/Fresh Fst (Effect mutations only): 0.0696028
between lakes Fst: 0.211431
between lakes Fst (neutral): 0.203676
between lakes Fst (effect): 0.413801
between Marine Regions Fst: 0.00903167
-------------------------------
Output1 for generation 8101:

Oceanic mean pheno: 9.04767
Freshwater mean pheno: -9.11769
mean Ocean/Fresh Fst: 0.00907424
mean Ocean/Fresh Fst (Neutral mutations only): 0.00724708
mean Ocean/Fresh Fst (Effect mutations only): 0.0632178
between lakes Fst: 0.209615
between lakes Fst (neutral): 0.203303
between lakes Fst (effect): 0.367119
between Marine Regions Fst: 0.00845645
-------------------------------
Output1 for generation 8201:

Oceanic mean pheno: 9.23404
Freshwater mean pheno: -9.48973
mean Ocean/Fresh Fst: 0.00879208
mean Ocean/Fresh Fst (Neutral mutations only): 0.00689948
mean Ocean/Fresh Fst (Effect mutations only): 0.0646994
between lakes Fst: 0.212178
between lakes Fst (neutral): 0.206141
between lakes Fst (effect): 0.375583
between Marine Regions Fst: 0.00876896
-------------------------------
Output1 for generation 8301:

Oceanic mean pheno: 9.41679
Freshwater mean pheno: -9.0784
mean Ocean/Fresh Fst: 0.00924998
mean Ocean/Fresh Fst (Neutral mutations only): 0.00726701
mean Ocean/Fresh Fst (Effect mutations only): 0.0719561
between lakes Fst: 0.221352
between lakes Fst (neutral): 0.214218
between lakes Fst (effect): 0.419091
between Marine Regions Fst: 0.00877955
-------------------------------
Output1 for generation 8401:

Oceanic mean pheno: 9.76884
Freshwater mean pheno: -8.99421
mean Ocean/Fresh Fst: 0.00948257
mean Ocean/Fresh Fst (Neutral mutations only): 0.0075124
mean Ocean/Fresh Fst (Effect mutations only): 0.0755929
between lakes Fst: 0.215423
between lakes Fst (neutral): 0.208915
between lakes Fst (effect): 0.393915
between Marine Regions Fst: 0.00868842
-------------------------------
Output1 for generation 8501:

Oceanic mean pheno: 9.27768
Freshwater mean pheno: -9.43163
mean Ocean/Fresh Fst: 0.00939053
mean Ocean/Fresh Fst (Neutral mutations only): 0.00746046
mean Ocean/Fresh Fst (Effect mutations only): 0.0761095
between lakes Fst: 0.213736
between lakes Fst (neutral): 0.207398
between lakes Fst (effect): 0.396889
between Marine Regions Fst: 0.00778041
-------------------------------
Output1 for generation 8601:

Oceanic mean pheno: 9.16132
Freshwater mean pheno: -9.23734
mean Ocean/Fresh Fst: 0.00949426
mean Ocean/Fresh Fst (Neutral mutations only): 0.0074779
mean Ocean/Fresh Fst (Effect mutations only): 0.0771799
between lakes Fst: 0.216288
between lakes Fst (neutral): 0.210733
between lakes Fst (effect): 0.368858
between Marine Regions Fst: 0.00833343
-------------------------------
Output1 for generation 8701:

Oceanic mean pheno: 9.58777
Freshwater mean pheno: -8.85226
mean Ocean/Fresh Fst: 0.00844001
mean Ocean/Fresh Fst (Neutral mutations only): 0.00642066
mean Ocean/Fresh Fst (Effect mutations only): 0.0767837
between lakes Fst: 0.207827
between lakes Fst (neutral): 0.201563
between lakes Fst (effect): 0.403489
between Marine Regions Fst: 0.00846849
-------------------------------
Output1 for generation 8801:

Oceanic mean pheno: 9.72508
Freshwater mean pheno: -9.30551
mean Ocean/Fresh Fst: 0.00881427
mean Ocean/Fresh Fst (Neutral mutations only): 0.0067619
mean Ocean/Fresh Fst (Effect mutations only): 0.0833529
between lakes Fst: 0.212509
between lakes Fst (neutral): 0.206782
between lakes Fst (effect): 0.393813
between Marine Regions Fst: 0.00926032
-------------------------------
Output1 for generation 8901:

Oceanic mean pheno: 9.1358
Freshwater mean pheno: -9.00364
mean Ocean/Fresh Fst: 0.00883114
mean Ocean/Fresh Fst (Neutral mutations only): 0.00703464
mean Ocean/Fresh Fst (Effect mutations only): 0.0822511
between lakes Fst: 0.211831
between lakes Fst (neutral): 0.20605
between lakes Fst (effect): 0.411693
between Marine Regions Fst: 0.00842857
-------------------------------
Output1 for generation 9001:

Oceanic mean pheno: 9.21623
Freshwater mean pheno: -8.93709
mean Ocean/Fresh Fst: 0.00864129
mean Ocean/Fresh Fst (Neutral mutations only): 0.00686835
mean Ocean/Fresh Fst (Effect mutations only): 0.0794653
between lakes Fst: 0.206311
between lakes Fst (neutral): 0.2008
between lakes Fst (effect): 0.389847
between Marine Regions Fst: 0.00822894
-------------------------------
Output1 for generation 9101:

Oceanic mean pheno: 9.5706
Freshwater mean pheno: -9.28268
mean Ocean/Fresh Fst: 0.00904526
mean Ocean/Fresh Fst (Neutral mutations only): 0.00714905
mean Ocean/Fresh Fst (Effect mutations only): 0.0948763
between lakes Fst: 0.206462
between lakes Fst (neutral): 0.200222
between lakes Fst (effect): 0.424502
between Marine Regions Fst: 0.00829148
-------------------------------
Output1 for generation 9201:

Oceanic mean pheno: 9.38006
Freshwater mean pheno: -9.1428
mean Ocean/Fresh Fst: 0.00941986
mean Ocean/Fresh Fst (Neutral mutations only): 0.00769157
mean Ocean/Fresh Fst (Effect mutations only): 0.0738727
between lakes Fst: 0.212345
between lakes Fst (neutral): 0.206601
between lakes Fst (effect): 0.400765
between Marine Regions Fst: 0.00813596
-------------------------------
Output1 for generation 9301:

Oceanic mean pheno: 9.44032
Freshwater mean pheno: -9.37641
mean Ocean/Fresh Fst: 0.00981209
mean Ocean/Fresh Fst (Neutral mutations only): 0.00790173
mean Ocean/Fresh Fst (Effect mutations only): 0.0827973
between lakes Fst: 0.213583
between lakes Fst (neutral): 0.207295
between lakes Fst (effect): 0.421796
between Marine Regions Fst: 0.0080438
-------------------------------
Output1 for generation 9401:

Oceanic mean pheno: 9.43371
Freshwater mean pheno: -9.29411
mean Ocean/Fresh Fst: 0.00965643
mean Ocean/Fresh Fst (Neutral mutations only): 0.00776185
mean Ocean/Fresh Fst (Effect mutations only): 0.0909656
between lakes Fst: 0.204476
between lakes Fst (neutral): 0.197484
between lakes Fst (effect): 0.46133
between Marine Regions Fst: 0.00889041
-------------------------------
Output1 for generation 9501:

Oceanic mean pheno: 9.57237
Freshwater mean pheno: -9.16036
mean Ocean/Fresh Fst: 0.00927821
mean Ocean/Fresh Fst (Neutral mutations only): 0.00733484
mean Ocean/Fresh Fst (Effect mutations only): 0.0951754
between lakes Fst: 0.21634
between lakes Fst (neutral): 0.209255
between lakes Fst (effect): 0.471844
between Marine Regions Fst: 0.00901785
-------------------------------
Output1 for generation 9601:

Oceanic mean pheno: 9.64489
Freshwater mean pheno: -8.65108
mean Ocean/Fresh Fst: 0.00915984
mean Ocean/Fresh Fst (Neutral mutations only): 0.00735951
mean Ocean/Fresh Fst (Effect mutations only): 0.0851144
between lakes Fst: 0.216157
between lakes Fst (neutral): 0.20988
between lakes Fst (effect): 0.426807
between Marine Regions Fst: 0.00875136
-------------------------------
Output1 for generation 9701:

Oceanic mean pheno: 9.19801
Freshwater mean pheno: -9.04688
mean Ocean/Fresh Fst: 0.00939012
mean Ocean/Fresh Fst (Neutral mutations only): 0.00760452
mean Ocean/Fresh Fst (Effect mutations only): 0.0850607
between lakes Fst: 0.213137
between lakes Fst (neutral): 0.206654
between lakes Fst (effect): 0.435801
between Marine Regions Fst: 0.00935867
-------------------------------
Output1 for generation 9801:

Oceanic mean pheno: 9.40589
Freshwater mean pheno: -9.09769
mean Ocean/Fresh Fst: 0.00942449
mean Ocean/Fresh Fst (Neutral mutations only): 0.00757824
mean Ocean/Fresh Fst (Effect mutations only): 0.0859687
between lakes Fst: 0.21369
between lakes Fst (neutral): 0.206906
between lakes Fst (effect): 0.446669
between Marine Regions Fst: 0.00953196
-------------------------------
Output1 for generation 9901:

Oceanic mean pheno: 9.27264
Freshwater mean pheno: -9.30326
mean Ocean/Fresh Fst: 0.0104032
mean Ocean/Fresh Fst (Neutral mutations only): 0.00840859
mean Ocean/Fresh Fst (Effect mutations only): 0.0996143
between lakes Fst: 0.22529
between lakes Fst (neutral): 0.218318
between lakes Fst (effect): 0.480415
between Marine Regions Fst: 0.00970142
-------------------------------
Output1 for generation 10001:

Oceanic mean pheno: 9.41458
Freshwater mean pheno: -9.16071
mean Ocean/Fresh Fst: 0.00958171
mean Ocean/Fresh Fst (Neutral mutations only): 0.00766637
mean Ocean/Fresh Fst (Effect mutations only): 0.0890943
between lakes Fst: 0.219274
between lakes Fst (neutral): 0.212484
between lakes Fst (effect): 0.444826
between Marine Regions Fst: 0.00891585
-------------------------------
Output1 for generation 10101:

Oceanic mean pheno: 9.49095
Freshwater mean pheno: -9.16609
mean Ocean/Fresh Fst: 0.0093604
mean Ocean/Fresh Fst (Neutral mutations only): 0.00737265
mean Ocean/Fresh Fst (Effect mutations only): 0.0873924
between lakes Fst: 0.218022
between lakes Fst (neutral): 0.211461
between lakes Fst (effect): 0.421939
between Marine Regions Fst: 0.00930278
-------------------------------
Output1 for generation 10201:

Oceanic mean pheno: 9.72443
Freshwater mean pheno: -9.19155
mean Ocean/Fresh Fst: 0.00951027
mean Ocean/Fresh Fst (Neutral mutations only): 0.00748359
mean Ocean/Fresh Fst (Effect mutations only): 0.088447
between lakes Fst: 0.224784
between lakes Fst (neutral): 0.217285
between lakes Fst (effect): 0.469757
between Marine Regions Fst: 0.00937389
-------------------------------
Output1 for generation 10301:

Oceanic mean pheno: 9.62898
Freshwater mean pheno: -9.13259
mean Ocean/Fresh Fst: 0.00938933
mean Ocean/Fresh Fst (Neutral mutations only): 0.00741334
mean Ocean/Fresh Fst (Effect mutations only): 0.0894973
between lakes Fst: 0.216144
between lakes Fst (neutral): 0.208065
between lakes Fst (effect): 0.487842
between Marine Regions Fst: 0.00907866
-------------------------------
Output1 for generation 10401:

Oceanic mean pheno: 9.30641
Freshwater mean pheno: -9.24825
mean Ocean/Fresh Fst: 0.00928587
mean Ocean/Fresh Fst (Neutral mutations only): 0.00740266
mean Ocean/Fresh Fst (Effect mutations only): 0.0877191
between lakes Fst: 0.21934
between lakes Fst (neutral): 0.210959
between lakes Fst (effect): 0.512188
between Marine Regions Fst: 0.00835107
-------------------------------
Output1 for generation 10501:

Oceanic mean pheno: 9.61313
Freshwater mean pheno: -9.26986
mean Ocean/Fresh Fst: 0.00975828
mean Ocean/Fresh Fst (Neutral mutations only): 0.00779375
mean Ocean/Fresh Fst (Effect mutations only): 0.089477
between lakes Fst: 0.221425
between lakes Fst (neutral): 0.213219
between lakes Fst (effect): 0.494073
between Marine Regions Fst: 0.00814875
-------------------------------
Output1 for generation 10601:

Oceanic mean pheno: 9.12343
Freshwater mean pheno: -9.05294
mean Ocean/Fresh Fst: 0.00891597
mean Ocean/Fresh Fst (Neutral mutations only): 0.00720325
mean Ocean/Fresh Fst (Effect mutations only): 0.0821001
between lakes Fst: 0.211564
between lakes Fst (neutral): 0.20496
between lakes Fst (effect): 0.446221
between Marine Regions Fst: 0.00911023
-------------------------------
Output1 for generation 10701:

Oceanic mean pheno: 9.39137
Freshwater mean pheno: -9.22089
mean Ocean/Fresh Fst: 0.00961357
mean Ocean/Fresh Fst (Neutral mutations only): 0.00767628
mean Ocean/Fresh Fst (Effect mutations only): 0.0938581
between lakes Fst: 0.209332
between lakes Fst (neutral): 0.203277
between lakes Fst (effect): 0.419699
between Marine Regions Fst: 0.00830712
-------------------------------
Output1 for generation 10801:

Oceanic mean pheno: 9.865
Freshwater mean pheno: -8.92166
mean Ocean/Fresh Fst: 0.0100583
mean Ocean/Fresh Fst (Neutral mutations only): 0.00793669
mean Ocean/Fresh Fst (Effect mutations only): 0.103287
between lakes Fst: 0.210024
between lakes Fst (neutral): 0.204237
between lakes Fst (effect): 0.421495
between Marine Regions Fst: 0.00910559
-------------------------------
Output1 for generation 10901:

Oceanic mean pheno: 9.28547
Freshwater mean pheno: -9.36709
mean Ocean/Fresh Fst: 0.00938757
mean Ocean/Fresh Fst (Neutral mutations only): 0.0074252
mean Ocean/Fresh Fst (Effect mutations only): 0.0979188
between lakes Fst: 0.206261
between lakes Fst (neutral): 0.201241
between lakes Fst (effect): 0.388887
between Marine Regions Fst: 0.00802945
-------------------------------
Output1 for generation 11001:

Oceanic mean pheno: 9.05256
Freshwater mean pheno: -8.72361
mean Ocean/Fresh Fst: 0.00882254
mean Ocean/Fresh Fst (Neutral mutations only): 0.00705659
mean Ocean/Fresh Fst (Effect mutations only): 0.0842811
between lakes Fst: 0.198638
between lakes Fst (neutral): 0.194171
between lakes Fst (effect): 0.355108
between Marine Regions Fst: 0.00908613
-------------------------------
Output1 for generation 11101:

Oceanic mean pheno: 9.10098
Freshwater mean pheno: -9.02128
mean Ocean/Fresh Fst: 0.00915061
mean Ocean/Fresh Fst (Neutral mutations only): 0.00727451
mean Ocean/Fresh Fst (Effect mutations only): 0.0920207
between lakes Fst: 0.210756
between lakes Fst (neutral): 0.205535
between lakes Fst (effect): 0.401857
between Marine Regions Fst: 0.00848978
-------------------------------
Output1 for generation 11201:

Oceanic mean pheno: 9.69296
Freshwater mean pheno: -9.4686
mean Ocean/Fresh Fst: 0.00988886
mean Ocean/Fresh Fst (Neutral mutations only): 0.00774403
mean Ocean/Fresh Fst (Effect mutations only): 0.094087
between lakes Fst: 0.217316
between lakes Fst (neutral): 0.211524
between lakes Fst (effect): 0.414415
between Marine Regions Fst: 0.00882691
-------------------------------
Output1 for generation 11301:

Oceanic mean pheno: 9.71291
Freshwater mean pheno: -9.06457
mean Ocean/Fresh Fst: 0.0100357
mean Ocean/Fresh Fst (Neutral mutations only): 0.00801612
mean Ocean/Fresh Fst (Effect mutations only): 0.0989512
between lakes Fst: 0.212434
between lakes Fst (neutral): 0.207025
between lakes Fst (effect): 0.406229
between Marine Regions Fst: 0.00861715
-------------------------------
Output1 for generation 11401:

Oceanic mean pheno: 9.149
Freshwater mean pheno: -9.36796
mean Ocean/Fresh Fst: 0.00996582
mean Ocean/Fresh Fst (Neutral mutations only): 0.00791921
mean Ocean/Fresh Fst (Effect mutations only): 0.0994485
between lakes Fst: 0.22588
between lakes Fst (neutral): 0.220793
between lakes Fst (effect): 0.412252
between Marine Regions Fst: 0.00897705
-------------------------------
Output1 for generation 11501:

Oceanic mean pheno: 9.33575
Freshwater mean pheno: -9.29436
mean Ocean/Fresh Fst: 0.00945353
mean Ocean/Fresh Fst (Neutral mutations only): 0.00730803
mean Ocean/Fresh Fst (Effect mutations only): 0.114047
between lakes Fst: 0.210785
between lakes Fst (neutral): 0.20538
between lakes Fst (effect): 0.422462
between Marine Regions Fst: 0.00878004
-------------------------------
Output1 for generation 11601:

Oceanic mean pheno: 9.65837
Freshwater mean pheno: -9.0325
mean Ocean/Fresh Fst: 0.00978215
mean Ocean/Fresh Fst (Neutral mutations only): 0.00774136
mean Ocean/Fresh Fst (Effect mutations only): 0.0879954
between lakes Fst: 0.203296
between lakes Fst (neutral): 0.198912
between lakes Fst (effect): 0.353206
between Marine Regions Fst: 0.00859171
-------------------------------
Output1 for generation 11701:

Oceanic mean pheno: 9.23574
Freshwater mean pheno: -9.00122
mean Ocean/Fresh Fst: 0.00984402
mean Ocean/Fresh Fst (Neutral mutations only): 0.00786797
mean Ocean/Fresh Fst (Effect mutations only): 0.0956924
between lakes Fst: 0.205193
between lakes Fst (neutral): 0.199502
between lakes Fst (effect): 0.415422
between Marine Regions Fst: 0.00890096
-------------------------------
Output1 for generation 11801:

Oceanic mean pheno: 9.46759
Freshwater mean pheno: -9.30922
mean Ocean/Fresh Fst: 0.0093901
mean Ocean/Fresh Fst (Neutral mutations only): 0.00733069
mean Ocean/Fresh Fst (Effect mutations only): 0.0992035
between lakes Fst: 0.214427
between lakes Fst (neutral): 0.208369
between lakes Fst (effect): 0.444256
between Marine Regions Fst: 0.00958858
-------------------------------
Output1 for generation 11901:

Oceanic mean pheno: 9.49377
Freshwater mean pheno: -9.49794
mean Ocean/Fresh Fst: 0.00960805
mean Ocean/Fresh Fst (Neutral mutations only): 0.00754653
mean Ocean/Fresh Fst (Effect mutations only): 0.104378
between lakes Fst: 0.214205
between lakes Fst (neutral): 0.208708
between lakes Fst (effect): 0.412882
between Marine Regions Fst: 0.00918032
-------------------------------
Output1 for generation 12001:

Oceanic mean pheno: 9.68018
Freshwater mean pheno: -9.14931
mean Ocean/Fresh Fst: 0.00961452
mean Ocean/Fresh Fst (Neutral mutations only): 0.00752917
mean Ocean/Fresh Fst (Effect mutations only): 0.112514
between lakes Fst: 0.213925
between lakes Fst (neutral): 0.207917
between lakes Fst (effect): 0.455224
between Marine Regions Fst: 0.00823588
-------------------------------
Output1 for generation 12101:

Oceanic mean pheno: 9.1165
Freshwater mean pheno: -9.21852
mean Ocean/Fresh Fst: 0.0094066
mean Ocean/Fresh Fst (Neutral mutations only): 0.0074197
mean Ocean/Fresh Fst (Effect mutations only): 0.101888
between lakes Fst: 0.211828
between lakes Fst (neutral): 0.205086
between lakes Fst (effect): 0.486662
between Marine Regions Fst: 0.00958961
-------------------------------
Output1 for generation 12201:

Oceanic mean pheno: 9.34208
Freshwater mean pheno: -9.24163
mean Ocean/Fresh Fst: 0.00985248
mean Ocean/Fresh Fst (Neutral mutations only): 0.00775654
mean Ocean/Fresh Fst (Effect mutations only): 0.10652
between lakes Fst: 0.216845
between lakes Fst (neutral): 0.210518
between lakes Fst (effect): 0.447113
between Marine Regions Fst: 0.00868592
-------------------------------
Output1 for generation 12301:

Oceanic mean pheno: 9.53203
Freshwater mean pheno: -8.8519
mean Ocean/Fresh Fst: 0.00994877
mean Ocean/Fresh Fst (Neutral mutations only): 0.00781485
mean Ocean/Fresh Fst (Effect mutations only): 0.116782
between lakes Fst: 0.205483
between lakes Fst (neutral): 0.200172
between lakes Fst (effect): 0.43221
between Marine Regions Fst: 0.00815044
-------------------------------
Output1 for generation 12401:

Oceanic mean pheno: 9.59426
Freshwater mean pheno: -9.25564
mean Ocean/Fresh Fst: 0.00982877
mean Ocean/Fresh Fst (Neutral mutations only): 0.00771355
mean Ocean/Fresh Fst (Effect mutations only): 0.104454
between lakes Fst: 0.222819
between lakes Fst (neutral): 0.218348
between lakes Fst (effect): 0.388933
between Marine Regions Fst: 0.00935141
-------------------------------
Output1 for generation 12501:

Oceanic mean pheno: 9.70725
Freshwater mean pheno: -8.86642
mean Ocean/Fresh Fst: 0.00995942
mean Ocean/Fresh Fst (Neutral mutations only): 0.00788274
mean Ocean/Fresh Fst (Effect mutations only): 0.113057
between lakes Fst: 0.221253
between lakes Fst (neutral): 0.215993
between lakes Fst (effect): 0.439455
between Marine Regions Fst: 0.00914618
-------------------------------
Output1 for generation 12601:

Oceanic mean pheno: 9.00036
Freshwater mean pheno: -8.83946
mean Ocean/Fresh Fst: 0.0089635
mean Ocean/Fresh Fst (Neutral mutations only): 0.00717555
mean Ocean/Fresh Fst (Effect mutations only): 0.0928889
between lakes Fst: 0.207912
between lakes Fst (neutral): 0.202798
between lakes Fst (effect): 0.412146
between Marine Regions Fst: 0.00877797
-------------------------------
Output1 for generation 12701:

Oceanic mean pheno: 9.67555
Freshwater mean pheno: -9.37507
mean Ocean/Fresh Fst: 0.010601
mean Ocean/Fresh Fst (Neutral mutations only): 0.00842763
mean Ocean/Fresh Fst (Effect mutations only): 0.113589
between lakes Fst: 0.221399
between lakes Fst (neutral): 0.215714
between lakes Fst (effect): 0.467118
between Marine Regions Fst: 0.00851448
-------------------------------
Output1 for generation 12801:

Oceanic mean pheno: 9.31002
Freshwater mean pheno: -8.98631
mean Ocean/Fresh Fst: 0.00949534
mean Ocean/Fresh Fst (Neutral mutations only): 0.00765414
mean Ocean/Fresh Fst (Effect mutations only): 0.101674
between lakes Fst: 0.207469
between lakes Fst (neutral): 0.203469
between lakes Fst (effect): 0.369876
between Marine Regions Fst: 0.00874068
-------------------------------
Output1 for generation 12901:

Oceanic mean pheno: 9.54264
Freshwater mean pheno: -9.0543
mean Ocean/Fresh Fst: 0.00966233
mean Ocean/Fresh Fst (Neutral mutations only): 0.00766659
mean Ocean/Fresh Fst (Effect mutations only): 0.111977
between lakes Fst: 0.208895
between lakes Fst (neutral): 0.204678
between lakes Fst (effect): 0.397766
between Marine Regions Fst: 0.00841596
-------------------------------
Output1 for generation 13001:

Oceanic mean pheno: 9.20103
Freshwater mean pheno: -9.29499
mean Ocean/Fresh Fst: 0.00972458
mean Ocean/Fresh Fst (Neutral mutations only): 0.00766084
mean Ocean/Fresh Fst (Effect mutations only): 0.120811
between lakes Fst: 0.215212
between lakes Fst (neutral): 0.210179
between lakes Fst (effect): 0.445785
between Marine Regions Fst: 0.00806416
-------------------------------
Output1 for generation 13101:

Oceanic mean pheno: 9.28563
Freshwater mean pheno: -9.01664
mean Ocean/Fresh Fst: 0.00956966
mean Ocean/Fresh Fst (Neutral mutations only): 0.00760831
mean Ocean/Fresh Fst (Effect mutations only): 0.10419
between lakes Fst: 0.203496
between lakes Fst (neutral): 0.199508
between lakes Fst (effect): 0.378266
between Marine Regions Fst: 0.00918713
-------------------------------
Output1 for generation 13201:

Oceanic mean pheno: 9.13641
Freshwater mean pheno: -9.36588
mean Ocean/Fresh Fst: 0.00955883
mean Ocean/Fresh Fst (Neutral mutations only): 0.00751553
mean Ocean/Fresh Fst (Effect mutations only): 0.116355
between lakes Fst: 0.215026
between lakes Fst (neutral): 0.210877
between lakes Fst (effect): 0.393021
between Marine Regions Fst: 0.0086819
-------------------------------
Output1 for generation 13301:

Oceanic mean pheno: 8.83088
Freshwater mean pheno: -9.43012
mean Ocean/Fresh Fst: 0.00937166
mean Ocean/Fresh Fst (Neutral mutations only): 0.00740097
mean Ocean/Fresh Fst (Effect mutations only): 0.099386
between lakes Fst: 0.210641
between lakes Fst (neutral): 0.205769
between lakes Fst (effect): 0.421456
between Marine Regions Fst: 0.00853922
-------------------------------
Output1 for generation 13401:

Oceanic mean pheno: 9.4146
Freshwater mean pheno: -9.13792
mean Ocean/Fresh Fst: 0.00983035
mean Ocean/Fresh Fst (Neutral mutations only): 0.00770545
mean Ocean/Fresh Fst (Effect mutations only): 0.113685
between lakes Fst: 0.228951
between lakes Fst (neutral): 0.223725
between lakes Fst (effect): 0.433254
between Marine Regions Fst: 0.00774676
-------------------------------
Output1 for generation 13501:

Oceanic mean pheno: 9.15965
Freshwater mean pheno: -8.59908
mean Ocean/Fresh Fst: 0.00897028
mean Ocean/Fresh Fst (Neutral mutations only): 0.00708398
mean Ocean/Fresh Fst (Effect mutations only): 0.0989979
between lakes Fst: 0.21802
between lakes Fst (neutral): 0.213282
between lakes Fst (effect): 0.4175
between Marine Regions Fst: 0.00820154
-------------------------------
Output1 for generation 13601:

Oceanic mean pheno: 8.92355
Freshwater mean pheno: -8.99471
mean Ocean/Fresh Fst: 0.00922099
mean Ocean/Fresh Fst (Neutral mutations only): 0.00722153
mean Ocean/Fresh Fst (Effect mutations only): 0.0977266
between lakes Fst: 0.222867
between lakes Fst (neutral): 0.219298
between lakes Fst (effect): 0.350288
between Marine Regions Fst: 0.00951882
-------------------------------
Output1 for generation 13701:

Oceanic mean pheno: 9.09214
Freshwater mean pheno: -8.48207
mean Ocean/Fresh Fst: 0.0090509
mean Ocean/Fresh Fst (Neutral mutations only): 0.00714194
mean Ocean/Fresh Fst (Effect mutations only): 0.0977889
between lakes Fst: 0.223817
between lakes Fst (neutral): 0.218873
between lakes Fst (effect): 0.426
between Marine Regions Fst: 0.00968821
-------------------------------
Output1 for generation 13801:

Oceanic mean pheno: 9.28708
Freshwater mean pheno: -8.96404
mean Ocean/Fresh Fst: 0.00899254
mean Ocean/Fresh Fst (Neutral mutations only): 0.00695124
mean Ocean/Fresh Fst (Effect mutations only): 0.101992
between lakes Fst: 0.224896
between lakes Fst (neutral): 0.220185
between lakes Fst (effect): 0.412864
between Marine Regions Fst: 0.00888627
-------------------------------
Output1 for generation 13901:

Oceanic mean pheno: 9.0826
Freshwater mean pheno: -9.50592
mean Ocean/Fresh Fst: 0.0093525
mean Ocean/Fresh Fst (Neutral mutations only): 0.00730998
mean Ocean/Fresh Fst (Effect mutations only): 0.101436
between lakes Fst: 0.211575
between lakes Fst (neutral): 0.207747
between lakes Fst (effect): 0.359102
between Marine Regions Fst: 0.00875763
-------------------------------
Output1 for generation 14001:

Oceanic mean pheno: 9.27432
Freshwater mean pheno: -9.20536
mean Ocean/Fresh Fst: 0.0100275
mean Ocean/Fresh Fst (Neutral mutations only): 0.00794027
mean Ocean/Fresh Fst (Effect mutations only): 0.104998
between lakes Fst: 0.218072
between lakes Fst (neutral): 0.213881
between lakes Fst (effect): 0.387936
between Marine Regions Fst: 0.0091193
-------------------------------
Output1 for generation 14101:

Oceanic mean pheno: 9.38064
Freshwater mean pheno: -9.20703
mean Ocean/Fresh Fst: 0.010049
mean Ocean/Fresh Fst (Neutral mutations only): 0.00796747
mean Ocean/Fresh Fst (Effect mutations only): 0.109775
between lakes Fst: 0.218969
between lakes Fst (neutral): 0.213863
between lakes Fst (effect): 0.446025
between Marine Regions Fst: 0.00905961
-------------------------------
Output1 for generation 14201:

Oceanic mean pheno: 9.22663
Freshwater mean pheno: -8.79546
mean Ocean/Fresh Fst: 0.00974851
mean Ocean/Fresh Fst (Neutral mutations only): 0.00785493
mean Ocean/Fresh Fst (Effect mutations only): 0.110658
between lakes Fst: 0.213376
between lakes Fst (neutral): 0.209032
between lakes Fst (effect): 0.400448
between Marine Regions Fst: 0.00838097
-------------------------------
Output1 for generation 14301:

Oceanic mean pheno: 9.28238
Freshwater mean pheno: -8.79554
mean Ocean/Fresh Fst: 0.00951003
mean Ocean/Fresh Fst (Neutral mutations only): 0.0074905
mean Ocean/Fresh Fst (Effect mutations only): 0.106141
between lakes Fst: 0.213072
between lakes Fst (neutral): 0.208749
between lakes Fst (effect): 0.395657
between Marine Regions Fst: 0.00816738
-------------------------------
Output1 for generation 14401:

Oceanic mean pheno: 8.63268
Freshwater mean pheno: -9.08466
mean Ocean/Fresh Fst: 0.00944612
mean Ocean/Fresh Fst (Neutral mutations only): 0.00750833
mean Ocean/Fresh Fst (Effect mutations only): 0.0938786
between lakes Fst: 0.217022
between lakes Fst (neutral): 0.212738
between lakes Fst (effect): 0.380882
between Marine Regions Fst: 0.00855047
-------------------------------
Output1 for generation 14501:

Oceanic mean pheno: 9.03161
Freshwater mean pheno: -9.25833
mean Ocean/Fresh Fst: 0.00915076
mean Ocean/Fresh Fst (Neutral mutations only): 0.00711338
mean Ocean/Fresh Fst (Effect mutations only): 0.126715
between lakes Fst: 0.222334
between lakes Fst (neutral): 0.217542
between lakes Fst (effect): 0.442262
between Marine Regions Fst: 0.00839949
-------------------------------
Output1 for generation 14601:

Oceanic mean pheno: 9.04194
Freshwater mean pheno: -9.17178
mean Ocean/Fresh Fst: 0.00906211
mean Ocean/Fresh Fst (Neutral mutations only): 0.0071185
mean Ocean/Fresh Fst (Effect mutations only): 0.113822
between lakes Fst: 0.220963
between lakes Fst (neutral): 0.216841
between lakes Fst (effect): 0.402457
between Marine Regions Fst: 0.00931189
-------------------------------
Output1 for generation 14701:

Oceanic mean pheno: 9.59421
Freshwater mean pheno: -8.69762
mean Ocean/Fresh Fst: 0.00894943
mean Ocean/Fresh Fst (Neutral mutations only): 0.00701668
mean Ocean/Fresh Fst (Effect mutations only): 0.113189
between lakes Fst: 0.214488
between lakes Fst (neutral): 0.210558
between lakes Fst (effect): 0.380986
between Marine Regions Fst: 0.00868936
-------------------------------
Output1 for generation 14801:

Oceanic mean pheno: 9.38882
Freshwater mean pheno: -8.4966
mean Ocean/Fresh Fst: 0.00943004
mean Ocean/Fresh Fst (Neutral mutations only): 0.0075497
mean Ocean/Fresh Fst (Effect mutations only): 0.119325
between lakes Fst: 0.233843
between lakes Fst (neutral): 0.228726
between lakes Fst (effect): 0.485376
between Marine Regions Fst: 0.00891566
-------------------------------
Output1 for generation 14901:

Oceanic mean pheno: 9.1133
Freshwater mean pheno: -9.06621
mean Ocean/Fresh Fst: 0.00979979
mean Ocean/Fresh Fst (Neutral mutations only): 0.00780178
mean Ocean/Fresh Fst (Effect mutations only): 0.118763
between lakes Fst: 0.23416
between lakes Fst (neutral): 0.228939
between lakes Fst (effect): 0.465244
between Marine Regions Fst: 0.00881893
-------------------------------
Output1 for generation 15001:

Oceanic mean pheno: 9.29586
Freshwater mean pheno: -8.56544
mean Ocean/Fresh Fst: 0.00982403
mean Ocean/Fresh Fst (Neutral mutations only): 0.00795296
mean Ocean/Fresh Fst (Effect mutations only): 0.120356
between lakes Fst: 0.223426
between lakes Fst (neutral): 0.217893
between lakes Fst (effect): 0.488333
between Marine Regions Fst: 0.00891638
-------------------------------
Output1 for generation 15101:

Oceanic mean pheno: 9.37531
Freshwater mean pheno: -8.69308
mean Ocean/Fresh Fst: 0.0105821
mean Ocean/Fresh Fst (Neutral mutations only): 0.00853915
mean Ocean/Fresh Fst (Effect mutations only): 0.112335
between lakes Fst: 0.221614
between lakes Fst (neutral): 0.216289
between lakes Fst (effect): 0.457276
between Marine Regions Fst: 0.010477
-------------------------------
Output1 for generation 15201:

Oceanic mean pheno: 9.22909
Freshwater mean pheno: -8.51375
mean Ocean/Fresh Fst: 0.0100625
mean Ocean/Fresh Fst (Neutral mutations only): 0.00808802
mean Ocean/Fresh Fst (Effect mutations only): 0.114182
between lakes Fst: 0.218509
between lakes Fst (neutral): 0.213717
between lakes Fst (effect): 0.426388
between Marine Regions Fst: 0.00895939
-------------------------------
Output1 for generation 15301:

Oceanic mean pheno: 9.42647
Freshwater mean pheno: -8.89306
mean Ocean/Fresh Fst: 0.00986885
mean Ocean/Fresh Fst (Neutral mutations only): 0.00786811
mean Ocean/Fresh Fst (Effect mutations only): 0.107842
between lakes Fst: 0.213674
between lakes Fst (neutral): 0.209221
between lakes Fst (effect): 0.398918
between Marine Regions Fst: 0.00905824
-------------------------------
Output1 for generation 15401:

Oceanic mean pheno: 9.33284
Freshwater mean pheno: -9.14275
mean Ocean/Fresh Fst: 0.00933349
mean Ocean/Fresh Fst (Neutral mutations only): 0.00736554
mean Ocean/Fresh Fst (Effect mutations only): 0.100253
between lakes Fst: 0.212977
between lakes Fst (neutral): 0.208582
between lakes Fst (effect): 0.382781
between Marine Regions Fst: 0.00877374
-------------------------------
Output1 for generation 15501:

Oceanic mean pheno: 9.27411
Freshwater mean pheno: -8.31228
mean Ocean/Fresh Fst: 0.00917521
mean Ocean/Fresh Fst (Neutral mutations only): 0.00737762
mean Ocean/Fresh Fst (Effect mutations only): 0.0974206
between lakes Fst: 0.216274
between lakes Fst (neutral): 0.211922
between lakes Fst (effect): 0.413855
between Marine Regions Fst: 0.00796756
-------------------------------
Output1 for generation 15601:

Oceanic mean pheno: 9.50839
Freshwater mean pheno: -8.89126
mean Ocean/Fresh Fst: 0.00979295
mean Ocean/Fresh Fst (Neutral mutations only): 0.00778262
mean Ocean/Fresh Fst (Effect mutations only): 0.106654
between lakes Fst: 0.209888
between lakes Fst (neutral): 0.206164
between lakes Fst (effect): 0.372294
between Marine Regions Fst: 0.00895829
-------------------------------
Output1 for generation 15701:

Oceanic mean pheno: 9.21558
Freshwater mean pheno: -9.20317
mean Ocean/Fresh Fst: 0.00969668
mean Ocean/Fresh Fst (Neutral mutations only): 0.007775
mean Ocean/Fresh Fst (Effect mutations only): 0.100185
between lakes Fst: 0.210394
between lakes Fst (neutral): 0.207214
between lakes Fst (effect): 0.338689
between Marine Regions Fst: 0.00847357
-------------------------------
Output1 for generation 15801:

Oceanic mean pheno: 9.70449
Freshwater mean pheno: -8.75598
mean Ocean/Fresh Fst: 0.00983017
mean Ocean/Fresh Fst (Neutral mutations only): 0.00777574
mean Ocean/Fresh Fst (Effect mutations only): 0.123462
between lakes Fst: 0.208046
between lakes Fst (neutral): 0.204502
between lakes Fst (effect): 0.391198
between Marine Regions Fst: 0.00864026
-------------------------------
Output1 for generation 15901:

Oceanic mean pheno: 9.56288
Freshwater mean pheno: -8.12673
mean Ocean/Fresh Fst: 0.00982365
mean Ocean/Fresh Fst (Neutral mutations only): 0.0078936
mean Ocean/Fresh Fst (Effect mutations only): 0.114778
between lakes Fst: 0.22017
between lakes Fst (neutral): 0.216323
between lakes Fst (effect): 0.412372
between Marine Regions Fst: 0.00884634
-------------------------------
Output1 for generation 16001:

Oceanic mean pheno: 9.25915
Freshwater mean pheno: -8.48617
mean Ocean/Fresh Fst: 0.00940305
mean Ocean/Fresh Fst (Neutral mutations only): 0.00754953
mean Ocean/Fresh Fst (Effect mutations only): 0.108999
between lakes Fst: 0.221277
between lakes Fst (neutral): 0.217917
between lakes Fst (effect): 0.37834
between Marine Regions Fst: 0.00861984
-------------------------------
Output1 for generation 16101:

Oceanic mean pheno: 9.20496
Freshwater mean pheno: -8.74983
mean Ocean/Fresh Fst: 0.00989547
mean Ocean/Fresh Fst (Neutral mutations only): 0.00798839
mean Ocean/Fresh Fst (Effect mutations only): 0.114339
between lakes Fst: 0.226502
between lakes Fst (neutral): 0.222998
between lakes Fst (effect): 0.390304
between Marine Regions Fst: 0.00890502
-------------------------------
Output1 for generation 16201:

Oceanic mean pheno: 9.32405
Freshwater mean pheno: -8.42141
mean Ocean/Fresh Fst: 0.00952629
mean Ocean/Fresh Fst (Neutral mutations only): 0.00758774
mean Ocean/Fresh Fst (Effect mutations only): 0.122106
between lakes Fst: 0.222249
between lakes Fst (neutral): 0.218642
between lakes Fst (effect): 0.395391
between Marine Regions Fst: 0.00921307
-------------------------------
Output1 for generation 16301:

Oceanic mean pheno: 9.2307
Freshwater mean pheno: -8.32224
mean Ocean/Fresh Fst: 0.00918594
mean Ocean/Fresh Fst (Neutral mutations only): 0.00728149
mean Ocean/Fresh Fst (Effect mutations only): 0.12587
between lakes Fst: 0.224188
between lakes Fst (neutral): 0.220237
between lakes Fst (effect): 0.420812
between Marine Regions Fst: 0.00852698
-------------------------------
Output1 for generation 16401:

Oceanic mean pheno: 9.74773
Freshwater mean pheno: -8.47651
mean Ocean/Fresh Fst: 0.00975453
mean Ocean/Fresh Fst (Neutral mutations only): 0.00779395
mean Ocean/Fresh Fst (Effect mutations only): 0.121718
between lakes Fst: 0.224156
between lakes Fst (neutral): 0.220943
between lakes Fst (effect): 0.377996
between Marine Regions Fst: 0.00916962
-------------------------------
Output1 for generation 16501:

Oceanic mean pheno: 9.42046
Freshwater mean pheno: -9.07293
mean Ocean/Fresh Fst: 0.0104543
mean Ocean/Fresh Fst (Neutral mutations only): 0.00836175
mean Ocean/Fresh Fst (Effect mutations only): 0.10959
between lakes Fst: 0.233724
between lakes Fst (neutral): 0.230444
between lakes Fst (effect): 0.368769
between Marine Regions Fst: 0.00955948
-------------------------------
Output1 for generation 16601:

Oceanic mean pheno: 9.5927
Freshwater mean pheno: -8.77167
mean Ocean/Fresh Fst: 0.010005
mean Ocean/Fresh Fst (Neutral mutations only): 0.00798949
mean Ocean/Fresh Fst (Effect mutations only): 0.123377
between lakes Fst: 0.226091
between lakes Fst (neutral): 0.222138
between lakes Fst (effect): 0.413206
between Marine Regions Fst: 0.00872033
-------------------------------
Output1 for generation 16701:

Oceanic mean pheno: 9.36124
Freshwater mean pheno: -8.85034
mean Ocean/Fresh Fst: 0.00989572
mean Ocean/Fresh Fst (Neutral mutations only): 0.00794796
mean Ocean/Fresh Fst (Effect mutations only): 0.114605
between lakes Fst: 0.222127
between lakes Fst (neutral): 0.217451
between lakes Fst (effect): 0.450115
between Marine Regions Fst: 0.00888532
-------------------------------
Output1 for generation 16801:

Oceanic mean pheno: 8.84345
Freshwater mean pheno: -8.53558
mean Ocean/Fresh Fst: 0.00987079
mean Ocean/Fresh Fst (Neutral mutations only): 0.00804637
mean Ocean/Fresh Fst (Effect mutations only): 0.133614
between lakes Fst: 0.22036
between lakes Fst (neutral): 0.215983
between lakes Fst (effect): 0.458776
between Marine Regions Fst: 0.00851601
-------------------------------
Output1 for generation 16901:

Oceanic mean pheno: 9.05421
Freshwater mean pheno: -9.21173
mean Ocean/Fresh Fst: 0.00940049
mean Ocean/Fresh Fst (Neutral mutations only): 0.00748191
mean Ocean/Fresh Fst (Effect mutations only): 0.127688
between lakes Fst: 0.22915
between lakes Fst (neutral): 0.225158
between lakes Fst (effect): 0.439745
between Marine Regions Fst: 0.00823338
-------------------------------
Output1 for generation 17001:

Oceanic mean pheno: 9.25988
Freshwater mean pheno: -8.87564
mean Ocean/Fresh Fst: 0.00922881
mean Ocean/Fresh Fst (Neutral mutations only): 0.0073812
mean Ocean/Fresh Fst (Effect mutations only): 0.11193
between lakes Fst: 0.222594
between lakes Fst (neutral): 0.218913
between lakes Fst (effect): 0.406353
between Marine Regions Fst: 0.00823361
-------------------------------
Output1 for generation 17101:

Oceanic mean pheno: 8.98719
Freshwater mean pheno: -8.79535
mean Ocean/Fresh Fst: 0.00932324
mean Ocean/Fresh Fst (Neutral mutations only): 0.00746848
mean Ocean/Fresh Fst (Effect mutations only): 0.143625
between lakes Fst: 0.222784
between lakes Fst (neutral): 0.219502
between lakes Fst (effect): 0.415419
between Marine Regions Fst: 0.0090553
-------------------------------
Output1 for generation 17201:

Oceanic mean pheno: 9.17673
Freshwater mean pheno: -8.9441
mean Ocean/Fresh Fst: 0.00939139
mean Ocean/Fresh Fst (Neutral mutations only): 0.00753353
mean Ocean/Fresh Fst (Effect mutations only): 0.13476
between lakes Fst: 0.222447
between lakes Fst (neutral): 0.218491
between lakes Fst (effect): 0.440521
between Marine Regions Fst: 0.0086131
-------------------------------
Output1 for generation 17301:

Oceanic mean pheno: 9.11649
Freshwater mean pheno: -9.11206
mean Ocean/Fresh Fst: 0.00981845
mean Ocean/Fresh Fst (Neutral mutations only): 0.00792875
mean Ocean/Fresh Fst (Effect mutations only): 0.146781
between lakes Fst: 0.228259
between lakes Fst (neutral): 0.224104
between lakes Fst (effect): 0.484252
between Marine Regions Fst: 0.00837759
-------------------------------
Output1 for generation 17401:

Oceanic mean pheno: 9.16056
Freshwater mean pheno: -8.70022
mean Ocean/Fresh Fst: 0.0103372
mean Ocean/Fresh Fst (Neutral mutations only): 0.00851824
mean Ocean/Fresh Fst (Effect mutations only): 0.113516
between lakes Fst: 0.220599
between lakes Fst (neutral): 0.217028
between lakes Fst (effect): 0.419982
between Marine Regions Fst: 0.0093727
-------------------------------
Output1 for generation 17501:

Oceanic mean pheno: 9.19677
Freshwater mean pheno: -8.76801
mean Ocean/Fresh Fst: 0.0100885
mean Ocean/Fresh Fst (Neutral mutations only): 0.00824253
mean Ocean/Fresh Fst (Effect mutations only): 0.123991
between lakes Fst: 0.219554
between lakes Fst (neutral): 0.215739
between lakes Fst (effect): 0.413242
between Marine Regions Fst: 0.00884547
-------------------------------
Output1 for generation 17601:

Oceanic mean pheno: 9.3578
Freshwater mean pheno: -8.75449
mean Ocean/Fresh Fst: 0.00980343
mean Ocean/Fresh Fst (Neutral mutations only): 0.00793661
mean Ocean/Fresh Fst (Effect mutations only): 0.116534
between lakes Fst: 0.218995
between lakes Fst (neutral): 0.21539
between lakes Fst (effect): 0.392439
between Marine Regions Fst: 0.00944572
-------------------------------
Output1 for generation 17701:

Oceanic mean pheno: 9.43676
Freshwater mean pheno: -9.01927
mean Ocean/Fresh Fst: 0.0100559
mean Ocean/Fresh Fst (Neutral mutations only): 0.00800876
mean Ocean/Fresh Fst (Effect mutations only): 0.115782
between lakes Fst: 0.22077
between lakes Fst (neutral): 0.216962
between lakes Fst (effect): 0.386035
between Marine Regions Fst: 0.00834632
-------------------------------
Output1 for generation 17801:

Oceanic mean pheno: 9.26311
Freshwater mean pheno: -8.4324
mean Ocean/Fresh Fst: 0.00944907
mean Ocean/Fresh Fst (Neutral mutations only): 0.00765724
mean Ocean/Fresh Fst (Effect mutations only): 0.091054
between lakes Fst: 0.228572
between lakes Fst (neutral): 0.224073
between lakes Fst (effect): 0.41403
between Marine Regions Fst: 0.00890323
-------------------------------
Output1 for generation 17901:

Oceanic mean pheno: 9.31653
Freshwater mean pheno: -8.62033
mean Ocean/Fresh Fst: 0.0089981
mean Ocean/Fresh Fst (Neutral mutations only): 0.00713253
mean Ocean/Fresh Fst (Effect mutations only): 0.107189
between lakes Fst: 0.23472
between lakes Fst (neutral): 0.230174
between lakes Fst (effect): 0.435911
between Marine Regions Fst: 0.00932674
-------------------------------
Output1 for generation 18001:

Oceanic mean pheno: 9.00527
Freshwater mean pheno: -8.81268
mean Ocean/Fresh Fst: 0.00960712
mean Ocean/Fresh Fst (Neutral mutations only): 0.00772257
mean Ocean/Fresh Fst (Effect mutations only): 0.109928
between lakes Fst: 0.229429
between lakes Fst (neutral): 0.225212
between lakes Fst (effect): 0.431687
between Marine Regions Fst: 0.00829097
-------------------------------
Output1 for generation 18101:

Oceanic mean pheno: 9.47708
Freshwater mean pheno: -8.81477
mean Ocean/Fresh Fst: 0.00977709
mean Ocean/Fresh Fst (Neutral mutations only): 0.0078133
mean Ocean/Fresh Fst (Effect mutations only): 0.118137
between lakes Fst: 0.234635
between lakes Fst (neutral): 0.230251
between lakes Fst (effect): 0.436434
between Marine Regions Fst: 0.00916283
-------------------------------
Output1 for generation 18201:

Oceanic mean pheno: 9.0896
Freshwater mean pheno: -9.15197
mean Ocean/Fresh Fst: 0.00940472
mean Ocean/Fresh Fst (Neutral mutations only): 0.00752098
mean Ocean/Fresh Fst (Effect mutations only): 0.116038
between lakes Fst: 0.23189
between lakes Fst (neutral): 0.227655
between lakes Fst (effect): 0.421102
between Marine Regions Fst: 0.00902206
-------------------------------
Output1 for generation 18301:

Oceanic mean pheno: 9.4965
Freshwater mean pheno: -8.86463
mean Ocean/Fresh Fst: 0.0095366
mean Ocean/Fresh Fst (Neutral mutations only): 0.00765579
mean Ocean/Fresh Fst (Effect mutations only): 0.121967
between lakes Fst: 0.236953
between lakes Fst (neutral): 0.231879
between lakes Fst (effect): 0.487709
between Marine Regions Fst: 0.00953797
-------------------------------
Output1 for generation 18401:

Oceanic mean pheno: 9.39516
Freshwater mean pheno: -8.74919
mean Ocean/Fresh Fst: 0.00965169
mean Ocean/Fresh Fst (Neutral mutations only): 0.00775046
mean Ocean/Fresh Fst (Effect mutations only): 0.14373
between lakes Fst: 0.219102
between lakes Fst (neutral): 0.21385
between lakes Fst (effect): 0.533941
between Marine Regions Fst: 0.00941537
-------------------------------
Output1 for generation 18501:

Oceanic mean pheno: 9.49393
Freshwater mean pheno: -9.34502
mean Ocean/Fresh Fst: 0.0101776
mean Ocean/Fresh Fst (Neutral mutations only): 0.00813401
mean Ocean/Fresh Fst (Effect mutations only): 0.126007
between lakes Fst: 0.230117
between lakes Fst (neutral): 0.225774
between lakes Fst (effect): 0.445149
between Marine Regions Fst: 0.00915462
-------------------------------
Output1 for generation 18601:

Oceanic mean pheno: 9.02751
Freshwater mean pheno: -8.80406
mean Ocean/Fresh Fst: 0.00922625
mean Ocean/Fresh Fst (Neutral mutations only): 0.00744678
mean Ocean/Fresh Fst (Effect mutations only): 0.117247
between lakes Fst: 0.214893
between lakes Fst (neutral): 0.210602
between lakes Fst (effect): 0.436986
between Marine Regions Fst: 0.00816205
-------------------------------
Output1 for generation 18701:

Oceanic mean pheno: 9.1594
Freshwater mean pheno: -8.53417
mean Ocean/Fresh Fst: 0.00915456
mean Ocean/Fresh Fst (Neutral mutations only): 0.00733218
mean Ocean/Fresh Fst (Effect mutations only): 0.110579
between lakes Fst: 0.218688
between lakes Fst (neutral): 0.214662
between lakes Fst (effect): 0.428497
between Marine Regions Fst: 0.00903599
-------------------------------
Output1 for generation 18801:

Oceanic mean pheno: 9.32519
Freshwater mean pheno: -8.72868
mean Ocean/Fresh Fst: 0.0096609
mean Ocean/Fresh Fst (Neutral mutations only): 0.00782747
mean Ocean/Fresh Fst (Effect mutations only): 0.116785
between lakes Fst: 0.222521
between lakes Fst (neutral): 0.218364
between lakes Fst (effect): 0.429413
between Marine Regions Fst: 0.00949092
-------------------------------
Output1 for generation 18901:

Oceanic mean pheno: 9.38932
Freshwater mean pheno: -8.72797
mean Ocean/Fresh Fst: 0.00979292
mean Ocean/Fresh Fst (Neutral mutations only): 0.00782718
mean Ocean/Fresh Fst (Effect mutations only): 0.116205
between lakes Fst: 0.214762
between lakes Fst (neutral): 0.210727
between lakes Fst (effect): 0.408571
between Marine Regions Fst: 0.00891005
-------------------------------
Output1 for generation 19001:

Oceanic mean pheno: 9.24111
Freshwater mean pheno: -9.02106
mean Ocean/Fresh Fst: 0.0101868
mean Ocean/Fresh Fst (Neutral mutations only): 0.00814907
mean Ocean/Fresh Fst (Effect mutations only): 0.111373
between lakes Fst: 0.214537
between lakes Fst (neutral): 0.210618
between lakes Fst (effect): 0.392015
between Marine Regions Fst: 0.00815596
-------------------------------
Output1 for generation 19101:

Oceanic mean pheno: 9.36163
Freshwater mean pheno: -8.68229
mean Ocean/Fresh Fst: 0.00999768
mean Ocean/Fresh Fst (Neutral mutations only): 0.00799877
mean Ocean/Fresh Fst (Effect mutations only): 0.116006
between lakes Fst: 0.223338
between lakes Fst (neutral): 0.219642
between lakes Fst (effect): 0.408436
between Marine Regions Fst: 0.00910714
-------------------------------
Output1 for generation 19201:

Oceanic mean pheno: 9.14073
Freshwater mean pheno: -8.98415
mean Ocean/Fresh Fst: 0.00922422
mean Ocean/Fresh Fst (Neutral mutations only): 0.00731819
mean Ocean/Fresh Fst (Effect mutations only): 0.112975
between lakes Fst: 0.224048
between lakes Fst (neutral): 0.22165
between lakes Fst (effect): 0.339117
between Marine Regions Fst: 0.00936606
-------------------------------
Output1 for generation 19301:

Oceanic mean pheno: 9.03791
Freshwater mean pheno: -8.78346
mean Ocean/Fresh Fst: 0.00921663
mean Ocean/Fresh Fst (Neutral mutations only): 0.00734616
mean Ocean/Fresh Fst (Effect mutations only): 0.121999
between lakes Fst: 0.225667
between lakes Fst (neutral): 0.22234
between lakes Fst (effect): 0.391088
between Marine Regions Fst: 0.00911673
-------------------------------
Output1 for generation 19401:

Oceanic mean pheno: 9.24912
Freshwater mean pheno: -8.65667
mean Ocean/Fresh Fst: 0.00932073
mean Ocean/Fresh Fst (Neutral mutations only): 0.00744154
mean Ocean/Fresh Fst (Effect mutations only): 0.123395
between lakes Fst: 0.22733
between lakes Fst (neutral): 0.224209
between lakes Fst (effect): 0.380596
between Marine Regions Fst: 0.00837089
-------------------------------
Output1 for generation 19501:

Oceanic mean pheno: 9.3005
Freshwater mean pheno: -9.04994
mean Ocean/Fresh Fst: 0.00971883
mean Ocean/Fresh Fst (Neutral mutations only): 0.0076822
mean Ocean/Fresh Fst (Effect mutations only): 0.1199
between lakes Fst: 0.226376
between lakes Fst (neutral): 0.222654
between lakes Fst (effect): 0.39349
between Marine Regions Fst: 0.00942752
-------------------------------
Output1 for generation 19601:

Oceanic mean pheno: 9.17507
Freshwater mean pheno: -9.03309
mean Ocean/Fresh Fst: 0.0091259
mean Ocean/Fresh Fst (Neutral mutations only): 0.00717033
mean Ocean/Fresh Fst (Effect mutations only): 0.11564
between lakes Fst: 0.218744
between lakes Fst (neutral): 0.215412
between lakes Fst (effect): 0.375612
between Marine Regions Fst: 0.00864415
-------------------------------
Output1 for generation 19701:

Oceanic mean pheno: 9.15327
Freshwater mean pheno: -9.40439
mean Ocean/Fresh Fst: 0.010108
mean Ocean/Fresh Fst (Neutral mutations only): 0.008192
mean Ocean/Fresh Fst (Effect mutations only): 0.109862
between lakes Fst: 0.233999
between lakes Fst (neutral): 0.229799
between lakes Fst (effect): 0.438675
between Marine Regions Fst: 0.00901274
-------------------------------
Output1 for generation 19801:

Oceanic mean pheno: 9.22979
Freshwater mean pheno: -9.36549
mean Ocean/Fresh Fst: 0.00925365
mean Ocean/Fresh Fst (Neutral mutations only): 0.00734225
mean Ocean/Fresh Fst (Effect mutations only): 0.110373
between lakes Fst: 0.219896
between lakes Fst (neutral): 0.216679
between lakes Fst (effect): 0.362807
between Marine Regions Fst: 0.00954867
-------------------------------
Output1 for generation 19901:

Oceanic mean pheno: 8.87474
Freshwater mean pheno: -8.91089
mean Ocean/Fresh Fst: 0.00873054
mean Ocean/Fresh Fst (Neutral mutations only): 0.00706548
mean Ocean/Fresh Fst (Effect mutations only): 0.0989122
between lakes Fst: 0.222115
between lakes Fst (neutral): 0.219002
between lakes Fst (effect): 0.36969
between Marine Regions Fst: 0.00909932
-------------------------------
Output1 for generation 20000:

Oceanic mean pheno: 9.17167
Freshwater mean pheno: -8.94926
mean Ocean/Fresh Fst: 0.00956938
mean Ocean/Fresh Fst (Neutral mutations only): 0.00778076
mean Ocean/Fresh Fst (Effect mutations only): 0.10842
between lakes Fst: 0.227643
between lakes Fst (neutral): 0.225097
between lakes Fst (effect): 0.339333
between Marine Regions Fst: 0.00867581
whole: 1688
Oceanic: 1336
Freshwater: 1347
fstsize: 1688
elapsed: 3:44:30 / kernel: 4.66 / user: 13474.01 / mem: 193264
Done!
