Task ID  - seed 028998
Parameters for SLiM run:
  -s 028998 MyRecipe6_2_2.E
// Initial random seed:
1511181446983

// RunInitializeCallbacks():
initializeSLiMOptions(dimensionality = 'x');
initializeMutationRate(1e-07);
initializeMutationType(1, 0.5, "g", 0.5, 1);
initializeMutationType(2, 0.5, "g", -0.5, 1);
initializeMutationType(3, 0.5, "f", 0);
initializeMutationType(4, 0.5, "g", 0.5, 1);
initializeMutationType(5, 0.5, "g", -0.5, 1);
initializeMutationType(6, 0.5, "g", 0.6, 1);
initializeMutationType(7, 0.5, "g", -0.6, 1);
initializeGenomicElementType(1, c(m1, m2, m3, m4, m5, m6, m7), c(1, 1, 300, 1, 1, 1, 1));
initializeGenomicElement(g1, 0, 99999);
initializeRecombinationRate(1e-06);
initializeInteractionType(1, "x", reciprocal=T", maxDistance=0.02);
initializeInteractionType(2, "x", reciprocal=T", maxDistance=1);

// Starting run at generation <start>:
1 

-------------------------------
Output1 for generation 100:

Oceanic mean pheno: 0.606866
Freshwater mean pheno: -0.0250999
Mean: 0.649
Varience: 0.714514
-------------------------------
Output1 for generation 200:

Oceanic mean pheno: 4.96432
Freshwater mean pheno: -0.0817487
Mean: 0.713
Varience: 0.767398
-------------------------------
Output1 for generation 300:

Oceanic mean pheno: 8.2751
Freshwater mean pheno: -0.254063
Mean: 0.813
Varience: 0.82886
-------------------------------
Output1 for generation 400:

Oceanic mean pheno: 8.28584
Freshwater mean pheno: -0.479229
Mean: 0.872
Varience: 0.876492
-------------------------------
Output1 for generation 500:

Oceanic mean pheno: 8.18302
Freshwater mean pheno: -0.595774
Mean: 0.875
Varience: 0.788163
-------------------------------
Output1 for generation 600:

Oceanic mean pheno: 8.34962
Freshwater mean pheno: -0.978893
Mean: 1.013
Varience: 1.01785
-------------------------------
Output1 for generation 700:

Oceanic mean pheno: 8.70694
Freshwater mean pheno: -1.64357
Mean: 0.965
Varience: 0.950726
-------------------------------
Output1 for generation 800:

Oceanic mean pheno: 8.51836
Freshwater mean pheno: -2.09796
Mean: 1.021
Varience: 0.959519
-------------------------------
Output1 for generation 900:

Oceanic mean pheno: 8.71598
Freshwater mean pheno: -2.91812
Mean: 1.049
Varience: 1.03964
-------------------------------
Output1 for generation 1000:

Oceanic mean pheno: 8.75089
Freshwater mean pheno: -3.46876
Mean: 0.999
Varience: 0.993993
-------------------------------
Output1 for generation 1100:

Oceanic mean pheno: 8.86957
Freshwater mean pheno: -3.78216
Mean: 1.04
Varience: 1.10951
-------------------------------
Output1 for generation 1200:

Oceanic mean pheno: 8.60533
Freshwater mean pheno: -4.41008
Mean: 1.046
Varience: 1.02291
-------------------------------
Output1 for generation 1300:

Oceanic mean pheno: 8.6583
Freshwater mean pheno: -4.68934
Mean: 1.066
Varience: 1.02267
-------------------------------
Output1 for generation 1400:

Oceanic mean pheno: 8.69671
Freshwater mean pheno: -4.6701
Mean: 1.095
Varience: 1.08906
-------------------------------
Output1 for generation 1500:

Oceanic mean pheno: 8.3992
Freshwater mean pheno: -5.37198
Mean: 1.145
Varience: 1.08506
-------------------------------
Output1 for generation 1600:

Oceanic mean pheno: 8.93667
Freshwater mean pheno: -6.11664
Mean: 1.125
Varience: 1.11849
-------------------------------
Output1 for generation 1700:

Oceanic mean pheno: 8.82786
Freshwater mean pheno: -7.1965
Mean: 1.144
Varience: 1.2385
-------------------------------
Output1 for generation 1800:

Oceanic mean pheno: 9.07118
Freshwater mean pheno: -7.60072
Mean: 1.181
Varience: 1.16941
-------------------------------
Output1 for generation 1900:

Oceanic mean pheno: 8.94984
Freshwater mean pheno: -7.95426
Mean: 1.214
Varience: 1.24545
-------------------------------
Output1 for generation 2000:

Oceanic mean pheno: 8.93172
Freshwater mean pheno: -8.096
Mean: 1.206
Varience: 1.22679
-------------------------------
Output1 for generation 2100:

Oceanic mean pheno: 8.93725
Freshwater mean pheno: -7.961
Mean: 1.138
Varience: 1.12808
-------------------------------
Output1 for generation 2200:

Oceanic mean pheno: 8.9076
Freshwater mean pheno: -7.94894
Mean: 1.21
Varience: 1.15305
-------------------------------
Output1 for generation 2300:

Oceanic mean pheno: 8.81957
Freshwater mean pheno: -8.28877
Mean: 1.214
Varience: 1.11932
-------------------------------
Output1 for generation 2400:

Oceanic mean pheno: 8.92852
Freshwater mean pheno: -8.65652
Mean: 1.229
Varience: 1.20376
-------------------------------
Output1 for generation 2500:

Oceanic mean pheno: 8.9528
Freshwater mean pheno: -8.39987
Mean: 1.231
Varience: 1.20284
-------------------------------
Output1 for generation 2600:

Oceanic mean pheno: 8.9139
Freshwater mean pheno: -8.50092
Mean: 1.29
Varience: 1.26116
-------------------------------
Output1 for generation 2700:

Oceanic mean pheno: 8.67024
Freshwater mean pheno: -8.24268
Mean: 1.26
Varience: 1.21562
-------------------------------
Output1 for generation 2800:

Oceanic mean pheno: 8.80958
Freshwater mean pheno: -8.20735
Mean: 1.29
Varience: 1.32322
-------------------------------
Output1 for generation 2900:

Oceanic mean pheno: 8.98283
Freshwater mean pheno: -8.44064
Mean: 1.268
Varience: 1.25543
-------------------------------
Output1 for generation 3000:

Oceanic mean pheno: 9.04109
Freshwater mean pheno: -8.43118
Mean: 1.29
Varience: 1.31522
-------------------------------
Output1 for generation 3100:

Oceanic mean pheno: 8.87116
Freshwater mean pheno: -8.59786
Mean: 1.293
Varience: 1.37853
-------------------------------
Output1 for generation 3200:

Oceanic mean pheno: 8.93406
Freshwater mean pheno: -8.94328
Mean: 1.327
Varience: 1.29336
-------------------------------
Output1 for generation 3300:

Oceanic mean pheno: 8.96338
Freshwater mean pheno: -8.65574
Mean: 1.36
Varience: 1.46386
-------------------------------
Output1 for generation 3400:

Oceanic mean pheno: 9.13967
Freshwater mean pheno: -8.53987
Mean: 1.339
Varience: 1.41549
-------------------------------
Output1 for generation 3500:

Oceanic mean pheno: 9.23323
Freshwater mean pheno: -8.54898
Mean: 1.361
Varience: 1.47015
-------------------------------
Output1 for generation 3600:

Oceanic mean pheno: 9.35807
Freshwater mean pheno: -8.63452
Mean: 1.434
Varience: 1.46311
-------------------------------
Output1 for generation 3700:

Oceanic mean pheno: 9.37336
Freshwater mean pheno: -8.51911
Mean: 1.405
Varience: 1.43441
-------------------------------
Output1 for generation 3800:

Oceanic mean pheno: 9.20787
Freshwater mean pheno: -8.73893
Mean: 1.417
Varience: 1.31443
-------------------------------
Output1 for generation 3900:

Oceanic mean pheno: 9.43793
Freshwater mean pheno: -8.55657
Mean: 1.416
Varience: 1.39033
-------------------------------
Output1 for generation 4000:

Oceanic mean pheno: 9.40532
Freshwater mean pheno: -8.63866
Mean: 1.445
Varience: 1.43441
-------------------------------
Output1 for generation 4100:

Oceanic mean pheno: 9.11991
Freshwater mean pheno: -8.5748
Mean: 1.43
Varience: 1.38048
-------------------------------
Output1 for generation 4200:

Oceanic mean pheno: 8.89244
Freshwater mean pheno: -8.46353
Mean: 1.419
Varience: 1.54098
-------------------------------
Output1 for generation 4300:

Oceanic mean pheno: 9.11835
Freshwater mean pheno: -8.80712
Mean: 1.438
Varience: 1.48564
-------------------------------
Output1 for generation 4400:

Oceanic mean pheno: 9.15172
Freshwater mean pheno: -9.0305
Mean: 1.462
Varience: 1.55211
-------------------------------
Output1 for generation 4500:

Oceanic mean pheno: 8.83856
Freshwater mean pheno: -9.03092
Mean: 1.505
Varience: 1.49347
-------------------------------
Output1 for generation 4600:

Oceanic mean pheno: 8.90961
Freshwater mean pheno: -8.91024
Mean: 1.49
Varience: 1.50541
-------------------------------
Output1 for generation 4700:

Oceanic mean pheno: 8.98035
Freshwater mean pheno: -9.17424
Mean: 1.53
Varience: 1.63473
-------------------------------
Output1 for generation 4800:

Oceanic mean pheno: 8.9689
Freshwater mean pheno: -9.21788
Mean: 1.536
Varience: 1.57228
-------------------------------
Output1 for generation 4900:

Oceanic mean pheno: 9.10301
Freshwater mean pheno: -9.24394
Mean: 1.485
Varience: 1.46924
-------------------------------
Output1 for generation 5000:

Oceanic mean pheno: 9.02149
Freshwater mean pheno: -9.17952
Mean: 1.515
Varience: 1.63341
-------------------------------
Output1 for generation 5100:

Oceanic mean pheno: 8.9481
Freshwater mean pheno: -9.08513
Mean: 1.501
Varience: 1.48148
-------------------------------
Output1 for generation 5200:

Oceanic mean pheno: 8.8376
Freshwater mean pheno: -9.09918
Mean: 1.464
Varience: 1.47017
-------------------------------
Output1 for generation 5300:

Oceanic mean pheno: 9.07309
Freshwater mean pheno: -9.07479
Mean: 1.512
Varience: 1.39325
-------------------------------
Output1 for generation 5400:

Oceanic mean pheno: 8.95505
Freshwater mean pheno: -9.16528
Mean: 1.543
Varience: 1.67382
-------------------------------
Output1 for generation 5500:

Oceanic mean pheno: 8.87126
Freshwater mean pheno: -9.1554
Mean: 1.558
Varience: 1.65029
-------------------------------
Output1 for generation 5600:

Oceanic mean pheno: 8.97382
Freshwater mean pheno: -9.2027
Mean: 1.522
Varience: 1.62314
-------------------------------
Output1 for generation 5700:

Oceanic mean pheno: 8.8092
Freshwater mean pheno: -9.08206
Mean: 1.553
Varience: 1.62482
-------------------------------
Output1 for generation 5800:

Oceanic mean pheno: 9.04981
Freshwater mean pheno: -8.98308
Mean: 1.523
Varience: 1.6271
-------------------------------
Output1 for generation 5900:

Oceanic mean pheno: 8.95142
Freshwater mean pheno: -9.02588
Mean: 1.535
Varience: 1.7205
-------------------------------
Output1 for generation 6000:

Oceanic mean pheno: 8.93082
Freshwater mean pheno: -9.09479
Mean: 1.602
Varience: 1.69329
-------------------------------
Output1 for generation 6100:

Oceanic mean pheno: 8.95622
Freshwater mean pheno: -9.14361
Mean: 1.574
Varience: 1.62815
-------------------------------
Output1 for generation 6200:

Oceanic mean pheno: 9.06747
Freshwater mean pheno: -8.91148
Mean: 1.642
Varience: 1.71355
-------------------------------
Output1 for generation 6300:

Oceanic mean pheno: 8.96513
Freshwater mean pheno: -9.08768
Mean: 1.624
Varience: 1.66629
-------------------------------
Output1 for generation 6400:

Oceanic mean pheno: 8.99988
Freshwater mean pheno: -9.17908
Mean: 1.656
Varience: 1.65932
-------------------------------
Output1 for generation 6500:

Oceanic mean pheno: 9.00233
Freshwater mean pheno: -9.1374
Mean: 1.633
Varience: 1.65797
-------------------------------
Output1 for generation 6600:

Oceanic mean pheno: 9.08477
Freshwater mean pheno: -9.3685
Mean: 1.652
Varience: 1.56246
-------------------------------
Output1 for generation 6700:

Oceanic mean pheno: 9.11478
Freshwater mean pheno: -9.16739
Mean: 1.642
Varience: 1.69353
-------------------------------
Output1 for generation 6800:

Oceanic mean pheno: 8.92084
Freshwater mean pheno: -9.12134
Mean: 1.654
Varience: 1.57986
-------------------------------
Output1 for generation 6900:

Oceanic mean pheno: 8.89688
Freshwater mean pheno: -9.16564
Mean: 1.657
Varience: 1.56692
-------------------------------
Output1 for generation 7000:

Oceanic mean pheno: 8.97729
Freshwater mean pheno: -9.07493
Mean: 1.677
Varience: 1.67034
-------------------------------
Output1 for generation 7100:

Oceanic mean pheno: 8.95006
Freshwater mean pheno: -9.05846
Mean: 1.669
Varience: 1.63708
-------------------------------
Output1 for generation 7200:

Oceanic mean pheno: 9.00513
Freshwater mean pheno: -9.06077
Mean: 1.713
Varience: 1.70233
-------------------------------
Output1 for generation 7300:

Oceanic mean pheno: 9.0145
Freshwater mean pheno: -9.06353
Mean: 1.73
Varience: 1.71081
-------------------------------
Output1 for generation 7400:

Oceanic mean pheno: 9.09137
Freshwater mean pheno: -8.87095
Mean: 1.696
Varience: 1.62121
-------------------------------
Output1 for generation 7500:

Oceanic mean pheno: 9.07352
Freshwater mean pheno: -9.06078
Mean: 1.714
Varience: 1.62583
-------------------------------
Output1 for generation 7600:

Oceanic mean pheno: 9.01149
Freshwater mean pheno: -8.96732
Mean: 1.658
Varience: 1.67071
-------------------------------
Output1 for generation 7700:

Oceanic mean pheno: 9.27035
Freshwater mean pheno: -9.0108
Mean: 1.691
Varience: 1.71724
-------------------------------
Output1 for generation 7800:

Oceanic mean pheno: 9.24838
Freshwater mean pheno: -9.03606
Mean: 1.787
Varience: 1.88552
-------------------------------
Output1 for generation 7900:

Oceanic mean pheno: 9.04708
Freshwater mean pheno: -9.01472
Mean: 1.78
Varience: 1.87948
-------------------------------
Output1 for generation 8000:

Oceanic mean pheno: 9.05034
Freshwater mean pheno: -9.01257
Mean: 1.767
Varience: 1.85657
-------------------------------
Output1 for generation 8100:

Oceanic mean pheno: 9.1529
Freshwater mean pheno: -8.62541
Mean: 1.761
Varience: 1.77966
-------------------------------
Output1 for generation 8200:

Oceanic mean pheno: 9.06089
Freshwater mean pheno: -8.79391
Mean: 1.723
Varience: 1.77805
-------------------------------
Output1 for generation 8300:

Oceanic mean pheno: 9.00878
Freshwater mean pheno: -8.75923
Mean: 1.745
Varience: 1.76774
-------------------------------
Output1 for generation 8400:

Oceanic mean pheno: 9.0314
Freshwater mean pheno: -8.94492
Mean: 1.733
Varience: 1.8876
-------------------------------
Output1 for generation 8500:

Oceanic mean pheno: 9.31332
Freshwater mean pheno: -8.84598
Mean: 1.757
Varience: 1.84179
-------------------------------
Output1 for generation 8600:

Oceanic mean pheno: 9.27439
Freshwater mean pheno: -9.02841
Mean: 1.745
Varience: 1.75773
-------------------------------
Output1 for generation 8700:

Oceanic mean pheno: 9.23847
Freshwater mean pheno: -9.17944
Mean: 1.799
Varience: 1.95455
-------------------------------
Output1 for generation 8800:

Oceanic mean pheno: 9.3656
Freshwater mean pheno: -9.03171
Mean: 1.82
Varience: 1.88749
-------------------------------
Output1 for generation 8900:

Oceanic mean pheno: 9.13542
Freshwater mean pheno: -9.22559
Mean: 1.865
Varience: 1.90668
-------------------------------
Output1 for generation 9000:

Oceanic mean pheno: 9.16641
Freshwater mean pheno: -8.83583
Mean: 1.825
Varience: 1.88226
-------------------------------
Output1 for generation 9100:

Oceanic mean pheno: 9.46549
Freshwater mean pheno: -9.08829
Mean: 1.812
Varience: 1.80446
-------------------------------
Output1 for generation 9200:

Oceanic mean pheno: 9.57678
Freshwater mean pheno: -9.1129
Mean: 1.833
Varience: 1.88299
-------------------------------
Output1 for generation 9300:

Oceanic mean pheno: 9.40443
Freshwater mean pheno: -9.14845
Mean: 1.894
Varience: 1.9347
-------------------------------
Output1 for generation 9400:

Oceanic mean pheno: 9.37455
Freshwater mean pheno: -9.07385
Mean: 1.86
Varience: 1.7982
-------------------------------
Output1 for generation 9500:

Oceanic mean pheno: 9.24643
Freshwater mean pheno: -9.23603
Mean: 1.882
Varience: 1.8259
-------------------------------
Output1 for generation 9600:

Oceanic mean pheno: 9.06753
Freshwater mean pheno: -9.39636
Mean: 1.894
Varience: 1.8406
-------------------------------
Output1 for generation 9700:

Oceanic mean pheno: 9.32934
Freshwater mean pheno: -9.61795
Mean: 1.905
Varience: 1.85983
-------------------------------
Output1 for generation 9800:

Oceanic mean pheno: 9.54668
Freshwater mean pheno: -9.3282
Mean: 1.87
Varience: 1.96306
-------------------------------
Output1 for generation 9900:

Oceanic mean pheno: 9.35167
Freshwater mean pheno: -9.33954
Mean: 1.833
Varience: 1.85296
-------------------------------
Output1 for generation 10000:

Oceanic mean pheno: 9.28745
Freshwater mean pheno: -9.57059
Mean: 1.837
Varience: 1.91435
-------------------------------
Output1 for generation 10100:

Oceanic mean pheno: 9.14404
Freshwater mean pheno: -9.32351
Mean: 1.836
Varience: 1.86497
-------------------------------
Output1 for generation 10200:

Oceanic mean pheno: 9.22261
Freshwater mean pheno: -9.29954
Mean: 1.877
Varience: 1.87975
-------------------------------
Output1 for generation 10300:

Oceanic mean pheno: 9.42909
Freshwater mean pheno: -9.36928
Mean: 1.907
Varience: 2.00235
-------------------------------
Output1 for generation 10400:

Oceanic mean pheno: 9.23989
Freshwater mean pheno: -9.57764
Mean: 1.945
Varience: 1.83581
-------------------------------
Output1 for generation 10500:

Oceanic mean pheno: 9.48446
Freshwater mean pheno: -9.36042
Mean: 1.967
Varience: 1.94185
-------------------------------
Output1 for generation 10600:

Oceanic mean pheno: 9.45255
Freshwater mean pheno: -9.15163
Mean: 1.969
Varience: 1.99403
-------------------------------
Output1 for generation 10700:

Oceanic mean pheno: 9.2495
Freshwater mean pheno: -9.61795
Mean: 2.018
Varience: 1.98166
-------------------------------
Output1 for generation 10800:

Oceanic mean pheno: 9.4426
Freshwater mean pheno: -9.57295
Mean: 1.967
Varience: 2.04796
-------------------------------
Output1 for generation 10900:

Oceanic mean pheno: 9.32923
Freshwater mean pheno: -9.13244
Mean: 1.967
Varience: 1.92383
-------------------------------
Output1 for generation 11000:

Oceanic mean pheno: 9.19078
Freshwater mean pheno: -9.36825
Mean: 1.944
Varience: 1.90877
-------------------------------
Output1 for generation 11100:

Oceanic mean pheno: 9.3575
Freshwater mean pheno: -9.38558
Mean: 1.961
Varience: 1.74522
-------------------------------
Output1 for generation 11200:

Oceanic mean pheno: 9.61059
Freshwater mean pheno: -9.42131
Mean: 1.939
Varience: 1.81109
-------------------------------
Output1 for generation 11300:

Oceanic mean pheno: 9.63129
Freshwater mean pheno: -9.60061
Mean: 2.009
Varience: 1.80673
-------------------------------
Output1 for generation 11400:

Oceanic mean pheno: 9.4853
Freshwater mean pheno: -9.30482
Mean: 2.015
Varience: 1.9207
-------------------------------
Output1 for generation 11500:

Oceanic mean pheno: 9.60044
Freshwater mean pheno: -9.3698
Mean: 2.039
Varience: 2.08156
-------------------------------
Output1 for generation 11600:

Oceanic mean pheno: 9.51166
Freshwater mean pheno: -9.14767
Mean: 2
Varience: 1.96396
-------------------------------
Output1 for generation 11700:

Oceanic mean pheno: 9.59714
Freshwater mean pheno: -9.35783
Mean: 2.001
Varience: 1.97297
-------------------------------
Output1 for generation 11800:

Oceanic mean pheno: 9.57348
Freshwater mean pheno: -9.25098
Mean: 2.013
Varience: 1.90674
-------------------------------
Output1 for generation 11900:

Oceanic mean pheno: 9.65284
Freshwater mean pheno: -9.11966
Mean: 1.944
Varience: 1.82669
-------------------------------
Output1 for generation 12000:

Oceanic mean pheno: 9.51879
Freshwater mean pheno: -9.21445
Mean: 1.983
Varience: 1.88259
-------------------------------
Output1 for generation 12100:

Oceanic mean pheno: 9.3965
Freshwater mean pheno: -9.06707
Mean: 1.958
Varience: 1.97421
-------------------------------
Output1 for generation 12200:

Oceanic mean pheno: 9.58521
Freshwater mean pheno: -9.23633
Mean: 2.068
Varience: 2.01139
-------------------------------
Output1 for generation 12300:

Oceanic mean pheno: 9.54137
Freshwater mean pheno: -9.47061
Mean: 2.029
Varience: 1.93209
-------------------------------
Output1 for generation 12400:

Oceanic mean pheno: 9.65367
Freshwater mean pheno: -9.42773
Mean: 2.082
Varience: 2.06134
-------------------------------
Output1 for generation 12500:

Oceanic mean pheno: 9.5395
Freshwater mean pheno: -9.45028
Mean: 2.047
Varience: 1.97477
-------------------------------
Output1 for generation 12600:

Oceanic mean pheno: 9.50308
Freshwater mean pheno: -9.32398
Mean: 2.097
Varience: 2.02962
-------------------------------
Output1 for generation 12700:

Oceanic mean pheno: 9.41911
Freshwater mean pheno: -9.40683
Mean: 2.035
Varience: 2.0218
-------------------------------
Output1 for generation 12800:

Oceanic mean pheno: 9.36329
Freshwater mean pheno: -9.4688
Mean: 2.061
Varience: 2.08136
-------------------------------
Output1 for generation 12900:

Oceanic mean pheno: 9.50411
Freshwater mean pheno: -9.42014
Mean: 2.072
Varience: 2.23305
-------------------------------
Output1 for generation 13000:

Oceanic mean pheno: 9.38976
Freshwater mean pheno: -9.2963
Mean: 2.079
Varience: 2.0448
-------------------------------
Output1 for generation 13100:

Oceanic mean pheno: 9.35232
Freshwater mean pheno: -9.41017
Mean: 2.102
Varience: 2.18378
-------------------------------
Output1 for generation 13200:

Oceanic mean pheno: 9.66586
Freshwater mean pheno: -9.31787
Mean: 2.107
Varience: 2.29384
-------------------------------
Output1 for generation 13300:

Oceanic mean pheno: 9.4105
Freshwater mean pheno: -9.33213
Mean: 2.111
Varience: 2.08276
-------------------------------
Output1 for generation 13400:

Oceanic mean pheno: 9.38033
Freshwater mean pheno: -9.30982
Mean: 2.114
Varience: 2.14115
-------------------------------
Output1 for generation 13500:

Oceanic mean pheno: 9.54724
Freshwater mean pheno: -9.32815
Mean: 2.128
Varience: 2.07569
-------------------------------
Output1 for generation 13600:

Oceanic mean pheno: 9.69594
Freshwater mean pheno: -9.30645
Mean: 2.145
Varience: 2.16214
-------------------------------
Output1 for generation 13700:

Oceanic mean pheno: 9.8197
Freshwater mean pheno: -9.38226
Mean: 2.099
Varience: 2.21742
-------------------------------
Output1 for generation 13800:

Oceanic mean pheno: 9.70722
Freshwater mean pheno: -9.47938
Mean: 2.087
Varience: 1.96339
-------------------------------
Output1 for generation 13900:

Oceanic mean pheno: 9.80692
Freshwater mean pheno: -9.20867
Mean: 2.193
Varience: 2.15991
-------------------------------
Output1 for generation 14000:

Oceanic mean pheno: 9.67492
Freshwater mean pheno: -9.25523
Mean: 2.131
Varience: 2.07191
-------------------------------
Output1 for generation 14100:

Oceanic mean pheno: 9.50541
Freshwater mean pheno: -9.08133
Mean: 2.136
Varience: 2.10361
-------------------------------
Output1 for generation 14200:

Oceanic mean pheno: 9.40493
Freshwater mean pheno: -9.13499
Mean: 2.145
Varience: 2.17815
-------------------------------
Output1 for generation 14300:

Oceanic mean pheno: 9.45673
Freshwater mean pheno: -9.21452
Mean: 2.157
Varience: 2.16852
-------------------------------
Output1 for generation 14400:

Oceanic mean pheno: 9.59397
Freshwater mean pheno: -9.01215
Mean: 2.163
Varience: 2.1686
-------------------------------
Output1 for generation 14500:

Oceanic mean pheno: 9.43714
Freshwater mean pheno: -9.09537
Mean: 2.165
Varience: 2.18396
-------------------------------
Output1 for generation 14600:

Oceanic mean pheno: 9.34801
Freshwater mean pheno: -9.03109
Mean: 2.177
Varience: 2.20588
-------------------------------
Output1 for generation 14700:

Oceanic mean pheno: 9.62254
Freshwater mean pheno: -9.44776
Mean: 2.156
Varience: 2.10377
-------------------------------
Output1 for generation 14800:

Oceanic mean pheno: 9.25701
Freshwater mean pheno: -9.42342
Mean: 2.162
Varience: 2.11787
-------------------------------
Output1 for generation 14900:

Oceanic mean pheno: 9.31409
Freshwater mean pheno: -9.45825
Mean: 2.157
Varience: 2.1505
-------------------------------
Output1 for generation 15000:

Oceanic mean pheno: 9.13316
Freshwater mean pheno: -9.41959
Mean: 2.19
Varience: 2.24414
-------------------------------
Output1 for generation 15100:

Oceanic mean pheno: 9.23121
Freshwater mean pheno: -9.35278
Mean: 2.165
Varience: 2.16994
-------------------------------
Output1 for generation 15200:

Oceanic mean pheno: 9.21929
Freshwater mean pheno: -9.35895
Mean: 2.197
Varience: 2.12031
-------------------------------
Output1 for generation 15300:

Oceanic mean pheno: 9.30259
Freshwater mean pheno: -9.44765
Mean: 2.167
Varience: 2.0892
-------------------------------
Output1 for generation 15400:

Oceanic mean pheno: 9.39521
Freshwater mean pheno: -9.29332
Mean: 2.226
Varience: 2.1751
-------------------------------
Output1 for generation 15500:

Oceanic mean pheno: 9.05088
Freshwater mean pheno: -9.44787
Mean: 2.214
Varience: 2.14435
-------------------------------
Output1 for generation 15600:

Oceanic mean pheno: 9.5111
Freshwater mean pheno: -9.48619
Mean: 2.203
Varience: 2.25605
-------------------------------
Output1 for generation 15700:

Oceanic mean pheno: 9.41018
Freshwater mean pheno: -9.30529
Mean: 2.188
Varience: 2.11277
-------------------------------
Output1 for generation 15800:

Oceanic mean pheno: 9.47374
Freshwater mean pheno: -9.24813
Mean: 2.18
Varience: 2.25385
-------------------------------
Output1 for generation 15900:

Oceanic mean pheno: 9.53345
Freshwater mean pheno: -9.30942
Mean: 2.201
Varience: 2.20681
-------------------------------
Output1 for generation 16000:

Oceanic mean pheno: 9.33238
Freshwater mean pheno: -9.15252
Mean: 2.189
Varience: 2.09938
-------------------------------
Output1 for generation 16100:

Oceanic mean pheno: 9.2558
Freshwater mean pheno: -9.13144
Mean: 2.168
Varience: 2.25803
-------------------------------
Output1 for generation 16200:

Oceanic mean pheno: 9.15523
Freshwater mean pheno: -9.09646
Mean: 2.232
Varience: 2.18836
-------------------------------
Output1 for generation 16300:

Oceanic mean pheno: 9.59287
Freshwater mean pheno: -9.25667
Mean: 2.219
Varience: 2.10114
-------------------------------
Output1 for generation 16400:

Oceanic mean pheno: 9.69668
Freshwater mean pheno: -9.30343
Mean: 2.224
Varience: 2.19202
-------------------------------
Output1 for generation 16500:

Oceanic mean pheno: 9.66747
Freshwater mean pheno: -9.24518
Mean: 2.186
Varience: 2.23564
-------------------------------
Output1 for generation 16600:

Oceanic mean pheno: 9.14228
Freshwater mean pheno: -9.28645
Mean: 2.167
Varience: 2.28339
-------------------------------
Output1 for generation 16700:

Oceanic mean pheno: 9.01822
Freshwater mean pheno: -9.20349
Mean: 2.215
Varience: 2.25703
-------------------------------
Output1 for generation 16800:

Oceanic mean pheno: 9.27325
Freshwater mean pheno: -9.27017
Mean: 2.266
Varience: 2.3576
-------------------------------
Output1 for generation 16900:

Oceanic mean pheno: 9.29839
Freshwater mean pheno: -9.31821
Mean: 2.249
Varience: 2.27728
-------------------------------
Output1 for generation 17000:

Oceanic mean pheno: 9.33166
Freshwater mean pheno: -9.37411
Mean: 2.285
Varience: 2.25003
-------------------------------
Output1 for generation 17100:

Oceanic mean pheno: 9.24914
Freshwater mean pheno: -9.39917
Mean: 2.282
Varience: 2.23271
-------------------------------
Output1 for generation 17200:

Oceanic mean pheno: 9.02512
Freshwater mean pheno: -9.40663
Mean: 2.259
Varience: 2.12204
-------------------------------
Output1 for generation 17300:

Oceanic mean pheno: 9.48418
Freshwater mean pheno: -9.03413
Mean: 2.287
Varience: 2.28892
-------------------------------
Output1 for generation 17400:

Oceanic mean pheno: 9.33158
Freshwater mean pheno: -9.19885
Mean: 2.291
Varience: 2.37069
-------------------------------
Output1 for generation 17500:

Oceanic mean pheno: 9.23906
Freshwater mean pheno: -9.34619
Mean: 2.247
Varience: 2.22221
-------------------------------
Output1 for generation 17600:

Oceanic mean pheno: 9.11746
Freshwater mean pheno: -9.48376
Mean: 2.28
Varience: 2.1978
-------------------------------
Output1 for generation 17700:

Oceanic mean pheno: 9.38749
Freshwater mean pheno: -9.20947
Mean: 2.317
Varience: 2.23274
-------------------------------
Output1 for generation 17800:

Oceanic mean pheno: 9.36777
Freshwater mean pheno: -9.23569
Mean: 2.299
Varience: 2.32993
-------------------------------
Output1 for generation 17900:

Oceanic mean pheno: 9.34125
Freshwater mean pheno: -9.46047
Mean: 2.267
Varience: 2.32003
-------------------------------
Output1 for generation 18000:

Oceanic mean pheno: 9.20326
Freshwater mean pheno: -9.38166
Mean: 2.299
Varience: 2.38198
-------------------------------
Output1 for generation 18100:

Oceanic mean pheno: 9.05621
Freshwater mean pheno: -9.4911
Mean: 2.264
Varience: 2.10641
-------------------------------
Output1 for generation 18200:

Oceanic mean pheno: 9.21
Freshwater mean pheno: -9.38212
Mean: 2.286
Varience: 2.28449
-------------------------------
Output1 for generation 18300:

Oceanic mean pheno: 9.22897
Freshwater mean pheno: -9.67402
Mean: 2.249
Varience: 2.26326
-------------------------------
Output1 for generation 18400:

Oceanic mean pheno: 9.21893
Freshwater mean pheno: -9.67737
Mean: 2.286
Varience: 2.28249
-------------------------------
Output1 for generation 18500:

Oceanic mean pheno: 9.49009
Freshwater mean pheno: -9.4106
Mean: 2.335
Varience: 2.3271
-------------------------------
Output1 for generation 18600:

Oceanic mean pheno: 9.49599
Freshwater mean pheno: -9.13673
Mean: 2.321
Varience: 2.19616
-------------------------------
Output1 for generation 18700:

Oceanic mean pheno: 9.48029
Freshwater mean pheno: -9.16857
Mean: 2.381
Varience: 2.2641
-------------------------------
Output1 for generation 18800:

Oceanic mean pheno: 9.63881
Freshwater mean pheno: -9.33797
Mean: 2.324
Varience: 2.2793
-------------------------------
Output1 for generation 18900:

Oceanic mean pheno: 9.68388
Freshwater mean pheno: -9.56442
Mean: 2.319
Varience: 2.23347
-------------------------------
Output1 for generation 19000:

Oceanic mean pheno: 9.32194
Freshwater mean pheno: -9.25824
Mean: 2.338
Varience: 2.25001
-------------------------------
Output1 for generation 19100:

Oceanic mean pheno: 9.53693
Freshwater mean pheno: -9.52808
Mean: 2.311
Varience: 2.23852
-------------------------------
Output1 for generation 19200:

Oceanic mean pheno: 9.54664
Freshwater mean pheno: -9.37434
Mean: 2.269
Varience: 2.24088
-------------------------------
Output1 for generation 19300:

Oceanic mean pheno: 9.81144
Freshwater mean pheno: -9.19865
Mean: 2.25
Varience: 2.23173
-------------------------------
Output1 for generation 19400:

Oceanic mean pheno: 9.49132
Freshwater mean pheno: -9.18714
Mean: 2.253
Varience: 2.36135
-------------------------------
Output1 for generation 19500:

Oceanic mean pheno: 9.40561
Freshwater mean pheno: -9.30736
Mean: 2.275
Varience: 2.13551
-------------------------------
Output1 for generation 19600:

Oceanic mean pheno: 9.55205
Freshwater mean pheno: -9.39814
Mean: 2.296
Varience: 2.34873
-------------------------------
Output1 for generation 19700:

Oceanic mean pheno: 9.83144
Freshwater mean pheno: -9.28229
Mean: 2.302
Varience: 2.24704
-------------------------------
Output1 for generation 19800:

Oceanic mean pheno: 9.82807
Freshwater mean pheno: -9.39949
Mean: 2.302
Varience: 2.32712
-------------------------------
Output1 for generation 19900:

Oceanic mean pheno: 9.72739
Freshwater mean pheno: -9.30191
Mean: 2.37
Varience: 2.35746
-------------------------------
Output1 for generation 20000:

Oceanic mean pheno: 9.74687
Freshwater mean pheno: -9.26944
Mean: 2.34
Varience: 2.25265
-------------------------------
Output1 for generation 20100:

Oceanic mean pheno: 9.60294
Freshwater mean pheno: -9.69988
Mean: 2.328
Varience: 2.27469
-------------------------------
Output1 for generation 20200:

Oceanic mean pheno: 9.34886
Freshwater mean pheno: -9.23795
Mean: 2.389
Varience: 2.27595
-------------------------------
Output1 for generation 20300:

Oceanic mean pheno: 9.31255
Freshwater mean pheno: -9.50466
Mean: 2.342
Varience: 2.21926
-------------------------------
Output1 for generation 20400:

Oceanic mean pheno: 9.59704
Freshwater mean pheno: -9.37778
Mean: 2.39
Varience: 2.32222
-------------------------------
Output1 for generation 20500:

Oceanic mean pheno: 9.42964
Freshwater mean pheno: -9.0743
Mean: 2.426
Varience: 2.1727
-------------------------------
Output1 for generation 20600:

Oceanic mean pheno: 9.52129
Freshwater mean pheno: -9.27975
Mean: 2.419
Varience: 2.23768
-------------------------------
Output1 for generation 20700:

Oceanic mean pheno: 9.38544
Freshwater mean pheno: -9.22655
Mean: 2.414
Varience: 2.30291
-------------------------------
Output1 for generation 20800:

Oceanic mean pheno: 9.34197
Freshwater mean pheno: -9.51102
Mean: 2.389
Varience: 2.32
-------------------------------
Output1 for generation 20900:

Oceanic mean pheno: 9.34933
Freshwater mean pheno: -9.43919
Mean: 2.409
Varience: 2.35808
-------------------------------
Output1 for generation 21000:

Oceanic mean pheno: 9.23494
Freshwater mean pheno: -9.54379
Mean: 2.412
Varience: 2.20446
-------------------------------
Output1 for generation 21100:

Oceanic mean pheno: 9.39492
Freshwater mean pheno: -9.56586
Mean: 2.438
Varience: 2.38054
-------------------------------
Output1 for generation 21200:

Oceanic mean pheno: 9.161
Freshwater mean pheno: -9.33124
Mean: 2.441
Varience: 2.33686
-------------------------------
Output1 for generation 21300:

Oceanic mean pheno: 9.27067
Freshwater mean pheno: -9.33203
Mean: 2.445
Varience: 2.29927
-------------------------------
Output1 for generation 21400:

Oceanic mean pheno: 9.37041
Freshwater mean pheno: -9.41485
Mean: 2.424
Varience: 2.32255
-------------------------------
Output1 for generation 21500:

Oceanic mean pheno: 9.2044
Freshwater mean pheno: -9.20815
Mean: 2.456
Varience: 2.20427
-------------------------------
Output1 for generation 21600:

Oceanic mean pheno: 9.41877
Freshwater mean pheno: -9.18989
Mean: 2.44
Varience: 2.34875
-------------------------------
Output1 for generation 21700:

Oceanic mean pheno: 9.40931
Freshwater mean pheno: -9.33122
Mean: 2.45
Varience: 2.41191
-------------------------------
Output1 for generation 21800:

Oceanic mean pheno: 9.44355
Freshwater mean pheno: -9.50965
Mean: 2.514
Varience: 2.45226
-------------------------------
Output1 for generation 21900:

Oceanic mean pheno: 9.50295
Freshwater mean pheno: -9.4324
Mean: 2.466
Varience: 2.39924
-------------------------------
Output1 for generation 22000:

Oceanic mean pheno: 9.60225
Freshwater mean pheno: -9.47907
Mean: 2.495
Varience: 2.40038
-------------------------------
Output1 for generation 22100:

Oceanic mean pheno: 9.39497
Freshwater mean pheno: -9.32439
Mean: 2.541
Varience: 2.39071
-------------------------------
Output1 for generation 22200:

Oceanic mean pheno: 9.51619
Freshwater mean pheno: -9.40736
Mean: 2.531
Varience: 2.41946
-------------------------------
Output1 for generation 22300:

Oceanic mean pheno: 9.21248
Freshwater mean pheno: -9.22957
Mean: 2.591
Varience: 2.31403
-------------------------------
Output1 for generation 22400:

Oceanic mean pheno: 9.45208
Freshwater mean pheno: -9.67289
Mean: 2.579
Varience: 2.46222
-------------------------------
Output1 for generation 22500:

Oceanic mean pheno: 9.41107
Freshwater mean pheno: -9.67349
Mean: 2.493
Varience: 2.39635
-------------------------------
Output1 for generation 22600:

Oceanic mean pheno: 9.61317
Freshwater mean pheno: -9.60633
Mean: 2.496
Varience: 2.38837
-------------------------------
Output1 for generation 22700:

Oceanic mean pheno: 9.56984
Freshwater mean pheno: -9.71411
Mean: 2.508
Varience: 2.40034
-------------------------------
Output1 for generation 22800:

Oceanic mean pheno: 9.39628
Freshwater mean pheno: -9.46502
Mean: 2.552
Varience: 2.63193
-------------------------------
Output1 for generation 22900:

Oceanic mean pheno: 9.56318
Freshwater mean pheno: -9.65866
Mean: 2.546
Varience: 2.42631
-------------------------------
Output1 for generation 23000:

Oceanic mean pheno: 9.28669
Freshwater mean pheno: -9.49741
Mean: 2.595
Varience: 2.45543
-------------------------------
Output1 for generation 23100:

Oceanic mean pheno: 9.32278
Freshwater mean pheno: -9.8314
Mean: 2.566
Varience: 2.48012
-------------------------------
Output1 for generation 23200:

Oceanic mean pheno: 9.30812
Freshwater mean pheno: -9.44729
Mean: 2.635
Varience: 2.68646
-------------------------------
Output1 for generation 23300:

Oceanic mean pheno: 9.5996
Freshwater mean pheno: -9.46006
Mean: 2.592
Varience: 2.53007
-------------------------------
Output1 for generation 23400:

Oceanic mean pheno: 9.563
Freshwater mean pheno: -9.39814
Mean: 2.576
Varience: 2.54277
-------------------------------
Output1 for generation 23500:

Oceanic mean pheno: 9.52287
Freshwater mean pheno: -9.46757
Mean: 2.561
Varience: 2.56484
-------------------------------
Output1 for generation 23600:

Oceanic mean pheno: 9.54053
Freshwater mean pheno: -9.44833
Mean: 2.585
Varience: 2.38516
-------------------------------
Output1 for generation 23700:

Oceanic mean pheno: 9.66573
Freshwater mean pheno: -9.4598
Mean: 2.579
Varience: 2.47223
-------------------------------
Output1 for generation 23800:

Oceanic mean pheno: 9.66903
Freshwater mean pheno: -9.53714
Mean: 2.604
Varience: 2.62581
-------------------------------
Output1 for generation 23900:

Oceanic mean pheno: 9.33021
Freshwater mean pheno: -9.8196
Mean: 2.565
Varience: 2.50228
-------------------------------
Output1 for generation 24000:

Oceanic mean pheno: 9.6911
Freshwater mean pheno: -9.56282
Mean: 2.586
Varience: 2.62523
-------------------------------
Output1 for generation 24100:

Oceanic mean pheno: 9.49341
Freshwater mean pheno: -9.49414
Mean: 2.509
Varience: 2.74066
-------------------------------
Output1 for generation 24200:

Oceanic mean pheno: 9.52149
Freshwater mean pheno: -9.30267
Mean: 2.558
Varience: 2.65129
-------------------------------
Output1 for generation 24300:

Oceanic mean pheno: 9.54223
Freshwater mean pheno: -9.44915
Mean: 2.662
Varience: 2.86862
-------------------------------
Output1 for generation 24400:

Oceanic mean pheno: 9.89588
Freshwater mean pheno: -9.51535
Mean: 2.614
Varience: 2.75176
-------------------------------
Output1 for generation 24500:

Oceanic mean pheno: 9.79804
Freshwater mean pheno: -9.66553
Mean: 2.579
Varience: 2.66442
-------------------------------
Output1 for generation 24600:

Oceanic mean pheno: 9.88258
Freshwater mean pheno: -9.79743
Mean: 2.563
Varience: 2.4665
-------------------------------
Output1 for generation 24700:

Oceanic mean pheno: 9.4856
Freshwater mean pheno: -9.70475
Mean: 2.568
Varience: 2.63601
-------------------------------
Output1 for generation 24800:

Oceanic mean pheno: 9.50454
Freshwater mean pheno: -9.77211
Mean: 2.597
Varience: 2.78538
-------------------------------
Output1 for generation 24900:

Oceanic mean pheno: 9.506
Freshwater mean pheno: -9.74895
Mean: 2.588
Varience: 2.6469
-------------------------------
Output1 for generation 25000:

Oceanic mean pheno: 9.47238
Freshwater mean pheno: -9.47073
Mean: 2.561
Varience: 2.66695
-------------------------------
Output1 for generation 25100:

Oceanic mean pheno: 9.0956
Freshwater mean pheno: -9.54922
Mean: 2.589
Varience: 2.64072
-------------------------------
Output1 for generation 25200:

Oceanic mean pheno: 9.14045
Freshwater mean pheno: -9.60622
Mean: 2.606
Varience: 2.82359
-------------------------------
Output1 for generation 25300:

Oceanic mean pheno: 8.99179
Freshwater mean pheno: -9.60967
Mean: 2.625
Varience: 2.85923
-------------------------------
Output1 for generation 25400:

Oceanic mean pheno: 9.36096
Freshwater mean pheno: -9.65382
Mean: 2.571
Varience: 2.58354
-------------------------------
Output1 for generation 25500:

Oceanic mean pheno: 9.6413
Freshwater mean pheno: -9.5069
Mean: 2.6
Varience: 2.65465
-------------------------------
Output1 for generation 25600:

Oceanic mean pheno: 9.27063
Freshwater mean pheno: -9.67877
Mean: 2.653
Varience: 2.6132
-------------------------------
Output1 for generation 25700:

Oceanic mean pheno: 9.14215
Freshwater mean pheno: -9.68516
Mean: 2.662
Varience: 2.58634
-------------------------------
Output1 for generation 25800:

Oceanic mean pheno: 9.50343
Freshwater mean pheno: -10.1128
Mean: 2.643
Varience: 2.61617
-------------------------------
Output1 for generation 25900:

Oceanic mean pheno: 9.5549
Freshwater mean pheno: -10.1181
Mean: 2.639
Varience: 2.80348
-------------------------------
Output1 for generation 26000:

Oceanic mean pheno: 9.67663
Freshwater mean pheno: -9.78683
Mean: 2.602
Varience: 2.71231
-------------------------------
Output1 for generation 26100:

Oceanic mean pheno: 9.52824
Freshwater mean pheno: -9.81952
Mean: 2.642
Varience: 2.63047
-------------------------------
Output1 for generation 26200:

Oceanic mean pheno: 9.87036
Freshwater mean pheno: -9.97157
Mean: 2.623
Varience: 2.70558
-------------------------------
Output1 for generation 26300:

Oceanic mean pheno: 9.74316
Freshwater mean pheno: -9.95722
Mean: 2.59
Varience: 2.72663
-------------------------------
Output1 for generation 26400:

Oceanic mean pheno: 9.78299
Freshwater mean pheno: -10.0298
Mean: 2.601
Varience: 2.72853
-------------------------------
Output1 for generation 26500:

Oceanic mean pheno: 9.42254
Freshwater mean pheno: -9.67857
Mean: 2.631
Varience: 2.62346
-------------------------------
Output1 for generation 26600:

Oceanic mean pheno: 9.54421
Freshwater mean pheno: -9.87142
Mean: 2.645
Varience: 2.7297
-------------------------------
Output1 for generation 26700:

Oceanic mean pheno: 9.66987
Freshwater mean pheno: -9.68612
Mean: 2.613
Varience: 2.70594
-------------------------------
Output1 for generation 26800:

Oceanic mean pheno: 9.75135
Freshwater mean pheno: -9.52365
Mean: 2.614
Varience: 2.7958
-------------------------------
Output1 for generation 26900:

Oceanic mean pheno: 9.8578
Freshwater mean pheno: -9.36293
Mean: 2.694
Varience: 2.7311
-------------------------------
Output1 for generation 27000:

Oceanic mean pheno: 10.0463
Freshwater mean pheno: -9.43873
Mean: 2.695
Varience: 2.86684
-------------------------------
Output1 for generation 27100:

Oceanic mean pheno: 9.64244
Freshwater mean pheno: -9.41884
Mean: 2.685
Varience: 3.05483
-------------------------------
Output1 for generation 27200:

Oceanic mean pheno: 9.65149
Freshwater mean pheno: -9.37473
Mean: 2.684
Varience: 2.88303
-------------------------------
Output1 for generation 27300:

Oceanic mean pheno: 9.42622
Freshwater mean pheno: -9.2919
Mean: 2.712
Varience: 2.75581
-------------------------------
Output1 for generation 27400:

Oceanic mean pheno: 9.30166
Freshwater mean pheno: -9.37085
Mean: 2.687
Varience: 2.93196
-------------------------------
Output1 for generation 27500:

Oceanic mean pheno: 9.51542
Freshwater mean pheno: -9.19549
Mean: 2.665
Varience: 2.80958
-------------------------------
Output1 for generation 27600:

Oceanic mean pheno: 9.51919
Freshwater mean pheno: -9.35417
Mean: 2.666
Varience: 2.93538
-------------------------------
Output1 for generation 27700:

Oceanic mean pheno: 9.63069
Freshwater mean pheno: -9.32037
Mean: 2.686
Varience: 2.75416
-------------------------------
Output1 for generation 27800:

Oceanic mean pheno: 9.56578
Freshwater mean pheno: -9.24369
Mean: 2.673
Varience: 2.65272
-------------------------------
Output1 for generation 27900:

Oceanic mean pheno: 9.71221
Freshwater mean pheno: -9.22906
Mean: 2.641
Varience: 2.81293
-------------------------------
Output1 for generation 28000:

Oceanic mean pheno: 9.47172
Freshwater mean pheno: -8.95463
Mean: 2.658
Varience: 2.68172
-------------------------------
Output1 for generation 28100:

Oceanic mean pheno: 9.62429
Freshwater mean pheno: -9.07163
Mean: 2.668
Varience: 2.77055
-------------------------------
Output1 for generation 28200:

Oceanic mean pheno: 9.79815
Freshwater mean pheno: -8.91963
Mean: 2.64
Varience: 2.90931
-------------------------------
Output1 for generation 28300:

Oceanic mean pheno: 9.87886
Freshwater mean pheno: -9.05309
Mean: 2.659
Varience: 2.78951
-------------------------------
Output1 for generation 28400:

Oceanic mean pheno: 9.70725
Freshwater mean pheno: -8.99891
Mean: 2.658
Varience: 2.95199
-------------------------------
Output1 for generation 28500:

Oceanic mean pheno: 9.74483
Freshwater mean pheno: -9.08958
Mean: 2.626
Varience: 2.95508
-------------------------------
Output1 for generation 28600:

Oceanic mean pheno: 9.74277
Freshwater mean pheno: -9.11667
Mean: 2.704
Varience: 3.07346
-------------------------------
Output1 for generation 28700:

Oceanic mean pheno: 9.56099
Freshwater mean pheno: -9.21825
Mean: 2.686
Varience: 3.00241
-------------------------------
Output1 for generation 28800:

Oceanic mean pheno: 9.073
Freshwater mean pheno: -9.14704
Mean: 2.7
Varience: 2.997
-------------------------------
Output1 for generation 28900:

Oceanic mean pheno: 9.25614
Freshwater mean pheno: -9.42797
Mean: 2.673
Varience: 3.04111
-------------------------------
Output1 for generation 29000:

Oceanic mean pheno: 9.32411
Freshwater mean pheno: -9.49166
Mean: 2.753
Varience: 3.07507
-------------------------------
Output1 for generation 29100:

Oceanic mean pheno: 9.35056
Freshwater mean pheno: -9.54987
Mean: 2.786
Varience: 3.02323
-------------------------------
Output1 for generation 29200:

Oceanic mean pheno: 9.55242
Freshwater mean pheno: -9.54234
Mean: 2.775
Varience: 2.9293
-------------------------------
Output1 for generation 29300:

Oceanic mean pheno: 9.50475
Freshwater mean pheno: -9.51946
Mean: 2.787
Varience: 2.98261
-------------------------------
Output1 for generation 29400:

Oceanic mean pheno: 9.43758
Freshwater mean pheno: -9.28554
Mean: 2.735
Varience: 2.99177
-------------------------------
Output1 for generation 29500:

Oceanic mean pheno: 9.70088
Freshwater mean pheno: -9.39607
Mean: 2.744
Varience: 2.98145
-------------------------------
Output1 for generation 29600:

Oceanic mean pheno: 9.75065
Freshwater mean pheno: -9.46784
Mean: 2.696
Varience: 2.89648
-------------------------------
Output1 for generation 29700:

Oceanic mean pheno: 9.41196
Freshwater mean pheno: -9.38119
Mean: 2.728
Varience: 3.05507
-------------------------------
Output1 for generation 29800:

Oceanic mean pheno: 9.63187
Freshwater mean pheno: -9.38746
Mean: 2.779
Varience: 3.0412
-------------------------------
Output1 for generation 29900:

Oceanic mean pheno: 9.63714
Freshwater mean pheno: -9.35537
Mean: 2.766
Varience: 2.91216
-------------------------------
Output1 for generation 30000:

Oceanic mean pheno: 9.48114
Freshwater mean pheno: -9.49684
Mean: 2.738
Varience: 3.18054
-------------------------------
Output1 for generation 30100:

Oceanic mean pheno: 9.25927
Freshwater mean pheno: -9.3811
Mean: 2.747
Varience: 2.99398
-------------------------------
Output1 for generation 30200:

Oceanic mean pheno: 9.52823
Freshwater mean pheno: -9.44678
Mean: 2.684
Varience: 2.99514
-------------------------------
Output1 for generation 30300:

Oceanic mean pheno: 9.78407
Freshwater mean pheno: -9.29245
Mean: 2.747
Varience: 3.06806
-------------------------------
Output1 for generation 30400:

Oceanic mean pheno: 9.90677
Freshwater mean pheno: -9.30625
Mean: 2.749
Varience: 2.9009
-------------------------------
Output1 for generation 30500:

Oceanic mean pheno: 9.7232
Freshwater mean pheno: -9.43069
Mean: 2.796
Varience: 3.03342
-------------------------------
Output1 for generation 30600:

Oceanic mean pheno: 9.26615
Freshwater mean pheno: -9.32992
Mean: 2.762
Varience: 3.0444
-------------------------------
Output1 for generation 30700:

Oceanic mean pheno: 9.38515
Freshwater mean pheno: -9.09518
Mean: 2.768
Varience: 3.13331
-------------------------------
Output1 for generation 30800:

Oceanic mean pheno: 9.53092
Freshwater mean pheno: -9.07523
Mean: 2.761
Varience: 2.95483
-------------------------------
Output1 for generation 30900:

Oceanic mean pheno: 9.25427
Freshwater mean pheno: -9.00362
Mean: 2.751
Varience: 2.99199
-------------------------------
Output1 for generation 31000:

Oceanic mean pheno: 9.28715
Freshwater mean pheno: -9.08541
Mean: 2.757
Varience: 3.053
-------------------------------
Output1 for generation 31100:

Oceanic mean pheno: 9.50833
Freshwater mean pheno: -9.00153
Mean: 2.825
Varience: 2.81119
-------------------------------
Output1 for generation 31200:

Oceanic mean pheno: 9.33808
Freshwater mean pheno: -9.02636
Mean: 2.819
Varience: 2.9572
-------------------------------
Output1 for generation 31300:

Oceanic mean pheno: 9.59963
Freshwater mean pheno: -9.16783
Mean: 2.859
Varience: 3.03616
-------------------------------
Output1 for generation 31400:

Oceanic mean pheno: 9.33442
Freshwater mean pheno: -9.02992
Mean: 2.874
Varience: 3.06719
-------------------------------
Output1 for generation 31500:

Oceanic mean pheno: 9.20711
Freshwater mean pheno: -9.04811
Mean: 2.833
Varience: 3.10622
-------------------------------
Output1 for generation 31600:

Oceanic mean pheno: 9.32516
Freshwater mean pheno: -8.97232
Mean: 2.795
Varience: 2.85183
-------------------------------
Output1 for generation 31700:

Oceanic mean pheno: 9.58477
Freshwater mean pheno: -9.36011
Mean: 2.806
Varience: 3.05542
-------------------------------
Output1 for generation 31800:

Oceanic mean pheno: 9.70323
Freshwater mean pheno: -9.41433
Mean: 2.829
Varience: 2.90266
-------------------------------
Output1 for generation 31900:

Oceanic mean pheno: 9.3199
Freshwater mean pheno: -9.54899
Mean: 2.855
Varience: 3.09707
-------------------------------
Output1 for generation 32000:

Oceanic mean pheno: 9.47423
Freshwater mean pheno: -9.39218
Mean: 2.836
Varience: 3.14225
-------------------------------
Output1 for generation 32100:

Oceanic mean pheno: 9.49562
Freshwater mean pheno: -9.46024
Mean: 2.803
Varience: 2.87306
-------------------------------
Output1 for generation 32200:

Oceanic mean pheno: 9.30478
Freshwater mean pheno: -9.51074
Mean: 2.827
Varience: 2.96203
-------------------------------
Output1 for generation 32300:

Oceanic mean pheno: 9.11402
Freshwater mean pheno: -9.686
Mean: 2.826
Varience: 3.04076
-------------------------------
Output1 for generation 32400:

Oceanic mean pheno: 9.36753
Freshwater mean pheno: -9.72992
Mean: 2.861
Varience: 3.23491
-------------------------------
Output1 for generation 32500:

Oceanic mean pheno: 9.50707
Freshwater mean pheno: -9.40163
Mean: 2.851
Varience: 3.07587
-------------------------------
Output1 for generation 32600:

Oceanic mean pheno: 9.34915
Freshwater mean pheno: -9.47654
Mean: 2.906
Varience: 3.10227
-------------------------------
Output1 for generation 32700:

Oceanic mean pheno: 9.57682
Freshwater mean pheno: -9.41251
Mean: 2.842
Varience: 3.09413
-------------------------------
Output1 for generation 32800:

Oceanic mean pheno: 9.68932
Freshwater mean pheno: -9.4391
Mean: 2.849
Varience: 3.04725
-------------------------------
Output1 for generation 32900:

Oceanic mean pheno: 9.58186
Freshwater mean pheno: -9.2861
Mean: 2.831
Varience: 3.11355
-------------------------------
Output1 for generation 33000:

Oceanic mean pheno: 9.28877
Freshwater mean pheno: -9.38717
Mean: 2.788
Varience: 3.0441
-------------------------------
Output1 for generation 33100:

Oceanic mean pheno: 9.4965
Freshwater mean pheno: -9.58015
Mean: 2.859
Varience: 3.05417
-------------------------------
Output1 for generation 33200:

Oceanic mean pheno: 9.15007
Freshwater mean pheno: -9.42296
Mean: 2.819
Varience: 2.93317
-------------------------------
Output1 for generation 33300:

Oceanic mean pheno: 9.22769
Freshwater mean pheno: -9.45629
Mean: 2.822
Varience: 2.90122
-------------------------------
Output1 for generation 33400:

Oceanic mean pheno: 9.2754
Freshwater mean pheno: -9.54651
Mean: 2.848
Varience: 2.99589
-------------------------------
Output1 for generation 33500:

Oceanic mean pheno: 9.46277
Freshwater mean pheno: -9.45387
Mean: 2.859
Varience: 2.93205
-------------------------------
Output1 for generation 33600:

Oceanic mean pheno: 9.50888
Freshwater mean pheno: -9.39502
Mean: 2.821
Varience: 3.044
-------------------------------
Output1 for generation 33700:

Oceanic mean pheno: 9.2799
Freshwater mean pheno: -9.37068
Mean: 2.86
Varience: 3.10751
-------------------------------
Output1 for generation 33800:

Oceanic mean pheno: 9.37525
Freshwater mean pheno: -9.26865
Mean: 2.873
Varience: 3.132
-------------------------------
Output1 for generation 33900:

Oceanic mean pheno: 9.54927
Freshwater mean pheno: -9.25266
Mean: 2.872
Varience: 3.12874
-------------------------------
Output1 for generation 34000:

Oceanic mean pheno: 9.59728
Freshwater mean pheno: -9.13157
Mean: 2.857
Varience: 3.03759
-------------------------------
Output1 for generation 34100:

Oceanic mean pheno: 9.55637
Freshwater mean pheno: -9.20552
Mean: 2.815
Varience: 3.06984
-------------------------------
Output1 for generation 34200:

Oceanic mean pheno: 9.27242
Freshwater mean pheno: -9.24936
Mean: 2.85
Varience: 2.93443
-------------------------------
Output1 for generation 34300:

Oceanic mean pheno: 9.30448
Freshwater mean pheno: -9.1356
Mean: 2.866
Varience: 3.19124
-------------------------------
Output1 for generation 34400:

Oceanic mean pheno: 9.41192
Freshwater mean pheno: -9.00443
Mean: 2.918
Varience: 3.14242
-------------------------------
Output1 for generation 34500:

Oceanic mean pheno: 9.47838
Freshwater mean pheno: -9.02311
Mean: 2.868
Varience: 3.14772
-------------------------------
Output1 for generation 34600:

Oceanic mean pheno: 9.45541
Freshwater mean pheno: -9.0799
Mean: 2.84
Varience: 3.00941
-------------------------------
Output1 for generation 34700:

Oceanic mean pheno: 9.13598
Freshwater mean pheno: -9.17698
Mean: 2.889
Varience: 3.10378
-------------------------------
Output1 for generation 34800:

Oceanic mean pheno: 9.18989
Freshwater mean pheno: -8.87445
Mean: 2.89
Varience: 3.103
-------------------------------
Output1 for generation 34900:

Oceanic mean pheno: 9.28943
Freshwater mean pheno: -8.98318
Mean: 2.845
Varience: 2.88186
-------------------------------
Output1 for generation 35000:

Oceanic mean pheno: 9.328
Freshwater mean pheno: -8.95016
Mean: 2.841
Varience: 3.13686
-------------------------------
Output1 for generation 35100:

Oceanic mean pheno: 9.02394
Freshwater mean pheno: -8.94602
Mean: 2.842
Varience: 2.966
-------------------------------
Output1 for generation 35200:

Oceanic mean pheno: 9.22328
Freshwater mean pheno: -8.74231
Mean: 2.882
Varience: 3.05313
-------------------------------
Output1 for generation 35300:

Oceanic mean pheno: 9.21697
Freshwater mean pheno: -8.87294
Mean: 2.888
Varience: 3.12658
-------------------------------
Output1 for generation 35400:

Oceanic mean pheno: 9.36659
Freshwater mean pheno: -9.09964
Mean: 2.901
Varience: 3.14234
-------------------------------
Output1 for generation 35500:

Oceanic mean pheno: 9.25484
Freshwater mean pheno: -9.06841
Mean: 2.946
Varience: 3.06815
-------------------------------
Output1 for generation 35600:

Oceanic mean pheno: 9.21168
Freshwater mean pheno: -9.22501
Mean: 2.913
Varience: 3.14057
-------------------------------
Output1 for generation 35700:

Oceanic mean pheno: 9.2328
Freshwater mean pheno: -9.36525
Mean: 2.926
Varience: 3.22575
-------------------------------
Output1 for generation 35800:

Oceanic mean pheno: 9.3677
Freshwater mean pheno: -9.33256
Mean: 2.894
Varience: 3.25602
-------------------------------
Output1 for generation 35900:

Oceanic mean pheno: 9.27458
Freshwater mean pheno: -9.27871
Mean: 2.948
Varience: 3.26656
-------------------------------
Output1 for generation 36000:

Oceanic mean pheno: 9.19247
Freshwater mean pheno: -9.24027
Mean: 2.877
Varience: 3.18906
-------------------------------
Output1 for generation 36100:

Oceanic mean pheno: 8.99304
Freshwater mean pheno: -9.19463
Mean: 2.849
Varience: 2.97517
-------------------------------
Output1 for generation 36200:

Oceanic mean pheno: 9.09973
Freshwater mean pheno: -9.28299
Mean: 2.877
Varience: 2.94482
-------------------------------
Output1 for generation 36300:

Oceanic mean pheno: 9.29873
Freshwater mean pheno: -9.25801
Mean: 2.897
Varience: 3.15154
-------------------------------
Output1 for generation 36400:

Oceanic mean pheno: 9.36214
Freshwater mean pheno: -9.26206
Mean: 2.919
Varience: 3.09353
-------------------------------
Output1 for generation 36500:

Oceanic mean pheno: 9.33395
Freshwater mean pheno: -9.16944
Mean: 2.945
Varience: 3.24522
-------------------------------
Output1 for generation 36600:

Oceanic mean pheno: 9.33282
Freshwater mean pheno: -9.34452
Mean: 2.974
Varience: 3.12845
-------------------------------
Output1 for generation 36700:

Oceanic mean pheno: 9.50702
Freshwater mean pheno: -9.19054
Mean: 2.937
Varience: 3.19222
-------------------------------
Output1 for generation 36800:

Oceanic mean pheno: 9.3796
Freshwater mean pheno: -9.06231
Mean: 2.973
Varience: 3.28355
-------------------------------
Output1 for generation 36900:

Oceanic mean pheno: 9.22024
Freshwater mean pheno: -9.18477
Mean: 3.003
Varience: 3.35034
-------------------------------
Output1 for generation 37000:

Oceanic mean pheno: 9.28061
Freshwater mean pheno: -9.24452
Mean: 3.021
Varience: 3.32989
-------------------------------
Output1 for generation 37100:

Oceanic mean pheno: 9.51135
Freshwater mean pheno: -9.20008
Mean: 3.059
Varience: 3.31483
-------------------------------
Output1 for generation 37200:

Oceanic mean pheno: 9.38089
Freshwater mean pheno: -9.2471
Mean: 2.986
Varience: 3.22103
-------------------------------
Output1 for generation 37300:

Oceanic mean pheno: 9.37478
Freshwater mean pheno: -9.30392
Mean: 2.973
Varience: 3.35763
-------------------------------
Output1 for generation 37400:

Oceanic mean pheno: 9.42137
Freshwater mean pheno: -9.01686
Mean: 2.98
Varience: 3.54515
-------------------------------
Output1 for generation 37500:

Oceanic mean pheno: 9.23841
Freshwater mean pheno: -9.17038
Mean: 2.996
Varience: 3.57156
-------------------------------
Output1 for generation 37600:

Oceanic mean pheno: 9.243
Freshwater mean pheno: -9.2018
Mean: 2.947
Varience: 3.53773
-------------------------------
Output1 for generation 37700:

Oceanic mean pheno: 9.15801
Freshwater mean pheno: -9.10847
Mean: 2.981
Varience: 3.47011
-------------------------------
Output1 for generation 37800:

Oceanic mean pheno: 9.32827
Freshwater mean pheno: -9.03461
Mean: 2.978
Varience: 3.48901
-------------------------------
Output1 for generation 37900:

Oceanic mean pheno: 9.04793
Freshwater mean pheno: -8.94848
Mean: 3.006
Varience: 3.21118
-------------------------------
Output1 for generation 38000:

Oceanic mean pheno: 9.02986
Freshwater mean pheno: -9.26523
Mean: 2.99
Varience: 3.27117
-------------------------------
Output1 for generation 38100:

Oceanic mean pheno: 8.98025
Freshwater mean pheno: -9.06591
Mean: 2.986
Varience: 3.46527
-------------------------------
Output1 for generation 38200:

Oceanic mean pheno: 9.13345
Freshwater mean pheno: -9.095
Mean: 2.958
Varience: 3.44568
-------------------------------
Output1 for generation 38300:

Oceanic mean pheno: 9.19187
Freshwater mean pheno: -9.13725
Mean: 3.006
Varience: 3.38135
-------------------------------
Output1 for generation 38400:

Oceanic mean pheno: 8.99896
Freshwater mean pheno: -9.22894
Mean: 2.995
Varience: 3.6206
-------------------------------
Output1 for generation 38500:

Oceanic mean pheno: 9.14656
Freshwater mean pheno: -9.40778
Mean: 2.996
Varience: 3.54753
-------------------------------
Output1 for generation 38600:

Oceanic mean pheno: 9.09057
Freshwater mean pheno: -9.2593
Mean: 2.976
Varience: 3.44287
-------------------------------
Output1 for generation 38700:

Oceanic mean pheno: 9.13124
Freshwater mean pheno: -9.18123
Mean: 3.01
Varience: 3.36927
-------------------------------
Output1 for generation 38800:

Oceanic mean pheno: 8.94823
Freshwater mean pheno: -9.27588
Mean: 3.018
Varience: 3.35103
-------------------------------
Output1 for generation 38900:

Oceanic mean pheno: 9.16308
Freshwater mean pheno: -9.03422
Mean: 2.997
Varience: 3.32632
-------------------------------
Output1 for generation 39000:

Oceanic mean pheno: 9.33614
Freshwater mean pheno: -9.18596
Mean: 3.003
Varience: 3.3103
-------------------------------
Output1 for generation 39100:

Oceanic mean pheno: 9.20198
Freshwater mean pheno: -9.25764
Mean: 3.059
Varience: 3.45097
-------------------------------
Output1 for generation 39200:

Oceanic mean pheno: 9.17932
Freshwater mean pheno: -9.1808
Mean: 2.986
Varience: 3.33314
-------------------------------
Output1 for generation 39300:

Oceanic mean pheno: 9.29575
Freshwater mean pheno: -9.11146
Mean: 3.076
Varience: 3.48371
-------------------------------
Output1 for generation 39400:

Oceanic mean pheno: 9.39419
Freshwater mean pheno: -9.40088
Mean: 3.058
Varience: 3.30394
-------------------------------
Output1 for generation 39500:

Oceanic mean pheno: 9.46612
Freshwater mean pheno: -8.97297
Mean: 3.058
Varience: 3.27992
-------------------------------
Output1 for generation 39600:

Oceanic mean pheno: 9.20159
Freshwater mean pheno: -9.18861
Mean: 3.086
Varience: 3.41402
-------------------------------
Output1 for generation 39700:

Oceanic mean pheno: 9.23579
Freshwater mean pheno: -9.35462
Mean: 3.081
Varience: 3.29173
-------------------------------
Output1 for generation 39800:

Oceanic mean pheno: 9.27498
Freshwater mean pheno: -9.09896
Mean: 3.091
Varience: 3.51824
-------------------------------
Output1 for generation 39900:

Oceanic mean pheno: 9.23502
Freshwater mean pheno: -8.95654
Mean: 3.074
Varience: 3.39792
-------------------------------
Output1 for generation 40000:

Oceanic mean pheno: 9.39345
Freshwater mean pheno: -8.83253
Mean: 3.045
Varience: 3.37835
-------------------------------
Output1 for generation 40100:

Oceanic mean pheno: 9.57563
Freshwater mean pheno: -8.69784
Mean: 3.082
Varience: 3.47075
-------------------------------
Output1 for generation 40200:

Oceanic mean pheno: 9.30207
Freshwater mean pheno: -8.74048
Mean: 3.091
Varience: 3.39411
-------------------------------
Output1 for generation 40300:

Oceanic mean pheno: 9.71743
Freshwater mean pheno: -8.71812
Mean: 3.1
Varience: 3.4995
-------------------------------
Output1 for generation 40400:

Oceanic mean pheno: 9.35134
Freshwater mean pheno: -8.9494
Mean: 3.115
Varience: 3.44522
-------------------------------
Output1 for generation 40500:

Oceanic mean pheno: 9.54994
Freshwater mean pheno: -8.79952
Mean: 3.137
Varience: 3.45368
-------------------------------
Output1 for generation 40600:

Oceanic mean pheno: 9.70189
Freshwater mean pheno: -8.68819
Mean: 3.101
Varience: 3.46226
-------------------------------
Output1 for generation 40700:

Oceanic mean pheno: 9.7485
Freshwater mean pheno: -8.80798
Mean: 3.124
Varience: 3.378
-------------------------------
Output1 for generation 40800:

Oceanic mean pheno: 9.42161
Freshwater mean pheno: -8.66101
Mean: 3.184
Varience: 3.50965
-------------------------------
Output1 for generation 40900:

Oceanic mean pheno: 9.55649
Freshwater mean pheno: -8.56918
Mean: 3.139
Varience: 3.53121
-------------------------------
Output1 for generation 41000:

Oceanic mean pheno: 9.58671
Freshwater mean pheno: -8.74784
Mean: 3.134
Varience: 3.41546
-------------------------------
Output1 for generation 41100:

Oceanic mean pheno: 9.47632
Freshwater mean pheno: -8.7075
Mean: 3.099
Varience: 3.4967
-------------------------------
Output1 for generation 41200:

Oceanic mean pheno: 9.37408
Freshwater mean pheno: -8.75557
Mean: 3.138
Varience: 3.55451
-------------------------------
Output1 for generation 41300:

Oceanic mean pheno: 8.98499
Freshwater mean pheno: -8.73281
Mean: 3.161
Varience: 3.65473
-------------------------------
Output1 for generation 41400:

Oceanic mean pheno: 9.14973
Freshwater mean pheno: -8.56436
Mean: 3.16
Varience: 3.64605
-------------------------------
Output1 for generation 41500:

Oceanic mean pheno: 9.54225
Freshwater mean pheno: -8.66137
Mean: 3.15
Varience: 3.52102
-------------------------------
Output1 for generation 41600:

Oceanic mean pheno: 9.53256
Freshwater mean pheno: -8.45124
Mean: 3.174
Varience: 3.30503
-------------------------------
Output1 for generation 41700:

Oceanic mean pheno: 9.72017
Freshwater mean pheno: -8.60509
Mean: 3.2
Varience: 3.73774
-------------------------------
Output1 for generation 41800:

Oceanic mean pheno: 9.73518
Freshwater mean pheno: -8.82239
Mean: 3.28
Varience: 3.70931
-------------------------------
Output1 for generation 41900:

Oceanic mean pheno: 9.97023
Freshwater mean pheno: -8.94217
Mean: 3.268
Varience: 3.66584
-------------------------------
Output1 for generation 42000:

Oceanic mean pheno: 9.84515
Freshwater mean pheno: -9.05934
Mean: 3.22
Varience: 3.42903
-------------------------------
Output1 for generation 42100:

Oceanic mean pheno: 9.69575
Freshwater mean pheno: -9.00374
Mean: 3.209
Varience: 3.59091
-------------------------------
Output1 for generation 42200:

Oceanic mean pheno: 9.94852
Freshwater mean pheno: -8.95212
Mean: 3.223
Varience: 3.49877
-------------------------------
Output1 for generation 42300:

Oceanic mean pheno: 9.89778
Freshwater mean pheno: -9.09052
Mean: 3.2
Varience: 3.47548
-------------------------------
Output1 for generation 42400:

Oceanic mean pheno: 9.3099
Freshwater mean pheno: -9.16842
Mean: 3.181
Varience: 3.55579
-------------------------------
Output1 for generation 42500:

Oceanic mean pheno: 9.54861
Freshwater mean pheno: -9.18985
Mean: 3.228
Varience: 3.59561
-------------------------------
Output1 for generation 42600:

Oceanic mean pheno: 9.80915
Freshwater mean pheno: -9.28509
Mean: 3.215
Varience: 3.59437
-------------------------------
Output1 for generation 42700:

Oceanic mean pheno: 9.72369
Freshwater mean pheno: -9.16203
Mean: 3.236
Varience: 3.53984
-------------------------------
Output1 for generation 42800:

Oceanic mean pheno: 9.69197
Freshwater mean pheno: -9.3034
Mean: 3.275
Varience: 3.73511
-------------------------------
Output1 for generation 42900:

Oceanic mean pheno: 9.7737
Freshwater mean pheno: -9.1535
Mean: 3.209
Varience: 3.53686
-------------------------------
Output1 for generation 43000:

Oceanic mean pheno: 9.71861
Freshwater mean pheno: -9.12408
Mean: 3.263
Varience: 3.65148
-------------------------------
Output1 for generation 43100:

Oceanic mean pheno: 9.60726
Freshwater mean pheno: -9.38716
Mean: 3.281
Varience: 3.51355
-------------------------------
Output1 for generation 43200:

Oceanic mean pheno: 9.74955
Freshwater mean pheno: -9.28667
Mean: 3.27
Varience: 3.64074
-------------------------------
Output1 for generation 43300:

Oceanic mean pheno: 9.62307
Freshwater mean pheno: -9.41393
Mean: 3.246
Varience: 3.79728
-------------------------------
Output1 for generation 43400:

Oceanic mean pheno: 9.39165
Freshwater mean pheno: -9.02746
Mean: 3.243
Varience: 3.53148
-------------------------------
Output1 for generation 43500:

Oceanic mean pheno: 9.44824
Freshwater mean pheno: -9.19166
Mean: 3.229
Varience: 3.65421
-------------------------------
Output1 for generation 43600:

Oceanic mean pheno: 9.44418
Freshwater mean pheno: -9.07963
Mean: 3.278
Varience: 3.71443
-------------------------------
Output1 for generation 43700:

Oceanic mean pheno: 9.41011
Freshwater mean pheno: -9.2424
Mean: 3.272
Varience: 3.75978
-------------------------------
Output1 for generation 43800:

Oceanic mean pheno: 9.32584
Freshwater mean pheno: -9.22683
Mean: 3.259
Varience: 3.66358
-------------------------------
Output1 for generation 43900:

Oceanic mean pheno: 9.58656
Freshwater mean pheno: -9.09497
Mean: 3.292
Varience: 3.68442
-------------------------------
Output1 for generation 44000:

Oceanic mean pheno: 9.28189
Freshwater mean pheno: -9.06775
Mean: 3.248
Varience: 3.64014
-------------------------------
Output1 for generation 44100:

Oceanic mean pheno: 9.41949
Freshwater mean pheno: -9.11632
Mean: 3.221
Varience: 3.53169
-------------------------------
Output1 for generation 44200:

Oceanic mean pheno: 9.63545
Freshwater mean pheno: -9.24585
Mean: 3.227
Varience: 3.67515
-------------------------------
Output1 for generation 44300:

Oceanic mean pheno: 9.69648
Freshwater mean pheno: -9.274
Mean: 3.224
Varience: 3.45128
-------------------------------
Output1 for generation 44400:

Oceanic mean pheno: 9.5958
Freshwater mean pheno: -9.16488
Mean: 3.233
Varience: 3.63435
-------------------------------
Output1 for generation 44500:

Oceanic mean pheno: 9.27085
Freshwater mean pheno: -9.23749
Mean: 3.239
Varience: 3.66354
-------------------------------
Output1 for generation 44600:

Oceanic mean pheno: 9.59311
Freshwater mean pheno: -9.26896
Mean: 3.26
Varience: 3.63403
-------------------------------
Output1 for generation 44700:

Oceanic mean pheno: 9.28432
Freshwater mean pheno: -9.2128
Mean: 3.208
Varience: 3.68242
-------------------------------
Output1 for generation 44800:

Oceanic mean pheno: 9.48091
Freshwater mean pheno: -9.37107
Mean: 3.213
Varience: 3.72335
-------------------------------
Output1 for generation 44900:

Oceanic mean pheno: 9.48651
Freshwater mean pheno: -9.43148
Mean: 3.225
Varience: 3.59797
-------------------------------
Output1 for generation 45000:

Oceanic mean pheno: 9.36058
Freshwater mean pheno: -9.38802
Mean: 3.257
Varience: 3.52648
-------------------------------
Output1 for generation 45100:

Oceanic mean pheno: 9.62386
Freshwater mean pheno: -9.15089
Mean: 3.276
Varience: 3.41124
-------------------------------
Output1 for generation 45200:

Oceanic mean pheno: 9.58502
Freshwater mean pheno: -9.13237
Mean: 3.276
Varience: 3.64147
-------------------------------
Output1 for generation 45300:

Oceanic mean pheno: 9.56986
Freshwater mean pheno: -9.03563
Mean: 3.341
Varience: 3.67039
-------------------------------
Output1 for generation 45400:

Oceanic mean pheno: 9.27837
Freshwater mean pheno: -9.1668
Mean: 3.343
Varience: 3.55491
-------------------------------
Output1 for generation 45500:

Oceanic mean pheno: 9.35158
Freshwater mean pheno: -9.14259
Mean: 3.301
Varience: 3.52793
-------------------------------
Output1 for generation 45600:

Oceanic mean pheno: 9.33084
Freshwater mean pheno: -9.1721
Mean: 3.225
Varience: 3.48586
-------------------------------
Output1 for generation 45700:

Oceanic mean pheno: 9.4243
Freshwater mean pheno: -9.35128
Mean: 3.276
Varience: 3.46929
-------------------------------
Output1 for generation 45800:

Oceanic mean pheno: 9.435
Freshwater mean pheno: -9.39347
Mean: 3.265
Varience: 3.48826
-------------------------------
Output1 for generation 45900:

Oceanic mean pheno: 9.18667
Freshwater mean pheno: -9.47404
Mean: 3.274
Varience: 3.65258
-------------------------------
Output1 for generation 46000:

Oceanic mean pheno: 9.38726
Freshwater mean pheno: -9.53245
Mean: 3.255
Varience: 3.80578
-------------------------------
Output1 for generation 46100:

Oceanic mean pheno: 9.69755
Freshwater mean pheno: -9.52629
Mean: 3.305
Varience: 3.73971
-------------------------------
Output1 for generation 46200:

Oceanic mean pheno: 9.30333
Freshwater mean pheno: -9.23101
Mean: 3.248
Varience: 3.71221
-------------------------------
Output1 for generation 46300:

Oceanic mean pheno: 9.4785
Freshwater mean pheno: -9.45205
Mean: 3.359
Varience: 3.69982
-------------------------------
Output1 for generation 46400:

Oceanic mean pheno: 9.46371
Freshwater mean pheno: -9.58537
Mean: 3.239
Varience: 3.74963
-------------------------------
Output1 for generation 46500:

Oceanic mean pheno: 9.13555
Freshwater mean pheno: -9.4624
Mean: 3.259
Varience: 3.72564
-------------------------------
Output1 for generation 46600:

Oceanic mean pheno: 9.20191
Freshwater mean pheno: -9.31913
Mean: 3.238
Varience: 3.70106
-------------------------------
Output1 for generation 46700:

Oceanic mean pheno: 9.32789
Freshwater mean pheno: -9.2952
Mean: 3.169
Varience: 3.65009
-------------------------------
Output1 for generation 46800:

Oceanic mean pheno: 9.40407
Freshwater mean pheno: -9.24746
Mean: 3.2
Varience: 3.4995
-------------------------------
Output1 for generation 46900:

Oceanic mean pheno: 9.72012
Freshwater mean pheno: -9.37079
Mean: 3.196
Varience: 3.60119
-------------------------------
Output1 for generation 47000:

Oceanic mean pheno: 9.65071
Freshwater mean pheno: -9.32293
Mean: 3.216
Varience: 3.46681
-------------------------------
Output1 for generation 47100:

Oceanic mean pheno: 9.46671
Freshwater mean pheno: -9.46033
Mean: 3.206
Varience: 3.39095
-------------------------------
Output1 for generation 47200:

Oceanic mean pheno: 9.87237
Freshwater mean pheno: -9.29647
Mean: 3.227
Varience: 3.59507
-------------------------------
Output1 for generation 47300:

Oceanic mean pheno: 9.8512
Freshwater mean pheno: -9.21893
Mean: 3.217
Varience: 3.41733
-------------------------------
Output1 for generation 47400:

Oceanic mean pheno: 9.6584
Freshwater mean pheno: -9.21446
Mean: 3.266
Varience: 3.5588
-------------------------------
Output1 for generation 47500:

Oceanic mean pheno: 9.71237
Freshwater mean pheno: -9.21476
Mean: 3.251
Varience: 3.44745
-------------------------------
Output1 for generation 47600:

Oceanic mean pheno: 9.70447
Freshwater mean pheno: -9.24394
Mean: 3.239
Varience: 3.45734
-------------------------------
Output1 for generation 47700:

Oceanic mean pheno: 9.54654
Freshwater mean pheno: -9.08873
Mean: 3.307
Varience: 3.80656
-------------------------------
Output1 for generation 47800:

Oceanic mean pheno: 9.70912
Freshwater mean pheno: -9.10632
Mean: 3.218
Varience: 3.49998
-------------------------------
Output1 for generation 47900:

Oceanic mean pheno: 9.5591
Freshwater mean pheno: -9.07464
Mean: 3.253
Varience: 3.56055
-------------------------------
Output1 for generation 48000:

Oceanic mean pheno: 9.59719
Freshwater mean pheno: -9.00014
Mean: 3.236
Varience: 3.54185
-------------------------------
Output1 for generation 48100:

Oceanic mean pheno: 9.77821
Freshwater mean pheno: -9.20945
Mean: 3.217
Varience: 3.51543
-------------------------------
Output1 for generation 48200:

Oceanic mean pheno: 9.78175
Freshwater mean pheno: -9.60319
Mean: 3.255
Varience: 3.76174
-------------------------------
Output1 for generation 48300:

Oceanic mean pheno: 9.67473
Freshwater mean pheno: -9.30558
Mean: 3.269
Varience: 3.50414
-------------------------------
Output1 for generation 48400:

Oceanic mean pheno: 9.72998
Freshwater mean pheno: -9.46468
Mean: 3.266
Varience: 3.51476
-------------------------------
Output1 for generation 48500:

Oceanic mean pheno: 9.66099
Freshwater mean pheno: -9.27491
Mean: 3.329
Varience: 3.52428
-------------------------------
Output1 for generation 48600:

Oceanic mean pheno: 9.46737
Freshwater mean pheno: -9.65577
Mean: 3.281
Varience: 3.55559
-------------------------------
Output1 for generation 48700:

Oceanic mean pheno: 9.65048
Freshwater mean pheno: -9.31488
Mean: 3.287
Varience: 3.50414
-------------------------------
Output1 for generation 48800:

Oceanic mean pheno: 9.68446
Freshwater mean pheno: -8.92159
Mean: 3.245
Varience: 3.53651
-------------------------------
Output1 for generation 48900:

Oceanic mean pheno: 9.23928
Freshwater mean pheno: -8.98051
Mean: 3.328
Varience: 3.53395
-------------------------------
Output1 for generation 49000:

Oceanic mean pheno: 9.7557
Freshwater mean pheno: -9.20989
Mean: 3.245
Varience: 3.54452
-------------------------------
Output1 for generation 49100:

Oceanic mean pheno: 9.58701
Freshwater mean pheno: -9.32706
Mean: 3.276
Varience: 3.3732
-------------------------------
Output1 for generation 49200:

Oceanic mean pheno: 9.85043
Freshwater mean pheno: -9.04472
Mean: 3.317
Varience: 3.50602
-------------------------------
Output1 for generation 49300:

Oceanic mean pheno: 9.46395
Freshwater mean pheno: -9.0646
Mean: 3.315
Varience: 3.6214
-------------------------------
Output1 for generation 49400:

Oceanic mean pheno: 9.64909
Freshwater mean pheno: -8.99527
Mean: 3.281
Varience: 3.53357
-------------------------------
Output1 for generation 49500:

Oceanic mean pheno: 10.0531
Freshwater mean pheno: -8.90426
Mean: 3.28
Varience: 3.72533
-------------------------------
Output1 for generation 49600:

Oceanic mean pheno: 9.92691
Freshwater mean pheno: -9.07759
Mean: 3.289
Varience: 3.56104
-------------------------------
Output1 for generation 49700:

Oceanic mean pheno: 9.98737
Freshwater mean pheno: -9.18686
Mean: 3.302
Varience: 3.33813
-------------------------------
Output1 for generation 49800:

Oceanic mean pheno: 9.87087
Freshwater mean pheno: -9.2988
Mean: 3.347
Varience: 3.77036
-------------------------------
Output1 for generation 49900:

Oceanic mean pheno: 9.73031
Freshwater mean pheno: -9.09531
Mean: 3.359
Varience: 3.79992
-------------------------------
Output1 for generation 50000:

Oceanic mean pheno: 9.70241
Freshwater mean pheno: -9.30737
Mean: 3.355
Varience: 3.63261
-------------------------------
Output1 for generation 50100:

Oceanic mean pheno: 9.65648
Freshwater mean pheno: -9.30831
Mean: 3.378
Varience: 3.59271
-------------------------------
Output1 for generation 50200:

Oceanic mean pheno: 9.63448
Freshwater mean pheno: -9.27566
Mean: 3.423
Varience: 3.67374
-------------------------------
Output1 for generation 50300:

Oceanic mean pheno: 9.84837
Freshwater mean pheno: -9.08186
Mean: 3.36
Varience: 3.56396
-------------------------------
Output1 for generation 50400:

Oceanic mean pheno: 9.65403
Freshwater mean pheno: -8.99028
Mean: 3.349
Varience: 3.69489
-------------------------------
Output1 for generation 50500:

Oceanic mean pheno: 9.58109
Freshwater mean pheno: -9.24804
Mean: 3.419
Varience: 3.64108
-------------------------------
Output1 for generation 50600:

Oceanic mean pheno: 9.7027
Freshwater mean pheno: -9.38506
Mean: 3.377
Varience: 3.80668
-------------------------------
Output1 for generation 50700:

Oceanic mean pheno: 9.44573
Freshwater mean pheno: -9.16746
Mean: 3.401
Varience: 3.85606
-------------------------------
Output1 for generation 50800:

Oceanic mean pheno: 9.58979
Freshwater mean pheno: -9.34219
Mean: 3.336
Varience: 3.67678
-------------------------------
Output1 for generation 50900:

Oceanic mean pheno: 9.31272
Freshwater mean pheno: -9.34187
Mean: 3.295
Varience: 3.57555
-------------------------------
Output1 for generation 51000:

Oceanic mean pheno: 9.39815
Freshwater mean pheno: -9.27041
Mean: 3.315
Varience: 3.54132
-------------------------------
Output1 for generation 51100:

Oceanic mean pheno: 9.5726
Freshwater mean pheno: -9.203
Mean: 3.318
Varience: 3.6285
-------------------------------
Output1 for generation 51200:

Oceanic mean pheno: 9.47525
Freshwater mean pheno: -9.24616
Mean: 3.332
Varience: 3.64943
-------------------------------
Output1 for generation 51300:

Oceanic mean pheno: 9.56495
Freshwater mean pheno: -9.21718
Mean: 3.359
Varience: 3.62374
-------------------------------
Output1 for generation 51400:

Oceanic mean pheno: 9.35956
Freshwater mean pheno: -9.22964
Mean: 3.347
Varience: 3.58017
-------------------------------
Output1 for generation 51500:

Oceanic mean pheno: 9.23561
Freshwater mean pheno: -9.23277
Mean: 3.344
Varience: 3.62529
-------------------------------
Output1 for generation 51600:

Oceanic mean pheno: 9.39362
Freshwater mean pheno: -9.21588
Mean: 3.372
Varience: 3.81343
-------------------------------
Output1 for generation 51700:

Oceanic mean pheno: 9.51979
Freshwater mean pheno: -9.16596
Mean: 3.382
Varience: 3.61169
-------------------------------
Output1 for generation 51800:

Oceanic mean pheno: 9.47953
Freshwater mean pheno: -9.27497
Mean: 3.421
Varience: 3.79756
-------------------------------
Output1 for generation 51900:

Oceanic mean pheno: 9.30365
Freshwater mean pheno: -9.18977
Mean: 3.378
Varience: 3.6888
-------------------------------
Output1 for generation 52000:

Oceanic mean pheno: 9.3526
Freshwater mean pheno: -9.26067
Mean: 3.433
Varience: 3.73725
-------------------------------
Output1 for generation 52100:

Oceanic mean pheno: 9.5033
Freshwater mean pheno: -9.3394
Mean: 3.436
Varience: 3.7977
-------------------------------
Output1 for generation 52200:

Oceanic mean pheno: 9.72296
Freshwater mean pheno: -9.39613
Mean: 3.453
Varience: 3.71551
-------------------------------
Output1 for generation 52300:

Oceanic mean pheno: 9.68805
Freshwater mean pheno: -9.47893
Mean: 3.47
Varience: 3.62673
-------------------------------
Output1 for generation 52400:

Oceanic mean pheno: 9.57344
Freshwater mean pheno: -9.52085
Mean: 3.427
Varience: 3.59427
-------------------------------
Output1 for generation 52500:

Oceanic mean pheno: 9.38052
Freshwater mean pheno: -9.46589
Mean: 3.413
Varience: 3.61004
-------------------------------
Output1 for generation 52600:

Oceanic mean pheno: 9.5856
Freshwater mean pheno: -9.44732
Mean: 3.481
Varience: 3.77942
-------------------------------
Output1 for generation 52700:

Oceanic mean pheno: 9.55747
Freshwater mean pheno: -9.56228
Mean: 3.431
Varience: 3.53277
-------------------------------
Output1 for generation 52800:

Oceanic mean pheno: 9.74081
Freshwater mean pheno: -9.64395
Mean: 3.391
Varience: 3.57569
-------------------------------
Output1 for generation 52900:

Oceanic mean pheno: 9.61927
Freshwater mean pheno: -9.48633
Mean: 3.441
Varience: 3.71624
-------------------------------
Output1 for generation 53000:

Oceanic mean pheno: 9.55267
Freshwater mean pheno: -9.49649
Mean: 3.443
Varience: 3.49224
-------------------------------
Output1 for generation 53100:

Oceanic mean pheno: 9.68113
Freshwater mean pheno: -9.46694
Mean: 3.46
Varience: 3.54795
-------------------------------
Output1 for generation 53200:

Oceanic mean pheno: 9.52611
Freshwater mean pheno: -9.24993
Mean: 3.443
Varience: 3.65641
-------------------------------
Output1 for generation 53300:

Oceanic mean pheno: 9.57081
Freshwater mean pheno: -9.21278
Mean: 3.413
Varience: 3.59202
-------------------------------
Output1 for generation 53400:

Oceanic mean pheno: 9.76939
Freshwater mean pheno: -9.2408
Mean: 3.423
Varience: 3.80387
-------------------------------
Output1 for generation 53500:

Oceanic mean pheno: 9.83401
Freshwater mean pheno: -9.25674
Mean: 3.437
Varience: 3.70774
-------------------------------
Output1 for generation 53600:

Oceanic mean pheno: 9.42477
Freshwater mean pheno: -9.22733
Mean: 3.39
Varience: 3.63353
-------------------------------
Output1 for generation 53700:

Oceanic mean pheno: 9.61165
Freshwater mean pheno: -9.40381
Mean: 3.418
Varience: 3.89317
-------------------------------
Output1 for generation 53800:

Oceanic mean pheno: 9.28757
Freshwater mean pheno: -9.17274
Mean: 3.411
Varience: 3.79988
-------------------------------
Output1 for generation 53900:

Oceanic mean pheno: 9.34131
Freshwater mean pheno: -9.05778
Mean: 3.389
Varience: 3.53321
-------------------------------
Output1 for generation 54000:

Oceanic mean pheno: 9.56289
Freshwater mean pheno: -9.09887
Mean: 3.416
Varience: 3.47442
-------------------------------
Output1 for generation 54100:

Oceanic mean pheno: 9.40961
Freshwater mean pheno: -9.2449
Mean: 3.43
Varience: 3.71081
-------------------------------
Output1 for generation 54200:

Oceanic mean pheno: 9.49227
Freshwater mean pheno: -9.04333
Mean: 3.444
Varience: 3.74261
-------------------------------
Output1 for generation 54300:

Oceanic mean pheno: 9.27545
Freshwater mean pheno: -9.2384
Mean: 3.47
Varience: 3.70681
-------------------------------
Output1 for generation 54400:

Oceanic mean pheno: 8.92089
Freshwater mean pheno: -9.17309
Mean: 3.445
Varience: 3.78276
-------------------------------
Output1 for generation 54500:

Oceanic mean pheno: 9.14723
Freshwater mean pheno: -9.18536
Mean: 3.465
Varience: 3.57635
-------------------------------
Output1 for generation 54600:

Oceanic mean pheno: 9.22429
Freshwater mean pheno: -9.24984
Mean: 3.478
Varience: 3.6832
-------------------------------
Output1 for generation 54700:

Oceanic mean pheno: 9.26412
Freshwater mean pheno: -9.34884
Mean: 3.397
Varience: 3.41481
-------------------------------
Output1 for generation 54800:

Oceanic mean pheno: 9.34969
Freshwater mean pheno: -9.4731
Mean: 3.408
Varience: 3.52706
-------------------------------
Output1 for generation 54900:

Oceanic mean pheno: 9.4877
Freshwater mean pheno: -9.34358
Mean: 3.443
Varience: 3.36211
-------------------------------
Output1 for generation 55000:

Oceanic mean pheno: 9.28069
Freshwater mean pheno: -9.22013
Mean: 3.456
Varience: 3.4355
-------------------------------
Output1 for generation 55100:

Oceanic mean pheno: 9.35279
Freshwater mean pheno: -9.16821
Mean: 3.472
Varience: 3.56478
-------------------------------
Output1 for generation 55200:

Oceanic mean pheno: 9.4372
Freshwater mean pheno: -9.38552
Mean: 3.462
Varience: 3.46602
-------------------------------
Output1 for generation 55300:

Oceanic mean pheno: 9.44024
Freshwater mean pheno: -9.35111
Mean: 3.454
Varience: 3.63552
-------------------------------
Output1 for generation 55400:

Oceanic mean pheno: 9.46747
Freshwater mean pheno: -9.17715
Mean: 3.474
Varience: 3.60493
-------------------------------
Output1 for generation 55500:

Oceanic mean pheno: 9.5285
Freshwater mean pheno: -9.15023
Mean: 3.51
Varience: 3.78769
-------------------------------
Output1 for generation 55600:

Oceanic mean pheno: 9.3888
Freshwater mean pheno: -9.17509
Mean: 3.487
Varience: 3.53937
-------------------------------
Output1 for generation 55700:

Oceanic mean pheno: 9.38719
Freshwater mean pheno: -9.25813
Mean: 3.514
Varience: 3.4953
-------------------------------
Output1 for generation 55800:

Oceanic mean pheno: 9.27114
Freshwater mean pheno: -9.40483
Mean: 3.436
Varience: 3.57548
-------------------------------
Output1 for generation 55900:

Oceanic mean pheno: 9.59954
Freshwater mean pheno: -9.47247
Mean: 3.458
Varience: 3.44568
-------------------------------
Output1 for generation 56000:

Oceanic mean pheno: 9.31809
Freshwater mean pheno: -9.07988
Mean: 3.489
Varience: 3.54743
-------------------------------
Output1 for generation 56100:

Oceanic mean pheno: 9.5794
Freshwater mean pheno: -8.80375
Mean: 3.506
Varience: 3.58555
-------------------------------
Output1 for generation 56200:

Oceanic mean pheno: 9.30156
Freshwater mean pheno: -8.81367
Mean: 3.47
Varience: 3.46256
-------------------------------
Output1 for generation 56300:

Oceanic mean pheno: 9.23955
Freshwater mean pheno: -9.05795
Mean: 3.49
Varience: 3.59149
-------------------------------
Output1 for generation 56400:

Oceanic mean pheno: 9.3824
Freshwater mean pheno: -9.21101
Mean: 3.493
Varience: 3.43739
-------------------------------
Output1 for generation 56500:

Oceanic mean pheno: 9.55135
Freshwater mean pheno: -9.19702
Mean: 3.517
Varience: 3.77749
-------------------------------
Output1 for generation 56600:

Oceanic mean pheno: 9.47636
Freshwater mean pheno: -9.25628
Mean: 3.473
Varience: 3.68295
-------------------------------
Output1 for generation 56700:

Oceanic mean pheno: 9.43664
Freshwater mean pheno: -8.98463
Mean: 3.42
Varience: 3.64324
-------------------------------
Output1 for generation 56800:

Oceanic mean pheno: 9.53272
Freshwater mean pheno: -8.97413
Mean: 3.449
Varience: 3.85726
-------------------------------
Output1 for generation 56900:

Oceanic mean pheno: 9.6567
Freshwater mean pheno: -9.05656
Mean: 3.475
Varience: 3.83721
-------------------------------
Output1 for generation 57000:

Oceanic mean pheno: 9.94344
Freshwater mean pheno: -9.41229
Mean: 3.473
Varience: 3.98325
-------------------------------
Output1 for generation 57100:

Oceanic mean pheno: 9.76378
Freshwater mean pheno: -9.21107
Mean: 3.498
Varience: 3.87787
-------------------------------
Output1 for generation 57200:

Oceanic mean pheno: 9.70759
Freshwater mean pheno: -9.28812
Mean: 3.471
Varience: 3.87303
-------------------------------
Output1 for generation 57300:

Oceanic mean pheno: 9.65934
Freshwater mean pheno: -9.2896
Mean: 3.515
Varience: 3.75953
-------------------------------
Output1 for generation 57400:

Oceanic mean pheno: 9.51906
Freshwater mean pheno: -9.37356
Mean: 3.46
Varience: 3.71411
-------------------------------
Output1 for generation 57500:

Oceanic mean pheno: 9.46492
Freshwater mean pheno: -9.35374
Mean: 3.563
Varience: 4.00203
-------------------------------
Output1 for generation 57600:

Oceanic mean pheno: 9.44661
Freshwater mean pheno: -9.36259
Mean: 3.519
Varience: 3.81946
-------------------------------
Output1 for generation 57700:

Oceanic mean pheno: 9.65566
Freshwater mean pheno: -9.48182
Mean: 3.46
Varience: 3.83423
-------------------------------
Output1 for generation 57800:

Oceanic mean pheno: 9.77553
Freshwater mean pheno: -9.73126
Mean: 3.493
Varience: 3.95591
-------------------------------
Output1 for generation 57900:

Oceanic mean pheno: 9.62269
Freshwater mean pheno: -9.44347
Mean: 3.495
Varience: 3.86584
-------------------------------
Output1 for generation 58000:

Oceanic mean pheno: 9.79178
Freshwater mean pheno: -9.40491
Mean: 3.489
Varience: 3.74162
-------------------------------
Output1 for generation 58100:

Oceanic mean pheno: 9.72242
Freshwater mean pheno: -9.31928
Mean: 3.51
Varience: 3.99389
-------------------------------
Output1 for generation 58200:

Oceanic mean pheno: 9.71664
Freshwater mean pheno: -9.49288
Mean: 3.502
Varience: 4.006
-------------------------------
Output1 for generation 58300:

Oceanic mean pheno: 9.53872
Freshwater mean pheno: -9.49372
Mean: 3.502
Varience: 3.89389
-------------------------------
Output1 for generation 58400:

Oceanic mean pheno: 9.68588
Freshwater mean pheno: -9.55302
Mean: 3.48
Varience: 3.67127
-------------------------------
Output1 for generation 58500:

Oceanic mean pheno: 9.41674
Freshwater mean pheno: -9.57724
Mean: 3.505
Varience: 3.85583
-------------------------------
Output1 for generation 58600:

Oceanic mean pheno: 9.48028
Freshwater mean pheno: -9.479
Mean: 3.525
Varience: 3.86124
-------------------------------
Output1 for generation 58700:

Oceanic mean pheno: 9.20491
Freshwater mean pheno: -9.71715
Mean: 3.482
Varience: 3.87755
-------------------------------
Output1 for generation 58800:

Oceanic mean pheno: 9.47473
Freshwater mean pheno: -9.47215
Mean: 3.529
Varience: 3.97513
-------------------------------
Output1 for generation 58900:

Oceanic mean pheno: 9.50856
Freshwater mean pheno: -9.42595
Mean: 3.58
Varience: 4.14775
-------------------------------
Output1 for generation 59000:

Oceanic mean pheno: 9.64897
Freshwater mean pheno: -9.19725
Mean: 3.571
Varience: 4.00697
-------------------------------
Output1 for generation 59100:

Oceanic mean pheno: 9.77292
Freshwater mean pheno: -9.38257
Mean: 3.552
Varience: 3.95325
-------------------------------
Output1 for generation 59200:slurmstepd: error: *** JOB 244069 ON n016 CANCELLED AT 2017-11-21T15:15:02 ***
