Task ID  - seed 019333
Parameters for SLiM run:
  -s 019333 MyRecipe3_0_1.E
// Initial random seed:
1506702718423

// RunInitializeCallbacks():
initializeSLiMOptions(dimensionality = 'x');
initializeMutationRate(1e-07);
initializeMutationType(1, 0.5, "g", 0.5, 1);
initializeMutationType(2, 0.5, "g", -0.5, 1);
initializeMutationType(3, 0.5, "f", 0);
initializeMutationType(4, 0.5, "f", 0);
initializeGenomicElementType(1, m3, 1);
initializeGenomicElementType(2, c(m1, m2, m3), c(1, 1, 1));
initializeGenomicElement(g1, 0, 4949);
initializeGenomicElement(g2, 4950, 5049);
initializeGenomicElement(g1, 5050, 9999);
initializeGenomicElement(g1, 10000, 14949);
initializeGenomicElement(g2, 14950, 15049);
initializeGenomicElement(g1, 15050, 19999);
initializeGenomicElement(g1, 20000, 24949);
initializeGenomicElement(g2, 24950, 25049);
initializeGenomicElement(g1, 25050, 29999);
initializeGenomicElement(g1, 30000, 34949);
initializeGenomicElement(g2, 34950, 35049);
initializeGenomicElement(g1, 35050, 39999);
initializeGenomicElement(g1, 40000, 44949);
initializeGenomicElement(g2, 44950, 45049);
initializeGenomicElement(g1, 45050, 49999);
initializeGenomicElement(g1, 50000, 54949);
initializeGenomicElement(g2, 54950, 55049);
initializeGenomicElement(g1, 55050, 59999);
initializeGenomicElement(g1, 60000, 64949);
initializeGenomicElement(g2, 64950, 65049);
initializeGenomicElement(g1, 65050, 69999);
initializeGenomicElement(g1, 70000, 74949);
initializeGenomicElement(g2, 74950, 75049);
initializeGenomicElement(g1, 75050, 79999);
initializeGenomicElement(g1, 80000, 84949);
initializeGenomicElement(g2, 84950, 85049);
initializeGenomicElement(g1, 85050, 89999);
initializeGenomicElement(g1, 90000, 94949);
initializeGenomicElement(g2, 94950, 95049);
initializeGenomicElement(g1, 95050, 99999);
end of chromosome position: 100000
initializeRecombinationRate(0.001);
initializeInteractionType(1, "x", reciprocal=T", maxDistance=0.02);
initializeInteractionType(2, "x", reciprocal=T", maxDistance=1);

// Starting run at generation <start>:
1 

-------------------------------
Output1 for generation 1:

Oceanic mean pheno: 6.73901
Freshwater mean pheno: 6.85606
mean Ocean/Fresh Fst: 0.000122615
mean Ocean/Fresh Fst (Neutral mutations only): 0.00011981
mean Ocean/Fresh Fst (Effect mutations only): 0.000123948
between lakes Fst: 0.00221702
between lakes Fst (neutral): 0.00214986
between lakes Fst (effect): 0.00224472
between Marine Regions Fst: 0.00215946
-------------------------------
Output1 for generation 101:

Oceanic mean pheno: 9.25966
Freshwater mean pheno: -9.47956
mean Ocean/Fresh Fst: 0.0055876
mean Ocean/Fresh Fst (Neutral mutations only): 0.00138095
mean Ocean/Fresh Fst (Effect mutations only): 0.043341
between lakes Fst: 0.0464974
between lakes Fst (neutral): 0.0266378
between lakes Fst (effect): 0.154961
between Marine Regions Fst: 0.00591374
-------------------------------
Output1 for generation 201:

Oceanic mean pheno: 9.0278
Freshwater mean pheno: -9.59288
mean Ocean/Fresh Fst: 0.00593948
mean Ocean/Fresh Fst (Neutral mutations only): 0.00208007
mean Ocean/Fresh Fst (Effect mutations only): 0.0454358
between lakes Fst: 0.0658131
between lakes Fst (neutral): 0.0398871
between lakes Fst (effect): 0.231048
between Marine Regions Fst: 0.00646062
-------------------------------
Output1 for generation 301:

Oceanic mean pheno: 9.11568
Freshwater mean pheno: -9.05422
mean Ocean/Fresh Fst: 0.00630201
mean Ocean/Fresh Fst (Neutral mutations only): 0.00265159
mean Ocean/Fresh Fst (Effect mutations only): 0.046554
between lakes Fst: 0.0808857
between lakes Fst (neutral): 0.0525248
between lakes Fst (effect): 0.277112
between Marine Regions Fst: 0.00671969
-------------------------------
Output1 for generation 401:

Oceanic mean pheno: 9.34878
Freshwater mean pheno: -9.82541
mean Ocean/Fresh Fst: 0.00699672
mean Ocean/Fresh Fst (Neutral mutations only): 0.00315503
mean Ocean/Fresh Fst (Effect mutations only): 0.053097
between lakes Fst: 0.0898957
between lakes Fst (neutral): 0.0590576
between lakes Fst (effect): 0.340565
between Marine Regions Fst: 0.00689814
-------------------------------
Output1 for generation 501:

Oceanic mean pheno: 9.1839
Freshwater mean pheno: -9.6543
mean Ocean/Fresh Fst: 0.0068037
mean Ocean/Fresh Fst (Neutral mutations only): 0.00324401
mean Ocean/Fresh Fst (Effect mutations only): 0.0502513
between lakes Fst: 0.100619
between lakes Fst (neutral): 0.0689825
between lakes Fst (effect): 0.357377
between Marine Regions Fst: 0.00655937
-------------------------------
Output1 for generation 601:

Oceanic mean pheno: 9.19201
Freshwater mean pheno: -8.99012
mean Ocean/Fresh Fst: 0.00679383
mean Ocean/Fresh Fst (Neutral mutations only): 0.00368912
mean Ocean/Fresh Fst (Effect mutations only): 0.0491509
between lakes Fst: 0.104081
between lakes Fst (neutral): 0.0730402
between lakes Fst (effect): 0.392383
between Marine Regions Fst: 0.00725867
-------------------------------
Output1 for generation 701:

Oceanic mean pheno: 9.56672
Freshwater mean pheno: -8.8385
mean Ocean/Fresh Fst: 0.0069067
mean Ocean/Fresh Fst (Neutral mutations only): 0.00381579
mean Ocean/Fresh Fst (Effect mutations only): 0.0500003
between lakes Fst: 0.116118
between lakes Fst (neutral): 0.0883662
between lakes Fst (effect): 0.372827
between Marine Regions Fst: 0.00767669
-------------------------------
Output1 for generation 801:

Oceanic mean pheno: 9.63776
Freshwater mean pheno: -9.08311
mean Ocean/Fresh Fst: 0.00739637
mean Ocean/Fresh Fst (Neutral mutations only): 0.00401275
mean Ocean/Fresh Fst (Effect mutations only): 0.0607412
between lakes Fst: 0.130372
between lakes Fst (neutral): 0.104857
between lakes Fst (effect): 0.398078
between Marine Regions Fst: 0.00740313
-------------------------------
Output1 for generation 901:

Oceanic mean pheno: 9.63476
Freshwater mean pheno: -8.97438
mean Ocean/Fresh Fst: 0.00757757
mean Ocean/Fresh Fst (Neutral mutations only): 0.00418951
mean Ocean/Fresh Fst (Effect mutations only): 0.0596304
between lakes Fst: 0.133737
between lakes Fst (neutral): 0.107708
between lakes Fst (effect): 0.411381
between Marine Regions Fst: 0.00740148
-------------------------------
Output1 for generation 1001:

Oceanic mean pheno: 9.08603
Freshwater mean pheno: -8.92015
mean Ocean/Fresh Fst: 0.00701883
mean Ocean/Fresh Fst (Neutral mutations only): 0.00394252
mean Ocean/Fresh Fst (Effect mutations only): 0.0552933
between lakes Fst: 0.12447
between lakes Fst (neutral): 0.101224
between lakes Fst (effect): 0.386825
between Marine Regions Fst: 0.007219
-------------------------------
Output1 for generation 1101:

Oceanic mean pheno: 9.49858
Freshwater mean pheno: -9.22258
mean Ocean/Fresh Fst: 0.00785065
mean Ocean/Fresh Fst (Neutral mutations only): 0.00431879
mean Ocean/Fresh Fst (Effect mutations only): 0.0622634
between lakes Fst: 0.133511
between lakes Fst (neutral): 0.109981
between lakes Fst (effect): 0.39272
between Marine Regions Fst: 0.00755745
-------------------------------
Output1 for generation 1201:

Oceanic mean pheno: 9.97266
Freshwater mean pheno: -8.74919
mean Ocean/Fresh Fst: 0.0077798
mean Ocean/Fresh Fst (Neutral mutations only): 0.00435565
mean Ocean/Fresh Fst (Effect mutations only): 0.0622597
between lakes Fst: 0.138091
between lakes Fst (neutral): 0.115067
between lakes Fst (effect): 0.407439
between Marine Regions Fst: 0.00698843
-------------------------------
Output1 for generation 1301:

Oceanic mean pheno: 9.4907
Freshwater mean pheno: -9.10869
mean Ocean/Fresh Fst: 0.00810062
mean Ocean/Fresh Fst (Neutral mutations only): 0.00478235
mean Ocean/Fresh Fst (Effect mutations only): 0.0598843
between lakes Fst: 0.145551
between lakes Fst (neutral): 0.121562
between lakes Fst (effect): 0.423451
between Marine Regions Fst: 0.00728995
-------------------------------
Output1 for generation 1401:

Oceanic mean pheno: 9.41855
Freshwater mean pheno: -9.13556
mean Ocean/Fresh Fst: 0.0080812
mean Ocean/Fresh Fst (Neutral mutations only): 0.00496517
mean Ocean/Fresh Fst (Effect mutations only): 0.0576707
between lakes Fst: 0.154896
between lakes Fst (neutral): 0.130948
between lakes Fst (effect): 0.42775
between Marine Regions Fst: 0.00762172
-------------------------------
Output1 for generation 1501:

Oceanic mean pheno: 9.29654
Freshwater mean pheno: -9.0249
mean Ocean/Fresh Fst: 0.0081686
mean Ocean/Fresh Fst (Neutral mutations only): 0.00526908
mean Ocean/Fresh Fst (Effect mutations only): 0.0543507
between lakes Fst: 0.150128
between lakes Fst (neutral): 0.127674
between lakes Fst (effect): 0.429751
between Marine Regions Fst: 0.00806865
-------------------------------
Output1 for generation 1601:

Oceanic mean pheno: 9.05493
Freshwater mean pheno: -8.60332
mean Ocean/Fresh Fst: 0.00739512
mean Ocean/Fresh Fst (Neutral mutations only): 0.00485091
mean Ocean/Fresh Fst (Effect mutations only): 0.0533524
between lakes Fst: 0.154398
between lakes Fst (neutral): 0.133924
between lakes Fst (effect): 0.416012
between Marine Regions Fst: 0.0079084
-------------------------------
Output1 for generation 1701:

Oceanic mean pheno: 9.53971
Freshwater mean pheno: -8.85979
mean Ocean/Fresh Fst: 0.00806413
mean Ocean/Fresh Fst (Neutral mutations only): 0.0052828
mean Ocean/Fresh Fst (Effect mutations only): 0.058215
between lakes Fst: 0.154537
between lakes Fst (neutral): 0.13415
between lakes Fst (effect): 0.420848
between Marine Regions Fst: 0.00817273
-------------------------------
Output1 for generation 1801:

Oceanic mean pheno: 9.40803
Freshwater mean pheno: -8.89328
mean Ocean/Fresh Fst: 0.00818286
mean Ocean/Fresh Fst (Neutral mutations only): 0.00536205
mean Ocean/Fresh Fst (Effect mutations only): 0.0590443
between lakes Fst: 0.150937
between lakes Fst (neutral): 0.131827
between lakes Fst (effect): 0.417866
between Marine Regions Fst: 0.00789478
-------------------------------
Output1 for generation 1901:

Oceanic mean pheno: 9.29929
Freshwater mean pheno: -8.92079
mean Ocean/Fresh Fst: 0.00842684
mean Ocean/Fresh Fst (Neutral mutations only): 0.0054427
mean Ocean/Fresh Fst (Effect mutations only): 0.0644896
between lakes Fst: 0.164028
between lakes Fst (neutral): 0.144564
between lakes Fst (effect): 0.432496
between Marine Regions Fst: 0.0077791
-------------------------------
Output1 for generation 2001:

Oceanic mean pheno: 9.57206
Freshwater mean pheno: -9.32817
mean Ocean/Fresh Fst: 0.00857744
mean Ocean/Fresh Fst (Neutral mutations only): 0.00542506
mean Ocean/Fresh Fst (Effect mutations only): 0.0693423
between lakes Fst: 0.163165
between lakes Fst (neutral): 0.141944
between lakes Fst (effect): 0.467339
between Marine Regions Fst: 0.00779251
-------------------------------
Output1 for generation 2101:

Oceanic mean pheno: 9.33392
Freshwater mean pheno: -9.29596
mean Ocean/Fresh Fst: 0.00807429
mean Ocean/Fresh Fst (Neutral mutations only): 0.00515089
mean Ocean/Fresh Fst (Effect mutations only): 0.0638105
between lakes Fst: 0.158411
between lakes Fst (neutral): 0.1392
between lakes Fst (effect): 0.444894
between Marine Regions Fst: 0.00815331
-------------------------------
Output1 for generation 2201:

Oceanic mean pheno: 9.80981
Freshwater mean pheno: -8.42898
mean Ocean/Fresh Fst: 0.00754968
mean Ocean/Fresh Fst (Neutral mutations only): 0.00456482
mean Ocean/Fresh Fst (Effect mutations only): 0.0686879
between lakes Fst: 0.162513
between lakes Fst (neutral): 0.144141
between lakes Fst (effect): 0.435195
between Marine Regions Fst: 0.00795969
-------------------------------
Output1 for generation 2301:

Oceanic mean pheno: 9.247
Freshwater mean pheno: -9.0757
mean Ocean/Fresh Fst: 0.00821839
mean Ocean/Fresh Fst (Neutral mutations only): 0.00551351
mean Ocean/Fresh Fst (Effect mutations only): 0.0607019
between lakes Fst: 0.161159
between lakes Fst (neutral): 0.143647
between lakes Fst (effect): 0.414076
between Marine Regions Fst: 0.00792777
-------------------------------
Output1 for generation 2401:

Oceanic mean pheno: 9.34981
Freshwater mean pheno: -8.78778
mean Ocean/Fresh Fst: 0.00820454
mean Ocean/Fresh Fst (Neutral mutations only): 0.00541095
mean Ocean/Fresh Fst (Effect mutations only): 0.0620154
between lakes Fst: 0.156848
between lakes Fst (neutral): 0.1379
between lakes Fst (effect): 0.45104
between Marine Regions Fst: 0.00788532
-------------------------------
Output1 for generation 2501:

Oceanic mean pheno: 9.58303
Freshwater mean pheno: -8.84551
mean Ocean/Fresh Fst: 0.00809566
mean Ocean/Fresh Fst (Neutral mutations only): 0.00511029
mean Ocean/Fresh Fst (Effect mutations only): 0.0706836
between lakes Fst: 0.160822
between lakes Fst (neutral): 0.14226
between lakes Fst (effect): 0.442232
between Marine Regions Fst: 0.0074556
-------------------------------
Output1 for generation 2601:

Oceanic mean pheno: 9.16683
Freshwater mean pheno: -9.06681
mean Ocean/Fresh Fst: 0.00851591
mean Ocean/Fresh Fst (Neutral mutations only): 0.00553973
mean Ocean/Fresh Fst (Effect mutations only): 0.0707499
between lakes Fst: 0.155769
between lakes Fst (neutral): 0.137979
between lakes Fst (effect): 0.434048
between Marine Regions Fst: 0.0082354
-------------------------------
Output1 for generation 2701:

Oceanic mean pheno: 9.48618
Freshwater mean pheno: -8.92218
mean Ocean/Fresh Fst: 0.00827162
mean Ocean/Fresh Fst (Neutral mutations only): 0.00535667
mean Ocean/Fresh Fst (Effect mutations only): 0.0668135
between lakes Fst: 0.168615
between lakes Fst (neutral): 0.149846
between lakes Fst (effect): 0.445857
between Marine Regions Fst: 0.00739523
-------------------------------
Output1 for generation 2801:

Oceanic mean pheno: 9.55987
Freshwater mean pheno: -8.94813
mean Ocean/Fresh Fst: 0.00862347
mean Ocean/Fresh Fst (Neutral mutations only): 0.00584215
mean Ocean/Fresh Fst (Effect mutations only): 0.0658602
between lakes Fst: 0.160864
between lakes Fst (neutral): 0.145215
between lakes Fst (effect): 0.394215
between Marine Regions Fst: 0.00812185
-------------------------------
Output1 for generation 2901:

Oceanic mean pheno: 9.6786
Freshwater mean pheno: -9.09991
mean Ocean/Fresh Fst: 0.00878498
mean Ocean/Fresh Fst (Neutral mutations only): 0.00595403
mean Ocean/Fresh Fst (Effect mutations only): 0.0662062
between lakes Fst: 0.168006
between lakes Fst (neutral): 0.152972
between lakes Fst (effect): 0.392483
between Marine Regions Fst: 0.0074769
-------------------------------
Output1 for generation 3001:

Oceanic mean pheno: 9.42377
Freshwater mean pheno: -8.81965
mean Ocean/Fresh Fst: 0.00835945
mean Ocean/Fresh Fst (Neutral mutations only): 0.00575026
mean Ocean/Fresh Fst (Effect mutations only): 0.0635504
between lakes Fst: 0.156154
between lakes Fst (neutral): 0.1414
between lakes Fst (effect): 0.396698
between Marine Regions Fst: 0.00848275
-------------------------------
Output1 for generation 3101:

Oceanic mean pheno: 9.74672
Freshwater mean pheno: -8.533
mean Ocean/Fresh Fst: 0.00869602
mean Ocean/Fresh Fst (Neutral mutations only): 0.00582228
mean Ocean/Fresh Fst (Effect mutations only): 0.074165
between lakes Fst: 0.165949
between lakes Fst (neutral): 0.150544
between lakes Fst (effect): 0.429292
between Marine Regions Fst: 0.00782427
-------------------------------
Output1 for generation 3201:

Oceanic mean pheno: 9.28689
Freshwater mean pheno: -8.68905
mean Ocean/Fresh Fst: 0.00884794
mean Ocean/Fresh Fst (Neutral mutations only): 0.00609124
mean Ocean/Fresh Fst (Effect mutations only): 0.0693021
between lakes Fst: 0.170505
between lakes Fst (neutral): 0.157117
between lakes Fst (effect): 0.395239
between Marine Regions Fst: 0.00803265
-------------------------------
Output1 for generation 3301:

Oceanic mean pheno: 9.72445
Freshwater mean pheno: -8.1181
mean Ocean/Fresh Fst: 0.00869718
mean Ocean/Fresh Fst (Neutral mutations only): 0.00597937
mean Ocean/Fresh Fst (Effect mutations only): 0.068489
between lakes Fst: 0.180734
between lakes Fst (neutral): 0.166783
between lakes Fst (effect): 0.425961
between Marine Regions Fst: 0.00807105
-------------------------------
Output1 for generation 3401:

Oceanic mean pheno: 9.73254
Freshwater mean pheno: -9.11368
mean Ocean/Fresh Fst: 0.00850324
mean Ocean/Fresh Fst (Neutral mutations only): 0.00552068
mean Ocean/Fresh Fst (Effect mutations only): 0.0803141
between lakes Fst: 0.183469
between lakes Fst (neutral): 0.168644
between lakes Fst (effect): 0.454471
between Marine Regions Fst: 0.00836673
-------------------------------
Output1 for generation 3501:

Oceanic mean pheno: 9.12369
Freshwater mean pheno: -9.03217
mean Ocean/Fresh Fst: 0.00865036
mean Ocean/Fresh Fst (Neutral mutations only): 0.00592631
mean Ocean/Fresh Fst (Effect mutations only): 0.0735649
between lakes Fst: 0.17842
between lakes Fst (neutral): 0.163355
between lakes Fst (effect): 0.455203
between Marine Regions Fst: 0.00840213
-------------------------------
Output1 for generation 3601:

Oceanic mean pheno: 9.32387
Freshwater mean pheno: -9.00907
mean Ocean/Fresh Fst: 0.00842071
mean Ocean/Fresh Fst (Neutral mutations only): 0.00559664
mean Ocean/Fresh Fst (Effect mutations only): 0.0755708
between lakes Fst: 0.175203
between lakes Fst (neutral): 0.161288
between lakes Fst (effect): 0.434941
between Marine Regions Fst: 0.00804357
-------------------------------
Output1 for generation 3701:

Oceanic mean pheno: 9.56879
Freshwater mean pheno: -8.94989
mean Ocean/Fresh Fst: 0.00863452
mean Ocean/Fresh Fst (Neutral mutations only): 0.00579072
mean Ocean/Fresh Fst (Effect mutations only): 0.0760807
between lakes Fst: 0.180468
between lakes Fst (neutral): 0.166331
between lakes Fst (effect): 0.439923
between Marine Regions Fst: 0.00811437
-------------------------------
Output1 for generation 3801:

Oceanic mean pheno: 9.53772
Freshwater mean pheno: -8.91089
mean Ocean/Fresh Fst: 0.00844394
mean Ocean/Fresh Fst (Neutral mutations only): 0.0057937
mean Ocean/Fresh Fst (Effect mutations only): 0.0768201
between lakes Fst: 0.178617
between lakes Fst (neutral): 0.162804
between lakes Fst (effect): 0.473582
between Marine Regions Fst: 0.0085158
-------------------------------
Output1 for generation 3901:

Oceanic mean pheno: 9.88478
Freshwater mean pheno: -8.76475
mean Ocean/Fresh Fst: 0.00876276
mean Ocean/Fresh Fst (Neutral mutations only): 0.00606299
mean Ocean/Fresh Fst (Effect mutations only): 0.0749325
between lakes Fst: 0.174109
between lakes Fst (neutral): 0.158468
between lakes Fst (effect): 0.471277
between Marine Regions Fst: 0.00906997
-------------------------------
Output1 for generation 4001:

Oceanic mean pheno: 9.45279
Freshwater mean pheno: -9.0789
mean Ocean/Fresh Fst: 0.00870358
mean Ocean/Fresh Fst (Neutral mutations only): 0.0061204
mean Ocean/Fresh Fst (Effect mutations only): 0.0780804
between lakes Fst: 0.175621
between lakes Fst (neutral): 0.1604
between lakes Fst (effect): 0.475989
between Marine Regions Fst: 0.00880021
-------------------------------
Output1 for generation 4101:

Oceanic mean pheno: 9.31286
Freshwater mean pheno: -8.90705
mean Ocean/Fresh Fst: 0.00822563
mean Ocean/Fresh Fst (Neutral mutations only): 0.00583247
mean Ocean/Fresh Fst (Effect mutations only): 0.0666096
between lakes Fst: 0.173813
between lakes Fst (neutral): 0.160371
between lakes Fst (effect): 0.437374
between Marine Regions Fst: 0.00845514
-------------------------------
Output1 for generation 4201:

Oceanic mean pheno: 9.43002
Freshwater mean pheno: -8.62573
mean Ocean/Fresh Fst: 0.008081
mean Ocean/Fresh Fst (Neutral mutations only): 0.00568441
mean Ocean/Fresh Fst (Effect mutations only): 0.0745498
between lakes Fst: 0.176327
between lakes Fst (neutral): 0.16276
between lakes Fst (effect): 0.454577
between Marine Regions Fst: 0.00798811
-------------------------------
Output1 for generation 4301:

Oceanic mean pheno: 9.26684
Freshwater mean pheno: -8.72792
mean Ocean/Fresh Fst: 0.00863836
mean Ocean/Fresh Fst (Neutral mutations only): 0.0062036
mean Ocean/Fresh Fst (Effect mutations only): 0.069783
between lakes Fst: 0.188731
between lakes Fst (neutral): 0.176392
between lakes Fst (effect): 0.414777
between Marine Regions Fst: 0.00847359
-------------------------------
Output1 for generation 4401:

Oceanic mean pheno: 9.59996
Freshwater mean pheno: -8.79881
mean Ocean/Fresh Fst: 0.00910305
mean Ocean/Fresh Fst (Neutral mutations only): 0.00661054
mean Ocean/Fresh Fst (Effect mutations only): 0.0708515
between lakes Fst: 0.180632
between lakes Fst (neutral): 0.168799
between lakes Fst (effect): 0.407294
between Marine Regions Fst: 0.00839036
-------------------------------
Output1 for generation 4501:

Oceanic mean pheno: 9.10994
Freshwater mean pheno: -9.0061
mean Ocean/Fresh Fst: 0.0088621
mean Ocean/Fresh Fst (Neutral mutations only): 0.00633275
mean Ocean/Fresh Fst (Effect mutations only): 0.067703
between lakes Fst: 0.183323
between lakes Fst (neutral): 0.171278
between lakes Fst (effect): 0.407047
between Marine Regions Fst: 0.00785724
-------------------------------
Output1 for generation 4601:

Oceanic mean pheno: 9.422
Freshwater mean pheno: -9.24808
mean Ocean/Fresh Fst: 0.00834975
mean Ocean/Fresh Fst (Neutral mutations only): 0.00581021
mean Ocean/Fresh Fst (Effect mutations only): 0.0713849
between lakes Fst: 0.176124
between lakes Fst (neutral): 0.164748
between lakes Fst (effect): 0.401023
between Marine Regions Fst: 0.00802706
-------------------------------
Output1 for generation 4701:

Oceanic mean pheno: 9.4158
Freshwater mean pheno: -9.10642
mean Ocean/Fresh Fst: 0.0088291
mean Ocean/Fresh Fst (Neutral mutations only): 0.00616309
mean Ocean/Fresh Fst (Effect mutations only): 0.0832552
between lakes Fst: 0.180968
between lakes Fst (neutral): 0.170116
between lakes Fst (effect): 0.420187
between Marine Regions Fst: 0.00858747
-------------------------------
Output1 for generation 4801:

Oceanic mean pheno: 9.44851
Freshwater mean pheno: -8.90757
mean Ocean/Fresh Fst: 0.00905486
mean Ocean/Fresh Fst (Neutral mutations only): 0.00631608
mean Ocean/Fresh Fst (Effect mutations only): 0.0863958
between lakes Fst: 0.186058
between lakes Fst (neutral): 0.173806
between lakes Fst (effect): 0.447605
between Marine Regions Fst: 0.00853269
-------------------------------
Output1 for generation 4901:

Oceanic mean pheno: 9.43618
Freshwater mean pheno: -8.96696
mean Ocean/Fresh Fst: 0.00880533
mean Ocean/Fresh Fst (Neutral mutations only): 0.00608991
mean Ocean/Fresh Fst (Effect mutations only): 0.0781531
between lakes Fst: 0.179751
between lakes Fst (neutral): 0.168435
between lakes Fst (effect): 0.408323
between Marine Regions Fst: 0.00944061
-------------------------------
Output1 for generation 5001:

Oceanic mean pheno: 9.07978
Freshwater mean pheno: -8.68595
mean Ocean/Fresh Fst: 0.00917209
mean Ocean/Fresh Fst (Neutral mutations only): 0.00671075
mean Ocean/Fresh Fst (Effect mutations only): 0.0728153
between lakes Fst: 0.192924
between lakes Fst (neutral): 0.181365
between lakes Fst (effect): 0.439939
between Marine Regions Fst: 0.00801835
-------------------------------
Output1 for generation 5101:

Oceanic mean pheno: 9.29743
Freshwater mean pheno: -8.63233
mean Ocean/Fresh Fst: 0.00917042
mean Ocean/Fresh Fst (Neutral mutations only): 0.00668481
mean Ocean/Fresh Fst (Effect mutations only): 0.0719441
between lakes Fst: 0.193322
between lakes Fst (neutral): 0.182128
between lakes Fst (effect): 0.416076
between Marine Regions Fst: 0.00836923
-------------------------------
Output1 for generation 5201:

Oceanic mean pheno: 9.19503
Freshwater mean pheno: -9.11524
mean Ocean/Fresh Fst: 0.00867482
mean Ocean/Fresh Fst (Neutral mutations only): 0.00620863
mean Ocean/Fresh Fst (Effect mutations only): 0.0734243
between lakes Fst: 0.186489
between lakes Fst (neutral): 0.175154
between lakes Fst (effect): 0.439804
between Marine Regions Fst: 0.00835021
-------------------------------
Output1 for generation 5301:

Oceanic mean pheno: 9.38249
Freshwater mean pheno: -8.80037
mean Ocean/Fresh Fst: 0.00848332
mean Ocean/Fresh Fst (Neutral mutations only): 0.00612968
mean Ocean/Fresh Fst (Effect mutations only): 0.0666824
between lakes Fst: 0.192841
between lakes Fst (neutral): 0.181527
between lakes Fst (effect): 0.418672
between Marine Regions Fst: 0.00853115
-------------------------------
Output1 for generation 5401:

Oceanic mean pheno: 9.20739
Freshwater mean pheno: -8.70901
mean Ocean/Fresh Fst: 0.00851998
mean Ocean/Fresh Fst (Neutral mutations only): 0.00621822
mean Ocean/Fresh Fst (Effect mutations only): 0.0638033
between lakes Fst: 0.195739
between lakes Fst (neutral): 0.18408
between lakes Fst (effect): 0.415288
between Marine Regions Fst: 0.00792597
-------------------------------
Output1 for generation 5501:

Oceanic mean pheno: 8.9333
Freshwater mean pheno: -9.01067
mean Ocean/Fresh Fst: 0.00841346
mean Ocean/Fresh Fst (Neutral mutations only): 0.00616893
mean Ocean/Fresh Fst (Effect mutations only): 0.0716641
between lakes Fst: 0.188508
between lakes Fst (neutral): 0.176356
between lakes Fst (effect): 0.447238
between Marine Regions Fst: 0.0080503
-------------------------------
Output1 for generation 5601:

Oceanic mean pheno: 9.53059
Freshwater mean pheno: -8.87665
mean Ocean/Fresh Fst: 0.00888932
mean Ocean/Fresh Fst (Neutral mutations only): 0.0064907
mean Ocean/Fresh Fst (Effect mutations only): 0.0668844
between lakes Fst: 0.190208
between lakes Fst (neutral): 0.178676
between lakes Fst (effect): 0.427302
between Marine Regions Fst: 0.00793686
-------------------------------
Output1 for generation 5701:

Oceanic mean pheno: 9.22367
Freshwater mean pheno: -8.54128
mean Ocean/Fresh Fst: 0.00842033
mean Ocean/Fresh Fst (Neutral mutations only): 0.00620339
mean Ocean/Fresh Fst (Effect mutations only): 0.0713722
between lakes Fst: 0.192118
between lakes Fst (neutral): 0.180328
between lakes Fst (effect): 0.448478
between Marine Regions Fst: 0.00784228
-------------------------------
Output1 for generation 5801:

Oceanic mean pheno: 9.31578
Freshwater mean pheno: -8.89415
mean Ocean/Fresh Fst: 0.00889065
mean Ocean/Fresh Fst (Neutral mutations only): 0.0065318
mean Ocean/Fresh Fst (Effect mutations only): 0.0771949
between lakes Fst: 0.205277
between lakes Fst (neutral): 0.192911
between lakes Fst (effect): 0.465491
between Marine Regions Fst: 0.00767693
-------------------------------
Output1 for generation 5901:

Oceanic mean pheno: 9.22779
Freshwater mean pheno: -8.76608
mean Ocean/Fresh Fst: 0.00857239
mean Ocean/Fresh Fst (Neutral mutations only): 0.00616954
mean Ocean/Fresh Fst (Effect mutations only): 0.0778372
between lakes Fst: 0.1962
between lakes Fst (neutral): 0.182844
between lakes Fst (effect): 0.495791
between Marine Regions Fst: 0.00791863
-------------------------------
Output1 for generation 6001:

Oceanic mean pheno: 9.25621
Freshwater mean pheno: -8.66403
mean Ocean/Fresh Fst: 0.00889381
mean Ocean/Fresh Fst (Neutral mutations only): 0.0066355
mean Ocean/Fresh Fst (Effect mutations only): 0.0753176
between lakes Fst: 0.194246
between lakes Fst (neutral): 0.182314
between lakes Fst (effect): 0.455198
between Marine Regions Fst: 0.00835068
-------------------------------
Output1 for generation 6101:

Oceanic mean pheno: 9.3905
Freshwater mean pheno: -8.39462
mean Ocean/Fresh Fst: 0.00902947
mean Ocean/Fresh Fst (Neutral mutations only): 0.00668697
mean Ocean/Fresh Fst (Effect mutations only): 0.0721335
between lakes Fst: 0.190381
between lakes Fst (neutral): 0.179328
between lakes Fst (effect): 0.425482
between Marine Regions Fst: 0.0077603
-------------------------------
Output1 for generation 6201:

Oceanic mean pheno: 9.5944
Freshwater mean pheno: -8.90211
mean Ocean/Fresh Fst: 0.00855411
mean Ocean/Fresh Fst (Neutral mutations only): 0.00621178
mean Ocean/Fresh Fst (Effect mutations only): 0.0723022
between lakes Fst: 0.189037
between lakes Fst (neutral): 0.176233
between lakes Fst (effect): 0.482398
between Marine Regions Fst: 0.00814644
-------------------------------
Output1 for generation 6301:

Oceanic mean pheno: 9.17031
Freshwater mean pheno: -8.98297
mean Ocean/Fresh Fst: 0.00831731
mean Ocean/Fresh Fst (Neutral mutations only): 0.00620982
mean Ocean/Fresh Fst (Effect mutations only): 0.0694346
between lakes Fst: 0.187433
between lakes Fst (neutral): 0.175238
between lakes Fst (effect): 0.48288
between Marine Regions Fst: 0.00813711
-------------------------------
Output1 for generation 6401:

Oceanic mean pheno: 8.89279
Freshwater mean pheno: -8.90625
mean Ocean/Fresh Fst: 0.0089056
mean Ocean/Fresh Fst (Neutral mutations only): 0.00671219
mean Ocean/Fresh Fst (Effect mutations only): 0.0745648
between lakes Fst: 0.197532
between lakes Fst (neutral): 0.186152
between lakes Fst (effect): 0.454712
between Marine Regions Fst: 0.00827447
-------------------------------
Output1 for generation 6501:

Oceanic mean pheno: 9.07773
Freshwater mean pheno: -8.53375
mean Ocean/Fresh Fst: 0.00911599
mean Ocean/Fresh Fst (Neutral mutations only): 0.0068024
mean Ocean/Fresh Fst (Effect mutations only): 0.0829407
between lakes Fst: 0.189545
between lakes Fst (neutral): 0.178623
between lakes Fst (effect): 0.46133
between Marine Regions Fst: 0.00857074
-------------------------------
Output1 for generation 6601:

Oceanic mean pheno: 9.58596
Freshwater mean pheno: -8.67037
mean Ocean/Fresh Fst: 0.00879282
mean Ocean/Fresh Fst (Neutral mutations only): 0.00641824
mean Ocean/Fresh Fst (Effect mutations only): 0.0819827
between lakes Fst: 0.194078
between lakes Fst (neutral): 0.183377
between lakes Fst (effect): 0.456616
between Marine Regions Fst: 0.00746801
-------------------------------
Output1 for generation 6701:

Oceanic mean pheno: 9.30673
Freshwater mean pheno: -8.97639
mean Ocean/Fresh Fst: 0.008791
mean Ocean/Fresh Fst (Neutral mutations only): 0.00651615
mean Ocean/Fresh Fst (Effect mutations only): 0.0766008
between lakes Fst: 0.188947
between lakes Fst (neutral): 0.177793
between lakes Fst (effect): 0.455117
between Marine Regions Fst: 0.00894409
-------------------------------
Output1 for generation 6801:

Oceanic mean pheno: 9.17043
Freshwater mean pheno: -8.67709
mean Ocean/Fresh Fst: 0.00891175
mean Ocean/Fresh Fst (Neutral mutations only): 0.0067414
mean Ocean/Fresh Fst (Effect mutations only): 0.0718983
between lakes Fst: 0.186254
between lakes Fst (neutral): 0.175945
between lakes Fst (effect): 0.428994
between Marine Regions Fst: 0.00862818
-------------------------------
Output1 for generation 6901:

Oceanic mean pheno: 9.6181
Freshwater mean pheno: -8.7214
mean Ocean/Fresh Fst: 0.00958411
mean Ocean/Fresh Fst (Neutral mutations only): 0.00733137
mean Ocean/Fresh Fst (Effect mutations only): 0.0812526
between lakes Fst: 0.200419
between lakes Fst (neutral): 0.189397
between lakes Fst (effect): 0.470723
between Marine Regions Fst: 0.00845699
-------------------------------
Output1 for generation 7001:

Oceanic mean pheno: 9.51178
Freshwater mean pheno: -9.07996
mean Ocean/Fresh Fst: 0.00998546
mean Ocean/Fresh Fst (Neutral mutations only): 0.0075733
mean Ocean/Fresh Fst (Effect mutations only): 0.079938
between lakes Fst: 0.205726
between lakes Fst (neutral): 0.19565
between lakes Fst (effect): 0.452101
between Marine Regions Fst: 0.00889321
-------------------------------
Output1 for generation 7101:

Oceanic mean pheno: 9.30172
Freshwater mean pheno: -8.71935
mean Ocean/Fresh Fst: 0.0092315
mean Ocean/Fresh Fst (Neutral mutations only): 0.0071023
mean Ocean/Fresh Fst (Effect mutations only): 0.0783068
between lakes Fst: 0.19527
between lakes Fst (neutral): 0.184789
between lakes Fst (effect): 0.471587
between Marine Regions Fst: 0.00813372
-------------------------------
Output1 for generation 7201:

Oceanic mean pheno: 9.4441
Freshwater mean pheno: -8.54161
mean Ocean/Fresh Fst: 0.0092288
mean Ocean/Fresh Fst (Neutral mutations only): 0.00702178
mean Ocean/Fresh Fst (Effect mutations only): 0.0818502
between lakes Fst: 0.201359
between lakes Fst (neutral): 0.192676
between lakes Fst (effect): 0.436917
between Marine Regions Fst: 0.00887041
-------------------------------
Output1 for generation 7301:

Oceanic mean pheno: 9.59188
Freshwater mean pheno: -8.93399
mean Ocean/Fresh Fst: 0.0101646
mean Ocean/Fresh Fst (Neutral mutations only): 0.00781455
mean Ocean/Fresh Fst (Effect mutations only): 0.0842723
between lakes Fst: 0.213649
between lakes Fst (neutral): 0.204729
between lakes Fst (effect): 0.450371
between Marine Regions Fst: 0.00879557
-------------------------------
Output1 for generation 7401:

Oceanic mean pheno: 9.46585
Freshwater mean pheno: -8.85789
mean Ocean/Fresh Fst: 0.00979674
mean Ocean/Fresh Fst (Neutral mutations only): 0.00755256
mean Ocean/Fresh Fst (Effect mutations only): 0.0781468
between lakes Fst: 0.198205
between lakes Fst (neutral): 0.189197
between lakes Fst (effect): 0.432398
between Marine Regions Fst: 0.00847839
-------------------------------
Output1 for generation 7501:

Oceanic mean pheno: 9.49562
Freshwater mean pheno: -8.80163
mean Ocean/Fresh Fst: 0.00929124
mean Ocean/Fresh Fst (Neutral mutations only): 0.00701649
mean Ocean/Fresh Fst (Effect mutations only): 0.0828069
between lakes Fst: 0.200879
between lakes Fst (neutral): 0.191152
between lakes Fst (effect): 0.451911
between Marine Regions Fst: 0.00809955
-------------------------------
Output1 for generation 7601:

Oceanic mean pheno: 9.3262
Freshwater mean pheno: -8.69312
mean Ocean/Fresh Fst: 0.00883561
mean Ocean/Fresh Fst (Neutral mutations only): 0.0064799
mean Ocean/Fresh Fst (Effect mutations only): 0.0809105
between lakes Fst: 0.188837
between lakes Fst (neutral): 0.179328
between lakes Fst (effect): 0.429813
between Marine Regions Fst: 0.0080397
-------------------------------
Output1 for generation 7701:

Oceanic mean pheno: 9.73615
Freshwater mean pheno: -9.06121
mean Ocean/Fresh Fst: 0.00979009
mean Ocean/Fresh Fst (Neutral mutations only): 0.00716879
mean Ocean/Fresh Fst (Effect mutations only): 0.0974161
between lakes Fst: 0.19939
between lakes Fst (neutral): 0.190147
between lakes Fst (effect): 0.441955
between Marine Regions Fst: 0.00900874
-------------------------------
Output1 for generation 7801:

Oceanic mean pheno: 9.38906
Freshwater mean pheno: -8.8591
mean Ocean/Fresh Fst: 0.00868883
mean Ocean/Fresh Fst (Neutral mutations only): 0.00640295
mean Ocean/Fresh Fst (Effect mutations only): 0.0824464
between lakes Fst: 0.192365
between lakes Fst (neutral): 0.183437
between lakes Fst (effect): 0.428953
between Marine Regions Fst: 0.00903391
-------------------------------
Output1 for generation 7901:

Oceanic mean pheno: 9.39239
Freshwater mean pheno: -8.71605
mean Ocean/Fresh Fst: 0.00887209
mean Ocean/Fresh Fst (Neutral mutations only): 0.00664578
mean Ocean/Fresh Fst (Effect mutations only): 0.0833017
between lakes Fst: 0.200009
between lakes Fst (neutral): 0.19139
between lakes Fst (effect): 0.43938
between Marine Regions Fst: 0.00861644
-------------------------------
Output1 for generation 8001:

Oceanic mean pheno: 9.58178
Freshwater mean pheno: -9.09979
mean Ocean/Fresh Fst: 0.00992245
mean Ocean/Fresh Fst (Neutral mutations only): 0.00749628
mean Ocean/Fresh Fst (Effect mutations only): 0.0918924
between lakes Fst: 0.203504
between lakes Fst (neutral): 0.194269
between lakes Fst (effect): 0.468395
between Marine Regions Fst: 0.00762743
-------------------------------
Output1 for generation 8101:

Oceanic mean pheno: 9.50785
Freshwater mean pheno: -8.75765
mean Ocean/Fresh Fst: 0.009312
mean Ocean/Fresh Fst (Neutral mutations only): 0.0071869
mean Ocean/Fresh Fst (Effect mutations only): 0.0828999
between lakes Fst: 0.207692
between lakes Fst (neutral): 0.199411
between lakes Fst (effect): 0.430267
between Marine Regions Fst: 0.00846241
-------------------------------
Output1 for generation 8201:

Oceanic mean pheno: 9.27818
Freshwater mean pheno: -8.92161
mean Ocean/Fresh Fst: 0.00928829
mean Ocean/Fresh Fst (Neutral mutations only): 0.00713344
mean Ocean/Fresh Fst (Effect mutations only): 0.0898259
between lakes Fst: 0.197751
between lakes Fst (neutral): 0.188621
between lakes Fst (effect): 0.466731
between Marine Regions Fst: 0.00835643
-------------------------------
Output1 for generation 8301:

Oceanic mean pheno: 9.1051
Freshwater mean pheno: -8.93364
mean Ocean/Fresh Fst: 0.00963975
mean Ocean/Fresh Fst (Neutral mutations only): 0.00738069
mean Ocean/Fresh Fst (Effect mutations only): 0.0858967
between lakes Fst: 0.212893
between lakes Fst (neutral): 0.20416
between lakes Fst (effect): 0.447148
between Marine Regions Fst: 0.00877676
-------------------------------
Output1 for generation 8401:

Oceanic mean pheno: 9.67123
Freshwater mean pheno: -9.15077
mean Ocean/Fresh Fst: 0.00994597
mean Ocean/Fresh Fst (Neutral mutations only): 0.00754206
mean Ocean/Fresh Fst (Effect mutations only): 0.0919024
between lakes Fst: 0.213895
between lakes Fst (neutral): 0.203924
between lakes Fst (effect): 0.48117
between Marine Regions Fst: 0.00821331
-------------------------------
Output1 for generation 8501:

Oceanic mean pheno: 9.38732
Freshwater mean pheno: -9.20074
mean Ocean/Fresh Fst: 0.00968199
mean Ocean/Fresh Fst (Neutral mutations only): 0.00735095
mean Ocean/Fresh Fst (Effect mutations only): 0.089714
between lakes Fst: 0.213935
between lakes Fst (neutral): 0.204119
between lakes Fst (effect): 0.485088
between Marine Regions Fst: 0.00877059
-------------------------------
Output1 for generation 8601:

Oceanic mean pheno: 9.29021
Freshwater mean pheno: -9.08832
mean Ocean/Fresh Fst: 0.00970779
mean Ocean/Fresh Fst (Neutral mutations only): 0.00736156
mean Ocean/Fresh Fst (Effect mutations only): 0.0869697
between lakes Fst: 0.217662
between lakes Fst (neutral): 0.207786
between lakes Fst (effect): 0.477096
between Marine Regions Fst: 0.00868151
-------------------------------
Output1 for generation 8701:

Oceanic mean pheno: 9.35732
Freshwater mean pheno: -8.63398
mean Ocean/Fresh Fst: 0.00899552
mean Ocean/Fresh Fst (Neutral mutations only): 0.00681588
mean Ocean/Fresh Fst (Effect mutations only): 0.0784123
between lakes Fst: 0.209427
between lakes Fst (neutral): 0.199518
between lakes Fst (effect): 0.478404
between Marine Regions Fst: 0.00835452
-------------------------------
Output1 for generation 8801:

Oceanic mean pheno: 9.50205
Freshwater mean pheno: -9.25486
mean Ocean/Fresh Fst: 0.00923102
mean Ocean/Fresh Fst (Neutral mutations only): 0.00689606
mean Ocean/Fresh Fst (Effect mutations only): 0.0842541
between lakes Fst: 0.20378
between lakes Fst (neutral): 0.194468
between lakes Fst (effect): 0.460429
between Marine Regions Fst: 0.00850905
-------------------------------
Output1 for generation 8901:

Oceanic mean pheno: 9.08371
Freshwater mean pheno: -9.09195
mean Ocean/Fresh Fst: 0.00932725
mean Ocean/Fresh Fst (Neutral mutations only): 0.00700225
mean Ocean/Fresh Fst (Effect mutations only): 0.0835206
between lakes Fst: 0.205012
between lakes Fst (neutral): 0.196104
between lakes Fst (effect): 0.435367
between Marine Regions Fst: 0.0090477
-------------------------------
Output1 for generation 9001:

Oceanic mean pheno: 9.386
Freshwater mean pheno: -9.31544
mean Ocean/Fresh Fst: 0.0101394
mean Ocean/Fresh Fst (Neutral mutations only): 0.00763435
mean Ocean/Fresh Fst (Effect mutations only): 0.0890495
between lakes Fst: 0.207058
between lakes Fst (neutral): 0.198495
between lakes Fst (effect): 0.434313
between Marine Regions Fst: 0.00938515
-------------------------------
Output1 for generation 9101:

Oceanic mean pheno: 8.97206
Freshwater mean pheno: -9.27528
mean Ocean/Fresh Fst: 0.010311
mean Ocean/Fresh Fst (Neutral mutations only): 0.00794266
mean Ocean/Fresh Fst (Effect mutations only): 0.0832555
between lakes Fst: 0.209093
between lakes Fst (neutral): 0.201196
between lakes Fst (effect): 0.406887
between Marine Regions Fst: 0.00876327
-------------------------------
Output1 for generation 9201:

Oceanic mean pheno: 9.03153
Freshwater mean pheno: -9.43629
mean Ocean/Fresh Fst: 0.00972144
mean Ocean/Fresh Fst (Neutral mutations only): 0.00731773
mean Ocean/Fresh Fst (Effect mutations only): 0.0852292
between lakes Fst: 0.202271
between lakes Fst (neutral): 0.194065
between lakes Fst (effect): 0.430788
between Marine Regions Fst: 0.00863614
-------------------------------
Output1 for generation 9301:

Oceanic mean pheno: 8.83684
Freshwater mean pheno: -8.85839
mean Ocean/Fresh Fst: 0.0100166
mean Ocean/Fresh Fst (Neutral mutations only): 0.00770832
mean Ocean/Fresh Fst (Effect mutations only): 0.0886659
between lakes Fst: 0.204352
between lakes Fst (neutral): 0.19665
between lakes Fst (effect): 0.424345
between Marine Regions Fst: 0.00939013
-------------------------------
Output1 for generation 9401:

Oceanic mean pheno: 9.10064
Freshwater mean pheno: -8.92751
mean Ocean/Fresh Fst: 0.00973674
mean Ocean/Fresh Fst (Neutral mutations only): 0.00732335
mean Ocean/Fresh Fst (Effect mutations only): 0.0903328
between lakes Fst: 0.219738
between lakes Fst (neutral): 0.211581
between lakes Fst (effect): 0.440609
between Marine Regions Fst: 0.0080436
-------------------------------
Output1 for generation 9501:

Oceanic mean pheno: 9.5996
Freshwater mean pheno: -8.66759
mean Ocean/Fresh Fst: 0.00944205
mean Ocean/Fresh Fst (Neutral mutations only): 0.00694961
mean Ocean/Fresh Fst (Effect mutations only): 0.089471
between lakes Fst: 0.212897
between lakes Fst (neutral): 0.20453
between lakes Fst (effect): 0.436242
between Marine Regions Fst: 0.00850847
-------------------------------
Output1 for generation 9601:

Oceanic mean pheno: 9.46441
Freshwater mean pheno: -8.57799
mean Ocean/Fresh Fst: 0.00880667
mean Ocean/Fresh Fst (Neutral mutations only): 0.00644004
mean Ocean/Fresh Fst (Effect mutations only): 0.099271
between lakes Fst: 0.205101
between lakes Fst (neutral): 0.196188
between lakes Fst (effect): 0.463815
between Marine Regions Fst: 0.00839725
-------------------------------
Output1 for generation 9701:

Oceanic mean pheno: 9.55241
Freshwater mean pheno: -8.7269
mean Ocean/Fresh Fst: 0.00912123
mean Ocean/Fresh Fst (Neutral mutations only): 0.0066269
mean Ocean/Fresh Fst (Effect mutations only): 0.0920723
between lakes Fst: 0.218974
between lakes Fst (neutral): 0.211485
between lakes Fst (effect): 0.426358
between Marine Regions Fst: 0.00888666
-------------------------------
Output1 for generation 9801:

Oceanic mean pheno: 9.45891
Freshwater mean pheno: -8.94232
mean Ocean/Fresh Fst: 0.00960324
mean Ocean/Fresh Fst (Neutral mutations only): 0.00704236
mean Ocean/Fresh Fst (Effect mutations only): 0.104684
between lakes Fst: 0.212023
between lakes Fst (neutral): 0.202695
between lakes Fst (effect): 0.504822
between Marine Regions Fst: 0.00939976
-------------------------------
Output1 for generation 9901:

Oceanic mean pheno: 9.10614
Freshwater mean pheno: -9.07557
mean Ocean/Fresh Fst: 0.00992065
mean Ocean/Fresh Fst (Neutral mutations only): 0.00734626
mean Ocean/Fresh Fst (Effect mutations only): 0.121868
between lakes Fst: 0.212709
between lakes Fst (neutral): 0.203923
between lakes Fst (effect): 0.508239
between Marine Regions Fst: 0.00851102
-------------------------------
Output1 for generation 10001:

Oceanic mean pheno: 8.93718
Freshwater mean pheno: -9.0316
mean Ocean/Fresh Fst: 0.0101048
mean Ocean/Fresh Fst (Neutral mutations only): 0.00766675
mean Ocean/Fresh Fst (Effect mutations only): 0.112921
between lakes Fst: 0.217454
between lakes Fst (neutral): 0.20912
between lakes Fst (effect): 0.502547
between Marine Regions Fst: 0.00854585
-------------------------------
Output1 for generation 10101:

Oceanic mean pheno: 9.23351
Freshwater mean pheno: -9.27909
mean Ocean/Fresh Fst: 0.0094331
mean Ocean/Fresh Fst (Neutral mutations only): 0.00693733
mean Ocean/Fresh Fst (Effect mutations only): 0.103953
between lakes Fst: 0.209927
between lakes Fst (neutral): 0.202848
between lakes Fst (effect): 0.447157
between Marine Regions Fst: 0.00980264
-------------------------------
Output1 for generation 10201:

Oceanic mean pheno: 9.24747
Freshwater mean pheno: -9.02846
mean Ocean/Fresh Fst: 0.00970154
mean Ocean/Fresh Fst (Neutral mutations only): 0.00720282
mean Ocean/Fresh Fst (Effect mutations only): 0.103627
between lakes Fst: 0.218518
between lakes Fst (neutral): 0.212695
between lakes Fst (effect): 0.384405
between Marine Regions Fst: 0.00843576
-------------------------------
Output1 for generation 10301:

Oceanic mean pheno: 9.15907
Freshwater mean pheno: -9.02705
mean Ocean/Fresh Fst: 0.00948868
mean Ocean/Fresh Fst (Neutral mutations only): 0.00707909
mean Ocean/Fresh Fst (Effect mutations only): 0.096865
between lakes Fst: 0.211135
between lakes Fst (neutral): 0.205594
between lakes Fst (effect): 0.3725
between Marine Regions Fst: 0.00832619
-------------------------------
Output1 for generation 10401:

Oceanic mean pheno: 9.11014
Freshwater mean pheno: -9.04979
mean Ocean/Fresh Fst: 0.00951286
mean Ocean/Fresh Fst (Neutral mutations only): 0.00712428
mean Ocean/Fresh Fst (Effect mutations only): 0.114883
between lakes Fst: 0.21471
between lakes Fst (neutral): 0.207792
between lakes Fst (effect): 0.460686
between Marine Regions Fst: 0.00855577
-------------------------------
Output1 for generation 10501:

Oceanic mean pheno: 9.34507
Freshwater mean pheno: -8.77469
mean Ocean/Fresh Fst: 0.0099303
mean Ocean/Fresh Fst (Neutral mutations only): 0.00755765
mean Ocean/Fresh Fst (Effect mutations only): 0.113207
between lakes Fst: 0.220491
between lakes Fst (neutral): 0.213997
between lakes Fst (effect): 0.444342
between Marine Regions Fst: 0.00808289
-------------------------------
Output1 for generation 10601:

Oceanic mean pheno: 8.98904
Freshwater mean pheno: -8.73581
mean Ocean/Fresh Fst: 0.00964215
mean Ocean/Fresh Fst (Neutral mutations only): 0.0074034
mean Ocean/Fresh Fst (Effect mutations only): 0.105722
between lakes Fst: 0.21116
between lakes Fst (neutral): 0.203932
between lakes Fst (effect): 0.474868
between Marine Regions Fst: 0.00805001
-------------------------------
Output1 for generation 10701:

Oceanic mean pheno: 8.73789
Freshwater mean pheno: -9.30494
mean Ocean/Fresh Fst: 0.0102571
mean Ocean/Fresh Fst (Neutral mutations only): 0.0079616
mean Ocean/Fresh Fst (Effect mutations only): 0.0966257
between lakes Fst: 0.211772
between lakes Fst (neutral): 0.205506
between lakes Fst (effect): 0.411757
between Marine Regions Fst: 0.00881225
-------------------------------
Output1 for generation 10801:

Oceanic mean pheno: 8.84489
Freshwater mean pheno: -8.99879
mean Ocean/Fresh Fst: 0.0101381
mean Ocean/Fresh Fst (Neutral mutations only): 0.00792602
mean Ocean/Fresh Fst (Effect mutations only): 0.0944198
between lakes Fst: 0.211723
between lakes Fst (neutral): 0.206513
between lakes Fst (effect): 0.377451
between Marine Regions Fst: 0.00818614
-------------------------------
Output1 for generation 10901:

Oceanic mean pheno: 9.02066
Freshwater mean pheno: -9.17685
mean Ocean/Fresh Fst: 0.0101345
mean Ocean/Fresh Fst (Neutral mutations only): 0.00776274
mean Ocean/Fresh Fst (Effect mutations only): 0.116377
between lakes Fst: 0.222833
between lakes Fst (neutral): 0.21629
between lakes Fst (effect): 0.464319
between Marine Regions Fst: 0.00810395
-------------------------------
Output1 for generation 11001:

Oceanic mean pheno: 9.21245
Freshwater mean pheno: -9.13052
mean Ocean/Fresh Fst: 0.00975212
mean Ocean/Fresh Fst (Neutral mutations only): 0.00742174
mean Ocean/Fresh Fst (Effect mutations only): 0.105482
between lakes Fst: 0.212335
between lakes Fst (neutral): 0.205959
between lakes Fst (effect): 0.424162
between Marine Regions Fst: 0.00810513
-------------------------------
Output1 for generation 11101:

Oceanic mean pheno: 9.21223
Freshwater mean pheno: -9.14241
mean Ocean/Fresh Fst: 0.0100912
mean Ocean/Fresh Fst (Neutral mutations only): 0.00758963
mean Ocean/Fresh Fst (Effect mutations only): 0.118302
between lakes Fst: 0.215909
between lakes Fst (neutral): 0.208863
between lakes Fst (effect): 0.464171
between Marine Regions Fst: 0.00823957
-------------------------------
Output1 for generation 11201:

Oceanic mean pheno: 8.97227
Freshwater mean pheno: -8.99245
mean Ocean/Fresh Fst: 0.00955323
mean Ocean/Fresh Fst (Neutral mutations only): 0.00721881
mean Ocean/Fresh Fst (Effect mutations only): 0.105571
between lakes Fst: 0.215401
between lakes Fst (neutral): 0.208717
between lakes Fst (effect): 0.43905
between Marine Regions Fst: 0.00831004
-------------------------------
Output1 for generation 11301:

Oceanic mean pheno: 9.31323
Freshwater mean pheno: -8.60541
mean Ocean/Fresh Fst: 0.00949229
mean Ocean/Fresh Fst (Neutral mutations only): 0.00717343
mean Ocean/Fresh Fst (Effect mutations only): 0.103495
between lakes Fst: 0.206194
between lakes Fst (neutral): 0.199113
between lakes Fst (effect): 0.445985
between Marine Regions Fst: 0.00879235
-------------------------------
Output1 for generation 11401:

Oceanic mean pheno: 9.03538
Freshwater mean pheno: -8.60413
mean Ocean/Fresh Fst: 0.00967544
mean Ocean/Fresh Fst (Neutral mutations only): 0.00744149
mean Ocean/Fresh Fst (Effect mutations only): 0.0887269
between lakes Fst: 0.21406
between lakes Fst (neutral): 0.206976
between lakes Fst (effect): 0.435788
between Marine Regions Fst: 0.00886935
-------------------------------
Output1 for generation 11501:

Oceanic mean pheno: 9.29945
Freshwater mean pheno: -8.65246
mean Ocean/Fresh Fst: 0.00981961
mean Ocean/Fresh Fst (Neutral mutations only): 0.00742993
mean Ocean/Fresh Fst (Effect mutations only): 0.094436
between lakes Fst: 0.212672
between lakes Fst (neutral): 0.206066
between lakes Fst (effect): 0.425642
between Marine Regions Fst: 0.00909409
-------------------------------
Output1 for generation 11601:

Oceanic mean pheno: 8.72267
Freshwater mean pheno: -8.87298
mean Ocean/Fresh Fst: 0.00985924
mean Ocean/Fresh Fst (Neutral mutations only): 0.00748823
mean Ocean/Fresh Fst (Effect mutations only): 0.100254
between lakes Fst: 0.211905
between lakes Fst (neutral): 0.20538
between lakes Fst (effect): 0.422271
between Marine Regions Fst: 0.00818459
-------------------------------
Output1 for generation 11701:

Oceanic mean pheno: 8.86797
Freshwater mean pheno: -8.84461
mean Ocean/Fresh Fst: 0.00927456
mean Ocean/Fresh Fst (Neutral mutations only): 0.00695683
mean Ocean/Fresh Fst (Effect mutations only): 0.101924
between lakes Fst: 0.218731
between lakes Fst (neutral): 0.212322
between lakes Fst (effect): 0.437902
between Marine Regions Fst: 0.00857581
-------------------------------
Output1 for generation 11801:

Oceanic mean pheno: 9.21451
Freshwater mean pheno: -8.97838
mean Ocean/Fresh Fst: 0.0104415
mean Ocean/Fresh Fst (Neutral mutations only): 0.00805904
mean Ocean/Fresh Fst (Effect mutations only): 0.108688
between lakes Fst: 0.23111
between lakes Fst (neutral): 0.224065
between lakes Fst (effect): 0.473576
between Marine Regions Fst: 0.00909463
-------------------------------
Output1 for generation 11901:

Oceanic mean pheno: 8.99272
Freshwater mean pheno: -8.97305
mean Ocean/Fresh Fst: 0.0105826
mean Ocean/Fresh Fst (Neutral mutations only): 0.00823
mean Ocean/Fresh Fst (Effect mutations only): 0.0996279
between lakes Fst: 0.238135
between lakes Fst (neutral): 0.230931
between lakes Fst (effect): 0.471202
between Marine Regions Fst: 0.00878524
-------------------------------
Output1 for generation 12001:

Oceanic mean pheno: 9.09232
Freshwater mean pheno: -8.55529
mean Ocean/Fresh Fst: 0.0101992
mean Ocean/Fresh Fst (Neutral mutations only): 0.00804101
mean Ocean/Fresh Fst (Effect mutations only): 0.0950892
between lakes Fst: 0.23489
between lakes Fst (neutral): 0.228432
between lakes Fst (effect): 0.452461
between Marine Regions Fst: 0.00968228
-------------------------------
Output1 for generation 12101:

Oceanic mean pheno: 9.20208
Freshwater mean pheno: -8.81994
mean Ocean/Fresh Fst: 0.00970909
mean Ocean/Fresh Fst (Neutral mutations only): 0.00748947
mean Ocean/Fresh Fst (Effect mutations only): 0.103713
between lakes Fst: 0.234663
between lakes Fst (neutral): 0.227978
between lakes Fst (effect): 0.471976
between Marine Regions Fst: 0.00968526
-------------------------------
Output1 for generation 12201:

Oceanic mean pheno: 9.05958
Freshwater mean pheno: -8.72172
mean Ocean/Fresh Fst: 0.00982437
mean Ocean/Fresh Fst (Neutral mutations only): 0.00767331
mean Ocean/Fresh Fst (Effect mutations only): 0.0980746
between lakes Fst: 0.226471
between lakes Fst (neutral): 0.219307
between lakes Fst (effect): 0.477817
between Marine Regions Fst: 0.00914688
-------------------------------
Output1 for generation 12301:

Oceanic mean pheno: 9.60552
Freshwater mean pheno: -8.96911
mean Ocean/Fresh Fst: 0.010843
mean Ocean/Fresh Fst (Neutral mutations only): 0.00834579
mean Ocean/Fresh Fst (Effect mutations only): 0.0997556
between lakes Fst: 0.229739
between lakes Fst (neutral): 0.223956
between lakes Fst (effect): 0.399781
between Marine Regions Fst: 0.00983283
-------------------------------
Output1 for generation 12401:

Oceanic mean pheno: 9.21381
Freshwater mean pheno: -8.65591
mean Ocean/Fresh Fst: 0.0100212
mean Ocean/Fresh Fst (Neutral mutations only): 0.00776306
mean Ocean/Fresh Fst (Effect mutations only): 0.110821
between lakes Fst: 0.214756
between lakes Fst (neutral): 0.208937
between lakes Fst (effect): 0.422776
between Marine Regions Fst: 0.00812873
-------------------------------
Output1 for generation 12501:

Oceanic mean pheno: 9.01115
Freshwater mean pheno: -8.76483
mean Ocean/Fresh Fst: 0.0101895
mean Ocean/Fresh Fst (Neutral mutations only): 0.00793332
mean Ocean/Fresh Fst (Effect mutations only): 0.109267
between lakes Fst: 0.217025
between lakes Fst (neutral): 0.211201
between lakes Fst (effect): 0.439032
between Marine Regions Fst: 0.00893499
-------------------------------
Output1 for generation 12601:

Oceanic mean pheno: 8.82843
Freshwater mean pheno: -8.78468
mean Ocean/Fresh Fst: 0.00971562
mean Ocean/Fresh Fst (Neutral mutations only): 0.0075911
mean Ocean/Fresh Fst (Effect mutations only): 0.108444
between lakes Fst: 0.216603
between lakes Fst (neutral): 0.209789
between lakes Fst (effect): 0.46613
between Marine Regions Fst: 0.00793457
-------------------------------
Output1 for generation 12701:

Oceanic mean pheno: 9.07492
Freshwater mean pheno: -8.86519
mean Ocean/Fresh Fst: 0.00931868
mean Ocean/Fresh Fst (Neutral mutations only): 0.00706291
mean Ocean/Fresh Fst (Effect mutations only): 0.107319
between lakes Fst: 0.214997
between lakes Fst (neutral): 0.208922
between lakes Fst (effect): 0.44162
between Marine Regions Fst: 0.00829976
-------------------------------
Output1 for generation 12801:

Oceanic mean pheno: 9.11682
Freshwater mean pheno: -8.84659
mean Ocean/Fresh Fst: 0.00905741
mean Ocean/Fresh Fst (Neutral mutations only): 0.00680242
mean Ocean/Fresh Fst (Effect mutations only): 0.11137
between lakes Fst: 0.205762
between lakes Fst (neutral): 0.199397
between lakes Fst (effect): 0.454369
between Marine Regions Fst: 0.0082964
-------------------------------
Output1 for generation 12901:

Oceanic mean pheno: 8.65581
Freshwater mean pheno: -9.03494
mean Ocean/Fresh Fst: 0.00903948
mean Ocean/Fresh Fst (Neutral mutations only): 0.00675407
mean Ocean/Fresh Fst (Effect mutations only): 0.111165
between lakes Fst: 0.208854
between lakes Fst (neutral): 0.20296
between lakes Fst (effect): 0.419667
between Marine Regions Fst: 0.00881572
-------------------------------
Output1 for generation 13001:

Oceanic mean pheno: 9.16547
Freshwater mean pheno: -8.73036
mean Ocean/Fresh Fst: 0.00980611
mean Ocean/Fresh Fst (Neutral mutations only): 0.00744239
mean Ocean/Fresh Fst (Effect mutations only): 0.118815
between lakes Fst: 0.20852
between lakes Fst (neutral): 0.201624
between lakes Fst (effect): 0.464093
between Marine Regions Fst: 0.00885001
-------------------------------
Output1 for generation 13101:

Oceanic mean pheno: 9.00204
Freshwater mean pheno: -8.48999
mean Ocean/Fresh Fst: 0.0102667
mean Ocean/Fresh Fst (Neutral mutations only): 0.00791578
mean Ocean/Fresh Fst (Effect mutations only): 0.112945
between lakes Fst: 0.213355
between lakes Fst (neutral): 0.206845
between lakes Fst (effect): 0.445345
between Marine Regions Fst: 0.00913127
-------------------------------
Output1 for generation 13201:

Oceanic mean pheno: 8.83727
Freshwater mean pheno: -9.05341
mean Ocean/Fresh Fst: 0.0104781
mean Ocean/Fresh Fst (Neutral mutations only): 0.00806745
mean Ocean/Fresh Fst (Effect mutations only): 0.10925
between lakes Fst: 0.213672
between lakes Fst (neutral): 0.20626
between lakes Fst (effect): 0.472688
between Marine Regions Fst: 0.0092663
-------------------------------
Output1 for generation 13301:

Oceanic mean pheno: 8.70473
Freshwater mean pheno: -8.55038
mean Ocean/Fresh Fst: 0.00925467
mean Ocean/Fresh Fst (Neutral mutations only): 0.00704174
mean Ocean/Fresh Fst (Effect mutations only): 0.109878
between lakes Fst: 0.214332
between lakes Fst (neutral): 0.206825
between lakes Fst (effect): 0.494222
between Marine Regions Fst: 0.00850188
-------------------------------
Output1 for generation 13401:

Oceanic mean pheno: 8.76616
Freshwater mean pheno: -8.73852
mean Ocean/Fresh Fst: 0.00959444
mean Ocean/Fresh Fst (Neutral mutations only): 0.00728001
mean Ocean/Fresh Fst (Effect mutations only): 0.0948809
between lakes Fst: 0.22343
between lakes Fst (neutral): 0.217677
between lakes Fst (effect): 0.399373
between Marine Regions Fst: 0.00897236
-------------------------------
Output1 for generation 13501:

Oceanic mean pheno: 8.63542
Freshwater mean pheno: -8.6862
mean Ocean/Fresh Fst: 0.00914167
mean Ocean/Fresh Fst (Neutral mutations only): 0.00694271
mean Ocean/Fresh Fst (Effect mutations only): 0.0981417
between lakes Fst: 0.220255
between lakes Fst (neutral): 0.213929
between lakes Fst (effect): 0.456088
between Marine Regions Fst: 0.00844228
-------------------------------
Output1 for generation 13601:

Oceanic mean pheno: 8.66388
Freshwater mean pheno: -8.65991
mean Ocean/Fresh Fst: 0.00955924
mean Ocean/Fresh Fst (Neutral mutations only): 0.00737805
mean Ocean/Fresh Fst (Effect mutations only): 0.108162
between lakes Fst: 0.216449
between lakes Fst (neutral): 0.210648
between lakes Fst (effect): 0.429628
between Marine Regions Fst: 0.0085822
-------------------------------
Output1 for generation 13701:

Oceanic mean pheno: 8.75913
Freshwater mean pheno: -8.57649
mean Ocean/Fresh Fst: 0.00926609
mean Ocean/Fresh Fst (Neutral mutations only): 0.00713666
mean Ocean/Fresh Fst (Effect mutations only): 0.0973571
between lakes Fst: 0.207699
between lakes Fst (neutral): 0.202863
between lakes Fst (effect): 0.375463
between Marine Regions Fst: 0.00809019
-------------------------------
Output1 for generation 13801:

Oceanic mean pheno: 8.74025
Freshwater mean pheno: -8.59388
mean Ocean/Fresh Fst: 0.00949646
mean Ocean/Fresh Fst (Neutral mutations only): 0.00729497
mean Ocean/Fresh Fst (Effect mutations only): 0.110632
between lakes Fst: 0.216864
between lakes Fst (neutral): 0.211356
between lakes Fst (effect): 0.424951
between Marine Regions Fst: 0.00823598
-------------------------------
Output1 for generation 13901:

Oceanic mean pheno: 8.97557
Freshwater mean pheno: -8.76224
mean Ocean/Fresh Fst: 0.00927914
mean Ocean/Fresh Fst (Neutral mutations only): 0.00711121
mean Ocean/Fresh Fst (Effect mutations only): 0.112486
between lakes Fst: 0.214286
between lakes Fst (neutral): 0.208622
between lakes Fst (effect): 0.446689
between Marine Regions Fst: 0.00945115
-------------------------------
Output1 for generation 14001:

Oceanic mean pheno: 9.1161
Freshwater mean pheno: -8.65909
mean Ocean/Fresh Fst: 0.00991428
mean Ocean/Fresh Fst (Neutral mutations only): 0.00770461
mean Ocean/Fresh Fst (Effect mutations only): 0.122018
between lakes Fst: 0.219635
between lakes Fst (neutral): 0.213318
between lakes Fst (effect): 0.475864
between Marine Regions Fst: 0.00809054
-------------------------------
Output1 for generation 14101:

Oceanic mean pheno: 8.92588
Freshwater mean pheno: -8.82688
mean Ocean/Fresh Fst: 0.0100512
mean Ocean/Fresh Fst (Neutral mutations only): 0.00788097
mean Ocean/Fresh Fst (Effect mutations only): 0.120227
between lakes Fst: 0.232729
between lakes Fst (neutral): 0.225731
between lakes Fst (effect): 0.520634
between Marine Regions Fst: 0.00911813
-------------------------------
Output1 for generation 14201:

Oceanic mean pheno: 8.87107
Freshwater mean pheno: -8.88551
mean Ocean/Fresh Fst: 0.00987386
mean Ocean/Fresh Fst (Neutral mutations only): 0.00771832
mean Ocean/Fresh Fst (Effect mutations only): 0.117442
between lakes Fst: 0.218011
between lakes Fst (neutral): 0.210803
between lakes Fst (effect): 0.518748
between Marine Regions Fst: 0.00907146
-------------------------------
Output1 for generation 14301:

Oceanic mean pheno: 8.99775
Freshwater mean pheno: -8.97713
mean Ocean/Fresh Fst: 0.0102757
mean Ocean/Fresh Fst (Neutral mutations only): 0.00810167
mean Ocean/Fresh Fst (Effect mutations only): 0.107239
between lakes Fst: 0.22143
between lakes Fst (neutral): 0.214556
between lakes Fst (effect): 0.482393
between Marine Regions Fst: 0.00916503
-------------------------------
Output1 for generation 14401:

Oceanic mean pheno: 8.81407
Freshwater mean pheno: -8.70583
mean Ocean/Fresh Fst: 0.00978822
mean Ocean/Fresh Fst (Neutral mutations only): 0.00773669
mean Ocean/Fresh Fst (Effect mutations only): 0.109159
between lakes Fst: 0.221187
between lakes Fst (neutral): 0.214424
between lakes Fst (effect): 0.482758
between Marine Regions Fst: 0.00860881
-------------------------------
Output1 for generation 14501:

Oceanic mean pheno: 9.11112
Freshwater mean pheno: -8.54566
mean Ocean/Fresh Fst: 0.0097183
mean Ocean/Fresh Fst (Neutral mutations only): 0.0076069
mean Ocean/Fresh Fst (Effect mutations only): 0.119019
between lakes Fst: 0.220491
between lakes Fst (neutral): 0.213539
between lakes Fst (effect): 0.503178
between Marine Regions Fst: 0.0085988
-------------------------------
Output1 for generation 14601:

Oceanic mean pheno: 9.29868
Freshwater mean pheno: -8.96574
mean Ocean/Fresh Fst: 0.0097399
mean Ocean/Fresh Fst (Neutral mutations only): 0.00755183
mean Ocean/Fresh Fst (Effect mutations only): 0.124541
between lakes Fst: 0.215503
between lakes Fst (neutral): 0.209446
between lakes Fst (effect): 0.482463
between Marine Regions Fst: 0.00815131
-------------------------------
Output1 for generation 14701:

Oceanic mean pheno: 9.51166
Freshwater mean pheno: -8.66794
mean Ocean/Fresh Fst: 0.0101604
mean Ocean/Fresh Fst (Neutral mutations only): 0.00788162
mean Ocean/Fresh Fst (Effect mutations only): 0.123366
between lakes Fst: 0.232981
between lakes Fst (neutral): 0.227014
between lakes Fst (effect): 0.475982
between Marine Regions Fst: 0.00924397
-------------------------------
Output1 for generation 14801:

Oceanic mean pheno: 8.95303
Freshwater mean pheno: -8.71978
mean Ocean/Fresh Fst: 0.00998677
mean Ocean/Fresh Fst (Neutral mutations only): 0.00772941
mean Ocean/Fresh Fst (Effect mutations only): 0.130795
between lakes Fst: 0.230327
between lakes Fst (neutral): 0.223664
between lakes Fst (effect): 0.531637
between Marine Regions Fst: 0.00913837
-------------------------------
Output1 for generation 14901:

Oceanic mean pheno: 9.13846
Freshwater mean pheno: -8.89283
mean Ocean/Fresh Fst: 0.0100873
mean Ocean/Fresh Fst (Neutral mutations only): 0.00787818
mean Ocean/Fresh Fst (Effect mutations only): 0.116953
between lakes Fst: 0.227297
between lakes Fst (neutral): 0.220873
between lakes Fst (effect): 0.482555
between Marine Regions Fst: 0.00858877
-------------------------------
Output1 for generation 15001:

Oceanic mean pheno: 8.82088
Freshwater mean pheno: -8.33578
mean Ocean/Fresh Fst: 0.00970634
mean Ocean/Fresh Fst (Neutral mutations only): 0.00768282
mean Ocean/Fresh Fst (Effect mutations only): 0.108353
between lakes Fst: 0.212385
between lakes Fst (neutral): 0.206689
between lakes Fst (effect): 0.458308
between Marine Regions Fst: 0.00881176
-------------------------------
Output1 for generation 15101:

Oceanic mean pheno: 8.86274
Freshwater mean pheno: -8.69624
mean Ocean/Fresh Fst: 0.0101026
mean Ocean/Fresh Fst (Neutral mutations only): 0.00793184
mean Ocean/Fresh Fst (Effect mutations only): 0.12132
between lakes Fst: 0.22379
between lakes Fst (neutral): 0.217317
between lakes Fst (effect): 0.504407
between Marine Regions Fst: 0.0081469
-------------------------------
Output1 for generation 15201:

Oceanic mean pheno: 9.27902
Freshwater mean pheno: -8.56107
mean Ocean/Fresh Fst: 0.00985831
mean Ocean/Fresh Fst (Neutral mutations only): 0.00752641
mean Ocean/Fresh Fst (Effect mutations only): 0.131583
between lakes Fst: 0.218764
between lakes Fst (neutral): 0.212445
between lakes Fst (effect): 0.487873
between Marine Regions Fst: 0.0093732
-------------------------------
Output1 for generation 15301:

Oceanic mean pheno: 9.25823
Freshwater mean pheno: -8.57318
mean Ocean/Fresh Fst: 0.00953343
mean Ocean/Fresh Fst (Neutral mutations only): 0.00720967
mean Ocean/Fresh Fst (Effect mutations only): 0.1081
between lakes Fst: 0.226648
between lakes Fst (neutral): 0.220873
between lakes Fst (effect): 0.433666
between Marine Regions Fst: 0.00842318
-------------------------------
Output1 for generation 15401:

Oceanic mean pheno: 8.95472
Freshwater mean pheno: -8.73017
mean Ocean/Fresh Fst: 0.00985002
mean Ocean/Fresh Fst (Neutral mutations only): 0.00763461
mean Ocean/Fresh Fst (Effect mutations only): 0.111826
between lakes Fst: 0.226072
between lakes Fst (neutral): 0.220709
between lakes Fst (effect): 0.441466
between Marine Regions Fst: 0.0089262
-------------------------------
Output1 for generation 15501:

Oceanic mean pheno: 9.06085
Freshwater mean pheno: -8.52249
mean Ocean/Fresh Fst: 0.00940781
mean Ocean/Fresh Fst (Neutral mutations only): 0.00716598
mean Ocean/Fresh Fst (Effect mutations only): 0.109814
between lakes Fst: 0.219472
between lakes Fst (neutral): 0.214014
between lakes Fst (effect): 0.416666
between Marine Regions Fst: 0.00973611
-------------------------------
Output1 for generation 15601:

Oceanic mean pheno: 8.82481
Freshwater mean pheno: -9.05301
mean Ocean/Fresh Fst: 0.00969591
mean Ocean/Fresh Fst (Neutral mutations only): 0.00744554
mean Ocean/Fresh Fst (Effect mutations only): 0.124615
between lakes Fst: 0.225694
between lakes Fst (neutral): 0.219805
between lakes Fst (effect): 0.459871
between Marine Regions Fst: 0.00892949
-------------------------------
Output1 for generation 15701:

Oceanic mean pheno: 8.9471
Freshwater mean pheno: -8.94635
mean Ocean/Fresh Fst: 0.00945193
mean Ocean/Fresh Fst (Neutral mutations only): 0.00728293
mean Ocean/Fresh Fst (Effect mutations only): 0.100139
between lakes Fst: 0.213341
between lakes Fst (neutral): 0.208366
between lakes Fst (effect): 0.386026
between Marine Regions Fst: 0.00913769
-------------------------------
Output1 for generation 15801:

Oceanic mean pheno: 9.21449
Freshwater mean pheno: -9.06256
mean Ocean/Fresh Fst: 0.0098632
mean Ocean/Fresh Fst (Neutral mutations only): 0.00748854
mean Ocean/Fresh Fst (Effect mutations only): 0.126681
between lakes Fst: 0.219058
between lakes Fst (neutral): 0.213604
between lakes Fst (effect): 0.435568
between Marine Regions Fst: 0.00860545
-------------------------------
Output1 for generation 15901:

Oceanic mean pheno: 8.9271
Freshwater mean pheno: -9.09419
mean Ocean/Fresh Fst: 0.00960043
mean Ocean/Fresh Fst (Neutral mutations only): 0.0073838
mean Ocean/Fresh Fst (Effect mutations only): 0.115193
between lakes Fst: 0.216239
between lakes Fst (neutral): 0.210916
between lakes Fst (effect): 0.435357
between Marine Regions Fst: 0.008667
-------------------------------
Output1 for generation 16001:

Oceanic mean pheno: 8.88286
Freshwater mean pheno: -8.79242
mean Ocean/Fresh Fst: 0.0102434
mean Ocean/Fresh Fst (Neutral mutations only): 0.00808763
mean Ocean/Fresh Fst (Effect mutations only): 0.105284
between lakes Fst: 0.227784
between lakes Fst (neutral): 0.222992
between lakes Fst (effect): 0.416711
between Marine Regions Fst: 0.00960605
-------------------------------
Output1 for generation 16101:

Oceanic mean pheno: 8.84312
Freshwater mean pheno: -8.88382
mean Ocean/Fresh Fst: 0.00939912
mean Ocean/Fresh Fst (Neutral mutations only): 0.0072405
mean Ocean/Fresh Fst (Effect mutations only): 0.102862
between lakes Fst: 0.223265
between lakes Fst (neutral): 0.217932
between lakes Fst (effect): 0.430937
between Marine Regions Fst: 0.00883865
-------------------------------
Output1 for generation 16201:

Oceanic mean pheno: 8.83961
Freshwater mean pheno: -8.49846
mean Ocean/Fresh Fst: 0.00984011
mean Ocean/Fresh Fst (Neutral mutations only): 0.00775398
mean Ocean/Fresh Fst (Effect mutations only): 0.110986
between lakes Fst: 0.213156
between lakes Fst (neutral): 0.207998
between lakes Fst (effect): 0.428283
between Marine Regions Fst: 0.0086908
-------------------------------
Output1 for generation 16301:

Oceanic mean pheno: 9.30546
Freshwater mean pheno: -8.60256
mean Ocean/Fresh Fst: 0.0107193
mean Ocean/Fresh Fst (Neutral mutations only): 0.00843412
mean Ocean/Fresh Fst (Effect mutations only): 0.129394
between lakes Fst: 0.233907
between lakes Fst (neutral): 0.228068
between lakes Fst (effect): 0.504902
between Marine Regions Fst: 0.0103561
-------------------------------
Output1 for generation 16401:

Oceanic mean pheno: 9.34728
Freshwater mean pheno: -8.67964
mean Ocean/Fresh Fst: 0.0104211
mean Ocean/Fresh Fst (Neutral mutations only): 0.00806418
mean Ocean/Fresh Fst (Effect mutations only): 0.134551
between lakes Fst: 0.228839
between lakes Fst (neutral): 0.223923
between lakes Fst (effect): 0.437107
between Marine Regions Fst: 0.0088674
-------------------------------
Output1 for generation 16501:

Oceanic mean pheno: 9.14356
Freshwater mean pheno: -8.75938
mean Ocean/Fresh Fst: 0.0104557
mean Ocean/Fresh Fst (Neutral mutations only): 0.00804378
mean Ocean/Fresh Fst (Effect mutations only): 0.137647
between lakes Fst: 0.231333
between lakes Fst (neutral): 0.226827
between lakes Fst (effect): 0.42046
between Marine Regions Fst: 0.00874199
-------------------------------
Output1 for generation 16601:

Oceanic mean pheno: 9.64253
Freshwater mean pheno: -8.79158
mean Ocean/Fresh Fst: 0.0104108
mean Ocean/Fresh Fst (Neutral mutations only): 0.00790098
mean Ocean/Fresh Fst (Effect mutations only): 0.139141
between lakes Fst: 0.229831
between lakes Fst (neutral): 0.224676
between lakes Fst (effect): 0.465705
between Marine Regions Fst: 0.00963117
-------------------------------
Output1 for generation 16701:

Oceanic mean pheno: 9.23599
Freshwater mean pheno: -8.64691
mean Ocean/Fresh Fst: 0.0100232
mean Ocean/Fresh Fst (Neutral mutations only): 0.00770641
mean Ocean/Fresh Fst (Effect mutations only): 0.12601
between lakes Fst: 0.229093
between lakes Fst (neutral): 0.22309
between lakes Fst (effect): 0.501372
between Marine Regions Fst: 0.00985668
-------------------------------
Output1 for generation 16801:

Oceanic mean pheno: 9.30056
Freshwater mean pheno: -8.82536
mean Ocean/Fresh Fst: 0.0102373
mean Ocean/Fresh Fst (Neutral mutations only): 0.00779464
mean Ocean/Fresh Fst (Effect mutations only): 0.137012
between lakes Fst: 0.234361
between lakes Fst (neutral): 0.228376
between lakes Fst (effect): 0.496868
between Marine Regions Fst: 0.00802225
-------------------------------
Output1 for generation 16901:

Oceanic mean pheno: 9.17069
Freshwater mean pheno: -8.87155
mean Ocean/Fresh Fst: 0.010001
mean Ocean/Fresh Fst (Neutral mutations only): 0.00766215
mean Ocean/Fresh Fst (Effect mutations only): 0.14652
between lakes Fst: 0.235492
between lakes Fst (neutral): 0.228905
between lakes Fst (effect): 0.557693
between Marine Regions Fst: 0.00847282
-------------------------------
Output1 for generation 17001:

Oceanic mean pheno: 9.0399
Freshwater mean pheno: -8.83316
mean Ocean/Fresh Fst: 0.0102594
mean Ocean/Fresh Fst (Neutral mutations only): 0.00791399
mean Ocean/Fresh Fst (Effect mutations only): 0.139925
between lakes Fst: 0.228314
between lakes Fst (neutral): 0.222516
between lakes Fst (effect): 0.497161
between Marine Regions Fst: 0.00969612
-------------------------------
Output1 for generation 17101:

Oceanic mean pheno: 9.14523
Freshwater mean pheno: -8.90577
mean Ocean/Fresh Fst: 0.00980447
mean Ocean/Fresh Fst (Neutral mutations only): 0.00748614
mean Ocean/Fresh Fst (Effect mutations only): 0.143688
between lakes Fst: 0.228343
between lakes Fst (neutral): 0.223267
between lakes Fst (effect): 0.470508
between Marine Regions Fst: 0.00875365
-------------------------------
Output1 for generation 17201:

Oceanic mean pheno: 9.32079
Freshwater mean pheno: -8.861
mean Ocean/Fresh Fst: 0.00990533
mean Ocean/Fresh Fst (Neutral mutations only): 0.00765614
mean Ocean/Fresh Fst (Effect mutations only): 0.139427
between lakes Fst: 0.211756
between lakes Fst (neutral): 0.207048
between lakes Fst (effect): 0.424573
between Marine Regions Fst: 0.00860239
-------------------------------
Output1 for generation 17301:

Oceanic mean pheno: 9.18463
Freshwater mean pheno: -8.41197
mean Ocean/Fresh Fst: 0.0101984
mean Ocean/Fresh Fst (Neutral mutations only): 0.00806327
mean Ocean/Fresh Fst (Effect mutations only): 0.129841
between lakes Fst: 0.214299
between lakes Fst (neutral): 0.208979
between lakes Fst (effect): 0.451319
between Marine Regions Fst: 0.00843954
-------------------------------
Output1 for generation 17401:

Oceanic mean pheno: 9.44949
Freshwater mean pheno: -8.87121
mean Ocean/Fresh Fst: 0.0105631
mean Ocean/Fresh Fst (Neutral mutations only): 0.00815351
mean Ocean/Fresh Fst (Effect mutations only): 0.147994
between lakes Fst: 0.225349
between lakes Fst (neutral): 0.219419
between lakes Fst (effect): 0.510418
between Marine Regions Fst: 0.00907239
-------------------------------
Output1 for generation 17501:

Oceanic mean pheno: 9.2584
Freshwater mean pheno: -9.01007
mean Ocean/Fresh Fst: 0.00997525
mean Ocean/Fresh Fst (Neutral mutations only): 0.00761092
mean Ocean/Fresh Fst (Effect mutations only): 0.134891
between lakes Fst: 0.234903
between lakes Fst (neutral): 0.229476
between lakes Fst (effect): 0.472932
between Marine Regions Fst: 0.00861363
-------------------------------
Output1 for generation 17601:

Oceanic mean pheno: 9.50775
Freshwater mean pheno: -8.92497
mean Ocean/Fresh Fst: 0.0101908
mean Ocean/Fresh Fst (Neutral mutations only): 0.00770504
mean Ocean/Fresh Fst (Effect mutations only): 0.137547
between lakes Fst: 0.233485
between lakes Fst (neutral): 0.228843
between lakes Fst (effect): 0.432152
between Marine Regions Fst: 0.00906858
-------------------------------
Output1 for generation 17701:

Oceanic mean pheno: 9.23916
Freshwater mean pheno: -9.08147
mean Ocean/Fresh Fst: 0.0105199
mean Ocean/Fresh Fst (Neutral mutations only): 0.00821568
mean Ocean/Fresh Fst (Effect mutations only): 0.12429
between lakes Fst: 0.243177
between lakes Fst (neutral): 0.239483
between lakes Fst (effect): 0.387111
between Marine Regions Fst: 0.00905718
-------------------------------
Output1 for generation 17801:

Oceanic mean pheno: 9.15428
Freshwater mean pheno: -8.56218
mean Ocean/Fresh Fst: 0.010136
mean Ocean/Fresh Fst (Neutral mutations only): 0.00794559
mean Ocean/Fresh Fst (Effect mutations only): 0.131287
between lakes Fst: 0.235026
between lakes Fst (neutral): 0.229962
between lakes Fst (effect): 0.463614
between Marine Regions Fst: 0.00809348
-------------------------------
Output1 for generation 17901:

Oceanic mean pheno: 9.44095
Freshwater mean pheno: -8.95088
mean Ocean/Fresh Fst: 0.0106566
mean Ocean/Fresh Fst (Neutral mutations only): 0.00835074
mean Ocean/Fresh Fst (Effect mutations only): 0.129265
between lakes Fst: 0.222184
between lakes Fst (neutral): 0.218104
between lakes Fst (effect): 0.407885
between Marine Regions Fst: 0.00902977
-------------------------------
Output1 for generation 18001:

Oceanic mean pheno: 9.24232
Freshwater mean pheno: -8.71512
mean Ocean/Fresh Fst: 0.0107042
mean Ocean/Fresh Fst (Neutral mutations only): 0.0085308
mean Ocean/Fresh Fst (Effect mutations only): 0.11766
between lakes Fst: 0.227927
between lakes Fst (neutral): 0.223097
between lakes Fst (effect): 0.461584
between Marine Regions Fst: 0.00874448
-------------------------------
Output1 for generation 18101:

Oceanic mean pheno: 9.3342
Freshwater mean pheno: -8.48047
mean Ocean/Fresh Fst: 0.0100708
mean Ocean/Fresh Fst (Neutral mutations only): 0.00787663
mean Ocean/Fresh Fst (Effect mutations only): 0.146533
between lakes Fst: 0.2312
between lakes Fst (neutral): 0.226197
between lakes Fst (effect): 0.487392
between Marine Regions Fst: 0.00871684
-------------------------------
Output1 for generation 18201:

Oceanic mean pheno: 9.32978
Freshwater mean pheno: -8.71595
mean Ocean/Fresh Fst: 0.0103437
mean Ocean/Fresh Fst (Neutral mutations only): 0.00797752
mean Ocean/Fresh Fst (Effect mutations only): 0.140813
between lakes Fst: 0.235034
between lakes Fst (neutral): 0.229674
between lakes Fst (effect): 0.479883
between Marine Regions Fst: 0.00877612
-------------------------------
Output1 for generation 18301:

Oceanic mean pheno: 9.30328
Freshwater mean pheno: -8.4966
mean Ocean/Fresh Fst: 0.0101716
mean Ocean/Fresh Fst (Neutral mutations only): 0.00785294
mean Ocean/Fresh Fst (Effect mutations only): 0.12741
between lakes Fst: 0.23621
between lakes Fst (neutral): 0.231394
between lakes Fst (effect): 0.42979
between Marine Regions Fst: 0.00870377
-------------------------------
Output1 for generation 18401:

Oceanic mean pheno: 9.43396
Freshwater mean pheno: -8.49419
mean Ocean/Fresh Fst: 0.0105103
mean Ocean/Fresh Fst (Neutral mutations only): 0.00812161
mean Ocean/Fresh Fst (Effect mutations only): 0.12155
between lakes Fst: 0.237677
between lakes Fst (neutral): 0.232662
between lakes Fst (effect): 0.453184
between Marine Regions Fst: 0.0092652
-------------------------------
Output1 for generation 18501:

Oceanic mean pheno: 9.18006
Freshwater mean pheno: -8.63245
mean Ocean/Fresh Fst: 0.0101935
mean Ocean/Fresh Fst (Neutral mutations only): 0.00797299
mean Ocean/Fresh Fst (Effect mutations only): 0.121354
between lakes Fst: 0.234059
between lakes Fst (neutral): 0.229834
between lakes Fst (effect): 0.410142
between Marine Regions Fst: 0.00894979
-------------------------------
Output1 for generation 18601:

Oceanic mean pheno: 8.15031
Freshwater mean pheno: -9.60492
mean Ocean/Fresh Fst: 0.0105386
mean Ocean/Fresh Fst (Neutral mutations only): 0.00826733
mean Ocean/Fresh Fst (Effect mutations only): 0.121829
between lakes Fst: 0.228549
between lakes Fst (neutral): 0.224386
between lakes Fst (effect): 0.408429
between Marine Regions Fst: 0.00961896
-------------------------------
Output1 for generation 18701:

Oceanic mean pheno: 8.64153
Freshwater mean pheno: -9.05519
mean Ocean/Fresh Fst: 0.0106002
mean Ocean/Fresh Fst (Neutral mutations only): 0.00826491
mean Ocean/Fresh Fst (Effect mutations only): 0.130378
between lakes Fst: 0.234636
between lakes Fst (neutral): 0.231167
between lakes Fst (effect): 0.383905
between Marine Regions Fst: 0.00865891
-------------------------------
Output1 for generation 18801:

Oceanic mean pheno: 9.09796
Freshwater mean pheno: -8.89749
mean Ocean/Fresh Fst: 0.0103349
mean Ocean/Fresh Fst (Neutral mutations only): 0.00788388
mean Ocean/Fresh Fst (Effect mutations only): 0.154852
between lakes Fst: 0.234386
between lakes Fst (neutral): 0.229956
between lakes Fst (effect): 0.468465
between Marine Regions Fst: 0.00952484
-------------------------------
Output1 for generation 18901:

Oceanic mean pheno: 8.96867
Freshwater mean pheno: -8.54814
mean Ocean/Fresh Fst: 0.0103551
mean Ocean/Fresh Fst (Neutral mutations only): 0.00806754
mean Ocean/Fresh Fst (Effect mutations only): 0.121476
between lakes Fst: 0.226403
between lakes Fst (neutral): 0.223363
between lakes Fst (effect): 0.373559
between Marine Regions Fst: 0.00937914
-------------------------------
Output1 for generation 19001:

Oceanic mean pheno: 8.92459
Freshwater mean pheno: -8.89416
mean Ocean/Fresh Fst: 0.0103268
mean Ocean/Fresh Fst (Neutral mutations only): 0.0079035
mean Ocean/Fresh Fst (Effect mutations only): 0.160755
between lakes Fst: 0.225307
between lakes Fst (neutral): 0.221182
between lakes Fst (effect): 0.443415
between Marine Regions Fst: 0.00908777
-------------------------------
Output1 for generation 19101:

Oceanic mean pheno: 8.66069
Freshwater mean pheno: -9.12787
mean Ocean/Fresh Fst: 0.0103538
mean Ocean/Fresh Fst (Neutral mutations only): 0.00792193
mean Ocean/Fresh Fst (Effect mutations only): 0.144611
between lakes Fst: 0.23193
between lakes Fst (neutral): 0.228449
between lakes Fst (effect): 0.39801
between Marine Regions Fst: 0.00933814
-------------------------------
Output1 for generation 19201:

Oceanic mean pheno: 8.8671
Freshwater mean pheno: -8.81197
mean Ocean/Fresh Fst: 0.01003
mean Ocean/Fresh Fst (Neutral mutations only): 0.00772345
mean Ocean/Fresh Fst (Effect mutations only): 0.162744
between lakes Fst: 0.222186
between lakes Fst (neutral): 0.218704
between lakes Fst (effect): 0.408303
between Marine Regions Fst: 0.0105632
-------------------------------
Output1 for generation 19301:

Oceanic mean pheno: 9.1189
Freshwater mean pheno: -8.94597
mean Ocean/Fresh Fst: 0.0102277
mean Ocean/Fresh Fst (Neutral mutations only): 0.00776843
mean Ocean/Fresh Fst (Effect mutations only): 0.175719
between lakes Fst: 0.21428
between lakes Fst (neutral): 0.210151
between lakes Fst (effect): 0.451576
between Marine Regions Fst: 0.00901802
-------------------------------
Output1 for generation 19401:

Oceanic mean pheno: 9.06382
Freshwater mean pheno: -8.90063
mean Ocean/Fresh Fst: 0.0101158
mean Ocean/Fresh Fst (Neutral mutations only): 0.00764043
mean Ocean/Fresh Fst (Effect mutations only): 0.152626
between lakes Fst: 0.220492
between lakes Fst (neutral): 0.217375
between lakes Fst (effect): 0.364858
between Marine Regions Fst: 0.00895526
-------------------------------
Output1 for generation 19501:

Oceanic mean pheno: 8.78477
Freshwater mean pheno: -8.94947
mean Ocean/Fresh Fst: 0.010509
mean Ocean/Fresh Fst (Neutral mutations only): 0.00800974
mean Ocean/Fresh Fst (Effect mutations only): 0.133987
between lakes Fst: 0.224297
between lakes Fst (neutral): 0.221338
between lakes Fst (effect): 0.344507
between Marine Regions Fst: 0.00927254
-------------------------------
Output1 for generation 19601:

Oceanic mean pheno: 8.60716
Freshwater mean pheno: -8.82656
mean Ocean/Fresh Fst: 0.0102215
mean Ocean/Fresh Fst (Neutral mutations only): 0.00781654
mean Ocean/Fresh Fst (Effect mutations only): 0.156121
between lakes Fst: 0.228882
between lakes Fst (neutral): 0.225032
between lakes Fst (effect): 0.420909
between Marine Regions Fst: 0.00933586
-------------------------------
Output1 for generation 19701:

Oceanic mean pheno: 8.77421
Freshwater mean pheno: -8.64932
mean Ocean/Fresh Fst: 0.0102156
mean Ocean/Fresh Fst (Neutral mutations only): 0.00790838
mean Ocean/Fresh Fst (Effect mutations only): 0.141487
between lakes Fst: 0.229053
between lakes Fst (neutral): 0.225683
between lakes Fst (effect): 0.381415
between Marine Regions Fst: 0.00984539
-------------------------------
Output1 for generation 19801:

Oceanic mean pheno: 9.14263
Freshwater mean pheno: -8.04314
mean Ocean/Fresh Fst: 0.0102845
mean Ocean/Fresh Fst (Neutral mutations only): 0.00800891
mean Ocean/Fresh Fst (Effect mutations only): 0.132633
between lakes Fst: 0.222986
between lakes Fst (neutral): 0.219222
between lakes Fst (effect): 0.408226
between Marine Regions Fst: 0.00850276
-------------------------------
Output1 for generation 19901:

Oceanic mean pheno: 9.091
Freshwater mean pheno: -8.42329
mean Ocean/Fresh Fst: 0.00998323
mean Ocean/Fresh Fst (Neutral mutations only): 0.00774239
mean Ocean/Fresh Fst (Effect mutations only): 0.143954
between lakes Fst: 0.225797
between lakes Fst (neutral): 0.221589
between lakes Fst (effect): 0.443447
between Marine Regions Fst: 0.0090497
-------------------------------
Output1 for generation 20000:

Oceanic mean pheno: 8.87801
Freshwater mean pheno: -8.29882
mean Ocean/Fresh Fst: 0.00912087
mean Ocean/Fresh Fst (Neutral mutations only): 0.00699163
mean Ocean/Fresh Fst (Effect mutations only): 0.135278
between lakes Fst: 0.223753
between lakes Fst (neutral): 0.219897
between lakes Fst (effect): 0.421466
between Marine Regions Fst: 0.00897225
whole: 1687
Oceanic: 1331
Freshwater: 1359
fstsize: 1687
elapsed: 1:31:58 / kernel: 1.51 / user: 5519.72 / mem: 197536
Done!
