Task ID  - seed 000054
Parameters for SLiM run:
  -s 000054 MyRecipe8_1_2.E
// Initial random seed:
1522007559814

// RunInitializeCallbacks():
initializeSLiMOptions(dimensionality = 'x');
initializeMutationRate(1e-07);
initializeMutationType(1, 0.5, "g", 0.5, 1);
initializeMutationType(2, 0.5, "g", -0.5, 1);
initializeMutationType(3, 0.5, "f", 0);
initializeMutationType(4, 0.5, "g", 0.5, 1);
initializeMutationType(5, 0.5, "g", -0.5, 1);
initializeMutationType(6, 0.5, "g", 0.6, 1);
initializeMutationType(7, 0.5, "g", -0.6, 1);
initializeGenomicElementType(1, m3, 1);
initializeGenomicElementType(2, c(m1, m2, m3, m4, m5, m6, m7), c(1, 1, 1, 1, 1, 1, 1));
initializeGenomicElement(g1, 0, 4949);
initializeGenomicElement(g2, 4950, 5049);
initializeGenomicElement(g1, 5050, 9999);
initializeGenomicElement(g1, 10000, 14949);
initializeGenomicElement(g2, 14950, 15049);
initializeGenomicElement(g1, 15050, 19999);
initializeGenomicElement(g1, 20000, 24949);
initializeGenomicElement(g2, 24950, 25049);
initializeGenomicElement(g1, 25050, 29999);
initializeGenomicElement(g1, 30000, 34949);
initializeGenomicElement(g2, 34950, 35049);
initializeGenomicElement(g1, 35050, 39999);
initializeGenomicElement(g1, 40000, 44949);
initializeGenomicElement(g2, 44950, 45049);
initializeGenomicElement(g1, 45050, 49999);
initializeGenomicElement(g1, 50000, 54949);
initializeGenomicElement(g2, 54950, 55049);
initializeGenomicElement(g1, 55050, 59999);
initializeGenomicElement(g1, 60000, 64949);
initializeGenomicElement(g2, 64950, 65049);
initializeGenomicElement(g1, 65050, 69999);
initializeGenomicElement(g1, 70000, 74949);
initializeGenomicElement(g2, 74950, 75049);
initializeGenomicElement(g1, 75050, 79999);
initializeGenomicElement(g1, 80000, 84949);
initializeGenomicElement(g2, 84950, 85049);
initializeGenomicElement(g1, 85050, 89999);
initializeGenomicElement(g1, 90000, 94949);
initializeGenomicElement(g2, 94950, 95049);
initializeGenomicElement(g1, 95050, 99999);
end of chromosome position: 100000
initializeRecombinationRate(c(0.001, 0.001, 0.001, 0.001, 0.001, 0.001, 0.001, 0.001, 0.001, 0.001, 0.001, 0.001, 0.001, 0.001, 0.001, 0.001, 0.001, 0.001, 0.001, 0.001, 0.001, 0.001, 0.001, 0.001, 0.001, 0.001, 0.001, 0.001, 0.001, 0.001), c(4949, 5049, 9999, 14949, 15049, 19999, 24949, 25049, 29999, 34949, 35049, 39999, 44949, 45049, 49999, 54949, 55049, 59999, 64949, 65049, 69999, 74949, 75049, 79999, 84949, 85049, 89999, 94949, 95049, 99999));
initializeInteractionType(1, "x", reciprocal=T", maxDistance=0.02);
initializeInteractionType(2, "x", reciprocal=T", maxDistance=1);

// Starting run at generation <start>:
1 

-------------------------------
Output1 for generation 50:

Oceanic mean pheno: -0.000194808
Freshwater mean pheno: -1.8863e-05
-------------------------------
Output1 for generation 100:

Oceanic mean pheno: 0.00380589
Freshwater mean pheno: -0.000626739
-------------------------------
Output1 for generation 150:

Oceanic mean pheno: 0.00787901
Freshwater mean pheno: -7.54519e-05
-------------------------------
Output1 for generation 200:

Oceanic mean pheno: 0.0132255
Freshwater mean pheno: 0.00933936
-------------------------------
Output1 for generation 250:

Oceanic mean pheno: 0.0323602
Freshwater mean pheno: -0.0447006
-------------------------------
Output1 for generation 300:

Oceanic mean pheno: 0.0897754
Freshwater mean pheno: -0.263161
-------------------------------
Output1 for generation 350:

Oceanic mean pheno: 0.239203
Freshwater mean pheno: -0.265964
-------------------------------
Output1 for generation 400:

Oceanic mean pheno: 0.380624
Freshwater mean pheno: -0.246008
-------------------------------
Output1 for generation 450:

Oceanic mean pheno: 0.692044
Freshwater mean pheno: -0.228182
-------------------------------
Output1 for generation 500:

Oceanic mean pheno: 1.35317
Freshwater mean pheno: -0.250813
-------------------------------
Output1 for generation 550:

Oceanic mean pheno: 1.861
Freshwater mean pheno: -0.266027
-------------------------------
Output1 for generation 600:

Oceanic mean pheno: 2.09085
Freshwater mean pheno: -0.0947302
-------------------------------
Output1 for generation 650:

Oceanic mean pheno: 2.24209
Freshwater mean pheno: -0.116632
-------------------------------
Output1 for generation 700:

Oceanic mean pheno: 2.45761
Freshwater mean pheno: -0.279047
-------------------------------
Output1 for generation 750:

Oceanic mean pheno: 2.5587
Freshwater mean pheno: -0.313956
-------------------------------
Output1 for generation 800:

Oceanic mean pheno: 2.66528
Freshwater mean pheno: -0.367551
-------------------------------
Output1 for generation 850:

Oceanic mean pheno: 2.72216
Freshwater mean pheno: -0.61369
-------------------------------
Output1 for generation 900:

Oceanic mean pheno: 3.18872
Freshwater mean pheno: -0.526149
-------------------------------
Output1 for generation 950:

Oceanic mean pheno: 3.86506
Freshwater mean pheno: -0.449031
-------------------------------
Output1 for generation 1000:

Oceanic mean pheno: 4.19311
Freshwater mean pheno: -0.517424
-------------------------------
Output1 for generation 1050:

Oceanic mean pheno: 4.19969
Freshwater mean pheno: -0.6186
-------------------------------
Output1 for generation 1100:

Oceanic mean pheno: 5.46808
Freshwater mean pheno: -0.780663
-------------------------------
Output1 for generation 1150:

Oceanic mean pheno: 7.50591
Freshwater mean pheno: -1.04462
-------------------------------
Output1 for generation 1200:

Oceanic mean pheno: 7.98998
Freshwater mean pheno: -1.22065
-------------------------------
Output1 for generation 1250:

Oceanic mean pheno: 7.62355
Freshwater mean pheno: -1.55944
-------------------------------
Output1 for generation 1300:

Oceanic mean pheno: 7.60036
Freshwater mean pheno: -1.75057
-------------------------------
Output1 for generation 1350:

Oceanic mean pheno: 7.54598
Freshwater mean pheno: -1.88019
-------------------------------
Output1 for generation 1400:

Oceanic mean pheno: 7.46347
Freshwater mean pheno: -2.227
-------------------------------
Output1 for generation 1450:

Oceanic mean pheno: 7.56699
Freshwater mean pheno: -2.62661
-------------------------------
Output1 for generation 1500:

Oceanic mean pheno: 7.45883
Freshwater mean pheno: -3.0818
-------------------------------
Output1 for generation 1550:

Oceanic mean pheno: 7.55124
Freshwater mean pheno: -3.19251
-------------------------------
Output1 for generation 1600:

Oceanic mean pheno: 7.33568
Freshwater mean pheno: -3.29045
-------------------------------
Output1 for generation 1650:

Oceanic mean pheno: 6.91608
Freshwater mean pheno: -3.30097
-------------------------------
Output1 for generation 1700:

Oceanic mean pheno: 7.39894
Freshwater mean pheno: -3.64026
-------------------------------
Output1 for generation 1750:

Oceanic mean pheno: 7.31275
Freshwater mean pheno: -4.07703
-------------------------------
Output1 for generation 1800:

Oceanic mean pheno: 7.37068
Freshwater mean pheno: -4.11308
-------------------------------
Output1 for generation 1850:

Oceanic mean pheno: 7.25628
Freshwater mean pheno: -4.08932
-------------------------------
Output1 for generation 1900:

Oceanic mean pheno: 7.32231
Freshwater mean pheno: -4.27858
-------------------------------
Output1 for generation 1950:

Oceanic mean pheno: 7.60183
Freshwater mean pheno: -4.63833
-------------------------------
Output1 for generation 2000:

Oceanic mean pheno: 7.44745
Freshwater mean pheno: -4.81549
-------------------------------
Output1 for generation 2050:

Oceanic mean pheno: 7.50331
Freshwater mean pheno: -5.0644
-------------------------------
Output1 for generation 2100:

Oceanic mean pheno: 7.76749
Freshwater mean pheno: -5.27703
-------------------------------
Output1 for generation 2150:

Oceanic mean pheno: 8.025
Freshwater mean pheno: -5.64095
-------------------------------
Output1 for generation 2200:

Oceanic mean pheno: 7.73532
Freshwater mean pheno: -5.99507
-------------------------------
Output1 for generation 2250:

Oceanic mean pheno: 7.84204
Freshwater mean pheno: -6.12187
-------------------------------
Output1 for generation 2300:

Oceanic mean pheno: 7.74794
Freshwater mean pheno: -6.18255
-------------------------------
Output1 for generation 2350:

Oceanic mean pheno: 7.85237
Freshwater mean pheno: -6.22198
-------------------------------
Output1 for generation 2400:

Oceanic mean pheno: 8.13363
Freshwater mean pheno: -6.46001
-------------------------------
Output1 for generation 2450:

Oceanic mean pheno: 8.04459
Freshwater mean pheno: -6.62323
-------------------------------
Output1 for generation 2500:

Oceanic mean pheno: 8.12061
Freshwater mean pheno: -6.73212
-------------------------------
Output1 for generation 2550:

Oceanic mean pheno: 8.31986
Freshwater mean pheno: -6.40181
-------------------------------
Output1 for generation 2600:

Oceanic mean pheno: 8.17717
Freshwater mean pheno: -6.70108
-------------------------------
Output1 for generation 2650:

Oceanic mean pheno: 8.14374
Freshwater mean pheno: -6.86306
-------------------------------
Output1 for generation 2700:

Oceanic mean pheno: 7.94698
Freshwater mean pheno: -7.03842
-------------------------------
Output1 for generation 2750:

Oceanic mean pheno: 8.25939
Freshwater mean pheno: -7.12974
-------------------------------
Output1 for generation 2800:

Oceanic mean pheno: 8.37517
Freshwater mean pheno: -7.33205
-------------------------------
Output1 for generation 2850:

Oceanic mean pheno: 8.60967
Freshwater mean pheno: -7.47269
-------------------------------
Output1 for generation 2900:

Oceanic mean pheno: 8.67279
Freshwater mean pheno: -7.30762
-------------------------------
Output1 for generation 2950:

Oceanic mean pheno: 8.89532
Freshwater mean pheno: -7.39893
-------------------------------
Output1 for generation 3000:

Oceanic mean pheno: 8.74174
Freshwater mean pheno: -7.20725
-------------------------------
Output1 for generation 3050:

Oceanic mean pheno: 8.71176
Freshwater mean pheno: -7.1315
-------------------------------
Output1 for generation 3100:

Oceanic mean pheno: 8.69026
Freshwater mean pheno: -7.66653
-------------------------------
Output1 for generation 3150:

Oceanic mean pheno: 8.5911
Freshwater mean pheno: -7.38937
-------------------------------
Output1 for generation 3200:

Oceanic mean pheno: 8.68801
Freshwater mean pheno: -7.67031
-------------------------------
Output1 for generation 3250:

Oceanic mean pheno: 8.54172
Freshwater mean pheno: -7.54124
-------------------------------
Output1 for generation 3300:

Oceanic mean pheno: 8.42204
Freshwater mean pheno: -7.57731
-------------------------------
Output1 for generation 3350:

Oceanic mean pheno: 8.79653
Freshwater mean pheno: -7.66527
-------------------------------
Output1 for generation 3400:

Oceanic mean pheno: 8.67151
Freshwater mean pheno: -7.67373
-------------------------------
Output1 for generation 3450:

Oceanic mean pheno: 8.86035
Freshwater mean pheno: -7.47583
-------------------------------
Output1 for generation 3500:

Oceanic mean pheno: 8.80813
Freshwater mean pheno: -7.46828
-------------------------------
Output1 for generation 3550:

Oceanic mean pheno: 8.90434
Freshwater mean pheno: -7.46307
-------------------------------
Output1 for generation 3600:

Oceanic mean pheno: 9.08958
Freshwater mean pheno: -7.70008
-------------------------------
Output1 for generation 3650:

Oceanic mean pheno: 8.62919
Freshwater mean pheno: -7.64481
-------------------------------
Output1 for generation 3700:

Oceanic mean pheno: 8.93699
Freshwater mean pheno: -7.70988
-------------------------------
Output1 for generation 3750:

Oceanic mean pheno: 8.77901
Freshwater mean pheno: -7.45407
-------------------------------
Output1 for generation 3800:

Oceanic mean pheno: 9.07633
Freshwater mean pheno: -7.65849
-------------------------------
Output1 for generation 3850:

Oceanic mean pheno: 8.88374
Freshwater mean pheno: -7.73566
-------------------------------
Output1 for generation 3900:

Oceanic mean pheno: 8.47652
Freshwater mean pheno: -7.72308
-------------------------------
Output1 for generation 3950:

Oceanic mean pheno: 9.01219
Freshwater mean pheno: -7.59886
-------------------------------
Output1 for generation 4000:

Oceanic mean pheno: 8.59193
Freshwater mean pheno: -7.56895
-------------------------------
Output1 for generation 4050:

Oceanic mean pheno: 8.69126
Freshwater mean pheno: -7.78434
-------------------------------
Output1 for generation 4100:

Oceanic mean pheno: 8.71841
Freshwater mean pheno: -7.71057
-------------------------------
Output1 for generation 4150:

Oceanic mean pheno: 8.71636
Freshwater mean pheno: -7.71488
-------------------------------
Output1 for generation 4200:

Oceanic mean pheno: 8.71896
Freshwater mean pheno: -7.83011
-------------------------------
Output1 for generation 4250:

Oceanic mean pheno: 8.62308
Freshwater mean pheno: -7.92396
-------------------------------
Output1 for generation 4300:

Oceanic mean pheno: 8.69167
Freshwater mean pheno: -8.12494
-------------------------------
Output1 for generation 4350:

Oceanic mean pheno: 8.77873
Freshwater mean pheno: -7.91198
-------------------------------
Output1 for generation 4400:

Oceanic mean pheno: 8.80062
Freshwater mean pheno: -8.28513
-------------------------------
Output1 for generation 4450:

Oceanic mean pheno: 8.5455
Freshwater mean pheno: -8.19223
-------------------------------
Output1 for generation 4500:

Oceanic mean pheno: 8.79677
Freshwater mean pheno: -8.15705
-------------------------------
Output1 for generation 4550:

Oceanic mean pheno: 8.64192
Freshwater mean pheno: -8.12479
-------------------------------
Output1 for generation 4600:

Oceanic mean pheno: 8.84708
Freshwater mean pheno: -8.02891
-------------------------------
Output1 for generation 4650:

Oceanic mean pheno: 8.77747
Freshwater mean pheno: -8.0408
-------------------------------
Output1 for generation 4700:

Oceanic mean pheno: 8.96164
Freshwater mean pheno: -7.8618
-------------------------------
Output1 for generation 4750:

Oceanic mean pheno: 8.36389
Freshwater mean pheno: -8.09678
-------------------------------
Output1 for generation 4800:

Oceanic mean pheno: 8.46773
Freshwater mean pheno: -8.07624
-------------------------------
Output1 for generation 4850:

Oceanic mean pheno: 8.71925
Freshwater mean pheno: -7.99641
-------------------------------
Output1 for generation 4900:

Oceanic mean pheno: 9.12898
Freshwater mean pheno: -8.13895
-------------------------------
Output1 for generation 4950:

Oceanic mean pheno: 8.89394
Freshwater mean pheno: -8.34975
-------------------------------
Output1 for generation 5000:

Oceanic mean pheno: 8.70271
Freshwater mean pheno: -8.27185
-------------------------------
Output1 for generation 5050:

Oceanic mean pheno: 8.71748
Freshwater mean pheno: -8.29693
-------------------------------
Output1 for generation 5100:

Oceanic mean pheno: 8.86679
Freshwater mean pheno: -7.9732
-------------------------------
Output1 for generation 5150:

Oceanic mean pheno: 8.88259
Freshwater mean pheno: -8.17835
-------------------------------
Output1 for generation 5200:

Oceanic mean pheno: 8.77868
Freshwater mean pheno: -8.07145
-------------------------------
Output1 for generation 5250:

Oceanic mean pheno: 8.7266
Freshwater mean pheno: -8.10806
-------------------------------
Output1 for generation 5300:

Oceanic mean pheno: 9.01813
Freshwater mean pheno: -8.07069
-------------------------------
Output1 for generation 5350:

Oceanic mean pheno: 8.88909
Freshwater mean pheno: -8.40916
-------------------------------
Output1 for generation 5400:

Oceanic mean pheno: 8.88338
Freshwater mean pheno: -8.27016
-------------------------------
Output1 for generation 5450:

Oceanic mean pheno: 8.86115
Freshwater mean pheno: -8.24817
-------------------------------
Output1 for generation 5500:

Oceanic mean pheno: 8.83162
Freshwater mean pheno: -8.65126
-------------------------------
Output1 for generation 5550:

Oceanic mean pheno: 9.13647
Freshwater mean pheno: -8.69969
-------------------------------
Output1 for generation 5600:

Oceanic mean pheno: 9.06851
Freshwater mean pheno: -8.73763
-------------------------------
Output1 for generation 5650:

Oceanic mean pheno: 8.83275
Freshwater mean pheno: -8.58603
-------------------------------
Output1 for generation 5700:

Oceanic mean pheno: 9.27867
Freshwater mean pheno: -8.4465
-------------------------------
Output1 for generation 5750:

Oceanic mean pheno: 8.767
Freshwater mean pheno: -8.39994
-------------------------------
Output1 for generation 5800:

Oceanic mean pheno: 8.81535
Freshwater mean pheno: -8.35134
-------------------------------
Output1 for generation 5850:

Oceanic mean pheno: 8.71931
Freshwater mean pheno: -8.30105
-------------------------------
Output1 for generation 5900:

Oceanic mean pheno: 8.69691
Freshwater mean pheno: -8.2456
-------------------------------
Output1 for generation 5950:

Oceanic mean pheno: 8.85824
Freshwater mean pheno: -8.23813
-------------------------------
Output1 for generation 6000:

Oceanic mean pheno: 8.86596
Freshwater mean pheno: -8.23873
-------------------------------
Output1 for generation 6050:

Oceanic mean pheno: 8.77294
Freshwater mean pheno: -8.40554
-------------------------------
Output1 for generation 6100:

Oceanic mean pheno: 8.45231
Freshwater mean pheno: -8.00846
-------------------------------
Output1 for generation 6150:

Oceanic mean pheno: 8.87568
Freshwater mean pheno: -8.3712
-------------------------------
Output1 for generation 6200:

Oceanic mean pheno: 8.91866
Freshwater mean pheno: -8.4048
-------------------------------
Output1 for generation 6250:

Oceanic mean pheno: 9.13063
Freshwater mean pheno: -8.36026
-------------------------------
Output1 for generation 6300:

Oceanic mean pheno: 9.00841
Freshwater mean pheno: -8.16809
-------------------------------
Output1 for generation 6350:

Oceanic mean pheno: 8.79383
Freshwater mean pheno: -8.21469
-------------------------------
Output1 for generation 6400:

Oceanic mean pheno: 8.8978
Freshwater mean pheno: -8.38664
-------------------------------
Output1 for generation 6450:

Oceanic mean pheno: 8.79606
Freshwater mean pheno: -8.38999
-------------------------------
Output1 for generation 6500:

Oceanic mean pheno: 8.9718
Freshwater mean pheno: -8.18678
-------------------------------
Output1 for generation 6550:

Oceanic mean pheno: 9.05947
Freshwater mean pheno: -8.20872
-------------------------------
Output1 for generation 6600:

Oceanic mean pheno: 8.45101
Freshwater mean pheno: -8.31021
-------------------------------
Output1 for generation 6650:

Oceanic mean pheno: 9.01845
Freshwater mean pheno: -8.25408
-------------------------------
Output1 for generation 6700:

Oceanic mean pheno: 8.89474
Freshwater mean pheno: -8.35219
-------------------------------
Output1 for generation 6750:

Oceanic mean pheno: 8.66859
Freshwater mean pheno: -8.34348
-------------------------------
Output1 for generation 6800:

Oceanic mean pheno: 9.10479
Freshwater mean pheno: -8.54964
-------------------------------
Output1 for generation 6850:

Oceanic mean pheno: 8.8516
Freshwater mean pheno: -8.52363
-------------------------------
Output1 for generation 6900:

Oceanic mean pheno: 8.64271
Freshwater mean pheno: -8.37845
-------------------------------
Output1 for generation 6950:

Oceanic mean pheno: 8.99528
Freshwater mean pheno: -8.40679
-------------------------------
Output1 for generation 7000:

Oceanic mean pheno: 8.74916
Freshwater mean pheno: -8.42648
-------------------------------
Output1 for generation 7050:

Oceanic mean pheno: 8.90632
Freshwater mean pheno: -8.25202
-------------------------------
Output1 for generation 7100:

Oceanic mean pheno: 8.85293
Freshwater mean pheno: -8.41521
-------------------------------
Output1 for generation 7150:

Oceanic mean pheno: 8.95293
Freshwater mean pheno: -8.70811
-------------------------------
Output1 for generation 7200:

Oceanic mean pheno: 9.17321
Freshwater mean pheno: -8.4874
-------------------------------
Output1 for generation 7250:

Oceanic mean pheno: 9.0373
Freshwater mean pheno: -8.18931
-------------------------------
Output1 for generation 7300:

Oceanic mean pheno: 8.62221
Freshwater mean pheno: -8.32263
-------------------------------
Output1 for generation 7350:

Oceanic mean pheno: 8.81347
Freshwater mean pheno: -8.32874
-------------------------------
Output1 for generation 7400:

Oceanic mean pheno: 8.72933
Freshwater mean pheno: -8.28224
-------------------------------
Output1 for generation 7450:

Oceanic mean pheno: 8.84873
Freshwater mean pheno: -8.34854
-------------------------------
Output1 for generation 7500:

Oceanic mean pheno: 8.94336
Freshwater mean pheno: -8.80782
-------------------------------
Output1 for generation 7550:

Oceanic mean pheno: 8.72539
Freshwater mean pheno: -8.71265
-------------------------------
Output1 for generation 7600:

Oceanic mean pheno: 8.82172
Freshwater mean pheno: -8.54115
-------------------------------
Output1 for generation 7650:

Oceanic mean pheno: 8.68342
Freshwater mean pheno: -8.45072
-------------------------------
Output1 for generation 7700:

Oceanic mean pheno: 8.92503
Freshwater mean pheno: -8.62172
-------------------------------
Output1 for generation 7750:

Oceanic mean pheno: 8.97931
Freshwater mean pheno: -8.39151
-------------------------------
Output1 for generation 7800:

Oceanic mean pheno: 8.80997
Freshwater mean pheno: -8.49608
-------------------------------
Output1 for generation 7850:

Oceanic mean pheno: 8.61109
Freshwater mean pheno: -8.46574
-------------------------------
Output1 for generation 7900:

Oceanic mean pheno: 8.48788
Freshwater mean pheno: -8.24184
-------------------------------
Output1 for generation 7950:

Oceanic mean pheno: 8.86835
Freshwater mean pheno: -8.38978
-------------------------------
Output1 for generation 8000:

Oceanic mean pheno: 8.92571
Freshwater mean pheno: -8.3071
-------------------------------
Output1 for generation 8050:

Oceanic mean pheno: 8.59038
Freshwater mean pheno: -8.50756
-------------------------------
Output1 for generation 8100:

Oceanic mean pheno: 8.69982
Freshwater mean pheno: -8.28486
-------------------------------
Output1 for generation 8150:

Oceanic mean pheno: 8.84848
Freshwater mean pheno: -8.38851
-------------------------------
Output1 for generation 8200:

Oceanic mean pheno: 9.07903
Freshwater mean pheno: -8.69011
-------------------------------
Output1 for generation 8250:

Oceanic mean pheno: 9.05389
Freshwater mean pheno: -8.81463
-------------------------------
Output1 for generation 8300:

Oceanic mean pheno: 9.05677
Freshwater mean pheno: -8.74903
-------------------------------
Output1 for generation 8350:

Oceanic mean pheno: 8.96422
Freshwater mean pheno: -8.48922
-------------------------------
Output1 for generation 8400:

Oceanic mean pheno: 9.11747
Freshwater mean pheno: -8.54879
-------------------------------
Output1 for generation 8450:

Oceanic mean pheno: 8.73557
Freshwater mean pheno: -8.65666
-------------------------------
Output1 for generation 8500:

Oceanic mean pheno: 8.88641
Freshwater mean pheno: -8.50509
-------------------------------
Output1 for generation 8550:

Oceanic mean pheno: 8.97646
Freshwater mean pheno: -9.04081
-------------------------------
Output1 for generation 8600:

Oceanic mean pheno: 8.67422
Freshwater mean pheno: -8.97139
-------------------------------
Output1 for generation 8650:

Oceanic mean pheno: 9.20164
Freshwater mean pheno: -8.69291
-------------------------------
Output1 for generation 8700:

Oceanic mean pheno: 9.12593
Freshwater mean pheno: -8.85951
-------------------------------
Output1 for generation 8750:

Oceanic mean pheno: 9.16832
Freshwater mean pheno: -8.58184
-------------------------------
Output1 for generation 8800:

Oceanic mean pheno: 8.84498
Freshwater mean pheno: -8.58876
-------------------------------
Output1 for generation 8850:

Oceanic mean pheno: 9.23395
Freshwater mean pheno: -8.69851
-------------------------------
Output1 for generation 8900:

Oceanic mean pheno: 8.816
Freshwater mean pheno: -8.4257
-------------------------------
Output1 for generation 8950:

Oceanic mean pheno: 8.57026
Freshwater mean pheno: -8.55677
-------------------------------
Output1 for generation 9000:

Oceanic mean pheno: 8.64347
Freshwater mean pheno: -8.6448
-------------------------------
Output1 for generation 9050:

Oceanic mean pheno: 8.94864
Freshwater mean pheno: -8.24147
-------------------------------
Output1 for generation 9100:

Oceanic mean pheno: 8.67317
Freshwater mean pheno: -8.35692
-------------------------------
Output1 for generation 9150:

Oceanic mean pheno: 8.81563
Freshwater mean pheno: -8.41775
-------------------------------
Output1 for generation 9200:

Oceanic mean pheno: 8.76739
Freshwater mean pheno: -8.76444
-------------------------------
Output1 for generation 9250:

Oceanic mean pheno: 8.88111
Freshwater mean pheno: -8.51516
-------------------------------
Output1 for generation 9300:

Oceanic mean pheno: 8.96664
Freshwater mean pheno: -8.41731
-------------------------------
Output1 for generation 9350:

Oceanic mean pheno: 9.25171
Freshwater mean pheno: -8.45748
-------------------------------
Output1 for generation 9400:

Oceanic mean pheno: 9.10894
Freshwater mean pheno: -8.46879
-------------------------------
Output1 for generation 9450:

Oceanic mean pheno: 8.94711
Freshwater mean pheno: -8.23863
-------------------------------
Output1 for generation 9500:

Oceanic mean pheno: 9.02925
Freshwater mean pheno: -8.54798
-------------------------------
Output1 for generation 9550:

Oceanic mean pheno: 9.21856
Freshwater mean pheno: -8.46519
-------------------------------
Output1 for generation 9600:

Oceanic mean pheno: 9.11099
Freshwater mean pheno: -8.52029
-------------------------------
Output1 for generation 9650:

Oceanic mean pheno: 8.71007
Freshwater mean pheno: -8.47985
-------------------------------
Output1 for generation 9700:

Oceanic mean pheno: 9.08297
Freshwater mean pheno: -8.66887
-------------------------------
Output1 for generation 9750:

Oceanic mean pheno: 8.93032
Freshwater mean pheno: -8.67678
-------------------------------
Output1 for generation 9800:

Oceanic mean pheno: 8.91307
Freshwater mean pheno: -8.68026
-------------------------------
Output1 for generation 9850:

Oceanic mean pheno: 8.89086
Freshwater mean pheno: -8.48754
-------------------------------
Output1 for generation 9900:

Oceanic mean pheno: 8.96395
Freshwater mean pheno: -8.3175
-------------------------------
Output1 for generation 9950:

Oceanic mean pheno: 8.91494
Freshwater mean pheno: -8.46053
-------------------------------
Output1 for generation 10000:

Oceanic mean pheno: 9.38222
Freshwater mean pheno: -8.94961
-------------------------------
Output1 for generation 10050:

Oceanic mean pheno: 9.13302
Freshwater mean pheno: -8.6665
-------------------------------
Output1 for generation 10100:

Oceanic mean pheno: 8.82227
Freshwater mean pheno: -8.61876
-------------------------------
Output1 for generation 10150:

Oceanic mean pheno: 9.35989
Freshwater mean pheno: -8.56144
-------------------------------
Output1 for generation 10200:

Oceanic mean pheno: 8.90935
Freshwater mean pheno: -8.55294
-------------------------------
Output1 for generation 10250:

Oceanic mean pheno: 9.12146
Freshwater mean pheno: -8.70386
-------------------------------
Output1 for generation 10300:

Oceanic mean pheno: 9.21473
Freshwater mean pheno: -8.65978
-------------------------------
Output1 for generation 10350:

Oceanic mean pheno: 9.30054
Freshwater mean pheno: -8.64317
-------------------------------
Output1 for generation 10400:

Oceanic mean pheno: 9.39033
Freshwater mean pheno: -8.42516
-------------------------------
Output1 for generation 10450:

Oceanic mean pheno: 9.33575
Freshwater mean pheno: -8.6467
-------------------------------
Output1 for generation 10500:

Oceanic mean pheno: 9.28013
Freshwater mean pheno: -8.55452
-------------------------------
Output1 for generation 10550:

Oceanic mean pheno: 8.97457
Freshwater mean pheno: -8.52731
-------------------------------
Output1 for generation 10600:

Oceanic mean pheno: 9.31364
Freshwater mean pheno: -8.597
-------------------------------
Output1 for generation 10650:

Oceanic mean pheno: 8.87466
Freshwater mean pheno: -8.92596
-------------------------------
Output1 for generation 10700:

Oceanic mean pheno: 8.96277
Freshwater mean pheno: -8.32312
-------------------------------
Output1 for generation 10750:

Oceanic mean pheno: 9.22816
Freshwater mean pheno: -8.61298
-------------------------------
Output1 for generation 10800:

Oceanic mean pheno: 9.1167
Freshwater mean pheno: -8.65987
-------------------------------
Output1 for generation 10850:

Oceanic mean pheno: 8.93143
Freshwater mean pheno: -8.60934
-------------------------------
Output1 for generation 10900:

Oceanic mean pheno: 9.21146
Freshwater mean pheno: -8.64273
-------------------------------
Output1 for generation 10950:

Oceanic mean pheno: 9.3613
Freshwater mean pheno: -8.8804
-------------------------------
Output1 for generation 11000:

Oceanic mean pheno: 9.18881
Freshwater mean pheno: -8.64006
-------------------------------
Output1 for generation 11050:

Oceanic mean pheno: 8.73141
Freshwater mean pheno: -9.00278
-------------------------------
Output1 for generation 11100:

Oceanic mean pheno: 9.19494
Freshwater mean pheno: -8.88727
-------------------------------
Output1 for generation 11150:

Oceanic mean pheno: 8.98968
Freshwater mean pheno: -8.69263
-------------------------------
Output1 for generation 11200:

Oceanic mean pheno: 9.24343
Freshwater mean pheno: -8.84868
-------------------------------
Output1 for generation 11250:

Oceanic mean pheno: 9.042
Freshwater mean pheno: -8.94726
-------------------------------
Output1 for generation 11300:

Oceanic mean pheno: 8.83122
Freshwater mean pheno: -8.87702
-------------------------------
Output1 for generation 11350:

Oceanic mean pheno: 9.35849
Freshwater mean pheno: -8.87648
-------------------------------
Output1 for generation 11400:

Oceanic mean pheno: 9.39473
Freshwater mean pheno: -8.76808
-------------------------------
Output1 for generation 11450:

Oceanic mean pheno: 9.31765
Freshwater mean pheno: -8.87287
-------------------------------
Output1 for generation 11500:

Oceanic mean pheno: 9.20026
Freshwater mean pheno: -8.9155
-------------------------------
Output1 for generation 11550:

Oceanic mean pheno: 8.95088
Freshwater mean pheno: -8.94614
-------------------------------
Output1 for generation 11600:

Oceanic mean pheno: 8.95385
Freshwater mean pheno: -8.7674
-------------------------------
Output1 for generation 11650:

Oceanic mean pheno: 9.24057
Freshwater mean pheno: -8.85374
-------------------------------
Output1 for generation 11700:

Oceanic mean pheno: 9.07427
Freshwater mean pheno: -9.02316
-------------------------------
Output1 for generation 11750:

Oceanic mean pheno: 9.00489
Freshwater mean pheno: -8.86543
-------------------------------
Output1 for generation 11800:

Oceanic mean pheno: 9.25957
Freshwater mean pheno: -9.02153
-------------------------------
Output1 for generation 11850:

Oceanic mean pheno: 9.07523
Freshwater mean pheno: -8.96685
-------------------------------
Output1 for generation 11900:

Oceanic mean pheno: 9.07752
Freshwater mean pheno: -9.12872
-------------------------------
Output1 for generation 11950:

Oceanic mean pheno: 9.40908
Freshwater mean pheno: -8.9184
-------------------------------
Output1 for generation 12000:

Oceanic mean pheno: 9.11425
Freshwater mean pheno: -8.98241
-------------------------------
Output1 for generation 12050:

Oceanic mean pheno: 8.95199
Freshwater mean pheno: -8.6609
-------------------------------
Output1 for generation 12100:

Oceanic mean pheno: 9.05574
Freshwater mean pheno: -9.04531
-------------------------------
Output1 for generation 12150:

Oceanic mean pheno: 9.0924
Freshwater mean pheno: -8.80199
-------------------------------
Output1 for generation 12200:

Oceanic mean pheno: 9.02414
Freshwater mean pheno: -8.63352
-------------------------------
Output1 for generation 12250:

Oceanic mean pheno: 8.92492
Freshwater mean pheno: -8.6422
-------------------------------
Output1 for generation 12300:

Oceanic mean pheno: 9.04786
Freshwater mean pheno: -8.81458
-------------------------------
Output1 for generation 12350:

Oceanic mean pheno: 9.16372
Freshwater mean pheno: -9.20637
-------------------------------
Output1 for generation 12400:

Oceanic mean pheno: 9.09068
Freshwater mean pheno: -8.89763
-------------------------------
Output1 for generation 12450:

Oceanic mean pheno: 9.05368
Freshwater mean pheno: -9.14788
-------------------------------
Output1 for generation 12500:

Oceanic mean pheno: 8.98062
Freshwater mean pheno: -8.94889
-------------------------------
Output1 for generation 12550:

Oceanic mean pheno: 8.99187
Freshwater mean pheno: -8.96389
-------------------------------
Output1 for generation 12600:

Oceanic mean pheno: 8.96126
Freshwater mean pheno: -9.00943
-------------------------------
Output1 for generation 12650:

Oceanic mean pheno: 8.88381
Freshwater mean pheno: -9.00665
-------------------------------
Output1 for generation 12700:

Oceanic mean pheno: 8.80824
Freshwater mean pheno: -9.16677
-------------------------------
Output1 for generation 12750:

Oceanic mean pheno: 8.84431
Freshwater mean pheno: -9.01412
-------------------------------
Output1 for generation 12800:

Oceanic mean pheno: 8.80664
Freshwater mean pheno: -9.04019
-------------------------------
Output1 for generation 12850:

Oceanic mean pheno: 8.73246
Freshwater mean pheno: -9.13034
-------------------------------
Output1 for generation 12900:

Oceanic mean pheno: 8.83514
Freshwater mean pheno: -9.27305
-------------------------------
Output1 for generation 12950:

Oceanic mean pheno: 8.66064
Freshwater mean pheno: -8.89406
-------------------------------
Output1 for generation 13000:

Oceanic mean pheno: 8.85204
Freshwater mean pheno: -8.87636
-------------------------------
Output1 for generation 13050:

Oceanic mean pheno: 8.65442
Freshwater mean pheno: -8.81996
-------------------------------
Output1 for generation 13100:

Oceanic mean pheno: 8.66456
Freshwater mean pheno: -8.92813
-------------------------------
Output1 for generation 13150:

Oceanic mean pheno: 8.54094
Freshwater mean pheno: -9.19556
-------------------------------
Output1 for generation 13200:

Oceanic mean pheno: 8.93462
Freshwater mean pheno: -8.68892
-------------------------------
Output1 for generation 13250:

Oceanic mean pheno: 9.05919
Freshwater mean pheno: -9.16109
-------------------------------
Output1 for generation 13300:

Oceanic mean pheno: 9.1561
Freshwater mean pheno: -8.59781
-------------------------------
Output1 for generation 13350:

Oceanic mean pheno: 8.76267
Freshwater mean pheno: -8.49658
-------------------------------
Output1 for generation 13400:

Oceanic mean pheno: 9.2013
Freshwater mean pheno: -8.5636
-------------------------------
Output1 for generation 13450:

Oceanic mean pheno: 9.20883
Freshwater mean pheno: -8.85156
-------------------------------
Output1 for generation 13500:

Oceanic mean pheno: 8.5382
Freshwater mean pheno: -8.74143
-------------------------------
Output1 for generation 13550:

Oceanic mean pheno: 8.87417
Freshwater mean pheno: -9.03368
-------------------------------
Output1 for generation 13600:

Oceanic mean pheno: 8.97887
Freshwater mean pheno: -9.32004
-------------------------------
Output1 for generation 13650:

Oceanic mean pheno: 8.99229
Freshwater mean pheno: -9.12884
-------------------------------
Output1 for generation 13700:

Oceanic mean pheno: 9.35352
Freshwater mean pheno: -9.11994
-------------------------------
Output1 for generation 13750:

Oceanic mean pheno: 8.57547
Freshwater mean pheno: -8.59475
-------------------------------
Output1 for generation 13800:

Oceanic mean pheno: 9.15141
Freshwater mean pheno: -8.77095
-------------------------------
Output1 for generation 13850:

Oceanic mean pheno: 9.23138
Freshwater mean pheno: -8.62593
-------------------------------
Output1 for generation 13900:

Oceanic mean pheno: 9.16157
Freshwater mean pheno: -8.47767
-------------------------------
Output1 for generation 13950:

Oceanic mean pheno: 8.80597
Freshwater mean pheno: -8.4665
-------------------------------
Output1 for generation 14000:

Oceanic mean pheno: 8.94573
Freshwater mean pheno: -8.6787
-------------------------------
Output1 for generation 14050:

Oceanic mean pheno: 8.74612
Freshwater mean pheno: -8.65345
-------------------------------
Output1 for generation 14100:

Oceanic mean pheno: 8.91551
Freshwater mean pheno: -8.70159
-------------------------------
Output1 for generation 14150:

Oceanic mean pheno: 8.89899
Freshwater mean pheno: -8.80942
-------------------------------
Output1 for generation 14200:

Oceanic mean pheno: 8.79778
Freshwater mean pheno: -8.90038
-------------------------------
Output1 for generation 14250:

Oceanic mean pheno: 8.73111
Freshwater mean pheno: -8.96902
-------------------------------
Output1 for generation 14300:

Oceanic mean pheno: 9.13555
Freshwater mean pheno: -8.86178
-------------------------------
Output1 for generation 14350:

Oceanic mean pheno: 9.11918
Freshwater mean pheno: -9.05892
-------------------------------
Output1 for generation 14400:

Oceanic mean pheno: 9.26102
Freshwater mean pheno: -9.0274
-------------------------------
Output1 for generation 14450:

Oceanic mean pheno: 9.52864
Freshwater mean pheno: -8.55173
-------------------------------
Output1 for generation 14500:

Oceanic mean pheno: 8.89559
Freshwater mean pheno: -8.93923
-------------------------------
Output1 for generation 14550:

Oceanic mean pheno: 9.16221
Freshwater mean pheno: -8.66613
-------------------------------
Output1 for generation 14600:

Oceanic mean pheno: 9.32607
Freshwater mean pheno: -8.74236
-------------------------------
Output1 for generation 14650:

Oceanic mean pheno: 9.09566
Freshwater mean pheno: -9.01039
-------------------------------
Output1 for generation 14700:

Oceanic mean pheno: 8.89446
Freshwater mean pheno: -8.78794
-------------------------------
Output1 for generation 14750:

Oceanic mean pheno: 8.72638
Freshwater mean pheno: -8.86505
-------------------------------
Output1 for generation 14800:

Oceanic mean pheno: 8.60811
Freshwater mean pheno: -9.12507
-------------------------------
Output1 for generation 14850:

Oceanic mean pheno: 8.75564
Freshwater mean pheno: -9.25945
-------------------------------
Output1 for generation 14900:

Oceanic mean pheno: 8.89276
Freshwater mean pheno: -9.26163
-------------------------------
Output1 for generation 14950:

Oceanic mean pheno: 8.79352
Freshwater mean pheno: -9.08944
-------------------------------
Output1 for generation 15000:

Oceanic mean pheno: 8.91021
Freshwater mean pheno: -8.95064
-------------------------------
Output1 for generation 15050:

Oceanic mean pheno: 8.78397
Freshwater mean pheno: -9.20935
-------------------------------
Output1 for generation 15100:

Oceanic mean pheno: 8.88413
Freshwater mean pheno: -9.3193
-------------------------------
Output1 for generation 15150:

Oceanic mean pheno: 9.04341
Freshwater mean pheno: -8.77227
-------------------------------
Output1 for generation 15200:

Oceanic mean pheno: 8.97786
Freshwater mean pheno: -8.93998
-------------------------------
Output1 for generation 15250:

Oceanic mean pheno: 9.01952
Freshwater mean pheno: -8.90473
-------------------------------
Output1 for generation 15300:

Oceanic mean pheno: 9.3307
Freshwater mean pheno: -9.26958
-------------------------------
Output1 for generation 15350:

Oceanic mean pheno: 9.31171
Freshwater mean pheno: -9.31831
-------------------------------
Output1 for generation 15400:

Oceanic mean pheno: 9.25598
Freshwater mean pheno: -9.2219
-------------------------------
Output1 for generation 15450:

Oceanic mean pheno: 9.00817
Freshwater mean pheno: -9.63262
-------------------------------
Output1 for generation 15500:

Oceanic mean pheno: 8.87257
Freshwater mean pheno: -9.3296
-------------------------------
Output1 for generation 15550:

Oceanic mean pheno: 9.27997
Freshwater mean pheno: -9.23697
-------------------------------
Output1 for generation 15600:

Oceanic mean pheno: 9.4253
Freshwater mean pheno: -9.06774
-------------------------------
Output1 for generation 15650:

Oceanic mean pheno: 9.0321
Freshwater mean pheno: -8.73728
-------------------------------
Output1 for generation 15700:

Oceanic mean pheno: 9.26437
Freshwater mean pheno: -8.91952
-------------------------------
Output1 for generation 15750:

Oceanic mean pheno: 9.05238
Freshwater mean pheno: -8.88802
-------------------------------
Output1 for generation 15800:

Oceanic mean pheno: 9.25584
Freshwater mean pheno: -8.58997
-------------------------------
Output1 for generation 15850:

Oceanic mean pheno: 8.84736
Freshwater mean pheno: -8.52788
-------------------------------
Output1 for generation 15900:

Oceanic mean pheno: 8.95842
Freshwater mean pheno: -8.84916
-------------------------------
Output1 for generation 15950:

Oceanic mean pheno: 8.64237
Freshwater mean pheno: -9.02593
-------------------------------
Output1 for generation 16000:

Oceanic mean pheno: 9.14416
Freshwater mean pheno: -8.81823
-------------------------------
Output1 for generation 16050:

Oceanic mean pheno: 8.7202
Freshwater mean pheno: -8.88707
-------------------------------
Output1 for generation 16100:

Oceanic mean pheno: 9.04986
Freshwater mean pheno: -8.69732
-------------------------------
Output1 for generation 16150:

Oceanic mean pheno: 8.80696
Freshwater mean pheno: -8.84595
-------------------------------
Output1 for generation 16200:

Oceanic mean pheno: 8.89403
Freshwater mean pheno: -8.82032
-------------------------------
Output1 for generation 16250:

Oceanic mean pheno: 9.09346
Freshwater mean pheno: -8.93719
-------------------------------
Output1 for generation 16300:

Oceanic mean pheno: 9.0612
Freshwater mean pheno: -9.05539
-------------------------------
Output1 for generation 16350:

Oceanic mean pheno: 9.08746
Freshwater mean pheno: -8.99606
-------------------------------
Output1 for generation 16400:

Oceanic mean pheno: 8.83235
Freshwater mean pheno: -8.98302
-------------------------------
Output1 for generation 16450:

Oceanic mean pheno: 8.77911
Freshwater mean pheno: -8.86755
-------------------------------
Output1 for generation 16500:

Oceanic mean pheno: 9.03784
Freshwater mean pheno: -9.03331
-------------------------------
Output1 for generation 16550:

Oceanic mean pheno: 9.02908
Freshwater mean pheno: -8.97595
-------------------------------
Output1 for generation 16600:

Oceanic mean pheno: 9.23564
Freshwater mean pheno: -9.00679
-------------------------------
Output1 for generation 16650:

Oceanic mean pheno: 9.25191
Freshwater mean pheno: -9.07055
-------------------------------
Output1 for generation 16700:

Oceanic mean pheno: 8.94341
Freshwater mean pheno: -8.75543
-------------------------------
Output1 for generation 16750:

Oceanic mean pheno: 9.11358
Freshwater mean pheslurmstepd: error: *** JOB 875398 ON n022 CANCELLED AT 2018-03-12T11:25:21 ***
