Task ID  - seed 019749
Parameters for SLiM run:
  -s 019749 MyRecipe5_0_4.E
// Initial random seed:
1508603698663

// RunInitializeCallbacks():
initializeSLiMOptions(dimensionality = 'x');
initializeMutationRate(1e-07);
initializeMutationType(1, 0.5, "g", 0.5, 1);
initializeMutationType(2, 0.5, "g", -0.5, 1);
initializeMutationType(3, 0.5, "f", 0);
initializeMutationType(4, 0.5, "f", 0);
initializeGenomicElementType(1, m3, 1);
initializeGenomicElementType(2, c(m1, m2, m3), c(1, 1, 1));
initializeGenomicElement(g1, 0, 4949);
initializeGenomicElement(g2, 4950, 5049);
initializeGenomicElement(g1, 5050, 9999);
initializeGenomicElement(g1, 10000, 14949);
initializeGenomicElement(g2, 14950, 15049);
initializeGenomicElement(g1, 15050, 19999);
initializeGenomicElement(g1, 20000, 24949);
initializeGenomicElement(g2, 24950, 25049);
initializeGenomicElement(g1, 25050, 29999);
initializeGenomicElement(g1, 30000, 34949);
initializeGenomicElement(g2, 34950, 35049);
initializeGenomicElement(g1, 35050, 39999);
initializeGenomicElement(g1, 40000, 44949);
initializeGenomicElement(g2, 44950, 45049);
initializeGenomicElement(g1, 45050, 49999);
initializeGenomicElement(g1, 50000, 54949);
initializeGenomicElement(g2, 54950, 55049);
initializeGenomicElement(g1, 55050, 59999);
initializeGenomicElement(g1, 60000, 64949);
initializeGenomicElement(g2, 64950, 65049);
initializeGenomicElement(g1, 65050, 69999);
initializeGenomicElement(g1, 70000, 74949);
initializeGenomicElement(g2, 74950, 75049);
initializeGenomicElement(g1, 75050, 79999);
initializeGenomicElement(g1, 80000, 84949);
initializeGenomicElement(g2, 84950, 85049);
initializeGenomicElement(g1, 85050, 89999);
initializeGenomicElement(g1, 90000, 94949);
initializeGenomicElement(g2, 94950, 95049);
initializeGenomicElement(g1, 95050, 99999);
end of chromosome position: 100000
initializeRecombinationRate(0.001);
initializeInteractionType(1, "x", reciprocal=T", maxDistance=0.02);
initializeInteractionType(2, "x", reciprocal=T", maxDistance=1);

// Starting run at generation <start>:
1 

-------------------------------
Output1 for generation 100:

Oceanic mean pheno: 0.000612199
Freshwater mean pheno: -0.00202363
-------------------------------
Output1 for generation 200:

Oceanic mean pheno: 0.0206338
Freshwater mean pheno: 0.00641202
-------------------------------
Output1 for generation 300:

Oceanic mean pheno: 1.08207
Freshwater mean pheno: 0.0476493
-------------------------------
Output1 for generation 400:

Oceanic mean pheno: 2.11685
Freshwater mean pheno: 0.10739
-------------------------------
Output1 for generation 500:

Oceanic mean pheno: 2.15067
Freshwater mean pheno: 0.145455
-------------------------------
Output1 for generation 600:

Oceanic mean pheno: 2.13781
Freshwater mean pheno: 0.0759658
-------------------------------
Output1 for generation 700:

Oceanic mean pheno: 2.99138
Freshwater mean pheno: 0.151077
-------------------------------
Output1 for generation 800:

Oceanic mean pheno: 5.25899
Freshwater mean pheno: -0.089495
-------------------------------
Output1 for generation 900:

Oceanic mean pheno: 5.26001
Freshwater mean pheno: -0.229529
-------------------------------
Output1 for generation 1000:

Oceanic mean pheno: 5.47964
Freshwater mean pheno: -0.779648
-------------------------------
Output1 for generation 1100:

Oceanic mean pheno: 5.82066
Freshwater mean pheno: -1.31001
-------------------------------
Output1 for generation 1200:

Oceanic mean pheno: 6.30497
Freshwater mean pheno: -1.2045
-------------------------------
Output1 for generation 1300:

Oceanic mean pheno: 6.912
Freshwater mean pheno: -1.91375
-------------------------------
Output1 for generation 1400:

Oceanic mean pheno: 7.15897
Freshwater mean pheno: -2.58091
-------------------------------
Output1 for generation 1500:

Oceanic mean pheno: 7.53944
Freshwater mean pheno: -2.87298
-------------------------------
Output1 for generation 1600:

Oceanic mean pheno: 8.38258
Freshwater mean pheno: -3.36201
-------------------------------
Output1 for generation 1700:

Oceanic mean pheno: 8.3822
Freshwater mean pheno: -4.19672
-------------------------------
Output1 for generation 1800:

Oceanic mean pheno: 8.80412
Freshwater mean pheno: -4.61868
-------------------------------
Output1 for generation 1900:

Oceanic mean pheno: 9.36871
Freshwater mean pheno: -5.35615
-------------------------------
Output1 for generation 2000:

Oceanic mean pheno: 8.88148
Freshwater mean pheno: -5.76373
-------------------------------
Output1 for generation 2100:

Oceanic mean pheno: 9.19187
Freshwater mean pheno: -6.03447
-------------------------------
Output1 for generation 2200:

Oceanic mean pheno: 9.10788
Freshwater mean pheno: -6.18596
-------------------------------
Output1 for generation 2300:

Oceanic mean pheno: 9.28288
Freshwater mean pheno: -6.45984
-------------------------------
Output1 for generation 2400:

Oceanic mean pheno: 9.23579
Freshwater mean pheno: -6.58096
-------------------------------
Output1 for generation 2500:

Oceanic mean pheno: 9.16756
Freshwater mean pheno: -6.73362
-------------------------------
Output1 for generation 2600:

Oceanic mean pheno: 9.04061
Freshwater mean pheno: -7.28641
-------------------------------
Output1 for generation 2700:

Oceanic mean pheno: 8.84564
Freshwater mean pheno: -7.64623
-------------------------------
Output1 for generation 2800:

Oceanic mean pheno: 8.8869
Freshwater mean pheno: -7.74328
-------------------------------
Output1 for generation 2900:

Oceanic mean pheno: 9.08582
Freshwater mean pheno: -7.88725
-------------------------------
Output1 for generation 3000:

Oceanic mean pheno: 9.03325
Freshwater mean pheno: -7.92729
-------------------------------
Output1 for generation 3100:

Oceanic mean pheno: 9.40785
Freshwater mean pheno: -7.91905
-------------------------------
Output1 for generation 3200:

Oceanic mean pheno: 9.43572
Freshwater mean pheno: -8.25271
-------------------------------
Output1 for generation 3300:

Oceanic mean pheno: 9.22393
Freshwater mean pheno: -8.20685
-------------------------------
Output1 for generation 3400:

Oceanic mean pheno: 9.02852
Freshwater mean pheno: -8.30062
-------------------------------
Output1 for generation 3500:

Oceanic mean pheno: 9.10947
Freshwater mean pheno: -8.27612
-------------------------------
Output1 for generation 3600:

Oceanic mean pheno: 9.2738
Freshwater mean pheno: -8.58699
-------------------------------
Output1 for generation 3700:

Oceanic mean pheno: 9.39005
Freshwater mean pheno: -8.47717
-------------------------------
Output1 for generation 3800:

Oceanic mean pheno: 9.2952
Freshwater mean pheno: -8.55973
-------------------------------
Output1 for generation 3900:

Oceanic mean pheno: 9.36702
Freshwater mean pheno: -8.62935
-------------------------------
Output1 for generation 4000:

Oceanic mean pheno: 9.35873
Freshwater mean pheno: -8.78779
-------------------------------
Output1 for generation 4100:

Oceanic mean pheno: 9.26853
Freshwater mean pheno: -9.13203
-------------------------------
Output1 for generation 4200:

Oceanic mean pheno: 9.1978
Freshwater mean pheno: -8.58054
-------------------------------
Output1 for generation 4300:

Oceanic mean pheno: 9.51087
Freshwater mean pheno: -8.78058
-------------------------------
Output1 for generation 4400:

Oceanic mean pheno: 9.48186
Freshwater mean pheno: -8.75208
-------------------------------
Output1 for generation 4500:

Oceanic mean pheno: 9.28965
Freshwater mean pheno: -8.65376
-------------------------------
Output1 for generation 4600:

Oceanic mean pheno: 9.29287
Freshwater mean pheno: -8.64886
-------------------------------
Output1 for generation 4700:

Oceanic mean pheno: 9.45658
Freshwater mean pheno: -8.56964
-------------------------------
Output1 for generation 4800:

Oceanic mean pheno: 9.33234
Freshwater mean pheno: -8.79295
-------------------------------
Output1 for generation 4900:

Oceanic mean pheno: 9.20772
Freshwater mean pheno: -8.44124
-------------------------------
Output1 for generation 5000:

Oceanic mean pheno: 9.3902
Freshwater mean pheno: -8.5687
-------------------------------
Output1 for generation 5100:

Oceanic mean pheno: 9.30061
Freshwater mean pheno: -8.36612
-------------------------------
Output1 for generation 5200:

Oceanic mean pheno: 9.11808
Freshwater mean pheno: -8.75828
-------------------------------
Output1 for generation 5300:

Oceanic mean pheno: 9.31638
Freshwater mean pheno: -8.37707
-------------------------------
Output1 for generation 5400:

Oceanic mean pheno: 9.21447
Freshwater mean pheno: -8.481
-------------------------------
Output1 for generation 5500:

Oceanic mean pheno: 9.19675
Freshwater mean pheno: -8.49088
-------------------------------
Output1 for generation 5600:

Oceanic mean pheno: 8.86241
Freshwater mean pheno: -8.55204
-------------------------------
Output1 for generation 5700:

Oceanic mean pheno: 9.03279
Freshwater mean pheno: -8.61822
-------------------------------
Output1 for generation 5800:

Oceanic mean pheno: 8.94831
Freshwater mean pheno: -8.471
-------------------------------
Output1 for generation 5900:

Oceanic mean pheno: 9.09905
Freshwater mean pheno: -8.54168
-------------------------------
Output1 for generation 6000:

Oceanic mean pheno: 9.19887
Freshwater mean pheno: -8.69886
-------------------------------
Output1 for generation 6100:

Oceanic mean pheno: 9.07826
Freshwater mean pheno: -8.901
-------------------------------
Output1 for generation 6200:

Oceanic mean pheno: 9.17375
Freshwater mean pheno: -8.65729
-------------------------------
Output1 for generation 6300:

Oceanic mean pheno: 8.98574
Freshwater mean pheno: -8.70085
-------------------------------
Output1 for generation 6400:

Oceanic mean pheno: 9.017
Freshwater mean pheno: -8.69763
-------------------------------
Output1 for generation 6500:

Oceanic mean pheno: 9.24746
Freshwater mean pheno: -8.78286
-------------------------------
Output1 for generation 6600:

Oceanic mean pheno: 9.51885
Freshwater mean pheno: -8.70645
-------------------------------
Output1 for generation 6700:

Oceanic mean pheno: 9.46279
Freshwater mean pheno: -8.96435
-------------------------------
Output1 for generation 6800:

Oceanic mean pheno: 9.06325
Freshwater mean pheno: -9.0163
-------------------------------
Output1 for generation 6900:

Oceanic mean pheno: 9.33878
Freshwater mean pheno: -8.71336
-------------------------------
Output1 for generation 7000:

Oceanic mean pheno: 9.12155
Freshwater mean pheno: -9.15882
-------------------------------
Output1 for generation 7100:

Oceanic mean pheno: 9.68891
Freshwater mean pheno: -8.96646
-------------------------------
Output1 for generation 7200:

Oceanic mean pheno: 9.6908
Freshwater mean pheno: -8.9691
-------------------------------
Output1 for generation 7300:

Oceanic mean pheno: 9.35326
Freshwater mean pheno: -8.86963
-------------------------------
Output1 for generation 7400:

Oceanic mean pheno: 9.52644
Freshwater mean pheno: -9.0406
-------------------------------
Output1 for generation 7500:

Oceanic mean pheno: 9.55164
Freshwater mean pheno: -8.95664
-------------------------------
Output1 for generation 7600:

Oceanic mean pheno: 8.98874
Freshwater mean pheno: -8.523
-------------------------------
Output1 for generation 7700:

Oceanic mean pheno: 9.36367
Freshwater mean pheno: -8.84278
-------------------------------
Output1 for generation 7800:

Oceanic mean pheno: 8.97547
Freshwater mean pheno: -8.72566
-------------------------------
Output1 for generation 7900:

Oceanic mean pheno: 9.04091
Freshwater mean pheno: -8.67212
-------------------------------
Output1 for generation 8000:

Oceanic mean pheno: 9.07017
Freshwater mean pheno: -8.91098
-------------------------------
Output1 for generation 8100:

Oceanic mean pheno: 9.29677
Freshwater mean pheno: -8.90708
-------------------------------
Output1 for generation 8200:

Oceanic mean pheno: 9.08606
Freshwater mean pheno: -8.84548
-------------------------------
Output1 for generation 8300:

Oceanic mean pheno: 9.55668
Freshwater mean pheno: -8.84348
-------------------------------
Output1 for generation 8400:

Oceanic mean pheno: 9.56668
Freshwater mean pheno: -8.91636
-------------------------------
Output1 for generation 8500:

Oceanic mean pheno: 9.45397
Freshwater mean pheno: -8.91952
-------------------------------
Output1 for generation 8600:

Oceanic mean pheno: 9.14548
Freshwater mean pheno: -8.74746
-------------------------------
Output1 for generation 8700:

Oceanic mean pheno: 9.14041
Freshwater mean pheno: -8.94234
-------------------------------
Output1 for generation 8800:

Oceanic mean pheno: 9.20209
Freshwater mean pheno: -8.71759
-------------------------------
Output1 for generation 8900:

Oceanic mean pheno: 9.33665
Freshwater mean pheno: -8.47429
-------------------------------
Output1 for generation 9000:

Oceanic mean pheno: 9.28729
Freshwater mean pheno: -8.94116
-------------------------------
Output1 for generation 9100:

Oceanic mean pheno: 9.43203
Freshwater mean pheno: -8.91291
-------------------------------
Output1 for generation 9200:

Oceanic mean pheno: 9.29186
Freshwater mean pheno: -8.66504
-------------------------------
Output1 for generation 9300:

Oceanic mean pheno: 9.13612
Freshwater mean pheno: -9.06889
-------------------------------
Output1 for generation 9400:

Oceanic mean pheno: 8.87797
Freshwater mean pheno: -8.86536
-------------------------------
Output1 for generation 9500:

Oceanic mean pheno: 8.83143
Freshwater mean pheno: -9.25136
-------------------------------
Output1 for generation 9600:

Oceanic mean pheno: 9.09364
Freshwater mean pheno: -9.06621
-------------------------------
Output1 for generation 9700:

Oceanic mean pheno: 9.15876
Freshwater mean pheno: -8.85818
-------------------------------
Output1 for generation 9800:

Oceanic mean pheno: 9.55166
Freshwater mean pheno: -8.85258
-------------------------------
Output1 for generation 9900:

Oceanic mean pheno: 9.38127
Freshwater mean pheno: -8.81428
-------------------------------
Output1 for generation 10000:

Oceanic mean pheno: 9.38215
Freshwater mean pheno: -8.95341
-------------------------------
Output1 for generation 10100:

Oceanic mean pheno: 9.2002
Freshwater mean pheno: -8.88026
-------------------------------
Output1 for generation 10200:

Oceanic mean pheno: 8.87344
Freshwater mean pheno: -9.00377
-------------------------------
Output1 for generation 10300:

Oceanic mean pheno: 8.98779
Freshwater mean pheno: -8.74857
-------------------------------
Output1 for generation 10400:

Oceanic mean pheno: 9.50596
Freshwater mean pheno: -9.12004
-------------------------------
Output1 for generation 10500:

Oceanic mean pheno: 9.61207
Freshwater mean pheno: -9.26462
-------------------------------
Output1 for generation 10600:

Oceanic mean pheno: 8.97869
Freshwater mean pheno: -8.81046
-------------------------------
Output1 for generation 10700:

Oceanic mean pheno: 9.50675
Freshwater mean pheno: -9.35156
-------------------------------
Output1 for generation 10800:

Oceanic mean pheno: 9.52623
Freshwater mean pheno: -9.18645
-------------------------------
Output1 for generation 10900:

Oceanic mean pheno: 9.30769
Freshwater mean pheno: -9.43822
-------------------------------
Output1 for generation 11000:

Oceanic mean pheno: 9.29116
Freshwater mean pheno: -8.80291
-------------------------------
Output1 for generation 11100:

Oceanic mean pheno: 9.18336
Freshwater mean pheno: -8.67868
-------------------------------
Output1 for generation 11200:

Oceanic mean pheno: 9.13423
Freshwater mean pheno: -9.37877
-------------------------------
Output1 for generation 11300:

Oceanic mean pheno: 9.54968
Freshwater mean pheno: -9.05569
-------------------------------
Output1 for generation 11400:

Oceanic mean pheno: 9.06258
Freshwater mean pheno: -8.99811
-------------------------------
Output1 for generation 11500:

Oceanic mean pheno: 9.23232
Freshwater mean pheno: -8.57448
-------------------------------
Output1 for generation 11600:

Oceanic mean pheno: 8.95031
Freshwater mean pheno: -8.82545
-------------------------------
Output1 for generation 11700:

Oceanic mean pheno: 9.12425
Freshwater mean pheno: -9.01375
-------------------------------
Output1 for generation 11800:

Oceanic mean pheno: 9.47525
Freshwater mean pheno: -8.70434
-------------------------------
Output1 for generation 11900:

Oceanic mean pheno: 9.63119
Freshwater mean pheno: -8.67109
-------------------------------
Output1 for generation 12000:

Oceanic mean pheno: 9.18271
Freshwater mean pheno: -8.44915
-------------------------------
Output1 for generation 12100:

Oceanic mean pheno: 9.21419
Freshwater mean pheno: -8.82814
-------------------------------
Output1 for generation 12200:

Oceanic mean pheno: 9.12755
Freshwater mean pheno: -9.03323
-------------------------------
Output1 for generation 12300:

Oceanic mean pheno: 9.35984
Freshwater mean pheno: -9.16492
-------------------------------
Output1 for generation 12400:

Oceanic mean pheno: 9.32349
Freshwater mean pheno: -9.32337
-------------------------------
Output1 for generation 12500:

Oceanic mean pheno: 9.13174
Freshwater mean pheno: -8.91789
-------------------------------
Output1 for generation 12600:

Oceanic mean pheno: 9.73844
Freshwater mean pheno: -8.94944
-------------------------------
Output1 for generation 12700:

Oceanic mean pheno: 9.32027
Freshwater mean pheno: -8.92249
-------------------------------
Output1 for generation 12800:

Oceanic mean pheno: 9.49504
Freshwater mean pheno: -9.20863
-------------------------------
Output1 for generation 12900:

Oceanic mean pheno: 9.48925
Freshwater mean pheno: -8.88187
-------------------------------
Output1 for generation 13000:

Oceanic mean pheno: 9.31191
Freshwater mean pheno: -8.5118
-------------------------------
Output1 for generation 13100:

Oceanic mean pheno: 9.02266
Freshwater mean pheno: -9.16852
-------------------------------
Output1 for generation 13200:

Oceanic mean pheno: 9.29761
Freshwater mean pheno: -8.93817
-------------------------------
Output1 for generation 13300:

Oceanic mean pheno: 9.38847
Freshwater mean pheno: -8.78214
-------------------------------
Output1 for generation 13400:

Oceanic mean pheno: 9.36288
Freshwater mean pheno: -9.07565
-------------------------------
Output1 for generation 13500:

Oceanic mean pheno: 9.1751
Freshwater mean pheno: -9.12957
-------------------------------
Output1 for generation 13600:

Oceanic mean pheno: 9.66611
Freshwater mean pheno: -9.31296
-------------------------------
Output1 for generation 13700:

Oceanic mean pheno: 9.4843
Freshwater mean pheno: -9.03745
-------------------------------
Output1 for generation 13800:

Oceanic mean pheno: 9.23623
Freshwater mean pheno: -9.1619
-------------------------------
Output1 for generation 13900:

Oceanic mean pheno: 9.42704
Freshwater mean pheno: -9.30094
-------------------------------
Output1 for generation 14000:

Oceanic mean pheno: 9.37344
Freshwater mean pheno: -8.9473
-------------------------------
Output1 for generation 14100:

Oceanic mean pheno: 9.34478
Freshwater mean pheno: -9.23664
-------------------------------
Output1 for generation 14200:

Oceanic mean pheno: 9.28969
Freshwater mean pheno: -8.75778
-------------------------------
Output1 for generation 14300:

Oceanic mean pheno: 9.34326
Freshwater mean pheno: -9.18402
-------------------------------
Output1 for generation 14400:

Oceanic mean pheno: 8.99669
Freshwater mean pheno: -9.06047
-------------------------------
Output1 for generation 14500:

Oceanic mean pheno: 9.51867
Freshwater mean pheno: -8.96378
-------------------------------
Output1 for generation 14600:

Oceanic mean pheno: 9.45561
Freshwater mean pheno: -8.73152
-------------------------------
Output1 for generation 14700:

Oceanic mean pheno: 9.49626
Freshwater mean pheno: -8.87804
-------------------------------
Output1 for generation 14800:

Oceanic mean pheno: 9.66363
Freshwater mean pheno: -9.20931
-------------------------------
Output1 for generation 14900:

Oceanic mean pheno: 9.28689
Freshwater mean pheno: -8.84046
-------------------------------
Output1 for generation 15000:

Oceanic mean pheno: 9.3493
Freshwater mean pheno: -8.8482
-------------------------------
Output1 for generation 15100:

Oceanic mean pheno: 9.13687
Freshwater mean pheno: -8.72806
-------------------------------
Output1 for generation 15200:

Oceanic mean pheno: 9.4038
Freshwater mean pheno: -8.75878
-------------------------------
Output1 for generation 15300:

Oceanic mean pheno: 9.26978
Freshwater mean pheno: -8.72946
-------------------------------
Output1 for generation 15400:

Oceanic mean pheno: 9.00548
Freshwater mean pheno: -8.69913
-------------------------------
Output1 for generation 15500:

Oceanic mean pheno: 9.45924
Freshwater mean pheno: -9.15136
-------------------------------
Output1 for generation 15600:

Oceanic mean pheno: 9.31495
Freshwater mean pheno: -9.01398
-------------------------------
Output1 for generation 15700:

Oceanic mean pheno: 9.38907
Freshwater mean pheno: -9.06085
-------------------------------
Output1 for generation 15800:

Oceanic mean pheno: 9.45618
Freshwater mean pheno: -9.10533
-------------------------------
Output1 for generation 15900:

Oceanic mean pheno: 9.44426
Freshwater mean pheno: -8.94215
-------------------------------
Output1 for generation 16000:

Oceanic mean pheno: 9.09581
Freshwater mean pheno: -8.79279
-------------------------------
Output1 for generation 16100:

Oceanic mean pheno: 9.44736
Freshwater mean pheno: -8.91143
-------------------------------
Output1 for generation 16200:

Oceanic mean pheno: 9.05687
Freshwater mean pheno: -8.78496
-------------------------------
Output1 for generation 16300:

Oceanic mean pheno: 9.17044
Freshwater mean pheno: -9.11797
-------------------------------
Output1 for generation 16400:

Oceanic mean pheno: 9.42217
Freshwater mean pheno: -9.48124
-------------------------------
Output1 for generation 16500:

Oceanic mean pheno: 9.26421
Freshwater mean pheno: -9.39744
-------------------------------
Output1 for generation 16600:

Oceanic mean pheno: 9.43898
Freshwater mean pheno: -9.39198
-------------------------------
Output1 for generation 16700:

Oceanic mean pheno: 9.50514
Freshwater mean pheno: -9.19324
-------------------------------
Output1 for generation 16800:

Oceanic mean pheno: 9.17627
Freshwater mean pheno: -9.20808
-------------------------------
Output1 for generation 16900:

Oceanic mean pheno: 9.13462
Freshwater mean pheno: -8.84157
-------------------------------
Output1 for generation 17000:

Oceanic mean pheno: 9.08562
Freshwater mean pheno: -8.46652
-------------------------------
Output1 for generation 17100:

Oceanic mean pheno: 9.1054
Freshwater mean pheno: -9.22475
-------------------------------
Output1 for generation 17200:

Oceanic mean pheno: 9.28586
Freshwater mean pheno: -9.52001
-------------------------------
Output1 for generation 17300:

Oceanic mean pheno: 9.12468
Freshwater mean pheno: -9.09121
-------------------------------
Output1 for generation 17400:

Oceanic mean pheno: 9.06509
Freshwater mean pheno: -8.89568
-------------------------------
Output1 for generation 17500:

Oceanic mean pheno: 9.52554
Freshwater mean pheno: -8.78964
-------------------------------
Output1 for generation 17600:

Oceanic mean pheno: 9.43528
Freshwater mean pheno: -9.03729
-------------------------------
Output1 for generation 17700:

Oceanic mean pheno: 9.59444
Freshwater mean pheno: -9.20149
-------------------------------
Output1 for generation 17800:

Oceanic mean pheno: 9.55568
Freshwater mean pheno: -9.0986
-------------------------------
Output1 for generation 17900:

Oceanic mean pheno: 9.47833
Freshwater mean pheno: -8.83664
-------------------------------
Output1 for generation 18000:

Oceanic mean pheno: 9.45684
Freshwater mean pheno: -9.19712
-------------------------------
Output1 for generation 18100:

Oceanic mean pheno: 9.44946
Freshwater mean pheno: -8.98001
-------------------------------
Output1 for generation 18200:

Oceanic mean pheno: 9.12577
Freshwater mean pheno: -9.44659
-------------------------------
Output1 for generation 18300:

Oceanic mean pheno: 8.86624
Freshwater mean pheno: -9.11195
-------------------------------
Output1 for generation 18400:

Oceanic mean pheno: 9.50737
Freshwater mean pheno: -8.98109
-------------------------------
Output1 for generation 18500:

Oceanic mean pheno: 9.37492
Freshwater mean pheno: -9.16367
-------------------------------
Output1 for generation 18600:

Oceanic mean pheno: 9.60326
Freshwater mean pheno: -8.73279
-------------------------------
Output1 for generation 18700:

Oceanic mean pheno: 9.38724
Freshwater mean pheno: -8.73356
-------------------------------
Output1 for generation 18800:

Oceanic mean pheno: 9.6897
Freshwater mean pheno: -9.5922
-------------------------------
Output1 for generation 18900:

Oceanic mean pheno: 9.30499
Freshwater mean pheno: -9.0815
-------------------------------
Output1 for generation 19000:

Oceanic mean pheno: 9.66507
Freshwater mean pheno: -8.97227
-------------------------------
Output1 for generation 19100:

Oceanic mean pheno: 9.52886
Freshwater mean pheno: -8.99576
-------------------------------
Output1 for generation 19200:

Oceanic mean pheno: 9.08505
Freshwater mean pheno: -9.3325
-------------------------------
Output1 for generation 19300:

Oceanic mean pheno: 9.2601
Freshwater mean pheno: -9.07857
-------------------------------
Output1 for generation 19400:

Oceanic mean pheno: 9.27939
Freshwater mean pheno: -9.34726
-------------------------------
Output1 for generation 19500:

Oceanic mean pheno: 9.08267
Freshwater mean pheno: -9.17219
-------------------------------
Output1 for generation 19600:

Oceanic mean pheno: 9.28982
Freshwater mean pheno: -9.34393
-------------------------------
Output1 for generation 19700:

Oceanic mean pheno: 9.41519
Freshwater mean pheno: -9.01126
-------------------------------
Output1 for generation 19800:

Oceanic mean pheno: 9.1751
Freshwater mean pheno: -8.8567
-------------------------------
Output1 for generation 19900:

Oceanic mean pheno: 9.18533
Freshwater mean pheno: -8.89734
-------------------------------
Output1 for generation 20000:

Oceanic mean pheno: 9.10015
Freshwater mean pheno: -8.96467
new Freshwater mean pheno: 9.0834
-------------------------------
Output1 for generation 20100:

Oceanic mean pheno: 8.67191
Freshwater mean pheno: -8.66791
new Freshwater mean pheno: -8.1472
-------------------------------
Output1 for generation 20200:

Oceanic mean pheno: 8.57607
Freshwater mean pheno: -8.95868
new Freshwater mean pheno: -9.12293
-------------------------------
Output1 for generation 20300:

Oceanic mean pheno: 8.57657
Freshwater mean pheno: -8.8396
new Freshwater mean pheno: -9.28773
-------------------------------
Output1 for generation 20400:

Oceanic mean pheno: 8.75338
Freshwater mean pheno: -8.72171
new Freshwater mean pheno: -9.28025
-------------------------------
Output1 for generation 20500:

Oceanic mean pheno: 8.78586
Freshwater mean pheno: -9.18166
new Freshwater mean pheno: -9.50536
-------------------------------
Output1 for generation 20600:

Oceanic mean pheno: 8.5928
Freshwater mean pheno: -9.36346
new Freshwater mean pheno: -9.1451
-------------------------------
Output1 for generation 20700:

Oceanic mean pheno: 8.7335
Freshwater mean pheno: -9.20428
new Freshwater mean pheno: -9.1354
-------------------------------
Output1 for generation 20800:

Oceanic mean pheno: 8.69921
Freshwater mean pheno: -9.24982
new Freshwater mean pheno: -9.62927
-------------------------------
Output1 for generation 20900:

Oceanic mean pheno: 8.80262
Freshwater mean pheno: -9.28631
new Freshwater mean pheno: -9.30017
-------------------------------
Output1 for generation 21000:

Oceanic mean pheno: 9.32143
Freshwater mean pheno: -9.03217
new Freshwater mean pheno: -9.57085
-------------------------------
Output1 for generation 21100:

Oceanic mean pheno: 8.51136
Freshwater mean pheno: -9.41039
new Freshwater mean pheno: -9.05274
-------------------------------
Output1 for generation 21200:

Oceanic mean pheno: 8.6475
Freshwater mean pheno: -9.3806
new Freshwater mean pheno: -9.05787
-------------------------------
Output1 for generation 21300:

Oceanic mean pheno: 8.69587
Freshwater mean pheno: -9.34373
new Freshwater mean pheno: -9.00329
-------------------------------
Output1 for generation 21400:

Oceanic mean pheno: 8.73846
Freshwater mean pheno: -8.83198
new Freshwater mean pheno: -9.1443
-------------------------------
Output1 for generation 21500:

Oceanic mean pheno: 8.77644
Freshwater mean pheno: -9.15615
new Freshwater mean pheno: -9.09686
-------------------------------
Output1 for generation 21600:

Oceanic mean pheno: 8.64289
Freshwater mean pheno: -9.03652
new Freshwater mean pheno: -9.30192
-------------------------------
Output1 for generation 21700:

Oceanic mean pheno: 8.56699
Freshwater mean pheno: -9.19394
new Freshwater mean pheno: -8.99267
-------------------------------
Output1 for generation 21800:

Oceanic mean pheno: 8.77118
Freshwater mean pheno: -9.00544
new Freshwater mean pheno: -9.39626
-------------------------------
Output1 for generation 21900:

Oceanic mean pheno: 8.93403
Freshwater mean pheno: -9.25489
new Freshwater mean pheno: -9.15111
-------------------------------
Output1 for generation 22000:

Oceanic mean pheno: 8.47494
Freshwater mean pheno: -8.92908
new Freshwater mean pheno: -9.02246
-------------------------------
Output1 for generation 22100:

Oceanic mean pheno: 8.69188
Freshwater mean pheno: -8.92547
new Freshwater mean pheno: -9.07186
-------------------------------
Output1 for generation 22200:

Oceanic mean pheno: 8.91482
Freshwater mean pheno: -9.08481
new Freshwater mean pheno: -9.27179
-------------------------------
Output1 for generation 22300:

Oceanic mean pheno: 8.93214
Freshwater mean pheno: -9.2835
new Freshwater mean pheno: -8.94342
-------------------------------
Output1 for generation 22400:

Oceanic mean pheno: 8.94749
Freshwater mean pheno: -9.52167
new Freshwater mean pheno: -9.25477
-------------------------------
Output1 for generation 22500:

Oceanic mean pheno: 9.05691
Freshwater mean pheno: -9.38012
new Freshwater mean pheno: -9.18403
-------------------------------
Output1 for generation 22600:

Oceanic mean pheno: 9.09438
Freshwater mean pheno: -9.38746
new Freshwater mean pheno: -9.12594
-------------------------------
Output1 for generation 22700:

Oceanic mean pheno: 9.56589
Freshwater mean pheno: -9.15556
new Freshwater mean pheno: -9.10628
-------------------------------
Output1 for generation 22800:

Oceanic mean pheno: 9.47772
Freshwater mean pheno: -9.4386
new Freshwater mean pheno: -9.1823
-------------------------------
Output1 for generation 22900:

Oceanic mean pheno: 9.11932
Freshwater mean pheno: -9.4141
new Freshwater mean pheno: -9.25063
-------------------------------
Output1 for generation 23000:

Oceanic mean pheno: 9.42154
Freshwater mean pheno: -9.34093
new Freshwater mean pheno: -9.52716
-------------------------------
Output1 for generation 23100:

Oceanic mean pheno: 9.31968
Freshwater mean pheno: -9.41942
new Freshwater mean pheno: -9.38806
-------------------------------
Output1 for generation 23200:

Oceanic mean pheno: 9.55363
Freshwater mean pheno: -9.17299
new Freshwater mean pheno: -9.4901
-------------------------------
Output1 for generation 23300:

Oceanic mean pheno: 9.09132
Freshwater mean pheno: -9.16043
new Freshwater mean pheno: -9.28084
-------------------------------
Output1 for generation 23400:

Oceanic mean pheno: 9.04826
Freshwater mean pheno: -9.16459
new Freshwater mean pheno: -9.3181
-------------------------------
Output1 for generation 23500:

Oceanic mean pheno: 8.92407
Freshwater mean pheno: -9.31681
new Freshwater mean pheno: -9.71531
-------------------------------
Output1 for generation 23600:

Oceanic mean pheno: 9.06978
Freshwater mean pheno: -9.18246
new Freshwater mean pheno: -9.43312
-------------------------------
Output1 for generation 23700:

Oceanic mean pheno: 9.51569
Freshwater mean pheno: -9.33225
new Freshwater mean pheno: -9.29938
-------------------------------
Output1 for generation 23800:

Oceanic mean pheno: 9.24016
Freshwater mean pheno: -9.57693
new Freshwater mean pheno: -9.37445
-------------------------------
Output1 for generation 23900:

Oceanic mean pheno: 9.19116
Freshwater mean pheno: -9.22363
new Freshwater mean pheno: -9.77229
-------------------------------
Output1 for generation 24000:

Oceanic mean pheno: 9.15802
Freshwater mean pheno: -9.30335
new Freshwater mean pheno: -9.16471
-------------------------------
Output1 for generation 24100:

Oceanic mean pheno: 9.27553
Freshwater mean pheno: -9.38227
new Freshwater mean pheno: -9.15033
-------------------------------
Output1 for generation 24200:

Oceanic mean pheno: 9.50395
Freshwater mean pheno: -9.48077
new Freshwater mean pheno: -9.35991
-------------------------------
Output1 for generation 24300:

Oceanic mean pheno: 9.04263
Freshwater mean pheno: -9.12095
new Freshwater mean pheno: -8.97433
-------------------------------
Output1 for generation 24400:

Oceanic mean pheno: 9.48794
Freshwater mean pheno: -9.03457
new Freshwater mean pheno: -9.3091
-------------------------------
Output1 for generation 24500:

Oceanic mean pheno: 9.27384
Freshwater mean pheno: -9.11879
new Freshwater mean pheno: -9.43135
-------------------------------
Output1 for generation 24600:

Oceanic mean pheno: 9.14935
Freshwater mean pheno: -9.16133
new Freshwater mean pheno: -9.01673
-------------------------------
Output1 for generation 24700:

Oceanic mean pheno: 8.72831
Freshwater mean pheno: -9.24616
new Freshwater mean pheno: -9.2567
-------------------------------
Output1 for generation 24800:

Oceanic mean pheno: 8.73939
Freshwater mean pheno: -9.22828
new Freshwater mean pheno: -8.92297
-------------------------------
Output1 for generation 24900:

Oceanic mean pheno: 8.97049
Freshwater mean pheno: -9.28536
new Freshwater mean pheno: -9.20963
-------------------------------
Output1 for generation 25000:

Oceanic mean pheno: 9.12709
Freshwater mean pheno: -9.62869
new Freshwater mean pheno: -9.67955
-------------------------------
Output1 for generation 25100:

Oceanic mean pheno: 9.37757
Freshwater mean pheno: -9.55006
new Freshwater mean pheno: -9.54493
-------------------------------
Output1 for generation 25200:

Oceanic mean pheno: 8.9483
Freshwater mean pheno: -9.51421
new Freshwater mean pheno: -9.39291
-------------------------------
Output1 for generation 25300:

Oceanic mean pheno: 8.94488
Freshwater mean pheno: -9.66093
new Freshwater mean pheno: -9.15081
-------------------------------
Output1 for generation 25400:

Oceanic mean pheno: 9.19148
Freshwater mean pheno: -9.50643
new Freshwater mean pheno: -9.13292
-------------------------------
Output1 for generation 25500:

Oceanic mean pheno: 8.89498
Freshwater mean pheno: -9.40596
new Freshwater mean pheno: -9.00638
-------------------------------
Output1 for generation 25600:

Oceanic mean pheno: 8.71207
Freshwater mean pheno: -8.99153
new Freshwater mean pheno: -9.28504
-------------------------------
Output1 for generation 25700:

Oceanic mean pheno: 9.40397
Freshwater mean pheno: -9.25788
new Freshwater mean pheno: -8.90515
-------------------------------
Output1 for generation 25800:

Oceanic mean pheno: 9.39665
Freshwater mean pheno: -8.9578
new Freshwater mean pheno: -9.04849
-------------------------------
Output1 for generation 25900:

Oceanic mean pheno: 9.19849
Freshwater mean pheno: -8.85903
new Freshwater mean pheno: -8.77377
-------------------------------
Output1 for generation 26000:

Oceanic mean pheno: 9.315
Freshwater mean pheno: -9.18945
new Freshwater mean pheno: -9.30415
-------------------------------
Output1 for generation 26100:

Oceanic mean pheno: 9.13279
Freshwater mean pheno: -8.79237
new Freshwater mean pheno: -9.01559
-------------------------------
Output1 for generation 26200:

Oceanic mean pheno: 9.4452
Freshwater mean pheno: -8.72836
new Freshwater mean pheno: -9.52814
-------------------------------
Output1 for generation 26300:

Oceanic mean pheno: 9.14887
Freshwater mean pheno: -9.16431
new Freshwater mean pheno: -9.90088
-------------------------------
Output1 for generation 26400:

Oceanic mean pheno: 8.99389
Freshwater mean pheno: -9.40247
new Freshwater mean pheno: -9.5691
-------------------------------
Output1 for generation 26500:

Oceanic mean pheno: 9.14464
Freshwater mean pheno: -9.45537
new Freshwater mean pheno: -9.22926
-------------------------------
Output1 for generation 26600:

Oceanic mean pheno: 9.22137
Freshwater mean pheno: -8.96254
new Freshwater mean pheno: -8.98045
-------------------------------
Output1 for generation 26700:

Oceanic mean pheno: 9.17074
Freshwater mean pheno: -9.04921
new Freshwater mean pheno: -9.34723
-------------------------------
Output1 for generation 26800:

Oceanic mean pheno: 9.11134
Freshwater mean pheno: -9.26846
new Freshwater mean pheno: -9.53282
-------------------------------
Output1 for generation 26900:

Oceanic mean pheno: 9.42848
Freshwater mean pheno: -9.01489
new Freshwater mean pheno: -9.33199
-------------------------------
Output1 for generation 27000:

Oceanic mean pheno: 9.0026
Freshwater mean pheno: -8.83405
new Freshwater mean pheno: -9.66534
-------------------------------
Output1 for generation 27100:

Oceanic mean pheno: 9.12502
Freshwater mean pheno: -8.72494
new Freshwater mean pheno: -9.38639
-------------------------------
Output1 for generation 27200:

Oceanic mean pheno: 9.16298
Freshwater mean pheno: -8.94655
new Freshwater mean pheno: -9.22851
-------------------------------
Output1 for generation 27300:

Oceanic mean pheno: 9.34209
Freshwater mean pheno: -8.88078
new Freshwater mean pheno: -9.37907
-------------------------------
Output1 for generation 27400:

Oceanic mean pheno: 8.98047
Freshwater mean pheno: -9.37632
new Freshwater mean pheno: -9.07893
-------------------------------
Output1 for generation 27500:

Oceanic mean pheno: 9.19523
Freshwater mean pheno: -9.07039
new Freshwater mean pheno: -9.47972
-------------------------------
Output1 for generation 27600:

Oceanic mean pheno: 9.26966
Freshwater mean pheno: -9.03129
new Freshwater mean pheno: -9.47911
-------------------------------
Output1 for generation 27700:

Oceanic mean pheno: 9.69192
Freshwater mean pheno: -9.29252
new Freshwater mean pheno: -9.33336
-------------------------------
Output1 for generation 27800:

Oceanic mean pheno: 8.87594
Freshwater mean pheno: -9.37965
new Freshwater mean pheno: -9.19879
-------------------------------
Output1 for generation 27900:

Oceanic mean pheno: 9.12703
Freshwater mean pheno: -8.94202
new Freshwater mean pheno: -9.0427
-------------------------------
Output1 for generation 28000:

Oceanic mean pheno: 9.45761
Freshwater mean pheno: -9.44504
new Freshwater mean pheno: -9.22374
-------------------------------
Output1 for generation 28100:

Oceanic mean pheno: 9.28493
Freshwater mean pheno: -8.94932
new Freshwater mean pheno: -9.11822
-------------------------------
Output1 for generation 28200:

Oceanic mean pheno: 9.13852
Freshwater mean pheno: -9.2952
new Freshwater mean pheno: -8.85145
-------------------------------
Output1 for generation 28300:

Oceanic mean pheno: 9.04662
Freshwater mean pheno: -9.13144
new Freshwater mean pheno: -8.87834
-------------------------------
Output1 for generation 28400:

Oceanic mean pheno: 9.46609
Freshwater mean pheno: -9.0736
new Freshwater mean pheno: -9.39627
-------------------------------
Output1 for generation 28500:

Oceanic mean pheno: 9.30815
Freshwater mean pheno: -9.32132
new Freshwater mean pheno: -8.96908
-------------------------------
Output1 for generation 28600:

Oceanic mean pheno: 9.50375
Freshwater mean pheno: -9.19083
new Freshwater mean pheno: -9.20835
-------------------------------
Output1 for generation 28700:

Oceanic mean pheno: 9.26747
Freshwater mean pheno: -9.124
new Freshwater mean pheno: -9.35042
-------------------------------
Output1 for generation 28800:

Oceanic mean pheno: 8.4818
Freshwater mean pheno: -9.08964
new Freshwater mean pheno: -9.09566
-------------------------------
Output1 for generation 28900:

Oceanic mean pheno: 9.44683
Freshwater mean pheno: -9.4881
new Freshwater mean pheno: -9.28351
-------------------------------
Output1 for generation 29000:

Oceanic mean pheno: 9.01214
Freshwater mean pheno: -9.42809
new Freshwater mean pheno: -9.30702
-------------------------------
Output1 for generation 29100:

Oceanic mean pheno: 9.19035
Freshwater mean pheno: -9.60807
new Freshwater mean pheno: -9.39745
-------------------------------
Output1 for generation 29200:

Oceanic mean pheno: 8.6973
Freshwater mean pheno: -9.37221
new Freshwater mean pheno: -9.43772
-------------------------------
Output1 for generation 29300:

Oceanic mean pheno: 9.24424
Freshwater mean pheno: -9.35686
new Freshwater mean pheno: -9.4586
-------------------------------
Output1 for generation 29400:

Oceanic mean pheno: 9.12402
Freshwater mean pheno: -9.79965
new Freshwater mean pheno: -9.61447
-------------------------------
Output1 for generation 29500:

Oceanic mean pheno: 9.61026
Freshwater mean pheno: -9.25796
new Freshwater mean pheno: -9.59543
-------------------------------
Output1 for generation 29600:

Oceanic mean pheno: 9.20668
Freshwater mean pheno: -9.3536
new Freshwater mean pheno: -8.99569
-------------------------------
Output1 for generation 29700:

Oceanic mean pheno: 9.19727
Freshwater mean pheno: -9.33536
new Freshwater mean pheno: -9.19447
-------------------------------
Output1 for generation 29800:

Oceanic mean pheno: 9.2968
Freshwater mean pheno: -9.48239
new Freshwater mean pheno: -8.99873
-------------------------------
Output1 for generation 29900:

Oceanic mean pheno: 9.22773
Freshwater mean pheno: -9.16793
new Freshwater mean pheno: -9.54025
-------------------------------
Output1 for generation 30000:

Oceanic mean pheno: 9.34597
Freshwater mean pheno: -9.10486
new Freshwater mean pheno: -9.32294
-------------------------------
Output1 for generation 30100:

Oceanic mean pheno: 9.20079
Freshwater mean pheno: -9.30531
new Freshwater mean pheno: -9.35762
-------------------------------
Output1 for generation 30200:

Oceanic mean pheno: 9.49352
Freshwater mean pheno: -9.50022
new Freshwater mean pheno: -9.36441
-------------------------------
Output1 for generation 30300:

Oceanic mean pheno: 9.70113
Freshwater mean pheno: -9.27495
new Freshwater mean pheno: -9.61462
-------------------------------
Output1 for generation 30400:

Oceanic mean pheno: 9.05695
Freshwater mean pheno: -9.21645
new Freshwater mean pheno: -9.3386
-------------------------------
Output1 for generation 30500:

Oceanic mean pheno: 8.89824
Freshwater mean pheno: -9.51668
new Freshwater mean pheno: -9.47911
-------------------------------
Output1 for generation 30600:

Oceanic mean pheno: 9.08479
Freshwater mean pheno: -9.17808
new Freshwater mean pheno: -9.67654
-------------------------------
Output1 for generation 30700:

Oceanic mean pheno: 9.24219
Freshwater mean pheno: -9.63588
new Freshwater mean pheno: -9.76145
-------------------------------
Output1 for generation 30800:

Oceanic mean pheno: 9.19128
Freshwater mean pheno: -9.38001
new Freshwater mean pheno: -9.71584
-------------------------------
Output1 for generation 30900:

Oceanic mean pheno: 8.90425
Freshwater mean pheno: -9.21137
new Freshwater mean pheno: -9.63919
-------------------------------
Output1 for generation 31000:

Oceanic mean pheno: 9.53412
Freshwater mean pheno: -9.00721
new Freshwater mean pheno: -9.41633
-------------------------------
Output1 for generation 31100:

Oceanic mean pheno: 9.89363
Freshwater mean pheno: -9.47605
new Freshwater mean pheno: -9.17807
-------------------------------
Output1 for generation 31200:

Oceanic mean pheno: 9.9874
Freshwater mean pheno: -9.19078
new Freshwater mean pheno: -9.68572
-------------------------------
Output1 for generation 31300:

Oceanic mean pheno: 9.21777
Freshwater mean pheno: -9.48871
new Freshwater mean pheno: -9.44837
-------------------------------
Output1 for generation 31400:

Oceanic mean pheno: 9.08324
Freshwater mean pheno: -9.27511
new Freshwater mean pheno: -9.41999
-------------------------------
Output1 for generation 31500:

Oceanic mean pheno: 9.35134
Freshwater mean pheno: -9.28086
new Freshwater mean pheno: -9.4284
-------------------------------
Output1 for generation 31600:

Oceanic mean pheno: 8.82432
Freshwater mean pheno: -9.13069
new Freshwater mean pheno: -9.30081
-------------------------------
Output1 for generation 31700:

Oceanic mean pheno: 9.05938
Freshwater mean pheno: -9.15241
new Freshwater mean pheno: -9.15858
-------------------------------
Output1 for generation 31800:

Oceanic mean pheno: 9.09017
Freshwater mean pheno: -9.17694
new Freshwater mean pheno: -9.43406
-------------------------------
Output1 for generation 31900:

Oceanic mean pheno: 9.5459
Freshwater mean pheno: -9.19672
new Freshwater mean pheno: -9.33162
-------------------------------
Output1 for generation 32000:

Oceanic mean pheno: 9.35839
Freshwater mean pheno: -9.36296
new Freshwater mean pheno: -9.17292
-------------------------------
Output1 for generation 32100:

Oceanic mean pheno: 9.25045
Freshwater mean pheno: -9.13373
new Freshwater mean pheno: -9.23554
-------------------------------
Output1 for generation 32200:

Oceanic mean pheno: 9.36043
Freshwater mean pheno: -9.6092
new Freshwater mean pheno: -9.02401
-------------------------------
Output1 for generation 32300:

Oceanic mean pheno: 9.15972
Freshwater mean pheno: -9.6387
new Freshwater mean pheno: -9.11605
-------------------------------
Output1 for generation 32400:

Oceanic mean pheno: 9.24386
Freshwater mean pheno: -9.62241
new Freshwater mean pheno: -9.40596
-------------------------------
Output1 for generation 32500:

Oceanic mean pheno: 9.21143
Freshwater mean pheno: -9.75447
new Freshwater mean pheno: -9.10294
-------------------------------
Output1 for generation 32600:

Oceanic mean pheno: 9.06026
Freshwater mean pheno: -9.64876
new Freshwater mean pheno: -9.27811
-------------------------------
Output1 for generation 32700:

Oceanic mean pheno: 9.28052
Freshwater mean pheno: -9.51862
new Freshwater mean pheno: -9.08335
-------------------------------
Output1 for generation 32800:

Oceanic mean pheno: 9.33975
Freshwater mean pheno: -9.31577
new Freshwater mean pheno: -9.26764
-------------------------------
Output1 for generation 32900:

Oceanic mean pheno: 9.02984
Freshwater mean pheno: -9.02192
new Freshwater mean pheno: -9.17088
-------------------------------
Output1 for generation 33000:

Oceanic mean pheno: 9.37767
Freshwater mean pheno: -8.85827
new Freshwater mean pheno: -9.22865
-------------------------------
Output1 for generation 33100:

Oceanic mean pheno: 8.79666
Freshwater mean pheno: -9.00244
new Freshwater mean pheno: -8.93772
-------------------------------
Output1 for generation 33200:

Oceanic mean pheno: 9.34829
Freshwater mean pheno: -9.17348
new Freshwater mean pheno: -9.7741
-------------------------------
Output1 for generation 33300:

Oceanic mean pheno: 9.58431
Freshwater mean pheno: -9.40111
new Freshwater mean pheno: -9.20174
-------------------------------
Output1 for generation 33400:

Oceanic mean pheno: 9.44926
Freshwater mean pheno: -9.21527
new Freshwater mean pheno: -9.40903
-------------------------------
Output1 for generation 33500:

Oceanic mean pheno: 9.6693
Freshwater mean pheno: -9.21032
new Freshwater mean pheno: -9.44936
-------------------------------
Output1 for generation 33600:

Oceanic mean pheno: 9.15638
Freshwater mean pheno: -8.96428
new Freshwater mean pheno: -9.15087
-------------------------------
Output1 for generation 33700:

Oceanic mean pheno: 8.71488
Freshwater mean pheno: -9.1139
new Freshwater mean pheno: -9.54841
-------------------------------
Output1 for generation 33800:

Oceanic mean pheno: 9.05991
Freshwater mean pheno: -9.28406
new Freshwater mean pheno: -9.37582
-------------------------------
Output1 for generation 33900:

Oceanic mean pheno: 9.36096
Freshwater mean pheno: -9.50893
new Freshwater mean pheno: -9.34629
-------------------------------
Output1 for generation 34000:

Oceanic mean pheno: 9.38379
Freshwater mean pheno: -9.03115
new Freshwater mean pheno: -9.27971
-------------------------------
Output1 for generation 34100:

Oceanic mean pheno: 9.52277
Freshwater mean pheno: -8.86357
new Freshwater mean pheno: -9.26453
-------------------------------
Output1 for generation 34200:

Oceanic mean pheno: 9.55291
Freshwater mean pheno: -9.44685
new Freshwater mean pheno: -9.28376
-------------------------------
Output1 for generation 34300:

Oceanic mean pheno: 9.89069
Freshwater mean pheno: -9.36779
new Freshwater mean pheno: -9.16325
-------------------------------
Output1 for generation 34400:

Oceanic mean pheno: 9.19873
Freshwater mean pheno: -9.29236
new Freshwater mean pheno: -8.99068
-------------------------------
Output1 for generation 34500:

Oceanic mean pheno: 9.31458
Freshwater mean pheno: -9.45272
new Freshwater mean pheno: -9.29442
-------------------------------
Output1 for generation 34600:

Oceanic mean pheno: 9.55687
Freshwater mean pheno: -9.36895
new Freshwater mean pheno: -9.343
-------------------------------
Output1 for generation 34700:

Oceanic mean pheno: 9.16068
Freshwater mean pheno: -9.67888
new Freshwater mean pheno: -9.52106
-------------------------------
Output1 for generation 34800:

Oceanic mean pheno: 9.54637
Freshwater mean pheno: -9.39904
new Freshwater mean pheno: -8.96389
-------------------------------
Output1 for generation 34900:

Oceanic mean pheno: 9.80645
Freshwater mean pheno: -9.29614
new Freshwater mean pheno: -9.09118
-------------------------------
Output1 for generation 35000:

Oceanic mean pheno: 9.50618
Freshwater mean pheno: -9.5118
new Freshwater mean pheno: -9.10036
-------------------------------
Output1 for generation 35100:

Oceanic mean pheno: 9.15407
Freshwater mean pheno: -9.49397
new Freshwater mean pheno: -9.18427
-------------------------------
Output1 for generation 35200:

Oceanic mean pheno: 9.44404
Freshwater mean pheno: -9.32365
new Freshwater mean pheno: -9.18261
-------------------------------
Output1 for generation 35300:

Oceanic mean pheno: 9.79076
Freshwater mean pheno: -9.2501
new Freshwater mean pheno: -9.36646
-------------------------------
Output1 for generation 35400:

Oceanic mean pheno: 9.17336
Freshwater mean pheno: -9.04111
new Freshwater mean pheno: -9.26473
-------------------------------
Output1 for generation 35500:

Oceanic mean pheno: 8.81624
Freshwater mean pheno: -8.97838
new Freshwater mean pheno: -9.32544
-------------------------------
Output1 for generation 35600:

Oceanic mean pheno: 9.57048
Freshwater mean pheno: -8.82775
new Freshwater mean pheno: -9.44923
-------------------------------
Output1 for generation 35700:

Oceanic mean pheno: 9.49068
Freshwater mean pheno: -9.3128
new Freshwater mean pheno: -9.37319
-------------------------------
Output1 for generation 35800:

Oceanic mean pheno: 9.8205
Freshwater mean pheno: -9.04147
new Freshwater mean pheno: -8.97589
-------------------------------
Output1 for generation 35900:

Oceanic mean pheno: 9.7195
Freshwater mean pheno: -9.47886
new Freshwater mean pheno: -8.85252
-------------------------------
Output1 for generation 36000:

Oceanic mean pheno: 9.09722
Freshwater mean pheno: -9.57745
new Freshwater mean pheno: -9.28195
-------------------------------
Output1 for generation 36100:

Oceanic mean pheno: 9.0174
Freshwater mean pheno: -9.23411
new Freshwater mean pheno: -9.57452
-------------------------------
Output1 for generation 36200:

Oceanic mean pheno: 9.04013
Freshwater mean pheno: -9.64596
new Freshwater mean pheno: -9.09652
-------------------------------
Output1 for generation 36300:

Oceanic mean pheno: 9.0869
Freshwater mean pheno: -9.52893
new Freshwater mean pheno: -9.09404
-------------------------------
Output1 for generation 36400:

Oceanic mean pheno: 9.45874
Freshwater mean pheno: -9.72714
new Freshwater mean pheno: -9.32179
-------------------------------
Output1 for generation 36500:

Oceanic mean pheno: 9.49484
Freshwater mean pheno: -9.24373
new Freshwater mean pheno: -9.5531
-------------------------------
Output1 for generation 36600:

Oceanic mean pheno: 9.34072
Freshwater mean pheno: -8.93655
new Freshwater mean pheno: -9.32447
-------------------------------
Output1 for generation 36700:

Oceanic mean pheno: 9.06247
Freshwater mean pheno: -9.20042
new Freshwater mean pheno: -9.5539
-------------------------------
Output1 for generation 36800:

Oceanic mean pheno: 9.3804
Freshwater mean pheno: -8.86533
new Freshwater mean pheno: -9.46462
-------------------------------
Output1 for generation 36900:

Oceanic mean pheno: 9.45792
Freshwater mean pheno: -9.15614
new Freshwater mean pheno: -9.35498
-------------------------------
Output1 for generation 37000:

Oceanic mean pheno: 9.16139
Freshwater mean pheno: -9.37663
new Freshwater mean pheno: -8.51636
-------------------------------
Output1 for generation 37100:

Oceanic mean pheno: 9.64603
Freshwater mean pheno: -9.03336
new Freshwater mean pheno: -9.51343
-------------------------------
Output1 for generation 37200:

Oceanic mean pheno: 9.32934
Freshwater mean pheno: -8.96192
new Freshwater mean pheno: -9.17577
-------------------------------
Output1 for generation 37300:

Oceanic mean pheno: 9.33443
Freshwater mean pheno: -9.00151
new Freshwater mean pheno: -9.04571
-------------------------------
Output1 for generation 37400:

Oceanic mean pheno: 8.92752
Freshwater mean pheno: -9.20167
new Freshwater mean pheno: -9.08747
-------------------------------
Output1 for generation 37500:

Oceanic mean pheno: 9.00815
Freshwater mean pheno: -9.28228
new Freshwater mean pheno: -9.11179
-------------------------------
Output1 for generation 37600:

Oceanic mean pheno: 9.54017
Freshwater mean pheno: -9.41051
new Freshwater mean pheno: -9.23306
-------------------------------
Output1 for generation 37700:

Oceanic mean pheno: 9.33441
Freshwater mean pheno: -9.52127
new Freshwater mean pheno: -8.96771
-------------------------------
Output1 for generation 37800:

Oceanic mean pheno: 9.58811
Freshwater mean pheno: -9.43934
new Freshwater mean pheno: -9.03227
-------------------------------
Output1 for generation 37900:

Oceanic mean pheno: 9.50183
Freshwater mean pheno: -9.51591
new Freshwater mean pheno: -9.45633
-------------------------------
Output1 for generation 38000:

Oceanic mean pheno: 9.49806
Freshwater mean pheno: -9.66982
new Freshwater mean pheno: -9.24145
-------------------------------
Output1 for generation 38100:

Oceanic mean pheno: 9.66928
Freshwater mean pheno: -10.037
new Freshwater mean pheno: -8.94028
-------------------------------
Output1 for generation 38200:

Oceanic mean pheno: 9.21446
Freshwater mean pheno: -9.92062
new Freshwater mean pheno: -9.65796
-------------------------------
Output1 for generation 38300:

Oceanic mean pheno: 9.12777
Freshwater mean pheno: -9.50061
new Freshwater mean pheno: -9.5518
-------------------------------
Output1 for generation 38400:

Oceanic mean pheno: 9.28623
Freshwater mean pheno: -9.56876
new Freshwater mean pheno: -9.44569
-------------------------------
Output1 for generation 38500:

Oceanic mean pheno: 9.24644
Freshwater mean pheno: -9.41766
new Freshwater mean pheno: -9.67619
-------------------------------
Output1 for generation 38600:

Oceanic mean pheno: 9.54341
Freshwater mean pheno: -9.56371
new Freshwater mean pheno: -9.62852
-------------------------------
Output1 for generation 38700:

Oceanic mean pheno: 9.18828
Freshwater mean pheno: -9.59589
new Freshwater mean pheno: -9.19225
-------------------------------
Output1 for generation 38800:

Oceanic mean pheno: 9.27978
Freshwater mean pheno: -9.58677
new Freshwater mean pheno: -9.31507
-------------------------------
Output1 for generation 38900:

Oceanic mean pheno: 9.28664
Freshwater mean pheno: -9.55818
new Freshwater mean pheno: -9.25387
-------------------------------
Output1 for generation 39000:

Oceanic mean pheno: 9.44682
Freshwater mean pheno: -9.57234
new Freshwater mean pheno: -9.30197
-------------------------------
Output1 for generation 39100:

Oceanic mean pheno: 9.27819
Freshwater mean pheno: -9.45442
new Freshwater mean pheno: -9.06423
-------------------------------
Output1 for generation 39200:

Oceanic mean pheno: 9.23135
Freshwater mean pheno: -9.35215
new Freshwater mean pheno: -9.10679
-------------------------------
Output1 for generation 39300:

Oceanic mean pheno: 9.47244
Freshwater mean pheno: -9.4703
new Freshwater mean pheno: -9.3859
-------------------------------
Output1 for generation 39400:

Oceanic mean pheno: 9.35913
Freshwater mean pheno: -9.44335
new Freshwater mean pheno: -9.15384
-------------------------------
Output1 for generation 39500:

Oceanic mean pheno: 9.56606
Freshwater mean pheno: -8.83639
new Freshwater mean pheno: -9.1819
-------------------------------
Output1 for generation 39600:

Oceanic mean pheno: 9.22079
Freshwater mean pheno: -9.13324
new Freshwater mean pheno: -9.20307
-------------------------------
Output1 for generation 39700:

Oceanic mean pheno: 9.49767
Freshwater mean pheno: -9.60883
new Freshwater mean pheno: -9.23738
-------------------------------
Output1 for generation 39800:

Oceanic mean pheno: 9.09035
Freshwater mean pheno: -9.33836
new Freshwater mean pheno: -9.19146
-------------------------------
Output1 for generation 39900:

Oceanic mean pheno: 9.28844
Freshwater mean pheno: -9.29734
new Freshwater mean pheno: -8.76716
-------------------------------
Output1 for generation 40000:

Oceanic mean pheno: 9.12938
Freshwater mean pheno: -9.4562
new Freshwater mean pheno: -9.1225
elapsed: 3:31:49 / kernel: 1.52 / user: 12715.78 / mem: 273744
Done!
