Task ID  - seed 006984
Parameters for SLiM run:
  -s 006984 MyRecipe2_2_2.E
// Initial random seed:
1504581633576

// RunInitializeCallbacks():
initializeSLiMOptions(dimensionality = 'x');
initializeMutationRate(1e-07);
initializeMutationType(1, 0.5, "g", 0.5, 1);
initializeMutationType(2, 0.5, "g", -0.5, 1);
initializeMutationType(3, 0.5, "f", 0);
initializeMutationType(4, 0.5, "f", 0);
initializeGenomicElementType(1, c(m4, m3), c(2, 1));
initializeGenomicElementType(2, c(m1, m2), c(1, 1));
initializeGenomicElement(g1, 0, 449);
initializeGenomicElement(g2, 450, 549);
initializeGenomicElement(g1, 550, 999);
initializeGenomicElement(g1, 1000, 1449);
initializeGenomicElement(g2, 1450, 1549);
initializeGenomicElement(g1, 1550, 1999);
initializeGenomicElement(g1, 2000, 2449);
initializeGenomicElement(g2, 2450, 2549);
initializeGenomicElement(g1, 2550, 2999);
initializeGenomicElement(g1, 3000, 3449);
initializeGenomicElement(g2, 3450, 3549);
initializeGenomicElement(g1, 3550, 3999);
initializeGenomicElement(g1, 4000, 4449);
initializeGenomicElement(g2, 4450, 4549);
initializeGenomicElement(g1, 4550, 4999);
initializeGenomicElement(g1, 5000, 5449);
initializeGenomicElement(g2, 5450, 5549);
initializeGenomicElement(g1, 5550, 5999);
initializeGenomicElement(g1, 6000, 6449);
initializeGenomicElement(g2, 6450, 6549);
initializeGenomicElement(g1, 6550, 6999);
initializeGenomicElement(g1, 7000, 7449);
initializeGenomicElement(g2, 7450, 7549);
initializeGenomicElement(g1, 7550, 7999);
initializeGenomicElement(g1, 8000, 8449);
initializeGenomicElement(g2, 8450, 8549);
initializeGenomicElement(g1, 8550, 8999);
initializeGenomicElement(g1, 9000, 9449);
initializeGenomicElement(g2, 9450, 9549);
initializeGenomicElement(g1, 9550, 9999);
end of chromosome position: 10000
initializeRecombinationRate(0.001);
initializeInteractionType(1, "x", reciprocal=T", maxDistance=0.02);
initializeInteractionType(2, "x", reciprocal=T", maxDistance=1);

// Starting run at generation <start>:
1 

-------------------------------
Output1 for generation 1:

Oceanic mean pheno: 5.6165
Freshwater mean pheno: 5.65865
mean Ocean/Fresh Fst: 0.000123037
between lakes Fst: 0.00464686
between Marine Regions Fst: 0.00491626
-------------------------------
Output1 for generation 101:

Oceanic mean pheno: 6.32419
Freshwater mean pheno: -9.48944
mean Ocean/Fresh Fst: 0.046481
between lakes Fst: 0.164323
between Marine Regions Fst: 0.0143881
-------------------------------
Output1 for generation 201:

Oceanic mean pheno: 7.05282
Freshwater mean pheno: -10.2039
mean Ocean/Fresh Fst: 0.0492844
between lakes Fst: 0.255355
between Marine Regions Fst: 0.0151375
-------------------------------
Output1 for generation 301:

Oceanic mean pheno: 7.32763
Freshwater mean pheno: -9.79388
mean Ocean/Fresh Fst: 0.0596916
between lakes Fst: 0.317232
between Marine Regions Fst: 0.0136008
-------------------------------
Output1 for generation 401:

Oceanic mean pheno: 7.58254
Freshwater mean pheno: -10.2037
mean Ocean/Fresh Fst: 0.064983
between lakes Fst: 0.383527
between Marine Regions Fst: 0.0170954
-------------------------------
Output1 for generation 501:

Oceanic mean pheno: 7.5534
Freshwater mean pheno: -10.1852
mean Ocean/Fresh Fst: 0.0671252
between lakes Fst: 0.394192
between Marine Regions Fst: 0.017096
-------------------------------
Output1 for generation 601:

Oceanic mean pheno: 6.87882
Freshwater mean pheno: -9.70895
mean Ocean/Fresh Fst: 0.0720755
between lakes Fst: 0.431612
between Marine Regions Fst: 0.0154212
-------------------------------
Output1 for generation 701:

Oceanic mean pheno: 6.55591
Freshwater mean pheno: -9.74295
mean Ocean/Fresh Fst: 0.0600586
between lakes Fst: 0.479718
between Marine Regions Fst: 0.0159489
-------------------------------
Output1 for generation 801:

Oceanic mean pheno: 6.6483
Freshwater mean pheno: -10.162
mean Ocean/Fresh Fst: 0.0669923
between lakes Fst: 0.502081
between Marine Regions Fst: 0.0164655
-------------------------------
Output1 for generation 901:

Oceanic mean pheno: 6.04691
Freshwater mean pheno: -9.91333
mean Ocean/Fresh Fst: 0.058564
between lakes Fst: 0.467677
between Marine Regions Fst: 0.0144834
-------------------------------
Output1 for generation 1001:

Oceanic mean pheno: 7.2558
Freshwater mean pheno: -9.91618
mean Ocean/Fresh Fst: 0.063813
between lakes Fst: 0.518699
between Marine Regions Fst: 0.0158572
-------------------------------
Output1 for generation 1101:

Oceanic mean pheno: 7.70852
Freshwater mean pheno: -9.78638
mean Ocean/Fresh Fst: 0.0699748
between lakes Fst: 0.551356
between Marine Regions Fst: 0.0142541
-------------------------------
Output1 for generation 1201:

Oceanic mean pheno: 7.68884
Freshwater mean pheno: -9.61909
mean Ocean/Fresh Fst: 0.0680606
between lakes Fst: 0.491264
between Marine Regions Fst: 0.019623
-------------------------------
Output1 for generation 1301:

Oceanic mean pheno: 9.08264
Freshwater mean pheno: -10.1634
mean Ocean/Fresh Fst: 0.0789768
between lakes Fst: 0.519917
between Marine Regions Fst: 0.0156191
-------------------------------
Output1 for generation 1401:

Oceanic mean pheno: 7.95249
Freshwater mean pheno: -9.80492
mean Ocean/Fresh Fst: 0.0708921
between lakes Fst: 0.496251
between Marine Regions Fst: 0.015085
-------------------------------
Output1 for generation 1501:

Oceanic mean pheno: 7.96789
Freshwater mean pheno: -10.1369
mean Ocean/Fresh Fst: 0.0734902
between lakes Fst: 0.485631
between Marine Regions Fst: 0.0138637
-------------------------------
Output1 for generation 1601:

Oceanic mean pheno: 8.68146
Freshwater mean pheno: -9.92729
mean Ocean/Fresh Fst: 0.0790609
between lakes Fst: 0.554945
between Marine Regions Fst: 0.0167683
-------------------------------
Output1 for generation 1701:

Oceanic mean pheno: 8.10123
Freshwater mean pheno: -9.98891
mean Ocean/Fresh Fst: 0.0796644
between lakes Fst: 0.525065
between Marine Regions Fst: 0.0194152
-------------------------------
Output1 for generation 1801:

Oceanic mean pheno: 8.27484
Freshwater mean pheno: -9.88013
mean Ocean/Fresh Fst: 0.0655997
between lakes Fst: 0.495935
between Marine Regions Fst: 0.015322
-------------------------------
Output1 for generation 1901:

Oceanic mean pheno: 8.31954
Freshwater mean pheno: -9.81731
mean Ocean/Fresh Fst: 0.0708895
between lakes Fst: 0.582691
between Marine Regions Fst: 0.0123303
-------------------------------
Output1 for generation 2001:

Oceanic mean pheno: 8.74416
Freshwater mean pheno: -9.83608
mean Ocean/Fresh Fst: 0.0687916
between lakes Fst: 0.544708
between Marine Regions Fst: 0.0137267
-------------------------------
Output1 for generation 2101:

Oceanic mean pheno: 8.51413
Freshwater mean pheno: -9.76483
mean Ocean/Fresh Fst: 0.0690113
between lakes Fst: 0.531614
between Marine Regions Fst: 0.0143187
-------------------------------
Output1 for generation 2201:

Oceanic mean pheno: 8.43286
Freshwater mean pheno: -9.87876
mean Ocean/Fresh Fst: 0.0752947
between lakes Fst: 0.562833
between Marine Regions Fst: 0.017298
-------------------------------
Output1 for generation 2301:

Oceanic mean pheno: 8.47827
Freshwater mean pheno: -10.1128
mean Ocean/Fresh Fst: 0.0740057
between lakes Fst: 0.566396
between Marine Regions Fst: 0.0141865
-------------------------------
Output1 for generation 2401:

Oceanic mean pheno: 7.88428
Freshwater mean pheno: -9.82029
mean Ocean/Fresh Fst: 0.0679849
between lakes Fst: 0.556052
between Marine Regions Fst: 0.0129024
-------------------------------
Output1 for generation 2501:

Oceanic mean pheno: 8.19374
Freshwater mean pheno: -9.61861
mean Ocean/Fresh Fst: 0.0680045
between lakes Fst: 0.536775
between Marine Regions Fst: 0.0160391
-------------------------------
Output1 for generation 2601:

Oceanic mean pheno: 7.97941
Freshwater mean pheno: -9.40942
mean Ocean/Fresh Fst: 0.0631233
between lakes Fst: 0.519226
between Marine Regions Fst: 0.0156094
-------------------------------
Output1 for generation 2701:

Oceanic mean pheno: 7.16202
Freshwater mean pheno: -9.54834
mean Ocean/Fresh Fst: 0.0647574
between lakes Fst: 0.584905
between Marine Regions Fst: 0.0147206
-------------------------------
Output1 for generation 2801:

Oceanic mean pheno: 7.29593
Freshwater mean pheno: -9.7553
mean Ocean/Fresh Fst: 0.062804
between lakes Fst: 0.530955
between Marine Regions Fst: 0.0160145
-------------------------------
Output1 for generation 2901:

Oceanic mean pheno: 7.30529
Freshwater mean pheno: -9.54041
mean Ocean/Fresh Fst: 0.0644809
between lakes Fst: 0.587659
between Marine Regions Fst: 0.0172773
-------------------------------
Output1 for generation 3001:

Oceanic mean pheno: 8.5306
Freshwater mean pheno: -9.81812
mean Ocean/Fresh Fst: 0.0737287
between lakes Fst: 0.569591
between Marine Regions Fst: 0.0131624
-------------------------------
Output1 for generation 3101:

Oceanic mean pheno: 8.00147
Freshwater mean pheno: -9.49827
mean Ocean/Fresh Fst: 0.0780327
between lakes Fst: 0.563234
between Marine Regions Fst: 0.0168156
-------------------------------
Output1 for generation 3201:

Oceanic mean pheno: 8.07856
Freshwater mean pheno: -9.75545
mean Ocean/Fresh Fst: 0.0723499
between lakes Fst: 0.596762
between Marine Regions Fst: 0.0150467
-------------------------------
Output1 for generation 3301:

Oceanic mean pheno: 7.0948
Freshwater mean pheno: -9.66504
mean Ocean/Fresh Fst: 0.0692636
between lakes Fst: 0.599525
between Marine Regions Fst: 0.01485
-------------------------------
Output1 for generation 3401:

Oceanic mean pheno: 7.71607
Freshwater mean pheno: -9.70141
mean Ocean/Fresh Fst: 0.0666795
between lakes Fst: 0.515501
between Marine Regions Fst: 0.015343
-------------------------------
Output1 for generation 3501:

Oceanic mean pheno: 6.7547
Freshwater mean pheno: -9.33578
mean Ocean/Fresh Fst: 0.0638893
between lakes Fst: 0.55036
between Marine Regions Fst: 0.014621
-------------------------------
Output1 for generation 3601:

Oceanic mean pheno: 6.73234
Freshwater mean pheno: -9.44717
mean Ocean/Fresh Fst: 0.0609887
between lakes Fst: 0.524461
between Marine Regions Fst: 0.0152618
-------------------------------
Output1 for generation 3701:

Oceanic mean pheno: 7.09614
Freshwater mean pheno: -9.31549
mean Ocean/Fresh Fst: 0.0627874
between lakes Fst: 0.5717
between Marine Regions Fst: 0.0159587
-------------------------------
Output1 for generation 3801:

Oceanic mean pheno: 6.88439
Freshwater mean pheno: -9.42288
mean Ocean/Fresh Fst: 0.0636025
between lakes Fst: 0.501528
between Marine Regions Fst: 0.0162687
-------------------------------
Output1 for generation 3901:

Oceanic mean pheno: 7.77803
Freshwater mean pheno: -9.17741
mean Ocean/Fresh Fst: 0.0717186
between lakes Fst: 0.550234
between Marine Regions Fst: 0.0173571
-------------------------------
Output1 for generation 4001:

Oceanic mean pheno: 7.29917
Freshwater mean pheno: -9.56772
mean Ocean/Fresh Fst: 0.0736423
between lakes Fst: 0.533036
between Marine Regions Fst: 0.0166684
-------------------------------
Output1 for generation 4101:

Oceanic mean pheno: 7.04407
Freshwater mean pheno: -9.74958
mean Ocean/Fresh Fst: 0.0806082
between lakes Fst: 0.578154
between Marine Regions Fst: 0.0172129
-------------------------------
Output1 for generation 4201:

Oceanic mean pheno: 6.23475
Freshwater mean pheno: -9.93007
mean Ocean/Fresh Fst: 0.0661244
between lakes Fst: 0.551874
between Marine Regions Fst: 0.0162937
-------------------------------
Output1 for generation 4301:

Oceanic mean pheno: 6.24365
Freshwater mean pheno: -9.6553
mean Ocean/Fresh Fst: 0.0629289
between lakes Fst: 0.571755
between Marine Regions Fst: 0.0142493
-------------------------------
Output1 for generation 4401:

Oceanic mean pheno: 6.91851
Freshwater mean pheno: -9.76724
mean Ocean/Fresh Fst: 0.06088
between lakes Fst: 0.540121
between Marine Regions Fst: 0.0145776
-------------------------------
Output1 for generation 4501:

Oceanic mean pheno: 6.62255
Freshwater mean pheno: -9.8479
mean Ocean/Fresh Fst: 0.062586
between lakes Fst: 0.561321
between Marine Regions Fst: 0.0159811
-------------------------------
Output1 for generation 4601:

Oceanic mean pheno: 7.68985
Freshwater mean pheno: -9.43143
mean Ocean/Fresh Fst: 0.0654448
between lakes Fst: 0.583461
between Marine Regions Fst: 0.0170258
-------------------------------
Output1 for generation 4701:

Oceanic mean pheno: 7.65745
Freshwater mean pheno: -9.29676
mean Ocean/Fresh Fst: 0.0659635
between lakes Fst: 0.60577
between Marine Regions Fst: 0.0130965
-------------------------------
Output1 for generation 4801:

Oceanic mean pheno: 7.57484
Freshwater mean pheno: -9.68948
mean Ocean/Fresh Fst: 0.0668014
between lakes Fst: 0.623205
between Marine Regions Fst: 0.0176225
-------------------------------
Output1 for generation 4901:

Oceanic mean pheno: 8.29826
Freshwater mean pheno: -9.79083
mean Ocean/Fresh Fst: 0.0689444
between lakes Fst: 0.52897
between Marine Regions Fst: 0.0134885
-------------------------------
Output1 for generation 5001:

Oceanic mean pheno: 8.89179
Freshwater mean pheno: -9.62332
mean Ocean/Fresh Fst: 0.0716451
between lakes Fst: 0.5656
between Marine Regions Fst: 0.0181826
-------------------------------
Output1 for generation 5101:

Oceanic mean pheno: 8.72141
Freshwater mean pheno: -9.52321
mean Ocean/Fresh Fst: 0.0688492
between lakes Fst: 0.523316
between Marine Regions Fst: 0.0129552
-------------------------------
Output1 for generation 5201:

Oceanic mean pheno: 7.81584
Freshwater mean pheno: -9.28618
mean Ocean/Fresh Fst: 0.063726
between lakes Fst: 0.559873
between Marine Regions Fst: 0.0161733
-------------------------------
Output1 for generation 5301:

Oceanic mean pheno: 8.14657
Freshwater mean pheno: -9.62548
mean Ocean/Fresh Fst: 0.0649431
between lakes Fst: 0.577373
between Marine Regions Fst: 0.0153086
-------------------------------
Output1 for generation 5401:

Oceanic mean pheno: 8.66787
Freshwater mean pheno: -9.36172
mean Ocean/Fresh Fst: 0.0746436
between lakes Fst: 0.58826
between Marine Regions Fst: 0.014225
-------------------------------
Output1 for generation 5501:

Oceanic mean pheno: 8.39138
Freshwater mean pheno: -9.44501
mean Ocean/Fresh Fst: 0.0711032
between lakes Fst: 0.581818
between Marine Regions Fst: 0.0149031
-------------------------------
Output1 for generation 5601:

Oceanic mean pheno: 7.75858
Freshwater mean pheno: -9.26234
mean Ocean/Fresh Fst: 0.0690292
between lakes Fst: 0.585881
between Marine Regions Fst: 0.0166497
-------------------------------
Output1 for generation 5701:

Oceanic mean pheno: 7.45779
Freshwater mean pheno: -9.47075
mean Ocean/Fresh Fst: 0.0664242
between lakes Fst: 0.530284
between Marine Regions Fst: 0.0162631
-------------------------------
Output1 for generation 5801:

Oceanic mean pheno: 7.25402
Freshwater mean pheno: -9.65591
mean Ocean/Fresh Fst: 0.0694115
between lakes Fst: 0.553461
between Marine Regions Fst: 0.0150636
-------------------------------
Output1 for generation 5901:

Oceanic mean pheno: 7.60218
Freshwater mean pheno: -9.69835
mean Ocean/Fresh Fst: 0.0672465
between lakes Fst: 0.563469
between Marine Regions Fst: 0.0139357
-------------------------------
Output1 for generation 6001:

Oceanic mean pheno: 7.89319
Freshwater mean pheno: -9.65156
mean Ocean/Fresh Fst: 0.069034
between lakes Fst: 0.55284
between Marine Regions Fst: 0.0145897
-------------------------------
Output1 for generation 6101:

Oceanic mean pheno: 7.7528
Freshwater mean pheno: -9.76539
mean Ocean/Fresh Fst: 0.0711604
between lakes Fst: 0.567881
between Marine Regions Fst: 0.0167305
-------------------------------
Output1 for generation 6201:

Oceanic mean pheno: 8.34328
Freshwater mean pheno: -9.76258
mean Ocean/Fresh Fst: 0.0658479
between lakes Fst: 0.563057
between Marine Regions Fst: 0.0158
-------------------------------
Output1 for generation 6301:

Oceanic mean pheno: 9.18209
Freshwater mean pheno: -9.55078
mean Ocean/Fresh Fst: 0.0711057
between lakes Fst: 0.553274
between Marine Regions Fst: 0.016625
-------------------------------
Output1 for generation 6401:

Oceanic mean pheno: 9.0174
Freshwater mean pheno: -9.52895
mean Ocean/Fresh Fst: 0.0650365
between lakes Fst: 0.555902
between Marine Regions Fst: 0.0167241
-------------------------------
Output1 for generation 6501:

Oceanic mean pheno: 7.50863
Freshwater mean pheno: -9.43197
mean Ocean/Fresh Fst: 0.0608114
between lakes Fst: 0.60755
between Marine Regions Fst: 0.0187872
-------------------------------
Output1 for generation 6601:

Oceanic mean pheno: 7.41639
Freshwater mean pheno: -9.58757
mean Ocean/Fresh Fst: 0.0588561
between lakes Fst: 0.595125
between Marine Regions Fst: 0.0160176
-------------------------------
Output1 for generation 6701:

Oceanic mean pheno: 8.18164
Freshwater mean pheno: -9.4003
mean Ocean/Fresh Fst: 0.0604115
between lakes Fst: 0.543709
between Marine Regions Fst: 0.0156986
-------------------------------
Output1 for generation 6801:

Oceanic mean pheno: 6.75117
Freshwater mean pheno: -9.62362
mean Ocean/Fresh Fst: 0.059889
between lakes Fst: 0.532734
between Marine Regions Fst: 0.0145438
-------------------------------
Output1 for generation 6901:

Oceanic mean pheno: 7.1499
Freshwater mean pheno: -9.84865
mean Ocean/Fresh Fst: 0.0603779
between lakes Fst: 0.512823
between Marine Regions Fst: 0.0156507
-------------------------------
Output1 for generation 7001:

Oceanic mean pheno: 8.13584
Freshwater mean pheno: -9.6347
mean Ocean/Fresh Fst: 0.0680081
between lakes Fst: 0.483368
between Marine Regions Fst: 0.0175108
-------------------------------
Output1 for generation 7101:

Oceanic mean pheno: 8.36987
Freshwater mean pheno: -9.76074
mean Ocean/Fresh Fst: 0.0789987
between lakes Fst: 0.493677
between Marine Regions Fst: 0.0168326
-------------------------------
Output1 for generation 7201:

Oceanic mean pheno: 7.62012
Freshwater mean pheno: -10.007
mean Ocean/Fresh Fst: 0.0758542
between lakes Fst: 0.520157
between Marine Regions Fst: 0.0148885
-------------------------------
Output1 for generation 7301:

Oceanic mean pheno: 7.56507
Freshwater mean pheno: -9.89131
mean Ocean/Fresh Fst: 0.0726204
between lakes Fst: 0.56824
between Marine Regions Fst: 0.0153016
-------------------------------
Output1 for generation 7401:

Oceanic mean pheno: 8.98803
Freshwater mean pheno: -9.63456
mean Ocean/Fresh Fst: 0.0697666
between lakes Fst: 0.531465
between Marine Regions Fst: 0.0145839
-------------------------------
Output1 for generation 7501:

Oceanic mean pheno: 10.3973
Freshwater mean pheno: -9.57462
mean Ocean/Fresh Fst: 0.0748677
between lakes Fst: 0.537927
between Marine Regions Fst: 0.0142749
-------------------------------
Output1 for generation 7601:

Oceanic mean pheno: 9.64191
Freshwater mean pheno: -9.78728
mean Ocean/Fresh Fst: 0.0721019
between lakes Fst: 0.504159
between Marine Regions Fst: 0.0154417
-------------------------------
Output1 for generation 7701:

Oceanic mean pheno: 8.59755
Freshwater mean pheno: -9.76937
mean Ocean/Fresh Fst: 0.0683567
between lakes Fst: 0.513487
between Marine Regions Fst: 0.0153814
-------------------------------
Output1 for generation 7801:

Oceanic mean pheno: 9.46287
Freshwater mean pheno: -9.42964
mean Ocean/Fresh Fst: 0.0664282
between lakes Fst: 0.462584
between Marine Regions Fst: 0.0166329
-------------------------------
Output1 for generation 7901:

Oceanic mean pheno: 8.04817
Freshwater mean pheno: -9.61799
mean Ocean/Fresh Fst: 0.0637542
between lakes Fst: 0.588626
between Marine Regions Fst: 0.0158875
-------------------------------
Output1 for generation 8001:

Oceanic mean pheno: 8.54223
Freshwater mean pheno: -9.21737
mean Ocean/Fresh Fst: 0.0597857
between lakes Fst: 0.452533
between Marine Regions Fst: 0.0141393
-------------------------------
Output1 for generation 8101:

Oceanic mean pheno: 9.08418
Freshwater mean pheno: -9.59931
mean Ocean/Fresh Fst: 0.0663226
between lakes Fst: 0.510913
between Marine Regions Fst: 0.0148221
-------------------------------
Output1 for generation 8201:

Oceanic mean pheno: 9.27186
Freshwater mean pheno: -9.79832
mean Ocean/Fresh Fst: 0.065784
between lakes Fst: 0.530772
between Marine Regions Fst: 0.0159601
-------------------------------
Output1 for generation 8301:

Oceanic mean pheno: 8.90606
Freshwater mean pheno: -9.86908
mean Ocean/Fresh Fst: 0.0658878
between lakes Fst: 0.519837
between Marine Regions Fst: 0.0146485
-------------------------------
Output1 for generation 8401:

Oceanic mean pheno: 9.18052
Freshwater mean pheno: -9.80006
mean Ocean/Fresh Fst: 0.0705684
between lakes Fst: 0.536144
between Marine Regions Fst: 0.0165112
-------------------------------
Output1 for generation 8501:

Oceanic mean pheno: 7.9261
Freshwater mean pheno: -9.7645
mean Ocean/Fresh Fst: 0.063418
between lakes Fst: 0.526983
between Marine Regions Fst: 0.0129882
-------------------------------
Output1 for generation 8601:

Oceanic mean pheno: 8.33936
Freshwater mean pheno: -9.65827
mean Ocean/Fresh Fst: 0.0661817
between lakes Fst: 0.577166
between Marine Regions Fst: 0.0185422
-------------------------------
Output1 for generation 8701:

Oceanic mean pheno: 8.58134
Freshwater mean pheno: -9.90593
mean Ocean/Fresh Fst: 0.0661524
between lakes Fst: 0.53096
between Marine Regions Fst: 0.0172159
-------------------------------
Output1 for generation 8801:

Oceanic mean pheno: 10.2172
Freshwater mean pheno: -8.48351
mean Ocean/Fresh Fst: 0.0682605
between lakes Fst: 0.501284
between Marine Regions Fst: 0.0170765
-------------------------------
Output1 for generation 8901:

Oceanic mean pheno: 9.39753
Freshwater mean pheno: -8.68169
mean Ocean/Fresh Fst: 0.0645948
between lakes Fst: 0.498038
between Marine Regions Fst: 0.0146143
-------------------------------
Output1 for generation 9001:

Oceanic mean pheno: 8.67268
Freshwater mean pheno: -9.06927
mean Ocean/Fresh Fst: 0.0727266
between lakes Fst: 0.528268
between Marine Regions Fst: 0.0167966
-------------------------------
Output1 for generation 9101:

Oceanic mean pheno: 8.84064
Freshwater mean pheno: -9.45626
mean Ocean/Fresh Fst: 0.069051
between lakes Fst: 0.517415
between Marine Regions Fst: 0.0166969
-------------------------------
Output1 for generation 9201:

Oceanic mean pheno: 8.40931
Freshwater mean pheno: -9.47208
mean Ocean/Fresh Fst: 0.0655134
between lakes Fst: 0.474568
between Marine Regions Fst: 0.012621
-------------------------------
Output1 for generation 9301:

Oceanic mean pheno: 7.43201
Freshwater mean pheno: -9.44188
mean Ocean/Fresh Fst: 0.0583718
between lakes Fst: 0.4504
between Marine Regions Fst: 0.0151164
-------------------------------
Output1 for generation 9401:

Oceanic mean pheno: 7.1856
Freshwater mean pheno: -9.49068
mean Ocean/Fresh Fst: 0.06368
between lakes Fst: 0.466487
between Marine Regions Fst: 0.0130347
-------------------------------
Output1 for generation 9501:

Oceanic mean pheno: 7.27782
Freshwater mean pheno: -9.21893
mean Ocean/Fresh Fst: 0.0615793
between lakes Fst: 0.455652
between Marine Regions Fst: 0.0187208
-------------------------------
Output1 for generation 9601:

Oceanic mean pheno: 8.56817
Freshwater mean pheno: -9.19415
mean Ocean/Fresh Fst: 0.0665781
between lakes Fst: 0.503141
between Marine Regions Fst: 0.0145849
-------------------------------
Output1 for generation 9701:

Oceanic mean pheno: 8.27214
Freshwater mean pheno: -9.06897
mean Ocean/Fresh Fst: 0.078472
between lakes Fst: 0.563711
between Marine Regions Fst: 0.0150254
-------------------------------
Output1 for generation 9801:

Oceanic mean pheno: 8.69136
Freshwater mean pheno: -9.0387
mean Ocean/Fresh Fst: 0.0672519
between lakes Fst: 0.507955
between Marine Regions Fst: 0.0165685
-------------------------------
Output1 for generation 9901:

Oceanic mean pheno: 7.41738
Freshwater mean pheno: -9.45394
mean Ocean/Fresh Fst: 0.0625299
between lakes Fst: 0.485255
between Marine Regions Fst: 0.0161536
-------------------------------
Output1 for generation 10000:

Oceanic mean pheno: 8.21593
Freshwater mean pheno: -9.33891
mean Ocean/Fresh Fst: 0.0646421
between lakes Fst: 0.512356
between Marine Regions Fst: 0.0148469
Oceanic mean pheno8.21593
Freshwater mean pheno-9.33891
whole: 144
Oceanic: 112
Freshwater: 108
fstsize: 144
elapsed: 31:13.26 / kernel: 0.66 / user: 1873.53 / mem: 145288
Done!
