Task ID  - seed 020508
Parameters for SLiM run:
  -s 020508 MyRecipe5_0_2.E
// Initial random seed:
1508153092996

// RunInitializeCallbacks():
initializeSLiMOptions(dimensionality = 'x');
initializeMutationRate(1e-07);
initializeMutationType(1, 0.5, "g", 0.5, 1);
initializeMutationType(2, 0.5, "g", -0.5, 1);
initializeMutationType(3, 0.5, "f", 0);
initializeMutationType(4, 0.5, "f", 0);
initializeGenomicElementType(1, m3, 1);
initializeGenomicElementType(2, c(m1, m2, m3), c(1, 1, 1));
initializeGenomicElement(g1, 0, 4949);
initializeGenomicElement(g2, 4950, 5049);
initializeGenomicElement(g1, 5050, 9999);
initializeGenomicElement(g1, 10000, 14949);
initializeGenomicElement(g2, 14950, 15049);
initializeGenomicElement(g1, 15050, 19999);
initializeGenomicElement(g1, 20000, 24949);
initializeGenomicElement(g2, 24950, 25049);
initializeGenomicElement(g1, 25050, 29999);
initializeGenomicElement(g1, 30000, 34949);
initializeGenomicElement(g2, 34950, 35049);
initializeGenomicElement(g1, 35050, 39999);
initializeGenomicElement(g1, 40000, 44949);
initializeGenomicElement(g2, 44950, 45049);
initializeGenomicElement(g1, 45050, 49999);
initializeGenomicElement(g1, 50000, 54949);
initializeGenomicElement(g2, 54950, 55049);
initializeGenomicElement(g1, 55050, 59999);
initializeGenomicElement(g1, 60000, 64949);
initializeGenomicElement(g2, 64950, 65049);
initializeGenomicElement(g1, 65050, 69999);
initializeGenomicElement(g1, 70000, 74949);
initializeGenomicElement(g2, 74950, 75049);
initializeGenomicElement(g1, 75050, 79999);
initializeGenomicElement(g1, 80000, 84949);
initializeGenomicElement(g2, 84950, 85049);
initializeGenomicElement(g1, 85050, 89999);
initializeGenomicElement(g1, 90000, 94949);
initializeGenomicElement(g2, 94950, 95049);
initializeGenomicElement(g1, 95050, 99999);
end of chromosome position: 100000
initializeRecombinationRate(0.001);
initializeInteractionType(1, "x", reciprocal=T", maxDistance=0.02);
initializeInteractionType(2, "x", reciprocal=T", maxDistance=1);

// Starting run at generation <start>:
1 

-------------------------------
Output1 for generation 100:

Oceanic mean pheno: 0.00218488
Freshwater mean pheno: 0.000222485
-------------------------------
Output1 for generation 200:

Oceanic mean pheno: 0.0310664
Freshwater mean pheno: -0.375942
-------------------------------
Output1 for generation 300:

Oceanic mean pheno: 1.93121
Freshwater mean pheno: -0.315742
-------------------------------
Output1 for generation 400:

Oceanic mean pheno: 2.90686
Freshwater mean pheno: -0.666758
-------------------------------
Output1 for generation 500:

Oceanic mean pheno: 3.09178
Freshwater mean pheno: -0.580807
-------------------------------
Output1 for generation 600:

Oceanic mean pheno: 3.39085
Freshwater mean pheno: -0.730862
-------------------------------
Output1 for generation 700:

Oceanic mean pheno: 3.71224
Freshwater mean pheno: -1.03639
-------------------------------
Output1 for generation 800:

Oceanic mean pheno: 4.46852
Freshwater mean pheno: -2.14765
-------------------------------
Output1 for generation 900:

Oceanic mean pheno: 4.97006
Freshwater mean pheno: -2.60808
-------------------------------
Output1 for generation 1000:

Oceanic mean pheno: 5.03384
Freshwater mean pheno: -2.86321
-------------------------------
Output1 for generation 1100:

Oceanic mean pheno: 5.09523
Freshwater mean pheno: -3.39409
-------------------------------
Output1 for generation 1200:

Oceanic mean pheno: 6.44938
Freshwater mean pheno: -4.15553
-------------------------------
Output1 for generation 1300:

Oceanic mean pheno: 7.06267
Freshwater mean pheno: -5.1735
-------------------------------
Output1 for generation 1400:

Oceanic mean pheno: 7.11205
Freshwater mean pheno: -5.50392
-------------------------------
Output1 for generation 1500:

Oceanic mean pheno: 7.38274
Freshwater mean pheno: -5.59245
-------------------------------
Output1 for generation 1600:

Oceanic mean pheno: 7.8053
Freshwater mean pheno: -5.63694
-------------------------------
Output1 for generation 1700:

Oceanic mean pheno: 7.89402
Freshwater mean pheno: -6.18725
-------------------------------
Output1 for generation 1800:

Oceanic mean pheno: 8.59745
Freshwater mean pheno: -6.94669
-------------------------------
Output1 for generation 1900:

Oceanic mean pheno: 8.76695
Freshwater mean pheno: -6.99104
-------------------------------
Output1 for generation 2000:

Oceanic mean pheno: 8.65014
Freshwater mean pheno: -7.00779
-------------------------------
Output1 for generation 2100:

Oceanic mean pheno: 8.9534
Freshwater mean pheno: -6.98137
-------------------------------
Output1 for generation 2200:

Oceanic mean pheno: 9.05327
Freshwater mean pheno: -6.84147
-------------------------------
Output1 for generation 2300:

Oceanic mean pheno: 8.94117
Freshwater mean pheno: -7.38867
-------------------------------
Output1 for generation 2400:

Oceanic mean pheno: 8.62603
Freshwater mean pheno: -7.33455
-------------------------------
Output1 for generation 2500:

Oceanic mean pheno: 8.78707
Freshwater mean pheno: -7.23126
-------------------------------
Output1 for generation 2600:

Oceanic mean pheno: 8.54444
Freshwater mean pheno: -7.41184
-------------------------------
Output1 for generation 2700:

Oceanic mean pheno: 9.10221
Freshwater mean pheno: -7.55814
-------------------------------
Output1 for generation 2800:

Oceanic mean pheno: 8.44909
Freshwater mean pheno: -7.18184
-------------------------------
Output1 for generation 2900:

Oceanic mean pheno: 8.88984
Freshwater mean pheno: -7.40262
-------------------------------
Output1 for generation 3000:

Oceanic mean pheno: 8.80122
Freshwater mean pheno: -7.73503
-------------------------------
Output1 for generation 3100:

Oceanic mean pheno: 8.76271
Freshwater mean pheno: -7.68947
-------------------------------
Output1 for generation 3200:

Oceanic mean pheno: 8.68751
Freshwater mean pheno: -7.71242
-------------------------------
Output1 for generation 3300:

Oceanic mean pheno: 8.9449
Freshwater mean pheno: -7.70243
-------------------------------
Output1 for generation 3400:

Oceanic mean pheno: 9.3174
Freshwater mean pheno: -7.78397
-------------------------------
Output1 for generation 3500:

Oceanic mean pheno: 8.89413
Freshwater mean pheno: -7.71383
-------------------------------
Output1 for generation 3600:

Oceanic mean pheno: 8.71075
Freshwater mean pheno: -7.96538
-------------------------------
Output1 for generation 3700:

Oceanic mean pheno: 9.18609
Freshwater mean pheno: -8.24159
-------------------------------
Output1 for generation 3800:

Oceanic mean pheno: 8.97958
Freshwater mean pheno: -8.20223
-------------------------------
Output1 for generation 3900:

Oceanic mean pheno: 8.93358
Freshwater mean pheno: -8.24439
-------------------------------
Output1 for generation 4000:

Oceanic mean pheno: 8.58661
Freshwater mean pheno: -8.21522
-------------------------------
Output1 for generation 4100:

Oceanic mean pheno: 8.89374
Freshwater mean pheno: -8.22435
-------------------------------
Output1 for generation 4200:

Oceanic mean pheno: 8.31639
Freshwater mean pheno: -8.36717
-------------------------------
Output1 for generation 4300:

Oceanic mean pheno: 9.31439
Freshwater mean pheno: -8.40667
-------------------------------
Output1 for generation 4400:

Oceanic mean pheno: 8.98881
Freshwater mean pheno: -8.0469
-------------------------------
Output1 for generation 4500:

Oceanic mean pheno: 8.37207
Freshwater mean pheno: -8.17935
-------------------------------
Output1 for generation 4600:

Oceanic mean pheno: 9.21085
Freshwater mean pheno: -8.15271
-------------------------------
Output1 for generation 4700:

Oceanic mean pheno: 8.77562
Freshwater mean pheno: -8.50855
-------------------------------
Output1 for generation 4800:

Oceanic mean pheno: 8.81758
Freshwater mean pheno: -8.94526
-------------------------------
Output1 for generation 4900:

Oceanic mean pheno: 9.00503
Freshwater mean pheno: -8.35957
-------------------------------
Output1 for generation 5000:

Oceanic mean pheno: 8.90727
Freshwater mean pheno: -8.23523
-------------------------------
Output1 for generation 5100:

Oceanic mean pheno: 9.12284
Freshwater mean pheno: -8.10538
-------------------------------
Output1 for generation 5200:

Oceanic mean pheno: 8.6955
Freshwater mean pheno: -7.99598
-------------------------------
Output1 for generation 5300:

Oceanic mean pheno: 8.84347
Freshwater mean pheno: -8.19046
-------------------------------
Output1 for generation 5400:

Oceanic mean pheno: 9.26225
Freshwater mean pheno: -8.49163
-------------------------------
Output1 for generation 5500:

Oceanic mean pheno: 9.00603
Freshwater mean pheno: -8.35831
-------------------------------
Output1 for generation 5600:

Oceanic mean pheno: 8.90739
Freshwater mean pheno: -8.33396
-------------------------------
Output1 for generation 5700:

Oceanic mean pheno: 8.74013
Freshwater mean pheno: -8.41197
-------------------------------
Output1 for generation 5800:

Oceanic mean pheno: 9.25599
Freshwater mean pheno: -8.45097
-------------------------------
Output1 for generation 5900:

Oceanic mean pheno: 9.06546
Freshwater mean pheno: -8.40901
-------------------------------
Output1 for generation 6000:

Oceanic mean pheno: 8.96201
Freshwater mean pheno: -8.35574
-------------------------------
Output1 for generation 6100:

Oceanic mean pheno: 9.26085
Freshwater mean pheno: -8.42265
-------------------------------
Output1 for generation 6200:

Oceanic mean pheno: 8.48001
Freshwater mean pheno: -8.0936
-------------------------------
Output1 for generation 6300:

Oceanic mean pheno: 8.87116
Freshwater mean pheno: -8.40678
-------------------------------
Output1 for generation 6400:

Oceanic mean pheno: 9.43781
Freshwater mean pheno: -8.37782
-------------------------------
Output1 for generation 6500:

Oceanic mean pheno: 8.88873
Freshwater mean pheno: -8.88071
-------------------------------
Output1 for generation 6600:

Oceanic mean pheno: 9.3826
Freshwater mean pheno: -8.52403
-------------------------------
Output1 for generation 6700:

Oceanic mean pheno: 9.27107
Freshwater mean pheno: -8.73077
-------------------------------
Output1 for generation 6800:

Oceanic mean pheno: 9.18013
Freshwater mean pheno: -8.34689
-------------------------------
Output1 for generation 6900:

Oceanic mean pheno: 9.06243
Freshwater mean pheno: -8.24799
-------------------------------
Output1 for generation 7000:

Oceanic mean pheno: 9.21759
Freshwater mean pheno: -8.45977
-------------------------------
Output1 for generation 7100:

Oceanic mean pheno: 8.7911
Freshwater mean pheno: -8.73488
-------------------------------
Output1 for generation 7200:

Oceanic mean pheno: 8.64907
Freshwater mean pheno: -8.71635
-------------------------------
Output1 for generation 7300:

Oceanic mean pheno: 9.04561
Freshwater mean pheno: -8.46384
-------------------------------
Output1 for generation 7400:

Oceanic mean pheno: 9.034
Freshwater mean pheno: -8.19781
-------------------------------
Output1 for generation 7500:

Oceanic mean pheno: 8.83097
Freshwater mean pheno: -8.51147
-------------------------------
Output1 for generation 7600:

Oceanic mean pheno: 8.97435
Freshwater mean pheno: -8.59429
-------------------------------
Output1 for generation 7700:

Oceanic mean pheno: 8.83997
Freshwater mean pheno: -8.52158
-------------------------------
Output1 for generation 7800:

Oceanic mean pheno: 8.69283
Freshwater mean pheno: -8.28601
-------------------------------
Output1 for generation 7900:

Oceanic mean pheno: 8.84246
Freshwater mean pheno: -8.69887
-------------------------------
Output1 for generation 8000:

Oceanic mean pheno: 8.87489
Freshwater mean pheno: -8.56489
-------------------------------
Output1 for generation 8100:

Oceanic mean pheno: 9.23431
Freshwater mean pheno: -8.70728
-------------------------------
Output1 for generation 8200:

Oceanic mean pheno: 8.98376
Freshwater mean pheno: -8.82777
-------------------------------
Output1 for generation 8300:

Oceanic mean pheno: 8.87623
Freshwater mean pheno: -9.07265
-------------------------------
Output1 for generation 8400:

Oceanic mean pheno: 9.22733
Freshwater mean pheno: -8.83048
-------------------------------
Output1 for generation 8500:

Oceanic mean pheno: 9.21438
Freshwater mean pheno: -8.92094
-------------------------------
Output1 for generation 8600:

Oceanic mean pheno: 8.8197
Freshwater mean pheno: -9.16128
-------------------------------
Output1 for generation 8700:

Oceanic mean pheno: 9.40397
Freshwater mean pheno: -8.82188
-------------------------------
Output1 for generation 8800:

Oceanic mean pheno: 8.70375
Freshwater mean pheno: -8.671
-------------------------------
Output1 for generation 8900:

Oceanic mean pheno: 9.07256
Freshwater mean pheno: -8.80912
-------------------------------
Output1 for generation 9000:

Oceanic mean pheno: 9.28141
Freshwater mean pheno: -8.80911
-------------------------------
Output1 for generation 9100:

Oceanic mean pheno: 9.39186
Freshwater mean pheno: -8.97685
-------------------------------
Output1 for generation 9200:

Oceanic mean pheno: 9.36969
Freshwater mean pheno: -8.82609
-------------------------------
Output1 for generation 9300:

Oceanic mean pheno: 9.47951
Freshwater mean pheno: -8.52928
-------------------------------
Output1 for generation 9400:

Oceanic mean pheno: 9.01266
Freshwater mean pheno: -8.63871
-------------------------------
Output1 for generation 9500:

Oceanic mean pheno: 8.85151
Freshwater mean pheno: -8.85574
-------------------------------
Output1 for generation 9600:

Oceanic mean pheno: 9.44886
Freshwater mean pheno: -9.06162
-------------------------------
Output1 for generation 9700:

Oceanic mean pheno: 9.0883
Freshwater mean pheno: -8.80827
-------------------------------
Output1 for generation 9800:

Oceanic mean pheno: 8.84819
Freshwater mean pheno: -9.03411
-------------------------------
Output1 for generation 9900:

Oceanic mean pheno: 9.15411
Freshwater mean pheno: -8.9323
-------------------------------
Output1 for generation 10000:

Oceanic mean pheno: 9.33728
Freshwater mean pheno: -8.89748
-------------------------------
Output1 for generation 10100:

Oceanic mean pheno: 9.59066
Freshwater mean pheno: -8.77156
-------------------------------
Output1 for generation 10200:

Oceanic mean pheno: 9.56009
Freshwater mean pheno: -8.65875
-------------------------------
Output1 for generation 10300:

Oceanic mean pheno: 9.03802
Freshwater mean pheno: -8.85017
-------------------------------
Output1 for generation 10400:

Oceanic mean pheno: 9.00273
Freshwater mean pheno: -8.87099
-------------------------------
Output1 for generation 10500:

Oceanic mean pheno: 9.12443
Freshwater mean pheno: -8.38114
-------------------------------
Output1 for generation 10600:

Oceanic mean pheno: 9.01076
Freshwater mean pheno: -9.11632
-------------------------------
Output1 for generation 10700:

Oceanic mean pheno: 9.31838
Freshwater mean pheno: -8.68366
-------------------------------
Output1 for generation 10800:

Oceanic mean pheno: 9.4792
Freshwater mean pheno: -9.05799
-------------------------------
Output1 for generation 10900:

Oceanic mean pheno: 9.40433
Freshwater mean pheno: -8.46583
-------------------------------
Output1 for generation 11000:

Oceanic mean pheno: 9.16958
Freshwater mean pheno: -8.49328
-------------------------------
Output1 for generation 11100:

Oceanic mean pheno: 9.19077
Freshwater mean pheno: -9.0268
-------------------------------
Output1 for generation 11200:

Oceanic mean pheno: 9.21701
Freshwater mean pheno: -9.41864
-------------------------------
Output1 for generation 11300:

Oceanic mean pheno: 9.51444
Freshwater mean pheno: -8.92558
-------------------------------
Output1 for generation 11400:

Oceanic mean pheno: 8.86332
Freshwater mean pheno: -8.76335
-------------------------------
Output1 for generation 11500:

Oceanic mean pheno: 9.34572
Freshwater mean pheno: -8.74113
-------------------------------
Output1 for generation 11600:

Oceanic mean pheno: 9.33857
Freshwater mean pheno: -9.27704
-------------------------------
Output1 for generation 11700:

Oceanic mean pheno: 9.38673
Freshwater mean pheno: -9.06014
-------------------------------
Output1 for generation 11800:

Oceanic mean pheno: 9.12746
Freshwater mean pheno: -8.73581
-------------------------------
Output1 for generation 11900:

Oceanic mean pheno: 9.2355
Freshwater mean pheno: -9.04045
-------------------------------
Output1 for generation 12000:

Oceanic mean pheno: 9.16991
Freshwater mean pheno: -8.97459
-------------------------------
Output1 for generation 12100:

Oceanic mean pheno: 9.06787
Freshwater mean pheno: -9.0252
-------------------------------
Output1 for generation 12200:

Oceanic mean pheno: 9.69529
Freshwater mean pheno: -8.97599
-------------------------------
Output1 for generation 12300:

Oceanic mean pheno: 9.20917
Freshwater mean pheno: -9.03719
-------------------------------
Output1 for generation 12400:

Oceanic mean pheno: 9.49445
Freshwater mean pheno: -9.33704
-------------------------------
Output1 for generation 12500:

Oceanic mean pheno: 9.2374
Freshwater mean pheno: -8.73504
-------------------------------
Output1 for generation 12600:

Oceanic mean pheno: 9.07977
Freshwater mean pheno: -9.0994
-------------------------------
Output1 for generation 12700:

Oceanic mean pheno: 9.08332
Freshwater mean pheno: -8.808
-------------------------------
Output1 for generation 12800:

Oceanic mean pheno: 9.03026
Freshwater mean pheno: -9.18304
-------------------------------
Output1 for generation 12900:

Oceanic mean pheno: 8.81742
Freshwater mean pheno: -8.38872
-------------------------------
Output1 for generation 13000:

Oceanic mean pheno: 9.11396
Freshwater mean pheno: -8.72101
-------------------------------
Output1 for generation 13100:

Oceanic mean pheno: 9.27901
Freshwater mean pheno: -9.14691
-------------------------------
Output1 for generation 13200:

Oceanic mean pheno: 9.44811
Freshwater mean pheno: -8.84445
-------------------------------
Output1 for generation 13300:

Oceanic mean pheno: 9.17451
Freshwater mean pheno: -8.83575
-------------------------------
Output1 for generation 13400:

Oceanic mean pheno: 9.31894
Freshwater mean pheno: -8.79207
-------------------------------
Output1 for generation 13500:

Oceanic mean pheno: 9.28157
Freshwater mean pheno: -8.63148
-------------------------------
Output1 for generation 13600:

Oceanic mean pheno: 9.25796
Freshwater mean pheno: -8.64154
-------------------------------
Output1 for generation 13700:

Oceanic mean pheno: 9.09244
Freshwater mean pheno: -9.00956
-------------------------------
Output1 for generation 13800:

Oceanic mean pheno: 9.33479
Freshwater mean pheno: -9.28509
-------------------------------
Output1 for generation 13900:

Oceanic mean pheno: 9.16212
Freshwater mean pheno: -8.85633
-------------------------------
Output1 for generation 14000:

Oceanic mean pheno: 9.34741
Freshwater mean pheno: -8.81309
-------------------------------
Output1 for generation 14100:

Oceanic mean pheno: 8.93505
Freshwater mean pheno: -8.62833
-------------------------------
Output1 for generation 14200:

Oceanic mean pheno: 9.32698
Freshwater mean pheno: -9.25519
-------------------------------
Output1 for generation 14300:

Oceanic mean pheno: 8.91533
Freshwater mean pheno: -8.73458
-------------------------------
Output1 for generation 14400:

Oceanic mean pheno: 9.37105
Freshwater mean pheno: -8.75202
-------------------------------
Output1 for generation 14500:

Oceanic mean pheno: 9.40364
Freshwater mean pheno: -8.97422
-------------------------------
Output1 for generation 14600:

Oceanic mean pheno: 9.26805
Freshwater mean pheno: -8.86267
-------------------------------
Output1 for generation 14700:

Oceanic mean pheno: 9.38144
Freshwater mean pheno: -8.96871
-------------------------------
Output1 for generation 14800:

Oceanic mean pheno: 9.52941
Freshwater mean pheno: -8.64451
-------------------------------
Output1 for generation 14900:

Oceanic mean pheno: 9.06843
Freshwater mean pheno: -8.78162
-------------------------------
Output1 for generation 15000:

Oceanic mean pheno: 9.42035
Freshwater mean pheno: -9.18794
-------------------------------
Output1 for generation 15100:

Oceanic mean pheno: 9.43367
Freshwater mean pheno: -8.5806
-------------------------------
Output1 for generation 15200:

Oceanic mean pheno: 9.33576
Freshwater mean pheno: -8.82758
-------------------------------
Output1 for generation 15300:

Oceanic mean pheno: 9.12734
Freshwater mean pheno: -9.2349
-------------------------------
Output1 for generation 15400:

Oceanic mean pheno: 9.53985
Freshwater mean pheno: -8.7821
-------------------------------
Output1 for generation 15500:

Oceanic mean pheno: 9.44107
Freshwater mean pheno: -9.11561
-------------------------------
Output1 for generation 15600:

Oceanic mean pheno: 9.02279
Freshwater mean pheno: -9.1676
-------------------------------
Output1 for generation 15700:

Oceanic mean pheno: 8.89611
Freshwater mean pheno: -9.04608
-------------------------------
Output1 for generation 15800:

Oceanic mean pheno: 9.36842
Freshwater mean pheno: -8.79961
-------------------------------
Output1 for generation 15900:

Oceanic mean pheno: 8.87617
Freshwater mean pheno: -8.74671
-------------------------------
Output1 for generation 16000:

Oceanic mean pheno: 9.16539
Freshwater mean pheno: -8.47714
-------------------------------
Output1 for generation 16100:

Oceanic mean pheno: 9.23311
Freshwater mean pheno: -8.74621
-------------------------------
Output1 for generation 16200:

Oceanic mean pheno: 9.17713
Freshwater mean pheno: -9.07266
-------------------------------
Output1 for generation 16300:

Oceanic mean pheno: 9.17866
Freshwater mean pheno: -8.90411
-------------------------------
Output1 for generation 16400:

Oceanic mean pheno: 8.97798
Freshwater mean pheno: -8.4997
-------------------------------
Output1 for generation 16500:

Oceanic mean pheno: 9.01387
Freshwater mean pheno: -9.15077
-------------------------------
Output1 for generation 16600:

Oceanic mean pheno: 9.09454
Freshwater mean pheno: -8.82841
-------------------------------
Output1 for generation 16700:

Oceanic mean pheno: 9.15281
Freshwater mean pheno: -8.85849
-------------------------------
Output1 for generation 16800:

Oceanic mean pheno: 9.43831
Freshwater mean pheno: -8.6922
-------------------------------
Output1 for generation 16900:

Oceanic mean pheno: 9.3231
Freshwater mean pheno: -9.37199
-------------------------------
Output1 for generation 17000:

Oceanic mean pheno: 8.99106
Freshwater mean pheno: -8.94764
-------------------------------
Output1 for generation 17100:

Oceanic mean pheno: 8.74039
Freshwater mean pheno: -8.62844
-------------------------------
Output1 for generation 17200:

Oceanic mean pheno: 9.07837
Freshwater mean pheno: -8.6397
-------------------------------
Output1 for generation 17300:

Oceanic mean pheno: 9.31928
Freshwater mean pheno: -8.88921
-------------------------------
Output1 for generation 17400:

Oceanic mean pheno: 9.38941
Freshwater mean pheno: -8.69453
-------------------------------
Output1 for generation 17500:

Oceanic mean pheno: 9.73845
Freshwater mean pheno: -8.96675
-------------------------------
Output1 for generation 17600:

Oceanic mean pheno: 9.38152
Freshwater mean pheno: -9.14056
-------------------------------
Output1 for generation 17700:

Oceanic mean pheno: 9.29394
Freshwater mean pheno: -9.05425
-------------------------------
Output1 for generation 17800:

Oceanic mean pheno: 9.2463
Freshwater mean pheno: -8.86844
-------------------------------
Output1 for generation 17900:

Oceanic mean pheno: 9.46771
Freshwater mean pheno: -8.84398
-------------------------------
Output1 for generation 18000:

Oceanic mean pheno: 9.40843
Freshwater mean pheno: -8.55475
-------------------------------
Output1 for generation 18100:

Oceanic mean pheno: 9.25658
Freshwater mean pheno: -8.96932
-------------------------------
Output1 for generation 18200:

Oceanic mean pheno: 9.02113
Freshwater mean pheno: -8.89499
-------------------------------
Output1 for generation 18300:

Oceanic mean pheno: 8.98324
Freshwater mean pheno: -9.14259
-------------------------------
Output1 for generation 18400:

Oceanic mean pheno: 8.83471
Freshwater mean pheno: -8.33753
-------------------------------
Output1 for generation 18500:

Oceanic mean pheno: 9.06996
Freshwater mean pheno: -8.77975
-------------------------------
Output1 for generation 18600:

Oceanic mean pheno: 9.06771
Freshwater mean pheno: -8.97711
-------------------------------
Output1 for generation 18700:

Oceanic mean pheno: 8.74874
Freshwater mean pheno: -9.08172
-------------------------------
Output1 for generation 18800:

Oceanic mean pheno: 9.5192
Freshwater mean pheno: -9.12967
-------------------------------
Output1 for generation 18900:

Oceanic mean pheno: 8.9007
Freshwater mean pheno: -9.19548
-------------------------------
Output1 for generation 19000:

Oceanic mean pheno: 9.35522
Freshwater mean pheno: -9.02376
-------------------------------
Output1 for generation 19100:

Oceanic mean pheno: 9.04847
Freshwater mean pheno: -9.10058
-------------------------------
Output1 for generation 19200:

Oceanic mean pheno: 8.98448
Freshwater mean pheno: -9.01282
-------------------------------
Output1 for generation 19300:

Oceanic mean pheno: 9.31064
Freshwater mean pheno: -9.13423
-------------------------------
Output1 for generation 19400:

Oceanic mean pheno: 9.26559
Freshwater mean pheno: -9.04756
-------------------------------
Output1 for generation 19500:

Oceanic mean pheno: 9.05404
Freshwater mean pheno: -8.78017
-------------------------------
Output1 for generation 19600:

Oceanic mean pheno: 9.23975
Freshwater mean pheno: -8.63908
-------------------------------
Output1 for generation 19700:

Oceanic mean pheno: 9.15638
Freshwater mean pheno: -9.03394
-------------------------------
Output1 for generation 19800:

Oceanic mean pheno: 9.22732
Freshwater mean pheno: -8.90715
-------------------------------
Output1 for generation 19900:

Oceanic mean pheno: 9.29901
Freshwater mean pheno: -9.07552
-------------------------------
Output1 for generation 20000:

Oceanic mean pheno: 9.13805
Freshwater mean pheno: -9.05795
new Freshwater mean pheno: 9.09062
-------------------------------
Output1 for generation 20100:

Oceanic mean pheno: 9.037
Freshwater mean pheno: -9.13287
new Freshwater mean pheno: -8.78998
-------------------------------
Output1 for generation 20200:

Oceanic mean pheno: 8.30365
Freshwater mean pheno: -8.99521
new Freshwater mean pheno: -8.93707
-------------------------------
Output1 for generation 20300:

Oceanic mean pheno: 8.35305
Freshwater mean pheno: -9.13066
new Freshwater mean pheno: -9.49235
-------------------------------
Output1 for generation 20400:

Oceanic mean pheno: 8.36717
Freshwater mean pheno: -9.03944
new Freshwater mean pheno: -9.11909
-------------------------------
Output1 for generation 20500:

Oceanic mean pheno: 8.09347
Freshwater mean pheno: -8.80825
new Freshwater mean pheno: -9.48372
-------------------------------
Output1 for generation 20600:

Oceanic mean pheno: 8.30475
Freshwater mean pheno: -8.90337
new Freshwater mean pheno: -9.21775
-------------------------------
Output1 for generation 20700:

Oceanic mean pheno: 8.53132
Freshwater mean pheno: -9.25484
new Freshwater mean pheno: -9.26458
-------------------------------
Output1 for generation 20800:

Oceanic mean pheno: 8.5039
Freshwater mean pheno: -8.91069
new Freshwater mean pheno: -9.2117
-------------------------------
Output1 for generation 20900:

Oceanic mean pheno: 8.456
Freshwater mean pheno: -8.81551
new Freshwater mean pheno: -8.64634
-------------------------------
Output1 for generation 21000:

Oceanic mean pheno: 8.62523
Freshwater mean pheno: -8.88701
new Freshwater mean pheno: -9.20183
-------------------------------
Output1 for generation 21100:

Oceanic mean pheno: 8.23316
Freshwater mean pheno: -9.30399
new Freshwater mean pheno: -9.29916
-------------------------------
Output1 for generation 21200:

Oceanic mean pheno: 8.99033
Freshwater mean pheno: -9.06132
new Freshwater mean pheno: -9.12864
-------------------------------
Output1 for generation 21300:

Oceanic mean pheno: 8.7496
Freshwater mean pheno: -9.34314
new Freshwater mean pheno: -9.19738
-------------------------------
Output1 for generation 21400:

Oceanic mean pheno: 8.33981
Freshwater mean pheno: -8.92269
new Freshwater mean pheno: -9.24552
-------------------------------
Output1 for generation 21500:

Oceanic mean pheno: 8.56466
Freshwater mean pheno: -8.91403
new Freshwater mean pheno: -9.14423
-------------------------------
Output1 for generation 21600:

Oceanic mean pheno: 8.63731
Freshwater mean pheno: -8.90188
new Freshwater mean pheno: -8.84815
-------------------------------
Output1 for generation 21700:

Oceanic mean pheno: 8.27441
Freshwater mean pheno: -8.66178
new Freshwater mean pheno: -8.9652
-------------------------------
Output1 for generation 21800:

Oceanic mean pheno: 8.9061
Freshwater mean pheno: -8.87366
new Freshwater mean pheno: -8.81053
-------------------------------
Output1 for generation 21900:

Oceanic mean pheno: 8.5943
Freshwater mean pheno: -8.71198
new Freshwater mean pheno: -9.09095
-------------------------------
Output1 for generation 22000:

Oceanic mean pheno: 8.57827
Freshwater mean pheno: -9.43626
new Freshwater mean pheno: -8.8484
-------------------------------
Output1 for generation 22100:

Oceanic mean pheno: 8.49384
Freshwater mean pheno: -8.86691
new Freshwater mean pheno: -9.11077
-------------------------------
Output1 for generation 22200:

Oceanic mean pheno: 8.51102
Freshwater mean pheno: -8.61937
new Freshwater mean pheno: -8.98601
-------------------------------
Output1 for generation 22300:

Oceanic mean pheno: 8.55235
Freshwater mean pheno: -8.77352
new Freshwater mean pheno: -9.05359
-------------------------------
Output1 for generation 22400:

Oceanic mean pheno: 8.82258
Freshwater mean pheno: -8.86271
new Freshwater mean pheno: -9.0788
-------------------------------
Output1 for generation 22500:

Oceanic mean pheno: 8.43868
Freshwater mean pheno: -8.84811
new Freshwater mean pheno: -9.14954
-------------------------------
Output1 for generation 22600:

Oceanic mean pheno: 8.62179
Freshwater mean pheno: -8.78251
new Freshwater mean pheno: -9.11766
-------------------------------
Output1 for generation 22700:

Oceanic mean pheno: 8.72181
Freshwater mean pheno: -8.76284
new Freshwater mean pheno: -9.14624
-------------------------------
Output1 for generation 22800:

Oceanic mean pheno: 8.81875
Freshwater mean pheno: -8.8985
new Freshwater mean pheno: -9.04548
-------------------------------
Output1 for generation 22900:

Oceanic mean pheno: 8.61644
Freshwater mean pheno: -8.84874
new Freshwater mean pheno: -9.25335
-------------------------------
Output1 for generation 23000:

Oceanic mean pheno: 8.41689
Freshwater mean pheno: -8.90385
new Freshwater mean pheno: -9.22902
-------------------------------
Output1 for generation 23100:

Oceanic mean pheno: 8.75985
Freshwater mean pheno: -9.06009
new Freshwater mean pheno: -9.20964
-------------------------------
Output1 for generation 23200:

Oceanic mean pheno: 8.44017
Freshwater mean pheno: -8.79613
new Freshwater mean pheno: -9.34672
-------------------------------
Output1 for generation 23300:

Oceanic mean pheno: 8.56931
Freshwater mean pheno: -8.84445
new Freshwater mean pheno: -8.69947
-------------------------------
Output1 for generation 23400:

Oceanic mean pheno: 8.88332
Freshwater mean pheno: -8.84051
new Freshwater mean pheno: -9.09347
-------------------------------
Output1 for generation 23500:

Oceanic mean pheno: 8.20688
Freshwater mean pheno: -9.33227
new Freshwater mean pheno: -8.81458
-------------------------------
Output1 for generation 23600:

Oceanic mean pheno: 8.13438
Freshwater mean pheno: -8.7584
new Freshwater mean pheno: -8.74859
-------------------------------
Output1 for generation 23700:

Oceanic mean pheno: 8.81336
Freshwater mean pheno: -9.28539
new Freshwater mean pheno: -8.82251
-------------------------------
Output1 for generation 23800:

Oceanic mean pheno: 8.5469
Freshwater mean pheno: -8.54993
new Freshwater mean pheno: -8.92808
-------------------------------
Output1 for generation 23900:

Oceanic mean pheno: 8.56573
Freshwater mean pheno: -8.58467
new Freshwater mean pheno: -8.88413
-------------------------------
Output1 for generation 24000:

Oceanic mean pheno: 8.31397
Freshwater mean pheno: -9.35449
new Freshwater mean pheno: -8.72237
-------------------------------
Output1 for generation 24100:

Oceanic mean pheno: 7.95584
Freshwater mean pheno: -9.21669
new Freshwater mean pheno: -8.60296
-------------------------------
Output1 for generation 24200:

Oceanic mean pheno: 8.73553
Freshwater mean pheno: -8.88125
new Freshwater mean pheno: -8.72499
-------------------------------
Output1 for generation 24300:

Oceanic mean pheno: 8.3135
Freshwater mean pheno: -8.97082
new Freshwater mean pheno: -8.92807
-------------------------------
Output1 for generation 24400:

Oceanic mean pheno: 8.15453
Freshwater mean pheno: -9.1472
new Freshwater mean pheno: -8.6763
-------------------------------
Output1 for generation 24500:

Oceanic mean pheno: 8.73979
Freshwater mean pheno: -8.78509
new Freshwater mean pheno: -8.72744
-------------------------------
Output1 for generation 24600:

Oceanic mean pheno: 7.96436
Freshwater mean pheno: -8.75387
new Freshwater mean pheno: -8.85062
-------------------------------
Output1 for generation 24700:

Oceanic mean pheno: 8.67395
Freshwater mean pheno: -8.94476
new Freshwater mean pheno: -9.14593
-------------------------------
Output1 for generation 24800:

Oceanic mean pheno: 8.50767
Freshwater mean pheno: -9.39775
new Freshwater mean pheno: -8.83462
-------------------------------
Output1 for generation 24900:

Oceanic mean pheno: 8.42939
Freshwater mean pheno: -9.56548
new Freshwater mean pheno: -9.13692
-------------------------------
Output1 for generation 25000:

Oceanic mean pheno: 8.66575
Freshwater mean pheno: -9.14972
new Freshwater mean pheno: -8.6009
-------------------------------
Output1 for generation 25100:

Oceanic mean pheno: 8.63323
Freshwater mean pheno: -9.21553
new Freshwater mean pheno: -9.28455
-------------------------------
Output1 for generation 25200:

Oceanic mean pheno: 8.94604
Freshwater mean pheno: -8.98371
new Freshwater mean pheno: -9.29234
-------------------------------
Output1 for generation 25300:

Oceanic mean pheno: 8.29991
Freshwater mean pheno: -9.09043
new Freshwater mean pheno: -8.82397
-------------------------------
Output1 for generation 25400:

Oceanic mean pheno: 8.41354
Freshwater mean pheno: -9.20252
new Freshwater mean pheno: -8.83213
-------------------------------
Output1 for generation 25500:

Oceanic mean pheno: 8.01861
Freshwater mean pheno: -9.02388
new Freshwater mean pheno: -8.96911
-------------------------------
Output1 for generation 25600:

Oceanic mean pheno: 8.27379
Freshwater mean pheno: -9.10534
new Freshwater mean pheno: -9.12286
-------------------------------
Output1 for generation 25700:

Oceanic mean pheno: 8.45767
Freshwater mean pheno: -9.19762
new Freshwater mean pheno: -8.82524
-------------------------------
Output1 for generation 25800:

Oceanic mean pheno: 8.92244
Freshwater mean pheno: -9.36613
new Freshwater mean pheno: -8.97307
-------------------------------
Output1 for generation 25900:

Oceanic mean pheno: 8.27245
Freshwater mean pheno: -9.20941
new Freshwater mean pheno: -8.97226
-------------------------------
Output1 for generation 26000:

Oceanic mean pheno: 8.60435
Freshwater mean pheno: -9.05849
new Freshwater mean pheno: -9.14799
-------------------------------
Output1 for generation 26100:

Oceanic mean pheno: 8.61809
Freshwater mean pheno: -9.03182
new Freshwater mean pheno: -9.28911
-------------------------------
Output1 for generation 26200:

Oceanic mean pheno: 8.40745
Freshwater mean pheno: -9.05411
new Freshwater mean pheno: -8.90054
-------------------------------
Output1 for generation 26300:

Oceanic mean pheno: 9.00958
Freshwater mean pheno: -8.94949
new Freshwater mean pheno: -9.08076
-------------------------------
Output1 for generation 26400:

Oceanic mean pheno: 8.89133
Freshwater mean pheno: -8.86424
new Freshwater mean pheno: -9.33235
-------------------------------
Output1 for generation 26500:

Oceanic mean pheno: 8.71886
Freshwater mean pheno: -9.12138
new Freshwater mean pheno: -9.04921
-------------------------------
Output1 for generation 26600:

Oceanic mean pheno: 8.25733
Freshwater mean pheno: -8.80568
new Freshwater mean pheno: -9.06589
-------------------------------
Output1 for generation 26700:

Oceanic mean pheno: 8.85014
Freshwater mean pheno: -8.85409
new Freshwater mean pheno: -8.69132
-------------------------------
Output1 for generation 26800:

Oceanic mean pheno: 8.2634
Freshwater mean pheno: -9.31644
new Freshwater mean pheno: -8.84733
-------------------------------
Output1 for generation 26900:

Oceanic mean pheno: 8.3502
Freshwater mean pheno: -8.95418
new Freshwater mean pheno: -9.25767
-------------------------------
Output1 for generation 27000:

Oceanic mean pheno: 8.12547
Freshwater mean pheno: -9.23537
new Freshwater mean pheno: -9.21815
-------------------------------
Output1 for generation 27100:

Oceanic mean pheno: 8.59582
Freshwater mean pheno: -9.18092
new Freshwater mean pheno: -9.50961
-------------------------------
Output1 for generation 27200:

Oceanic mean pheno: 8.57314
Freshwater mean pheno: -9.10537
new Freshwater mean pheno: -9.21766
-------------------------------
Output1 for generation 27300:

Oceanic mean pheno: 8.65622
Freshwater mean pheno: -8.96359
new Freshwater mean pheno: -8.71476
-------------------------------
Output1 for generation 27400:

Oceanic mean pheno: 8.61379
Freshwater mean pheno: -8.75548
new Freshwater mean pheno: -8.74991
-------------------------------
Output1 for generation 27500:

Oceanic mean pheno: 8.83896
Freshwater mean pheno: -8.81275
new Freshwater mean pheno: -8.91781
-------------------------------
Output1 for generation 27600:

Oceanic mean pheno: 8.60538
Freshwater mean pheno: -9.07762
new Freshwater mean pheno: -8.19958
-------------------------------
Output1 for generation 27700:

Oceanic mean pheno: 8.19075
Freshwater mean pheno: -8.59338
new Freshwater mean pheno: -8.09917
-------------------------------
Output1 for generation 27800:

Oceanic mean pheno: 8.55053
Freshwater mean pheno: -8.99401
new Freshwater mean pheno: -8.87881
-------------------------------
Output1 for generation 27900:

Oceanic mean pheno: 8.80942
Freshwater mean pheno: -9.23307
new Freshwater mean pheno: -9.19528
-------------------------------
Output1 for generation 28000:

Oceanic mean pheno: 8.534
Freshwater mean pheno: -9.04999
new Freshwater mean pheno: -9.02553
-------------------------------
Output1 for generation 28100:

Oceanic mean pheno: 8.72487
Freshwater mean pheno: -9.07417
new Freshwater mean pheno: -9.06527
-------------------------------
Output1 for generation 28200:

Oceanic mean pheno: 8.29044
Freshwater mean pheno: -8.63478
new Freshwater mean pheno: -9.13333
-------------------------------
Output1 for generation 28300:

Oceanic mean pheno: 8.464
Freshwater mean pheno: -8.85038
new Freshwater mean pheno: -9.06651
-------------------------------
Output1 for generation 28400:

Oceanic mean pheno: 8.44926
Freshwater mean pheno: -8.99551
new Freshwater mean pheno: -9.11372
-------------------------------
Output1 for generation 28500:

Oceanic mean pheno: 8.51642
Freshwater mean pheno: -8.96146
new Freshwater mean pheno: -9.06999
-------------------------------
Output1 for generation 28600:

Oceanic mean pheno: 8.42042
Freshwater mean pheno: -8.96872
new Freshwater mean pheno: -8.92147
-------------------------------
Output1 for generation 28700:

Oceanic mean pheno: 8.44464
Freshwater mean pheno: -8.98008
new Freshwater mean pheno: -8.96463
-------------------------------
Output1 for generation 28800:

Oceanic mean pheno: 8.64404
Freshwater mean pheno: -9.02888
new Freshwater mean pheno: -8.97709
-------------------------------
Output1 for generation 28900:

Oceanic mean pheno: 8.50384
Freshwater mean pheno: -9.26627
new Freshwater mean pheno: -8.35111
-------------------------------
Output1 for generation 29000:

Oceanic mean pheno: 8.54743
Freshwater mean pheno: -9.30467
new Freshwater mean pheno: -8.78927
-------------------------------
Output1 for generation 29100:

Oceanic mean pheno: 8.55492
Freshwater mean pheno: -9.15208
new Freshwater mean pheno: -8.77292
-------------------------------
Output1 for generation 29200:

Oceanic mean pheno: 8.79944
Freshwater mean pheno: -9.40114
new Freshwater mean pheno: -9.11652
-------------------------------
Output1 for generation 29300:

Oceanic mean pheno: 8.59784
Freshwater mean pheno: -8.87934
new Freshwater mean pheno: -8.91464
-------------------------------
Output1 for generation 29400:

Oceanic mean pheno: 8.25128
Freshwater mean pheno: -8.67481
new Freshwater mean pheno: -8.89947
-------------------------------
Output1 for generation 29500:

Oceanic mean pheno: 8.761
Freshwater mean pheno: -8.39958
new Freshwater mean pheno: -9.02127
-------------------------------
Output1 for generation 29600:

Oceanic mean pheno: 8.33981
Freshwater mean pheno: -8.68123
new Freshwater mean pheno: -9.03522
-------------------------------
Output1 for generation 29700:

Oceanic mean pheno: 8.8011
Freshwater mean pheno: -8.69537
new Freshwater mean pheno: -9.11442
-------------------------------
Output1 for generation 29800:

Oceanic mean pheno: 8.29976
Freshwater mean pheno: -8.90052
new Freshwater mean pheno: -8.82207
-------------------------------
Output1 for generation 29900:

Oceanic mean pheno: 8.54263
Freshwater mean pheno: -8.78691
new Freshwater mean pheno: -8.65536
-------------------------------
Output1 for generation 30000:

Oceanic mean pheno: 8.04133
Freshwater mean pheno: -9.26455
new Freshwater mean pheno: -8.93799
-------------------------------
Output1 for generation 30100:

Oceanic mean pheno: 8.47313
Freshwater mean pheno: -9.04141
new Freshwater mean pheno: -8.9254
-------------------------------
Output1 for generation 30200:

Oceanic mean pheno: 8.33224
Freshwater mean pheno: -8.55906
new Freshwater mean pheno: -9.03902
-------------------------------
Output1 for generation 30300:

Oceanic mean pheno: 8.359
Freshwater mean pheno: -8.54085
new Freshwater mean pheno: -8.91927
-------------------------------
Output1 for generation 30400:

Oceanic mean pheno: 8.35549
Freshwater mean pheno: -9.02091
new Freshwater mean pheno: -8.62485
-------------------------------
Output1 for generation 30500:

Oceanic mean pheno: 8.71746
Freshwater mean pheno: -8.89621
new Freshwater mean pheno: -9.74166
-------------------------------
Output1 for generation 30600:

Oceanic mean pheno: 8.69817
Freshwater mean pheno: -8.96117
new Freshwater mean pheno: -9.26239
-------------------------------
Output1 for generation 30700:

Oceanic mean pheno: 8.53832
Freshwater mean pheno: -9.04897
new Freshwater mean pheno: -9.56331
-------------------------------
Output1 for generation 30800:

Oceanic mean pheno: 8.51006
Freshwater mean pheno: -8.74175
new Freshwater mean pheno: -9.39151
-------------------------------
Output1 for generation 30900:

Oceanic mean pheno: 8.1469
Freshwater mean pheno: -9.13387
new Freshwater mean pheno: -9.091
-------------------------------
Output1 for generation 31000:

Oceanic mean pheno: 8.75755
Freshwater mean pheno: -8.752
new Freshwater mean pheno: -8.82369
-------------------------------
Output1 for generation 31100:

Oceanic mean pheno: 8.68744
Freshwater mean pheno: -8.97024
new Freshwater mean pheno: -9.228
-------------------------------
Output1 for generation 31200:

Oceanic mean pheno: 8.43584
Freshwater mean pheno: -8.93093
new Freshwater mean pheno: -8.936
-------------------------------
Output1 for generation 31300:

Oceanic mean pheno: 8.5723
Freshwater mean pheno: -9.29176
new Freshwater mean pheno: -9.05929
-------------------------------
Output1 for generation 31400:

Oceanic mean pheno: 8.70845
Freshwater mean pheno: -8.70298
new Freshwater mean pheno: -9.09945
-------------------------------
Output1 for generation 31500:

Oceanic mean pheno: 8.02942
Freshwater mean pheno: -9.20509
new Freshwater mean pheno: -9.0531
-------------------------------
Output1 for generation 31600:

Oceanic mean pheno: 8.8041
Freshwater mean pheno: -9.03402
new Freshwater mean pheno: -9.1719
-------------------------------
Output1 for generation 31700:

Oceanic mean pheno: 8.82419
Freshwater mean pheno: -8.96129
new Freshwater mean pheno: -8.95241
-------------------------------
Output1 for generation 31800:

Oceanic mean pheno: 9.11888
Freshwater mean pheno: -9.18709
new Freshwater mean pheno: -9.68053
-------------------------------
Output1 for generation 31900:

Oceanic mean pheno: 8.40918
Freshwater mean pheno: -9.15707
new Freshwater mean pheno: -9.29943
-------------------------------
Output1 for generation 32000:

Oceanic mean pheno: 8.4904
Freshwater mean pheno: -9.23636
new Freshwater mean pheno: -9.10496
-------------------------------
Output1 for generation 32100:

Oceanic mean pheno: 8.62572
Freshwater mean pheno: -9.39667
new Freshwater mean pheno: -8.88649
-------------------------------
Output1 for generation 32200:

Oceanic mean pheno: 8.71326
Freshwater mean pheno: -9.15799
new Freshwater mean pheno: -8.85967
-------------------------------
Output1 for generation 32300:

Oceanic mean pheno: 8.45698
Freshwater mean pheno: -8.95341
new Freshwater mean pheno: -8.61143
-------------------------------
Output1 for generation 32400:

Oceanic mean pheno: 8.50852
Freshwater mean pheno: -9.23979
new Freshwater mean pheno: -8.9762
-------------------------------
Output1 for generation 32500:

Oceanic mean pheno: 8.6591
Freshwater mean pheno: -8.67245
new Freshwater mean pheno: -9.06922
-------------------------------
Output1 for generation 32600:

Oceanic mean pheno: 8.64831
Freshwater mean pheno: -8.88889
new Freshwater mean pheno: -9.01321
-------------------------------
Output1 for generation 32700:

Oceanic mean pheno: 8.42827
Freshwater mean pheno: -9.02733
new Freshwater mean pheno: -9.17459
-------------------------------
Output1 for generation 32800:

Oceanic mean pheno: 8.2462
Freshwater mean pheno: -8.95606
new Freshwater mean pheno: -9.56787
-------------------------------
Output1 for generation 32900:

Oceanic mean pheno: 8.78492
Freshwater mean pheno: -9.19533
new Freshwater mean pheno: -9.56456
-------------------------------
Output1 for generation 33000:

Oceanic mean pheno: 8.46034
Freshwater mean pheno: -8.91925
new Freshwater mean pheno: -9.11636
-------------------------------
Output1 for generation 33100:

Oceanic mean pheno: 8.27292
Freshwater mean pheno: -9.13775
new Freshwater mean pheno: -9.15963
-------------------------------
Output1 for generation 33200:

Oceanic mean pheno: 8.52418
Freshwater mean pheno: -8.98533
new Freshwater mean pheno: -8.83779
-------------------------------
Output1 for generation 33300:

Oceanic mean pheno: 8.45906
Freshwater mean pheno: -8.63823
new Freshwater mean pheno: -8.74617
-------------------------------
Output1 for generation 33400:

Oceanic mean pheno: 8.7125
Freshwater mean pheno: -9.13622
new Freshwater mean pheno: -8.86154
-------------------------------
Output1 for generation 33500:

Oceanic mean pheno: 8.63189
Freshwater mean pheno: -8.74884
new Freshwater mean pheno: -8.89632
-------------------------------
Output1 for generation 33600:

Oceanic mean pheno: 8.26567
Freshwater mean pheno: -8.80057
new Freshwater mean pheno: -8.89252
-------------------------------
Output1 for generation 33700:

Oceanic mean pheno: 8.3992
Freshwater mean pheno: -8.86514
new Freshwater mean pheno: -9.38679
-------------------------------
Output1 for generation 33800:

Oceanic mean pheno: 8.76529
Freshwater mean pheno: -8.84075
new Freshwater mean pheno: -9.25281
-------------------------------
Output1 for generation 33900:

Oceanic mean pheno: 8.71056
Freshwater mean pheno: -8.93907
new Freshwater mean pheno: -9.25656
-------------------------------
Output1 for generation 34000:

Oceanic mean pheno: 8.79758
Freshwater mean pheno: -8.99341
new Freshwater mean pheno: -9.33182
-------------------------------
Output1 for generation 34100:

Oceanic mean pheno: 8.59419
Freshwater mean pheno: -9.37705
new Freshwater mean pheno: -9.21521
-------------------------------
Output1 for generation 34200:

Oceanic mean pheno: 8.31216
Freshwater mean pheno: -8.9604
new Freshwater mean pheno: -8.83101
-------------------------------
Output1 for generation 34300:

Oceanic mean pheno: 8.26576
Freshwater mean pheno: -9.0385
new Freshwater mean pheno: -9.58604
-------------------------------
Output1 for generation 34400:

Oceanic mean pheno: 8.5154
Freshwater mean pheno: -8.93642
new Freshwater mean pheno: -8.88165
-------------------------------
Output1 for generation 34500:

Oceanic mean pheno: 8.71257
Freshwater mean pheno: -8.9752
new Freshwater mean pheno: -9.49315
-------------------------------
Output1 for generation 34600:

Oceanic mean pheno: 8.75382
Freshwater mean pheno: -8.59632
new Freshwater mean pheno: -9.49351
-------------------------------
Output1 for generation 34700:

Oceanic mean pheno: 8.78004
Freshwater mean pheno: -9.25082
new Freshwater mean pheno: -9.11094
-------------------------------
Output1 for generation 34800:

Oceanic mean pheno: 8.49693
Freshwater mean pheno: -8.88082
new Freshwater mean pheno: -9.21592
-------------------------------
Output1 for generation 34900:

Oceanic mean pheno: 8.31071
Freshwater mean pheno: -8.88611
new Freshwater mean pheno: -8.78736
-------------------------------
Output1 for generation 35000:

Oceanic mean pheno: 8.58923
Freshwater mean pheno: -8.74526
new Freshwater mean pheno: -8.58568
-------------------------------
Output1 for generation 35100:

Oceanic mean pheno: 8.2623
Freshwater mean pheno: -9.13827
new Freshwater mean pheno: -8.92617
-------------------------------
Output1 for generation 35200:

Oceanic mean pheno: 8.19736
Freshwater mean pheno: -8.75051
new Freshwater mean pheno: -9.01611
-------------------------------
Output1 for generation 35300:

Oceanic mean pheno: 8.41544
Freshwater mean pheno: -8.34719
new Freshwater mean pheno: -8.74652
-------------------------------
Output1 for generation 35400:

Oceanic mean pheno: 8.45398
Freshwater mean pheno: -8.63979
new Freshwater mean pheno: -8.74916
-------------------------------
Output1 for generation 35500:

Oceanic mean pheno: 8.51154
Freshwater mean pheno: -9.78458
new Freshwater mean pheno: -8.82588
-------------------------------
Output1 for generation 35600:

Oceanic mean pheno: 8.46056
Freshwater mean pheno: -9.14966
new Freshwater mean pheno: -9.38759
-------------------------------
Output1 for generation 35700:

Oceanic mean pheno: 8.34108
Freshwater mean pheno: -9.05179
new Freshwater mean pheno: -9.30056
-------------------------------
Output1 for generation 35800:

Oceanic mean pheno: 8.76175
Freshwater mean pheno: -9.45109
new Freshwater mean pheno: -9.25346
-------------------------------
Output1 for generation 35900:

Oceanic mean pheno: 8.44029
Freshwater mean pheno: -9.13545
new Freshwater mean pheno: -9.23831
-------------------------------
Output1 for generation 36000:

Oceanic mean pheno: 8.35427
Freshwater mean pheno: -9.08303
new Freshwater mean pheno: -9.68839
-------------------------------
Output1 for generation 36100:

Oceanic mean pheno: 8.40884
Freshwater mean pheno: -9.00789
new Freshwater mean pheno: -9.29482
-------------------------------
Output1 for generation 36200:

Oceanic mean pheno: 8.72987
Freshwater mean pheno: -9.01596
new Freshwater mean pheno: -9.03797
-------------------------------
Output1 for generation 36300:

Oceanic mean pheno: 8.64951
Freshwater mean pheno: -8.95692
new Freshwater mean pheno: -9.20665
-------------------------------
Output1 for generation 36400:

Oceanic mean pheno: 8.8687
Freshwater mean pheno: -9.15983
new Freshwater mean pheno: -9.06726
-------------------------------
Output1 for generation 36500:

Oceanic mean pheno: 8.33834
Freshwater mean pheno: -9.0251
new Freshwater mean pheno: -8.81171
-------------------------------
Output1 for generation 36600:

Oceanic mean pheno: 8.72498
Freshwater mean pheno: -9.06967
new Freshwater mean pheno: -8.73918
-------------------------------
Output1 for generation 36700:

Oceanic mean pheno: 8.25443
Freshwater mean pheno: -9.22839
new Freshwater mean pheno: -8.66213
-------------------------------
Output1 for generation 36800:

Oceanic mean pheno: 8.34114
Freshwater mean pheno: -8.92493
new Freshwater mean pheno: -9.31119
-------------------------------
Output1 for generation 36900:

Oceanic mean pheno: 8.84097
Freshwater mean pheno: -8.99098
new Freshwater mean pheno: -8.91111
-------------------------------
Output1 for generation 37000:

Oceanic mean pheno: 8.49844
Freshwater mean pheno: -8.96903
new Freshwater mean pheno: -8.93075
-------------------------------
Output1 for generation 37100:

Oceanic mean pheno: 8.72358
Freshwater mean pheno: -8.98073
new Freshwater mean pheno: -8.80943
-------------------------------
Output1 for generation 37200:

Oceanic mean pheno: 8.15868
Freshwater mean pheno: -8.80499
new Freshwater mean pheno: -8.90144
-------------------------------
Output1 for generation 37300:

Oceanic mean pheno: 8.60123
Freshwater mean pheno: -9.40979
new Freshwater mean pheno: -9.42599
-------------------------------
Output1 for generation 37400:

Oceanic mean pheno: 8.55282
Freshwater mean pheno: -9.04314
new Freshwater mean pheno: -8.80429
-------------------------------
Output1 for generation 37500:

Oceanic mean pheno: 8.67548
Freshwater mean pheno: -8.90267
new Freshwater mean pheno: -8.84663
-------------------------------
Output1 for generation 37600:

Oceanic mean pheno: 8.48114
Freshwater mean pheno: -9.00672
new Freshwater mean pheno: -8.58402
-------------------------------
Output1 for generation 37700:

Oceanic mean pheno: 8.13958
Freshwater mean pheno: -8.94576
new Freshwater mean pheno: -8.65871
-------------------------------
Output1 for generation 37800:

Oceanic mean pheno: 8.85144
Freshwater mean pheno: -8.78207
new Freshwater mean pheno: -9.00052
-------------------------------
Output1 for generation 37900:

Oceanic mean pheno: 8.79331
Freshwater mean pheno: -9.21203
new Freshwater mean pheno: -8.71633
-------------------------------
Output1 for generation 38000:

Oceanic mean pheno: 9.01914
Freshwater mean pheno: -8.90504
new Freshwater mean pheno: -8.6259
-------------------------------
Output1 for generation 38100:

Oceanic mean pheno: 8.88227
Freshwater mean pheno: -9.42107
new Freshwater mean pheno: -9.09769
-------------------------------
Output1 for generation 38200:

Oceanic mean pheno: 8.6397
Freshwater mean pheno: -8.78367
new Freshwater mean pheno: -9.00569
-------------------------------
Output1 for generation 38300:

Oceanic mean pheno: 9.07793
Freshwater mean pheno: -9.28183
new Freshwater mean pheno: -8.99887
-------------------------------
Output1 for generation 38400:

Oceanic mean pheno: 8.78091
Freshwater mean pheno: -9.06721
new Freshwater mean pheno: -8.78395
-------------------------------
Output1 for generation 38500:

Oceanic mean pheno: 8.80482
Freshwater mean pheno: -9.22319
new Freshwater mean pheno: -8.90359
-------------------------------
Output1 for generation 38600:

Oceanic mean pheno: 8.93962
Freshwater mean pheno: -8.76505
new Freshwater mean pheno: -9.09745
-------------------------------
Output1 for generation 38700:

Oceanic mean pheno: 8.72108
Freshwater mean pheno: -8.81033
new Freshwater mean pheno: -8.91986
-------------------------------
Output1 for generation 38800:

Oceanic mean pheno: 8.12738
Freshwater mean pheno: -8.68058
new Freshwater mean pheno: -8.98217
-------------------------------
Output1 for generation 38900:

Oceanic mean pheno: 8.41685
Freshwater mean pheno: -8.98814
new Freshwater mean pheno: -9.25799
-------------------------------
Output1 for generation 39000:

Oceanic mean pheno: 8.7576
Freshwater mean pheno: -8.61396
new Freshwater mean pheno: -9.01564
-------------------------------
Output1 for generation 39100:

Oceanic mean pheno: 8.92744
Freshwater mean pheno: -8.94119
new Freshwater mean pheno: -9.00161
-------------------------------
Output1 for generation 39200:

Oceanic mean pheno: 8.72434
Freshwater mean pheno: -8.89112
new Freshwater mean pheno: -8.70328
-------------------------------
Output1 for generation 39300:

Oceanic mean pheno: 8.82686
Freshwater mean pheno: -9.13034
new Freshwater mean pheno: -9.18857
-------------------------------
Output1 for generation 39400:

Oceanic mean pheno: 8.78674
Freshwater mean pheno: -9.10008
new Freshwater mean pheno: -9.30817
-------------------------------
Output1 for generation 39500:

Oceanic mean pheno: 8.41576
Freshwater mean pheno: -8.9932
new Freshwater mean pheno: -9.3592
-------------------------------
Output1 for generation 39600:

Oceanic mean pheno: 9.11065
Freshwater mean pheno: -8.68574
new Freshwater mean pheno: -8.77935
-------------------------------
Output1 for generation 39700:

Oceanic mean pheno: 8.9048
Freshwater mean pheno: -8.97163
new Freshwater mean pheno: -9.31094
-------------------------------
Output1 for generation 39800:

Oceanic mean pheno: 8.77012
Freshwater mean pheno: -8.5554
new Freshwater mean pheno: -9.07292
-------------------------------
Output1 for generation 39900:

Oceanic mean pheno: 8.54594
Freshwater mean pheno: -8.97319
new Freshwater mean pheno: -9.32705
-------------------------------
Output1 for generation 40000:

Oceanic mean pheno: 8.61614
Freshwater mean pheno: -8.71342
new Freshwater mean pheno: -9.12003
elapsed: 3:38:55 / kernel: 2.18 / user: 13140.47 / mem: 265264
Done!
