Task ID  - seed 024331
Parameters for SLiM run:
  -s 024331 MyRecipe5_0_2.E
// Initial random seed:
1507463694744

// RunInitializeCallbacks():
initializeSLiMOptions(dimensionality = 'x');
initializeMutationRate(1e-07);
initializeMutationType(1, 0.5, "g", 0.5, 1);
initializeMutationType(2, 0.5, "g", -0.5, 1);
initializeMutationType(3, 0.5, "f", 0);
initializeMutationType(4, 0.5, "f", 0);
initializeGenomicElementType(1, m3, 1);
initializeGenomicElementType(2, c(m1, m2, m3), c(1, 1, 1));
initializeGenomicElement(g1, 0, 4949);
initializeGenomicElement(g2, 4950, 5049);
initializeGenomicElement(g1, 5050, 9999);
initializeGenomicElement(g1, 10000, 14949);
initializeGenomicElement(g2, 14950, 15049);
initializeGenomicElement(g1, 15050, 19999);
initializeGenomicElement(g1, 20000, 24949);
initializeGenomicElement(g2, 24950, 25049);
initializeGenomicElement(g1, 25050, 29999);
initializeGenomicElement(g1, 30000, 34949);
initializeGenomicElement(g2, 34950, 35049);
initializeGenomicElement(g1, 35050, 39999);
initializeGenomicElement(g1, 40000, 44949);
initializeGenomicElement(g2, 44950, 45049);
initializeGenomicElement(g1, 45050, 49999);
initializeGenomicElement(g1, 50000, 54949);
initializeGenomicElement(g2, 54950, 55049);
initializeGenomicElement(g1, 55050, 59999);
initializeGenomicElement(g1, 60000, 64949);
initializeGenomicElement(g2, 64950, 65049);
initializeGenomicElement(g1, 65050, 69999);
initializeGenomicElement(g1, 70000, 74949);
initializeGenomicElement(g2, 74950, 75049);
initializeGenomicElement(g1, 75050, 79999);
initializeGenomicElement(g1, 80000, 84949);
initializeGenomicElement(g2, 84950, 85049);
initializeGenomicElement(g1, 85050, 89999);
initializeGenomicElement(g1, 90000, 94949);
initializeGenomicElement(g2, 94950, 95049);
initializeGenomicElement(g1, 95050, 99999);
end of chromosome position: 100000
initializeRecombinationRate(0.001);
initializeInteractionType(1, "x", reciprocal=T", maxDistance=0.02);
initializeInteractionType(2, "x", reciprocal=T", maxDistance=1);

// Starting run at generation <start>:
1 

-------------------------------
Output1 for generation 100:

Oceanic mean pheno: -0.00204542
Freshwater mean pheno: -0.0417111
-------------------------------
Output1 for generation 200:

Oceanic mean pheno: -0.00426896
Freshwater mean pheno: -0.0578989
-------------------------------
Output1 for generation 300:

Oceanic mean pheno: 0.341688
Freshwater mean pheno: -0.058145
-------------------------------
Output1 for generation 400:

Oceanic mean pheno: 2.11371
Freshwater mean pheno: -0.040286
-------------------------------
Output1 for generation 500:

Oceanic mean pheno: 3.05384
Freshwater mean pheno: -0.0576233
-------------------------------
Output1 for generation 600:

Oceanic mean pheno: 3.64506
Freshwater mean pheno: -0.219101
-------------------------------
Output1 for generation 700:

Oceanic mean pheno: 3.81699
Freshwater mean pheno: -0.591918
-------------------------------
Output1 for generation 800:

Oceanic mean pheno: 3.94718
Freshwater mean pheno: -1.0163
-------------------------------
Output1 for generation 900:

Oceanic mean pheno: 4.35225
Freshwater mean pheno: -1.5834
-------------------------------
Output1 for generation 1000:

Oceanic mean pheno: 4.82532
Freshwater mean pheno: -2.2596
-------------------------------
Output1 for generation 1100:

Oceanic mean pheno: 4.99615
Freshwater mean pheno: -2.53938
-------------------------------
Output1 for generation 1200:

Oceanic mean pheno: 4.93174
Freshwater mean pheno: -3.32978
-------------------------------
Output1 for generation 1300:

Oceanic mean pheno: 4.88865
Freshwater mean pheno: -3.73772
-------------------------------
Output1 for generation 1400:

Oceanic mean pheno: 5.38481
Freshwater mean pheno: -4.01557
-------------------------------
Output1 for generation 1500:

Oceanic mean pheno: 5.48206
Freshwater mean pheno: -4.12576
-------------------------------
Output1 for generation 1600:

Oceanic mean pheno: 5.23753
Freshwater mean pheno: -4.29844
-------------------------------
Output1 for generation 1700:

Oceanic mean pheno: 5.48907
Freshwater mean pheno: -4.67547
-------------------------------
Output1 for generation 1800:

Oceanic mean pheno: 5.95109
Freshwater mean pheno: -4.82589
-------------------------------
Output1 for generation 1900:

Oceanic mean pheno: 7.4166
Freshwater mean pheno: -5.26417
-------------------------------
Output1 for generation 2000:

Oceanic mean pheno: 7.63602
Freshwater mean pheno: -5.07403
-------------------------------
Output1 for generation 2100:

Oceanic mean pheno: 7.57647
Freshwater mean pheno: -5.37409
-------------------------------
Output1 for generation 2200:

Oceanic mean pheno: 7.63422
Freshwater mean pheno: -5.34086
-------------------------------
Output1 for generation 2300:

Oceanic mean pheno: 7.46663
Freshwater mean pheno: -5.51712
-------------------------------
Output1 for generation 2400:

Oceanic mean pheno: 7.49854
Freshwater mean pheno: -5.39978
-------------------------------
Output1 for generation 2500:

Oceanic mean pheno: 7.2211
Freshwater mean pheno: -5.78711
-------------------------------
Output1 for generation 2600:

Oceanic mean pheno: 7.6333
Freshwater mean pheno: -5.90627
-------------------------------
Output1 for generation 2700:

Oceanic mean pheno: 7.52509
Freshwater mean pheno: -6.3962
-------------------------------
Output1 for generation 2800:

Oceanic mean pheno: 7.4957
Freshwater mean pheno: -6.40388
-------------------------------
Output1 for generation 2900:

Oceanic mean pheno: 7.7251
Freshwater mean pheno: -6.60041
-------------------------------
Output1 for generation 3000:

Oceanic mean pheno: 7.49288
Freshwater mean pheno: -7.09407
-------------------------------
Output1 for generation 3100:

Oceanic mean pheno: 7.77399
Freshwater mean pheno: -6.87908
-------------------------------
Output1 for generation 3200:

Oceanic mean pheno: 7.75385
Freshwater mean pheno: -7.06776
-------------------------------
Output1 for generation 3300:

Oceanic mean pheno: 7.90051
Freshwater mean pheno: -7.21343
-------------------------------
Output1 for generation 3400:

Oceanic mean pheno: 8.08331
Freshwater mean pheno: -7.03566
-------------------------------
Output1 for generation 3500:

Oceanic mean pheno: 8.65989
Freshwater mean pheno: -7.08678
-------------------------------
Output1 for generation 3600:

Oceanic mean pheno: 8.3117
Freshwater mean pheno: -7.40461
-------------------------------
Output1 for generation 3700:

Oceanic mean pheno: 8.06009
Freshwater mean pheno: -7.61263
-------------------------------
Output1 for generation 3800:

Oceanic mean pheno: 8.94575
Freshwater mean pheno: -7.46386
-------------------------------
Output1 for generation 3900:

Oceanic mean pheno: 8.16525
Freshwater mean pheno: -7.5437
-------------------------------
Output1 for generation 4000:

Oceanic mean pheno: 9.09484
Freshwater mean pheno: -7.97899
-------------------------------
Output1 for generation 4100:

Oceanic mean pheno: 8.54952
Freshwater mean pheno: -8.08932
-------------------------------
Output1 for generation 4200:

Oceanic mean pheno: 8.41974
Freshwater mean pheno: -8.05063
-------------------------------
Output1 for generation 4300:

Oceanic mean pheno: 8.67485
Freshwater mean pheno: -7.99302
-------------------------------
Output1 for generation 4400:

Oceanic mean pheno: 8.99525
Freshwater mean pheno: -8.04838
-------------------------------
Output1 for generation 4500:

Oceanic mean pheno: 8.48014
Freshwater mean pheno: -8.14543
-------------------------------
Output1 for generation 4600:

Oceanic mean pheno: 8.61196
Freshwater mean pheno: -7.79731
-------------------------------
Output1 for generation 4700:

Oceanic mean pheno: 8.46047
Freshwater mean pheno: -7.65449
-------------------------------
Output1 for generation 4800:

Oceanic mean pheno: 8.58766
Freshwater mean pheno: -7.7918
-------------------------------
Output1 for generation 4900:

Oceanic mean pheno: 8.1813
Freshwater mean pheno: -7.80754
-------------------------------
Output1 for generation 5000:

Oceanic mean pheno: 8.39801
Freshwater mean pheno: -7.73405
-------------------------------
Output1 for generation 5100:

Oceanic mean pheno: 8.6676
Freshwater mean pheno: -8.01015
-------------------------------
Output1 for generation 5200:

Oceanic mean pheno: 8.59384
Freshwater mean pheno: -8.277
-------------------------------
Output1 for generation 5300:

Oceanic mean pheno: 8.65344
Freshwater mean pheno: -8.07269
-------------------------------
Output1 for generation 5400:

Oceanic mean pheno: 8.64134
Freshwater mean pheno: -8.21614
-------------------------------
Output1 for generation 5500:

Oceanic mean pheno: 8.82476
Freshwater mean pheno: -8.0441
-------------------------------
Output1 for generation 5600:

Oceanic mean pheno: 8.80777
Freshwater mean pheno: -8.41206
-------------------------------
Output1 for generation 5700:

Oceanic mean pheno: 8.75167
Freshwater mean pheno: -7.99954
-------------------------------
Output1 for generation 5800:

Oceanic mean pheno: 8.83982
Freshwater mean pheno: -8.13772
-------------------------------
Output1 for generation 5900:

Oceanic mean pheno: 8.88154
Freshwater mean pheno: -8.14176
-------------------------------
Output1 for generation 6000:

Oceanic mean pheno: 8.4217
Freshwater mean pheno: -8.13712
-------------------------------
Output1 for generation 6100:

Oceanic mean pheno: 8.61114
Freshwater mean pheno: -8.23425
-------------------------------
Output1 for generation 6200:

Oceanic mean pheno: 8.64171
Freshwater mean pheno: -8.42824
-------------------------------
Output1 for generation 6300:

Oceanic mean pheno: 8.64672
Freshwater mean pheno: -8.0273
-------------------------------
Output1 for generation 6400:

Oceanic mean pheno: 8.60525
Freshwater mean pheno: -8.04056
-------------------------------
Output1 for generation 6500:

Oceanic mean pheno: 8.58549
Freshwater mean pheno: -8.2499
-------------------------------
Output1 for generation 6600:

Oceanic mean pheno: 8.45304
Freshwater mean pheno: -8.3705
-------------------------------
Output1 for generation 6700:

Oceanic mean pheno: 8.61499
Freshwater mean pheno: -8.24358
-------------------------------
Output1 for generation 6800:

Oceanic mean pheno: 8.6342
Freshwater mean pheno: -8.14886
-------------------------------
Output1 for generation 6900:

Oceanic mean pheno: 8.44492
Freshwater mean pheno: -8.09018
-------------------------------
Output1 for generation 7000:

Oceanic mean pheno: 8.50917
Freshwater mean pheno: -8.2791
-------------------------------
Output1 for generation 7100:

Oceanic mean pheno: 8.77889
Freshwater mean pheno: -8.36796
-------------------------------
Output1 for generation 7200:

Oceanic mean pheno: 8.98952
Freshwater mean pheno: -8.44346
-------------------------------
Output1 for generation 7300:

Oceanic mean pheno: 8.95217
Freshwater mean pheno: -8.38201
-------------------------------
Output1 for generation 7400:

Oceanic mean pheno: 8.81998
Freshwater mean pheno: -8.18761
-------------------------------
Output1 for generation 7500:

Oceanic mean pheno: 8.51709
Freshwater mean pheno: -8.64618
-------------------------------
Output1 for generation 7600:

Oceanic mean pheno: 9.03091
Freshwater mean pheno: -8.58016
-------------------------------
Output1 for generation 7700:

Oceanic mean pheno: 8.5674
Freshwater mean pheno: -8.45988
-------------------------------
Output1 for generation 7800:

Oceanic mean pheno: 8.91914
Freshwater mean pheno: -8.36583
-------------------------------
Output1 for generation 7900:

Oceanic mean pheno: 9.08411
Freshwater mean pheno: -7.92041
-------------------------------
Output1 for generation 8000:

Oceanic mean pheno: 8.81681
Freshwater mean pheno: -7.83305
-------------------------------
Output1 for generation 8100:

Oceanic mean pheno: 8.63786
Freshwater mean pheno: -8.15185
-------------------------------
Output1 for generation 8200:

Oceanic mean pheno: 8.71762
Freshwater mean pheno: -8.60476
-------------------------------
Output1 for generation 8300:

Oceanic mean pheno: 8.42142
Freshwater mean pheno: -8.51875
-------------------------------
Output1 for generation 8400:

Oceanic mean pheno: 8.43163
Freshwater mean pheno: -8.54442
-------------------------------
Output1 for generation 8500:

Oceanic mean pheno: 8.64229
Freshwater mean pheno: -8.25389
-------------------------------
Output1 for generation 8600:

Oceanic mean pheno: 8.85815
Freshwater mean pheno: -8.61091
-------------------------------
Output1 for generation 8700:

Oceanic mean pheno: 8.607
Freshwater mean pheno: -8.2002
-------------------------------
Output1 for generation 8800:

Oceanic mean pheno: 8.76489
Freshwater mean pheno: -8.82858
-------------------------------
Output1 for generation 8900:

Oceanic mean pheno: 8.56463
Freshwater mean pheno: -8.96277
-------------------------------
Output1 for generation 9000:

Oceanic mean pheno: 8.62109
Freshwater mean pheno: -8.75401
-------------------------------
Output1 for generation 9100:

Oceanic mean pheno: 8.77957
Freshwater mean pheno: -8.8956
-------------------------------
Output1 for generation 9200:

Oceanic mean pheno: 9.24661
Freshwater mean pheno: -8.70131
-------------------------------
Output1 for generation 9300:

Oceanic mean pheno: 8.86263
Freshwater mean pheno: -8.55951
-------------------------------
Output1 for generation 9400:

Oceanic mean pheno: 8.85049
Freshwater mean pheno: -8.66036
-------------------------------
Output1 for generation 9500:

Oceanic mean pheno: 8.58552
Freshwater mean pheno: -8.53721
-------------------------------
Output1 for generation 9600:

Oceanic mean pheno: 8.71576
Freshwater mean pheno: -9.00395
-------------------------------
Output1 for generation 9700:

Oceanic mean pheno: 8.91622
Freshwater mean pheno: -8.97088
-------------------------------
Output1 for generation 9800:

Oceanic mean pheno: 8.87826
Freshwater mean pheno: -8.55681
-------------------------------
Output1 for generation 9900:

Oceanic mean pheno: 9.34905
Freshwater mean pheno: -8.68787
-------------------------------
Output1 for generation 10000:

Oceanic mean pheno: 9.29643
Freshwater mean pheno: -8.13017
-------------------------------
Output1 for generation 10100:

Oceanic mean pheno: 8.79813
Freshwater mean pheno: -8.49221
-------------------------------
Output1 for generation 10200:

Oceanic mean pheno: 8.75472
Freshwater mean pheno: -8.38872
-------------------------------
Output1 for generation 10300:

Oceanic mean pheno: 8.89228
Freshwater mean pheno: -8.64018
-------------------------------
Output1 for generation 10400:

Oceanic mean pheno: 8.87247
Freshwater mean pheno: -8.53918
-------------------------------
Output1 for generation 10500:

Oceanic mean pheno: 8.80164
Freshwater mean pheno: -9.08105
-------------------------------
Output1 for generation 10600:

Oceanic mean pheno: 8.56818
Freshwater mean pheno: -8.53943
-------------------------------
Output1 for generation 10700:

Oceanic mean pheno: 9.22054
Freshwater mean pheno: -9.12643
-------------------------------
Output1 for generation 10800:

Oceanic mean pheno: 9.34544
Freshwater mean pheno: -9.08162
-------------------------------
Output1 for generation 10900:

Oceanic mean pheno: 9.00979
Freshwater mean pheno: -8.85855
-------------------------------
Output1 for generation 11000:

Oceanic mean pheno: 9.06744
Freshwater mean pheno: -9.07127
-------------------------------
Output1 for generation 11100:

Oceanic mean pheno: 8.80992
Freshwater mean pheno: -9.01622
-------------------------------
Output1 for generation 11200:

Oceanic mean pheno: 9.00453
Freshwater mean pheno: -8.54067
-------------------------------
Output1 for generation 11300:

Oceanic mean pheno: 8.86571
Freshwater mean pheno: -8.47278
-------------------------------
Output1 for generation 11400:

Oceanic mean pheno: 9.00432
Freshwater mean pheno: -8.51964
-------------------------------
Output1 for generation 11500:

Oceanic mean pheno: 8.96289
Freshwater mean pheno: -8.91954
-------------------------------
Output1 for generation 11600:

Oceanic mean pheno: 8.4851
Freshwater mean pheno: -8.55529
-------------------------------
Output1 for generation 11700:

Oceanic mean pheno: 9.04651
Freshwater mean pheno: -8.88226
-------------------------------
Output1 for generation 11800:

Oceanic mean pheno: 8.75065
Freshwater mean pheno: -9.04909
-------------------------------
Output1 for generation 11900:

Oceanic mean pheno: 9.06741
Freshwater mean pheno: -8.89002
-------------------------------
Output1 for generation 12000:

Oceanic mean pheno: 9.19737
Freshwater mean pheno: -8.91472
-------------------------------
Output1 for generation 12100:

Oceanic mean pheno: 9.1949
Freshwater mean pheno: -9.03048
-------------------------------
Output1 for generation 12200:

Oceanic mean pheno: 8.93527
Freshwater mean pheno: -8.922
-------------------------------
Output1 for generation 12300:

Oceanic mean pheno: 9.03301
Freshwater mean pheno: -8.38336
-------------------------------
Output1 for generation 12400:

Oceanic mean pheno: 9.04118
Freshwater mean pheno: -8.75518
-------------------------------
Output1 for generation 12500:

Oceanic mean pheno: 9.26368
Freshwater mean pheno: -8.87732
-------------------------------
Output1 for generation 12600:

Oceanic mean pheno: 9.21113
Freshwater mean pheno: -8.9332
-------------------------------
Output1 for generation 12700:

Oceanic mean pheno: 9.01757
Freshwater mean pheno: -8.6285
-------------------------------
Output1 for generation 12800:

Oceanic mean pheno: 8.9831
Freshwater mean pheno: -8.58548
-------------------------------
Output1 for generation 12900:

Oceanic mean pheno: 9.61538
Freshwater mean pheno: -9.00679
-------------------------------
Output1 for generation 13000:

Oceanic mean pheno: 9.24247
Freshwater mean pheno: -8.77175
-------------------------------
Output1 for generation 13100:

Oceanic mean pheno: 9.03793
Freshwater mean pheno: -9.23089
-------------------------------
Output1 for generation 13200:

Oceanic mean pheno: 9.02236
Freshwater mean pheno: -9.00444
-------------------------------
Output1 for generation 13300:

Oceanic mean pheno: 8.93481
Freshwater mean pheno: -8.71902
-------------------------------
Output1 for generation 13400:

Oceanic mean pheno: 8.9441
Freshwater mean pheno: -9.14278
-------------------------------
Output1 for generation 13500:

Oceanic mean pheno: 9.16134
Freshwater mean pheno: -8.82305
-------------------------------
Output1 for generation 13600:

Oceanic mean pheno: 9.51864
Freshwater mean pheno: -9.17025
-------------------------------
Output1 for generation 13700:

Oceanic mean pheno: 9.11548
Freshwater mean pheno: -8.91502
-------------------------------
Output1 for generation 13800:

Oceanic mean pheno: 9.22176
Freshwater mean pheno: -8.79273
-------------------------------
Output1 for generation 13900:

Oceanic mean pheno: 9.22559
Freshwater mean pheno: -9.27382
-------------------------------
Output1 for generation 14000:

Oceanic mean pheno: 9.11031
Freshwater mean pheno: -9.15124
-------------------------------
Output1 for generation 14100:

Oceanic mean pheno: 8.95383
Freshwater mean pheno: -8.86246
-------------------------------
Output1 for generation 14200:

Oceanic mean pheno: 8.93941
Freshwater mean pheno: -8.92582
-------------------------------
Output1 for generation 14300:

Oceanic mean pheno: 9.14973
Freshwater mean pheno: -8.9077
-------------------------------
Output1 for generation 14400:

Oceanic mean pheno: 9.13465
Freshwater mean pheno: -9.00812
-------------------------------
Output1 for generation 14500:

Oceanic mean pheno: 9.30966
Freshwater mean pheno: -8.75284
-------------------------------
Output1 for generation 14600:

Oceanic mean pheno: 9.19138
Freshwater mean pheno: -8.89433
-------------------------------
Output1 for generation 14700:

Oceanic mean pheno: 8.86798
Freshwater mean pheno: -8.31619
-------------------------------
Output1 for generation 14800:

Oceanic mean pheno: 9.11626
Freshwater mean pheno: -9.12312
-------------------------------
Output1 for generation 14900:

Oceanic mean pheno: 9.21437
Freshwater mean pheno: -9.01809
-------------------------------
Output1 for generation 15000:

Oceanic mean pheno: 9.19727
Freshwater mean pheno: -8.7132
-------------------------------
Output1 for generation 15100:

Oceanic mean pheno: 9.20953
Freshwater mean pheno: -8.67786
-------------------------------
Output1 for generation 15200:

Oceanic mean pheno: 8.69943
Freshwater mean pheno: -8.36984
-------------------------------
Output1 for generation 15300:

Oceanic mean pheno: 9.17392
Freshwater mean pheno: -9.34306
-------------------------------
Output1 for generation 15400:

Oceanic mean pheno: 9.07486
Freshwater mean pheno: -8.95683
-------------------------------
Output1 for generation 15500:

Oceanic mean pheno: 9.05602
Freshwater mean pheno: -9.12548
-------------------------------
Output1 for generation 15600:

Oceanic mean pheno: 8.99536
Freshwater mean pheno: -8.83415
-------------------------------
Output1 for generation 15700:

Oceanic mean pheno: 9.1775
Freshwater mean pheno: -8.58538
-------------------------------
Output1 for generation 15800:

Oceanic mean pheno: 9.09149
Freshwater mean pheno: -8.89332
-------------------------------
Output1 for generation 15900:

Oceanic mean pheno: 8.90957
Freshwater mean pheno: -8.58281
-------------------------------
Output1 for generation 16000:

Oceanic mean pheno: 9.28109
Freshwater mean pheno: -8.72389
-------------------------------
Output1 for generation 16100:

Oceanic mean pheno: 9.2325
Freshwater mean pheno: -8.94463
-------------------------------
Output1 for generation 16200:

Oceanic mean pheno: 8.97411
Freshwater mean pheno: -8.60522
-------------------------------
Output1 for generation 16300:

Oceanic mean pheno: 9.00977
Freshwater mean pheno: -8.62322
-------------------------------
Output1 for generation 16400:

Oceanic mean pheno: 9.23832
Freshwater mean pheno: -8.62493
-------------------------------
Output1 for generation 16500:

Oceanic mean pheno: 8.90987
Freshwater mean pheno: -8.69665
-------------------------------
Output1 for generation 16600:

Oceanic mean pheno: 9.19563
Freshwater mean pheno: -8.68245
-------------------------------
Output1 for generation 16700:

Oceanic mean pheno: 9.16552
Freshwater mean pheno: -8.94131
-------------------------------
Output1 for generation 16800:

Oceanic mean pheno: 9.19867
Freshwater mean pheno: -8.90327
-------------------------------
Output1 for generation 16900:

Oceanic mean pheno: 9.35693
Freshwater mean pheno: -8.83314
-------------------------------
Output1 for generation 17000:

Oceanic mean pheno: 9.29693
Freshwater mean pheno: -8.90163
-------------------------------
Output1 for generation 17100:

Oceanic mean pheno: 8.86588
Freshwater mean pheno: -8.8061
-------------------------------
Output1 for generation 17200:

Oceanic mean pheno: 9.03544
Freshwater mean pheno: -8.9096
-------------------------------
Output1 for generation 17300:

Oceanic mean pheno: 8.93846
Freshwater mean pheno: -8.46157
-------------------------------
Output1 for generation 17400:

Oceanic mean pheno: 9.57825
Freshwater mean pheno: -8.95338
-------------------------------
Output1 for generation 17500:

Oceanic mean pheno: 9.32503
Freshwater mean pheno: -9.04776
-------------------------------
Output1 for generation 17600:

Oceanic mean pheno: 9.02638
Freshwater mean pheno: -9.12137
-------------------------------
Output1 for generation 17700:

Oceanic mean pheno: 9.27478
Freshwater mean pheno: -9.16304
-------------------------------
Output1 for generation 17800:

Oceanic mean pheno: 9.16322
Freshwater mean pheno: -8.58539
-------------------------------
Output1 for generation 17900:

Oceanic mean pheno: 9.29275
Freshwater mean pheno: -8.67087
-------------------------------
Output1 for generation 18000:

Oceanic mean pheno: 9.2208
Freshwater mean pheno: -8.81971
-------------------------------
Output1 for generation 18100:

Oceanic mean pheno: 9.21216
Freshwater mean pheno: -8.6966
-------------------------------
Output1 for generation 18200:

Oceanic mean pheno: 9.32347
Freshwater mean pheno: -8.78373
-------------------------------
Output1 for generation 18300:

Oceanic mean pheno: 9.49855
Freshwater mean pheno: -8.39085
-------------------------------
Output1 for generation 18400:

Oceanic mean pheno: 9.09921
Freshwater mean pheno: -8.92469
-------------------------------
Output1 for generation 18500:

Oceanic mean pheno: 9.09995
Freshwater mean pheno: -8.42507
-------------------------------
Output1 for generation 18600:

Oceanic mean pheno: 8.97243
Freshwater mean pheno: -8.5216
-------------------------------
Output1 for generation 18700:

Oceanic mean pheno: 8.87067
Freshwater mean pheno: -8.38645
-------------------------------
Output1 for generation 18800:

Oceanic mean pheno: 8.81752
Freshwater mean pheno: -8.65896
-------------------------------
Output1 for generation 18900:

Oceanic mean pheno: 9.17407
Freshwater mean pheno: -9.1657
-------------------------------
Output1 for generation 19000:

Oceanic mean pheno: 8.76624
Freshwater mean pheno: -9.09363
-------------------------------
Output1 for generation 19100:

Oceanic mean pheno: 8.96778
Freshwater mean pheno: -8.51332
-------------------------------
Output1 for generation 19200:

Oceanic mean pheno: 9.02789
Freshwater mean pheno: -8.40399
-------------------------------
Output1 for generation 19300:

Oceanic mean pheno: 9.35814
Freshwater mean pheno: -8.53226
-------------------------------
Output1 for generation 19400:

Oceanic mean pheno: 8.9305
Freshwater mean pheno: -8.67843
-------------------------------
Output1 for generation 19500:

Oceanic mean pheno: 9.16934
Freshwater mean pheno: -9.27328
-------------------------------
Output1 for generation 19600:

Oceanic mean pheno: 8.92409
Freshwater mean pheno: -8.90704
-------------------------------
Output1 for generation 19700:

Oceanic mean pheno: 9.17019
Freshwater mean pheno: -9.31118
-------------------------------
Output1 for generation 19800:

Oceanic mean pheno: 8.81287
Freshwater mean pheno: -8.63491
-------------------------------
Output1 for generation 19900:

Oceanic mean pheno: 8.98597
Freshwater mean pheno: -8.95759
-------------------------------
Output1 for generation 20000:

Oceanic mean pheno: 8.96916
Freshwater mean pheno: -8.70215
new Freshwater mean pheno: 9.02175
-------------------------------
Output1 for generation 20100:

Oceanic mean pheno: 7.9706
Freshwater mean pheno: -8.74502
new Freshwater mean pheno: -8.91346
-------------------------------
Output1 for generation 20200:

Oceanic mean pheno: 8.35369
Freshwater mean pheno: -8.34743
new Freshwater mean pheno: -8.6077
-------------------------------
Output1 for generation 20300:

Oceanic mean pheno: 8.93852
Freshwater mean pheno: -9.23169
new Freshwater mean pheno: -9.21989
-------------------------------
Output1 for generation 20400:

Oceanic mean pheno: 8.46567
Freshwater mean pheno: -9.4472
new Freshwater mean pheno: -9.01533
-------------------------------
Output1 for generation 20500:

Oceanic mean pheno: 7.97526
Freshwater mean pheno: -8.92349
new Freshwater mean pheno: -9.17736
-------------------------------
Output1 for generation 20600:

Oceanic mean pheno: 8.61419
Freshwater mean pheno: -8.81831
new Freshwater mean pheno: -8.7773
-------------------------------
Output1 for generation 20700:

Oceanic mean pheno: 8.42412
Freshwater mean pheno: -9.15535
new Freshwater mean pheno: -8.79256
-------------------------------
Output1 for generation 20800:

Oceanic mean pheno: 8.54225
Freshwater mean pheno: -9.03863
new Freshwater mean pheno: -9.00736
-------------------------------
Output1 for generation 20900:

Oceanic mean pheno: 8.24373
Freshwater mean pheno: -9.23487
new Freshwater mean pheno: -8.90714
-------------------------------
Output1 for generation 21000:

Oceanic mean pheno: 8.35684
Freshwater mean pheno: -9.02097
new Freshwater mean pheno: -9.14486
-------------------------------
Output1 for generation 21100:

Oceanic mean pheno: 8.45567
Freshwater mean pheno: -8.7783
new Freshwater mean pheno: -8.73627
-------------------------------
Output1 for generation 21200:

Oceanic mean pheno: 8.34725
Freshwater mean pheno: -8.84749
new Freshwater mean pheno: -9.03396
-------------------------------
Output1 for generation 21300:

Oceanic mean pheno: 8.42788
Freshwater mean pheno: -8.40129
new Freshwater mean pheno: -9.27141
-------------------------------
Output1 for generation 21400:

Oceanic mean pheno: 8.45791
Freshwater mean pheno: -9.03147
new Freshwater mean pheno: -9.23183
-------------------------------
Output1 for generation 21500:

Oceanic mean pheno: 8.3059
Freshwater mean pheno: -9.12143
new Freshwater mean pheno: -9.28859
-------------------------------
Output1 for generation 21600:

Oceanic mean pheno: 7.96215
Freshwater mean pheno: -8.88696
new Freshwater mean pheno: -8.80937
-------------------------------
Output1 for generation 21700:

Oceanic mean pheno: 8.26175
Freshwater mean pheno: -8.77375
new Freshwater mean pheno: -9.02858
-------------------------------
Output1 for generation 21800:

Oceanic mean pheno: 8.38921
Freshwater mean pheno: -8.61709
new Freshwater mean pheno: -8.64618
-------------------------------
Output1 for generation 21900:

Oceanic mean pheno: 7.79153
Freshwater mean pheno: -8.7945
new Freshwater mean pheno: -8.73931
-------------------------------
Output1 for generation 22000:

Oceanic mean pheno: 8.48318
Freshwater mean pheno: -8.70891
new Freshwater mean pheno: -8.72376
-------------------------------
Output1 for generation 22100:

Oceanic mean pheno: 8.28908
Freshwater mean pheno: -8.83439
new Freshwater mean pheno: -8.77219
-------------------------------
Output1 for generation 22200:

Oceanic mean pheno: 7.85044
Freshwater mean pheno: -8.73711
new Freshwater mean pheno: -8.90131
-------------------------------
Output1 for generation 22300:

Oceanic mean pheno: 8.03237
Freshwater mean pheno: -8.67209
new Freshwater mean pheno: -8.6913
-------------------------------
Output1 for generation 22400:

Oceanic mean pheno: 8.42812
Freshwater mean pheno: -9.30163
new Freshwater mean pheno: -8.8364
-------------------------------
Output1 for generation 22500:

Oceanic mean pheno: 8.75747
Freshwater mean pheno: -9.15615
new Freshwater mean pheno: -8.95906
-------------------------------
Output1 for generation 22600:

Oceanic mean pheno: 8.39097
Freshwater mean pheno: -8.85562
new Freshwater mean pheno: -8.75295
-------------------------------
Output1 for generation 22700:

Oceanic mean pheno: 8.19328
Freshwater mean pheno: -8.94111
new Freshwater mean pheno: -8.85087
-------------------------------
Output1 for generation 22800:

Oceanic mean pheno: 8.08712
Freshwater mean pheno: -9.03887
new Freshwater mean pheno: -8.98536
-------------------------------
Output1 for generation 22900:

Oceanic mean pheno: 8.44828
Freshwater mean pheno: -8.81427
new Freshwater mean pheno: -8.61727
-------------------------------
Output1 for generation 23000:

Oceanic mean pheno: 8.76517
Freshwater mean pheno: -9.68471
new Freshwater mean pheno: -8.94716
-------------------------------
Output1 for generation 23100:

Oceanic mean pheno: 8.21879
Freshwater mean pheno: -8.68171
new Freshwater mean pheno: -8.66503
-------------------------------
Output1 for generation 23200:

Oceanic mean pheno: 8.18782
Freshwater mean pheno: -9.03324
new Freshwater mean pheno: -8.59792
-------------------------------
Output1 for generation 23300:

Oceanic mean pheno: 8.68276
Freshwater mean pheno: -9.09975
new Freshwater mean pheno: -8.72116
-------------------------------
Output1 for generation 23400:

Oceanic mean pheno: 8.29274
Freshwater mean pheno: -8.62675
new Freshwater mean pheno: -8.53743
-------------------------------
Output1 for generation 23500:

Oceanic mean pheno: 8.48009
Freshwater mean pheno: -8.72437
new Freshwater mean pheno: -8.44938
-------------------------------
Output1 for generation 23600:

Oceanic mean pheno: 8.60709
Freshwater mean pheno: -8.99048
new Freshwater mean pheno: -8.87632
-------------------------------
Output1 for generation 23700:

Oceanic mean pheno: 8.38309
Freshwater mean pheno: -9.03098
new Freshwater mean pheno: -9.03313
-------------------------------
Output1 for generation 23800:

Oceanic mean pheno: 8.52442
Freshwater mean pheno: -8.85035
new Freshwater mean pheno: -9.33313
-------------------------------
Output1 for generation 23900:

Oceanic mean pheno: 8.3212
Freshwater mean pheno: -9.05121
new Freshwater mean pheno: -8.78001
-------------------------------
Output1 for generation 24000:

Oceanic mean pheno: 8.45441
Freshwater mean pheno: -8.57212
new Freshwater mean pheno: -8.76796
-------------------------------
Output1 for generation 24100:

Oceanic mean pheno: 8.14399
Freshwater mean pheno: -8.73315
new Freshwater mean pheno: -8.8266
-------------------------------
Output1 for generation 24200:

Oceanic mean pheno: 8.25766
Freshwater mean pheno: -9.09281
new Freshwater mean pheno: -8.97965
-------------------------------
Output1 for generation 24300:

Oceanic mean pheno: 8.3032
Freshwater mean pheno: -8.9053
new Freshwater mean pheno: -9.20084
-------------------------------
Output1 for generation 24400:

Oceanic mean pheno: 8.36479
Freshwater mean pheno: -8.5999
new Freshwater mean pheno: -9.04578
-------------------------------
Output1 for generation 24500:

Oceanic mean pheno: 8.38536
Freshwater mean pheno: -9.14028
new Freshwater mean pheno: -8.87772
-------------------------------
Output1 for generation 24600:

Oceanic mean pheno: 8.44787
Freshwater mean pheno: -9.0187
new Freshwater mean pheno: -9.05825
-------------------------------
Output1 for generation 24700:

Oceanic mean pheno: 8.94388
Freshwater mean pheno: -9.15436
new Freshwater mean pheno: -9.06364
-------------------------------
Output1 for generation 24800:

Oceanic mean pheno: 8.88351
Freshwater mean pheno: -8.95164
new Freshwater mean pheno: -9.21111
-------------------------------
Output1 for generation 24900:

Oceanic mean pheno: 8.31347
Freshwater mean pheno: -8.89091
new Freshwater mean pheno: -8.94135
-------------------------------
Output1 for generation 25000:

Oceanic mean pheno: 8.34009
Freshwater mean pheno: -8.75574
new Freshwater mean pheno: -8.87223
-------------------------------
Output1 for generation 25100:

Oceanic mean pheno: 8.63825
Freshwater mean pheno: -9.06653
new Freshwater mean pheno: -9.12775
-------------------------------
Output1 for generation 25200:

Oceanic mean pheno: 8.12152
Freshwater mean pheno: -8.5147
new Freshwater mean pheno: -8.83902
-------------------------------
Output1 for generation 25300:

Oceanic mean pheno: 8.30154
Freshwater mean pheno: -9.04471
new Freshwater mean pheno: -8.88042
-------------------------------
Output1 for generation 25400:

Oceanic mean pheno: 8.41952
Freshwater mean pheno: -8.59742
new Freshwater mean pheno: -8.50042
-------------------------------
Output1 for generation 25500:

Oceanic mean pheno: 8.81214
Freshwater mean pheno: -9.20373
new Freshwater mean pheno: -8.9543
-------------------------------
Output1 for generation 25600:

Oceanic mean pheno: 8.7041
Freshwater mean pheno: -8.76354
new Freshwater mean pheno: -8.58341
-------------------------------
Output1 for generation 25700:

Oceanic mean pheno: 8.45206
Freshwater mean pheno: -8.48973
new Freshwater mean pheno: -8.60807
-------------------------------
Output1 for generation 25800:

Oceanic mean pheno: 9.02095
Freshwater mean pheno: -9.16975
new Freshwater mean pheno: -8.62079
-------------------------------
Output1 for generation 25900:

Oceanic mean pheno: 8.70148
Freshwater mean pheno: -8.95661
new Freshwater mean pheno: -8.61752
-------------------------------
Output1 for generation 26000:

Oceanic mean pheno: 8.71473
Freshwater mean pheno: -9.07357
new Freshwater mean pheno: -8.89901
-------------------------------
Output1 for generation 26100:

Oceanic mean pheno: 8.78117
Freshwater mean pheno: -8.90129
new Freshwater mean pheno: -8.92681
-------------------------------
Output1 for generation 26200:

Oceanic mean pheno: 8.36842
Freshwater mean pheno: -8.74926
new Freshwater mean pheno: -8.7621
-------------------------------
Output1 for generation 26300:

Oceanic mean pheno: 9.15462
Freshwater mean pheno: -8.9167
new Freshwater mean pheno: -8.97981
-------------------------------
Output1 for generation 26400:

Oceanic mean pheno: 8.54497
Freshwater mean pheno: -9.18339
new Freshwater mean pheno: -8.73797
-------------------------------
Output1 for generation 26500:

Oceanic mean pheno: 8.61806
Freshwater mean pheno: -9.08781
new Freshwater mean pheno: -8.67365
-------------------------------
Output1 for generation 26600:

Oceanic mean pheno: 8.59659
Freshwater mean pheno: -9.33616
new Freshwater mean pheno: -8.87052
-------------------------------
Output1 for generation 26700:

Oceanic mean pheno: 8.76598
Freshwater mean pheno: -8.60497
new Freshwater mean pheno: -8.4947
-------------------------------
Output1 for generation 26800:

Oceanic mean pheno: 8.71216
Freshwater mean pheno: -9.1197
new Freshwater mean pheno: -8.76552
-------------------------------
Output1 for generation 26900:

Oceanic mean pheno: 9.00803
Freshwater mean pheno: -9.26885
new Freshwater mean pheno: -9.10449
-------------------------------
Output1 for generation 27000:

Oceanic mean pheno: 8.95384
Freshwater mean pheno: -9.08382
new Freshwater mean pheno: -8.99843
-------------------------------
Output1 for generation 27100:

Oceanic mean pheno: 8.36071
Freshwater mean pheno: -8.9084
new Freshwater mean pheno: -9.41846
-------------------------------
Output1 for generation 27200:

Oceanic mean pheno: 8.28582
Freshwater mean pheno: -9.01121
new Freshwater mean pheno: -9.43833
-------------------------------
Output1 for generation 27300:

Oceanic mean pheno: 8.69298
Freshwater mean pheno: -8.96187
new Freshwater mean pheno: -9.3106
-------------------------------
Output1 for generation 27400:

Oceanic mean pheno: 8.73741
Freshwater mean pheno: -9.13239
new Freshwater mean pheno: -8.60096
-------------------------------
Output1 for generation 27500:

Oceanic mean pheno: 8.28377
Freshwater mean pheno: -8.78876
new Freshwater mean pheno: -8.89293
-------------------------------
Output1 for generation 27600:

Oceanic mean pheno: 8.59385
Freshwater mean pheno: -9.19027
new Freshwater mean pheno: -9.02043
-------------------------------
Output1 for generation 27700:

Oceanic mean pheno: 8.2135
Freshwater mean pheno: -9.11164
new Freshwater mean pheno: -8.99805
-------------------------------
Output1 for generation 27800:

Oceanic mean pheno: 8.65725
Freshwater mean pheno: -9.09047
new Freshwater mean pheno: -8.75424
-------------------------------
Output1 for generation 27900:

Oceanic mean pheno: 8.50538
Freshwater mean pheno: -8.59198
new Freshwater mean pheno: -8.90063
-------------------------------
Output1 for generation 28000:

Oceanic mean pheno: 8.29552
Freshwater mean pheno: -9.1332
new Freshwater mean pheno: -8.80491
-------------------------------
Output1 for generation 28100:

Oceanic mean pheno: 8.91632
Freshwater mean pheno: -8.69525
new Freshwater mean pheno: -8.79921
-------------------------------
Output1 for generation 28200:

Oceanic mean pheno: 8.57665
Freshwater mean pheno: -8.99695
new Freshwater mean pheno: -8.92611
-------------------------------
Output1 for generation 28300:

Oceanic mean pheno: 8.80973
Freshwater mean pheno: -9.16317
new Freshwater mean pheno: -8.98212
-------------------------------
Output1 for generation 28400:

Oceanic mean pheno: 8.08194
Freshwater mean pheno: -9.26897
new Freshwater mean pheno: -8.79016
-------------------------------
Output1 for generation 28500:

Oceanic mean pheno: 8.51368
Freshwater mean pheno: -9.0875
new Freshwater mean pheno: -8.86298
-------------------------------
Output1 for generation 28600:

Oceanic mean pheno: 9.05079
Freshwater mean pheno: -8.67012
new Freshwater mean pheno: -9.23547
-------------------------------
Output1 for generation 28700:

Oceanic mean pheno: 8.34395
Freshwater mean pheno: -8.80448
new Freshwater mean pheno: -9.08318
-------------------------------
Output1 for generation 28800:

Oceanic mean pheno: 8.6798
Freshwater mean pheno: -9.06271
new Freshwater mean pheno: -9.27039
-------------------------------
Output1 for generation 28900:

Oceanic mean pheno: 8.22858
Freshwater mean pheno: -9.00235
new Freshwater mean pheno: -9.04305
-------------------------------
Output1 for generation 29000:

Oceanic mean pheno: 8.71116
Freshwater mean pheno: -8.86369
new Freshwater mean pheno: -9.21564
-------------------------------
Output1 for generation 29100:

Oceanic mean pheno: 9.07104
Freshwater mean pheno: -8.90582
new Freshwater mean pheno: -9.05586
-------------------------------
Output1 for generation 29200:

Oceanic mean pheno: 8.6963
Freshwater mean pheno: -9.53361
new Freshwater mean pheno: -9.22667
-------------------------------
Output1 for generation 29300:

Oceanic mean pheno: 8.88451
Freshwater mean pheno: -8.96466
new Freshwater mean pheno: -9.22647
-------------------------------
Output1 for generation 29400:

Oceanic mean pheno: 8.43744
Freshwater mean pheno: -9.34312
new Freshwater mean pheno: -8.9949
-------------------------------
Output1 for generation 29500:

Oceanic mean pheno: 8.56021
Freshwater mean pheno: -9.28843
new Freshwater mean pheno: -9.14244
-------------------------------
Output1 for generation 29600:

Oceanic mean pheno: 8.43112
Freshwater mean pheno: -9.44538
new Freshwater mean pheno: -8.96341
-------------------------------
Output1 for generation 29700:

Oceanic mean pheno: 8.26421
Freshwater mean pheno: -9.30657
new Freshwater mean pheno: -9.08353
-------------------------------
Output1 for generation 29800:

Oceanic mean pheno: 8.69844
Freshwater mean pheno: -9.25312
new Freshwater mean pheno: -8.76433
-------------------------------
Output1 for generation 29900:

Oceanic mean pheno: 8.23162
Freshwater mean pheno: -9.05413
new Freshwater mean pheno: -9.50869
-------------------------------
Output1 for generation 30000:

Oceanic mean pheno: 8.39681
Freshwater mean pheno: -9.07868
new Freshwater mean pheno: -8.78331
-------------------------------
Output1 for generation 30100:

Oceanic mean pheno: 8.59462
Freshwater mean pheno: -9.13968
new Freshwater mean pheno: -9.01523
-------------------------------
Output1 for generation 30200:

Oceanic mean pheno: 8.63922
Freshwater mean pheno: -9.02567
new Freshwater mean pheno: -8.76199
-------------------------------
Output1 for generation 30300:

Oceanic mean pheno: 8.51404
Freshwater mean pheno: -9.21226
new Freshwater mean pheno: -8.74542
-------------------------------
Output1 for generation 30400:

Oceanic mean pheno: 8.64307
Freshwater mean pheno: -9.01129
new Freshwater mean pheno: -9.01712
-------------------------------
Output1 for generation 30500:

Oceanic mean pheno: 8.4605
Freshwater mean pheno: -9.22565
new Freshwater mean pheno: -9.36668
-------------------------------
Output1 for generation 30600:

Oceanic mean pheno: 8.95007
Freshwater mean pheno: -9.093
new Freshwater mean pheno: -8.83247
-------------------------------
Output1 for generation 30700:

Oceanic mean pheno: 8.6816
Freshwater mean pheno: -9.27234
new Freshwater mean pheno: -8.79675
-------------------------------
Output1 for generation 30800:

Oceanic mean pheno: 8.48159
Freshwater mean pheno: -8.92934
new Freshwater mean pheno: -8.6896
-------------------------------
Output1 for generation 30900:

Oceanic mean pheno: 8.47529
Freshwater mean pheno: -8.74221
new Freshwater mean pheno: -8.72933
-------------------------------
Output1 for generation 31000:

Oceanic mean pheno: 8.19748
Freshwater mean pheno: -8.7273
new Freshwater mean pheno: -9.30894
-------------------------------
Output1 for generation 31100:

Oceanic mean pheno: 8.68087
Freshwater mean pheno: -9.06109
new Freshwater mean pheno: -8.68597
-------------------------------
Output1 for generation 31200:

Oceanic mean pheno: 8.52737
Freshwater mean pheno: -9.01893
new Freshwater mean pheno: -9.05514
-------------------------------
Output1 for generation 31300:

Oceanic mean pheno: 8.11886
Freshwater mean pheno: -8.8804
new Freshwater mean pheno: -9.13842
-------------------------------
Output1 for generation 31400:

Oceanic mean pheno: 8.68338
Freshwater mean pheno: -9.07562
new Freshwater mean pheno: -8.71122
-------------------------------
Output1 for generation 31500:

Oceanic mean pheno: 8.78936
Freshwater mean pheno: -9.29033
new Freshwater mean pheno: -9.36418
-------------------------------
Output1 for generation 31600:

Oceanic mean pheno: 8.87143
Freshwater mean pheno: -9.2208
new Freshwater mean pheno: -9.36744
-------------------------------
Output1 for generation 31700:

Oceanic mean pheno: 8.39507
Freshwater mean pheno: -8.8317
new Freshwater mean pheno: -9.56876
-------------------------------
Output1 for generation 31800:

Oceanic mean pheno: 8.37201
Freshwater mean pheno: -8.75378
new Freshwater mean pheno: -9.30322
-------------------------------
Output1 for generation 31900:

Oceanic mean pheno: 8.11708
Freshwater mean pheno: -9.10676
new Freshwater mean pheno: -9.17135
-------------------------------
Output1 for generation 32000:

Oceanic mean pheno: 8.5481
Freshwater mean pheno: -8.6007
new Freshwater mean pheno: -8.78664
-------------------------------
Output1 for generation 32100:

Oceanic mean pheno: 8.19763
Freshwater mean pheno: -9.2932
new Freshwater mean pheno: -8.85549
-------------------------------
Output1 for generation 32200:

Oceanic mean pheno: 8.58799
Freshwater mean pheno: -8.85459
new Freshwater mean pheno: -9.43811
-------------------------------
Output1 for generation 32300:

Oceanic mean pheno: 8.44358
Freshwater mean pheno: -8.98544
new Freshwater mean pheno: -9.38919
-------------------------------
Output1 for generation 32400:

Oceanic mean pheno: 8.70143
Freshwater mean pheno: -9.06381
new Freshwater mean pheno: -9.05968
-------------------------------
Output1 for generation 32500:

Oceanic mean pheno: 8.45898
Freshwater mean pheno: -9.22158
new Freshwater mean pheno: -8.8962
-------------------------------
Output1 for generation 32600:

Oceanic mean pheno: 8.94263
Freshwater mean pheno: -9.28995
new Freshwater mean pheno: -9.10409
-------------------------------
Output1 for generation 32700:

Oceanic mean pheno: 8.55224
Freshwater mean pheno: -9.40755
new Freshwater mean pheno: -8.8711
-------------------------------
Output1 for generation 32800:

Oceanic mean pheno: 8.55655
Freshwater mean pheno: -9.39304
new Freshwater mean pheno: -8.85572
-------------------------------
Output1 for generation 32900:

Oceanic mean pheno: 8.7903
Freshwater mean pheno: -8.89001
new Freshwater mean pheno: -9.24621
-------------------------------
Output1 for generation 33000:

Oceanic mean pheno: 9.16811
Freshwater mean pheno: -9.00108
new Freshwater mean pheno: -9.72617
-------------------------------
Output1 for generation 33100:

Oceanic mean pheno: 8.18421
Freshwater mean pheno: -9.5394
new Freshwater mean pheno: -9.09379
-------------------------------
Output1 for generation 33200:

Oceanic mean pheno: 8.69758
Freshwater mean pheno: -9.38749
new Freshwater mean pheno: -9.03637
-------------------------------
Output1 for generation 33300:

Oceanic mean pheno: 8.69029
Freshwater mean pheno: -8.90976
new Freshwater mean pheno: -9.25986
-------------------------------
Output1 for generation 33400:

Oceanic mean pheno: 8.73604
Freshwater mean pheno: -8.94613
new Freshwater mean pheno: -9.3422
-------------------------------
Output1 for generation 33500:

Oceanic mean pheno: 8.69141
Freshwater mean pheno: -9.04541
new Freshwater mean pheno: -9.18864
-------------------------------
Output1 for generation 33600:

Oceanic mean pheno: 8.80186
Freshwater mean pheno: -8.99813
new Freshwater mean pheno: -8.65828
-------------------------------
Output1 for generation 33700:

Oceanic mean pheno: 8.74975
Freshwater mean pheno: -8.97864
new Freshwater mean pheno: -9.18754
-------------------------------
Output1 for generation 33800:

Oceanic mean pheno: 8.66533
Freshwater mean pheno: -9.11585
new Freshwater mean pheno: -9.207
-------------------------------
Output1 for generation 33900:

Oceanic mean pheno: 8.72813
Freshwater mean pheno: -8.94349
new Freshwater mean pheno: -9.49549
-------------------------------
Output1 for generation 34000:

Oceanic mean pheno: 8.86411
Freshwater mean pheno: -9.28082
new Freshwater mean pheno: -9.26438
-------------------------------
Output1 for generation 34100:

Oceanic mean pheno: 8.34559
Freshwater mean pheno: -9.25965
new Freshwater mean pheno: -9.29629
-------------------------------
Output1 for generation 34200:

Oceanic mean pheno: 8.69703
Freshwater mean pheno: -8.99103
new Freshwater mean pheno: -9.51037
-------------------------------
Output1 for generation 34300:

Oceanic mean pheno: 8.67951
Freshwater mean pheno: -8.97308
new Freshwater mean pheno: -8.8479
-------------------------------
Output1 for generation 34400:

Oceanic mean pheno: 8.72707
Freshwater mean pheno: -8.88925
new Freshwater mean pheno: -8.59502
-------------------------------
Output1 for generation 34500:

Oceanic mean pheno: 8.44626
Freshwater mean pheno: -9.08509
new Freshwater mean pheno: -9.26172
-------------------------------
Output1 for generation 34600:

Oceanic mean pheno: 8.28695
Freshwater mean pheno: -9.09367
new Freshwater mean pheno: -8.94502
-------------------------------
Output1 for generation 34700:

Oceanic mean pheno: 8.774
Freshwater mean pheno: -8.85831
new Freshwater mean pheno: -9.12425
-------------------------------
Output1 for generation 34800:

Oceanic mean pheno: 8.35903
Freshwater mean pheno: -9.17164
new Freshwater mean pheno: -9.10072
-------------------------------
Output1 for generation 34900:

Oceanic mean pheno: 9.00476
Freshwater mean pheno: -9.30892
new Freshwater mean pheno: -8.93948
-------------------------------
Output1 for generation 35000:

Oceanic mean pheno: 8.45746
Freshwater mean pheno: -9.58684
new Freshwater mean pheno: -8.91501
-------------------------------
Output1 for generation 35100:

Oceanic mean pheno: 8.83599
Freshwater mean pheno: -9.00733
new Freshwater mean pheno: -9.18389
-------------------------------
Output1 for generation 35200:

Oceanic mean pheno: 9.26431
Freshwater mean pheno: -9.3824
new Freshwater mean pheno: -9.05292
-------------------------------
Output1 for generation 35300:

Oceanic mean pheno: 8.91087
Freshwater mean pheno: -9.44704
new Freshwater mean pheno: -9.66759
-------------------------------
Output1 for generation 35400:

Oceanic mean pheno: 8.81901
Freshwater mean pheno: -9.20306
new Freshwater mean pheno: -9.34216
-------------------------------
Output1 for generation 35500:

Oceanic mean pheno: 8.75583
Freshwater mean pheno: -8.68862
new Freshwater mean pheno: -9.41604
-------------------------------
Output1 for generation 35600:

Oceanic mean pheno: 8.95101
Freshwater mean pheno: -9.02398
new Freshwater mean pheno: -8.82895
-------------------------------
Output1 for generation 35700:

Oceanic mean pheno: 8.85603
Freshwater mean pheno: -9.09789
new Freshwater mean pheno: -9.04792
-------------------------------
Output1 for generation 35800:

Oceanic mean pheno: 8.7174
Freshwater mean pheno: -9.13462
new Freshwater mean pheno: -9.27602
-------------------------------
Output1 for generation 35900:

Oceanic mean pheno: 8.38009
Freshwater mean pheno: -9.29872
new Freshwater mean pheno: -8.37142
-------------------------------
Output1 for generation 36000:

Oceanic mean pheno: 8.85284
Freshwater mean pheno: -8.85604
new Freshwater mean pheno: -8.90314
-------------------------------
Output1 for generation 36100:

Oceanic mean pheno: 8.56659
Freshwater mean pheno: -8.90156
new Freshwater mean pheno: -8.78425
-------------------------------
Output1 for generation 36200:

Oceanic mean pheno: 8.29135
Freshwater mean pheno: -9.1852
new Freshwater mean pheno: -9.23178
-------------------------------
Output1 for generation 36300:

Oceanic mean pheno: 8.91788
Freshwater mean pheno: -9.33157
new Freshwater mean pheno: -9.10204
-------------------------------
Output1 for generation 36400:

Oceanic mean pheno: 8.96256
Freshwater mean pheno: -9.57303
new Freshwater mean pheno: -9.05359
-------------------------------
Output1 for generation 36500:

Oceanic mean pheno: 8.93249
Freshwater mean pheno: -9.04401
new Freshwater mean pheno: -8.78279
-------------------------------
Output1 for generation 36600:

Oceanic mean pheno: 8.93513
Freshwater mean pheno: -9.17029
new Freshwater mean pheno: -9.70461
-------------------------------
Output1 for generation 36700:

Oceanic mean pheno: 9.34928
Freshwater mean pheno: -9.33988
new Freshwater mean pheno: -8.96934
-------------------------------
Output1 for generation 36800:

Oceanic mean pheno: 8.99723
Freshwater mean pheno: -9.37741
new Freshwater mean pheno: -9.45245
-------------------------------
Output1 for generation 36900:

Oceanic mean pheno: 8.77847
Freshwater mean pheno: -8.72052
new Freshwater mean pheno: -9.36728
-------------------------------
Output1 for generation 37000:

Oceanic mean pheno: 8.51699
Freshwater mean pheno: -9.00106
new Freshwater mean pheno: -9.14244
-------------------------------
Output1 for generation 37100:

Oceanic mean pheno: 9.01268
Freshwater mean pheno: -9.60291
new Freshwater mean pheno: -9.35326
-------------------------------
Output1 for generation 37200:

Oceanic mean pheno: 8.76686
Freshwater mean pheno: -9.08278
new Freshwater mean pheno: -9.48736
-------------------------------
Output1 for generation 37300:

Oceanic mean pheno: 9.39459
Freshwater mean pheno: -9.14861
new Freshwater mean pheno: -9.49726
-------------------------------
Output1 for generation 37400:

Oceanic mean pheno: 8.87228
Freshwater mean pheno: -9.07118
new Freshwater mean pheno: -9.75821
-------------------------------
Output1 for generation 37500:

Oceanic mean pheno: 8.63953
Freshwater mean pheno: -9.19206
new Freshwater mean pheno: -9.13525
-------------------------------
Output1 for generation 37600:

Oceanic mean pheno: 8.87513
Freshwater mean pheno: -9.17962
new Freshwater mean pheno: -9.24695
-------------------------------
Output1 for generation 37700:

Oceanic mean pheno: 8.72006
Freshwater mean pheno: -9.07234
new Freshwater mean pheno: -8.81924
-------------------------------
Output1 for generation 37800:

Oceanic mean pheno: 8.75723
Freshwater mean pheno: -8.91364
new Freshwater mean pheno: -8.69643
-------------------------------
Output1 for generation 37900:

Oceanic mean pheno: 9.1949
Freshwater mean pheno: -9.1274
new Freshwater mean pheno: -9.23427
-------------------------------
Output1 for generation 38000:

Oceanic mean pheno: 8.61325
Freshwater mean pheno: -9.23955
new Freshwater mean pheno: -9.08933
-------------------------------
Output1 for generation 38100:

Oceanic mean pheno: 8.76924
Freshwater mean pheno: -9.33815
new Freshwater mean pheno: -8.79815
-------------------------------
Output1 for generation 38200:

Oceanic mean pheno: 8.61774
Freshwater mean pheno: -9.33599
new Freshwater mean pheno: -9.20391
-------------------------------
Output1 for generation 38300:

Oceanic mean pheno: 8.52096
Freshwater mean pheno: -9.01347
new Freshwater mean pheno: -8.74391
-------------------------------
Output1 for generation 38400:

Oceanic mean pheno: 9.01784
Freshwater mean pheno: -8.95647
new Freshwater mean pheno: -9.21559
-------------------------------
Output1 for generation 38500:

Oceanic mean pheno: 9.04478
Freshwater mean pheno: -9.69098
new Freshwater mean pheno: -9.41653
-------------------------------
Output1 for generation 38600:

Oceanic mean pheno: 8.6302
Freshwater mean pheno: -9.25288
new Freshwater mean pheno: -9.14763
-------------------------------
Output1 for generation 38700:

Oceanic mean pheno: 8.67717
Freshwater mean pheno: -8.96674
new Freshwater mean pheno: -8.86208
-------------------------------
Output1 for generation 38800:

Oceanic mean pheno: 8.65383
Freshwater mean pheno: -9.19434
new Freshwater mean pheno: -9.12967
-------------------------------
Output1 for generation 38900:

Oceanic mean pheno: 8.64849
Freshwater mean pheno: -9.28854
new Freshwater mean pheno: -8.89585
-------------------------------
Output1 for generation 39000:

Oceanic mean pheno: 8.84501
Freshwater mean pheno: -9.15811
new Freshwater mean pheno: -9.15439
-------------------------------
Output1 for generation 39100:

Oceanic mean pheno: 8.67303
Freshwater mean pheno: -8.97179
new Freshwater mean pheno: -8.85652
-------------------------------
Output1 for generation 39200:

Oceanic mean pheno: 8.64271
Freshwater mean pheno: -9.35686
new Freshwater mean pheno: -8.91322
-------------------------------
Output1 for generation 39300:

Oceanic mean pheno: 8.70708
Freshwater mean pheno: -8.81478
new Freshwater mean pheno: -8.69146
-------------------------------
Output1 for generation 39400:

Oceanic mean pheno: 8.573
Freshwater mean pheno: -9.11132
new Freshwater mean pheno: -9.00565
-------------------------------
Output1 for generation 39500:

Oceanic mean pheno: 8.71051
Freshwater mean pheno: -9.06508
new Freshwater mean pheno: -8.98687
-------------------------------
Output1 for generation 39600:

Oceanic mean pheno: 8.78217
Freshwater mean pheno: -9.13599
new Freshwater mean pheno: -8.80031
-------------------------------
Output1 for generation 39700:

Oceanic mean pheno: 8.85033
Freshwater mean pheno: -9.20986
new Freshwater mean pheno: -9.07779
-------------------------------
Output1 for generation 39800:

Oceanic mean pheno: 8.34096
Freshwater mean pheno: -8.88782
new Freshwater mean pheno: -9.06212
-------------------------------
Output1 for generation 39900:

Oceanic mean pheno: 8.80702
Freshwater mean pheno: -9.13905
new Freshwater mean pheno: -9.04008
-------------------------------
Output1 for generation 40000:

Oceanic mean pheno: 8.88225
Freshwater mean pheno: -9.4369
new Freshwater mean pheno: -8.97926
elapsed: 3:33:23 / kernel: 7.61 / user: 12803.13 / mem: 260544
Done!
