Task ID  - seed 024482
Parameters for SLiM run:
  -s 024482 MyRecipe6_0_1.E
// Initial random seed:
1509543265961

// RunInitializeCallbacks():
initializeSLiMOptions(dimensionality = 'x');
initializeMutationRate(1e-07);
initializeMutationType(1, 0.5, "g", 0.5, 1);
initializeMutationType(2, 0.5, "g", -0.5, 1);
initializeMutationType(3, 0.5, "f", 0);
initializeMutationType(4, 0.5, "f", 0);
initializeGenomicElementType(1, m3, 1);
initializeGenomicElementType(2, c(m1, m2, m3), c(1, 1, 1));
initializeGenomicElement(g1, 0, 4949);
initializeGenomicElement(g2, 4950, 5049);
initializeGenomicElement(g1, 5050, 9999);
initializeGenomicElement(g1, 10000, 14949);
initializeGenomicElement(g2, 14950, 15049);
initializeGenomicElement(g1, 15050, 19999);
initializeGenomicElement(g1, 20000, 24949);
initializeGenomicElement(g2, 24950, 25049);
initializeGenomicElement(g1, 25050, 29999);
initializeGenomicElement(g1, 30000, 34949);
initializeGenomicElement(g2, 34950, 35049);
initializeGenomicElement(g1, 35050, 39999);
initializeGenomicElement(g1, 40000, 44949);
initializeGenomicElement(g2, 44950, 45049);
initializeGenomicElement(g1, 45050, 49999);
initializeGenomicElement(g1, 50000, 54949);
initializeGenomicElement(g2, 54950, 55049);
initializeGenomicElement(g1, 55050, 59999);
initializeGenomicElement(g1, 60000, 64949);
initializeGenomicElement(g2, 64950, 65049);
initializeGenomicElement(g1, 65050, 69999);
initializeGenomicElement(g1, 70000, 74949);
initializeGenomicElement(g2, 74950, 75049);
initializeGenomicElement(g1, 75050, 79999);
initializeGenomicElement(g1, 80000, 84949);
initializeGenomicElement(g2, 84950, 85049);
initializeGenomicElement(g1, 85050, 89999);
initializeGenomicElement(g1, 90000, 94949);
initializeGenomicElement(g2, 94950, 95049);
initializeGenomicElement(g1, 95050, 99999);
end of chromosome position: 100000
initializeRecombinationRate(0.001);
initializeInteractionType(1, "x", reciprocal=T", maxDistance=0.02);
initializeInteractionType(2, "x", reciprocal=T", maxDistance=1);

// Starting run at generation <start>:
1 

-------------------------------
Output1 for generation 100:

Oceanic mean pheno: 0.00222895
Freshwater mean pheno: 0.00156646
-------------------------------
Output1 for generation 200:

Oceanic mean pheno: 0
Freshwater mean pheno: 0
-------------------------------
Output1 for generation 300:

Oceanic mean pheno: 0.180838
Freshwater mean pheno: 0
-------------------------------
Output1 for generation 400:

Oceanic mean pheno: 2.12982
Freshwater mean pheno: 0.126003
-------------------------------
Output1 for generation 500:

Oceanic mean pheno: 2.23324
Freshwater mean pheno: 0.150702
-------------------------------
Output1 for generation 600:

Oceanic mean pheno: 4.23485
Freshwater mean pheno: 0.230738
-------------------------------
Output1 for generation 700:

Oceanic mean pheno: 4.92224
Freshwater mean pheno: 0.344347
-------------------------------
Output1 for generation 800:

Oceanic mean pheno: 6.27226
Freshwater mean pheno: 0.181717
-------------------------------
Output1 for generation 900:

Oceanic mean pheno: 6.99499
Freshwater mean pheno: 0.176534
-------------------------------
Output1 for generation 1000:

Oceanic mean pheno: 7.23047
Freshwater mean pheno: 0.213441
-------------------------------
Output1 for generation 1100:

Oceanic mean pheno: 7.165
Freshwater mean pheno: 0.165071
-------------------------------
Output1 for generation 1200:

Oceanic mean pheno: 7.33335
Freshwater mean pheno: 0.234269
-------------------------------
Output1 for generation 1300:

Oceanic mean pheno: 7.64064
Freshwater mean pheno: 0.240926
-------------------------------
Output1 for generation 1400:

Oceanic mean pheno: 7.89829
Freshwater mean pheno: 0.0894451
-------------------------------
Output1 for generation 1500:

Oceanic mean pheno: 7.97845
Freshwater mean pheno: -0.0290328
-------------------------------
Output1 for generation 1600:

Oceanic mean pheno: 7.93439
Freshwater mean pheno: -0.184371
-------------------------------
Output1 for generation 1700:

Oceanic mean pheno: 7.72107
Freshwater mean pheno: -0.373118
-------------------------------
Output1 for generation 1800:

Oceanic mean pheno: 8.21122
Freshwater mean pheno: -0.48921
-------------------------------
Output1 for generation 1900:

Oceanic mean pheno: 8.21258
Freshwater mean pheno: -0.637052
-------------------------------
Output1 for generation 2000:

Oceanic mean pheno: 8.09917
Freshwater mean pheno: -0.868863
-------------------------------
Output1 for generation 2100:

Oceanic mean pheno: 7.91362
Freshwater mean pheno: -1.2056
-------------------------------
Output1 for generation 2200:

Oceanic mean pheno: 8.37988
Freshwater mean pheno: -1.39769
-------------------------------
Output1 for generation 2300:

Oceanic mean pheno: 7.90437
Freshwater mean pheno: -1.40364
-------------------------------
Output1 for generation 2400:

Oceanic mean pheno: 8.07701
Freshwater mean pheno: -1.262
-------------------------------
Output1 for generation 2500:

Oceanic mean pheno: 8.17164
Freshwater mean pheno: -1.47521
-------------------------------
Output1 for generation 2600:

Oceanic mean pheno: 8.87844
Freshwater mean pheno: -1.73318
-------------------------------
Output1 for generation 2700:

Oceanic mean pheno: 8.76149
Freshwater mean pheno: -1.6073
-------------------------------
Output1 for generation 2800:

Oceanic mean pheno: 8.71776
Freshwater mean pheno: -1.64003
-------------------------------
Output1 for generation 2900:

Oceanic mean pheno: 8.73951
Freshwater mean pheno: -1.74736
-------------------------------
Output1 for generation 3000:

Oceanic mean pheno: 8.73908
Freshwater mean pheno: -2.06679
-------------------------------
Output1 for generation 3100:

Oceanic mean pheno: 8.38068
Freshwater mean pheno: -2.21962
-------------------------------
Output1 for generation 3200:

Oceanic mean pheno: 8.44712
Freshwater mean pheno: -2.22362
-------------------------------
Output1 for generation 3300:

Oceanic mean pheno: 8.41261
Freshwater mean pheno: -2.34257
-------------------------------
Output1 for generation 3400:

Oceanic mean pheno: 8.46758
Freshwater mean pheno: -2.16221
-------------------------------
Output1 for generation 3500:

Oceanic mean pheno: 8.62023
Freshwater mean pheno: -2.51304
-------------------------------
Output1 for generation 3600:

Oceanic mean pheno: 8.79648
Freshwater mean pheno: -2.92646
-------------------------------
Output1 for generation 3700:

Oceanic mean pheno: 8.11269
Freshwater mean pheno: -3.30353
-------------------------------
Output1 for generation 3800:

Oceanic mean pheno: 8.35603
Freshwater mean pheno: -3.43058
-------------------------------
Output1 for generation 3900:

Oceanic mean pheno: 8.46141
Freshwater mean pheno: -3.49561
-------------------------------
Output1 for generation 4000:

Oceanic mean pheno: 8.64944
Freshwater mean pheno: -3.62906
-------------------------------
Output1 for generation 4100:

Oceanic mean pheno: 8.74741
Freshwater mean pheno: -3.96259
-------------------------------
Output1 for generation 4200:

Oceanic mean pheno: 8.63712
Freshwater mean pheno: -4.3125
-------------------------------
Output1 for generation 4300:

Oceanic mean pheno: 8.57917
Freshwater mean pheno: -4.41496
-------------------------------
Output1 for generation 4400:

Oceanic mean pheno: 8.56573
Freshwater mean pheno: -4.4602
-------------------------------
Output1 for generation 4500:

Oceanic mean pheno: 8.55023
Freshwater mean pheno: -4.54907
-------------------------------
Output1 for generation 4600:

Oceanic mean pheno: 8.25401
Freshwater mean pheno: -4.73356
-------------------------------
Output1 for generation 4700:

Oceanic mean pheno: 8.9252
Freshwater mean pheno: -4.95908
-------------------------------
Output1 for generation 4800:

Oceanic mean pheno: 8.50609
Freshwater mean pheno: -4.91737
-------------------------------
Output1 for generation 4900:

Oceanic mean pheno: 8.77436
Freshwater mean pheno: -5.1253
-------------------------------
Output1 for generation 5000:

Oceanic mean pheno: 8.48953
Freshwater mean pheno: -5.40472
-------------------------------
Output1 for generation 5100:

Oceanic mean pheno: 8.4911
Freshwater mean pheno: -5.52639
-------------------------------
Output1 for generation 5200:

Oceanic mean pheno: 8.48492
Freshwater mean pheno: -5.53946
-------------------------------
Output1 for generation 5300:

Oceanic mean pheno: 8.61114
Freshwater mean pheno: -5.923
-------------------------------
Output1 for generation 5400:

Oceanic mean pheno: 8.73676
Freshwater mean pheno: -5.95567
-------------------------------
Output1 for generation 5500:

Oceanic mean pheno: 8.51185
Freshwater mean pheno: -5.88898
-------------------------------
Output1 for generation 5600:

Oceanic mean pheno: 8.71475
Freshwater mean pheno: -6.05397
-------------------------------
Output1 for generation 5700:

Oceanic mean pheno: 8.51661
Freshwater mean pheno: -6.06779
-------------------------------
Output1 for generation 5800:

Oceanic mean pheno: 8.4607
Freshwater mean pheno: -5.8456
-------------------------------
Output1 for generation 5900:

Oceanic mean pheno: 8.75201
Freshwater mean pheno: -5.94174
-------------------------------
Output1 for generation 6000:

Oceanic mean pheno: 8.77807
Freshwater mean pheno: -6.50096
-------------------------------
Output1 for generation 6100:

Oceanic mean pheno: 8.7908
Freshwater mean pheno: -6.53114
-------------------------------
Output1 for generation 6200:

Oceanic mean pheno: 8.67733
Freshwater mean pheno: -6.80879
-------------------------------
Output1 for generation 6300:

Oceanic mean pheno: 8.95271
Freshwater mean pheno: -6.75274
-------------------------------
Output1 for generation 6400:

Oceanic mean pheno: 8.89214
Freshwater mean pheno: -6.81588
-------------------------------
Output1 for generation 6500:

Oceanic mean pheno: 8.9128
Freshwater mean pheno: -6.99012
-------------------------------
Output1 for generation 6600:

Oceanic mean pheno: 9.02315
Freshwater mean pheno: -7.02349
-------------------------------
Output1 for generation 6700:

Oceanic mean pheno: 8.40543
Freshwater mean pheno: -7.11086
-------------------------------
Output1 for generation 6800:

Oceanic mean pheno: 8.58534
Freshwater mean pheno: -7.4521
-------------------------------
Output1 for generation 6900:

Oceanic mean pheno: 8.46035
Freshwater mean pheno: -8.00583
-------------------------------
Output1 for generation 7000:

Oceanic mean pheno: 8.73655
Freshwater mean pheno: -8.10471
-------------------------------
Output1 for generation 7100:

Oceanic mean pheno: 8.64189
Freshwater mean pheno: -7.85201
-------------------------------
Output1 for generation 7200:

Oceanic mean pheno: 8.94403
Freshwater mean pheno: -8.04202
-------------------------------
Output1 for generation 7300:

Oceanic mean pheno: 9.11317
Freshwater mean pheno: -8.34059
-------------------------------
Output1 for generation 7400:

Oceanic mean pheno: 8.99747
Freshwater mean pheno: -8.14654
-------------------------------
Output1 for generation 7500:

Oceanic mean pheno: 8.41667
Freshwater mean pheno: -8.34692
-------------------------------
Output1 for generation 7600:

Oceanic mean pheno: 8.61542
Freshwater mean pheno: -8.40155
-------------------------------
Output1 for generation 7700:

Oceanic mean pheno: 8.97856
Freshwater mean pheno: -8.58935
-------------------------------
Output1 for generation 7800:

Oceanic mean pheno: 8.78485
Freshwater mean pheno: -8.43347
-------------------------------
Output1 for generation 7900:

Oceanic mean pheno: 8.90602
Freshwater mean pheno: -8.4595
-------------------------------
Output1 for generation 8000:

Oceanic mean pheno: 8.84526
Freshwater mean pheno: -8.38937
-------------------------------
Output1 for generation 8100:

Oceanic mean pheno: 8.85724
Freshwater mean pheno: -8.39945
-------------------------------
Output1 for generation 8200:

Oceanic mean pheno: 8.7856
Freshwater mean pheno: -8.51072
-------------------------------
Output1 for generation 8300:

Oceanic mean pheno: 9.00354
Freshwater mean pheno: -8.45835
-------------------------------
Output1 for generation 8400:

Oceanic mean pheno: 8.52746
Freshwater mean pheno: -8.47723
-------------------------------
Output1 for generation 8500:

Oceanic mean pheno: 8.95232
Freshwater mean pheno: -8.61022
-------------------------------
Output1 for generation 8600:

Oceanic mean pheno: 8.76737
Freshwater mean pheno: -8.45458
-------------------------------
Output1 for generation 8700:

Oceanic mean pheno: 8.83342
Freshwater mean pheno: -8.35042
-------------------------------
Output1 for generation 8800:

Oceanic mean pheno: 9.16468
Freshwater mean pheno: -8.37951
-------------------------------
Output1 for generation 8900:

Oceanic mean pheno: 8.87582
Freshwater mean pheno: -8.80485
-------------------------------
Output1 for generation 9000:

Oceanic mean pheno: 8.99419
Freshwater mean pheno: -8.31171
-------------------------------
Output1 for generation 9100:

Oceanic mean pheno: 9.16509
Freshwater mean pheno: -8.49717
-------------------------------
Output1 for generation 9200:

Oceanic mean pheno: 8.64038
Freshwater mean pheno: -8.68296
-------------------------------
Output1 for generation 9300:

Oceanic mean pheno: 9.26161
Freshwater mean pheno: -8.77544
-------------------------------
Output1 for generation 9400:

Oceanic mean pheno: 8.63049
Freshwater mean pheno: -8.84862
-------------------------------
Output1 for generation 9500:

Oceanic mean pheno: 8.88766
Freshwater mean pheno: -8.49026
-------------------------------
Output1 for generation 9600:

Oceanic mean pheno: 8.83205
Freshwater mean pheno: -8.71204
-------------------------------
Output1 for generation 9700:

Oceanic mean pheno: 9.02765
Freshwater mean pheno: -8.47598
-------------------------------
Output1 for generation 9800:

Oceanic mean pheno: 9.32953
Freshwater mean pheno: -8.75844
-------------------------------
Output1 for generation 9900:

Oceanic mean pheno: 9.17158
Freshwater mean pheno: -8.95544
-------------------------------
Output1 for generation 10000:

Oceanic mean pheno: 8.88014
Freshwater mean pheno: -9.12662
-------------------------------
Output1 for generation 10100:

Oceanic mean pheno: 9.50177
Freshwater mean pheno: -9.06468
-------------------------------
Output1 for generation 10200:

Oceanic mean pheno: 9.08464
Freshwater mean pheno: -8.67954
-------------------------------
Output1 for generation 10300:

Oceanic mean pheno: 9.22726
Freshwater mean pheno: -9.07536
-------------------------------
Output1 for generation 10400:

Oceanic mean pheno: 9.07763
Freshwater mean pheno: -8.79355
-------------------------------
Output1 for generation 10500:

Oceanic mean pheno: 9.13012
Freshwater mean pheno: -9.09519
-------------------------------
Output1 for generation 10600:

Oceanic mean pheno: 9.79972
Freshwater mean pheno: -8.87702
-------------------------------
Output1 for generation 10700:

Oceanic mean pheno: 8.81217
Freshwater mean pheno: -9.12886
-------------------------------
Output1 for generation 10800:

Oceanic mean pheno: 8.96914
Freshwater mean pheno: -8.99909
-------------------------------
Output1 for generation 10900:

Oceanic mean pheno: 8.71697
Freshwater mean pheno: -8.83797
-------------------------------
Output1 for generation 11000:

Oceanic mean pheno: 9.07081
Freshwater mean pheno: -9.12196
-------------------------------
Output1 for generation 11100:

Oceanic mean pheno: 9.14389
Freshwater mean pheno: -8.86493
-------------------------------
Output1 for generation 11200:

Oceanic mean pheno: 9.2389
Freshwater mean pheno: -8.61679
-------------------------------
Output1 for generation 11300:

Oceanic mean pheno: 9.23537
Freshwater mean pheno: -9.04364
-------------------------------
Output1 for generation 11400:

Oceanic mean pheno: 9.13791
Freshwater mean pheno: -8.57841
-------------------------------
Output1 for generation 11500:

Oceanic mean pheno: 9.63655
Freshwater mean pheno: -9.09463
-------------------------------
Output1 for generation 11600:

Oceanic mean pheno: 9.0638
Freshwater mean pheno: -9.14862
-------------------------------
Output1 for generation 11700:

Oceanic mean pheno: 9.21127
Freshwater mean pheno: -8.93557
-------------------------------
Output1 for generation 11800:

Oceanic mean pheno: 9.19999
Freshwater mean pheno: -9.13644
-------------------------------
Output1 for generation 11900:

Oceanic mean pheno: 9.01797
Freshwater mean pheno: -9.2497
-------------------------------
Output1 for generation 12000:

Oceanic mean pheno: 9.12735
Freshwater mean pheno: -8.8688
-------------------------------
Output1 for generation 12100:

Oceanic mean pheno: 9.3746
Freshwater mean pheno: -8.73841
-------------------------------
Output1 for generation 12200:

Oceanic mean pheno: 9.73238
Freshwater mean pheno: -9.09284
-------------------------------
Output1 for generation 12300:

Oceanic mean pheno: 9.74212
Freshwater mean pheno: -8.79636
-------------------------------
Output1 for generation 12400:

Oceanic mean pheno: 9.22671
Freshwater mean pheno: -8.87868
-------------------------------
Output1 for generation 12500:

Oceanic mean pheno: 9.19217
Freshwater mean pheno: -8.72031
-------------------------------
Output1 for generation 12600:

Oceanic mean pheno: 9.48551
Freshwater mean pheno: -8.60362
-------------------------------
Output1 for generation 12700:

Oceanic mean pheno: 9.5543
Freshwater mean pheno: -9.08111
-------------------------------
Output1 for generation 12800:

Oceanic mean pheno: 9.45571
Freshwater mean pheno: -9.12923
-------------------------------
Output1 for generation 12900:

Oceanic mean pheno: 9.48246
Freshwater mean pheno: -8.69908
-------------------------------
Output1 for generation 13000:

Oceanic mean pheno: 9.22425
Freshwater mean pheno: -8.61446
-------------------------------
Output1 for generation 13100:

Oceanic mean pheno: 9.19164
Freshwater mean pheno: -8.75982
-------------------------------
Output1 for generation 13200:

Oceanic mean pheno: 9.11844
Freshwater mean pheno: -8.62852
-------------------------------
Output1 for generation 13300:

Oceanic mean pheno: 9.31721
Freshwater mean pheno: -8.8608
-------------------------------
Output1 for generation 13400:

Oceanic mean pheno: 9.07809
Freshwater mean pheno: -8.36835
-------------------------------
Output1 for generation 13500:

Oceanic mean pheno: 9.57772
Freshwater mean pheno: -8.83783
-------------------------------
Output1 for generation 13600:

Oceanic mean pheno: 9.40344
Freshwater mean pheno: -9.1202
-------------------------------
Output1 for generation 13700:

Oceanic mean pheno: 9.16287
Freshwater mean pheno: -8.71241
-------------------------------
Output1 for generation 13800:

Oceanic mean pheno: 9.50946
Freshwater mean pheno: -8.7172
-------------------------------
Output1 for generation 13900:

Oceanic mean pheno: 9.53098
Freshwater mean pheno: -8.84743
-------------------------------
Output1 for generation 14000:

Oceanic mean pheno: 8.76686
Freshwater mean pheno: -8.57701
-------------------------------
Output1 for generation 14100:

Oceanic mean pheno: 9.30991
Freshwater mean pheno: -9.25221
-------------------------------
Output1 for generation 14200:

Oceanic mean pheno: 8.93494
Freshwater mean pheno: -8.74806
-------------------------------
Output1 for generation 14300:

Oceanic mean pheno: 9.22829
Freshwater mean pheno: -8.71291
-------------------------------
Output1 for generation 14400:

Oceanic mean pheno: 8.82093
Freshwater mean pheno: -8.80476
-------------------------------
Output1 for generation 14500:

Oceanic mean pheno: 9.40481
Freshwater mean pheno: -8.41863
-------------------------------
Output1 for generation 14600:

Oceanic mean pheno: 9.51293
Freshwater mean pheno: -8.33712
-------------------------------
Output1 for generation 14700:

Oceanic mean pheno: 9.3909
Freshwater mean pheno: -8.49444
-------------------------------
Output1 for generation 14800:

Oceanic mean pheno: 9.49617
Freshwater mean pheno: -9.03083
-------------------------------
Output1 for generation 14900:

Oceanic mean pheno: 9.2638
Freshwater mean pheno: -8.6365
-------------------------------
Output1 for generation 15000:

Oceanic mean pheno: 9.42287
Freshwater mean pheno: -8.64297
-------------------------------
Output1 for generation 15100:

Oceanic mean pheno: 10.5036
Freshwater mean pheno: -9.69769
-------------------------------
Output1 for generation 15200:

Oceanic mean pheno: 10.5999
Freshwater mean pheno: -9.80009
-------------------------------
Output1 for generation 15300:

Oceanic mean pheno: 10.5955
Freshwater mean pheno: -10.0368
-------------------------------
Output1 for generation 15400:

Oceanic mean pheno: 10.4015
Freshwater mean pheno: -9.99411
-------------------------------
Output1 for generation 15500:

Oceanic mean pheno: 10.3555
Freshwater mean pheno: -10.2428
-------------------------------
Output1 for generation 15600:

Oceanic mean pheno: 10.086
Freshwater mean pheno: -10.2464
-------------------------------
Output1 for generation 15700:

Oceanic mean pheno: 10.1723
Freshwater mean pheno: -10.3247
-------------------------------
Output1 for generation 15800:

Oceanic mean pheno: 10.478
Freshwater mean pheno: -10.3835
-------------------------------
Output1 for generation 15900:

Oceanic mean pheno: 10.2252
Freshwater mean pheno: -10.4218
-------------------------------
Output1 for generation 16000:

Oceanic mean pheno: 9.82759
Freshwater mean pheno: -10.4626
-------------------------------
Output1 for generation 16100:

Oceanic mean pheno: 9.86675
Freshwater mean pheno: -10.4404
-------------------------------
Output1 for generation 16200:

Oceanic mean pheno: 10.0307
Freshwater mean pheno: -10.377
-------------------------------
Output1 for generation 16300:

Oceanic mean pheno: 10.0129
Freshwater mean pheno: -10.3039
-------------------------------
Output1 for generation 16400:

Oceanic mean pheno: 10.3766
Freshwater mean pheno: -10.2312
-------------------------------
Output1 for generation 16500:

Oceanic mean pheno: 10.4658
Freshwater mean pheno: -10.2948
-------------------------------
Output1 for generation 16600:

Oceanic mean pheno: 10.6448
Freshwater mean pheno: -10.3681
-------------------------------
Output1 for generation 16700:

Oceanic mean pheno: 10.1427
Freshwater mean pheno: -10.2588
-------------------------------
Output1 for generation 16800:

Oceanic mean pheno: 10.2208
Freshwater mean pheno: -10.241
-------------------------------
Output1 for generation 16900:

Oceanic mean pheno: 9.82935
Freshwater mean pheno: -10.1897
-------------------------------
Output1 for generation 17000:

Oceanic mean pheno: 9.69439
Freshwater mean pheno: -10.2298
-------------------------------
Output1 for generation 17100:

Oceanic mean pheno: 9.67989
Freshwater mean pheno: -10.2308
-------------------------------
Output1 for generation 17200:

Oceanic mean pheno: 9.80632
Freshwater mean pheno: -10.3062
-------------------------------
Output1 for generation 17300:

Oceanic mean pheno: 9.80784
Freshwater mean pheno: -10.2977
-------------------------------
Output1 for generation 17400:

Oceanic mean pheno: 9.78363
Freshwater mean pheno: -10.3006
-------------------------------
Output1 for generation 17500:

Oceanic mean pheno: 9.67116
Freshwater mean pheno: -10.3327
-------------------------------
Output1 for generation 17600:

Oceanic mean pheno: 9.66938
Freshwater mean pheno: -10.4093
-------------------------------
Output1 for generation 17700:

Oceanic mean pheno: 9.75942
Freshwater mean pheno: -10.4717
-------------------------------
Output1 for generation 17800:

Oceanic mean pheno: 9.69707
Freshwater mean pheno: -10.4979
-------------------------------
Output1 for generation 17900:

Oceanic mean pheno: 9.60654
Freshwater mean pheno: -10.4865
-------------------------------
Output1 for generation 18000:

Oceanic mean pheno: 9.6133
Freshwater mean pheno: -10.4883
-------------------------------
Output1 for generation 18100:

Oceanic mean pheno: 9.64532
Freshwater mean pheno: -10.4703
-------------------------------
Output1 for generation 18200:

Oceanic mean pheno: 9.58003
Freshwater mean pheno: -10.4477
-------------------------------
Output1 for generation 18300:

Oceanic mean pheno: 9.55328
Freshwater mean pheno: -10.4657
-------------------------------
Output1 for generation 18400:

Oceanic mean pheno: 9.60007
Freshwater mean pheno: -10.4501
-------------------------------
Output1 for generation 18500:

Oceanic mean pheno: 9.53175
Freshwater mean pheno: -10.4514
-------------------------------
Output1 for generation 18600:

Oceanic mean pheno: 9.42683
Freshwater mean pheno: -10.4802
-------------------------------
Output1 for generation 18700:

Oceanic mean pheno: 9.468
Freshwater mean pheno: -10.4638
-------------------------------
Output1 for generation 18800:

Oceanic mean pheno: 9.57581
Freshwater mean pheno: -10.431
-------------------------------
Output1 for generation 18900:

Oceanic mean pheno: 9.60135
Freshwater mean pheno: -10.4589
-------------------------------
Output1 for generation 19000:

Oceanic mean pheno: 9.49639
Freshwater mean pheno: -10.4663
-------------------------------
Output1 for generation 19100:

Oceanic mean pheno: 9.41941
Freshwater mean pheno: -10.4276
-------------------------------
Output1 for generation 19200:

Oceanic mean pheno: 9.3871
Freshwater mean pheno: -10.4703
-------------------------------
Output1 for generation 19300:

Oceanic mean pheno: 9.35073
Freshwater mean pheno: -10.4414
-------------------------------
Output1 for generation 19400:

Oceanic mean pheno: 9.47256
Freshwater mean pheno: -10.4592
-------------------------------
Output1 for generation 19500:

Oceanic mean pheno: 9.57396
Freshwater mean pheno: -10.447
-------------------------------
Output1 for generation 19600:

Oceanic mean pheno: 9.69457
Freshwater mean pheno: -10.4419
-------------------------------
Output1 for generation 19700:

Oceanic mean pheno: 9.80639
Freshwater mean pheno: -10.4713
-------------------------------
Output1 for generation 19800:

Oceanic mean pheno: 9.71878
Freshwater mean pheno: -10.478
-------------------------------
Output1 for generation 19900:

Oceanic mean pheno: 9.5786
Freshwater mean pheno: -10.4748
-------------------------------
Output1 for generation 20000:

Oceanic mean pheno: 9.63385
Freshwater mean pheno: -10.4816
new Freshwater mean pheno: 9.63702
-------------------------------
Output1 for generation 20100:

Oceanic mean pheno: 9.55367
Freshwater mean pheno: -10.4803
new Freshwater mean pheno: 8.64045
-------------------------------
Output1 for generation 20200:

Oceanic mean pheno: 9.66186
Freshwater mean pheno: -10.4699
new Freshwater mean pheno: 8.55092
-------------------------------
Output1 for generation 20300:

Oceanic mean pheno: 9.59458
Freshwater mean pheno: -10.4771
new Freshwater mean pheno: 8.51712
-------------------------------
Output1 for generation 20400:

Oceanic mean pheno: 9.53172
Freshwater mean pheno: -10.4772
new Freshwater mean pheno: 8.40159
-------------------------------
Output1 for generation 20500:

Oceanic mean pheno: 9.53775
Freshwater mean pheno: -10.483
new Freshwater mean pheno: 8.33671
-------------------------------
Output1 for generation 20600:

Oceanic mean pheno: 9.52966
Freshwater mean pheno: -10.4805
new Freshwater mean pheno: 8.28781
-------------------------------
Output1 for generation 20700:

Oceanic mean pheno: 9.52683
Freshwater mean pheno: -10.4633
new Freshwater mean pheno: 8.27874
-------------------------------
Output1 for generation 20800:

Oceanic mean pheno: 9.5641
Freshwater mean pheno: -10.4272
new Freshwater mean pheno: 8.08656
-------------------------------
Output1 for generation 20900:

Oceanic mean pheno: 9.55316
Freshwater mean pheno: -10.4485
new Freshwater mean pheno: 8.0284
-------------------------------
Output1 for generation 21000:

Oceanic mean pheno: 9.55405
Freshwater mean pheno: -10.4353
new Freshwater mean pheno: 8.02312
-------------------------------
Output1 for generation 21100:

Oceanic mean pheno: 9.58533
Freshwater mean pheno: -10.4856
new Freshwater mean pheno: 8.04529
-------------------------------
Output1 for generation 21200:

Oceanic mean pheno: 9.59424
Freshwater mean pheno: -10.4936
new Freshwater mean pheno: 8.00554
-------------------------------
Output1 for generation 21300:

Oceanic mean pheno: 9.59123
Freshwater mean pheno: -10.4907
new Freshwater mean pheno: 8.01823
-------------------------------
Output1 for generation 21400:

Oceanic mean pheno: 9.57936
Freshwater mean pheno: -10.4872
new Freshwater mean pheno: 8.0088
-------------------------------
Output1 for generation 21500:

Oceanic mean pheno: 9.53015
Freshwater mean pheno: -10.4851
new Freshwater mean pheno: 8.00176
-------------------------------
Output1 for generation 21600:

Oceanic mean pheno: 9.44028
Freshwater mean pheno: -10.4974
new Freshwater mean pheno: 8.02374
-------------------------------
Output1 for generation 21700:

Oceanic mean pheno: 9.5689
Freshwater mean pheno: -10.5268
new Freshwater mean pheno: 7.77886
-------------------------------
Output1 for generation 21800:

Oceanic mean pheno: 9.57254
Freshwater mean pheno: -10.472
new Freshwater mean pheno: 7.79953
-------------------------------
Output1 for generation 21900:

Oceanic mean pheno: 9.67764
Freshwater mean pheno: -10.478
new Freshwater mean pheno: 7.78986
-------------------------------
Output1 for generation 22000:

Oceanic mean pheno: 9.83672
Freshwater mean pheno: -10.5085
new Freshwater mean pheno: 7.65141
-------------------------------
Output1 for generation 22100:

Oceanic mean pheno: 9.7414
Freshwater mean pheno: -10.413
new Freshwater mean pheno: 7.66188
-------------------------------
Output1 for generation 22200:

Oceanic mean pheno: 9.77045
Freshwater mean pheno: -10.4151
new Freshwater mean pheno: 7.69403
-------------------------------
Output1 for generation 22300:

Oceanic mean pheno: 9.7355
Freshwater mean pheno: -10.4331
new Freshwater mean pheno: 7.60469
-------------------------------
Output1 for generation 22400:

Oceanic mean pheno: 9.71652
Freshwater mean pheno: -10.3967
new Freshwater mean pheno: 7.67058
-------------------------------
Output1 for generation 22500:

Oceanic mean pheno: 9.7135
Freshwater mean pheno: -10.403
new Freshwater mean pheno: 7.65755
-------------------------------
Output1 for generation 22600:

Oceanic mean pheno: 9.71444
Freshwater mean pheno: -10.3729
new Freshwater mean pheno: 7.54616
-------------------------------
Output1 for generation 22700:

Oceanic mean pheno: 9.6341
Freshwater mean pheno: -10.4197
new Freshwater mean pheno: 7.47905
-------------------------------
Output1 for generation 22800:

Oceanic mean pheno: 9.62962
Freshwater mean pheno: -10.391
new Freshwater mean pheno: 7.49884
-------------------------------
Output1 for generation 22900:

Oceanic mean pheno: 9.67836
Freshwater mean pheno: -10.382
new Freshwater mean pheno: 7.249
-------------------------------
Output1 for generation 23000:

Oceanic mean pheno: 9.81506
Freshwater mean pheno: -10.3827
new Freshwater mean pheno: 7.15325
-------------------------------
Output1 for generation 23100:

Oceanic mean pheno: 9.83171
Freshwater mean pheno: -10.3876
new Freshwater mean pheno: 7.19813
-------------------------------
Output1 for generation 23200:

Oceanic mean pheno: 9.99328
Freshwater mean pheno: -10.4002
new Freshwater mean pheno: 7.14747
-------------------------------
Output1 for generation 23300:

Oceanic mean pheno: 10.0211
Freshwater mean pheno: -10.3808
new Freshwater mean pheno: 7.07682
-------------------------------
Output1 for generation 23400:

Oceanic mean pheno: 9.99996
Freshwater mean pheno: -10.3878
new Freshwater mean pheno: 6.9757
-------------------------------
Output1 for generation 23500:

Oceanic mean pheno: 9.94879
Freshwater mean pheno: -10.3278
new Freshwater mean pheno: 7.03836
-------------------------------
Output1 for generation 23600:

Oceanic mean pheno: 10.0198
Freshwater mean pheno: -10.3996
new Freshwater mean pheno: 7.00666
-------------------------------
Output1 for generation 23700:

Oceanic mean pheno: 9.94054
Freshwater mean pheno: -10.3744
new Freshwater mean pheno: 7.07972
-------------------------------
Output1 for generation 23800:

Oceanic mean pheno: 9.94822
Freshwater mean pheno: -10.3898
new Freshwater mean pheno: 7.05411
-------------------------------
Output1 for generation 23900:

Oceanic mean pheno: 9.81478
Freshwater mean pheno: -10.3743
new Freshwater mean pheno: 7.13351
-------------------------------
Output1 for generation 24000:

Oceanic mean pheno: 9.89784
Freshwater mean pheno: -10.3644
new Freshwater mean pheno: 7.05186
-------------------------------
Output1 for generation 24100:

Oceanic mean pheno: 9.8202
Freshwater mean pheno: -10.353
new Freshwater mean pheno: 7.08727
-------------------------------
Output1 for generation 24200:

Oceanic mean pheno: 9.95423
Freshwater mean pheno: -10.3662
new Freshwater mean pheno: 6.89759
-------------------------------
Output1 for generation 24300:

Oceanic mean pheno: 10.0491
Freshwater mean pheno: -10.3388
new Freshwater mean pheno: 6.64637
-------------------------------
Output1 for generation 24400:

Oceanic mean pheno: 10.1393
Freshwater mean pheno: -10.3064
new Freshwater mean pheno: 6.62324
-------------------------------
Output1 for generation 24500:

Oceanic mean pheno: 10.104
Freshwater mean pheno: -10.3246
new Freshwater mean pheno: 6.54862
-------------------------------
Output1 for generation 24600:

Oceanic mean pheno: 10.027
Freshwater mean pheno: -10.3205
new Freshwater mean pheno: 6.56836
-------------------------------
Output1 for generation 24700:

Oceanic mean pheno: 10.0524
Freshwater mean pheno: -10.3066
new Freshwater mean pheno: 6.58965
-------------------------------
Output1 for generation 24800:

Oceanic mean pheno: 10.0313
Freshwater mean pheno: -10.3366
new Freshwater mean pheno: 6.55192
-------------------------------
Output1 for generation 24900:

Oceanic mean pheno: 10.0873
Freshwater mean pheno: -10.3413
new Freshwater mean pheno: 6.51064
-------------------------------
Output1 for generation 25000:

Oceanic mean pheno: 10.0507
Freshwater mean pheno: -10.3382
new Freshwater mean pheno: 6.58217
-------------------------------
Output1 for generation 25100:

Oceanic mean pheno: 9.96941
Freshwater mean pheno: -10.317
new Freshwater mean pheno: 6.56448
-------------------------------
Output1 for generation 25200:

Oceanic mean pheno: 10.0339
Freshwater mean pheno: -10.3388
new Freshwater mean pheno: 6.52398
-------------------------------
Output1 for generation 25300:

Oceanic mean pheno: 10.0706
Freshwater mean pheno: -10.3473
new Freshwater mean pheno: 6.11713
-------------------------------
Output1 for generation 25400:

Oceanic mean pheno: 10.1417
Freshwater mean pheno: -10.3287
new Freshwater mean pheno: 6.0275
-------------------------------
Output1 for generation 25500:

Oceanic mean pheno: 10.1607
Freshwater mean pheno: -10.3364
new Freshwater mean pheno: 6.02188
-------------------------------
Output1 for generation 25600:

Oceanic mean pheno: 10.1963
Freshwater mean pheno: -10.2959
new Freshwater mean pheno: 5.86635
-------------------------------
Output1 for generation 25700:

Oceanic mean pheno: 10.0457
Freshwater mean pheno: -10.3424
new Freshwater mean pheno: 5.83279
-------------------------------
Output1 for generation 25800:

Oceanic mean pheno: 9.97356
Freshwater mean pheno: -10.3287
new Freshwater mean pheno: 5.63039
-------------------------------
Output1 for generation 25900:

Oceanic mean pheno: 9.91061
Freshwater mean pheno: -10.3473
new Freshwater mean pheno: 5.56462
-------------------------------
Output1 for generation 26000:

Oceanic mean pheno: 10.0222
Freshwater mean pheno: -10.3337
new Freshwater mean pheno: 5.52123
-------------------------------
Output1 for generation 26100:

Oceanic mean pheno: 9.89425
Freshwater mean pheno: -10.3151
new Freshwater mean pheno: 5.59569
-------------------------------
Output1 for generation 26200:

Oceanic mean pheno: 9.81855
Freshwater mean pheno: -10.3155
new Freshwater mean pheno: 5.51934
-------------------------------
Output1 for generation 26300:

Oceanic mean pheno: 9.80023
Freshwater mean pheno: -10.354
new Freshwater mean pheno: 5.53502
-------------------------------
Output1 for generation 26400:

Oceanic mean pheno: 9.76011
Freshwater mean pheno: -10.341
new Freshwater mean pheno: 5.63267
-------------------------------
Output1 for generation 26500:

Oceanic mean pheno: 9.86044
Freshwater mean pheno: -10.2994
new Freshwater mean pheno: 5.49629
-------------------------------
Output1 for generation 26600:

Oceanic mean pheno: 9.78391
Freshwater mean pheno: -10.3153
new Freshwater mean pheno: 5.46539
-------------------------------
Output1 for generation 26700:

Oceanic mean pheno: 9.90867
Freshwater mean pheno: -10.3105
new Freshwater mean pheno: 5.49563
-------------------------------
Output1 for generation 26800:

Oceanic mean pheno: 9.86792
Freshwater mean pheno: -10.3139
new Freshwater mean pheno: 5.44037
-------------------------------
Output1 for generation 26900:

Oceanic mean pheno: 9.96886
Freshwater mean pheno: -10.329
new Freshwater mean pheno: 5.4609
-------------------------------
Output1 for generation 27000:

Oceanic mean pheno: 9.95392
Freshwater mean pheno: -10.3339
new Freshwater mean pheno: 5.32493
-------------------------------
Output1 for generation 27100:

Oceanic mean pheno: 9.78713
Freshwater mean pheno: -10.3756
new Freshwater mean pheno: 5.51657
-------------------------------
Output1 for generation 27200:

Oceanic mean pheno: 9.75193
Freshwater mean pheno: -10.3921
new Freshwater mean pheno: 5.14645
-------------------------------
Output1 for generation 27300:

Oceanic mean pheno: 9.68277
Freshwater mean pheno: -10.3799
new Freshwater mean pheno: 5.19924
-------------------------------
Output1 for generation 27400:

Oceanic mean pheno: 9.64599
Freshwater mean pheno: -10.3826
new Freshwater mean pheno: 5.03876
-------------------------------
Output1 for generation 27500:

Oceanic mean pheno: 9.6534
Freshwater mean pheno: -10.3813
new Freshwater mean pheno: 5.28087
-------------------------------
Output1 for generation 27600:

Oceanic mean pheno: 9.66653
Freshwater mean pheno: -10.3671
new Freshwater mean pheno: 5.07215
-------------------------------
Output1 for generation 27700:

Oceanic mean pheno: 9.64001
Freshwater mean pheno: -10.3557
new Freshwater mean pheno: 4.76278
-------------------------------
Output1 for generation 27800:

Oceanic mean pheno: 9.63057
Freshwater mean pheno: -10.3713
new Freshwater mean pheno: 4.65795
-------------------------------
Output1 for generation 27900:

Oceanic mean pheno: 9.61379
Freshwater mean pheno: -10.381
new Freshwater mean pheno: 4.6197
-------------------------------
Output1 for generation 28000:

Oceanic mean pheno: 9.61801
Freshwater mean pheno: -10.3943
new Freshwater mean pheno: 4.62648
-------------------------------
Output1 for generation 28100:

Oceanic mean pheno: 9.60383
Freshwater mean pheno: -10.3897
new Freshwater mean pheno: 4.66979
-------------------------------
Output1 for generation 28200:

Oceanic mean pheno: 9.64427
Freshwater mean pheno: -10.3218
new Freshwater mean pheno: 4.69533
-------------------------------
Output1 for generation 28300:

Oceanic mean pheno: 9.63659
Freshwater mean pheno: -10.3343
new Freshwater mean pheno: 4.6454
-------------------------------
Output1 for generation 28400:

Oceanic mean pheno: 9.6211
Freshwater mean pheno: -10.3281
new Freshwater mean pheno: 4.61341
-------------------------------
Output1 for generation 28500:

Oceanic mean pheno: 9.63717
Freshwater mean pheno: -10.3429
new Freshwater mean pheno: 4.60083
-------------------------------
Output1 for generation 28600:

Oceanic mean pheno: 9.6494
Freshwater mean pheno: -10.334
new Freshwater mean pheno: 4.61191
-------------------------------
Output1 for generation 28700:

Oceanic mean pheno: 9.64463
Freshwater mean pheno: -10.3288
new Freshwater mean pheno: 4.46269
-------------------------------
Output1 for generation 28800:

Oceanic mean pheno: 9.65366
Freshwater mean pheno: -10.3121
new Freshwater mean pheno: 4.56663
-------------------------------
Output1 for generation 28900:

Oceanic mean pheno: 9.65605
Freshwater mean pheno: -10.3317
new Freshwater mean pheno: 4.522
-------------------------------
Output1 for generation 29000:

Oceanic mean pheno: 9.69015
Freshwater mean pheno: -10.3185
new Freshwater mean pheno: 4.34832
-------------------------------
Output1 for generation 29100:

Oceanic mean pheno: 9.74893
Freshwater mean pheno: -10.2972
new Freshwater mean pheno: 4.44395
-------------------------------
Output1 for generation 29200:

Oceanic mean pheno: 9.72567
Freshwater mean pheno: -10.3038
new Freshwater mean pheno: 4.40327
-------------------------------
Output1 for generation 29300:

Oceanic mean pheno: 9.77575
Freshwater mean pheno: -10.2981
new Freshwater mean pheno: 4.33211
-------------------------------
Output1 for generation 29400:

Oceanic mean pheno: 9.78618
Freshwater mean pheno: -10.3081
new Freshwater mean pheno: 4.28224
-------------------------------
Output1 for generation 29500:

Oceanic mean pheno: 9.77249
Freshwater mean pheno: -10.3421
new Freshwater mean pheno: 4.29742
-------------------------------
Output1 for generation 29600:

Oceanic mean pheno: 9.72292
Freshwater mean pheno: -10.317
new Freshwater mean pheno: 4.35839
-------------------------------
Output1 for generation 29700:

Oceanic mean pheno: 9.68557
Freshwater mean pheno: -10.3486
new Freshwater mean pheno: 4.43667
-------------------------------
Output1 for generation 29800:

Oceanic mean pheno: 9.65197
Freshwater mean pheno: -10.3255
new Freshwater mean pheno: 4.36599
-------------------------------
Output1 for generation 29900:

Oceanic mean pheno: 9.65323
Freshwater mean pheno: -10.3353
new Freshwater mean pheno: 4.35241
-------------------------------
Output1 for generation 30000:

Oceanic mean pheno: 9.63609
Freshwater mean pheno: -10.3319
new Freshwater mean pheno: 4.36106
-------------------------------
Output1 for generation 30100:

Oceanic mean pheno: 9.61544
Freshwater mean pheno: -10.3378
new Freshwater mean pheno: 4.32004
-------------------------------
Output1 for generation 30200:

Oceanic mean pheno: 9.61
Freshwater mean pheno: -10.3353
new Freshwater mean pheno: 4.46942
-------------------------------
Output1 for generation 30300:

Oceanic mean pheno: 9.61686
Freshwater mean pheno: -10.321
new Freshwater mean pheno: 4.35768
-------------------------------
Output1 for generation 30400:

Oceanic mean pheno: 9.63295
Freshwater mean pheno: -10.3162
new Freshwater mean pheno: 4.26713
-------------------------------
Output1 for generation 30500:

Oceanic mean pheno: 9.63769
Freshwater mean pheno: -10.3513
new Freshwater mean pheno: 4.34576
-------------------------------
Output1 for generation 30600:

Oceanic mean pheno: 9.66303
Freshwater mean pheno: -10.3363
new Freshwater mean pheno: 4.42021
-------------------------------
Output1 for generation 30700:

Oceanic mean pheno: 9.67787
Freshwater mean pheno: -10.3245
new Freshwater mean pheno: 4.17047
-------------------------------
Output1 for generation 30800:

Oceanic mean pheno: 9.66022
Freshwater mean pheno: -10.319
new Freshwater mean pheno: 4.11859
-------------------------------
Output1 for generation 30900:

Oceanic mean pheno: 9.70108
Freshwater mean pheno: -10.2976
new Freshwater mean pheno: 4.02998
-------------------------------
Output1 for generation 31000:

Oceanic mean pheno: 9.64725
Freshwater mean pheno: -10.2997
new Freshwater mean pheno: 3.97647
-------------------------------
Output1 for generation 31100:

Oceanic mean pheno: 9.66085
Freshwater mean pheno: -10.2981
new Freshwater mean pheno: 3.73515
-------------------------------
Output1 for generation 31200:

Oceanic mean pheno: 9.66032
Freshwater mean pheno: -10.3153
new Freshwater mean pheno: 3.69512
-------------------------------
Output1 for generation 31300:

Oceanic mean pheno: 9.67289
Freshwater mean pheno: -10.3311
new Freshwater mean pheno: 3.76288
-------------------------------
Output1 for generation 31400:

Oceanic mean pheno: 9.68143
Freshwater mean pheno: -10.3389
new Freshwater mean pheno: 3.67478
-------------------------------
Output1 for generation 31500:

Oceanic mean pheno: 9.68445
Freshwater mean pheno: -10.348
new Freshwater mean pheno: 3.71075
-------------------------------
Output1 for generation 31600:

Oceanic mean pheno: 9.68278
Freshwater mean pheno: -10.3169
new Freshwater mean pheno: 3.62897
-------------------------------
Output1 for generation 31700:

Oceanic mean pheno: 9.67726
Freshwater mean pheno: -10.3359
new Freshwater mean pheno: 3.56255
-------------------------------
Output1 for generation 31800:

Oceanic mean pheno: 9.6705
Freshwater mean pheno: -10.3371
new Freshwater mean pheno: 3.26393
-------------------------------
Output1 for generation 31900:

Oceanic mean pheno: 9.66294
Freshwater mean pheno: -10.3333
new Freshwater mean pheno: 3.33244
-------------------------------
Output1 for generation 32000:

Oceanic mean pheno: 9.68458
Freshwater mean pheno: -10.3373
new Freshwater mean pheno: 3.28342
-------------------------------
Output1 for generation 32100:

Oceanic mean pheno: 9.65659
Freshwater mean pheno: -10.3558
new Freshwater mean pheno: 3.25123
-------------------------------
Output1 for generation 32200:

Oceanic mean pheno: 9.67605
Freshwater mean pheno: -10.2977
new Freshwater mean pheno: 3.06466
-------------------------------
Output1 for generation 32300:

Oceanic mean pheno: 9.6414
Freshwater mean pheno: -10.3106
new Freshwater mean pheno: 3.12883
-------------------------------
Output1 for generation 32400:

Oceanic mean pheno: 9.65519
Freshwater mean pheno: -10.3138
new Freshwater mean pheno: 3.23283
-------------------------------
Output1 for generation 32500:

Oceanic mean pheno: 9.68455
Freshwater mean pheno: -10.2886
new Freshwater mean pheno: 3.23463
-------------------------------
Output1 for generation 32600:

Oceanic mean pheno: 9.68444
Freshwater mean pheno: -10.2793
new Freshwater mean pheno: 3.19024
-------------------------------
Output1 for generation 32700:

Oceanic mean pheno: 9.67711
Freshwater mean pheno: -10.3342
new Freshwater mean pheno: 3.08471
-------------------------------
Output1 for generation 32800:

Oceanic mean pheno: 9.69028
Freshwater mean pheno: -10.2739
new Freshwater mean pheno: 3.17994
-------------------------------
Output1 for generation 32900:

Oceanic mean pheno: 9.69934
Freshwater mean pheno: -10.3046
new Freshwater mean pheno: 3.16072
-------------------------------
Output1 for generation 33000:

Oceanic mean pheno: 9.72623
Freshwater mean pheno: -10.299
new Freshwater mean pheno: 2.98131
-------------------------------
Output1 for generation 33100:

Oceanic mean pheno: 9.70058
Freshwater mean pheno: -10.3269
new Freshwater mean pheno: 2.87652
-------------------------------
Output1 for generation 33200:

Oceanic mean pheno: 9.69836
Freshwater mean pheno: -10.3309
new Freshwater mean pheno: 3.06603
-------------------------------
Output1 for generation 33300:

Oceanic mean pheno: 9.69042
Freshwater mean pheno: -10.3523
new Freshwater mean pheno: 2.81553
-------------------------------
Output1 for generation 33400:

Oceanic mean pheno: 9.65494
Freshwater mean pheno: -10.3586
new Freshwater mean pheno: 2.83669
-------------------------------
Output1 for generation 33500:

Oceanic mean pheno: 9.65675
Freshwater mean pheno: -10.3072
new Freshwater mean pheno: 2.81893
-------------------------------
Output1 for generation 33600:

Oceanic mean pheno: 9.65831
Freshwater mean pheno: -10.3147
new Freshwater mean pheno: 2.87853
-------------------------------
Output1 for generation 33700:

Oceanic mean pheno: 9.68749
Freshwater mean pheno: -10.2972
new Freshwater mean pheno: 2.82626
-------------------------------
Output1 for generation 33800:

Oceanic mean pheno: 9.66453
Freshwater mean pheno: -10.3291
new Freshwater mean pheno: 2.72926
-------------------------------
Output1 for generation 33900:

Oceanic mean pheno: 9.66637
Freshwater mean pheno: -10.2853
new Freshwater mean pheno: 2.93193
-------------------------------
Output1 for generation 34000:

Oceanic mean pheno: 9.69586
Freshwater mean pheno: -10.29
new Freshwater mean pheno: 2.8179
-------------------------------
Output1 for generation 34100:

Oceanic mean pheno: 9.6446
Freshwater mean pheno: -10.3206
new Freshwater mean pheno: 2.69306
-------------------------------
Output1 for generation 34200:

Oceanic mean pheno: 9.62058
Freshwater mean pheno: -10.2818
new Freshwater mean pheno: 2.55584
-------------------------------
Output1 for generation 34300:

Oceanic mean pheno: 9.62188
Freshwater mean pheno: -10.3011
new Freshwater mean pheno: 2.75472
-------------------------------
Output1 for generation 34400:

Oceanic mean pheno: 9.59772
Freshwater mean pheno: -10.2819
new Freshwater mean pheno: 2.75753
-------------------------------
Output1 for generation 34500:

Oceanic mean pheno: 9.63245
Freshwater mean pheno: -10.265
new Freshwater mean pheno: 2.61881
-------------------------------
Output1 for generation 34600:

Oceanic mean pheno: 9.59662
Freshwater mean pheno: -10.2693
new Freshwater mean pheno: 2.39574
-------------------------------
Output1 for generation 34700:

Oceanic mean pheno: 9.5989
Freshwater mean pheno: -10.2643
new Freshwater mean pheno: 2.18347
-------------------------------
Output1 for generation 34800:

Oceanic mean pheno: 9.60816
Freshwater mean pheno: -10.2595
new Freshwater mean pheno: 1.9733
-------------------------------
Output1 for generation 34900:

Oceanic mean pheno: 9.57282
Freshwater mean pheno: -10.2707
new Freshwater mean pheno: 2.04549
-------------------------------
Output1 for generation 35000:

Oceanic mean pheno: 9.52041
Freshwater mean pheno: -10.2428
new Freshwater mean pheno: 2.11953
-------------------------------
Output1 for generation 35100:

Oceanic mean pheno: 9.60934
Freshwater mean pheno: -10.2333
new Freshwater mean pheno: 2.04599
-------------------------------
Output1 for generation 35200:

Oceanic mean pheno: 9.62436
Freshwater mean pheno: -10.2686
new Freshwater mean pheno: 1.78757
-------------------------------
Output1 for generation 35300:

Oceanic mean pheno: 9.52097
Freshwater mean pheno: -10.2736
new Freshwater mean pheno: 1.66565
-------------------------------
Output1 for generation 35400:

Oceanic mean pheno: 9.60655
Freshwater mean pheno: -10.2927
new Freshwater mean pheno: 1.95142
-------------------------------
Output1 for generation 35500:

Oceanic mean pheno: 9.63978
Freshwater mean pheno: -10.2839
new Freshwater mean pheno: 1.74147
-------------------------------
Output1 for generation 35600:

Oceanic mean pheno: 9.50239
Freshwater mean pheno: -10.2521
new Freshwater mean pheno: 1.70442
-------------------------------
Output1 for generation 35700:

Oceanic mean pheno: 9.51125
Freshwater mean pheno: -10.2552
new Freshwater mean pheno: 1.66482
-------------------------------
Output1 for generation 35800:

Oceanic mean pheno: 9.50174
Freshwater mean pheno: -10.2388
new Freshwater mean pheno: 1.80042
-------------------------------
Output1 for generation 35900:

Oceanic mean pheno: 9.51533
Freshwater mean pheno: -10.2536
new Freshwater mean pheno: 1.82304
-------------------------------
Output1 for generation 36000:

Oceanic mean pheno: 9.54245
Freshwater mean pheno: -10.1632
new Freshwater mean pheno: 1.79702
-------------------------------
Output1 for generation 36100:

Oceanic mean pheno: 9.47732
Freshwater mean pheno: -10.2148
new Freshwater mean pheno: 1.42198
-------------------------------
Output1 for generation 36200:

Oceanic mean pheno: 9.57939
Freshwater mean pheno: -10.2229
new Freshwater mean pheno: 1.00939
-------------------------------
Output1 for generation 36300:

Oceanic mean pheno: 9.50039
Freshwater mean pheno: -10.2147
new Freshwater mean pheno: 1.13455
-------------------------------
Output1 for generation 36400:

Oceanic mean pheno: 9.43296
Freshwater mean pheno: -10.1864
new Freshwater mean pheno: 1.06658
-------------------------------
Output1 for generation 36500:

Oceanic mean pheno: 9.47117
Freshwater mean pheno: -10.242
new Freshwater mean pheno: 1.18065
-------------------------------
Output1 for generation 36600:

Oceanic mean pheno: 9.51942
Freshwater mean pheno: -10.2845
new Freshwater mean pheno: 1.12823
-------------------------------
Output1 for generation 36700:

Oceanic mean pheno: 9.41293
Freshwater mean pheno: -10.2819
new Freshwater mean pheno: 1.18571
-------------------------------
Output1 for generation 36800:

Oceanic mean pheno: 9.38512
Freshwater mean pheno: -10.246
new Freshwater mean pheno: 0.911347
-------------------------------
Output1 for generation 36900:

Oceanic mean pheno: 9.39034
Freshwater mean pheno: -10.2581
new Freshwater mean pheno: 0.959184
-------------------------------
Output1 for generation 37000:

Oceanic mean pheno: 9.43525
Freshwater mean pheno: -10.2797
new Freshwater mean pheno: 0.996992
-------------------------------
Output1 for generation 37100:

Oceanic mean pheno: 9.35796
Freshwater mean pheno: -10.3093
new Freshwater mean pheno: 1.00691
-------------------------------
Output1 for generation 37200:

Oceanic mean pheno: 9.42387
Freshwater mean pheno: -10.3221
new Freshwater mean pheno: 0.961717
-------------------------------
Output1 for generation 37300:

Oceanic mean pheno: 9.48554
Freshwater mean pheno: -10.2552
new Freshwater mean pheno: 0.898479
-------------------------------
Output1 for generation 37400:

Oceanic mean pheno: 9.52958
Freshwater mean pheno: -10.2958
new Freshwater mean pheno: 0.878325
-------------------------------
Output1 for generation 37500:

Oceanic mean pheno: 9.59151
Freshwater mean pheno: -10.2999
new Freshwater mean pheno: 0.802012
-------------------------------
Output1 for generation 37600:

Oceanic mean pheno: 9.55495
Freshwater mean pheno: -10.2606
new Freshwater mean pheno: 0.889977
-------------------------------
Output1 for generation 37700:

Oceanic mean pheno: 9.46956
Freshwater mean pheno: -10.2242
new Freshwater mean pheno: 0.965857
-------------------------------
Output1 for generation 37800:

Oceanic mean pheno: 9.60932
Freshwater mean pheno: -10.2531
new Freshwater mean pheno: 0.794561
-------------------------------
Output1 for generation 37900:

Oceanic mean pheno: 9.61658
Freshwater mean pheno: -10.2739
new Freshwater mean pheno: 0.910274
-------------------------------
Output1 for generation 38000:

Oceanic mean pheno: 9.63074
Freshwater mean pheno: -10.2581
new Freshwater mean pheno: 0.824022
-------------------------------
Output1 for generation 38100:

Oceanic mean pheno: 9.59434
Freshwater mean pheno: -10.2524
new Freshwater mean pheno: 0.806337
-------------------------------
Output1 for generation 38200:

Oceanic mean pheno: 9.62367
Freshwater mean pheno: -10.2679
new Freshwater mean pheno: 0.816684
-------------------------------
Output1 for generation 38300:

Oceanic mean pheno: 9.63253
Freshwater mean pheno: -10.2718
new Freshwater mean pheno: 1.01035
-------------------------------
Output1 for generation 38400:

Oceanic mean pheno: 9.63543
Freshwater mean pheno: -10.2612
new Freshwater mean pheno: 0.852641
-------------------------------
Output1 for generation 38500:

Oceanic mean pheno: 9.63576
Freshwater mean pheno: -10.287
new Freshwater mean pheno: 0.77426
-------------------------------
Output1 for generation 38600:

Oceanic mean pheno: 9.63768
Freshwater mean pheno: -10.2335
new Freshwater mean pheno: 0.653165
-------------------------------
Output1 for generation 38700:

Oceanic mean pheno: 9.6364
Freshwater mean pheno: -10.2685
new Freshwater mean pheno: 0.729164
-------------------------------
Output1 for generation 38800:

Oceanic mean pheno: 9.63669
Freshwater mean pheno: -10.2428
new Freshwater mean pheno: 0.612693
-------------------------------
Output1 for generation 38900:

Oceanic mean pheno: 9.6364
Freshwater mean pheno: -10.2632
new Freshwater mean pheno: 0.557882
-------------------------------
Output1 for generation 39000:

Oceanic mean pheno: 9.64038
Freshwater mean pheno: -10.2626
new Freshwater mean pheno: 0.668142
-------------------------------
Output1 for generation 39100:

Oceanic mean pheno: 9.65051
Freshwater mean pheno: -10.2468
new Freshwater mean pheno: 0.56152
-------------------------------
Output1 for generation 39200:

Oceanic mean pheno: 9.63752
Freshwater mean pheno: -10.273
new Freshwater mean pheno: 0.576875
-------------------------------
Output1 for generation 39300:

Oceanic mean pheno: 9.63692
Freshwater mean pheno: -10.2685
new Freshwater mean pheno: 0.415768
-------------------------------
Output1 for generation 39400:

Oceanic mean pheno: 9.63719
Freshwater mean pheno: -10.2318
new Freshwater mean pheno: 0.435737
-------------------------------
Output1 for generation 39500:

Oceanic mean pheno: 9.6364
Freshwater mean pheno: -10.2568
new Freshwater mean pheno: 0.306434
-------------------------------
Output1 for generation 39600:

Oceanic mean pheno: 9.67291
Freshwater mean pheno: -10.2476
new Freshwater mean pheno: 0.485351
-------------------------------
Output1 for generation 39700:

Oceanic mean pheno: 9.63967
Freshwater mean pheno: -10.2644
new Freshwater mean pheno: 0.428428
-------------------------------
Output1 for generation 39800:

Oceanic mean pheno: 9.64766
Freshwater mean pheno: -10.2501
new Freshwater mean pheno: 0.409041
-------------------------------
Output1 for generation 39900:

Oceanic mean pheno: 9.63681
Freshwater mean pheno: -10.2619
new Freshwater mean pheno: 0.480228
-------------------------------
Output1 for generation 40000:

Oceanic mean pheno: 9.63649
Freshwater mean pheno: -10.2561
new Freshwater mean pheno: 0.487014
elapsed: 3:39:59 / kernel: 5.34 / user: 13200.80 / mem: 283024
Done!
