Task ID  - seed 011651
Parameters for SLiM run:
  -s 011651 MyRecipe2_2_8.E
// Initial random seed:
1506155135591

// RunInitializeCallbacks():
initializeSLiMOptions(dimensionality = 'x');
initializeMutationRate(1e-07);
initializeMutationType(1, 0.5, "g", 0.5, 1);
initializeMutationType(2, 0.5, "g", -0.5, 1);
initializeMutationType(3, 0.5, "f", 0);
initializeMutationType(4, 0.5, "f", 0);
initializeGenomicElementType(1, m3, 1);
initializeGenomicElementType(2, c(m1, m2, m3), c(1, 1, 1));
initializeGenomicElement(g1, 0, 4949);
initializeGenomicElement(g2, 4950, 5049);
initializeGenomicElement(g1, 5050, 9999);
initializeGenomicElement(g1, 10000, 14949);
initializeGenomicElement(g2, 14950, 15049);
initializeGenomicElement(g1, 15050, 19999);
initializeGenomicElement(g1, 20000, 24949);
initializeGenomicElement(g2, 24950, 25049);
initializeGenomicElement(g1, 25050, 29999);
initializeGenomicElement(g1, 30000, 34949);
initializeGenomicElement(g2, 34950, 35049);
initializeGenomicElement(g1, 35050, 39999);
initializeGenomicElement(g1, 40000, 44949);
initializeGenomicElement(g2, 44950, 45049);
initializeGenomicElement(g1, 45050, 49999);
initializeGenomicElement(g1, 50000, 54949);
initializeGenomicElement(g2, 54950, 55049);
initializeGenomicElement(g1, 55050, 59999);
initializeGenomicElement(g1, 60000, 64949);
initializeGenomicElement(g2, 64950, 65049);
initializeGenomicElement(g1, 65050, 69999);
initializeGenomicElement(g1, 70000, 74949);
initializeGenomicElement(g2, 74950, 75049);
initializeGenomicElement(g1, 75050, 79999);
initializeGenomicElement(g1, 80000, 84949);
initializeGenomicElement(g2, 84950, 85049);
initializeGenomicElement(g1, 85050, 89999);
initializeGenomicElement(g1, 90000, 94949);
initializeGenomicElement(g2, 94950, 95049);
initializeGenomicElement(g1, 95050, 99999);
end of chromosome position: 100000
initializeRecombinationRate(0.001);
initializeInteractionType(1, "x", reciprocal=T", maxDistance=0.02);
initializeInteractionType(2, "x", reciprocal=T", maxDistance=1);

// Starting run at generation <start>:
1 

-------------------------------
Output1 for generation 1:

Oceanic mean pheno: 2.12872
Freshwater mean pheno: 2.05373
mean Ocean/Fresh Fst: 0.000142369
mean Ocean/Fresh Fst (Neutral mutations only): 0.000131299
mean Ocean/Fresh Fst (Effect mutations only): 0.000147976
between lakes Fst: 0.00220501
between Marine Regions Fst: 0.00212616
-------------------------------
Output1 for generation 101:

Oceanic mean pheno: 9.88935
Freshwater mean pheno: -9.63943
mean Ocean/Fresh Fst: 0.00813772
mean Ocean/Fresh Fst (Neutral mutations only): 0.00148232
mean Ocean/Fresh Fst (Effect mutations only): 0.0629816
between lakes Fst: 0.0542611
between Marine Regions Fst: 0.00623802
-------------------------------
Output1 for generation 201:

Oceanic mean pheno: 9.63729
Freshwater mean pheno: -9.74744
mean Ocean/Fresh Fst: 0.00977835
mean Ocean/Fresh Fst (Neutral mutations only): 0.00261043
mean Ocean/Fresh Fst (Effect mutations only): 0.0734932
between lakes Fst: 0.0952798
between Marine Regions Fst: 0.00672631
-------------------------------
Output1 for generation 301:

Oceanic mean pheno: 9.76348
Freshwater mean pheno: -9.63817
mean Ocean/Fresh Fst: 0.0106262
mean Ocean/Fresh Fst (Neutral mutations only): 0.00361667
mean Ocean/Fresh Fst (Effect mutations only): 0.0836351
between lakes Fst: 0.126121
between Marine Regions Fst: 0.00726194
-------------------------------
Output1 for generation 401:

Oceanic mean pheno: 9.87295
Freshwater mean pheno: -9.49834
mean Ocean/Fresh Fst: 0.0118757
mean Ocean/Fresh Fst (Neutral mutations only): 0.0045298
mean Ocean/Fresh Fst (Effect mutations only): 0.0932525
between lakes Fst: 0.151187
between Marine Regions Fst: 0.00706082
-------------------------------
Output1 for generation 501:

Oceanic mean pheno: 10.1816
Freshwater mean pheno: -9.63182
mean Ocean/Fresh Fst: 0.0124833
mean Ocean/Fresh Fst (Neutral mutations only): 0.00500714
mean Ocean/Fresh Fst (Effect mutations only): 0.0957362
between lakes Fst: 0.158189
between Marine Regions Fst: 0.0061951
-------------------------------
Output1 for generation 601:

Oceanic mean pheno: 9.85911
Freshwater mean pheno: -9.76763
mean Ocean/Fresh Fst: 0.0128588
mean Ocean/Fresh Fst (Neutral mutations only): 0.00553355
mean Ocean/Fresh Fst (Effect mutations only): 0.102708
between lakes Fst: 0.17345
between Marine Regions Fst: 0.00724292
-------------------------------
Output1 for generation 701:

Oceanic mean pheno: 9.76096
Freshwater mean pheno: -9.50519
mean Ocean/Fresh Fst: 0.0139422
mean Ocean/Fresh Fst (Neutral mutations only): 0.00642649
mean Ocean/Fresh Fst (Effect mutations only): 0.106198
between lakes Fst: 0.188092
between Marine Regions Fst: 0.00737259
-------------------------------
Output1 for generation 801:

Oceanic mean pheno: 9.96978
Freshwater mean pheno: -9.63641
mean Ocean/Fresh Fst: 0.0146695
mean Ocean/Fresh Fst (Neutral mutations only): 0.00733364
mean Ocean/Fresh Fst (Effect mutations only): 0.10646
between lakes Fst: 0.19989
between Marine Regions Fst: 0.00753179
-------------------------------
Output1 for generation 901:

Oceanic mean pheno: 10.0112
Freshwater mean pheno: -9.78026
mean Ocean/Fresh Fst: 0.0154826
mean Ocean/Fresh Fst (Neutral mutations only): 0.00852402
mean Ocean/Fresh Fst (Effect mutations only): 0.10255
between lakes Fst: 0.207515
between Marine Regions Fst: 0.00732769
-------------------------------
Output1 for generation 1001:

Oceanic mean pheno: 9.89317
Freshwater mean pheno: -9.53298
mean Ocean/Fresh Fst: 0.0160293
mean Ocean/Fresh Fst (Neutral mutations only): 0.00963079
mean Ocean/Fresh Fst (Effect mutations only): 0.0977275
between lakes Fst: 0.216423
between Marine Regions Fst: 0.00777302
-------------------------------
Output1 for generation 1101:

Oceanic mean pheno: 9.80247
Freshwater mean pheno: -9.57382
mean Ocean/Fresh Fst: 0.0162661
mean Ocean/Fresh Fst (Neutral mutations only): 0.00997785
mean Ocean/Fresh Fst (Effect mutations only): 0.100237
between lakes Fst: 0.227276
between Marine Regions Fst: 0.00723848
-------------------------------
Output1 for generation 1201:

Oceanic mean pheno: 10.0197
Freshwater mean pheno: -10.0983
mean Ocean/Fresh Fst: 0.0171314
mean Ocean/Fresh Fst (Neutral mutations only): 0.0106163
mean Ocean/Fresh Fst (Effect mutations only): 0.113572
between lakes Fst: 0.224305
between Marine Regions Fst: 0.00748706
-------------------------------
Output1 for generation 1301:

Oceanic mean pheno: 10.1864
Freshwater mean pheno: -10.1255
mean Ocean/Fresh Fst: 0.0174622
mean Ocean/Fresh Fst (Neutral mutations only): 0.0108823
mean Ocean/Fresh Fst (Effect mutations only): 0.119142
between lakes Fst: 0.22434
between Marine Regions Fst: 0.00765552
-------------------------------
Output1 for generation 1401:

Oceanic mean pheno: 10.0327
Freshwater mean pheno: -9.9407
mean Ocean/Fresh Fst: 0.0186055
mean Ocean/Fresh Fst (Neutral mutations only): 0.0120104
mean Ocean/Fresh Fst (Effect mutations only): 0.116163
between lakes Fst: 0.249566
between Marine Regions Fst: 0.00750619
-------------------------------
Output1 for generation 1501:

Oceanic mean pheno: 9.80862
Freshwater mean pheno: -9.74238
mean Ocean/Fresh Fst: 0.0181875
mean Ocean/Fresh Fst (Neutral mutations only): 0.0120081
mean Ocean/Fresh Fst (Effect mutations only): 0.114009
between lakes Fst: 0.254324
between Marine Regions Fst: 0.00787475
-------------------------------
Output1 for generation 1601:

Oceanic mean pheno: 9.91625
Freshwater mean pheno: -9.72884
mean Ocean/Fresh Fst: 0.0197894
mean Ocean/Fresh Fst (Neutral mutations only): 0.0129639
mean Ocean/Fresh Fst (Effect mutations only): 0.122817
between lakes Fst: 0.244412
between Marine Regions Fst: 0.00701898
-------------------------------
Output1 for generation 1701:

Oceanic mean pheno: 9.712
Freshwater mean pheno: -9.46839
mean Ocean/Fresh Fst: 0.0200799
mean Ocean/Fresh Fst (Neutral mutations only): 0.0135239
mean Ocean/Fresh Fst (Effect mutations only): 0.116608
between lakes Fst: 0.244285
between Marine Regions Fst: 0.0073313
-------------------------------
Output1 for generation 1801:

Oceanic mean pheno: 10.3666
Freshwater mean pheno: -9.2865
mean Ocean/Fresh Fst: 0.0199824
mean Ocean/Fresh Fst (Neutral mutations only): 0.0135267
mean Ocean/Fresh Fst (Effect mutations only): 0.125771
between lakes Fst: 0.250816
between Marine Regions Fst: 0.00764755
-------------------------------
Output1 for generation 1901:

Oceanic mean pheno: 9.79897
Freshwater mean pheno: -9.06554
mean Ocean/Fresh Fst: 0.0216319
mean Ocean/Fresh Fst (Neutral mutations only): 0.0150323
mean Ocean/Fresh Fst (Effect mutations only): 0.128118
between lakes Fst: 0.267563
between Marine Regions Fst: 0.00733364
-------------------------------
Output1 for generation 2001:

Oceanic mean pheno: 9.56275
Freshwater mean pheno: -9.41418
mean Ocean/Fresh Fst: 0.0230499
mean Ocean/Fresh Fst (Neutral mutations only): 0.0163577
mean Ocean/Fresh Fst (Effect mutations only): 0.128966
between lakes Fst: 0.270342
between Marine Regions Fst: 0.00770494
-------------------------------
Output1 for generation 2101:

Oceanic mean pheno: 9.77227
Freshwater mean pheno: -9.37465
mean Ocean/Fresh Fst: 0.0248634
mean Ocean/Fresh Fst (Neutral mutations only): 0.0175795
mean Ocean/Fresh Fst (Effect mutations only): 0.140697
between lakes Fst: 0.276183
between Marine Regions Fst: 0.00755636
-------------------------------
Output1 for generation 2201:

Oceanic mean pheno: 10.1794
Freshwater mean pheno: -9.27594
mean Ocean/Fresh Fst: 0.0234733
mean Ocean/Fresh Fst (Neutral mutations only): 0.0163392
mean Ocean/Fresh Fst (Effect mutations only): 0.136492
between lakes Fst: 0.247691
between Marine Regions Fst: 0.0071585
-------------------------------
Output1 for generation 2301:

Oceanic mean pheno: 10.3577
Freshwater mean pheno: -9.42643
mean Ocean/Fresh Fst: 0.0233409
mean Ocean/Fresh Fst (Neutral mutations only): 0.0164281
mean Ocean/Fresh Fst (Effect mutations only): 0.137682
between lakes Fst: 0.254268
between Marine Regions Fst: 0.00801457
-------------------------------
Output1 for generation 2401:

Oceanic mean pheno: 10.3104
Freshwater mean pheno: -9.31852
mean Ocean/Fresh Fst: 0.0244919
mean Ocean/Fresh Fst (Neutral mutations only): 0.0175749
mean Ocean/Fresh Fst (Effect mutations only): 0.140353
between lakes Fst: 0.258937
between Marine Regions Fst: 0.00783408
-------------------------------
Output1 for generation 2501:

Oceanic mean pheno: 10.0038
Freshwater mean pheno: -9.2855
mean Ocean/Fresh Fst: 0.0248063
mean Ocean/Fresh Fst (Neutral mutations only): 0.018031
mean Ocean/Fresh Fst (Effect mutations only): 0.140845
between lakes Fst: 0.292818
between Marine Regions Fst: 0.00747438
-------------------------------
Output1 for generation 2601:

Oceanic mean pheno: 10.0016
Freshwater mean pheno: -9.24813
mean Ocean/Fresh Fst: 0.0247491
mean Ocean/Fresh Fst (Neutral mutations only): 0.0180653
mean Ocean/Fresh Fst (Effect mutations only): 0.150445
between lakes Fst: 0.287693
between Marine Regions Fst: 0.00757133
-------------------------------
Output1 for generation 2701:

Oceanic mean pheno: 9.90485
Freshwater mean pheno: -9.30372
mean Ocean/Fresh Fst: 0.0250032
mean Ocean/Fresh Fst (Neutral mutations only): 0.0185024
mean Ocean/Fresh Fst (Effect mutations only): 0.153937
between lakes Fst: 0.279338
between Marine Regions Fst: 0.0075151
-------------------------------
Output1 for generation 2801:

Oceanic mean pheno: 9.7743
Freshwater mean pheno: -9.22602
mean Ocean/Fresh Fst: 0.0250832
mean Ocean/Fresh Fst (Neutral mutations only): 0.0188064
mean Ocean/Fresh Fst (Effect mutations only): 0.148089
between lakes Fst: 0.285899
between Marine Regions Fst: 0.00742143
-------------------------------
Output1 for generation 2901:

Oceanic mean pheno: 9.60979
Freshwater mean pheno: -9.30195
mean Ocean/Fresh Fst: 0.0243679
mean Ocean/Fresh Fst (Neutral mutations only): 0.0182561
mean Ocean/Fresh Fst (Effect mutations only): 0.136504
between lakes Fst: 0.289588
between Marine Regions Fst: 0.00743448
-------------------------------
Output1 for generation 3001:

Oceanic mean pheno: 9.99637
Freshwater mean pheno: -9.30795
mean Ocean/Fresh Fst: 0.0239109
mean Ocean/Fresh Fst (Neutral mutations only): 0.0177703
mean Ocean/Fresh Fst (Effect mutations only): 0.144195
between lakes Fst: 0.301212
between Marine Regions Fst: 0.00756534
-------------------------------
Output1 for generation 3101:

Oceanic mean pheno: 9.79114
Freshwater mean pheno: -9.46223
mean Ocean/Fresh Fst: 0.024403
mean Ocean/Fresh Fst (Neutral mutations only): 0.0183919
mean Ocean/Fresh Fst (Effect mutations only): 0.142294
between lakes Fst: 0.294874
between Marine Regions Fst: 0.00811519
-------------------------------
Output1 for generation 3201:

Oceanic mean pheno: 10.0133
Freshwater mean pheno: -9.35679
mean Ocean/Fresh Fst: 0.0252537
mean Ocean/Fresh Fst (Neutral mutations only): 0.0190831
mean Ocean/Fresh Fst (Effect mutations only): 0.143025
between lakes Fst: 0.33805
between Marine Regions Fst: 0.00783752
-------------------------------
Output1 for generation 3301:

Oceanic mean pheno: 10.2581
Freshwater mean pheno: -9.44307
mean Ocean/Fresh Fst: 0.0265065
mean Ocean/Fresh Fst (Neutral mutations only): 0.0202191
mean Ocean/Fresh Fst (Effect mutations only): 0.152442
between lakes Fst: 0.310496
between Marine Regions Fst: 0.00805621
-------------------------------
Output1 for generation 3401:

Oceanic mean pheno: 9.70927
Freshwater mean pheno: -9.33096
mean Ocean/Fresh Fst: 0.0254198
mean Ocean/Fresh Fst (Neutral mutations only): 0.0197337
mean Ocean/Fresh Fst (Effect mutations only): 0.145431
between lakes Fst: 0.337545
between Marine Regions Fst: 0.00773526
-------------------------------
Output1 for generation 3501:

Oceanic mean pheno: 9.73581
Freshwater mean pheno: -9.54706
mean Ocean/Fresh Fst: 0.0266878
mean Ocean/Fresh Fst (Neutral mutations only): 0.0207107
mean Ocean/Fresh Fst (Effect mutations only): 0.149174
between lakes Fst: 0.330524
between Marine Regions Fst: 0.00767026
-------------------------------
Output1 for generation 3601:

Oceanic mean pheno: 10.0038
Freshwater mean pheno: -9.41349
mean Ocean/Fresh Fst: 0.027911
mean Ocean/Fresh Fst (Neutral mutations only): 0.0219274
mean Ocean/Fresh Fst (Effect mutations only): 0.149816
between lakes Fst: 0.332586
between Marine Regions Fst: 0.00850322
-------------------------------
Output1 for generation 3701:

Oceanic mean pheno: 10.0378
Freshwater mean pheno: -9.18147
mean Ocean/Fresh Fst: 0.0266882
mean Ocean/Fresh Fst (Neutral mutations only): 0.020949
mean Ocean/Fresh Fst (Effect mutations only): 0.141634
between lakes Fst: 0.327905
between Marine Regions Fst: 0.00767627
-------------------------------
Output1 for generation 3801:

Oceanic mean pheno: 10.2604
Freshwater mean pheno: -9.30732
mean Ocean/Fresh Fst: 0.0275058
mean Ocean/Fresh Fst (Neutral mutations only): 0.0215283
mean Ocean/Fresh Fst (Effect mutations only): 0.15145
between lakes Fst: 0.341376
between Marine Regions Fst: 0.00815839
-------------------------------
Output1 for generation 3901:

Oceanic mean pheno: 9.99846
Freshwater mean pheno: -9.09792
mean Ocean/Fresh Fst: 0.0283354
mean Ocean/Fresh Fst (Neutral mutations only): 0.0223687
mean Ocean/Fresh Fst (Effect mutations only): 0.150654
between lakes Fst: 0.338781
between Marine Regions Fst: 0.00875499
-------------------------------
Output1 for generation 4001:

Oceanic mean pheno: 10.0274
Freshwater mean pheno: -9.12737
mean Ocean/Fresh Fst: 0.0276781
mean Ocean/Fresh Fst (Neutral mutations only): 0.0219946
mean Ocean/Fresh Fst (Effect mutations only): 0.149254
between lakes Fst: 0.317481
between Marine Regions Fst: 0.00794055
-------------------------------
Output1 for generation 4101:

Oceanic mean pheno: 10.3173
Freshwater mean pheno: -9.464
mean Ocean/Fresh Fst: 0.0283935
mean Ocean/Fresh Fst (Neutral mutations only): 0.0221963
mean Ocean/Fresh Fst (Effect mutations only): 0.15972
between lakes Fst: 0.3472
between Marine Regions Fst: 0.00825152
-------------------------------
Output1 for generation 4201:

Oceanic mean pheno: 9.88185
Freshwater mean pheno: -9.35244
mean Ocean/Fresh Fst: 0.0286756
mean Ocean/Fresh Fst (Neutral mutations only): 0.0226947
mean Ocean/Fresh Fst (Effect mutations only): 0.156913
between lakes Fst: 0.34733
between Marine Regions Fst: 0.00856583
-------------------------------
Output1 for generation 4301:

Oceanic mean pheno: 9.79126
Freshwater mean pheno: -9.36051
mean Ocean/Fresh Fst: 0.030509
mean Ocean/Fresh Fst (Neutral mutations only): 0.0244849
mean Ocean/Fresh Fst (Effect mutations only): 0.15527
between lakes Fst: 0.394556
between Marine Regions Fst: 0.00730893
-------------------------------
Output1 for generation 4401:

Oceanic mean pheno: 9.86089
Freshwater mean pheno: -9.18847
mean Ocean/Fresh Fst: 0.0307096
mean Ocean/Fresh Fst (Neutral mutations only): 0.0246704
mean Ocean/Fresh Fst (Effect mutations only): 0.159985
between lakes Fst: 0.327087
between Marine Regions Fst: 0.00835704
-------------------------------
Output1 for generation 4501:

Oceanic mean pheno: 9.7445
Freshwater mean pheno: -9.27727
mean Ocean/Fresh Fst: 0.0300603
mean Ocean/Fresh Fst (Neutral mutations only): 0.0242876
mean Ocean/Fresh Fst (Effect mutations only): 0.151044
between lakes Fst: 0.32406
between Marine Regions Fst: 0.008771
-------------------------------
Output1 for generation 4601:

Oceanic mean pheno: 9.5689
Freshwater mean pheno: -9.3762
mean Ocean/Fresh Fst: 0.0308516
mean Ocean/Fresh Fst (Neutral mutations only): 0.0249902
mean Ocean/Fresh Fst (Effect mutations only): 0.15649
between lakes Fst: 0.366491
between Marine Regions Fst: 0.00750429
-------------------------------
Output1 for generation 4701:

Oceanic mean pheno: 9.75606
Freshwater mean pheno: -9.32792
mean Ocean/Fresh Fst: 0.0297497
mean Ocean/Fresh Fst (Neutral mutations only): 0.0241889
mean Ocean/Fresh Fst (Effect mutations only): 0.155552
between lakes Fst: 0.322813
between Marine Regions Fst: 0.00817508
-------------------------------
Output1 for generation 4801:

Oceanic mean pheno: 10.1558
Freshwater mean pheno: -9.29391
mean Ocean/Fresh Fst: 0.0291684
mean Ocean/Fresh Fst (Neutral mutations only): 0.0235643
mean Ocean/Fresh Fst (Effect mutations only): 0.172118
between lakes Fst: 0.375595
between Marine Regions Fst: 0.00739915
-------------------------------
Output1 for generation 4901:

Oceanic mean pheno: 9.78597
Freshwater mean pheno: -9.41903
mean Ocean/Fresh Fst: 0.0285628
mean Ocean/Fresh Fst (Neutral mutations only): 0.0233652
mean Ocean/Fresh Fst (Effect mutations only): 0.148397
between lakes Fst: 0.342934
between Marine Regions Fst: 0.00808486
-------------------------------
Output1 for generation 5001:

Oceanic mean pheno: 10.0042
Freshwater mean pheno: -9.63306
mean Ocean/Fresh Fst: 0.0299738
mean Ocean/Fresh Fst (Neutral mutations only): 0.0244407
mean Ocean/Fresh Fst (Effect mutations only): 0.158618
between lakes Fst: 0.369157
between Marine Regions Fst: 0.00889611
-------------------------------
Output1 for generation 5101:

Oceanic mean pheno: 10.3049
Freshwater mean pheno: -9.23086
mean Ocean/Fresh Fst: 0.0290508
mean Ocean/Fresh Fst (Neutral mutations only): 0.0237731
mean Ocean/Fresh Fst (Effect mutations only): 0.160913
between lakes Fst: 0.357968
between Marine Regions Fst: 0.00751643
-------------------------------
Output1 for generation 5201:

Oceanic mean pheno: 10.1235
Freshwater mean pheno: -9.28578
mean Ocean/Fresh Fst: 0.0287371
mean Ocean/Fresh Fst (Neutral mutations only): 0.0237219
mean Ocean/Fresh Fst (Effect mutations only): 0.147052
between lakes Fst: 0.350877
between Marine Regions Fst: 0.00827544
-------------------------------
Output1 for generation 5301:

Oceanic mean pheno: 10.4282
Freshwater mean pheno: -8.9233
mean Ocean/Fresh Fst: 0.030045
mean Ocean/Fresh Fst (Neutral mutations only): 0.0249948
mean Ocean/Fresh Fst (Effect mutations only): 0.165241
between lakes Fst: 0.378956
between Marine Regions Fst: 0.00794399
-------------------------------
Output1 for generation 5401:

Oceanic mean pheno: 9.95214
Freshwater mean pheno: -8.84095
mean Ocean/Fresh Fst: 0.0291407
mean Ocean/Fresh Fst (Neutral mutations only): 0.0245538
mean Ocean/Fresh Fst (Effect mutations only): 0.146176
between lakes Fst: 0.37308
between Marine Regions Fst: 0.00755493
-------------------------------
Output1 for generation 5501:

Oceanic mean pheno: 10.21
Freshwater mean pheno: -8.79323
mean Ocean/Fresh Fst: 0.031544
mean Ocean/Fresh Fst (Neutral mutations only): 0.0266239
mean Ocean/Fresh Fst (Effect mutations only): 0.161965
between lakes Fst: 0.380393
between Marine Regions Fst: 0.0080182
-------------------------------
Output1 for generation 5601:

Oceanic mean pheno: 10.2183
Freshwater mean pheno: -8.85252
mean Ocean/Fresh Fst: 0.0318615
mean Ocean/Fresh Fst (Neutral mutations only): 0.0269286
mean Ocean/Fresh Fst (Effect mutations only): 0.15449
between lakes Fst: 0.397453
between Marine Regions Fst: 0.00901441
-------------------------------
Output1 for generation 5701:

Oceanic mean pheno: 10.1547
Freshwater mean pheno: -8.83823
mean Ocean/Fresh Fst: 0.0305895
mean Ocean/Fresh Fst (Neutral mutations only): 0.0259651
mean Ocean/Fresh Fst (Effect mutations only): 0.156664
between lakes Fst: 0.38058
between Marine Regions Fst: 0.00743404
-------------------------------
Output1 for generation 5801:

Oceanic mean pheno: 10.2667
Freshwater mean pheno: -8.84319
mean Ocean/Fresh Fst: 0.0308156
mean Ocean/Fresh Fst (Neutral mutations only): 0.0261003
mean Ocean/Fresh Fst (Effect mutations only): 0.155543
between lakes Fst: 0.414512
between Marine Regions Fst: 0.00797408
-------------------------------
Output1 for generation 5901:

Oceanic mean pheno: 10.3397
Freshwater mean pheno: -8.81693
mean Ocean/Fresh Fst: 0.0316053
mean Ocean/Fresh Fst (Neutral mutations only): 0.0269291
mean Ocean/Fresh Fst (Effect mutations only): 0.149302
between lakes Fst: 0.378869
between Marine Regions Fst: 0.00819799
-------------------------------
Output1 for generation 6001:

Oceanic mean pheno: 10.4869
Freshwater mean pheno: -9.10461
mean Ocean/Fresh Fst: 0.031048
mean Ocean/Fresh Fst (Neutral mutations only): 0.0263204
mean Ocean/Fresh Fst (Effect mutations only): 0.159073
between lakes Fst: 0.35748
between Marine Regions Fst: 0.00799053
-------------------------------
Output1 for generation 6101:

Oceanic mean pheno: 10.2476
Freshwater mean pheno: -8.84914
mean Ocean/Fresh Fst: 0.0320838
mean Ocean/Fresh Fst (Neutral mutations only): 0.0274218
mean Ocean/Fresh Fst (Effect mutations only): 0.149872
between lakes Fst: 0.41711
between Marine Regions Fst: 0.00838112
-------------------------------
Output1 for generation 6201:

Oceanic mean pheno: 10.2196
Freshwater mean pheno: -9.11644
mean Ocean/Fresh Fst: 0.0333607
mean Ocean/Fresh Fst (Neutral mutations only): 0.0285851
mean Ocean/Fresh Fst (Effect mutations only): 0.158989
between lakes Fst: 0.389535
between Marine Regions Fst: 0.00842887
-------------------------------
Output1 for generation 6301:

Oceanic mean pheno: 10.7009
Freshwater mean pheno: -8.33448
mean Ocean/Fresh Fst: 0.0344932
mean Ocean/Fresh Fst (Neutral mutations only): 0.0299492
mean Ocean/Fresh Fst (Effect mutations only): 0.157999
between lakes Fst: 0.353605
between Marine Regions Fst: 0.00771564
-------------------------------
Output1 for generation 6401:

Oceanic mean pheno: 10.3473
Freshwater mean pheno: -8.50394
mean Ocean/Fresh Fst: 0.0340305
mean Ocean/Fresh Fst (Neutral mutations only): 0.029389
mean Ocean/Fresh Fst (Effect mutations only): 0.166197
between lakes Fst: 0.391114
between Marine Regions Fst: 0.00711588
-------------------------------
Output1 for generation 6501:

Oceanic mean pheno: 10.0647
Freshwater mean pheno: -8.52408
mean Ocean/Fresh Fst: 0.0324771
mean Ocean/Fresh Fst (Neutral mutations only): 0.0280413
mean Ocean/Fresh Fst (Effect mutations only): 0.149515
between lakes Fst: 0.405261
between Marine Regions Fst: 0.00862707
-------------------------------
Output1 for generation 6601:

Oceanic mean pheno: 10.2804
Freshwater mean pheno: -8.55588
mean Ocean/Fresh Fst: 0.0322923
mean Ocean/Fresh Fst (Neutral mutations only): 0.0279282
mean Ocean/Fresh Fst (Effect mutations only): 0.151509
between lakes Fst: 0.437679
between Marine Regions Fst: 0.00842257
-------------------------------
Output1 for generation 6701:

Oceanic mean pheno: 10.0433
Freshwater mean pheno: -8.52555
mean Ocean/Fresh Fst: 0.0324846
mean Ocean/Fresh Fst (Neutral mutations only): 0.0280546
mean Ocean/Fresh Fst (Effect mutations only): 0.165386
between lakes Fst: 0.400469
between Marine Regions Fst: 0.0080397
-------------------------------
Output1 for generation 6801:

Oceanic mean pheno: 9.93469
Freshwater mean pheno: -8.53441
mean Ocean/Fresh Fst: 0.0316648
mean Ocean/Fresh Fst (Neutral mutations only): 0.0272578
mean Ocean/Fresh Fst (Effect mutations only): 0.173506
between lakes Fst: 0.435882
between Marine Regions Fst: 0.00758505
-------------------------------
Output1 for generation 6901:

Oceanic mean pheno: 10.1749
Freshwater mean pheno: -8.61032
mean Ocean/Fresh Fst: 0.0326239
mean Ocean/Fresh Fst (Neutral mutations only): 0.0281864
mean Ocean/Fresh Fst (Effect mutations only): 0.167306
between lakes Fst: 0.412467
between Marine Regions Fst: 0.00871617
-------------------------------
Output1 for generation 7001:

Oceanic mean pheno: 9.97691
Freshwater mean pheno: -8.65144
mean Ocean/Fresh Fst: 0.0323014
mean Ocean/Fresh Fst (Neutral mutations only): 0.0281901
mean Ocean/Fresh Fst (Effect mutations only): 0.157517
between lakes Fst: 0.382855
between Marine Regions Fst: 0.0077661
-------------------------------
Output1 for generation 7101:

Oceanic mean pheno: 10.1368
Freshwater mean pheno: -8.63588
mean Ocean/Fresh Fst: 0.032148
mean Ocean/Fresh Fst (Neutral mutations only): 0.0278545
mean Ocean/Fresh Fst (Effect mutations only): 0.168057
between lakes Fst: 0.426015
between Marine Regions Fst: 0.00880415
-------------------------------
Output1 for generation 7201:

Oceanic mean pheno: 10.5364
Freshwater mean pheno: -8.43076
mean Ocean/Fresh Fst: 0.032352
mean Ocean/Fresh Fst (Neutral mutations only): 0.0280196
mean Ocean/Fresh Fst (Effect mutations only): 0.157197
between lakes Fst: 0.419654
between Marine Regions Fst: 0.00812009
-------------------------------
Output1 for generation 7301:

Oceanic mean pheno: 10.2152
Freshwater mean pheno: -8.58171
mean Ocean/Fresh Fst: 0.0324479
mean Ocean/Fresh Fst (Neutral mutations only): 0.0281245
mean Ocean/Fresh Fst (Effect mutations only): 0.157188
between lakes Fst: 0.392023
between Marine Regions Fst: 0.00732414
-------------------------------
Output1 for generation 7401:

Oceanic mean pheno: 10.3301
Freshwater mean pheno: -8.70686
mean Ocean/Fresh Fst: 0.0325701
mean Ocean/Fresh Fst (Neutral mutations only): 0.0281385
mean Ocean/Fresh Fst (Effect mutations only): 0.163716
between lakes Fst: 0.427194
between Marine Regions Fst: 0.0083952
-------------------------------
Output1 for generation 7501:

Oceanic mean pheno: 10.0674
Freshwater mean pheno: -8.8558
mean Ocean/Fresh Fst: 0.0334492
mean Ocean/Fresh Fst (Neutral mutations only): 0.0287849
mean Ocean/Fresh Fst (Effect mutations only): 0.180588
between lakes Fst: 0.430823
between Marine Regions Fst: 0.00849328
-------------------------------
Output1 for generation 7601:

Oceanic mean pheno: 10.0185
Freshwater mean pheno: -8.87182
mean Ocean/Fresh Fst: 0.0338054
mean Ocean/Fresh Fst (Neutral mutations only): 0.0292288
mean Ocean/Fresh Fst (Effect mutations only): 0.169089
between lakes Fst: 0.439624
between Marine Regions Fst: 0.0088686
-------------------------------
Output1 for generation 7701:

Oceanic mean pheno: 10.2126
Freshwater mean pheno: -8.94989
mean Ocean/Fresh Fst: 0.0328754
mean Ocean/Fresh Fst (Neutral mutations only): 0.0284793
mean Ocean/Fresh Fst (Effect mutations only): 0.172372
between lakes Fst: 0.418259
between Marine Regions Fst: 0.00822448
-------------------------------
Output1 for generation 7801:

Oceanic mean pheno: 10.3375
Freshwater mean pheno: -8.8158
mean Ocean/Fresh Fst: 0.0337373
mean Ocean/Fresh Fst (Neutral mutations only): 0.0293143
mean Ocean/Fresh Fst (Effect mutations only): 0.176401
between lakes Fst: 0.408452
between Marine Regions Fst: 0.00829172
-------------------------------
Output1 for generation 7901:

Oceanic mean pheno: 10.2418
Freshwater mean pheno: -8.66473
mean Ocean/Fresh Fst: 0.0333608
mean Ocean/Fresh Fst (Neutral mutations only): 0.0293196
mean Ocean/Fresh Fst (Effect mutations only): 0.158142
between lakes Fst: 0.436907
between Marine Regions Fst: 0.00828728
-------------------------------
Output1 for generation 8001:

Oceanic mean pheno: 9.95953
Freshwater mean pheno: -8.68668
mean Ocean/Fresh Fst: 0.0332649
mean Ocean/Fresh Fst (Neutral mutations only): 0.0292357
mean Ocean/Fresh Fst (Effect mutations only): 0.1534
between lakes Fst: 0.433392
between Marine Regions Fst: 0.00839458
-------------------------------
Output1 for generation 8101:

Oceanic mean pheno: 9.93849
Freshwater mean pheno: -8.73073
mean Ocean/Fresh Fst: 0.032309
mean Ocean/Fresh Fst (Neutral mutations only): 0.0281344
mean Ocean/Fresh Fst (Effect mutations only): 0.148042
between lakes Fst: 0.407767
between Marine Regions Fst: 0.00723724
-------------------------------
Output1 for generation 8201:

Oceanic mean pheno: 9.92821
Freshwater mean pheno: -8.73351
mean Ocean/Fresh Fst: 0.0308529
mean Ocean/Fresh Fst (Neutral mutations only): 0.0268518
mean Ocean/Fresh Fst (Effect mutations only): 0.150379
between lakes Fst: 0.444697
between Marine Regions Fst: 0.00821478
-------------------------------
Output1 for generation 8301:

Oceanic mean pheno: 9.98795
Freshwater mean pheno: -8.77998
mean Ocean/Fresh Fst: 0.0314882
mean Ocean/Fresh Fst (Neutral mutations only): 0.0271699
mean Ocean/Fresh Fst (Effect mutations only): 0.168501
between lakes Fst: 0.451075
between Marine Regions Fst: 0.0087704
-------------------------------
Output1 for generation 8401:

Oceanic mean pheno: 10.1925
Freshwater mean pheno: -8.92357
mean Ocean/Fresh Fst: 0.0322485
mean Ocean/Fresh Fst (Neutral mutations only): 0.0278395
mean Ocean/Fresh Fst (Effect mutations only): 0.171286
between lakes Fst: 0.450112
between Marine Regions Fst: 0.0085391
-------------------------------
Output1 for generation 8501:

Oceanic mean pheno: 10.0224
Freshwater mean pheno: -8.92505
mean Ocean/Fresh Fst: 0.0309537
mean Ocean/Fresh Fst (Neutral mutations only): 0.0265623
mean Ocean/Fresh Fst (Effect mutations only): 0.177989
between lakes Fst: 0.427244
between Marine Regions Fst: 0.00907945
-------------------------------
Output1 for generation 8601:

Oceanic mean pheno: 10.3654
Freshwater mean pheno: -8.93437
mean Ocean/Fresh Fst: 0.0326903
mean Ocean/Fresh Fst (Neutral mutations only): 0.0282096
mean Ocean/Fresh Fst (Effect mutations only): 0.172276
between lakes Fst: 0.452136
between Marine Regions Fst: 0.0077569
-------------------------------
Output1 for generation 8701:

Oceanic mean pheno: 10.3323
Freshwater mean pheno: -8.90675
mean Ocean/Fresh Fst: 0.0325762
mean Ocean/Fresh Fst (Neutral mutations only): 0.0281543
mean Ocean/Fresh Fst (Effect mutations only): 0.162775
between lakes Fst: 0.480143
between Marine Regions Fst: 0.00887478
-------------------------------
Output1 for generation 8801:

Oceanic mean pheno: 9.69237
Freshwater mean pheno: -9.00363
mean Ocean/Fresh Fst: 0.0344505
mean Ocean/Fresh Fst (Neutral mutations only): 0.0299374
mean Ocean/Fresh Fst (Effect mutations only): 0.168362
between lakes Fst: 0.412885
between Marine Regions Fst: 0.00839059
-------------------------------
Output1 for generation 8901:

Oceanic mean pheno: 9.55526
Freshwater mean pheno: -9.18031
mean Ocean/Fresh Fst: 0.034028
mean Ocean/Fresh Fst (Neutral mutations only): 0.0296041
mean Ocean/Fresh Fst (Effect mutations only): 0.166521
between lakes Fst: 0.472312
between Marine Regions Fst: 0.00876144
-------------------------------
Output1 for generation 9001:

Oceanic mean pheno: 9.56953
Freshwater mean pheno: -9.13855
mean Ocean/Fresh Fst: 0.0336892
mean Ocean/Fresh Fst (Neutral mutations only): 0.0293895
mean Ocean/Fresh Fst (Effect mutations only): 0.163442
between lakes Fst: 0.438072
between Marine Regions Fst: 0.00856311
-------------------------------
Output1 for generation 9101:

Oceanic mean pheno: 9.48171
Freshwater mean pheno: -9.2406
mean Ocean/Fresh Fst: 0.0349458
mean Ocean/Fresh Fst (Neutral mutations only): 0.0308424
mean Ocean/Fresh Fst (Effect mutations only): 0.144883
between lakes Fst: 0.465289
between Marine Regions Fst: 0.00812929
-------------------------------
Output1 for generation 9201:

Oceanic mean pheno: 9.29637
Freshwater mean pheno: -9.40161
mean Ocean/Fresh Fst: 0.0341076
mean Ocean/Fresh Fst (Neutral mutations only): 0.0300585
mean Ocean/Fresh Fst (Effect mutations only): 0.161275
between lakes Fst: 0.44777
between Marine Regions Fst: 0.00837539
-------------------------------
Output1 for generation 9301:

Oceanic mean pheno: 9.50003
Freshwater mean pheno: -9.27579
mean Ocean/Fresh Fst: 0.0342565
mean Ocean/Fresh Fst (Neutral mutations only): 0.0301253
mean Ocean/Fresh Fst (Effect mutations only): 0.162394
between lakes Fst: 0.428767
between Marine Regions Fst: 0.00845037
-------------------------------
Output1 for generation 9401:

Oceanic mean pheno: 9.60996
Freshwater mean pheno: -9.09704
mean Ocean/Fresh Fst: 0.0345516
mean Ocean/Fresh Fst (Neutral mutations only): 0.0302227
mean Ocean/Fresh Fst (Effect mutations only): 0.166152
between lakes Fst: 0.479879
between Marine Regions Fst: 0.00848199
-------------------------------
Output1 for generation 9501:

Oceanic mean pheno: 10.0109
Freshwater mean pheno: -9.10704
mean Ocean/Fresh Fst: 0.0339487
mean Ocean/Fresh Fst (Neutral mutations only): 0.0296488
mean Ocean/Fresh Fst (Effect mutations only): 0.163499
between lakes Fst: 0.447495
between Marine Regions Fst: 0.00894881
-------------------------------
Output1 for generation 9601:

Oceanic mean pheno: 10.3991
Freshwater mean pheno: -9.07403
mean Ocean/Fresh Fst: 0.0354544
mean Ocean/Fresh Fst (Neutral mutations only): 0.0310022
mean Ocean/Fresh Fst (Effect mutations only): 0.17455
between lakes Fst: 0.489741
between Marine Regions Fst: 0.00847258
-------------------------------
Output1 for generation 9701:

Oceanic mean pheno: 9.96776
Freshwater mean pheno: -9.12515
mean Ocean/Fresh Fst: 0.0341301
mean Ocean/Fresh Fst (Neutral mutations only): 0.0298697
mean Ocean/Fresh Fst (Effect mutations only): 0.174721
between lakes Fst: 0.435726
between Marine Regions Fst: 0.00800465
-------------------------------
Output1 for generation 9801:

Oceanic mean pheno: 9.76226
Freshwater mean pheno: -9.07332
mean Ocean/Fresh Fst: 0.0353955
mean Ocean/Fresh Fst (Neutral mutations only): 0.031331
mean Ocean/Fresh Fst (Effect mutations only): 0.162497
between lakes Fst: 0.459495
between Marine Regions Fst: 0.00852792
-------------------------------
Output1 for generation 9901:

Oceanic mean pheno: 9.83865
Freshwater mean pheno: -9.20272
mean Ocean/Fresh Fst: 0.0340229
mean Ocean/Fresh Fst (Neutral mutations only): 0.0300446
mean Ocean/Fresh Fst (Effect mutations only): 0.149641
between lakes Fst: 0.428271
between Marine Regions Fst: 0.00882297
-------------------------------
Output1 for generation 10001:

Oceanic mean pheno: 9.82338
Freshwater mean pheno: -9.20469
mean Ocean/Fresh Fst: 0.0341687
mean Ocean/Fresh Fst (Neutral mutations only): 0.0299698
mean Ocean/Fresh Fst (Effect mutations only): 0.169476
between lakes Fst: 0.456759
between Marine Regions Fst: 0.00832471
-------------------------------
Output1 for generation 10101:

Oceanic mean pheno: 9.86487
Freshwater mean pheno: -9.1512
mean Ocean/Fresh Fst: 0.0343564
mean Ocean/Fresh Fst (Neutral mutations only): 0.0302262
mean Ocean/Fresh Fst (Effect mutations only): 0.165054
between lakes Fst: 0.443482
between Marine Regions Fst: 0.0093226
-------------------------------
Output1 for generation 10201:

Oceanic mean pheno: 9.55013
Freshwater mean pheno: -9.05098
mean Ocean/Fresh Fst: 0.0345552
mean Ocean/Fresh Fst (Neutral mutations only): 0.0305229
mean Ocean/Fresh Fst (Effect mutations only): 0.161506
between lakes Fst: 0.480195
between Marine Regions Fst: 0.00829819
-------------------------------
Output1 for generation 10301:

Oceanic mean pheno: 9.46125
Freshwater mean pheno: -8.90003
mean Ocean/Fresh Fst: 0.0356779
mean Ocean/Fresh Fst (Neutral mutations only): 0.0317913
mean Ocean/Fresh Fst (Effect mutations only): 0.149832
between lakes Fst: 0.496467
between Marine Regions Fst: 0.00805857
-------------------------------
Output1 for generation 10401:

Oceanic mean pheno: 9.39122
Freshwater mean pheno: -8.86154
mean Ocean/Fresh Fst: 0.0340749
mean Ocean/Fresh Fst (Neutral mutations only): 0.0303301
mean Ocean/Fresh Fst (Effect mutations only): 0.150409
between lakes Fst: 0.467407
between Marine Regions Fst: 0.0083033
-------------------------------
Output1 for generation 10501:

Oceanic mean pheno: 9.4574
Freshwater mean pheno: -8.81185
mean Ocean/Fresh Fst: 0.0338375
mean Ocean/Fresh Fst (Neutral mutations only): 0.030311
mean Ocean/Fresh Fst (Effect mutations only): 0.145932
between lakes Fst: 0.471672
between Marine Regions Fst: 0.00845246
-------------------------------
Output1 for generation 10601:

Oceanic mean pheno: 9.76757
Freshwater mean pheno: -8.97918
mean Ocean/Fresh Fst: 0.0346344
mean Ocean/Fresh Fst (Neutral mutations only): 0.0308988
mean Ocean/Fresh Fst (Effect mutations only): 0.143419
between lakes Fst: 0.475985
between Marine Regions Fst: 0.00835693
-------------------------------
Output1 for generation 10701:

Oceanic mean pheno: 9.92507
Freshwater mean pheno: -9.01276
mean Ocean/Fresh Fst: 0.0338375
mean Ocean/Fresh Fst (Neutral mutations only): 0.0302211
mean Ocean/Fresh Fst (Effect mutations only): 0.141563
between lakes Fst: 0.450237
between Marine Regions Fst: 0.00835
-------------------------------
Output1 for generation 10801:

Oceanic mean pheno: 9.96268
Freshwater mean pheno: -9.12292
mean Ocean/Fresh Fst: 0.0355671
mean Ocean/Fresh Fst (Neutral mutations only): 0.0316521
mean Ocean/Fresh Fst (Effect mutations only): 0.162738
between lakes Fst: 0.435076
between Marine Regions Fst: 0.00939518
-------------------------------
Output1 for generation 10901:

Oceanic mean pheno: 9.90032
Freshwater mean pheno: -8.92912
mean Ocean/Fresh Fst: 0.0358936
mean Ocean/Fresh Fst (Neutral mutations only): 0.0319663
mean Ocean/Fresh Fst (Effect mutations only): 0.163297
between lakes Fst: 0.47558
between Marine Regions Fst: 0.00801349
-------------------------------
Output1 for generation 11001:

Oceanic mean pheno: 9.764
Freshwater mean pheno: -8.79481
mean Ocean/Fresh Fst: 0.0349055
mean Ocean/Fresh Fst (Neutral mutations only): 0.0311376
mean Ocean/Fresh Fst (Effect mutations only): 0.155795
between lakes Fst: 0.477786
between Marine Regions Fst: 0.0082653
-------------------------------
Output1 for generation 11101:

Oceanic mean pheno: 9.8046
Freshwater mean pheno: -8.82885
mean Ocean/Fresh Fst: 0.0345402
mean Ocean/Fresh Fst (Neutral mutations only): 0.0307915
mean Ocean/Fresh Fst (Effect mutations only): 0.16147
between lakes Fst: 0.465362
between Marine Regions Fst: 0.00778917
-------------------------------
Output1 for generation 11201:

Oceanic mean pheno: 9.75356
Freshwater mean pheno: -8.92849
mean Ocean/Fresh Fst: 0.0347366
mean Ocean/Fresh Fst (Neutral mutations only): 0.0309766
mean Ocean/Fresh Fst (Effect mutations only): 0.160199
between lakes Fst: 0.481711
between Marine Regions Fst: 0.0077286
-------------------------------
Output1 for generation 11301:

Oceanic mean pheno: 9.82136
Freshwater mean pheno: -8.90707
mean Ocean/Fresh Fst: 0.034645
mean Ocean/Fresh Fst (Neutral mutations only): 0.0309675
mean Ocean/Fresh Fst (Effect mutations only): 0.156825
between lakes Fst: 0.465399
between Marine Regions Fst: 0.00878246
-------------------------------
Output1 for generation 11401:

Oceanic mean pheno: 9.66241
Freshwater mean pheno: -8.9699
mean Ocean/Fresh Fst: 0.0336614
mean Ocean/Fresh Fst (Neutral mutations only): 0.0301265
mean Ocean/Fresh Fst (Effect mutations only): 0.154901
between lakes Fst: 0.487923
between Marine Regions Fst: 0.00849863
-------------------------------
Output1 for generation 11501:

Oceanic mean pheno: 9.54468
Freshwater mean pheno: -8.90347
mean Ocean/Fresh Fst: 0.0346407
mean Ocean/Fresh Fst (Neutral mutations only): 0.0310029
mean Ocean/Fresh Fst (Effect mutations only): 0.154567
between lakes Fst: 0.502772
between Marine Regions Fst: 0.00854835
-------------------------------
Output1 for generation 11601:

Oceanic mean pheno: 9.87758
Freshwater mean pheno: -8.9909
mean Ocean/Fresh Fst: 0.0355172
mean Ocean/Fresh Fst (Neutral mutations only): 0.03185
mean Ocean/Fresh Fst (Effect mutations only): 0.156784
between lakes Fst: 0.455972
between Marine Regions Fst: 0.00922625
-------------------------------
Output1 for generation 11701:

Oceanic mean pheno: 9.6067
Freshwater mean pheno: -9.07298
mean Ocean/Fresh Fst: 0.0357831
mean Ocean/Fresh Fst (Neutral mutations only): 0.0321052
mean Ocean/Fresh Fst (Effect mutations only): 0.154536
between lakes Fst: 0.50491
between Marine Regions Fst: 0.00841289
-------------------------------
Output1 for generation 11801:

Oceanic mean pheno: 9.82328
Freshwater mean pheno: -8.83622
mean Ocean/Fresh Fst: 0.0356074
mean Ocean/Fresh Fst (Neutral mutations only): 0.0320213
mean Ocean/Fresh Fst (Effect mutations only): 0.153828
between lakes Fst: 0.491946
between Marine Regions Fst: 0.00779426
-------------------------------
Output1 for generation 11901:

Oceanic mean pheno: 9.48447
Freshwater mean pheno: -8.65691
mean Ocean/Fresh Fst: 0.0354761
mean Ocean/Fresh Fst (Neutral mutations only): 0.0319142
mean Ocean/Fresh Fst (Effect mutations only): 0.157205
between lakes Fst: 0.505275
between Marine Regions Fst: 0.00897979
-------------------------------
Output1 for generation 12001:

Oceanic mean pheno: 9.33552
Freshwater mean pheno: -8.6467
mean Ocean/Fresh Fst: 0.0350186
mean Ocean/Fresh Fst (Neutral mutations only): 0.0315463
mean Ocean/Fresh Fst (Effect mutations only): 0.148968
between lakes Fst: 0.477052
between Marine Regions Fst: 0.00894437
-------------------------------
Output1 for generation 12101:

Oceanic mean pheno: 9.46292
Freshwater mean pheno: -8.92611
mean Ocean/Fresh Fst: 0.0360864
mean Ocean/Fresh Fst (Neutral mutations only): 0.0324653
mean Ocean/Fresh Fst (Effect mutations only): 0.152926
between lakes Fst: 0.503759
between Marine Regions Fst: 0.00814357
-------------------------------
Output1 for generation 12201:

Oceanic mean pheno: 9.43475
Freshwater mean pheno: -8.95421
mean Ocean/Fresh Fst: 0.0367229
mean Ocean/Fresh Fst (Neutral mutations only): 0.03302
mean Ocean/Fresh Fst (Effect mutations only): 0.163216
between lakes Fst: 0.494934
between Marine Regions Fst: 0.0088133
-------------------------------
Output1 for generation 12301:

Oceanic mean pheno: 9.59904
Freshwater mean pheno: -8.65235
mean Ocean/Fresh Fst: 0.036715
mean Ocean/Fresh Fst (Neutral mutations only): 0.0329345
mean Ocean/Fresh Fst (Effect mutations only): 0.173381
between lakes Fst: 0.488653
between Marine Regions Fst: 0.00758353
-------------------------------
Output1 for generation 12401:

Oceanic mean pheno: 9.77275
Freshwater mean pheno: -8.73036
mean Ocean/Fresh Fst: 0.0351217
mean Ocean/Fresh Fst (Neutral mutations only): 0.0313777
mean Ocean/Fresh Fst (Effect mutations only): 0.1685
between lakes Fst: 0.507189
between Marine Regions Fst: 0.00782706
-------------------------------
Output1 for generation 12501:

Oceanic mean pheno: 9.57308
Freshwater mean pheno: -8.79526
mean Ocean/Fresh Fst: 0.0352428
mean Ocean/Fresh Fst (Neutral mutations only): 0.0314233
mean Ocean/Fresh Fst (Effect mutations only): 0.184505
between lakes Fst: 0.501179
between Marine Regions Fst: 0.0088061
-------------------------------
Output1 for generation 12601:

Oceanic mean pheno: 9.48119
Freshwater mean pheno: -8.79939
mean Ocean/Fresh Fst: 0.0352233
mean Ocean/Fresh Fst (Neutral mutations only): 0.0314301
mean Ocean/Fresh Fst (Effect mutations only): 0.180153
between lakes Fst: 0.469113
between Marine Regions Fst: 0.00825694
-------------------------------
Output1 for generation 12701:

Oceanic mean pheno: 9.46748
Freshwater mean pheno: -8.74643
mean Ocean/Fresh Fst: 0.0353937
mean Ocean/Fresh Fst (Neutral mutations only): 0.0316725
mean Ocean/Fresh Fst (Effect mutations only): 0.172672
between lakes Fst: 0.49341
between Marine Regions Fst: 0.00868483
-------------------------------
Output1 for generation 12801:

Oceanic mean pheno: 9.83995
Freshwater mean pheno: -8.70373
mean Ocean/Fresh Fst: 0.0357017
mean Ocean/Fresh Fst (Neutral mutations only): 0.0317535
mean Ocean/Fresh Fst (Effect mutations only): 0.181858
between lakes Fst: 0.519544
between Marine Regions Fst: 0.00879689
-------------------------------
Output1 for generation 12901:

Oceanic mean pheno: 9.83861
Freshwater mean pheno: -8.67702
mean Ocean/Fresh Fst: 0.0351555
mean Ocean/Fresh Fst (Neutral mutations only): 0.0313131
mean Ocean/Fresh Fst (Effect mutations only): 0.177741
between lakes Fst: 0.477235
between Marine Regions Fst: 0.00931849
-------------------------------
Output1 for generation 13001:

Oceanic mean pheno: 9.98741
Freshwater mean pheno: -8.6749
mean Ocean/Fresh Fst: 0.0365011
mean Ocean/Fresh Fst (Neutral mutations only): 0.0325707
mean Ocean/Fresh Fst (Effect mutations only): 0.181571
between lakes Fst: 0.48915
between Marine Regions Fst: 0.00851607
-------------------------------
Output1 for generation 13101:

Oceanic mean pheno: 9.88638
Freshwater mean pheno: -8.6052
mean Ocean/Fresh Fst: 0.0373679
mean Ocean/Fresh Fst (Neutral mutations only): 0.0334315
mean Ocean/Fresh Fst (Effect mutations only): 0.185615
between lakes Fst: 0.508962
between Marine Regions Fst: 0.0081646
-------------------------------
Output1 for generation 13201:

Oceanic mean pheno: 9.87139
Freshwater mean pheno: -8.54824
mean Ocean/Fresh Fst: 0.0376361
mean Ocean/Fresh Fst (Neutral mutations only): 0.0336648
mean Ocean/Fresh Fst (Effect mutations only): 0.190912
between lakes Fst: 0.465086
between Marine Regions Fst: 0.00882149
-------------------------------
Output1 for generation 13301:

Oceanic mean pheno: 9.69337
Freshwater mean pheno: -8.56301
mean Ocean/Fresh Fst: 0.0367017
mean Ocean/Fresh Fst (Neutral mutations only): 0.0329551
mean Ocean/Fresh Fst (Effect mutations only): 0.170174
between lakes Fst: 0.5109
between Marine Regions Fst: 0.0077886
-------------------------------
Output1 for generation 13401:

Oceanic mean pheno: 9.74001
Freshwater mean pheno: -8.45621
mean Ocean/Fresh Fst: 0.0363084
mean Ocean/Fresh Fst (Neutral mutations only): 0.0327152
mean Ocean/Fresh Fst (Effect mutations only): 0.166242
between lakes Fst: 0.481272
between Marine Regions Fst: 0.00910981
-------------------------------
Output1 for generation 13501:

Oceanic mean pheno: 9.6689
Freshwater mean pheno: -8.4253
mean Ocean/Fresh Fst: 0.0365197
mean Ocean/Fresh Fst (Neutral mutations only): 0.0329681
mean Ocean/Fresh Fst (Effect mutations only): 0.167799
between lakes Fst: 0.517251
between Marine Regions Fst: 0.00770506
-------------------------------
Output1 for generation 13601:

Oceanic mean pheno: 9.82493
Freshwater mean pheno: -8.23284
mean Ocean/Fresh Fst: 0.0357638
mean Ocean/Fresh Fst (Neutral mutations only): 0.0321601
mean Ocean/Fresh Fst (Effect mutations only): 0.168907
between lakes Fst: 0.498628
between Marine Regions Fst: 0.00879545
-------------------------------
Output1 for generation 13701:

Oceanic mean pheno: 9.63866
Freshwater mean pheno: -8.18168
mean Ocean/Fresh Fst: 0.0356617
mean Ocean/Fresh Fst (Neutral mutations only): 0.0323318
mean Ocean/Fresh Fst (Effect mutations only): 0.168475
between lakes Fst: 0.484017
between Marine Regions Fst: 0.00755241
-------------------------------
Output1 for generation 13801:

Oceanic mean pheno: 9.62179
Freshwater mean pheno: -8.406
mean Ocean/Fresh Fst: 0.035824
mean Ocean/Fresh Fst (Neutral mutations only): 0.032513
mean Ocean/Fresh Fst (Effect mutations only): 0.156821
between lakes Fst: 0.487579
between Marine Regions Fst: 0.00911554
-------------------------------
Output1 for generation 13901:

Oceanic mean pheno: 9.80398
Freshwater mean pheno: -8.2657
mean Ocean/Fresh Fst: 0.0359518
mean Ocean/Fresh Fst (Neutral mutations only): 0.0324923
mean Ocean/Fresh Fst (Effect mutations only): 0.169014
between lakes Fst: 0.498843
between Marine Regions Fst: 0.00828121
-------------------------------
Output1 for generation 14001:

Oceanic mean pheno: 9.95627
Freshwater mean pheno: -8.32474
mean Ocean/Fresh Fst: 0.0362405
mean Ocean/Fresh Fst (Neutral mutations only): 0.0325653
mean Ocean/Fresh Fst (Effect mutations only): 0.179224
between lakes Fst: 0.509712
between Marine Regions Fst: 0.00850911
-------------------------------
Output1 for generation 14101:

Oceanic mean pheno: 9.61548
Freshwater mean pheno: -8.22132
mean Ocean/Fresh Fst: 0.0359437
mean Ocean/Fresh Fst (Neutral mutations only): 0.0326482
mean Ocean/Fresh Fst (Effect mutations only): 0.16983
between lakes Fst: 0.531504
between Marine Regions Fst: 0.0079217
-------------------------------
Output1 for generation 14201:

Oceanic mean pheno: 9.96281
Freshwater mean pheno: -8.31431
mean Ocean/Fresh Fst: 0.0359147
mean Ocean/Fresh Fst (Neutral mutations only): 0.0326824
mean Ocean/Fresh Fst (Effect mutations only): 0.168249
between lakes Fst: 0.499098
between Marine Regions Fst: 0.00846783
-------------------------------
Output1 for generation 14301:

Oceanic mean pheno: 9.41316
Freshwater mean pheno: -8.26741
mean Ocean/Fresh Fst: 0.035535
mean Ocean/Fresh Fst (Neutral mutations only): 0.0324573
mean Ocean/Fresh Fst (Effect mutations only): 0.160329
between lakes Fst: 0.490498
between Marine Regions Fst: 0.00909524
-------------------------------
Output1 for generation 14401:

Oceanic mean pheno: 9.72825
Freshwater mean pheno: -8.33462
mean Ocean/Fresh Fst: 0.0355726
mean Ocean/Fresh Fst (Neutral mutations only): 0.0323948
mean Ocean/Fresh Fst (Effect mutations only): 0.15593
between lakes Fst: 0.491472
between Marine Regions Fst: 0.00869589
-------------------------------
Output1 for generation 14501:

Oceanic mean pheno: 9.75372
Freshwater mean pheno: -8.32214
mean Ocean/Fresh Fst: 0.0385888
mean Ocean/Fresh Fst (Neutral mutations only): 0.0354233
mean Ocean/Fresh Fst (Effect mutations only): 0.15317
between lakes Fst: 0.505183
between Marine Regions Fst: 0.00855183
-------------------------------
Output1 for generation 14601:

Oceanic mean pheno: 9.77243
Freshwater mean pheno: -8.34316
mean Ocean/Fresh Fst: 0.0374047
mean Ocean/Fresh Fst (Neutral mutations only): 0.0342877
mean Ocean/Fresh Fst (Effect mutations only): 0.165877
between lakes Fst: 0.53211
between Marine Regions Fst: 0.00793541
-------------------------------
Output1 for generation 14701:

Oceanic mean pheno: 9.90523
Freshwater mean pheno: -8.34559
mean Ocean/Fresh Fst: 0.0372655
mean Ocean/Fresh Fst (Neutral mutations only): 0.0343157
mean Ocean/Fresh Fst (Effect mutations only): 0.151924
between lakes Fst: 0.499936
between Marine Regions Fst: 0.00884992
-------------------------------
Output1 for generation 14801:

Oceanic mean pheno: 10.0623
Freshwater mean pheno: -8.3985
mean Ocean/Fresh Fst: 0.0374142
mean Ocean/Fresh Fst (Neutral mutations only): 0.0344187
mean Ocean/Fresh Fst (Effect mutations only): 0.146304
between lakes Fst: 0.530169
between Marine Regions Fst: 0.00883769
-------------------------------
Output1 for generation 14901:

Oceanic mean pheno: 10.1765
Freshwater mean pheno: -8.47175
mean Ocean/Fresh Fst: 0.0383556
mean Ocean/Fresh Fst (Neutral mutations only): 0.0351161
mean Ocean/Fresh Fst (Effect mutations only): 0.162058
between lakes Fst: 0.500648
between Marine Regions Fst: 0.00892825
-------------------------------
Output1 for generation 15001:

Oceanic mean pheno: 9.9835
Freshwater mean pheno: -8.35075
mean Ocean/Fresh Fst: 0.0383268
mean Ocean/Fresh Fst (Neutral mutations only): 0.0351551
mean Ocean/Fresh Fst (Effect mutations only): 0.169762
between lakes Fst: 0.475735
between Marine Regions Fst: 0.00802582
-------------------------------
Output1 for generation 15101:

Oceanic mean pheno: 10.0965
Freshwater mean pheno: -8.28145
mean Ocean/Fresh Fst: 0.0388773
mean Ocean/Fresh Fst (Neutral mutations only): 0.0357563
mean Ocean/Fresh Fst (Effect mutations only): 0.164331
between lakes Fst: 0.487675
between Marine Regions Fst: 0.00931801
-------------------------------
Output1 for generation 15201:

Oceanic mean pheno: 10.1635
Freshwater mean pheno: -8.52173
mean Ocean/Fresh Fst: 0.0393605
mean Ocean/Fresh Fst (Neutral mutations only): 0.036025
mean Ocean/Fresh Fst (Effect mutations only): 0.166418
between lakes Fst: 0.505578
between Marine Regions Fst: 0.00852143
-------------------------------
Output1 for generation 15301:

Oceanic mean pheno: 10.0049
Freshwater mean pheno: -8.52422
mean Ocean/Fresh Fst: 0.0390144
mean Ocean/Fresh Fst (Neutral mutations only): 0.0358356
mean Ocean/Fresh Fst (Effect mutations only): 0.16461
between lakes Fst: 0.489076
between Marine Regions Fst: 0.00859546
-------------------------------
Output1 for generation 15401:

Oceanic mean pheno: 9.88225
Freshwater mean pheno: -8.42643
mean Ocean/Fresh Fst: 0.0385318
mean Ocean/Fresh Fst (Neutral mutations only): 0.0353263
mean Ocean/Fresh Fst (Effect mutations only): 0.17121
between lakes Fst: 0.529432
between Marine Regions Fst: 0.00819325
-------------------------------
Output1 for generation 15501:

Oceanic mean pheno: 9.74736
Freshwater mean pheno: -8.52915
mean Ocean/Fresh Fst: 0.0392285
mean Ocean/Fresh Fst (Neutral mutations only): 0.0360603
mean Ocean/Fresh Fst (Effect mutations only): 0.158758
between lakes Fst: 0.507948
between Marine Regions Fst: 0.00862144
-------------------------------
Output1 for generation 15601:

Oceanic mean pheno: 9.97887
Freshwater mean pheno: -8.40143
mean Ocean/Fresh Fst: 0.0380408
mean Ocean/Fresh Fst (Neutral mutations only): 0.0349188
mean Ocean/Fresh Fst (Effect mutations only): 0.164662
between lakes Fst: 0.518036
between Marine Regions Fst: 0.00856096
-------------------------------
Output1 for generation 15701:

Oceanic mean pheno: 9.76243
Freshwater mean pheno: -8.36746
mean Ocean/Fresh Fst: 0.0382369
mean Ocean/Fresh Fst (Neutral mutations only): 0.0351243
mean Ocean/Fresh Fst (Effect mutations only): 0.166227
between lakes Fst: 0.537962
between Marine Regions Fst: 0.00789888
-------------------------------
Output1 for generation 15801:

Oceanic mean pheno: 9.85545
Freshwater mean pheno: -8.60709
mean Ocean/Fresh Fst: 0.0388804
mean Ocean/Fresh Fst (Neutral mutations only): 0.0356874
mean Ocean/Fresh Fst (Effect mutations only): 0.160098
between lakes Fst: 0.49615
between Marine Regions Fst: 0.00885017
-------------------------------
Output1 for generation 15901:

Oceanic mean pheno: 9.70767
Freshwater mean pheno: -8.54527
mean Ocean/Fresh Fst: 0.0373997
mean Ocean/Fresh Fst (Neutral mutations only): 0.0343546
mean Ocean/Fresh Fst (Effect mutations only): 0.162249
between lakes Fst: 0.498527
between Marine Regions Fst: 0.00947901
-------------------------------
Output1 for generation 16001:

Oceanic mean pheno: 9.94069
Freshwater mean pheno: -8.69034
mean Ocean/Fresh Fst: 0.0380204
mean Ocean/Fresh Fst (Neutral mutations only): 0.0346626
mean Ocean/Fresh Fst (Effect mutations only): 0.174374
between lakes Fst: 0.516112
between Marine Regions Fst: 0.00887371
-------------------------------
Output1 for generation 16101:

Oceanic mean pheno: 9.95313
Freshwater mean pheno: -8.48316
mean Ocean/Fresh Fst: 0.0379175
mean Ocean/Fresh Fst (Neutral mutations only): 0.0346526
mean Ocean/Fresh Fst (Effect mutations only): 0.168638
between lakes Fst: 0.52373
between Marine Regions Fst: 0.00868071
-------------------------------
Output1 for generation 16201:

Oceanic mean pheno: 10.0123
Freshwater mean pheno: -8.68612
mean Ocean/Fresh Fst: 0.0390008
mean Ocean/Fresh Fst (Neutral mutations only): 0.0356663
mean Ocean/Fresh Fst (Effect mutations only): 0.163627
between lakes Fst: 0.492176
between Marine Regions Fst: 0.00987828
-------------------------------
Output1 for generation 16301:

Oceanic mean pheno: 10.1849
Freshwater mean pheno: -8.81462
mean Ocean/Fresh Fst: 0.0377589
mean Ocean/Fresh Fst (Neutral mutations only): 0.0342693
mean Ocean/Fresh Fst (Effect mutations only): 0.169323
between lakes Fst: 0.503554
between Marine Regions Fst: 0.00838721
-------------------------------
Output1 for generation 16401:

Oceanic mean pheno: 10.1974
Freshwater mean pheno: -8.90695
mean Ocean/Fresh Fst: 0.0380117
mean Ocean/Fresh Fst (Neutral mutations only): 0.0342595
mean Ocean/Fresh Fst (Effect mutations only): 0.191058
between lakes Fst: 0.534641
between Marine Regions Fst: 0.0079281
-------------------------------
Output1 for generation 16501:

Oceanic mean pheno: 10.1844
Freshwater mean pheno: -8.99965
mean Ocean/Fresh Fst: 0.0374512
mean Ocean/Fresh Fst (Neutral mutations only): 0.0337079
mean Ocean/Fresh Fst (Effect mutations only): 0.178824
between lakes Fst: 0.538287
between Marine Regions Fst: 0.00898744
-------------------------------
Output1 for generation 16601:

Oceanic mean pheno: 10.0293
Freshwater mean pheno: -8.80295
mean Ocean/Fresh Fst: 0.0365043
mean Ocean/Fresh Fst (Neutral mutations only): 0.0330202
mean Ocean/Fresh Fst (Effect mutations only): 0.183238
between lakes Fst: 0.507405
between Marine Regions Fst: 0.00845109
-------------------------------
Output1 for generation 16701:

Oceanic mean pheno: 9.90138
Freshwater mean pheno: -8.67477
mean Ocean/Fresh Fst: 0.0363032
mean Ocean/Fresh Fst (Neutral mutations only): 0.0329318
mean Ocean/Fresh Fst (Effect mutations only): 0.180875
between lakes Fst: 0.53234
between Marine Regions Fst: 0.00952167
-------------------------------
Output1 for generation 16801:

Oceanic mean pheno: 9.7134
Freshwater mean pheno: -8.65828
mean Ocean/Fresh Fst: 0.0366844
mean Ocean/Fresh Fst (Neutral mutations only): 0.033407
mean Ocean/Fresh Fst (Effect mutations only): 0.161283
between lakes Fst: 0.496651
between Marine Regions Fst: 0.0093375
-------------------------------
Output1 for generation 16901:

Oceanic mean pheno: 10.1737
Freshwater mean pheno: -8.55762
mean Ocean/Fresh Fst: 0.0378829
mean Ocean/Fresh Fst (Neutral mutations only): 0.0345442
mean Ocean/Fresh Fst (Effect mutations only): 0.161013
between lakes Fst: 0.514699
between Marine Regions Fst: 0.00864753
-------------------------------
Output1 for generation 17001:

Oceanic mean pheno: 10.0683
Freshwater mean pheno: -8.79305
mean Ocean/Fresh Fst: 0.0369409
mean Ocean/Fresh Fst (Neutral mutations only): 0.033827
mean Ocean/Fresh Fst (Effect mutations only): 0.158942
between lakes Fst: 0.494795
between Marine Regions Fst: 0.00831123
-------------------------------
Output1 for generation 17101:

Oceanic mean pheno: 9.96565
Freshwater mean pheno: -8.94716
mean Ocean/Fresh Fst: 0.0374205
mean Ocean/Fresh Fst (Neutral mutations only): 0.0343273
mean Ocean/Fresh Fst (Effect mutations only): 0.151346
between lakes Fst: 0.536418
between Marine Regions Fst: 0.00849547
-------------------------------
Output1 for generation 17201:

Oceanic mean pheno: 9.68504
Freshwater mean pheno: -8.89356
mean Ocean/Fresh Fst: 0.0369989
mean Ocean/Fresh Fst (Neutral mutations only): 0.034062
mean Ocean/Fresh Fst (Effect mutations only): 0.146662
between lakes Fst: 0.500447
between Marine Regions Fst: 0.00806145
-------------------------------
Output1 for generation 17301:

Oceanic mean pheno: 9.46906
Freshwater mean pheno: -8.96105
mean Ocean/Fresh Fst: 0.0380856
mean Ocean/Fresh Fst (Neutral mutations only): 0.035131
mean Ocean/Fresh Fst (Effect mutations only): 0.150159
between lakes Fst: 0.495532
between Marine Regions Fst: 0.00825428
-------------------------------
Output1 for generation 17401:

Oceanic mean pheno: 9.81914
Freshwater mean pheno: -8.78475
mean Ocean/Fresh Fst: 0.0381049
mean Ocean/Fresh Fst (Neutral mutations only): 0.0350535
mean Ocean/Fresh Fst (Effect mutations only): 0.156891
between lakes Fst: 0.532765
between Marine Regions Fst: 0.00893992
-------------------------------
Output1 for generation 17501:

Oceanic mean pheno: 9.80824
Freshwater mean pheno: -8.81361
mean Ocean/Fresh Fst: 0.0377252
mean Ocean/Fresh Fst (Neutral mutations only): 0.0346091
mean Ocean/Fresh Fst (Effect mutations only): 0.172569
between lakes Fst: 0.508304
between Marine Regions Fst: 0.00907877
-------------------------------
Output1 for generation 17601:

Oceanic mean pheno: 9.57781
Freshwater mean pheno: -8.67057
mean Ocean/Fresh Fst: 0.0370043
mean Ocean/Fresh Fst (Neutral mutations only): 0.0339541
mean Ocean/Fresh Fst (Effect mutations only): 0.166551
between lakes Fst: 0.506816
between Marine Regions Fst: 0.00922393
-------------------------------
Output1 for generation 17701:

Oceanic mean pheno: 9.55009
Freshwater mean pheno: -8.52185
mean Ocean/Fresh Fst: 0.0360806
mean Ocean/Fresh Fst (Neutral mutations only): 0.0329751
mean Ocean/Fresh Fst (Effect mutations only): 0.173271
between lakes Fst: 0.544568
between Marine Regions Fst: 0.00900436
-------------------------------
Output1 for generation 17801:

Oceanic mean pheno: 9.70922
Freshwater mean pheno: -8.68543
mean Ocean/Fresh Fst: 0.0375682
mean Ocean/Fresh Fst (Neutral mutations only): 0.0344951
mean Ocean/Fresh Fst (Effect mutations only): 0.160993
between lakes Fst: 0.504023
between Marine Regions Fst: 0.0086738
-------------------------------
Output1 for generation 17901:

Oceanic mean pheno: 9.7789
Freshwater mean pheno: -8.46161
mean Ocean/Fresh Fst: 0.0385532
mean Ocean/Fresh Fst (Neutral mutations only): 0.0355159
mean Ocean/Fresh Fst (Effect mutations only): 0.165944
between lakes Fst: 0.520511
between Marine Regions Fst: 0.00965216
-------------------------------
Output1 for generation 18001:

Oceanic mean pheno: 9.61648
Freshwater mean pheno: -8.63752
mean Ocean/Fresh Fst: 0.036966
mean Ocean/Fresh Fst (Neutral mutations only): 0.0340452
mean Ocean/Fresh Fst (Effect mutations only): 0.162945
between lakes Fst: 0.522067
between Marine Regions Fst: 0.00874448
-------------------------------
Output1 for generation 18101:

Oceanic mean pheno: 9.93402
Freshwater mean pheno: -8.65394
mean Ocean/Fresh Fst: 0.0378433
mean Ocean/Fresh Fst (Neutral mutations only): 0.0347423
mean Ocean/Fresh Fst (Effect mutations only): 0.167033
between lakes Fst: 0.550707
between Marine Regions Fst: 0.00909246
-------------------------------
Output1 for generation 18201:

Oceanic mean pheno: 10.0841
Freshwater mean pheno: -8.59495
mean Ocean/Fresh Fst: 0.0377407
mean Ocean/Fresh Fst (Neutral mutations only): 0.0346457
mean Ocean/Fresh Fst (Effect mutations only): 0.176703
between lakes Fst: 0.532879
between Marine Regions Fst: 0.00872287
-------------------------------
Output1 for generation 18301:

Oceanic mean pheno: 10.1037
Freshwater mean pheno: -8.67178
mean Ocean/Fresh Fst: 0.0392762
mean Ocean/Fresh Fst (Neutral mutations only): 0.036194
mean Ocean/Fresh Fst (Effect mutations only): 0.16273
between lakes Fst: 0.542058
between Marine Regions Fst: 0.00878003
-------------------------------
Output1 for generation 18401:

Oceanic mean pheno: 9.95331
Freshwater mean pheno: -8.75796
mean Ocean/Fresh Fst: 0.038802
mean Ocean/Fresh Fst (Neutral mutations only): 0.0357636
mean Ocean/Fresh Fst (Effect mutations only): 0.171777
between lakes Fst: 0.521969
between Marine Regions Fst: 0.00903471
-------------------------------
Output1 for generation 18501:

Oceanic mean pheno: 9.97884
Freshwater mean pheno: -8.63132
mean Ocean/Fresh Fst: 0.0387866
mean Ocean/Fresh Fst (Neutral mutations only): 0.0358195
mean Ocean/Fresh Fst (Effect mutations only): 0.172973
between lakes Fst: 0.531514
between Marine Regions Fst: 0.00862809
-------------------------------
Output1 for generation 18601:

Oceanic mean pheno: 9.99122
Freshwater mean pheno: -8.69491
mean Ocean/Fresh Fst: 0.0382588
mean Ocean/Fresh Fst (Neutral mutations only): 0.0353815
mean Ocean/Fresh Fst (Effect mutations only): 0.169289
between lakes Fst: 0.485273
between Marine Regions Fst: 0.00868709
-------------------------------
Output1 for generation 18701:

Oceanic mean pheno: 10.0667
Freshwater mean pheno: -8.72124
mean Ocean/Fresh Fst: 0.0386668
mean Ocean/Fresh Fst (Neutral mutations only): 0.0357044
mean Ocean/Fresh Fst (Effect mutations only): 0.16588
between lakes Fst: 0.52225
between Marine Regions Fst: 0.00917112
-------------------------------
Output1 for generation 18801:

Oceanic mean pheno: 10.1128
Freshwater mean pheno: -8.88277
mean Ocean/Fresh Fst: 0.0393429
mean Ocean/Fresh Fst (Neutral mutations only): 0.0362744
mean Ocean/Fresh Fst (Effect mutations only): 0.1746
between lakes Fst: 0.522673
between Marine Regions Fst: 0.00865534
-------------------------------
Output1 for generation 18901:

Oceanic mean pheno: 9.96708
Freshwater mean pheno: -8.88652
mean Ocean/Fresh Fst: 0.0399225
mean Ocean/Fresh Fst (Neutral mutations only): 0.0368412
mean Ocean/Fresh Fst (Effect mutations only): 0.188155
between lakes Fst: 0.55426
between Marine Regions Fst: 0.00852245
-------------------------------
Output1 for generation 19001:

Oceanic mean pheno: 9.59228
Freshwater mean pheno: -8.94544
mean Ocean/Fresh Fst: 0.0398828
mean Ocean/Fresh Fst (Neutral mutations only): 0.0371232
mean Ocean/Fresh Fst (Effect mutations only): 0.160401
between lakes Fst: 0.554652
between Marine Regions Fst: 0.00855227
-------------------------------
Output1 for generation 19101:

Oceanic mean pheno: 9.86383
Freshwater mean pheno: -8.95898
mean Ocean/Fresh Fst: 0.0405119
mean Ocean/Fresh Fst (Neutral mutations only): 0.0375734
mean Ocean/Fresh Fst (Effect mutations only): 0.16963
between lakes Fst: 0.526838
between Marine Regions Fst: 0.00891762
-------------------------------
Output1 for generation 19201:

Oceanic mean pheno: 10.2744
Freshwater mean pheno: -9.02449
mean Ocean/Fresh Fst: 0.0411426
mean Ocean/Fresh Fst (Neutral mutations only): 0.0380067
mean Ocean/Fresh Fst (Effect mutations only): 0.180502
between lakes Fst: 0.561767
between Marine Regions Fst: 0.00880296
-------------------------------
Output1 for generation 19301:

Oceanic mean pheno: 9.98656
Freshwater mean pheno: -8.87463
mean Ocean/Fresh Fst: 0.0399766
mean Ocean/Fresh Fst (Neutral mutations only): 0.0370928
mean Ocean/Fresh Fst (Effect mutations only): 0.158159
between lakes Fst: 0.527114
between Marine Regions Fst: 0.00831945
-------------------------------
Output1 for generation 19401:

Oceanic mean pheno: 9.9934
Freshwater mean pheno: -9.01406
mean Ocean/Fresh Fst: 0.0402646
mean Ocean/Fresh Fst (Neutral mutations only): 0.0371534
mean Ocean/Fresh Fst (Effect mutations only): 0.172493
between lakes Fst: 0.548793
between Marine Regions Fst: 0.00971538
-------------------------------
Output1 for generation 19501:

Oceanic mean pheno: 10.0449
Freshwater mean pheno: -8.95679
mean Ocean/Fresh Fst: 0.0393214
mean Ocean/Fresh Fst (Neutral mutations only): 0.0363181
mean Ocean/Fresh Fst (Effect mutations only): 0.170427
between lakes Fst: 0.521143
between Marine Regions Fst: 0.00900976
-------------------------------
Output1 for generation 19601:

Oceanic mean pheno: 9.99174
Freshwater mean pheno: -8.86242
mean Ocean/Fresh Fst: 0.0401975
mean Ocean/Fresh Fst (Neutral mutations only): 0.0371114
mean Ocean/Fresh Fst (Effect mutations only): 0.184664
between lakes Fst: 0.504385
between Marine Regions Fst: 0.00955045
-------------------------------
Output1 for generation 19701:

Oceanic mean pheno: 9.89717
Freshwater mean pheno: -8.91428
mean Ocean/Fresh Fst: 0.0398641
mean Ocean/Fresh Fst (Neutral mutations only): 0.0368472
mean Ocean/Fresh Fst (Effect mutations only): 0.171794
between lakes Fst: 0.551827
between Marine Regions Fst: 0.00794264
-------------------------------
Output1 for generation 19801:

Oceanic mean pheno: 9.68959
Freshwater mean pheno: -8.98192
mean Ocean/Fresh Fst: 0.0402121
mean Ocean/Fresh Fst (Neutral mutations only): 0.0372352
mean Ocean/Fresh Fst (Effect mutations only): 0.169765
between lakes Fst: 0.552492
between Marine Regions Fst: 0.0091308
-------------------------------
Output1 for generation 19901:

Oceanic mean pheno: 9.48628
Freshwater mean pheno: -9.06295
mean Ocean/Fresh Fst: 0.0397757
mean Ocean/Fresh Fst (Neutral mutations only): 0.0367656
mean Ocean/Fresh Fst (Effect mutations only): 0.173436
between lakes Fst: 0.532437
between Marine Regions Fst: 0.00849
-------------------------------
Output1 for generation 20000:

Oceanic mean pheno: 9.92349
Freshwater mean pheno: -9.15976
mean Ocean/Fresh Fst: 0.040764
mean Ocean/Fresh Fst (Neutral mutations only): 0.0376147
mean Ocean/Fresh Fst (Effect mutations only): 0.178304
between lakes Fst: 0.533519
between Marine Regions Fst: 0.00804303
Oceanic mean pheno9.92349
Freshwater mean pheno-9.15976
whole: 2323
Oceanic: 1583
Freshwater: 1851
fstsize: 2323
elapsed: 1:28:46 / kernel: 0.96 / user: 5328.78 / mem: 193152
Done!
