Task ID  - seed 011132
Parameters for SLiM run:
  -s 011132 MyRecipe2_2_5.E
// Initial random seed:
1506803526129

// RunInitializeCallbacks():
initializeSLiMOptions(dimensionality = 'x');
initializeMutationRate(1e-07);
initializeMutationType(1, 0.5, "g", 0.5, 1);
initializeMutationType(2, 0.5, "g", -0.5, 1);
initializeMutationType(3, 0.5, "f", 0);
initializeMutationType(4, 0.5, "f", 0);
initializeGenomicElementType(1, m3, 1);
initializeGenomicElementType(2, c(m1, m2, m3), c(1, 1, 1));
initializeGenomicElement(g1, 0, 4949);
initializeGenomicElement(g2, 4950, 5049);
initializeGenomicElement(g1, 5050, 9999);
initializeGenomicElement(g1, 10000, 14949);
initializeGenomicElement(g2, 14950, 15049);
initializeGenomicElement(g1, 15050, 19999);
initializeGenomicElement(g1, 20000, 24949);
initializeGenomicElement(g2, 24950, 25049);
initializeGenomicElement(g1, 25050, 29999);
initializeGenomicElement(g1, 30000, 34949);
initializeGenomicElement(g2, 34950, 35049);
initializeGenomicElement(g1, 35050, 39999);
initializeGenomicElement(g1, 40000, 44949);
initializeGenomicElement(g2, 44950, 45049);
initializeGenomicElement(g1, 45050, 49999);
initializeGenomicElement(g1, 50000, 54949);
initializeGenomicElement(g2, 54950, 55049);
initializeGenomicElement(g1, 55050, 59999);
initializeGenomicElement(g1, 60000, 64949);
initializeGenomicElement(g2, 64950, 65049);
initializeGenomicElement(g1, 65050, 69999);
initializeGenomicElement(g1, 70000, 74949);
initializeGenomicElement(g2, 74950, 75049);
initializeGenomicElement(g1, 75050, 79999);
initializeGenomicElement(g1, 80000, 84949);
initializeGenomicElement(g2, 84950, 85049);
initializeGenomicElement(g1, 85050, 89999);
initializeGenomicElement(g1, 90000, 94949);
initializeGenomicElement(g2, 94950, 95049);
initializeGenomicElement(g1, 95050, 99999);
end of chromosome position: 100000
initializeRecombinationRate(0.001);
initializeInteractionType(1, "x", reciprocal=T", maxDistance=0.02);
initializeInteractionType(2, "x", reciprocal=T", maxDistance=1);

// Starting run at generation <start>:
1 

-------------------------------
Output1 for generation 1:

Oceanic mean pheno: 8.85885
Freshwater mean pheno: 8.91961
mean Ocean/Fresh Fst: 0.000104921
between lakes Fst: 0.0021167
between Marine Regions Fst: 0.00246008
-------------------------------
Output1 for generation 101:

Oceanic mean pheno: 10.0494
Freshwater mean pheno: -8.44726
mean Ocean/Fresh Fst: 0.00850402
between lakes Fst: 0.0528502
between Marine Regions Fst: 0.00636613
-------------------------------
Output1 for generation 201:

Oceanic mean pheno: 9.82622
Freshwater mean pheno: -9.45464
mean Ocean/Fresh Fst: 0.00963254
between lakes Fst: 0.0720876
between Marine Regions Fst: 0.00655273
-------------------------------
Output1 for generation 301:

Oceanic mean pheno: 9.89789
Freshwater mean pheno: -9.76056
mean Ocean/Fresh Fst: 0.0100004
between lakes Fst: 0.0972616
between Marine Regions Fst: 0.00622451
-------------------------------
Output1 for generation 401:

Oceanic mean pheno: 10.3594
Freshwater mean pheno: -9.73284
mean Ocean/Fresh Fst: 0.011162
between lakes Fst: 0.114077
between Marine Regions Fst: 0.00662308
-------------------------------
Output1 for generation 501:

Oceanic mean pheno: 9.3584
Freshwater mean pheno: -9.73241
mean Ocean/Fresh Fst: 0.0117963
between lakes Fst: 0.140267
between Marine Regions Fst: 0.00712621
-------------------------------
Output1 for generation 601:

Oceanic mean pheno: 9.69996
Freshwater mean pheno: -9.76267
mean Ocean/Fresh Fst: 0.0123491
between lakes Fst: 0.152508
between Marine Regions Fst: 0.00675737
-------------------------------
Output1 for generation 701:

Oceanic mean pheno: 9.70895
Freshwater mean pheno: -9.67219
mean Ocean/Fresh Fst: 0.0127272
between lakes Fst: 0.157083
between Marine Regions Fst: 0.00740554
-------------------------------
Output1 for generation 801:

Oceanic mean pheno: 9.36702
Freshwater mean pheno: -9.50246
mean Ocean/Fresh Fst: 0.0133324
between lakes Fst: 0.163949
between Marine Regions Fst: 0.00689014
-------------------------------
Output1 for generation 901:

Oceanic mean pheno: 9.92314
Freshwater mean pheno: -9.69453
mean Ocean/Fresh Fst: 0.015162
between lakes Fst: 0.171245
between Marine Regions Fst: 0.00772049
-------------------------------
Output1 for generation 1001:

Oceanic mean pheno: 10.2254
Freshwater mean pheno: -8.874
mean Ocean/Fresh Fst: 0.0151346
between lakes Fst: 0.171786
between Marine Regions Fst: 0.00807365
-------------------------------
Output1 for generation 1101:

Oceanic mean pheno: 9.68769
Freshwater mean pheno: -9.01248
mean Ocean/Fresh Fst: 0.0154839
between lakes Fst: 0.18319
between Marine Regions Fst: 0.00763797
-------------------------------
Output1 for generation 1201:

Oceanic mean pheno: 10.0587
Freshwater mean pheno: -9.0296
mean Ocean/Fresh Fst: 0.0158538
between lakes Fst: 0.190146
between Marine Regions Fst: 0.0082664
-------------------------------
Output1 for generation 1301:

Oceanic mean pheno: 10.3625
Freshwater mean pheno: -8.96487
mean Ocean/Fresh Fst: 0.0172633
between lakes Fst: 0.206312
between Marine Regions Fst: 0.00750087
-------------------------------
Output1 for generation 1401:

Oceanic mean pheno: 10.2042
Freshwater mean pheno: -9.44427
mean Ocean/Fresh Fst: 0.0175417
between lakes Fst: 0.18835
between Marine Regions Fst: 0.00765034
-------------------------------
Output1 for generation 1501:

Oceanic mean pheno: 10.1771
Freshwater mean pheno: -9.21172
mean Ocean/Fresh Fst: 0.0175279
between lakes Fst: 0.200567
between Marine Regions Fst: 0.0079155
-------------------------------
Output1 for generation 1601:

Oceanic mean pheno: 9.85772
Freshwater mean pheno: -9.25477
mean Ocean/Fresh Fst: 0.0186138
between lakes Fst: 0.204677
between Marine Regions Fst: 0.00762514
-------------------------------
Output1 for generation 1701:

Oceanic mean pheno: 9.75147
Freshwater mean pheno: -9.37995
mean Ocean/Fresh Fst: 0.0187666
between lakes Fst: 0.221405
between Marine Regions Fst: 0.00772665
-------------------------------
Output1 for generation 1801:

Oceanic mean pheno: 9.99699
Freshwater mean pheno: -9.38983
mean Ocean/Fresh Fst: 0.0203223
between lakes Fst: 0.211556
between Marine Regions Fst: 0.00762553
-------------------------------
Output1 for generation 1901:

Oceanic mean pheno: 9.91159
Freshwater mean pheno: -9.2738
mean Ocean/Fresh Fst: 0.0206028
between lakes Fst: 0.214113
between Marine Regions Fst: 0.00807362
-------------------------------
Output1 for generation 2001:

Oceanic mean pheno: 10.0963
Freshwater mean pheno: -9.34617
mean Ocean/Fresh Fst: 0.0209698
between lakes Fst: 0.217361
between Marine Regions Fst: 0.00782759
-------------------------------
Output1 for generation 2101:

Oceanic mean pheno: 10.1418
Freshwater mean pheno: -9.39121
mean Ocean/Fresh Fst: 0.0220269
between lakes Fst: 0.231476
between Marine Regions Fst: 0.00768841
-------------------------------
Output1 for generation 2201:

Oceanic mean pheno: 9.76472
Freshwater mean pheno: -9.44332
mean Ocean/Fresh Fst: 0.0214886
between lakes Fst: 0.229813
between Marine Regions Fst: 0.00713404
-------------------------------
Output1 for generation 2301:

Oceanic mean pheno: 9.7074
Freshwater mean pheno: -9.41237
mean Ocean/Fresh Fst: 0.0228471
between lakes Fst: 0.241825
between Marine Regions Fst: 0.00798098
-------------------------------
Output1 for generation 2401:

Oceanic mean pheno: 10.3463
Freshwater mean pheno: -8.78709
mean Ocean/Fresh Fst: 0.0233237
between lakes Fst: 0.234794
between Marine Regions Fst: 0.00785688
-------------------------------
Output1 for generation 2501:

Oceanic mean pheno: 9.79421
Freshwater mean pheno: -8.89336
mean Ocean/Fresh Fst: 0.0237358
between lakes Fst: 0.220854
between Marine Regions Fst: 0.00811815
-------------------------------
Output1 for generation 2601:

Oceanic mean pheno: 9.61481
Freshwater mean pheno: -9.01708
mean Ocean/Fresh Fst: 0.0226703
between lakes Fst: 0.226151
between Marine Regions Fst: 0.00762706
-------------------------------
Output1 for generation 2701:

Oceanic mean pheno: 10.1658
Freshwater mean pheno: -9.10228
mean Ocean/Fresh Fst: 0.0234092
between lakes Fst: 0.222064
between Marine Regions Fst: 0.00811184
-------------------------------
Output1 for generation 2801:

Oceanic mean pheno: 10.1192
Freshwater mean pheno: -8.91555
mean Ocean/Fresh Fst: 0.0245942
between lakes Fst: 0.247063
between Marine Regions Fst: 0.00884389
-------------------------------
Output1 for generation 2901:

Oceanic mean pheno: 9.74552
Freshwater mean pheno: -8.85715
mean Ocean/Fresh Fst: 0.0236532
between lakes Fst: 0.256111
between Marine Regions Fst: 0.00726629
-------------------------------
Output1 for generation 3001:

Oceanic mean pheno: 9.71559
Freshwater mean pheno: -8.79204
mean Ocean/Fresh Fst: 0.0249901
between lakes Fst: 0.252188
between Marine Regions Fst: 0.00718238
-------------------------------
Output1 for generation 3101:

Oceanic mean pheno: 9.43346
Freshwater mean pheno: -8.96074
mean Ocean/Fresh Fst: 0.0255049
between lakes Fst: 0.263995
between Marine Regions Fst: 0.00769129
-------------------------------
Output1 for generation 3201:

Oceanic mean pheno: 9.86664
Freshwater mean pheno: -9.02433
mean Ocean/Fresh Fst: 0.026139
between lakes Fst: 0.274317
between Marine Regions Fst: 0.00762164
-------------------------------
Output1 for generation 3301:

Oceanic mean pheno: 10.1537
Freshwater mean pheno: -9.0204
mean Ocean/Fresh Fst: 0.0260853
between lakes Fst: 0.28736
between Marine Regions Fst: 0.00892671
-------------------------------
Output1 for generation 3401:

Oceanic mean pheno: 9.93505
Freshwater mean pheno: -9.09658
mean Ocean/Fresh Fst: 0.0257975
between lakes Fst: 0.272449
between Marine Regions Fst: 0.00794853
-------------------------------
Output1 for generation 3501:

Oceanic mean pheno: 10.2191
Freshwater mean pheno: -9.00906
mean Ocean/Fresh Fst: 0.025852
between lakes Fst: 0.26337
between Marine Regions Fst: 0.00757916
-------------------------------
Output1 for generation 3601:

Oceanic mean pheno: 9.73411
Freshwater mean pheno: -9.0113
mean Ocean/Fresh Fst: 0.0254874
between lakes Fst: 0.271068
between Marine Regions Fst: 0.00726715
-------------------------------
Output1 for generation 3701:

Oceanic mean pheno: 9.60918
Freshwater mean pheno: -8.81764
mean Ocean/Fresh Fst: 0.0265522
between lakes Fst: 0.300765
between Marine Regions Fst: 0.00770978
-------------------------------
Output1 for generation 3801:

Oceanic mean pheno: 9.4266
Freshwater mean pheno: -8.80218
mean Ocean/Fresh Fst: 0.0269734
between lakes Fst: 0.302385
between Marine Regions Fst: 0.00852529
-------------------------------
Output1 for generation 3901:

Oceanic mean pheno: 10.1819
Freshwater mean pheno: -8.78417
mean Ocean/Fresh Fst: 0.0276379
between lakes Fst: 0.310719
between Marine Regions Fst: 0.00774942
-------------------------------
Output1 for generation 4001:

Oceanic mean pheno: 10.2482
Freshwater mean pheno: -8.97997
mean Ocean/Fresh Fst: 0.028001
between lakes Fst: 0.29009
between Marine Regions Fst: 0.00830446
-------------------------------
Output1 for generation 4101:

Oceanic mean pheno: 10.3584
Freshwater mean pheno: -9.05149
mean Ocean/Fresh Fst: 0.0278861
between lakes Fst: 0.292638
between Marine Regions Fst: 0.00802203
-------------------------------
Output1 for generation 4201:

Oceanic mean pheno: 10.1363
Freshwater mean pheno: -8.9088
mean Ocean/Fresh Fst: 0.0275046
between lakes Fst: 0.323657
between Marine Regions Fst: 0.00841362
-------------------------------
Output1 for generation 4301:

Oceanic mean pheno: 10.0177
Freshwater mean pheno: -8.86813
mean Ocean/Fresh Fst: 0.0276091
between lakes Fst: 0.299369
between Marine Regions Fst: 0.00810015
-------------------------------
Output1 for generation 4401:

Oceanic mean pheno: 9.99368
Freshwater mean pheno: -8.97619
mean Ocean/Fresh Fst: 0.0280417
between lakes Fst: 0.333752
between Marine Regions Fst: 0.00762724
-------------------------------
Output1 for generation 4501:

Oceanic mean pheno: 10.4175
Freshwater mean pheno: -8.61896
mean Ocean/Fresh Fst: 0.0285864
between lakes Fst: 0.310667
between Marine Regions Fst: 0.00826625
-------------------------------
Output1 for generation 4601:

Oceanic mean pheno: 10.0546
Freshwater mean pheno: -8.69234
mean Ocean/Fresh Fst: 0.0275697
between lakes Fst: 0.33736
between Marine Regions Fst: 0.00881597
-------------------------------
Output1 for generation 4701:

Oceanic mean pheno: 10.2962
Freshwater mean pheno: -8.55565
mean Ocean/Fresh Fst: 0.0276649
between lakes Fst: 0.33758
between Marine Regions Fst: 0.008195
-------------------------------
Output1 for generation 4801:

Oceanic mean pheno: 9.99312
Freshwater mean pheno: -8.66512
mean Ocean/Fresh Fst: 0.0284939
between lakes Fst: 0.342292
between Marine Regions Fst: 0.00821274
-------------------------------
Output1 for generation 4901:

Oceanic mean pheno: 10.1722
Freshwater mean pheno: -8.78156
mean Ocean/Fresh Fst: 0.0288739
between lakes Fst: 0.370496
between Marine Regions Fst: 0.00796754
-------------------------------
Output1 for generation 5001:

Oceanic mean pheno: 10.1484
Freshwater mean pheno: -8.86164
mean Ocean/Fresh Fst: 0.0300905
between lakes Fst: 0.319319
between Marine Regions Fst: 0.0074791
-------------------------------
Output1 for generation 5101:

Oceanic mean pheno: 10.283
Freshwater mean pheno: -8.94882
mean Ocean/Fresh Fst: 0.0299109
between lakes Fst: 0.332154
between Marine Regions Fst: 0.00777528
-------------------------------
Output1 for generation 5201:

Oceanic mean pheno: 10.1757
Freshwater mean pheno: -8.89726
mean Ocean/Fresh Fst: 0.0308915
between lakes Fst: 0.339074
between Marine Regions Fst: 0.00915063
-------------------------------
Output1 for generation 5301:

Oceanic mean pheno: 10.0434
Freshwater mean pheno: -8.74489
mean Ocean/Fresh Fst: 0.0320223
between lakes Fst: 0.363734
between Marine Regions Fst: 0.00847781
-------------------------------
Output1 for generation 5401:

Oceanic mean pheno: 9.98307
Freshwater mean pheno: -8.86888
mean Ocean/Fresh Fst: 0.0306764
between lakes Fst: 0.354104
between Marine Regions Fst: 0.00795184
-------------------------------
Output1 for generation 5501:

Oceanic mean pheno: 10.1062
Freshwater mean pheno: -8.95009
mean Ocean/Fresh Fst: 0.0309533
between lakes Fst: 0.331518
between Marine Regions Fst: 0.00777587
-------------------------------
Output1 for generation 5601:

Oceanic mean pheno: 10.0671
Freshwater mean pheno: -9.0309
mean Ocean/Fresh Fst: 0.0307428
between lakes Fst: 0.35649
between Marine Regions Fst: 0.00727858
-------------------------------
Output1 for generation 5701:

Oceanic mean pheno: 9.82462
Freshwater mean pheno: -9.05663
mean Ocean/Fresh Fst: 0.0313002
between lakes Fst: 0.344857
between Marine Regions Fst: 0.00783775
-------------------------------
Output1 for generation 5801:

Oceanic mean pheno: 10.1882
Freshwater mean pheno: -9.20902
mean Ocean/Fresh Fst: 0.0315847
between lakes Fst: 0.365517
between Marine Regions Fst: 0.00870203
-------------------------------
Output1 for generation 5901:

Oceanic mean pheno: 9.77351
Freshwater mean pheno: -9.249
mean Ocean/Fresh Fst: 0.0308449
between lakes Fst: 0.370585
between Marine Regions Fst: 0.00821756
-------------------------------
Output1 for generation 6001:

Oceanic mean pheno: 10.0489
Freshwater mean pheno: -9.06133
mean Ocean/Fresh Fst: 0.0313604
between lakes Fst: 0.392319
between Marine Regions Fst: 0.00829295
-------------------------------
Output1 for generation 6101:

Oceanic mean pheno: 10.0931
Freshwater mean pheno: -9.02544
mean Ocean/Fresh Fst: 0.0304006
between lakes Fst: 0.352352
between Marine Regions Fst: 0.00898821
-------------------------------
Output1 for generation 6201:

Oceanic mean pheno: 10.1726
Freshwater mean pheno: -9.06006
mean Ocean/Fresh Fst: 0.0308971
between lakes Fst: 0.36197
between Marine Regions Fst: 0.00897937
-------------------------------
Output1 for generation 6301:

Oceanic mean pheno: 9.97191
Freshwater mean pheno: -9.04691
mean Ocean/Fresh Fst: 0.0316077
between lakes Fst: 0.383019
between Marine Regions Fst: 0.00822691
-------------------------------
Output1 for generation 6401:

Oceanic mean pheno: 10.0731
Freshwater mean pheno: -9.27247
mean Ocean/Fresh Fst: 0.0326599
between lakes Fst: 0.374439
between Marine Regions Fst: 0.00873584
-------------------------------
Output1 for generation 6501:

Oceanic mean pheno: 9.83858
Freshwater mean pheno: -9.32107
mean Ocean/Fresh Fst: 0.0299725
between lakes Fst: 0.346325
between Marine Regions Fst: 0.00889938
-------------------------------
Output1 for generation 6601:

Oceanic mean pheno: 9.9672
Freshwater mean pheno: -9.29018
mean Ocean/Fresh Fst: 0.0300349
between lakes Fst: 0.358732
between Marine Regions Fst: 0.00808206
-------------------------------
Output1 for generation 6701:

Oceanic mean pheno: 10.0401
Freshwater mean pheno: -9.43431
mean Ocean/Fresh Fst: 0.031633
between lakes Fst: 0.38513
between Marine Regions Fst: 0.00871514
-------------------------------
Output1 for generation 6801:

Oceanic mean pheno: 9.9813
Freshwater mean pheno: -9.36493
mean Ocean/Fresh Fst: 0.0312966
between lakes Fst: 0.358074
between Marine Regions Fst: 0.00812157
-------------------------------
Output1 for generation 6901:

Oceanic mean pheno: 10.0496
Freshwater mean pheno: -9.2715
mean Ocean/Fresh Fst: 0.0315689
between lakes Fst: 0.391472
between Marine Regions Fst: 0.00909444
-------------------------------
Output1 for generation 7001:

Oceanic mean pheno: 9.93714
Freshwater mean pheno: -9.4259
mean Ocean/Fresh Fst: 0.0312695
between lakes Fst: 0.395306
between Marine Regions Fst: 0.00827785
-------------------------------
Output1 for generation 7101:

Oceanic mean pheno: 10.076
Freshwater mean pheno: -9.38736
mean Ocean/Fresh Fst: 0.0311799
between lakes Fst: 0.41992
between Marine Regions Fst: 0.00885721
-------------------------------
Output1 for generation 7201:

Oceanic mean pheno: 9.94003
Freshwater mean pheno: -9.10431
mean Ocean/Fresh Fst: 0.0309286
between lakes Fst: 0.431509
between Marine Regions Fst: 0.00818671
-------------------------------
Output1 for generation 7301:

Oceanic mean pheno: 9.85742
Freshwater mean pheno: -8.97197
mean Ocean/Fresh Fst: 0.0304978
between lakes Fst: 0.381117
between Marine Regions Fst: 0.00852286
-------------------------------
Output1 for generation 7401:

Oceanic mean pheno: 10.0016
Freshwater mean pheno: -9.26697
mean Ocean/Fresh Fst: 0.0325442
between lakes Fst: 0.37232
between Marine Regions Fst: 0.00920731
-------------------------------
Output1 for generation 7501:

Oceanic mean pheno: 9.75257
Freshwater mean pheno: -9.4081
mean Ocean/Fresh Fst: 0.0317217
between lakes Fst: 0.404615
between Marine Regions Fst: 0.00762425
-------------------------------
Output1 for generation 7601:

Oceanic mean pheno: 10.0858
Freshwater mean pheno: -8.8456
mean Ocean/Fresh Fst: 0.0320739
between lakes Fst: 0.439501
between Marine Regions Fst: 0.00866794
-------------------------------
Output1 for generation 7701:

Oceanic mean pheno: 10.2448
Freshwater mean pheno: -8.97365
mean Ocean/Fresh Fst: 0.0317471
between lakes Fst: 0.376211
between Marine Regions Fst: 0.00864428
-------------------------------
Output1 for generation 7801:

Oceanic mean pheno: 10.1644
Freshwater mean pheno: -9.03624
mean Ocean/Fresh Fst: 0.031866
between lakes Fst: 0.401574
between Marine Regions Fst: 0.00912103
-------------------------------
Output1 for generation 7901:

Oceanic mean pheno: 10.1987
Freshwater mean pheno: -8.83651
mean Ocean/Fresh Fst: 0.0318076
between lakes Fst: 0.381144
between Marine Regions Fst: 0.00839289
-------------------------------
Output1 for generation 8001:

Oceanic mean pheno: 10.1125
Freshwater mean pheno: -8.86969
mean Ocean/Fresh Fst: 0.0320625
between lakes Fst: 0.410359
between Marine Regions Fst: 0.00854102
-------------------------------
Output1 for generation 8101:

Oceanic mean pheno: 9.90651
Freshwater mean pheno: -9.15838
mean Ocean/Fresh Fst: 0.032717
between lakes Fst: 0.438116
between Marine Regions Fst: 0.00911381
-------------------------------
Output1 for generation 8201:

Oceanic mean pheno: 10.1463
Freshwater mean pheno: -8.96034
mean Ocean/Fresh Fst: 0.0334724
between lakes Fst: 0.438063
between Marine Regions Fst: 0.00839678
-------------------------------
Output1 for generation 8301:

Oceanic mean pheno: 10.569
Freshwater mean pheno: -9.03931
mean Ocean/Fresh Fst: 0.03331
between lakes Fst: 0.434051
between Marine Regions Fst: 0.00856498
-------------------------------
Output1 for generation 8401:

Oceanic mean pheno: 10.5856
Freshwater mean pheno: -9.09256
mean Ocean/Fresh Fst: 0.0327302
between lakes Fst: 0.407151
between Marine Regions Fst: 0.00807401
-------------------------------
Output1 for generation 8501:

Oceanic mean pheno: 10.2324
Freshwater mean pheno: -9.05035
mean Ocean/Fresh Fst: 0.0324635
between lakes Fst: 0.410465
between Marine Regions Fst: 0.0087576
-------------------------------
Output1 for generation 8601:

Oceanic mean pheno: 10.1609
Freshwater mean pheno: -9.03364
mean Ocean/Fresh Fst: 0.0327829
between lakes Fst: 0.430595
between Marine Regions Fst: 0.00863795
-------------------------------
Output1 for generation 8701:

Oceanic mean pheno: 10.0108
Freshwater mean pheno: -9.17278
mean Ocean/Fresh Fst: 0.0342841
between lakes Fst: 0.453773
between Marine Regions Fst: 0.00793942
-------------------------------
Output1 for generation 8801:

Oceanic mean pheno: 10.1595
Freshwater mean pheno: -9.09182
mean Ocean/Fresh Fst: 0.0343327
between lakes Fst: 0.443513
between Marine Regions Fst: 0.00888151
-------------------------------
Output1 for generation 8901:

Oceanic mean pheno: 10.0917
Freshwater mean pheno: -9.28672
mean Ocean/Fresh Fst: 0.0342121
between lakes Fst: 0.454734
between Marine Regions Fst: 0.00773235
-------------------------------
Output1 for generation 9001:

Oceanic mean pheno: 10.1092
Freshwater mean pheno: -9.06465
mean Ocean/Fresh Fst: 0.0339736
between lakes Fst: 0.418809
between Marine Regions Fst: 0.00755053
-------------------------------
Output1 for generation 9101:

Oceanic mean pheno: 9.74985
Freshwater mean pheno: -8.96234
mean Ocean/Fresh Fst: 0.0326272
between lakes Fst: 0.430841
between Marine Regions Fst: 0.0085555
-------------------------------
Output1 for generation 9201:

Oceanic mean pheno: 9.87998
Freshwater mean pheno: -9.20156
mean Ocean/Fresh Fst: 0.0333939
between lakes Fst: 0.43719
between Marine Regions Fst: 0.00883813
-------------------------------
Output1 for generation 9301:

Oceanic mean pheno: 9.9734
Freshwater mean pheno: -9.21034
mean Ocean/Fresh Fst: 0.0342005
between lakes Fst: 0.459026
between Marine Regions Fst: 0.00887954
-------------------------------
Output1 for generation 9401:

Oceanic mean pheno: 9.61958
Freshwater mean pheno: -9.21264
mean Ocean/Fresh Fst: 0.0335515
between lakes Fst: 0.467939
between Marine Regions Fst: 0.00778198
-------------------------------
Output1 for generation 9501:

Oceanic mean pheno: 9.88742
Freshwater mean pheno: -9.12308
mean Ocean/Fresh Fst: 0.0334989
between lakes Fst: 0.427062
between Marine Regions Fst: 0.007899
-------------------------------
Output1 for generation 9601:

Oceanic mean pheno: 10.0918
Freshwater mean pheno: -9.09192
mean Ocean/Fresh Fst: 0.0338821
between lakes Fst: 0.456157
between Marine Regions Fst: 0.00844335
-------------------------------
Output1 for generation 9701:

Oceanic mean pheno: 9.73452
Freshwater mean pheno: -9.03729
mean Ocean/Fresh Fst: 0.0338461
between lakes Fst: 0.466605
between Marine Regions Fst: 0.00841039
-------------------------------
Output1 for generation 9801:

Oceanic mean pheno: 9.8071
Freshwater mean pheno: -9.16587
mean Ocean/Fresh Fst: 0.0347513
between lakes Fst: 0.444208
between Marine Regions Fst: 0.00813156
-------------------------------
Output1 for generation 9901:

Oceanic mean pheno: 9.75305
Freshwater mean pheno: -9.36253
mean Ocean/Fresh Fst: 0.034105
between lakes Fst: 0.469082
between Marine Regions Fst: 0.00810306
-------------------------------
Output1 for generation 10001:

Oceanic mean pheno: 9.77053
Freshwater mean pheno: -9.3448
mean Ocean/Fresh Fst: 0.0338353
between lakes Fst: 0.451795
between Marine Regions Fst: 0.00776414
-------------------------------
Output1 for generation 10101:

Oceanic mean pheno: 9.71554
Freshwater mean pheno: -9.42828
mean Ocean/Fresh Fst: 0.0342457
between lakes Fst: 0.47526
between Marine Regions Fst: 0.00841944
-------------------------------
Output1 for generation 10201:

Oceanic mean pheno: 9.72929
Freshwater mean pheno: -9.26197
mean Ocean/Fresh Fst: 0.0338493
between lakes Fst: 0.429088
between Marine Regions Fst: 0.00814887
-------------------------------
Output1 for generation 10301:

Oceanic mean pheno: 9.85387
Freshwater mean pheno: -9.27143
mean Ocean/Fresh Fst: 0.0354923
between lakes Fst: 0.471644
between Marine Regions Fst: 0.00923182
-------------------------------
Output1 for generation 10401:

Oceanic mean pheno: 9.76177
Freshwater mean pheno: -9.30097
mean Ocean/Fresh Fst: 0.0348512
between lakes Fst: 0.43539
between Marine Regions Fst: 0.00872384
-------------------------------
Output1 for generation 10501:

Oceanic mean pheno: 9.57439
Freshwater mean pheno: -8.96412
mean Ocean/Fresh Fst: 0.0352106
between lakes Fst: 0.453886
between Marine Regions Fst: 0.00833519
-------------------------------
Output1 for generation 10601:

Oceanic mean pheno: 9.60481
Freshwater mean pheno: -9.01665
mean Ocean/Fresh Fst: 0.034667
between lakes Fst: 0.429609
between Marine Regions Fst: 0.00831695
-------------------------------
Output1 for generation 10701:

Oceanic mean pheno: 9.70968
Freshwater mean pheno: -9.07521
mean Ocean/Fresh Fst: 0.0351345
between lakes Fst: 0.433413
between Marine Regions Fst: 0.00868192
-------------------------------
Output1 for generation 10801:

Oceanic mean pheno: 9.78547
Freshwater mean pheno: -9.15971
mean Ocean/Fresh Fst: 0.0357301
between lakes Fst: 0.451537
between Marine Regions Fst: 0.00875707
-------------------------------
Output1 for generation 10901:

Oceanic mean pheno: 9.70959
Freshwater mean pheno: -9.13176
mean Ocean/Fresh Fst: 0.0355315
between lakes Fst: 0.444523
between Marine Regions Fst: 0.00837264
-------------------------------
Output1 for generation 11001:

Oceanic mean pheno: 9.58826
Freshwater mean pheno: -9.03795
mean Ocean/Fresh Fst: 0.0356433
between lakes Fst: 0.446848
between Marine Regions Fst: 0.00787378
-------------------------------
Output1 for generation 11101:

Oceanic mean pheno: 9.97276
Freshwater mean pheno: -9.11986
mean Ocean/Fresh Fst: 0.0358711
between lakes Fst: 0.421701
between Marine Regions Fst: 0.00959429
-------------------------------
Output1 for generation 11201:

Oceanic mean pheno: 9.88029
Freshwater mean pheno: -9.01462
mean Ocean/Fresh Fst: 0.0357457
between lakes Fst: 0.452458
between Marine Regions Fst: 0.00748606
-------------------------------
Output1 for generation 11301:

Oceanic mean pheno: 10.0269
Freshwater mean pheno: -8.96165
mean Ocean/Fresh Fst: 0.0381687
between lakes Fst: 0.465702
between Marine Regions Fst: 0.00867913
-------------------------------
Output1 for generation 11401:

Oceanic mean pheno: 10.2578
Freshwater mean pheno: -9.08112
mean Ocean/Fresh Fst: 0.0370819
between lakes Fst: 0.429902
between Marine Regions Fst: 0.00762209
-------------------------------
Output1 for generation 11501:

Oceanic mean pheno: 10.2953
Freshwater mean pheno: -9.02396
mean Ocean/Fresh Fst: 0.0384195
between lakes Fst: 0.464388
between Marine Regions Fst: 0.00875466
-------------------------------
Output1 for generation 11601:

Oceanic mean pheno: 10.1785
Freshwater mean pheno: -9.05593
mean Ocean/Fresh Fst: 0.0382418
between lakes Fst: 0.473866
between Marine Regions Fst: 0.00809657
-------------------------------
Output1 for generation 11701:

Oceanic mean pheno: 9.85441
Freshwater mean pheno: -8.89196
mean Ocean/Fresh Fst: 0.0380125
between lakes Fst: 0.463355
between Marine Regions Fst: 0.00827161
-------------------------------
Output1 for generation 11801:

Oceanic mean pheno: 9.73225
Freshwater mean pheno: -8.86616
mean Ocean/Fresh Fst: 0.0376084
between lakes Fst: 0.473495
between Marine Regions Fst: 0.00879486
-------------------------------
Output1 for generation 11901:

Oceanic mean pheno: 9.70494
Freshwater mean pheno: -8.86165
mean Ocean/Fresh Fst: 0.0395297
between lakes Fst: 0.473935
between Marine Regions Fst: 0.00853766
-------------------------------
Output1 for generation 12001:

Oceanic mean pheno: 9.54367
Freshwater mean pheno: -8.96493
mean Ocean/Fresh Fst: 0.0370854
between lakes Fst: 0.459055
between Marine Regions Fst: 0.00859728
-------------------------------
Output1 for generation 12101:

Oceanic mean pheno: 9.82542
Freshwater mean pheno: -8.74053
mean Ocean/Fresh Fst: 0.0378225
between lakes Fst: 0.453121
between Marine Regions Fst: 0.00845451
-------------------------------
Output1 for generation 12201:

Oceanic mean pheno: 9.64449
Freshwater mean pheno: -9.01033
mean Ocean/Fresh Fst: 0.0383022
between lakes Fst: 0.481396
between Marine Regions Fst: 0.00764158
-------------------------------
Output1 for generation 12301:

Oceanic mean pheno: 9.69039
Freshwater mean pheno: -8.9259
mean Ocean/Fresh Fst: 0.0366274
between lakes Fst: 0.458818
between Marine Regions Fst: 0.00820483
-------------------------------
Output1 for generation 12401:

Oceanic mean pheno: 9.73362
Freshwater mean pheno: -8.78136
mean Ocean/Fresh Fst: 0.0372492
between lakes Fst: 0.442051
between Marine Regions Fst: 0.00810923
-------------------------------
Output1 for generation 12501:

Oceanic mean pheno: 9.30692
Freshwater mean pheno: -9.14421
mean Ocean/Fresh Fst: 0.0365071
between lakes Fst: 0.452865
between Marine Regions Fst: 0.00845296
-------------------------------
Output1 for generation 12601:

Oceanic mean pheno: 9.11562
Freshwater mean pheno: -9.07407
mean Ocean/Fresh Fst: 0.0360429
between lakes Fst: 0.489696
between Marine Regions Fst: 0.00851769
-------------------------------
Output1 for generation 12701:

Oceanic mean pheno: 9.39492
Freshwater mean pheno: -8.97402
mean Ocean/Fresh Fst: 0.0366823
between lakes Fst: 0.469918
between Marine Regions Fst: 0.00899191
-------------------------------
Output1 for generation 12801:

Oceanic mean pheno: 9.39669
Freshwater mean pheno: -8.99652
mean Ocean/Fresh Fst: 0.0360479
between lakes Fst: 0.477726
between Marine Regions Fst: 0.00848143
-------------------------------
Output1 for generation 12901:

Oceanic mean pheno: 9.38909
Freshwater mean pheno: -9.11099
mean Ocean/Fresh Fst: 0.0372796
between lakes Fst: 0.452649
between Marine Regions Fst: 0.00931596
-------------------------------
Output1 for generation 13001:

Oceanic mean pheno: 9.3201
Freshwater mean pheno: -8.98201
mean Ocean/Fresh Fst: 0.0358434
between lakes Fst: 0.469553
between Marine Regions Fst: 0.00811519
-------------------------------
Output1 for generation 13101:

Oceanic mean pheno: 9.55885
Freshwater mean pheno: -9.07508
mean Ocean/Fresh Fst: 0.0364428
between lakes Fst: 0.478204
between Marine Regions Fst: 0.00957101
-------------------------------
Output1 for generation 13201:

Oceanic mean pheno: 9.58295
Freshwater mean pheno: -9.1792
mean Ocean/Fresh Fst: 0.0353047
between lakes Fst: 0.479842
between Marine Regions Fst: 0.00811744
-------------------------------
Output1 for generation 13301:

Oceanic mean pheno: 9.87752
Freshwater mean pheno: -9.22561
mean Ocean/Fresh Fst: 0.0369622
between lakes Fst: 0.476999
between Marine Regions Fst: 0.00842884
-------------------------------
Output1 for generation 13401:

Oceanic mean pheno: 9.93576
Freshwater mean pheno: -9.26149
mean Ocean/Fresh Fst: 0.0368614
between lakes Fst: 0.454335
between Marine Regions Fst: 0.00813565
-------------------------------
Output1 for generation 13501:

Oceanic mean pheno: 9.88355
Freshwater mean pheno: -9.17449
mean Ocean/Fresh Fst: 0.0376686
between lakes Fst: 0.491551
between Marine Regions Fst: 0.00791696
-------------------------------
Output1 for generation 13601:

Oceanic mean pheno: 9.85413
Freshwater mean pheno: -9.24226
mean Ocean/Fresh Fst: 0.0387589
between lakes Fst: 0.450885
between Marine Regions Fst: 0.0085832
-------------------------------
Output1 for generation 13701:

Oceanic mean pheno: 9.74262
Freshwater mean pheno: -9.29768
mean Ocean/Fresh Fst: 0.0397503
between lakes Fst: 0.478846
between Marine Regions Fst: 0.00881208
-------------------------------
Output1 for generation 13801:

Oceanic mean pheno: 9.33371
Freshwater mean pheno: -9.27052
mean Ocean/Fresh Fst: 0.0387207
between lakes Fst: 0.497622
between Marine Regions Fst: 0.00851309
-------------------------------
Output1 for generation 13901:

Oceanic mean pheno: 9.3503
Freshwater mean pheno: -9.26683
mean Ocean/Fresh Fst: 0.0378628
between lakes Fst: 0.462863
between Marine Regions Fst: 0.0079905
-------------------------------
Output1 for generation 14001:

Oceanic mean pheno: 9.64976
Freshwater mean pheno: -9.16663
mean Ocean/Fresh Fst: 0.0377881
between lakes Fst: 0.505743
between Marine Regions Fst: 0.00939494
-------------------------------
Output1 for generation 14101:

Oceanic mean pheno: 9.81581
Freshwater mean pheno: -9.17773
mean Ocean/Fresh Fst: 0.0372986
between lakes Fst: 0.505601
between Marine Regions Fst: 0.00862172
-------------------------------
Output1 for generation 14201:

Oceanic mean pheno: 10.0143
Freshwater mean pheno: -9.27146
mean Ocean/Fresh Fst: 0.0374888
between lakes Fst: 0.47302
between Marine Regions Fst: 0.00869767
-------------------------------
Output1 for generation 14301:

Oceanic mean pheno: 9.93678
Freshwater mean pheno: -9.19673
mean Ocean/Fresh Fst: 0.0385547
between lakes Fst: 0.503402
between Marine Regions Fst: 0.00888271
-------------------------------
Output1 for generation 14401:

Oceanic mean pheno: 9.99894
Freshwater mean pheno: -9.20589
mean Ocean/Fresh Fst: 0.0395542
between lakes Fst: 0.485082
between Marine Regions Fst: 0.00885964
-------------------------------
Output1 for generation 14501:

Oceanic mean pheno: 9.79688
Freshwater mean pheno: -9.04768
mean Ocean/Fresh Fst: 0.0382956
between lakes Fst: 0.482387
between Marine Regions Fst: 0.00851345
-------------------------------
Output1 for generation 14601:

Oceanic mean pheno: 9.75622
Freshwater mean pheno: -9.06457
mean Ocean/Fresh Fst: 0.0383778
between lakes Fst: 0.491971
between Marine Regions Fst: 0.00799657
-------------------------------
Output1 for generation 14701:

Oceanic mean pheno: 9.49338
Freshwater mean pheno: -9.45161
mean Ocean/Fresh Fst: 0.0379621
between lakes Fst: 0.512324
between Marine Regions Fst: 0.0081974
-------------------------------
Output1 for generation 14801:

Oceanic mean pheno: 9.98131
Freshwater mean pheno: -9.30906
mean Ocean/Fresh Fst: 0.0387182
between lakes Fst: 0.505268
between Marine Regions Fst: 0.00962999
-------------------------------
Output1 for generation 14901:

Oceanic mean pheno: 9.7862
Freshwater mean pheno: -9.45
mean Ocean/Fresh Fst: 0.0376871
between lakes Fst: 0.468289
between Marine Regions Fst: 0.00950574
-------------------------------
Output1 for generation 15001:

Oceanic mean pheno: 9.66177
Freshwater mean pheno: -9.51235
mean Ocean/Fresh Fst: 0.0386684
between lakes Fst: 0.508244
between Marine Regions Fst: 0.0095706
-------------------------------
Output1 for generation 15101:

Oceanic mean pheno: 9.77692
Freshwater mean pheno: -9.39782
mean Ocean/Fresh Fst: 0.0381938
between lakes Fst: 0.511697
between Marine Regions Fst: 0.0082477
-------------------------------
Output1 for generation 15201:

Oceanic mean pheno: 10.0208
Freshwater mean pheno: -9.24004
mean Ocean/Fresh Fst: 0.0385105
between lakes Fst: 0.517956
between Marine Regions Fst: 0.00853827
-------------------------------
Output1 for generation 15301:

Oceanic mean pheno: 10.2514
Freshwater mean pheno: -9.42565
mean Ocean/Fresh Fst: 0.038151
between lakes Fst: 0.475114
between Marine Regions Fst: 0.00872847
-------------------------------
Output1 for generation 15401:

Oceanic mean pheno: 10.1096
Freshwater mean pheno: -9.35604
mean Ocean/Fresh Fst: 0.0369644
between lakes Fst: 0.462812
between Marine Regions Fst: 0.00802532
-------------------------------
Output1 for generation 15501:

Oceanic mean pheno: 10.003
Freshwater mean pheno: -9.3539
mean Ocean/Fresh Fst: 0.0367936
between lakes Fst: 0.524253
between Marine Regions Fst: 0.00844779
-------------------------------
Output1 for generation 15601:

Oceanic mean pheno: 10.2645
Freshwater mean pheno: -9.2226
mean Ocean/Fresh Fst: 0.0390567
between lakes Fst: 0.523
between Marine Regions Fst: 0.00886853
-------------------------------
Output1 for generation 15701:

Oceanic mean pheno: 10.1593
Freshwater mean pheno: -9.1108
mean Ocean/Fresh Fst: 0.0381491
between lakes Fst: 0.520982
between Marine Regions Fst: 0.00877931
-------------------------------
Output1 for generation 15801:

Oceanic mean pheno: 10.0945
Freshwater mean pheno: -9.1072
mean Ocean/Fresh Fst: 0.0384682
between lakes Fst: 0.479168
between Marine Regions Fst: 0.00919827
-------------------------------
Output1 for generation 15901:

Oceanic mean pheno: 10.0645
Freshwater mean pheno: -9.11941
mean Ocean/Fresh Fst: 0.038217
between lakes Fst: 0.518675
between Marine Regions Fst: 0.00933764
-------------------------------
Output1 for generation 16001:

Oceanic mean pheno: 10.0822
Freshwater mean pheno: -9.06607
mean Ocean/Fresh Fst: 0.0383748
between lakes Fst: 0.501973
between Marine Regions Fst: 0.00904158
-------------------------------
Output1 for generation 16101:

Oceanic mean pheno: 9.89358
Freshwater mean pheno: -8.83203
mean Ocean/Fresh Fst: 0.0391922
between lakes Fst: 0.48213
between Marine Regions Fst: 0.00861614
-------------------------------
Output1 for generation 16201:

Oceanic mean pheno: 9.95265
Freshwater mean pheno: -8.98611
mean Ocean/Fresh Fst: 0.0387197
between lakes Fst: 0.534085
between Marine Regions Fst: 0.00857574
-------------------------------
Output1 for generation 16301:

Oceanic mean pheno: 9.79013
Freshwater mean pheno: -8.95138
mean Ocean/Fresh Fst: 0.037007
between lakes Fst: 0.515296
between Marine Regions Fst: 0.00836712
-------------------------------
Output1 for generation 16401:

Oceanic mean pheno: 9.30472
Freshwater mean pheno: -8.70582
mean Ocean/Fresh Fst: 0.0364679
between lakes Fst: 0.557734
between Marine Regions Fst: 0.00956485
-------------------------------
Output1 for generation 16501:

Oceanic mean pheno: 9.71994
Freshwater mean pheno: -8.86215
mean Ocean/Fresh Fst: 0.0366715
between lakes Fst: 0.498691
between Marine Regions Fst: 0.0094269
-------------------------------
Output1 for generation 16601:

Oceanic mean pheno: 9.60845
Freshwater mean pheno: -8.80552
mean Ocean/Fresh Fst: 0.037773
between lakes Fst: 0.495379
between Marine Regions Fst: 0.00878981
-------------------------------
Output1 for generation 16701:

Oceanic mean pheno: 9.46939
Freshwater mean pheno: -8.7997
mean Ocean/Fresh Fst: 0.0367126
between lakes Fst: 0.51643
between Marine Regions Fst: 0.00860077
-------------------------------
Output1 for generation 16801:

Oceanic mean pheno: 9.43495
Freshwater mean pheno: -8.8071
mean Ocean/Fresh Fst: 0.03717
between lakes Fst: 0.48829
between Marine Regions Fst: 0.0080243
-------------------------------
Output1 for generation 16901:

Oceanic mean pheno: 9.53644
Freshwater mean pheno: -8.90194
mean Ocean/Fresh Fst: 0.0370005
between lakes Fst: 0.488596
between Marine Regions Fst: 0.00829176
-------------------------------
Output1 for generation 17001:

Oceanic mean pheno: 9.58867
Freshwater mean pheno: -8.53896
mean Ocean/Fresh Fst: 0.0365148
between lakes Fst: 0.510776
between Marine Regions Fst: 0.00872658
-------------------------------
Output1 for generation 17101:

Oceanic mean pheno: 9.72507
Freshwater mean pheno: -8.46304
mean Ocean/Fresh Fst: 0.0358089
between lakes Fst: 0.490414
between Marine Regions Fst: 0.00882039
-------------------------------
Output1 for generation 17201:

Oceanic mean pheno: 9.61298
Freshwater mean pheno: -8.68212
mean Ocean/Fresh Fst: 0.0369213
between lakes Fst: 0.500515
between Marine Regions Fst: 0.00918336
-------------------------------
Output1 for generation 17301:

Oceanic mean pheno: 9.52527
Freshwater mean pheno: -8.75528
mean Ocean/Fresh Fst: 0.0366761
between lakes Fst: 0.487065
between Marine Regions Fst: 0.00876007
-------------------------------
Output1 for generation 17401:

Oceanic mean pheno: 9.47959
Freshwater mean pheno: -8.58547
mean Ocean/Fresh Fst: 0.0374269
between lakes Fst: 0.527023
between Marine Regions Fst: 0.00851136
-------------------------------
Output1 for generation 17501:

Oceanic mean pheno: 9.47284
Freshwater mean pheno: -8.74208
mean Ocean/Fresh Fst: 0.0365352
between lakes Fst: 0.492269
between Marine Regions Fst: 0.00932853
-------------------------------
Output1 for generation 17601:

Oceanic mean pheno: 9.71157
Freshwater mean pheno: -8.89014
mean Ocean/Fresh Fst: 0.0370764
between lakes Fst: 0.528662
between Marine Regions Fst: 0.00860477
-------------------------------
Output1 for generation 17701:

Oceanic mean pheno: 9.93775
Freshwater mean pheno: -8.8933
mean Ocean/Fresh Fst: 0.0360272
between lakes Fst: 0.525217
between Marine Regions Fst: 0.00902573
-------------------------------
Output1 for generation 17801:

Oceanic mean pheno: 9.80989
Freshwater mean pheno: -8.89227
mean Ocean/Fresh Fst: 0.0373962
between lakes Fst: 0.505786
between Marine Regions Fst: 0.00849921
-------------------------------
Output1 for generation 17901:

Oceanic mean pheno: 9.58481
Freshwater mean pheno: -8.7283
mean Ocean/Fresh Fst: 0.0363738
between lakes Fst: 0.505183
between Marine Regions Fst: 0.00858731
-------------------------------
Output1 for generation 18001:

Oceanic mean pheno: 9.76591
Freshwater mean pheno: -8.70456
mean Ocean/Fresh Fst: 0.0363435
between lakes Fst: 0.528991
between Marine Regions Fst: 0.00821599
-------------------------------
Output1 for generation 18101:

Oceanic mean pheno: 9.8102
Freshwater mean pheno: -8.55412
mean Ocean/Fresh Fst: 0.0356756
between lakes Fst: 0.502638
between Marine Regions Fst: 0.00919075
-------------------------------
Output1 for generation 18201:

Oceanic mean pheno: 9.94534
Freshwater mean pheno: -8.65835
mean Ocean/Fresh Fst: 0.0376862
between lakes Fst: 0.508183
between Marine Regions Fst: 0.00829321
-------------------------------
Output1 for generation 18301:

Oceanic mean pheno: 10.1214
Freshwater mean pheno: -8.68519
mean Ocean/Fresh Fst: 0.0372512
between lakes Fst: 0.473428
between Marine Regions Fst: 0.00850216
-------------------------------
Output1 for generation 18401:

Oceanic mean pheno: 9.78193
Freshwater mean pheno: -8.70411
mean Ocean/Fresh Fst: 0.0376875
between lakes Fst: 0.493031
between Marine Regions Fst: 0.0088404
-------------------------------
Output1 for generation 18501:

Oceanic mean pheno: 9.6787
Freshwater mean pheno: -8.61677
mean Ocean/Fresh Fst: 0.037737
between lakes Fst: 0.520841
between Marine Regions Fst: 0.00849995
-------------------------------
Output1 for generation 18601:

Oceanic mean pheno: 9.85176
Freshwater mean pheno: -8.70873
mean Ocean/Fresh Fst: 0.0376238
between lakes Fst: 0.548031
between Marine Regions Fst: 0.0087396
-------------------------------
Output1 for generation 18701:

Oceanic mean pheno: 9.40877
Freshwater mean pheno: -8.70004
mean Ocean/Fresh Fst: 0.037047
between lakes Fst: 0.505788
between Marine Regions Fst: 0.00871283
-------------------------------
Output1 for generation 18801:

Oceanic mean pheno: 9.64503
Freshwater mean pheno: -8.72782
mean Ocean/Fresh Fst: 0.0375226
between lakes Fst: 0.51487
between Marine Regions Fst: 0.00858792
-------------------------------
Output1 for generation 18901:

Oceanic mean pheno: 9.90605
Freshwater mean pheno: -8.85004
mean Ocean/Fresh Fst: 0.0371079
between lakes Fst: 0.507198
between Marine Regions Fst: 0.00845036
-------------------------------
Output1 for generation 19001:

Oceanic mean pheno: 9.91772
Freshwater mean pheno: -8.90087
mean Ocean/Fresh Fst: 0.0375192
between lakes Fst: 0.509395
between Marine Regions Fst: 0.00747107
-------------------------------
Output1 for generation 19101:

Oceanic mean pheno: 9.91572
Freshwater mean pheno: -8.9161
mean Ocean/Fresh Fst: 0.0374769
between lakes Fst: 0.526054
between Marine Regions Fst: 0.00874022
-------------------------------
Output1 for generation 19201:

Oceanic mean pheno: 10.0135
Freshwater mean pheno: -8.77639
mean Ocean/Fresh Fst: 0.0390073
between lakes Fst: 0.52258
between Marine Regions Fst: 0.00959018
-------------------------------
Output1 for generation 19301:

Oceanic mean pheno: 10.0595
Freshwater mean pheno: -8.65184
mean Ocean/Fresh Fst: 0.0385069
between lakes Fst: 0.53932
between Marine Regions Fst: 0.00839865
-------------------------------
Output1 for generation 19401:

Oceanic mean pheno: 10.0199
Freshwater mean pheno: -8.70499
mean Ocean/Fresh Fst: 0.038564
between lakes Fst: 0.513622
between Marine Regions Fst: 0.00805028
-------------------------------
Output1 for generation 19501:

Oceanic mean pheno: 9.65646
Freshwater mean pheno: -8.61535
mean Ocean/Fresh Fst: 0.0382442
between lakes Fst: 0.541257
between Marine Regions Fst: 0.00928594
-------------------------------
Output1 for generation 19601:

Oceanic mean pheno: 9.62315
Freshwater mean pheno: -8.66638
mean Ocean/Fresh Fst: 0.0379396
between lakes Fst: 0.532002
between Marine Regions Fst: 0.00852633
-------------------------------
Output1 for generation 19701:

Oceanic mean pheno: 9.94464
Freshwater mean pheno: -8.77878
mean Ocean/Fresh Fst: 0.0380261
between lakes Fst: 0.513641
between Marine Regions Fst: 0.0087279
-------------------------------
Output1 for generation 19801:

Oceanic mean pheno: 10.0843
Freshwater mean pheno: -8.65811
mean Ocean/Fresh Fst: 0.0382082
between lakes Fst: 0.495022
between Marine Regions Fst: 0.00797517
-------------------------------
Output1 for generation 19901:

Oceanic mean pheno: 9.92332
Freshwater mean pheno: -8.74919
mean Ocean/Fresh Fst: 0.0377619
between lakes Fst: 0.496158
between Marine Regions Fst: 0.00884215
-------------------------------
Output1 for generation 20000:

Oceanic mean pheno: 10.3027
Freshwater mean pheno: -8.13344
mean Ocean/Fresh Fst: 0.0375132
between lakes Fst: 0.523949
between Marine Regions Fst: 0.00817829
Oceanic mean pheno10.3027
Freshwater mean pheno-8.13344
whole: 2333
Oceanic: 1507
Freshwater: 1834
fstsize: 2333
elapsed: 1:37:46 / kernel: 1.09 / user: 5869.28 / mem: 200608
Done!
