Task ID  - seed 018255
Parameters for SLiM run:
  -s 018255 MyRecipe2_2_5.E
// Initial random seed:
1506193419009

// RunInitializeCallbacks():
initializeSLiMOptions(dimensionality = 'x');
initializeMutationRate(1e-07);
initializeMutationType(1, 0.5, "g", 0.5, 1);
initializeMutationType(2, 0.5, "g", -0.5, 1);
initializeMutationType(3, 0.5, "f", 0);
initializeMutationType(4, 0.5, "f", 0);
initializeGenomicElementType(1, m3, 1);
initializeGenomicElementType(2, c(m1, m2, m3), c(1, 1, 1));
initializeGenomicElement(g1, 0, 4949);
initializeGenomicElement(g2, 4950, 5049);
initializeGenomicElement(g1, 5050, 9999);
initializeGenomicElement(g1, 10000, 14949);
initializeGenomicElement(g2, 14950, 15049);
initializeGenomicElement(g1, 15050, 19999);
initializeGenomicElement(g1, 20000, 24949);
initializeGenomicElement(g2, 24950, 25049);
initializeGenomicElement(g1, 25050, 29999);
initializeGenomicElement(g1, 30000, 34949);
initializeGenomicElement(g2, 34950, 35049);
initializeGenomicElement(g1, 35050, 39999);
initializeGenomicElement(g1, 40000, 44949);
initializeGenomicElement(g2, 44950, 45049);
initializeGenomicElement(g1, 45050, 49999);
initializeGenomicElement(g1, 50000, 54949);
initializeGenomicElement(g2, 54950, 55049);
initializeGenomicElement(g1, 55050, 59999);
initializeGenomicElement(g1, 60000, 64949);
initializeGenomicElement(g2, 64950, 65049);
initializeGenomicElement(g1, 65050, 69999);
initializeGenomicElement(g1, 70000, 74949);
initializeGenomicElement(g2, 74950, 75049);
initializeGenomicElement(g1, 75050, 79999);
initializeGenomicElement(g1, 80000, 84949);
initializeGenomicElement(g2, 84950, 85049);
initializeGenomicElement(g1, 85050, 89999);
initializeGenomicElement(g1, 90000, 94949);
initializeGenomicElement(g2, 94950, 95049);
initializeGenomicElement(g1, 95050, 99999);
end of chromosome position: 100000
initializeRecombinationRate(0.001);
initializeInteractionType(1, "x", reciprocal=T", maxDistance=0.02);
initializeInteractionType(2, "x", reciprocal=T", maxDistance=1);

// Starting run at generation <start>:
1 

-------------------------------
Output1 for generation 1:

Oceanic mean pheno: -0.887331
Freshwater mean pheno: -0.734971
mean Ocean/Fresh Fst: 0.000105823
between lakes Fst: 0.00442564
between Marine Regions Fst: 0.00442427
-------------------------------
Output1 for generation 101:

Oceanic mean pheno: 9.56187
Freshwater mean pheno: -9.81243
mean Ocean/Fresh Fst: 0.00693955
between lakes Fst: 0.100436
between Marine Regions Fst: 0.0118643
-------------------------------
Output1 for generation 201:

Oceanic mean pheno: 10.1416
Freshwater mean pheno: -9.9618
mean Ocean/Fresh Fst: 0.00852881
between lakes Fst: 0.148643
between Marine Regions Fst: 0.0124357
-------------------------------
Output1 for generation 301:

Oceanic mean pheno: 9.7978
Freshwater mean pheno: -9.78429
mean Ocean/Fresh Fst: 0.00917604
between lakes Fst: 0.170703
between Marine Regions Fst: 0.0123957
-------------------------------
Output1 for generation 401:

Oceanic mean pheno: 9.70451
Freshwater mean pheno: -9.65385
mean Ocean/Fresh Fst: 0.0102807
between lakes Fst: 0.194545
between Marine Regions Fst: 0.012962
-------------------------------
Output1 for generation 501:

Oceanic mean pheno: 9.63285
Freshwater mean pheno: -9.91824
mean Ocean/Fresh Fst: 0.0112483
between lakes Fst: 0.208472
between Marine Regions Fst: 0.0139736
-------------------------------
Output1 for generation 601:

Oceanic mean pheno: 9.83585
Freshwater mean pheno: -9.98766
mean Ocean/Fresh Fst: 0.0115512
between lakes Fst: 0.223915
between Marine Regions Fst: 0.0152437
-------------------------------
Output1 for generation 701:

Oceanic mean pheno: 9.37896
Freshwater mean pheno: -9.50515
mean Ocean/Fresh Fst: 0.0123134
between lakes Fst: 0.248474
between Marine Regions Fst: 0.0139967
-------------------------------
Output1 for generation 801:

Oceanic mean pheno: 9.71836
Freshwater mean pheno: -9.59427
mean Ocean/Fresh Fst: 0.012574
between lakes Fst: 0.254417
between Marine Regions Fst: 0.0137314
-------------------------------
Output1 for generation 901:

Oceanic mean pheno: 9.79326
Freshwater mean pheno: -10.0198
mean Ocean/Fresh Fst: 0.0140915
between lakes Fst: 0.256187
between Marine Regions Fst: 0.013833
-------------------------------
Output1 for generation 1001:

Oceanic mean pheno: 10.0147
Freshwater mean pheno: -10.3676
mean Ocean/Fresh Fst: 0.0142649
between lakes Fst: 0.243715
between Marine Regions Fst: 0.0145104
-------------------------------
Output1 for generation 1101:

Oceanic mean pheno: 9.984
Freshwater mean pheno: -9.84465
mean Ocean/Fresh Fst: 0.0149951
between lakes Fst: 0.241981
between Marine Regions Fst: 0.0129257
-------------------------------
Output1 for generation 1201:

Oceanic mean pheno: 10.1907
Freshwater mean pheno: -10.191
mean Ocean/Fresh Fst: 0.0157034
between lakes Fst: 0.264667
between Marine Regions Fst: 0.0153318
-------------------------------
Output1 for generation 1301:

Oceanic mean pheno: 10.4768
Freshwater mean pheno: -10.3317
mean Ocean/Fresh Fst: 0.0161055
between lakes Fst: 0.266168
between Marine Regions Fst: 0.0133591
-------------------------------
Output1 for generation 1401:

Oceanic mean pheno: 10.1893
Freshwater mean pheno: -9.82544
mean Ocean/Fresh Fst: 0.0166671
between lakes Fst: 0.267895
between Marine Regions Fst: 0.0133314
-------------------------------
Output1 for generation 1501:

Oceanic mean pheno: 10.2046
Freshwater mean pheno: -10.0329
mean Ocean/Fresh Fst: 0.0168828
between lakes Fst: 0.271633
between Marine Regions Fst: 0.0152353
-------------------------------
Output1 for generation 1601:

Oceanic mean pheno: 9.84049
Freshwater mean pheno: -9.93779
mean Ocean/Fresh Fst: 0.0170183
between lakes Fst: 0.263384
between Marine Regions Fst: 0.0134652
-------------------------------
Output1 for generation 1701:

Oceanic mean pheno: 9.91465
Freshwater mean pheno: -9.8837
mean Ocean/Fresh Fst: 0.017255
between lakes Fst: 0.263069
between Marine Regions Fst: 0.0136442
-------------------------------
Output1 for generation 1801:

Oceanic mean pheno: 10.2737
Freshwater mean pheno: -9.89674
mean Ocean/Fresh Fst: 0.0196177
between lakes Fst: 0.296565
between Marine Regions Fst: 0.0142455
-------------------------------
Output1 for generation 1901:

Oceanic mean pheno: 10.0455
Freshwater mean pheno: -9.93273
mean Ocean/Fresh Fst: 0.0197321
between lakes Fst: 0.29779
between Marine Regions Fst: 0.0145041
-------------------------------
Output1 for generation 2001:

Oceanic mean pheno: 9.86192
Freshwater mean pheno: -9.90965
mean Ocean/Fresh Fst: 0.0202449
between lakes Fst: 0.311623
between Marine Regions Fst: 0.0139774
-------------------------------
Output1 for generation 2101:

Oceanic mean pheno: 10.4264
Freshwater mean pheno: -9.64335
mean Ocean/Fresh Fst: 0.0207376
between lakes Fst: 0.289852
between Marine Regions Fst: 0.0147572
-------------------------------
Output1 for generation 2201:

Oceanic mean pheno: 10.2563
Freshwater mean pheno: -9.50887
mean Ocean/Fresh Fst: 0.0202102
between lakes Fst: 0.297564
between Marine Regions Fst: 0.0151126
-------------------------------
Output1 for generation 2301:

Oceanic mean pheno: 10.0134
Freshwater mean pheno: -9.70673
mean Ocean/Fresh Fst: 0.0222372
between lakes Fst: 0.316987
between Marine Regions Fst: 0.0150161
-------------------------------
Output1 for generation 2401:

Oceanic mean pheno: 10.0177
Freshwater mean pheno: -9.56209
mean Ocean/Fresh Fst: 0.0229014
between lakes Fst: 0.294984
between Marine Regions Fst: 0.0138861
-------------------------------
Output1 for generation 2501:

Oceanic mean pheno: 9.90626
Freshwater mean pheno: -9.74302
mean Ocean/Fresh Fst: 0.0225519
between lakes Fst: 0.302245
between Marine Regions Fst: 0.0136361
-------------------------------
Output1 for generation 2601:

Oceanic mean pheno: 10.2639
Freshwater mean pheno: -9.65771
mean Ocean/Fresh Fst: 0.0233526
between lakes Fst: 0.300999
between Marine Regions Fst: 0.0150009
-------------------------------
Output1 for generation 2701:

Oceanic mean pheno: 10.3783
Freshwater mean pheno: -9.42111
mean Ocean/Fresh Fst: 0.0226859
between lakes Fst: 0.296424
between Marine Regions Fst: 0.0143856
-------------------------------
Output1 for generation 2801:

Oceanic mean pheno: 10.3729
Freshwater mean pheno: -9.53045
mean Ocean/Fresh Fst: 0.0232513
between lakes Fst: 0.307471
between Marine Regions Fst: 0.0151139
-------------------------------
Output1 for generation 2901:

Oceanic mean pheno: 9.99775
Freshwater mean pheno: -9.36052
mean Ocean/Fresh Fst: 0.0234645
between lakes Fst: 0.273315
between Marine Regions Fst: 0.0138892
-------------------------------
Output1 for generation 3001:

Oceanic mean pheno: 9.93606
Freshwater mean pheno: -9.44945
mean Ocean/Fresh Fst: 0.0245584
between lakes Fst: 0.302474
between Marine Regions Fst: 0.0147355
-------------------------------
Output1 for generation 3101:

Oceanic mean pheno: 9.84463
Freshwater mean pheno: -9.4628
mean Ocean/Fresh Fst: 0.0245758
between lakes Fst: 0.32436
between Marine Regions Fst: 0.0155388
-------------------------------
Output1 for generation 3201:

Oceanic mean pheno: 9.98489
Freshwater mean pheno: -9.46231
mean Ocean/Fresh Fst: 0.0256904
between lakes Fst: 0.341801
between Marine Regions Fst: 0.0161571
-------------------------------
Output1 for generation 3301:

Oceanic mean pheno: 10.3613
Freshwater mean pheno: -9.24542
mean Ocean/Fresh Fst: 0.0259407
between lakes Fst: 0.329208
between Marine Regions Fst: 0.0153418
-------------------------------
Output1 for generation 3401:

Oceanic mean pheno: 10.1268
Freshwater mean pheno: -9.17602
mean Ocean/Fresh Fst: 0.0255466
between lakes Fst: 0.342343
between Marine Regions Fst: 0.0145425
-------------------------------
Output1 for generation 3501:

Oceanic mean pheno: 10.1938
Freshwater mean pheno: -9.18316
mean Ocean/Fresh Fst: 0.0249056
between lakes Fst: 0.365353
between Marine Regions Fst: 0.0142113
-------------------------------
Output1 for generation 3601:

Oceanic mean pheno: 10.0204
Freshwater mean pheno: -8.76319
mean Ocean/Fresh Fst: 0.0259211
between lakes Fst: 0.353778
between Marine Regions Fst: 0.0158439
-------------------------------
Output1 for generation 3701:

Oceanic mean pheno: 9.88699
Freshwater mean pheno: -9.29659
mean Ocean/Fresh Fst: 0.0256867
between lakes Fst: 0.367485
between Marine Regions Fst: 0.0152293
-------------------------------
Output1 for generation 3801:

Oceanic mean pheno: 10.4497
Freshwater mean pheno: -9.35681
mean Ocean/Fresh Fst: 0.0259057
between lakes Fst: 0.336676
between Marine Regions Fst: 0.0138695
-------------------------------
Output1 for generation 3901:

Oceanic mean pheno: 10.3895
Freshwater mean pheno: -9.63312
mean Ocean/Fresh Fst: 0.0262471
between lakes Fst: 0.337941
between Marine Regions Fst: 0.0137595
-------------------------------
Output1 for generation 4001:

Oceanic mean pheno: 10.0304
Freshwater mean pheno: -9.49162
mean Ocean/Fresh Fst: 0.0265272
between lakes Fst: 0.341689
between Marine Regions Fst: 0.0143956
-------------------------------
Output1 for generation 4101:

Oceanic mean pheno: 10.2937
Freshwater mean pheno: -9.39854
mean Ocean/Fresh Fst: 0.0262042
between lakes Fst: 0.370172
between Marine Regions Fst: 0.015117
-------------------------------
Output1 for generation 4201:

Oceanic mean pheno: 9.89334
Freshwater mean pheno: -9.31094
mean Ocean/Fresh Fst: 0.0269634
between lakes Fst: 0.392896
between Marine Regions Fst: 0.014789
-------------------------------
Output1 for generation 4301:

Oceanic mean pheno: 10.3019
Freshwater mean pheno: -9.41783
mean Ocean/Fresh Fst: 0.0264506
between lakes Fst: 0.389192
between Marine Regions Fst: 0.0140566
-------------------------------
Output1 for generation 4401:

Oceanic mean pheno: 10.4258
Freshwater mean pheno: -9.56001
mean Ocean/Fresh Fst: 0.026753
between lakes Fst: 0.351766
between Marine Regions Fst: 0.015073
-------------------------------
Output1 for generation 4501:

Oceanic mean pheno: 9.99348
Freshwater mean pheno: -9.56213
mean Ocean/Fresh Fst: 0.0291078
between lakes Fst: 0.364159
between Marine Regions Fst: 0.0174165
-------------------------------
Output1 for generation 4601:

Oceanic mean pheno: 9.9705
Freshwater mean pheno: -9.49544
mean Ocean/Fresh Fst: 0.027877
between lakes Fst: 0.344818
between Marine Regions Fst: 0.0144109
-------------------------------
Output1 for generation 4701:

Oceanic mean pheno: 9.91956
Freshwater mean pheno: -9.75504
mean Ocean/Fresh Fst: 0.0284395
between lakes Fst: 0.348505
between Marine Regions Fst: 0.0157316
-------------------------------
Output1 for generation 4801:

Oceanic mean pheno: 10.0782
Freshwater mean pheno: -9.53785
mean Ocean/Fresh Fst: 0.0286221
between lakes Fst: 0.390805
between Marine Regions Fst: 0.0150429
-------------------------------
Output1 for generation 4901:

Oceanic mean pheno: 9.76612
Freshwater mean pheno: -9.65527
mean Ocean/Fresh Fst: 0.0293824
between lakes Fst: 0.361879
between Marine Regions Fst: 0.0152511
-------------------------------
Output1 for generation 5001:

Oceanic mean pheno: 9.86173
Freshwater mean pheno: -9.77159
mean Ocean/Fresh Fst: 0.0292089
between lakes Fst: 0.352088
between Marine Regions Fst: 0.0140372
-------------------------------
Output1 for generation 5101:

Oceanic mean pheno: 10.2032
Freshwater mean pheno: -9.67429
mean Ocean/Fresh Fst: 0.0304731
between lakes Fst: 0.385461
between Marine Regions Fst: 0.0150681
-------------------------------
Output1 for generation 5201:

Oceanic mean pheno: 10.5241
Freshwater mean pheno: -9.45123
mean Ocean/Fresh Fst: 0.0307223
between lakes Fst: 0.356847
between Marine Regions Fst: 0.0150918
-------------------------------
Output1 for generation 5301:

Oceanic mean pheno: 10.3023
Freshwater mean pheno: -9.55463
mean Ocean/Fresh Fst: 0.029726
between lakes Fst: 0.37961
between Marine Regions Fst: 0.0160131
-------------------------------
Output1 for generation 5401:

Oceanic mean pheno: 10.3347
Freshwater mean pheno: -9.7135
mean Ocean/Fresh Fst: 0.0305789
between lakes Fst: 0.341618
between Marine Regions Fst: 0.0165122
-------------------------------
Output1 for generation 5501:

Oceanic mean pheno: 10.3934
Freshwater mean pheno: -9.55911
mean Ocean/Fresh Fst: 0.0304162
between lakes Fst: 0.403111
between Marine Regions Fst: 0.0143341
-------------------------------
Output1 for generation 5601:

Oceanic mean pheno: 10.3118
Freshwater mean pheno: -9.45934
mean Ocean/Fresh Fst: 0.0302797
between lakes Fst: 0.376828
between Marine Regions Fst: 0.0153706
-------------------------------
Output1 for generation 5701:

Oceanic mean pheno: 9.87394
Freshwater mean pheno: -9.49144
mean Ocean/Fresh Fst: 0.0307138
between lakes Fst: 0.390659
between Marine Regions Fst: 0.0143879
-------------------------------
Output1 for generation 5801:

Oceanic mean pheno: 10.2065
Freshwater mean pheno: -9.39764
mean Ocean/Fresh Fst: 0.0306066
between lakes Fst: 0.424029
between Marine Regions Fst: 0.01385
-------------------------------
Output1 for generation 5901:

Oceanic mean pheno: 9.72435
Freshwater mean pheno: -9.77935
mean Ocean/Fresh Fst: 0.0301426
between lakes Fst: 0.373938
between Marine Regions Fst: 0.014724
-------------------------------
Output1 for generation 6001:

Oceanic mean pheno: 9.79566
Freshwater mean pheno: -9.60718
mean Ocean/Fresh Fst: 0.0314615
between lakes Fst: 0.403912
between Marine Regions Fst: 0.0156837
-------------------------------
Output1 for generation 6101:

Oceanic mean pheno: 9.6826
Freshwater mean pheno: -9.50356
mean Ocean/Fresh Fst: 0.0297502
between lakes Fst: 0.378302
between Marine Regions Fst: 0.0161096
-------------------------------
Output1 for generation 6201:

Oceanic mean pheno: 9.54951
Freshwater mean pheno: -9.31268
mean Ocean/Fresh Fst: 0.0303142
between lakes Fst: 0.435362
between Marine Regions Fst: 0.0142981
-------------------------------
Output1 for generation 6301:

Oceanic mean pheno: 9.59775
Freshwater mean pheno: -9.42357
mean Ocean/Fresh Fst: 0.0303094
between lakes Fst: 0.399742
between Marine Regions Fst: 0.0158353
-------------------------------
Output1 for generation 6401:

Oceanic mean pheno: 9.48463
Freshwater mean pheno: -9.3206
mean Ocean/Fresh Fst: 0.0294388
between lakes Fst: 0.399417
between Marine Regions Fst: 0.0151517
-------------------------------
Output1 for generation 6501:

Oceanic mean pheno: 9.95254
Freshwater mean pheno: -9.38684
mean Ocean/Fresh Fst: 0.0304296
between lakes Fst: 0.420205
between Marine Regions Fst: 0.013854
-------------------------------
Output1 for generation 6601:

Oceanic mean pheno: 9.69238
Freshwater mean pheno: -9.3235
mean Ocean/Fresh Fst: 0.031192
between lakes Fst: 0.432699
between Marine Regions Fst: 0.0157776
-------------------------------
Output1 for generation 6701:

Oceanic mean pheno: 9.75365
Freshwater mean pheno: -9.60082
mean Ocean/Fresh Fst: 0.0313911
between lakes Fst: 0.42582
between Marine Regions Fst: 0.0149537
-------------------------------
Output1 for generation 6801:

Oceanic mean pheno: 9.82805
Freshwater mean pheno: -9.4756
mean Ocean/Fresh Fst: 0.0315765
between lakes Fst: 0.396223
between Marine Regions Fst: 0.0152783
-------------------------------
Output1 for generation 6901:

Oceanic mean pheno: 9.9549
Freshwater mean pheno: -9.69834
mean Ocean/Fresh Fst: 0.0307627
between lakes Fst: 0.40934
between Marine Regions Fst: 0.0137982
-------------------------------
Output1 for generation 7001:

Oceanic mean pheno: 9.83764
Freshwater mean pheno: -9.74871
mean Ocean/Fresh Fst: 0.0301941
between lakes Fst: 0.426938
between Marine Regions Fst: 0.0133176
-------------------------------
Output1 for generation 7101:

Oceanic mean pheno: 9.81454
Freshwater mean pheno: -9.87184
mean Ocean/Fresh Fst: 0.030588
between lakes Fst: 0.391528
between Marine Regions Fst: 0.0155699
-------------------------------
Output1 for generation 7201:

Oceanic mean pheno: 10.0088
Freshwater mean pheno: -9.67363
mean Ocean/Fresh Fst: 0.0307366
between lakes Fst: 0.414405
between Marine Regions Fst: 0.0155808
-------------------------------
Output1 for generation 7301:

Oceanic mean pheno: 9.76831
Freshwater mean pheno: -9.5747
mean Ocean/Fresh Fst: 0.0301146
between lakes Fst: 0.398576
between Marine Regions Fst: 0.0150036
-------------------------------
Output1 for generation 7401:

Oceanic mean pheno: 9.89642
Freshwater mean pheno: -9.7443
mean Ocean/Fresh Fst: 0.0302211
between lakes Fst: 0.41329
between Marine Regions Fst: 0.0158515
-------------------------------
Output1 for generation 7501:

Oceanic mean pheno: 9.86456
Freshwater mean pheno: -9.65768
mean Ocean/Fresh Fst: 0.0307118
between lakes Fst: 0.405202
between Marine Regions Fst: 0.0160702
-------------------------------
Output1 for generation 7601:

Oceanic mean pheno: 9.61093
Freshwater mean pheno: -9.71095
mean Ocean/Fresh Fst: 0.03115
between lakes Fst: 0.437442
between Marine Regions Fst: 0.0157246
-------------------------------
Output1 for generation 7701:

Oceanic mean pheno: 10.0321
Freshwater mean pheno: -9.6226
mean Ocean/Fresh Fst: 0.0307688
between lakes Fst: 0.402605
between Marine Regions Fst: 0.0147762
-------------------------------
Output1 for generation 7801:

Oceanic mean pheno: 9.97506
Freshwater mean pheno: -9.43335
mean Ocean/Fresh Fst: 0.0313255
between lakes Fst: 0.454882
between Marine Regions Fst: 0.0148733
-------------------------------
Output1 for generation 7901:

Oceanic mean pheno: 9.78821
Freshwater mean pheno: -9.13801
mean Ocean/Fresh Fst: 0.0311126
between lakes Fst: 0.442664
between Marine Regions Fst: 0.0153681
-------------------------------
Output1 for generation 8001:

Oceanic mean pheno: 9.83306
Freshwater mean pheno: -9.4194
mean Ocean/Fresh Fst: 0.0323759
between lakes Fst: 0.432478
between Marine Regions Fst: 0.0146126
-------------------------------
Output1 for generation 8101:

Oceanic mean pheno: 9.47491
Freshwater mean pheno: -9.56038
mean Ocean/Fresh Fst: 0.0320297
between lakes Fst: 0.426596
between Marine Regions Fst: 0.0143792
-------------------------------
Output1 for generation 8201:

Oceanic mean pheno: 9.34124
Freshwater mean pheno: -9.46073
mean Ocean/Fresh Fst: 0.0325205
between lakes Fst: 0.411214
between Marine Regions Fst: 0.0156808
-------------------------------
Output1 for generation 8301:

Oceanic mean pheno: 9.51482
Freshwater mean pheno: -9.43575
mean Ocean/Fresh Fst: 0.0329428
between lakes Fst: 0.41344
between Marine Regions Fst: 0.0148644
-------------------------------
Output1 for generation 8401:

Oceanic mean pheno: 9.47458
Freshwater mean pheno: -9.56927
mean Ocean/Fresh Fst: 0.0317855
between lakes Fst: 0.396882
between Marine Regions Fst: 0.0149456
-------------------------------
Output1 for generation 8501:

Oceanic mean pheno: 9.49204
Freshwater mean pheno: -9.35731
mean Ocean/Fresh Fst: 0.0329265
between lakes Fst: 0.426537
between Marine Regions Fst: 0.0144445
-------------------------------
Output1 for generation 8601:

Oceanic mean pheno: 9.95327
Freshwater mean pheno: -9.47091
mean Ocean/Fresh Fst: 0.0333718
between lakes Fst: 0.420014
between Marine Regions Fst: 0.0161966
-------------------------------
Output1 for generation 8701:

Oceanic mean pheno: 9.76193
Freshwater mean pheno: -9.52228
mean Ocean/Fresh Fst: 0.0330748
between lakes Fst: 0.435025
between Marine Regions Fst: 0.0150174
-------------------------------
Output1 for generation 8801:

Oceanic mean pheno: 9.43443
Freshwater mean pheno: -9.42229
mean Ocean/Fresh Fst: 0.0338594
between lakes Fst: 0.436667
between Marine Regions Fst: 0.0140819
-------------------------------
Output1 for generation 8901:

Oceanic mean pheno: 9.56095
Freshwater mean pheno: -9.41783
mean Ocean/Fresh Fst: 0.0330338
between lakes Fst: 0.4193
between Marine Regions Fst: 0.0152192
-------------------------------
Output1 for generation 9001:

Oceanic mean pheno: 9.73154
Freshwater mean pheno: -9.25356
mean Ocean/Fresh Fst: 0.0342937
between lakes Fst: 0.443223
between Marine Regions Fst: 0.0163656
-------------------------------
Output1 for generation 9101:

Oceanic mean pheno: 9.64359
Freshwater mean pheno: -9.33888
mean Ocean/Fresh Fst: 0.0356437
between lakes Fst: 0.444176
between Marine Regions Fst: 0.0148898
-------------------------------
Output1 for generation 9201:

Oceanic mean pheno: 9.46132
Freshwater mean pheno: -9.52202
mean Ocean/Fresh Fst: 0.0344931
between lakes Fst: 0.410909
between Marine Regions Fst: 0.0150392
-------------------------------
Output1 for generation 9301:

Oceanic mean pheno: 9.37394
Freshwater mean pheno: -9.42348
mean Ocean/Fresh Fst: 0.0332754
between lakes Fst: 0.439082
between Marine Regions Fst: 0.0150483
-------------------------------
Output1 for generation 9401:

Oceanic mean pheno: 9.39873
Freshwater mean pheno: -9.52146
mean Ocean/Fresh Fst: 0.0325657
between lakes Fst: 0.415926
between Marine Regions Fst: 0.014809
-------------------------------
Output1 for generation 9501:

Oceanic mean pheno: 9.4702
Freshwater mean pheno: -9.40738
mean Ocean/Fresh Fst: 0.0334156
between lakes Fst: 0.440769
between Marine Regions Fst: 0.0149115
-------------------------------
Output1 for generation 9601:

Oceanic mean pheno: 9.60076
Freshwater mean pheno: -9.45414
mean Ocean/Fresh Fst: 0.0324639
between lakes Fst: 0.452796
between Marine Regions Fst: 0.015615
-------------------------------
Output1 for generation 9701:

Oceanic mean pheno: 9.52437
Freshwater mean pheno: -9.55905
mean Ocean/Fresh Fst: 0.0324389
between lakes Fst: 0.447379
between Marine Regions Fst: 0.0139907
-------------------------------
Output1 for generation 9801:

Oceanic mean pheno: 9.68744
Freshwater mean pheno: -9.50029
mean Ocean/Fresh Fst: 0.0327702
between lakes Fst: 0.472882
between Marine Regions Fst: 0.0159596
-------------------------------
Output1 for generation 9901:

Oceanic mean pheno: 9.30436
Freshwater mean pheno: -9.663
mean Ocean/Fresh Fst: 0.0319138
between lakes Fst: 0.414885
between Marine Regions Fst: 0.0161648
-------------------------------
Output1 for generation 10000:

Oceanic mean pheno: 9.5157
Freshwater mean pheno: -9.79206
mean Ocean/Fresh Fst: 0.0329553
between lakes Fst: 0.458479
between Marine Regions Fst: 0.014568
Oceanic mean pheno9.5157
Freshwater mean pheno-9.79206
whole: 1936
Oceanic: 1183
Freshwater: 1431
fstsize: 1936
elapsed: 43:35.64 / kernel: 1.08 / user: 2616.05 / mem: 171892
Done!
