Task ID  - seed 003650
Parameters for SLiM run:
  -s 003650 MyRecipe3_0_2.E
// Initial random seed:
1504839750577

// RunInitializeCallbacks():
initializeSLiMOptions(dimensionality = 'x');
initializeMutationRate(1e-07);
initializeMutationType(1, 0.5, "g", 0.5, 1);
initializeMutationType(2, 0.5, "g", -0.5, 1);
initializeMutationType(3, 0.5, "f", 0);
initializeMutationType(4, 0.5, "f", 0);
initializeGenomicElementType(1, m3, 1);
initializeGenomicElementType(2, c(m1, m2, m3), c(1, 1, 1));
initializeGenomicElement(g1, 0, 4949);
initializeGenomicElement(g2, 4950, 5049);
initializeGenomicElement(g1, 5050, 9999);
initializeGenomicElement(g1, 10000, 14949);
initializeGenomicElement(g2, 14950, 15049);
initializeGenomicElement(g1, 15050, 19999);
initializeGenomicElement(g1, 20000, 24949);
initializeGenomicElement(g2, 24950, 25049);
initializeGenomicElement(g1, 25050, 29999);
initializeGenomicElement(g1, 30000, 34949);
initializeGenomicElement(g2, 34950, 35049);
initializeGenomicElement(g1, 35050, 39999);
initializeGenomicElement(g1, 40000, 44949);
initializeGenomicElement(g2, 44950, 45049);
initializeGenomicElement(g1, 45050, 49999);
initializeGenomicElement(g1, 50000, 54949);
initializeGenomicElement(g2, 54950, 55049);
initializeGenomicElement(g1, 55050, 59999);
initializeGenomicElement(g1, 60000, 64949);
initializeGenomicElement(g2, 64950, 65049);
initializeGenomicElement(g1, 65050, 69999);
initializeGenomicElement(g1, 70000, 74949);
initializeGenomicElement(g2, 74950, 75049);
initializeGenomicElement(g1, 75050, 79999);
initializeGenomicElement(g1, 80000, 84949);
initializeGenomicElement(g2, 84950, 85049);
initializeGenomicElement(g1, 85050, 89999);
initializeGenomicElement(g1, 90000, 94949);
initializeGenomicElement(g2, 94950, 95049);
initializeGenomicElement(g1, 95050, 99999);
end of chromosome position: 100000
initializeRecombinationRate(0.001);
initializeInteractionType(1, "x", reciprocal=T", maxDistance=0.02);
initializeInteractionType(2, "x", reciprocal=T", maxDistance=1);

// Starting run at generation <start>:
1 

-------------------------------
Output1 for generation 1:

Oceanic mean pheno: 9.62859
Freshwater mean pheno: 9.63148
mean Ocean/Fresh Fst: 9.36728e-05
mean Ocean/Fresh Fst (Neutral mutations only): 9.01392e-05
mean Ocean/Fresh Fst (Effect mutations only): 9.53975e-05
between lakes Fst: 0.00232317
between lakes Fst (neutral): 0.00215523
between lakes Fst (effect): 0.00239515
between Marine Regions Fst: 0.00220311
-------------------------------
Output1 for generation 101:

Oceanic mean pheno: 9.39502
Freshwater mean pheno: -7.4565
mean Ocean/Fresh Fst: 0.00644782
mean Ocean/Fresh Fst (Neutral mutations only): 0.00137007
mean Ocean/Fresh Fst (Effect mutations only): 0.0478557
between lakes Fst: 0.0498641
between lakes Fst (neutral): 0.024579
between lakes Fst (effect): 0.173168
between Marine Regions Fst: 0.00618776
-------------------------------
Output1 for generation 201:

Oceanic mean pheno: 8.88411
Freshwater mean pheno: -8.4618
mean Ocean/Fresh Fst: 0.00790563
mean Ocean/Fresh Fst (Neutral mutations only): 0.00224129
mean Ocean/Fresh Fst (Effect mutations only): 0.0576413
between lakes Fst: 0.0749342
between lakes Fst (neutral): 0.0443163
between lakes Fst (effect): 0.249839
between Marine Regions Fst: 0.00711256
-------------------------------
Output1 for generation 301:

Oceanic mean pheno: 9.25946
Freshwater mean pheno: -8.56381
mean Ocean/Fresh Fst: 0.00730251
mean Ocean/Fresh Fst (Neutral mutations only): 0.00251446
mean Ocean/Fresh Fst (Effect mutations only): 0.0576354
between lakes Fst: 0.0841719
between lakes Fst (neutral): 0.0562689
between lakes Fst (effect): 0.265012
between Marine Regions Fst: 0.0058603
-------------------------------
Output1 for generation 401:

Oceanic mean pheno: 8.9129
Freshwater mean pheno: -8.49628
mean Ocean/Fresh Fst: 0.00682957
mean Ocean/Fresh Fst (Neutral mutations only): 0.00253172
mean Ocean/Fresh Fst (Effect mutations only): 0.0545719
between lakes Fst: 0.0838003
between lakes Fst (neutral): 0.0550777
between lakes Fst (effect): 0.281398
between Marine Regions Fst: 0.00685257
-------------------------------
Output1 for generation 501:

Oceanic mean pheno: 9.05137
Freshwater mean pheno: -9.10174
mean Ocean/Fresh Fst: 0.00728528
mean Ocean/Fresh Fst (Neutral mutations only): 0.00282953
mean Ocean/Fresh Fst (Effect mutations only): 0.0576027
between lakes Fst: 0.0921814
between lakes Fst (neutral): 0.060145
between lakes Fst (effect): 0.324651
between Marine Regions Fst: 0.00665553
-------------------------------
Output1 for generation 601:

Oceanic mean pheno: 9.38747
Freshwater mean pheno: -8.78694
mean Ocean/Fresh Fst: 0.00714362
mean Ocean/Fresh Fst (Neutral mutations only): 0.00300766
mean Ocean/Fresh Fst (Effect mutations only): 0.0519342
between lakes Fst: 0.0984808
between lakes Fst (neutral): 0.0666581
between lakes Fst (effect): 0.349569
between Marine Regions Fst: 0.00696957
-------------------------------
Output1 for generation 701:

Oceanic mean pheno: 9.14064
Freshwater mean pheno: -8.75335
mean Ocean/Fresh Fst: 0.00731502
mean Ocean/Fresh Fst (Neutral mutations only): 0.00349199
mean Ocean/Fresh Fst (Effect mutations only): 0.0515722
between lakes Fst: 0.111369
between lakes Fst (neutral): 0.0792307
between lakes Fst (effect): 0.376804
between Marine Regions Fst: 0.0074516
-------------------------------
Output1 for generation 801:

Oceanic mean pheno: 9.29576
Freshwater mean pheno: -8.66274
mean Ocean/Fresh Fst: 0.0079656
mean Ocean/Fresh Fst (Neutral mutations only): 0.00412171
mean Ocean/Fresh Fst (Effect mutations only): 0.0534439
between lakes Fst: 0.117825
between lakes Fst (neutral): 0.0872778
between lakes Fst (effect): 0.375737
between Marine Regions Fst: 0.00721722
-------------------------------
Output1 for generation 901:

Oceanic mean pheno: 9.02415
Freshwater mean pheno: -8.92201
mean Ocean/Fresh Fst: 0.00771873
mean Ocean/Fresh Fst (Neutral mutations only): 0.0040164
mean Ocean/Fresh Fst (Effect mutations only): 0.0596488
between lakes Fst: 0.128923
between lakes Fst (neutral): 0.0984285
between lakes Fst (effect): 0.407784
between Marine Regions Fst: 0.00661786
-------------------------------
Output1 for generation 1001:

Oceanic mean pheno: 9.40565
Freshwater mean pheno: -8.77
mean Ocean/Fresh Fst: 0.0081925
mean Ocean/Fresh Fst (Neutral mutations only): 0.00418848
mean Ocean/Fresh Fst (Effect mutations only): 0.0615092
between lakes Fst: 0.134364
between lakes Fst (neutral): 0.104573
between lakes Fst (effect): 0.4178
between Marine Regions Fst: 0.0066643
-------------------------------
Output1 for generation 1101:

Oceanic mean pheno: 9.71265
Freshwater mean pheno: -8.91853
mean Ocean/Fresh Fst: 0.00845931
mean Ocean/Fresh Fst (Neutral mutations only): 0.00425075
mean Ocean/Fresh Fst (Effect mutations only): 0.0670469
between lakes Fst: 0.129984
between lakes Fst (neutral): 0.1011
between lakes Fst (effect): 0.417218
between Marine Regions Fst: 0.0071336
-------------------------------
Output1 for generation 1201:

Oceanic mean pheno: 9.071
Freshwater mean pheno: -8.59658
mean Ocean/Fresh Fst: 0.0089737
mean Ocean/Fresh Fst (Neutral mutations only): 0.00513485
mean Ocean/Fresh Fst (Effect mutations only): 0.0625641
between lakes Fst: 0.137804
between lakes Fst (neutral): 0.111052
between lakes Fst (effect): 0.394622
between Marine Regions Fst: 0.00724017
-------------------------------
Output1 for generation 1301:

Oceanic mean pheno: 9.56472
Freshwater mean pheno: -8.69587
mean Ocean/Fresh Fst: 0.00875612
mean Ocean/Fresh Fst (Neutral mutations only): 0.00491141
mean Ocean/Fresh Fst (Effect mutations only): 0.064972
between lakes Fst: 0.13916
between lakes Fst (neutral): 0.115977
between lakes Fst (effect): 0.388616
between Marine Regions Fst: 0.00778396
-------------------------------
Output1 for generation 1401:

Oceanic mean pheno: 9.38109
Freshwater mean pheno: -9.22452
mean Ocean/Fresh Fst: 0.00888962
mean Ocean/Fresh Fst (Neutral mutations only): 0.00514535
mean Ocean/Fresh Fst (Effect mutations only): 0.0616984
between lakes Fst: 0.1484
between lakes Fst (neutral): 0.126295
between lakes Fst (effect): 0.378834
between Marine Regions Fst: 0.00797992
-------------------------------
Output1 for generation 1501:

Oceanic mean pheno: 8.78137
Freshwater mean pheno: -9.13429
mean Ocean/Fresh Fst: 0.0080779
mean Ocean/Fresh Fst (Neutral mutations only): 0.00477255
mean Ocean/Fresh Fst (Effect mutations only): 0.056027
between lakes Fst: 0.149697
between lakes Fst (neutral): 0.129092
between lakes Fst (effect): 0.367315
between Marine Regions Fst: 0.00800463
-------------------------------
Output1 for generation 1601:

Oceanic mean pheno: 9.15842
Freshwater mean pheno: -8.89683
mean Ocean/Fresh Fst: 0.00840239
mean Ocean/Fresh Fst (Neutral mutations only): 0.00483224
mean Ocean/Fresh Fst (Effect mutations only): 0.0583393
between lakes Fst: 0.142101
between lakes Fst (neutral): 0.124338
between lakes Fst (effect): 0.330338
between Marine Regions Fst: 0.00787481
-------------------------------
Output1 for generation 1701:

Oceanic mean pheno: 8.96097
Freshwater mean pheno: -9.1946
mean Ocean/Fresh Fst: 0.00856941
mean Ocean/Fresh Fst (Neutral mutations only): 0.00486087
mean Ocean/Fresh Fst (Effect mutations only): 0.0646986
between lakes Fst: 0.155042
between lakes Fst (neutral): 0.135442
between lakes Fst (effect): 0.374503
between Marine Regions Fst: 0.0075216
-------------------------------
Output1 for generation 1801:

Oceanic mean pheno: 9.15325
Freshwater mean pheno: -9.07543
mean Ocean/Fresh Fst: 0.00897192
mean Ocean/Fresh Fst (Neutral mutations only): 0.0052207
mean Ocean/Fresh Fst (Effect mutations only): 0.0619762
between lakes Fst: 0.157918
between lakes Fst (neutral): 0.138202
between lakes Fst (effect): 0.366003
between Marine Regions Fst: 0.0080444
-------------------------------
Output1 for generation 1901:

Oceanic mean pheno: 9.15179
Freshwater mean pheno: -9.20351
mean Ocean/Fresh Fst: 0.00859028
mean Ocean/Fresh Fst (Neutral mutations only): 0.00502807
mean Ocean/Fresh Fst (Effect mutations only): 0.0675151
between lakes Fst: 0.150301
between lakes Fst (neutral): 0.130353
between lakes Fst (effect): 0.393946
between Marine Regions Fst: 0.00718603
-------------------------------
Output1 for generation 2001:

Oceanic mean pheno: 9.44746
Freshwater mean pheno: -9.02353
mean Ocean/Fresh Fst: 0.00878577
mean Ocean/Fresh Fst (Neutral mutations only): 0.00534048
mean Ocean/Fresh Fst (Effect mutations only): 0.0627778
between lakes Fst: 0.169834
between lakes Fst (neutral): 0.149013
between lakes Fst (effect): 0.396805
between Marine Regions Fst: 0.00774622
-------------------------------
Output1 for generation 2101:

Oceanic mean pheno: 9.15973
Freshwater mean pheno: -9.00655
mean Ocean/Fresh Fst: 0.00885313
mean Ocean/Fresh Fst (Neutral mutations only): 0.00538583
mean Ocean/Fresh Fst (Effect mutations only): 0.0614635
between lakes Fst: 0.167894
between lakes Fst (neutral): 0.14817
between lakes Fst (effect): 0.389849
between Marine Regions Fst: 0.0073502
-------------------------------
Output1 for generation 2201:

Oceanic mean pheno: 9.44388
Freshwater mean pheno: -8.89341
mean Ocean/Fresh Fst: 0.00911452
mean Ocean/Fresh Fst (Neutral mutations only): 0.00559416
mean Ocean/Fresh Fst (Effect mutations only): 0.0636559
between lakes Fst: 0.167539
between lakes Fst (neutral): 0.1496
between lakes Fst (effect): 0.382537
between Marine Regions Fst: 0.00829642
-------------------------------
Output1 for generation 2301:

Oceanic mean pheno: 8.8889
Freshwater mean pheno: -9.15985
mean Ocean/Fresh Fst: 0.00919392
mean Ocean/Fresh Fst (Neutral mutations only): 0.00566713
mean Ocean/Fresh Fst (Effect mutations only): 0.0639571
between lakes Fst: 0.159662
between lakes Fst (neutral): 0.142329
between lakes Fst (effect): 0.3679
between Marine Regions Fst: 0.00811901
-------------------------------
Output1 for generation 2401:

Oceanic mean pheno: 9.5449
Freshwater mean pheno: -8.91662
mean Ocean/Fresh Fst: 0.0090538
mean Ocean/Fresh Fst (Neutral mutations only): 0.00553539
mean Ocean/Fresh Fst (Effect mutations only): 0.0706523
between lakes Fst: 0.159097
between lakes Fst (neutral): 0.143532
between lakes Fst (effect): 0.364604
between Marine Regions Fst: 0.00789192
-------------------------------
Output1 for generation 2501:

Oceanic mean pheno: 9.12624
Freshwater mean pheno: -8.97105
mean Ocean/Fresh Fst: 0.00854417
mean Ocean/Fresh Fst (Neutral mutations only): 0.00504961
mean Ocean/Fresh Fst (Effect mutations only): 0.0711332
between lakes Fst: 0.160587
between lakes Fst (neutral): 0.143829
between lakes Fst (effect): 0.384629
between Marine Regions Fst: 0.0086512
-------------------------------
Output1 for generation 2601:

Oceanic mean pheno: 9.40256
Freshwater mean pheno: -8.82349
mean Ocean/Fresh Fst: 0.00900384
mean Ocean/Fresh Fst (Neutral mutations only): 0.00535288
mean Ocean/Fresh Fst (Effect mutations only): 0.0754514
between lakes Fst: 0.176442
between lakes Fst (neutral): 0.157276
between lakes Fst (effect): 0.434255
between Marine Regions Fst: 0.0079582
-------------------------------
Output1 for generation 2701:

Oceanic mean pheno: 9.70229
Freshwater mean pheno: -9.09136
mean Ocean/Fresh Fst: 0.0096932
mean Ocean/Fresh Fst (Neutral mutations only): 0.00582845
mean Ocean/Fresh Fst (Effect mutations only): 0.0836142
between lakes Fst: 0.173662
between lakes Fst (neutral): 0.157043
between lakes Fst (effect): 0.401584
between Marine Regions Fst: 0.00771902
-------------------------------
Output1 for generation 2801:

Oceanic mean pheno: 9.08238
Freshwater mean pheno: -8.57207
mean Ocean/Fresh Fst: 0.008763
mean Ocean/Fresh Fst (Neutral mutations only): 0.00544766
mean Ocean/Fresh Fst (Effect mutations only): 0.0762854
between lakes Fst: 0.162698
between lakes Fst (neutral): 0.146295
between lakes Fst (effect): 0.412295
between Marine Regions Fst: 0.0080289
-------------------------------
Output1 for generation 2901:

Oceanic mean pheno: 9.06349
Freshwater mean pheno: -8.85664
mean Ocean/Fresh Fst: 0.00885844
mean Ocean/Fresh Fst (Neutral mutations only): 0.00542347
mean Ocean/Fresh Fst (Effect mutations only): 0.0774488
between lakes Fst: 0.168892
between lakes Fst (neutral): 0.152334
between lakes Fst (effect): 0.422686
between Marine Regions Fst: 0.00824302
-------------------------------
Output1 for generation 3001:

Oceanic mean pheno: 9.19557
Freshwater mean pheno: -8.7571
mean Ocean/Fresh Fst: 0.00938421
mean Ocean/Fresh Fst (Neutral mutations only): 0.0058131
mean Ocean/Fresh Fst (Effect mutations only): 0.0749278
between lakes Fst: 0.179023
between lakes Fst (neutral): 0.1627
between lakes Fst (effect): 0.407286
between Marine Regions Fst: 0.00791411
-------------------------------
Output1 for generation 3101:

Oceanic mean pheno: 9.31902
Freshwater mean pheno: -9.04125
mean Ocean/Fresh Fst: 0.00988969
mean Ocean/Fresh Fst (Neutral mutations only): 0.00598721
mean Ocean/Fresh Fst (Effect mutations only): 0.0858282
between lakes Fst: 0.182434
between lakes Fst (neutral): 0.165789
between lakes Fst (effect): 0.415744
between Marine Regions Fst: 0.00859246
-------------------------------
Output1 for generation 3201:

Oceanic mean pheno: 9.40842
Freshwater mean pheno: -8.88084
mean Ocean/Fresh Fst: 0.00923513
mean Ocean/Fresh Fst (Neutral mutations only): 0.00559015
mean Ocean/Fresh Fst (Effect mutations only): 0.0804569
between lakes Fst: 0.172565
between lakes Fst (neutral): 0.155891
between lakes Fst (effect): 0.412723
between Marine Regions Fst: 0.00833044
-------------------------------
Output1 for generation 3301:

Oceanic mean pheno: 8.93604
Freshwater mean pheno: -8.67156
mean Ocean/Fresh Fst: 0.00860345
mean Ocean/Fresh Fst (Neutral mutations only): 0.00532468
mean Ocean/Fresh Fst (Effect mutations only): 0.0786598
between lakes Fst: 0.161531
between lakes Fst (neutral): 0.144815
between lakes Fst (effect): 0.438079
between Marine Regions Fst: 0.00771057
-------------------------------
Output1 for generation 3401:

Oceanic mean pheno: 8.45531
Freshwater mean pheno: -8.67808
mean Ocean/Fresh Fst: 0.00881199
mean Ocean/Fresh Fst (Neutral mutations only): 0.00557559
mean Ocean/Fresh Fst (Effect mutations only): 0.07354
between lakes Fst: 0.169668
between lakes Fst (neutral): 0.152748
between lakes Fst (effect): 0.440392
between Marine Regions Fst: 0.007753
-------------------------------
Output1 for generation 3501:

Oceanic mean pheno: 8.78405
Freshwater mean pheno: -8.97435
mean Ocean/Fresh Fst: 0.00929579
mean Ocean/Fresh Fst (Neutral mutations only): 0.00581771
mean Ocean/Fresh Fst (Effect mutations only): 0.0762075
between lakes Fst: 0.172944
between lakes Fst (neutral): 0.156504
between lakes Fst (effect): 0.413797
between Marine Regions Fst: 0.00847769
-------------------------------
Output1 for generation 3601:

Oceanic mean pheno: 9.2179
Freshwater mean pheno: -8.74219
mean Ocean/Fresh Fst: 0.00974742
mean Ocean/Fresh Fst (Neutral mutations only): 0.00612347
mean Ocean/Fresh Fst (Effect mutations only): 0.0804728
between lakes Fst: 0.172571
between lakes Fst (neutral): 0.15696
between lakes Fst (effect): 0.401798
between Marine Regions Fst: 0.00761126
-------------------------------
Output1 for generation 3701:

Oceanic mean pheno: 8.97993
Freshwater mean pheno: -8.93562
mean Ocean/Fresh Fst: 0.00971245
mean Ocean/Fresh Fst (Neutral mutations only): 0.0062072
mean Ocean/Fresh Fst (Effect mutations only): 0.0795949
between lakes Fst: 0.173562
between lakes Fst (neutral): 0.156787
between lakes Fst (effect): 0.439121
between Marine Regions Fst: 0.00917199
-------------------------------
Output1 for generation 3801:

Oceanic mean pheno: 9.45352
Freshwater mean pheno: -8.65016
mean Ocean/Fresh Fst: 0.00968566
mean Ocean/Fresh Fst (Neutral mutations only): 0.00635056
mean Ocean/Fresh Fst (Effect mutations only): 0.0789572
between lakes Fst: 0.181197
between lakes Fst (neutral): 0.164648
between lakes Fst (effect): 0.439643
between Marine Regions Fst: 0.00811151
-------------------------------
Output1 for generation 3901:

Oceanic mean pheno: 8.8976
Freshwater mean pheno: -8.73903
mean Ocean/Fresh Fst: 0.00956915
mean Ocean/Fresh Fst (Neutral mutations only): 0.00645033
mean Ocean/Fresh Fst (Effect mutations only): 0.0721469
between lakes Fst: 0.19362
between lakes Fst (neutral): 0.178085
between lakes Fst (effect): 0.433349
between Marine Regions Fst: 0.00817574
-------------------------------
Output1 for generation 4001:

Oceanic mean pheno: 9.1563
Freshwater mean pheno: -8.55089
mean Ocean/Fresh Fst: 0.00889054
mean Ocean/Fresh Fst (Neutral mutations only): 0.00569681
mean Ocean/Fresh Fst (Effect mutations only): 0.0772805
between lakes Fst: 0.181408
between lakes Fst (neutral): 0.168074
between lakes Fst (effect): 0.400144
between Marine Regions Fst: 0.00846911
-------------------------------
Output1 for generation 4101:

Oceanic mean pheno: 8.7452
Freshwater mean pheno: -9.20953
mean Ocean/Fresh Fst: 0.00895024
mean Ocean/Fresh Fst (Neutral mutations only): 0.00543938
mean Ocean/Fresh Fst (Effect mutations only): 0.0813326
between lakes Fst: 0.181392
between lakes Fst (neutral): 0.166223
between lakes Fst (effect): 0.414326
between Marine Regions Fst: 0.00763665
-------------------------------
Output1 for generation 4201:

Oceanic mean pheno: 9.34383
Freshwater mean pheno: -8.9338
mean Ocean/Fresh Fst: 0.00913717
mean Ocean/Fresh Fst (Neutral mutations only): 0.00565958
mean Ocean/Fresh Fst (Effect mutations only): 0.0802104
between lakes Fst: 0.180785
between lakes Fst (neutral): 0.164344
between lakes Fst (effect): 0.446851
between Marine Regions Fst: 0.00844661
-------------------------------
Output1 for generation 4301:

Oceanic mean pheno: 9.22069
Freshwater mean pheno: -8.68344
mean Ocean/Fresh Fst: 0.00970288
mean Ocean/Fresh Fst (Neutral mutations only): 0.00620211
mean Ocean/Fresh Fst (Effect mutations only): 0.085553
between lakes Fst: 0.182091
between lakes Fst (neutral): 0.166816
between lakes Fst (effect): 0.454036
between Marine Regions Fst: 0.00880369
-------------------------------
Output1 for generation 4401:

Oceanic mean pheno: 8.98678
Freshwater mean pheno: -8.59012
mean Ocean/Fresh Fst: 0.00884342
mean Ocean/Fresh Fst (Neutral mutations only): 0.00575806
mean Ocean/Fresh Fst (Effect mutations only): 0.0832227
between lakes Fst: 0.169133
between lakes Fst (neutral): 0.155494
between lakes Fst (effect): 0.433493
between Marine Regions Fst: 0.00783934
-------------------------------
Output1 for generation 4501:

Oceanic mean pheno: 9.1762
Freshwater mean pheno: -8.58608
mean Ocean/Fresh Fst: 0.00935129
mean Ocean/Fresh Fst (Neutral mutations only): 0.00611459
mean Ocean/Fresh Fst (Effect mutations only): 0.0859728
between lakes Fst: 0.183588
between lakes Fst (neutral): 0.169848
between lakes Fst (effect): 0.434486
between Marine Regions Fst: 0.00822812
-------------------------------
Output1 for generation 4601:

Oceanic mean pheno: 9.42047
Freshwater mean pheno: -8.72787
mean Ocean/Fresh Fst: 0.00922418
mean Ocean/Fresh Fst (Neutral mutations only): 0.00599283
mean Ocean/Fresh Fst (Effect mutations only): 0.0803677
between lakes Fst: 0.186191
between lakes Fst (neutral): 0.173132
between lakes Fst (effect): 0.42705
between Marine Regions Fst: 0.00829749
-------------------------------
Output1 for generation 4701:

Oceanic mean pheno: 8.95216
Freshwater mean pheno: -8.97105
mean Ocean/Fresh Fst: 0.00946592
mean Ocean/Fresh Fst (Neutral mutations only): 0.00633138
mean Ocean/Fresh Fst (Effect mutations only): 0.0804979
between lakes Fst: 0.176459
between lakes Fst (neutral): 0.163461
between lakes Fst (effect): 0.417984
between Marine Regions Fst: 0.00834358
-------------------------------
Output1 for generation 4801:

Oceanic mean pheno: 9.1796
Freshwater mean pheno: -9.0706
mean Ocean/Fresh Fst: 0.00986673
mean Ocean/Fresh Fst (Neutral mutations only): 0.00655958
mean Ocean/Fresh Fst (Effect mutations only): 0.0835769
between lakes Fst: 0.180411
between lakes Fst (neutral): 0.167917
between lakes Fst (effect): 0.407119
between Marine Regions Fst: 0.00845074
-------------------------------
Output1 for generation 4901:

Oceanic mean pheno: 8.80135
Freshwater mean pheno: -8.82943
mean Ocean/Fresh Fst: 0.00925956
mean Ocean/Fresh Fst (Neutral mutations only): 0.00612367
mean Ocean/Fresh Fst (Effect mutations only): 0.0855287
between lakes Fst: 0.179009
between lakes Fst (neutral): 0.167884
between lakes Fst (effect): 0.392451
between Marine Regions Fst: 0.00834487
-------------------------------
Output1 for generation 5001:

Oceanic mean pheno: 8.65625
Freshwater mean pheno: -9.15926
mean Ocean/Fresh Fst: 0.010247
mean Ocean/Fresh Fst (Neutral mutations only): 0.00713187
mean Ocean/Fresh Fst (Effect mutations only): 0.0900428
between lakes Fst: 0.189784
between lakes Fst (neutral): 0.178566
between lakes Fst (effect): 0.414815
between Marine Regions Fst: 0.00843971
-------------------------------
Output1 for generation 5101:

Oceanic mean pheno: 8.87347
Freshwater mean pheno: -8.87625
mean Ocean/Fresh Fst: 0.00961606
mean Ocean/Fresh Fst (Neutral mutations only): 0.00647388
mean Ocean/Fresh Fst (Effect mutations only): 0.0911941
between lakes Fst: 0.187459
between lakes Fst (neutral): 0.175893
between lakes Fst (effect): 0.426048
between Marine Regions Fst: 0.00854122
-------------------------------
Output1 for generation 5201:

Oceanic mean pheno: 8.70024
Freshwater mean pheno: -8.49774
mean Ocean/Fresh Fst: 0.00905042
mean Ocean/Fresh Fst (Neutral mutations only): 0.00627488
mean Ocean/Fresh Fst (Effect mutations only): 0.0743219
between lakes Fst: 0.179962
between lakes Fst (neutral): 0.169084
between lakes Fst (effect): 0.383392
between Marine Regions Fst: 0.00777683
-------------------------------
Output1 for generation 5301:

Oceanic mean pheno: 8.97083
Freshwater mean pheno: -8.338
mean Ocean/Fresh Fst: 0.00946732
mean Ocean/Fresh Fst (Neutral mutations only): 0.00658952
mean Ocean/Fresh Fst (Effect mutations only): 0.0715996
between lakes Fst: 0.19367
between lakes Fst (neutral): 0.182174
between lakes Fst (effect): 0.404159
between Marine Regions Fst: 0.00877729
-------------------------------
Output1 for generation 5401:

Oceanic mean pheno: 8.89622
Freshwater mean pheno: -8.49807
mean Ocean/Fresh Fst: 0.0091765
mean Ocean/Fresh Fst (Neutral mutations only): 0.00628727
mean Ocean/Fresh Fst (Effect mutations only): 0.0837079
between lakes Fst: 0.188753
between lakes Fst (neutral): 0.17706
between lakes Fst (effect): 0.423727
between Marine Regions Fst: 0.00835089
-------------------------------
Output1 for generation 5501:

Oceanic mean pheno: 8.82421
Freshwater mean pheno: -8.78387
mean Ocean/Fresh Fst: 0.00916472
mean Ocean/Fresh Fst (Neutral mutations only): 0.00619788
mean Ocean/Fresh Fst (Effect mutations only): 0.0871423
between lakes Fst: 0.193428
between lakes Fst (neutral): 0.182075
between lakes Fst (effect): 0.420269
between Marine Regions Fst: 0.00855256
-------------------------------
Output1 for generation 5601:

Oceanic mean pheno: 9.3047
Freshwater mean pheno: -8.79787
mean Ocean/Fresh Fst: 0.00950286
mean Ocean/Fresh Fst (Neutral mutations only): 0.00634824
mean Ocean/Fresh Fst (Effect mutations only): 0.0845067
between lakes Fst: 0.192649
between lakes Fst (neutral): 0.180803
between lakes Fst (effect): 0.419445
between Marine Regions Fst: 0.00803525
-------------------------------
Output1 for generation 5701:

Oceanic mean pheno: 9.32891
Freshwater mean pheno: -8.81741
mean Ocean/Fresh Fst: 0.00959439
mean Ocean/Fresh Fst (Neutral mutations only): 0.00653233
mean Ocean/Fresh Fst (Effect mutations only): 0.0907102
between lakes Fst: 0.185606
between lakes Fst (neutral): 0.174719
between lakes Fst (effect): 0.409841
between Marine Regions Fst: 0.00910326
-------------------------------
Output1 for generation 5801:

Oceanic mean pheno: 9.3913
Freshwater mean pheno: -8.35579
mean Ocean/Fresh Fst: 0.00954345
mean Ocean/Fresh Fst (Neutral mutations only): 0.0064985
mean Ocean/Fresh Fst (Effect mutations only): 0.084906
between lakes Fst: 0.191418
between lakes Fst (neutral): 0.180939
between lakes Fst (effect): 0.392042
between Marine Regions Fst: 0.00872143
-------------------------------
Output1 for generation 5901:

Oceanic mean pheno: 9.15348
Freshwater mean pheno: -8.58095
mean Ocean/Fresh Fst: 0.0093652
mean Ocean/Fresh Fst (Neutral mutations only): 0.00636645
mean Ocean/Fresh Fst (Effect mutations only): 0.0891781
between lakes Fst: 0.189578
between lakes Fst (neutral): 0.178099
between lakes Fst (effect): 0.43615
between Marine Regions Fst: 0.00847223
-------------------------------
Output1 for generation 6001:

Oceanic mean pheno: 9.09701
Freshwater mean pheno: -8.45797
mean Ocean/Fresh Fst: 0.0092733
mean Ocean/Fresh Fst (Neutral mutations only): 0.00632021
mean Ocean/Fresh Fst (Effect mutations only): 0.0898173
between lakes Fst: 0.18998
between lakes Fst (neutral): 0.178571
between lakes Fst (effect): 0.427327
between Marine Regions Fst: 0.00887636
-------------------------------
Output1 for generation 6101:

Oceanic mean pheno: 9.38711
Freshwater mean pheno: -8.58724
mean Ocean/Fresh Fst: 0.010001
mean Ocean/Fresh Fst (Neutral mutations only): 0.00684352
mean Ocean/Fresh Fst (Effect mutations only): 0.092652
between lakes Fst: 0.201848
between lakes Fst (neutral): 0.191402
between lakes Fst (effect): 0.419522
between Marine Regions Fst: 0.00845657
-------------------------------
Output1 for generation 6201:

Oceanic mean pheno: 9.08459
Freshwater mean pheno: -8.66608
mean Ocean/Fresh Fst: 0.0101071
mean Ocean/Fresh Fst (Neutral mutations only): 0.00701169
mean Ocean/Fresh Fst (Effect mutations only): 0.0856355
between lakes Fst: 0.194658
between lakes Fst (neutral): 0.184274
between lakes Fst (effect): 0.40213
between Marine Regions Fst: 0.00860165
-------------------------------
Output1 for generation 6301:

Oceanic mean pheno: 9.11404
Freshwater mean pheno: -9.22603
mean Ocean/Fresh Fst: 0.0102038
mean Ocean/Fresh Fst (Neutral mutations only): 0.00691719
mean Ocean/Fresh Fst (Effect mutations only): 0.0947418
between lakes Fst: 0.190685
between lakes Fst (neutral): 0.178956
between lakes Fst (effect): 0.444174
between Marine Regions Fst: 0.00957327
-------------------------------
Output1 for generation 6401:

Oceanic mean pheno: 9.07981
Freshwater mean pheno: -9.1486
mean Ocean/Fresh Fst: 0.00941198
mean Ocean/Fresh Fst (Neutral mutations only): 0.00626881
mean Ocean/Fresh Fst (Effect mutations only): 0.099118
between lakes Fst: 0.182596
between lakes Fst (neutral): 0.171366
between lakes Fst (effect): 0.423594
between Marine Regions Fst: 0.0087607
-------------------------------
Output1 for generation 6501:

Oceanic mean pheno: 8.89331
Freshwater mean pheno: -8.85185
mean Ocean/Fresh Fst: 0.00959943
mean Ocean/Fresh Fst (Neutral mutations only): 0.00670704
mean Ocean/Fresh Fst (Effect mutations only): 0.0882503
between lakes Fst: 0.180282
between lakes Fst (neutral): 0.168096
between lakes Fst (effect): 0.441303
between Marine Regions Fst: 0.00781006
-------------------------------
Output1 for generation 6601:

Oceanic mean pheno: 9.08936
Freshwater mean pheno: -8.75913
mean Ocean/Fresh Fst: 0.00923641
mean Ocean/Fresh Fst (Neutral mutations only): 0.0064246
mean Ocean/Fresh Fst (Effect mutations only): 0.0842534
between lakes Fst: 0.178038
between lakes Fst (neutral): 0.165726
between lakes Fst (effect): 0.44497
between Marine Regions Fst: 0.00776495
-------------------------------
Output1 for generation 6701:

Oceanic mean pheno: 9.12932
Freshwater mean pheno: -8.64369
mean Ocean/Fresh Fst: 0.00926805
mean Ocean/Fresh Fst (Neutral mutations only): 0.00632462
mean Ocean/Fresh Fst (Effect mutations only): 0.0891936
between lakes Fst: 0.174951
between lakes Fst (neutral): 0.16424
between lakes Fst (effect): 0.411661
between Marine Regions Fst: 0.00853575
-------------------------------
Output1 for generation 6801:

Oceanic mean pheno: 9.24874
Freshwater mean pheno: -8.9033
mean Ocean/Fresh Fst: 0.00935817
mean Ocean/Fresh Fst (Neutral mutations only): 0.00630857
mean Ocean/Fresh Fst (Effect mutations only): 0.0878005
between lakes Fst: 0.180614
between lakes Fst (neutral): 0.170338
between lakes Fst (effect): 0.386148
between Marine Regions Fst: 0.00852122
-------------------------------
Output1 for generation 6901:

Oceanic mean pheno: 9.29634
Freshwater mean pheno: -8.89309
mean Ocean/Fresh Fst: 0.00922413
mean Ocean/Fresh Fst (Neutral mutations only): 0.00608847
mean Ocean/Fresh Fst (Effect mutations only): 0.0986224
between lakes Fst: 0.188876
between lakes Fst (neutral): 0.177175
between lakes Fst (effect): 0.43959
between Marine Regions Fst: 0.00834574
-------------------------------
Output1 for generation 7001:

Oceanic mean pheno: 9.5161
Freshwater mean pheno: -8.66824
mean Ocean/Fresh Fst: 0.00919917
mean Ocean/Fresh Fst (Neutral mutations only): 0.00601789
mean Ocean/Fresh Fst (Effect mutations only): 0.0923324
between lakes Fst: 0.194287
between lakes Fst (neutral): 0.184342
between lakes Fst (effect): 0.39748
between Marine Regions Fst: 0.00886921
-------------------------------
Output1 for generation 7101:

Oceanic mean pheno: 9.09848
Freshwater mean pheno: -8.94344
mean Ocean/Fresh Fst: 0.00949247
mean Ocean/Fresh Fst (Neutral mutations only): 0.00645873
mean Ocean/Fresh Fst (Effect mutations only): 0.0893999
between lakes Fst: 0.198994
between lakes Fst (neutral): 0.189832
between lakes Fst (effect): 0.3824
between Marine Regions Fst: 0.00772247
-------------------------------
Output1 for generation 7201:

Oceanic mean pheno: 9.05872
Freshwater mean pheno: -8.95215
mean Ocean/Fresh Fst: 0.00940003
mean Ocean/Fresh Fst (Neutral mutations only): 0.00657282
mean Ocean/Fresh Fst (Effect mutations only): 0.0802291
between lakes Fst: 0.194096
between lakes Fst (neutral): 0.187258
between lakes Fst (effect): 0.33085
between Marine Regions Fst: 0.00806923
-------------------------------
Output1 for generation 7301:

Oceanic mean pheno: 9.1484
Freshwater mean pheno: -9.22881
mean Ocean/Fresh Fst: 0.00965795
mean Ocean/Fresh Fst (Neutral mutations only): 0.00664371
mean Ocean/Fresh Fst (Effect mutations only): 0.0920859
between lakes Fst: 0.195239
between lakes Fst (neutral): 0.18686
between lakes Fst (effect): 0.381965
between Marine Regions Fst: 0.00895708
-------------------------------
Output1 for generation 7401:

Oceanic mean pheno: 9.45136
Freshwater mean pheno: -9.31267
mean Ocean/Fresh Fst: 0.00980238
mean Ocean/Fresh Fst (Neutral mutations only): 0.00666356
mean Ocean/Fresh Fst (Effect mutations only): 0.0917078
between lakes Fst: 0.205048
between lakes Fst (neutral): 0.195478
between lakes Fst (effect): 0.411575
between Marine Regions Fst: 0.00918777
-------------------------------
Output1 for generation 7501:

Oceanic mean pheno: 9.08399
Freshwater mean pheno: -8.51112
mean Ocean/Fresh Fst: 0.00982072
mean Ocean/Fresh Fst (Neutral mutations only): 0.00707858
mean Ocean/Fresh Fst (Effect mutations only): 0.085364
between lakes Fst: 0.20933
between lakes Fst (neutral): 0.199758
between lakes Fst (effect): 0.422314
between Marine Regions Fst: 0.00924606
-------------------------------
Output1 for generation 7601:

Oceanic mean pheno: 9.18238
Freshwater mean pheno: -8.93719
mean Ocean/Fresh Fst: 0.00991233
mean Ocean/Fresh Fst (Neutral mutations only): 0.00705242
mean Ocean/Fresh Fst (Effect mutations only): 0.0918776
between lakes Fst: 0.188677
between lakes Fst (neutral): 0.178095
between lakes Fst (effect): 0.456272
between Marine Regions Fst: 0.00798599
-------------------------------
Output1 for generation 7701:

Oceanic mean pheno: 9.66111
Freshwater mean pheno: -8.90835
mean Ocean/Fresh Fst: 0.0102685
mean Ocean/Fresh Fst (Neutral mutations only): 0.00721989
mean Ocean/Fresh Fst (Effect mutations only): 0.0950429
between lakes Fst: 0.197073
between lakes Fst (neutral): 0.186173
between lakes Fst (effect): 0.462452
between Marine Regions Fst: 0.00924024
-------------------------------
Output1 for generation 7801:

Oceanic mean pheno: 9.4976
Freshwater mean pheno: -9.0936
mean Ocean/Fresh Fst: 0.0112877
mean Ocean/Fresh Fst (Neutral mutations only): 0.00811794
mean Ocean/Fresh Fst (Effect mutations only): 0.096746
between lakes Fst: 0.203138
between lakes Fst (neutral): 0.194006
between lakes Fst (effect): 0.403856
between Marine Regions Fst: 0.00866984
-------------------------------
Output1 for generation 7901:

Oceanic mean pheno: 9.40784
Freshwater mean pheno: -9.22599
mean Ocean/Fresh Fst: 0.0108868
mean Ocean/Fresh Fst (Neutral mutations only): 0.00768602
mean Ocean/Fresh Fst (Effect mutations only): 0.102172
between lakes Fst: 0.208883
between lakes Fst (neutral): 0.200162
between lakes Fst (effect): 0.403453
between Marine Regions Fst: 0.00856114
-------------------------------
Output1 for generation 8001:

Oceanic mean pheno: 9.20892
Freshwater mean pheno: -9.42674
mean Ocean/Fresh Fst: 0.0101234
mean Ocean/Fresh Fst (Neutral mutations only): 0.00690511
mean Ocean/Fresh Fst (Effect mutations only): 0.101394
between lakes Fst: 0.202511
between lakes Fst (neutral): 0.194796
between lakes Fst (effect): 0.375806
between Marine Regions Fst: 0.00906697
-------------------------------
Output1 for generation 8101:

Oceanic mean pheno: 9.00174
Freshwater mean pheno: -9.63374
mean Ocean/Fresh Fst: 0.0108576
mean Ocean/Fresh Fst (Neutral mutations only): 0.00780981
mean Ocean/Fresh Fst (Effect mutations only): 0.107726
between lakes Fst: 0.200194
between lakes Fst (neutral): 0.19219
between lakes Fst (effect): 0.405993
between Marine Regions Fst: 0.00962311
-------------------------------
Output1 for generation 8201:

Oceanic mean pheno: 9.09957
Freshwater mean pheno: -9.14151
mean Ocean/Fresh Fst: 0.0098485
mean Ocean/Fresh Fst (Neutral mutations only): 0.00695387
mean Ocean/Fresh Fst (Effect mutations only): 0.105436
between lakes Fst: 0.202037
between lakes Fst (neutral): 0.192872
between lakes Fst (effect): 0.434212
between Marine Regions Fst: 0.00856465
-------------------------------
Output1 for generation 8301:

Oceanic mean pheno: 9.41757
Freshwater mean pheno: -8.95471
mean Ocean/Fresh Fst: 0.00983919
mean Ocean/Fresh Fst (Neutral mutations only): 0.00692064
mean Ocean/Fresh Fst (Effect mutations only): 0.101929
between lakes Fst: 0.203392
between lakes Fst (neutral): 0.193626
between lakes Fst (effect): 0.459531
between Marine Regions Fst: 0.00837787
-------------------------------
Output1 for generation 8401:

Oceanic mean pheno: 9.63604
Freshwater mean pheno: -8.92544
mean Ocean/Fresh Fst: 0.010047
mean Ocean/Fresh Fst (Neutral mutations only): 0.00696993
mean Ocean/Fresh Fst (Effect mutations only): 0.107858
between lakes Fst: 0.208129
between lakes Fst (neutral): 0.198665
between lakes Fst (effect): 0.443696
between Marine Regions Fst: 0.00882492
-------------------------------
Output1 for generation 8501:

Oceanic mean pheno: 9.15221
Freshwater mean pheno: -8.87221
mean Ocean/Fresh Fst: 0.0102236
mean Ocean/Fresh Fst (Neutral mutations only): 0.00725654
mean Ocean/Fresh Fst (Effect mutations only): 0.0951633
between lakes Fst: 0.204035
between lakes Fst (neutral): 0.194362
between lakes Fst (effect): 0.440503
between Marine Regions Fst: 0.00991443
-------------------------------
Output1 for generation 8601:

Oceanic mean pheno: 8.72717
Freshwater mean pheno: -8.98078
mean Ocean/Fresh Fst: 0.00937653
mean Ocean/Fresh Fst (Neutral mutations only): 0.00684531
mean Ocean/Fresh Fst (Effect mutations only): 0.0768912
between lakes Fst: 0.200187
between lakes Fst (neutral): 0.192502
between lakes Fst (effect): 0.366436
between Marine Regions Fst: 0.00853033
-------------------------------
Output1 for generation 8701:

Oceanic mean pheno: 9.08914
Freshwater mean pheno: -9.01742
mean Ocean/Fresh Fst: 0.00924638
mean Ocean/Fresh Fst (Neutral mutations only): 0.00658677
mean Ocean/Fresh Fst (Effect mutations only): 0.0844314
between lakes Fst: 0.193319
between lakes Fst (neutral): 0.18471
between lakes Fst (effect): 0.394141
between Marine Regions Fst: 0.009062
-------------------------------
Output1 for generation 8801:

Oceanic mean pheno: 8.98038
Freshwater mean pheno: -9.01954
mean Ocean/Fresh Fst: 0.00967376
mean Ocean/Fresh Fst (Neutral mutations only): 0.00701175
mean Ocean/Fresh Fst (Effect mutations only): 0.0874982
between lakes Fst: 0.193912
between lakes Fst (neutral): 0.185517
between lakes Fst (effect): 0.398873
between Marine Regions Fst: 0.0084171
-------------------------------
Output1 for generation 8901:

Oceanic mean pheno: 9.08035
Freshwater mean pheno: -8.96451
mean Ocean/Fresh Fst: 0.00959385
mean Ocean/Fresh Fst (Neutral mutations only): 0.00702491
mean Ocean/Fresh Fst (Effect mutations only): 0.0865079
between lakes Fst: 0.201964
between lakes Fst (neutral): 0.193796
between lakes Fst (effect): 0.39434
between Marine Regions Fst: 0.00898804
-------------------------------
Output1 for generation 9001:

Oceanic mean pheno: 8.9406
Freshwater mean pheno: -8.95992
mean Ocean/Fresh Fst: 0.00968536
mean Ocean/Fresh Fst (Neutral mutations only): 0.0071051
mean Ocean/Fresh Fst (Effect mutations only): 0.0880936
between lakes Fst: 0.204059
between lakes Fst (neutral): 0.195656
between lakes Fst (effect): 0.408528
between Marine Regions Fst: 0.00862479
-------------------------------
Output1 for generation 9101:

Oceanic mean pheno: 9.29721
Freshwater mean pheno: -9.09092
mean Ocean/Fresh Fst: 0.00993454
mean Ocean/Fresh Fst (Neutral mutations only): 0.00737568
mean Ocean/Fresh Fst (Effect mutations only): 0.0837071
between lakes Fst: 0.194411
between lakes Fst (neutral): 0.186152
between lakes Fst (effect): 0.393638
between Marine Regions Fst: 0.00819863
-------------------------------
Output1 for generation 9201:

Oceanic mean pheno: 8.72995
Freshwater mean pheno: -9.01685
mean Ocean/Fresh Fst: 0.00939171
mean Ocean/Fresh Fst (Neutral mutations only): 0.00694709
mean Ocean/Fresh Fst (Effect mutations only): 0.0785203
between lakes Fst: 0.200911
between lakes Fst (neutral): 0.192516
between lakes Fst (effect): 0.407337
between Marine Regions Fst: 0.00797742
-------------------------------
Output1 for generation 9301:

Oceanic mean pheno: 9.0623
Freshwater mean pheno: -8.87371
mean Ocean/Fresh Fst: 0.00952825
mean Ocean/Fresh Fst (Neutral mutations only): 0.00711043
mean Ocean/Fresh Fst (Effect mutations only): 0.0856413
between lakes Fst: 0.204923
between lakes Fst (neutral): 0.197009
between lakes Fst (effect): 0.405079
between Marine Regions Fst: 0.00911045
-------------------------------
Output1 for generation 9401:

Oceanic mean pheno: 9.51251
Freshwater mean pheno: -8.80568
mean Ocean/Fresh Fst: 0.00959762
mean Ocean/Fresh Fst (Neutral mutations only): 0.00701561
mean Ocean/Fresh Fst (Effect mutations only): 0.0909573
between lakes Fst: 0.207467
between lakes Fst (neutral): 0.19887
between lakes Fst (effect): 0.424937
between Marine Regions Fst: 0.00920065
-------------------------------
Output1 for generation 9501:

Oceanic mean pheno: 9.63504
Freshwater mean pheno: -9.12205
mean Ocean/Fresh Fst: 0.0100911
mean Ocean/Fresh Fst (Neutral mutations only): 0.0075267
mean Ocean/Fresh Fst (Effect mutations only): 0.0915746
between lakes Fst: 0.213061
between lakes Fst (neutral): 0.203836
between lakes Fst (effect): 0.464869
between Marine Regions Fst: 0.00895295
-------------------------------
Output1 for generation 9601:

Oceanic mean pheno: 9.30496
Freshwater mean pheno: -8.97153
mean Ocean/Fresh Fst: 0.010147
mean Ocean/Fresh Fst (Neutral mutations only): 0.00769875
mean Ocean/Fresh Fst (Effect mutations only): 0.0929518
between lakes Fst: 0.223656
between lakes Fst (neutral): 0.214273
between lakes Fst (effect): 0.483467
between Marine Regions Fst: 0.00866431
-------------------------------
Output1 for generation 9701:

Oceanic mean pheno: 9.43177
Freshwater mean pheno: -8.99238
mean Ocean/Fresh Fst: 0.0103736
mean Ocean/Fresh Fst (Neutral mutations only): 0.00777261
mean Ocean/Fresh Fst (Effect mutations only): 0.104517
between lakes Fst: 0.226595
between lakes Fst (neutral): 0.216198
between lakes Fst (effect): 0.521539
between Marine Regions Fst: 0.00884012
-------------------------------
Output1 for generation 9801:

Oceanic mean pheno: 9.20479
Freshwater mean pheno: -9.2088
mean Ocean/Fresh Fst: 0.00988476
mean Ocean/Fresh Fst (Neutral mutations only): 0.00723487
mean Ocean/Fresh Fst (Effect mutations only): 0.101667
between lakes Fst: 0.217038
between lakes Fst (neutral): 0.207469
between lakes Fst (effect): 0.499913
between Marine Regions Fst: 0.00934448
-------------------------------
Output1 for generation 9901:

Oceanic mean pheno: 8.89548
Freshwater mean pheno: -8.78755
mean Ocean/Fresh Fst: 0.0100936
mean Ocean/Fresh Fst (Neutral mutations only): 0.00763094
mean Ocean/Fresh Fst (Effect mutations only): 0.0938231
between lakes Fst: 0.225283
between lakes Fst (neutral): 0.216308
between lakes Fst (effect): 0.468826
between Marine Regions Fst: 0.00814982
-------------------------------
Output1 for generation 10001:

Oceanic mean pheno: 9.27818
Freshwater mean pheno: -8.81505
mean Ocean/Fresh Fst: 0.0101389
mean Ocean/Fresh Fst (Neutral mutations only): 0.00759198
mean Ocean/Fresh Fst (Effect mutations only): 0.098586
between lakes Fst: 0.222999
between lakes Fst (neutral): 0.213939
between lakes Fst (effect): 0.475632
between Marine Regions Fst: 0.00852443
-------------------------------
Output1 for generation 10101:

Oceanic mean pheno: 9.53582
Freshwater mean pheno: -8.6156
mean Ocean/Fresh Fst: 0.00973212
mean Ocean/Fresh Fst (Neutral mutations only): 0.00726983
mean Ocean/Fresh Fst (Effect mutations only): 0.091523
between lakes Fst: 0.22804
between lakes Fst (neutral): 0.219594
between lakes Fst (effect): 0.45473
between Marine Regions Fst: 0.00810593
-------------------------------
Output1 for generation 10201:

Oceanic mean pheno: 9.22343
Freshwater mean pheno: -8.85874
mean Ocean/Fresh Fst: 0.0101595
mean Ocean/Fresh Fst (Neutral mutations only): 0.00766656
mean Ocean/Fresh Fst (Effect mutations only): 0.0930917
between lakes Fst: 0.226894
between lakes Fst (neutral): 0.218685
between lakes Fst (effect): 0.445926
between Marine Regions Fst: 0.00846038
-------------------------------
Output1 for generation 10301:

Oceanic mean pheno: 9.02326
Freshwater mean pheno: -8.51747
mean Ocean/Fresh Fst: 0.010253
mean Ocean/Fresh Fst (Neutral mutations only): 0.00792896
mean Ocean/Fresh Fst (Effect mutations only): 0.0891125
between lakes Fst: 0.230415
between lakes Fst (neutral): 0.222625
between lakes Fst (effect): 0.446307
between Marine Regions Fst: 0.00946504
-------------------------------
Output1 for generation 10401:

Oceanic mean pheno: 9.11664
Freshwater mean pheno: -9.036
mean Ocean/Fresh Fst: 0.00923339
mean Ocean/Fresh Fst (Neutral mutations only): 0.00690902
mean Ocean/Fresh Fst (Effect mutations only): 0.095019
between lakes Fst: 0.216734
between lakes Fst (neutral): 0.208063
between lakes Fst (effect): 0.471903
between Marine Regions Fst: 0.00827472
-------------------------------
Output1 for generation 10501:

Oceanic mean pheno: 8.93468
Freshwater mean pheno: -8.85167
mean Ocean/Fresh Fst: 0.00906413
mean Ocean/Fresh Fst (Neutral mutations only): 0.00679693
mean Ocean/Fresh Fst (Effect mutations only): 0.0910956
between lakes Fst: 0.208588
between lakes Fst (neutral): 0.199142
between lakes Fst (effect): 0.491958
between Marine Regions Fst: 0.00845738
-------------------------------
Output1 for generation 10601:

Oceanic mean pheno: 8.97798
Freshwater mean pheno: -8.76805
mean Ocean/Fresh Fst: 0.00921486
mean Ocean/Fresh Fst (Neutral mutations only): 0.00693534
mean Ocean/Fresh Fst (Effect mutations only): 0.086864
between lakes Fst: 0.211272
between lakes Fst (neutral): 0.203387
between lakes Fst (effect): 0.441954
between Marine Regions Fst: 0.00829178
-------------------------------
Output1 for generation 10701:

Oceanic mean pheno: 8.9265
Freshwater mean pheno: -9.14106
mean Ocean/Fresh Fst: 0.00991611
mean Ocean/Fresh Fst (Neutral mutations only): 0.00751267
mean Ocean/Fresh Fst (Effect mutations only): 0.0879777
between lakes Fst: 0.218522
between lakes Fst (neutral): 0.211247
between lakes Fst (effect): 0.413645
between Marine Regions Fst: 0.00844455
-------------------------------
Output1 for generation 10801:

Oceanic mean pheno: 9.16535
Freshwater mean pheno: -9.11561
mean Ocean/Fresh Fst: 0.00958638
mean Ocean/Fresh Fst (Neutral mutations only): 0.00704236
mean Ocean/Fresh Fst (Effect mutations only): 0.0950325
between lakes Fst: 0.211573
between lakes Fst (neutral): 0.204435
between lakes Fst (effect): 0.426761
between Marine Regions Fst: 0.00853275
-------------------------------
Output1 for generation 10901:

Oceanic mean pheno: 9.19498
Freshwater mean pheno: -9.22857
mean Ocean/Fresh Fst: 0.00933484
mean Ocean/Fresh Fst (Neutral mutations only): 0.00683129
mean Ocean/Fresh Fst (Effect mutations only): 0.0996332
between lakes Fst: 0.221029
between lakes Fst (neutral): 0.213289
between lakes Fst (effect): 0.455306
between Marine Regions Fst: 0.00867873
-------------------------------
Output1 for generation 11001:

Oceanic mean pheno: 9.12233
Freshwater mean pheno: -9.23363
mean Ocean/Fresh Fst: 0.00918146
mean Ocean/Fresh Fst (Neutral mutations only): 0.00670037
mean Ocean/Fresh Fst (Effect mutations only): 0.109888
between lakes Fst: 0.221988
between lakes Fst (neutral): 0.213719
between lakes Fst (effect): 0.480246
between Marine Regions Fst: 0.00774417
-------------------------------
Output1 for generation 11101:

Oceanic mean pheno: 9.52836
Freshwater mean pheno: -8.69121
mean Ocean/Fresh Fst: 0.0094444
mean Ocean/Fresh Fst (Neutral mutations only): 0.00682998
mean Ocean/Fresh Fst (Effect mutations only): 0.118543
between lakes Fst: 0.225469
between lakes Fst (neutral): 0.218048
between lakes Fst (effect): 0.468579
between Marine Regions Fst: 0.00863481
-------------------------------
Output1 for generation 11201:

Oceanic mean pheno: 8.87658
Freshwater mean pheno: -8.63583
mean Ocean/Fresh Fst: 0.00956078
mean Ocean/Fresh Fst (Neutral mutations only): 0.007126
mean Ocean/Fresh Fst (Effect mutations only): 0.101014
between lakes Fst: 0.21587
between lakes Fst (neutral): 0.209096
between lakes Fst (effect): 0.428806
between Marine Regions Fst: 0.00788086
-------------------------------
Output1 for generation 11301:

Oceanic mean pheno: 9.47571
Freshwater mean pheno: -8.6812
mean Ocean/Fresh Fst: 0.0101928
mean Ocean/Fresh Fst (Neutral mutations only): 0.00768103
mean Ocean/Fresh Fst (Effect mutations only): 0.109849
between lakes Fst: 0.211323
between lakes Fst (neutral): 0.205161
between lakes Fst (effect): 0.422987
between Marine Regions Fst: 0.00895955
-------------------------------
Output1 for generation 11401:

Oceanic mean pheno: 9.11483
Freshwater mean pheno: -8.93376
mean Ocean/Fresh Fst: 0.00996102
mean Ocean/Fresh Fst (Neutral mutations only): 0.00744643
mean Ocean/Fresh Fst (Effect mutations only): 0.112414
between lakes Fst: 0.226673
between lakes Fst (neutral): 0.220446
between lakes Fst (effect): 0.425621
between Marine Regions Fst: 0.0088654
-------------------------------
Output1 for generation 11501:

Oceanic mean pheno: 8.91928
Freshwater mean pheno: -8.54675
mean Ocean/Fresh Fst: 0.00969974
mean Ocean/Fresh Fst (Neutral mutations only): 0.00737427
mean Ocean/Fresh Fst (Effect mutations only): 0.107684
between lakes Fst: 0.218624
between lakes Fst (neutral): 0.212457
between lakes Fst (effect): 0.435692
between Marine Regions Fst: 0.00916145
-------------------------------
Output1 for generation 11601:

Oceanic mean pheno: 9.55389
Freshwater mean pheno: -9.05207
mean Ocean/Fresh Fst: 0.00999989
mean Ocean/Fresh Fst (Neutral mutations only): 0.0073058
mean Ocean/Fresh Fst (Effect mutations only): 0.127229
between lakes Fst: 0.224269
between lakes Fst (neutral): 0.216156
between lakes Fst (effect): 0.506153
between Marine Regions Fst: 0.00899762
-------------------------------
Output1 for generation 11701:

Oceanic mean pheno: 8.87247
Freshwater mean pheno: -8.4197
mean Ocean/Fresh Fst: 0.00996754
mean Ocean/Fresh Fst (Neutral mutations only): 0.0076519
mean Ocean/Fresh Fst (Effect mutations only): 0.1076
between lakes Fst: 0.21385
between lakes Fst (neutral): 0.207132
between lakes Fst (effect): 0.451963
between Marine Regions Fst: 0.00802098
-------------------------------
Output1 for generation 11801:

Oceanic mean pheno: 8.95472
Freshwater mean pheno: -8.56348
mean Ocean/Fresh Fst: 0.00970106
mean Ocean/Fresh Fst (Neutral mutations only): 0.00730189
mean Ocean/Fresh Fst (Effect mutations only): 0.0943807
between lakes Fst: 0.216306
between lakes Fst (neutral): 0.209809
between lakes Fst (effect): 0.423394
between Marine Regions Fst: 0.00887729
-------------------------------
Output1 for generation 11901:

Oceanic mean pheno: 8.98563
Freshwater mean pheno: -8.69717
mean Ocean/Fresh Fst: 0.00980465
mean Ocean/Fresh Fst (Neutral mutations only): 0.00735119
mean Ocean/Fresh Fst (Effect mutations only): 0.118247
between lakes Fst: 0.22958
between lakes Fst (neutral): 0.222023
between lakes Fst (effect): 0.500286
between Marine Regions Fst: 0.00931287
-------------------------------
Output1 for generation 12001:

Oceanic mean pheno: 9.11742
Freshwater mean pheno: -8.88441
mean Ocean/Fresh Fst: 0.00993366
mean Ocean/Fresh Fst (Neutral mutations only): 0.00729121
mean Ocean/Fresh Fst (Effect mutations only): 0.114548
between lakes Fst: 0.21302
between lakes Fst (neutral): 0.205172
between lakes Fst (effect): 0.503163
between Marine Regions Fst: 0.00900311
-------------------------------
Output1 for generation 12101:

Oceanic mean pheno: 9.24359
Freshwater mean pheno: -9.08693
mean Ocean/Fresh Fst: 0.00994354
mean Ocean/Fresh Fst (Neutral mutations only): 0.00730668
mean Ocean/Fresh Fst (Effect mutations only): 0.106314
between lakes Fst: 0.225845
between lakes Fst (neutral): 0.219397
between lakes Fst (effect): 0.434216
between Marine Regions Fst: 0.00909019
-------------------------------
Output1 for generation 12201:

Oceanic mean pheno: 9.21138
Freshwater mean pheno: -8.96376
mean Ocean/Fresh Fst: 0.0101475
mean Ocean/Fresh Fst (Neutral mutations only): 0.00759427
mean Ocean/Fresh Fst (Effect mutations only): 0.104191
between lakes Fst: 0.214932
between lakes Fst (neutral): 0.20818
between lakes Fst (effect): 0.431518
between Marine Regions Fst: 0.00900914
-------------------------------
Output1 for generation 12301:

Oceanic mean pheno: 9.39147
Freshwater mean pheno: -9.08535
mean Ocean/Fresh Fst: 0.0109424
mean Ocean/Fresh Fst (Neutral mutations only): 0.00837097
mean Ocean/Fresh Fst (Effect mutations only): 0.110715
between lakes Fst: 0.224029
between lakes Fst (neutral): 0.216771
between lakes Fst (effect): 0.459011
between Marine Regions Fst: 0.00867236
-------------------------------
Output1 for generation 12401:

Oceanic mean pheno: 9.32159
Freshwater mean pheno: -9.26327
mean Ocean/Fresh Fst: 0.0111051
mean Ocean/Fresh Fst (Neutral mutations only): 0.00854798
mean Ocean/Fresh Fst (Effect mutations only): 0.108405
between lakes Fst: 0.23164
between lakes Fst (neutral): 0.224535
between lakes Fst (effect): 0.468292
between Marine Regions Fst: 0.00898551
-------------------------------
Output1 for generation 12501:

Oceanic mean pheno: 9.42669
Freshwater mean pheno: -8.52088
mean Ocean/Fresh Fst: 0.0100857
mean Ocean/Fresh Fst (Neutral mutations only): 0.00765263
mean Ocean/Fresh Fst (Effect mutations only): 0.105726
between lakes Fst: 0.23064
between lakes Fst (neutral): 0.224967
between lakes Fst (effect): 0.409263
between Marine Regions Fst: 0.00831013
-------------------------------
Output1 for generation 12601:

Oceanic mean pheno: 9.39821
Freshwater mean pheno: -8.81973
mean Ocean/Fresh Fst: 0.0106817
mean Ocean/Fresh Fst (Neutral mutations only): 0.00814663
mean Ocean/Fresh Fst (Effect mutations only): 0.106633
between lakes Fst: 0.227915
between lakes Fst (neutral): 0.222167
between lakes Fst (effect): 0.407613
between Marine Regions Fst: 0.00899199
-------------------------------
Output1 for generation 12701:

Oceanic mean pheno: 9.17816
Freshwater mean pheno: -9.12763
mean Ocean/Fresh Fst: 0.0103668
mean Ocean/Fresh Fst (Neutral mutations only): 0.00784945
mean Ocean/Fresh Fst (Effect mutations only): 0.0973309
between lakes Fst: 0.225077
between lakes Fst (neutral): 0.219729
between lakes Fst (effect): 0.381752
between Marine Regions Fst: 0.00973555
-------------------------------
Output1 for generation 12801:

Oceanic mean pheno: 9.004
Freshwater mean pheno: -9.09318
mean Ocean/Fresh Fst: 0.0102959
mean Ocean/Fresh Fst (Neutral mutations only): 0.00783725
mean Ocean/Fresh Fst (Effect mutations only): 0.101146
between lakes Fst: 0.226743
between lakes Fst (neutral): 0.220263
between lakes Fst (effect): 0.423455
between Marine Regions Fst: 0.0087882
-------------------------------
Output1 for generation 12901:

Oceanic mean pheno: 9.56474
Freshwater mean pheno: -8.80626
mean Ocean/Fresh Fst: 0.0104025
mean Ocean/Fresh Fst (Neutral mutations only): 0.00792818
mean Ocean/Fresh Fst (Effect mutations only): 0.11769
between lakes Fst: 0.22206
between lakes Fst (neutral): 0.215436
between lakes Fst (effect): 0.466567
between Marine Regions Fst: 0.00888705
-------------------------------
Output1 for generation 13001:

Oceanic mean pheno: 9.08664
Freshwater mean pheno: -8.60359
mean Ocean/Fresh Fst: 0.0102498
mean Ocean/Fresh Fst (Neutral mutations only): 0.00791607
mean Ocean/Fresh Fst (Effect mutations only): 0.112092
between lakes Fst: 0.219081
between lakes Fst (neutral): 0.212454
between lakes Fst (effect): 0.457638
between Marine Regions Fst: 0.00888994
-------------------------------
Output1 for generation 13101:

Oceanic mean pheno: 8.73678
Freshwater mean pheno: -8.91789
mean Ocean/Fresh Fst: 0.0102353
mean Ocean/Fresh Fst (Neutral mutations only): 0.00790118
mean Ocean/Fresh Fst (Effect mutations only): 0.0966555
between lakes Fst: 0.232625
between lakes Fst (neutral): 0.225713
between lakes Fst (effect): 0.45038
between Marine Regions Fst: 0.00915809
-------------------------------
Output1 for generation 13201:

Oceanic mean pheno: 9.32933
Freshwater mean pheno: -8.47552
mean Ocean/Fresh Fst: 0.00981882
mean Ocean/Fresh Fst (Neutral mutations only): 0.00746674
mean Ocean/Fresh Fst (Effect mutations only): 0.0987388
between lakes Fst: 0.230804
between lakes Fst (neutral): 0.224005
between lakes Fst (effect): 0.44107
between Marine Regions Fst: 0.00924148
-------------------------------
Output1 for generation 13301:

Oceanic mean pheno: 9.26521
Freshwater mean pheno: -9.2348
mean Ocean/Fresh Fst: 0.0105982
mean Ocean/Fresh Fst (Neutral mutations only): 0.00804639
mean Ocean/Fresh Fst (Effect mutations only): 0.103828
between lakes Fst: 0.221245
between lakes Fst (neutral): 0.214723
between lakes Fst (effect): 0.426213
between Marine Regions Fst: 0.00863551
-------------------------------
Output1 for generation 13401:

Oceanic mean pheno: 9.2469
Freshwater mean pheno: -8.94091
mean Ocean/Fresh Fst: 0.00936427
mean Ocean/Fresh Fst (Neutral mutations only): 0.00707362
mean Ocean/Fresh Fst (Effect mutations only): 0.105102
between lakes Fst: 0.218974
between lakes Fst (neutral): 0.213219
between lakes Fst (effect): 0.419144
between Marine Regions Fst: 0.00866233
-------------------------------
Output1 for generation 13501:

Oceanic mean pheno: 8.97828
Freshwater mean pheno: -8.7002
mean Ocean/Fresh Fst: 0.00972793
mean Ocean/Fresh Fst (Neutral mutations only): 0.00747777
mean Ocean/Fresh Fst (Effect mutations only): 0.110422
between lakes Fst: 0.219835
between lakes Fst (neutral): 0.214509
between lakes Fst (effect): 0.40859
between Marine Regions Fst: 0.0083969
-------------------------------
Output1 for generation 13601:

Oceanic mean pheno: 9.2475
Freshwater mean pheno: -8.79517
mean Ocean/Fresh Fst: 0.0101447
mean Ocean/Fresh Fst (Neutral mutations only): 0.00781277
mean Ocean/Fresh Fst (Effect mutations only): 0.114432
between lakes Fst: 0.225105
between lakes Fst (neutral): 0.220266
between lakes Fst (effect): 0.397551
between Marine Regions Fst: 0.00876846
-------------------------------
Output1 for generation 13701:

Oceanic mean pheno: 9.00789
Freshwater mean pheno: -9.10368
mean Ocean/Fresh Fst: 0.010281
mean Ocean/Fresh Fst (Neutral mutations only): 0.0078322
mean Ocean/Fresh Fst (Effect mutations only): 0.108797
between lakes Fst: 0.221437
between lakes Fst (neutral): 0.217462
between lakes Fst (effect): 0.354932
between Marine Regions Fst: 0.00908204
-------------------------------
Output1 for generation 13801:

Oceanic mean pheno: 9.08405
Freshwater mean pheno: -8.96054
mean Ocean/Fresh Fst: 0.00930061
mean Ocean/Fresh Fst (Neutral mutations only): 0.0069684
mean Ocean/Fresh Fst (Effect mutations only): 0.103546
between lakes Fst: 0.218915
between lakes Fst (neutral): 0.214852
between lakes Fst (effect): 0.352578
between Marine Regions Fst: 0.00848382
-------------------------------
Output1 for generation 13901:

Oceanic mean pheno: 8.85004
Freshwater mean pheno: -8.94998
mean Ocean/Fresh Fst: 0.00979989
mean Ocean/Fresh Fst (Neutral mutations only): 0.00739284
mean Ocean/Fresh Fst (Effect mutations only): 0.125714
between lakes Fst: 0.221111
between lakes Fst (neutral): 0.216086
between lakes Fst (effect): 0.423902
between Marine Regions Fst: 0.0090702
-------------------------------
Output1 for generation 14001:

Oceanic mean pheno: 8.92865
Freshwater mean pheno: -9.21964
mean Ocean/Fresh Fst: 0.0099359
mean Ocean/Fresh Fst (Neutral mutations only): 0.00749371
mean Ocean/Fresh Fst (Effect mutations only): 0.108187
between lakes Fst: 0.229212
between lakes Fst (neutral): 0.224159
between lakes Fst (effect): 0.415084
between Marine Regions Fst: 0.00822797
-------------------------------
Output1 for generation 14101:

Oceanic mean pheno: 9.17701
Freshwater mean pheno: -8.81124
mean Ocean/Fresh Fst: 0.0104098
mean Ocean/Fresh Fst (Neutral mutations only): 0.00791211
mean Ocean/Fresh Fst (Effect mutations only): 0.128254
between lakes Fst: 0.220473
between lakes Fst (neutral): 0.215168
between lakes Fst (effect): 0.429242
between Marine Regions Fst: 0.00825016
-------------------------------
Output1 for generation 14201:

Oceanic mean pheno: 8.802
Freshwater mean pheno: -8.45428
mean Ocean/Fresh Fst: 0.00985404
mean Ocean/Fresh Fst (Neutral mutations only): 0.0076531
mean Ocean/Fresh Fst (Effect mutations only): 0.117434
between lakes Fst: 0.206961
between lakes Fst (neutral): 0.202475
between lakes Fst (effect): 0.384927
between Marine Regions Fst: 0.00925057
-------------------------------
Output1 for generation 14301:

Oceanic mean pheno: 8.94583
Freshwater mean pheno: -9.41066
mean Ocean/Fresh Fst: 0.0105872
mean Ocean/Fresh Fst (Neutral mutations only): 0.00805336
mean Ocean/Fresh Fst (Effect mutations only): 0.124319
between lakes Fst: 0.228922
between lakes Fst (neutral): 0.223743
between lakes Fst (effect): 0.439179
between Marine Regions Fst: 0.00885326
-------------------------------
Output1 for generation 14401:

Oceanic mean pheno: 9.02636
Freshwater mean pheno: -9.05281
mean Ocean/Fresh Fst: 0.0103249
mean Ocean/Fresh Fst (Neutral mutations only): 0.00795927
mean Ocean/Fresh Fst (Effect mutations only): 0.122065
between lakes Fst: 0.232111
between lakes Fst (neutral): 0.226932
between lakes Fst (effect): 0.441429
between Marine Regions Fst: 0.00864707
-------------------------------
Output1 for generation 14501:

Oceanic mean pheno: 8.84925
Freshwater mean pheno: -8.92517
mean Ocean/Fresh Fst: 0.0100913
mean Ocean/Fresh Fst (Neutral mutations only): 0.00777639
mean Ocean/Fresh Fst (Effect mutations only): 0.122963
between lakes Fst: 0.229609
between lakes Fst (neutral): 0.225245
between lakes Fst (effect): 0.412758
between Marine Regions Fst: 0.00880408
-------------------------------
Output1 for generation 14601:

Oceanic mean pheno: 9.08337
Freshwater mean pheno: -8.95057
mean Ocean/Fresh Fst: 0.00984221
mean Ocean/Fresh Fst (Neutral mutations only): 0.00749957
mean Ocean/Fresh Fst (Effect mutations only): 0.114936
between lakes Fst: 0.230527
between lakes Fst (neutral): 0.226132
between lakes Fst (effect): 0.402356
between Marine Regions Fst: 0.00906522
-------------------------------
Output1 for generation 14701:

Oceanic mean pheno: 9.09501
Freshwater mean pheno: -9.41446
mean Ocean/Fresh Fst: 0.0105495
mean Ocean/Fresh Fst (Neutral mutations only): 0.00811128
mean Ocean/Fresh Fst (Effect mutations only): 0.121524
between lakes Fst: 0.215313
between lakes Fst (neutral): 0.211325
between lakes Fst (effect): 0.364484
between Marine Regions Fst: 0.00864399
-------------------------------
Output1 for generation 14801:

Oceanic mean pheno: 9.1372
Freshwater mean pheno: -9.09027
mean Ocean/Fresh Fst: 0.0103844
mean Ocean/Fresh Fst (Neutral mutations only): 0.00796755
mean Ocean/Fresh Fst (Effect mutations only): 0.121845
between lakes Fst: 0.216551
between lakes Fst (neutral): 0.212357
between lakes Fst (effect): 0.372221
between Marine Regions Fst: 0.00851716
-------------------------------
Output1 for generation 14901:

Oceanic mean pheno: 9.28115
Freshwater mean pheno: -9.32832
mean Ocean/Fresh Fst: 0.0101453
mean Ocean/Fresh Fst (Neutral mutations only): 0.00769666
mean Ocean/Fresh Fst (Effect mutations only): 0.115238
between lakes Fst: 0.223871
between lakes Fst (neutral): 0.218829
between lakes Fst (effect): 0.400893
between Marine Regions Fst: 0.00850776
-------------------------------
Output1 for generation 15001:

Oceanic mean pheno: 9.33621
Freshwater mean pheno: -8.92583
mean Ocean/Fresh Fst: 0.0101963
mean Ocean/Fresh Fst (Neutral mutations only): 0.0079301
mean Ocean/Fresh Fst (Effect mutations only): 0.111671
between lakes Fst: 0.222395
between lakes Fst (neutral): 0.217755
between lakes Fst (effect): 0.400691
between Marine Regions Fst: 0.00993842
-------------------------------
Output1 for generation 15101:

Oceanic mean pheno: 9.09306
Freshwater mean pheno: -8.8896
mean Ocean/Fresh Fst: 0.00990962
mean Ocean/Fresh Fst (Neutral mutations only): 0.00764766
mean Ocean/Fresh Fst (Effect mutations only): 0.106698
between lakes Fst: 0.22247
between lakes Fst (neutral): 0.219039
between lakes Fst (effect): 0.342345
between Marine Regions Fst: 0.00908235
-------------------------------
Output1 for generation 15201:

Oceanic mean pheno: 9.23176
Freshwater mean pheno: -9.01618
mean Ocean/Fresh Fst: 0.0100486
mean Ocean/Fresh Fst (Neutral mutations only): 0.00773898
mean Ocean/Fresh Fst (Effect mutations only): 0.114044
between lakes Fst: 0.223402
between lakes Fst (neutral): 0.21928
between lakes Fst (effect): 0.372476
between Marine Regions Fst: 0.00868378
-------------------------------
Output1 for generation 15301:

Oceanic mean pheno: 9.0869
Freshwater mean pheno: -8.8875
mean Ocean/Fresh Fst: 0.00950591
mean Ocean/Fresh Fst (Neutral mutations only): 0.00728332
mean Ocean/Fresh Fst (Effect mutations only): 0.109337
between lakes Fst: 0.219585
between lakes Fst (neutral): 0.215094
between lakes Fst (effect): 0.38319
between Marine Regions Fst: 0.00932785
-------------------------------
Output1 for generation 15401:

Oceanic mean pheno: 8.83298
Freshwater mean pheno: -8.72802
mean Ocean/Fresh Fst: 0.00945871
mean Ocean/Fresh Fst (Neutral mutations only): 0.00734094
mean Ocean/Fresh Fst (Effect mutations only): 0.101876
between lakes Fst: 0.22316
between lakes Fst (neutral): 0.21893
between lakes Fst (effect): 0.380675
between Marine Regions Fst: 0.00956356
-------------------------------
Output1 for generation 15501:

Oceanic mean pheno: 9.44302
Freshwater mean pheno: -9.09846
mean Ocean/Fresh Fst: 0.00951484
mean Ocean/Fresh Fst (Neutral mutations only): 0.00716218
mean Ocean/Fresh Fst (Effect mutations only): 0.115777
between lakes Fst: 0.221043
between lakes Fst (neutral): 0.217298
between lakes Fst (effect): 0.357344
between Marine Regions Fst: 0.008585
-------------------------------
Output1 for generation 15601:

Oceanic mean pheno: 9.37233
Freshwater mean pheno: -8.73283
mean Ocean/Fresh Fst: 0.00979223
mean Ocean/Fresh Fst (Neutral mutations only): 0.00753914
mean Ocean/Fresh Fst (Effect mutations only): 0.110931
between lakes Fst: 0.222008
between lakes Fst (neutral): 0.217774
between lakes Fst (effect): 0.377595
between Marine Regions Fst: 0.00946884
-------------------------------
Output1 for generation 15701:

Oceanic mean pheno: 9.64574
Freshwater mean pheno: -9.12192
mean Ocean/Fresh Fst: 0.00959738
mean Ocean/Fresh Fst (Neutral mutations only): 0.00736184
mean Ocean/Fresh Fst (Effect mutations only): 0.107549
between lakes Fst: 0.217768
between lakes Fst (neutral): 0.21347
between lakes Fst (effect): 0.378272
between Marine Regions Fst: 0.00842215
-------------------------------
Output1 for generation 15801:

Oceanic mean pheno: 9.37452
Freshwater mean pheno: -9.01337
mean Ocean/Fresh Fst: 0.00974561
mean Ocean/Fresh Fst (Neutral mutations only): 0.00745256
mean Ocean/Fresh Fst (Effect mutations only): 0.108105
between lakes Fst: 0.217575
between lakes Fst (neutral): 0.21315
between lakes Fst (effect): 0.392711
between Marine Regions Fst: 0.00975065
-------------------------------
Output1 for generation 15901:

Oceanic mean pheno: 9.36247
Freshwater mean pheno: -9.16298
mean Ocean/Fresh Fst: 0.0102389
mean Ocean/Fresh Fst (Neutral mutations only): 0.00784536
mean Ocean/Fresh Fst (Effect mutations only): 0.111778
between lakes Fst: 0.23008
between lakes Fst (neutral): 0.22557
between lakes Fst (effect): 0.402252
between Marine Regions Fst: 0.00834367
-------------------------------
Output1 for generation 16001:

Oceanic mean pheno: 9.42448
Freshwater mean pheno: -8.89959
mean Ocean/Fresh Fst: 0.00962764
mean Ocean/Fresh Fst (Neutral mutations only): 0.00736956
mean Ocean/Fresh Fst (Effect mutations only): 0.126227
between lakes Fst: 0.224566
between lakes Fst (neutral): 0.219849
between lakes Fst (effect): 0.414805
between Marine Regions Fst: 0.00856877
-------------------------------
Output1 for generation 16101:

Oceanic mean pheno: 9.31247
Freshwater mean pheno: -8.78741
mean Ocean/Fresh Fst: 0.0100673
mean Ocean/Fresh Fst (Neutral mutations only): 0.00775739
mean Ocean/Fresh Fst (Effect mutations only): 0.12068
between lakes Fst: 0.210551
between lakes Fst (neutral): 0.206712
between lakes Fst (effect): 0.361172
between Marine Regions Fst: 0.00941488
-------------------------------
Output1 for generation 16201:

Oceanic mean pheno: 9.3355
Freshwater mean pheno: -8.58112
mean Ocean/Fresh Fst: 0.00955548
mean Ocean/Fresh Fst (Neutral mutations only): 0.00737508
mean Ocean/Fresh Fst (Effect mutations only): 0.104518
between lakes Fst: 0.221125
between lakes Fst (neutral): 0.216355
between lakes Fst (effect): 0.396277
between Marine Regions Fst: 0.00825486
-------------------------------
Output1 for generation 16301:

Oceanic mean pheno: 8.76736
Freshwater mean pheno: -8.90799
mean Ocean/Fresh Fst: 0.00964153
mean Ocean/Fresh Fst (Neutral mutations only): 0.00753261
mean Ocean/Fresh Fst (Effect mutations only): 0.0955802
between lakes Fst: 0.22863
between lakes Fst (neutral): 0.223472
between lakes Fst (effect): 0.407475
between Marine Regions Fst: 0.00900059
-------------------------------
Output1 for generation 16401:

Oceanic mean pheno: 9.4368
Freshwater mean pheno: -9.14299
mean Ocean/Fresh Fst: 0.0100131
mean Ocean/Fresh Fst (Neutral mutations only): 0.00761748
mean Ocean/Fresh Fst (Effect mutations only): 0.110016
between lakes Fst: 0.222716
between lakes Fst (neutral): 0.217824
between lakes Fst (effect): 0.397268
between Marine Regions Fst: 0.00835047
-------------------------------
Output1 for generation 16501:

Oceanic mean pheno: 8.88949
Freshwater mean pheno: -8.772
mean Ocean/Fresh Fst: 0.00929343
mean Ocean/Fresh Fst (Neutral mutations only): 0.00724374
mean Ocean/Fresh Fst (Effect mutations only): 0.0962738
between lakes Fst: 0.22514
between lakes Fst (neutral): 0.22011
between lakes Fst (effect): 0.401461
between Marine Regions Fst: 0.00890207
-------------------------------
Output1 for generation 16601:

Oceanic mean pheno: 9.34725
Freshwater mean pheno: -9.06682
mean Ocean/Fresh Fst: 0.0105001
mean Ocean/Fresh Fst (Neutral mutations only): 0.00810779
mean Ocean/Fresh Fst (Effect mutations only): 0.117538
between lakes Fst: 0.234007
between lakes Fst (neutral): 0.229006
between lakes Fst (effect): 0.417723
between Marine Regions Fst: 0.00875916
-------------------------------
Output1 for generation 16701:

Oceanic mean pheno: 9.25383
Freshwater mean pheno: -8.79737
mean Ocean/Fresh Fst: 0.00979277
mean Ocean/Fresh Fst (Neutral mutations only): 0.00750902
mean Ocean/Fresh Fst (Effect mutations only): 0.101084
between lakes Fst: 0.231839
between lakes Fst (neutral): 0.226801
between lakes Fst (effect): 0.410316
between Marine Regions Fst: 0.0092203
-------------------------------
Output1 for generation 16801:

Oceanic mean pheno: 9.61833
Freshwater mean pheno: -8.93003
mean Ocean/Fresh Fst: 0.010051
mean Ocean/Fresh Fst (Neutral mutations only): 0.00766222
mean Ocean/Fresh Fst (Effect mutations only): 0.117478
between lakes Fst: 0.22365
between lakes Fst (neutral): 0.218625
between lakes Fst (effect): 0.415327
between Marine Regions Fst: 0.00935293
-------------------------------
Output1 for generation 16901:

Oceanic mean pheno: 9.28698
Freshwater mean pheno: -9.1592
mean Ocean/Fresh Fst: 0.00978484
mean Ocean/Fresh Fst (Neutral mutations only): 0.00744187
mean Ocean/Fresh Fst (Effect mutations only): 0.117829
between lakes Fst: 0.231156
between lakes Fst (neutral): 0.225554
between lakes Fst (effect): 0.446418
between Marine Regions Fst: 0.00913304
-------------------------------
Output1 for generation 17001:

Oceanic mean pheno: 9.2391
Freshwater mean pheno: -8.98996
mean Ocean/Fresh Fst: 0.00954473
mean Ocean/Fresh Fst (Neutral mutations only): 0.00720527
mean Ocean/Fresh Fst (Effect mutations only): 0.122183
between lakes Fst: 0.221096
between lakes Fst (neutral): 0.215427
between lakes Fst (effect): 0.449304
between Marine Regions Fst: 0.00835527
-------------------------------
Output1 for generation 17101:

Oceanic mean pheno: 9.65817
Freshwater mean pheno: -8.65464
mean Ocean/Fresh Fst: 0.0106343
mean Ocean/Fresh Fst (Neutral mutations only): 0.00820924
mean Ocean/Fresh Fst (Effect mutations only): 0.129462
between lakes Fst: 0.226686
between lakes Fst (neutral): 0.220865
between lakes Fst (effect): 0.477765
between Marine Regions Fst: 0.00858499
-------------------------------
Output1 for generation 17201:

Oceanic mean pheno: 9.364
Freshwater mean pheno: -8.77038
mean Ocean/Fresh Fst: 0.0103175
mean Ocean/Fresh Fst (Neutral mutations only): 0.00800517
mean Ocean/Fresh Fst (Effect mutations only): 0.132498
between lakes Fst: 0.2277
between lakes Fst (neutral): 0.221887
between lakes Fst (effect): 0.471489
between Marine Regions Fst: 0.0103802
-------------------------------
Output1 for generation 17301:

Oceanic mean pheno: 9.2078
Freshwater mean pheno: -8.3619
mean Ocean/Fresh Fst: 0.0100914
mean Ocean/Fresh Fst (Neutral mutations only): 0.00799957
mean Ocean/Fresh Fst (Effect mutations only): 0.111728
between lakes Fst: 0.219837
between lakes Fst (neutral): 0.214786
between lakes Fst (effect): 0.419912
between Marine Regions Fst: 0.0100458
-------------------------------
Output1 for generation 17401:

Oceanic mean pheno: 8.96947
Freshwater mean pheno: -7.88388
mean Ocean/Fresh Fst: 0.009601
mean Ocean/Fresh Fst (Neutral mutations only): 0.00758865
mean Ocean/Fresh Fst (Effect mutations only): 0.110533
between lakes Fst: 0.219534
between lakes Fst (neutral): 0.214777
between lakes Fst (effect): 0.411742
between Marine Regions Fst: 0.00919468
-------------------------------
Output1 for generation 17501:

Oceanic mean pheno: 9.32923
Freshwater mean pheno: -8.50432
mean Ocean/Fresh Fst: 0.00978537
mean Ocean/Fresh Fst (Neutral mutations only): 0.00759971
mean Ocean/Fresh Fst (Effect mutations only): 0.118406
between lakes Fst: 0.231195
between lakes Fst (neutral): 0.226483
between lakes Fst (effect): 0.420694
between Marine Regions Fst: 0.00848614
-------------------------------
Output1 for generation 17601:

Oceanic mean pheno: 9.21431
Freshwater mean pheno: -8.76968
mean Ocean/Fresh Fst: 0.00970117
mean Ocean/Fresh Fst (Neutral mutations only): 0.00745094
mean Ocean/Fresh Fst (Effect mutations only): 0.109198
between lakes Fst: 0.225199
between lakes Fst (neutral): 0.220695
between lakes Fst (effect): 0.409711
between Marine Regions Fst: 0.008418
-------------------------------
Output1 for generation 17701:

Oceanic mean pheno: 9.16833
Freshwater mean pheno: -8.55282
mean Ocean/Fresh Fst: 0.00994798
mean Ocean/Fresh Fst (Neutral mutations only): 0.0077237
mean Ocean/Fresh Fst (Effect mutations only): 0.109019
between lakes Fst: 0.217084
between lakes Fst (neutral): 0.212945
between lakes Fst (effect): 0.374047
between Marine Regions Fst: 0.00852139
-------------------------------
Output1 for generation 17801:

Oceanic mean pheno: 9.39605
Freshwater mean pheno: -9.03512
mean Ocean/Fresh Fst: 0.0104714
mean Ocean/Fresh Fst (Neutral mutations only): 0.00803824
mean Ocean/Fresh Fst (Effect mutations only): 0.125315
between lakes Fst: 0.217481
between lakes Fst (neutral): 0.212195
between lakes Fst (effect): 0.422401
between Marine Regions Fst: 0.00929461
-------------------------------
Output1 for generation 17901:

Oceanic mean pheno: 8.82697
Freshwater mean pheno: -8.76666
mean Ocean/Fresh Fst: 0.00959245
mean Ocean/Fresh Fst (Neutral mutations only): 0.00743913
mean Ocean/Fresh Fst (Effect mutations only): 0.109814
between lakes Fst: 0.211661
between lakes Fst (neutral): 0.207483
between lakes Fst (effect): 0.373264
between Marine Regions Fst: 0.00808659
-------------------------------
Output1 for generation 18001:

Oceanic mean pheno: 8.58407
Freshwater mean pheno: -9.07491
mean Ocean/Fresh Fst: 0.00915255
mean Ocean/Fresh Fst (Neutral mutations only): 0.00709636
mean Ocean/Fresh Fst (Effect mutations only): 0.0925312
between lakes Fst: 0.211828
between lakes Fst (neutral): 0.207466
between lakes Fst (effect): 0.36166
between Marine Regions Fst: 0.00841227
-------------------------------
Output1 for generation 18101:

Oceanic mean pheno: 9.38767
Freshwater mean pheno: -9.12297
mean Ocean/Fresh Fst: 0.00921147
mean Ocean/Fresh Fst (Neutral mutations only): 0.00693652
mean Ocean/Fresh Fst (Effect mutations only): 0.107957
between lakes Fst: 0.219639
between lakes Fst (neutral): 0.214472
between lakes Fst (effect): 0.413389
between Marine Regions Fst: 0.00893419
-------------------------------
Output1 for generation 18201:

Oceanic mean pheno: 8.88839
Freshwater mean pheno: -9.20664
mean Ocean/Fresh Fst: 0.00956811
mean Ocean/Fresh Fst (Neutral mutations only): 0.00729503
mean Ocean/Fresh Fst (Effect mutations only): 0.109713
between lakes Fst: 0.23346
between lakes Fst (neutral): 0.227598
between lakes Fst (effect): 0.450525
between Marine Regions Fst: 0.00899388
-------------------------------
Output1 for generation 18301:

Oceanic mean pheno: 9.43962
Freshwater mean pheno: -9.05254
mean Ocean/Fresh Fst: 0.0107371
mean Ocean/Fresh Fst (Neutral mutations only): 0.00819642
mean Ocean/Fresh Fst (Effect mutations only): 0.12707
between lakes Fst: 0.233016
between lakes Fst (neutral): 0.227461
between lakes Fst (effect): 0.447091
between Marine Regions Fst: 0.00894129
-------------------------------
Output1 for generation 18401:

Oceanic mean pheno: 8.93031
Freshwater mean pheno: -8.9866
mean Ocean/Fresh Fst: 0.0105976
mean Ocean/Fresh Fst (Neutral mutations only): 0.00824718
mean Ocean/Fresh Fst (Effect mutations only): 0.130773
between lakes Fst: 0.235224
between lakes Fst (neutral): 0.229034
between lakes Fst (effect): 0.505845
between Marine Regions Fst: 0.0092423
-------------------------------
Output1 for generation 18501:

Oceanic mean pheno: 8.96507
Freshwater mean pheno: -8.58005
mean Ocean/Fresh Fst: 0.0107929
mean Ocean/Fresh Fst (Neutral mutations only): 0.00850136
mean Ocean/Fresh Fst (Effect mutations only): 0.126108
between lakes Fst: 0.243752
between lakes Fst (neutral): 0.237753
between lakes Fst (effect): 0.482528
between Marine Regions Fst: 0.00908931
-------------------------------
Output1 for generation 18601:

Oceanic mean pheno: 9.17874
Freshwater mean pheno: -8.59658
mean Ocean/Fresh Fst: 0.0103267
mean Ocean/Fresh Fst (Neutral mutations only): 0.00799927
mean Ocean/Fresh Fst (Effect mutations only): 0.12122
between lakes Fst: 0.223769
between lakes Fst (neutral): 0.217801
between lakes Fst (effect): 0.463418
between Marine Regions Fst: 0.0084136
-------------------------------
Output1 for generation 18701:

Oceanic mean pheno: 9.301
Freshwater mean pheno: -8.99614
mean Ocean/Fresh Fst: 0.0104927
mean Ocean/Fresh Fst (Neutral mutations only): 0.00824013
mean Ocean/Fresh Fst (Effect mutations only): 0.113674
between lakes Fst: 0.223611
between lakes Fst (neutral): 0.218286
between lakes Fst (effect): 0.441099
between Marine Regions Fst: 0.00892572
-------------------------------
Output1 for generation 18801:

Oceanic mean pheno: 9.03123
Freshwater mean pheno: -8.38237
mean Ocean/Fresh Fst: 0.0100896
mean Ocean/Fresh Fst (Neutral mutations only): 0.00814469
mean Ocean/Fresh Fst (Effect mutations only): 0.0954595
between lakes Fst: 0.217521
between lakes Fst (neutral): 0.212221
between lakes Fst (effect): 0.442131
between Marine Regions Fst: 0.00811929
-------------------------------
Output1 for generation 18901:

Oceanic mean pheno: 9.1131
Freshwater mean pheno: -8.86853
mean Ocean/Fresh Fst: 0.00986877
mean Ocean/Fresh Fst (Neutral mutations only): 0.00770998
mean Ocean/Fresh Fst (Effect mutations only): 0.110099
between lakes Fst: 0.233476
between lakes Fst (neutral): 0.228107
between lakes Fst (effect): 0.457769
between Marine Regions Fst: 0.00857333
-------------------------------
Output1 for generation 19001:

Oceanic mean pheno: 9.25077
Freshwater mean pheno: -9.07806
mean Ocean/Fresh Fst: 0.0104926
mean Ocean/Fresh Fst (Neutral mutations only): 0.00824153
mean Ocean/Fresh Fst (Effect mutations only): 0.123183
between lakes Fst: 0.223985
between lakes Fst (neutral): 0.218856
between lakes Fst (effect): 0.434757
between Marine Regions Fst: 0.0092525
-------------------------------
Output1 for generation 19101:

Oceanic mean pheno: 9.43073
Freshwater mean pheno: -8.9345
mean Ocean/Fresh Fst: 0.0108344
mean Ocean/Fresh Fst (Neutral mutations only): 0.00869273
mean Ocean/Fresh Fst (Effect mutations only): 0.113756
between lakes Fst: 0.232651
between lakes Fst (neutral): 0.228059
between lakes Fst (effect): 0.413416
between Marine Regions Fst: 0.0081082
-------------------------------
Output1 for generation 19201:

Oceanic mean pheno: 9.10283
Freshwater mean pheno: -9.19564
mean Ocean/Fresh Fst: 0.0105159
mean Ocean/Fresh Fst (Neutral mutations only): 0.00833435
mean Ocean/Fresh Fst (Effect mutations only): 0.120981
between lakes Fst: 0.219866
between lakes Fst (neutral): 0.214898
between lakes Fst (effect): 0.425203
between Marine Regions Fst: 0.00938173
-------------------------------
Output1 for generation 19301:

Oceanic mean pheno: 9.00055
Freshwater mean pheno: -9.11306
mean Ocean/Fresh Fst: 0.010694
mean Ocean/Fresh Fst (Neutral mutations only): 0.00853569
mean Ocean/Fresh Fst (Effect mutations only): 0.113799
between lakes Fst: 0.220672
between lakes Fst (neutral): 0.216049
between lakes Fst (effect): 0.409512
between Marine Regions Fst: 0.00927186
-------------------------------
Output1 for generation 19401:

Oceanic mean pheno: 9.30951
Freshwater mean pheno: -8.55812
mean Ocean/Fresh Fst: 0.0106805
mean Ocean/Fresh Fst (Neutral mutations only): 0.00853699
mean Ocean/Fresh Fst (Effect mutations only): 0.103414
between lakes Fst: 0.232787
between lakes Fst (neutral): 0.228834
between lakes Fst (effect): 0.39338
between Marine Regions Fst: 0.0089258
-------------------------------
Output1 for generation 19501:

Oceanic mean pheno: 9.5617
Freshwater mean pheno: -9.05318
mean Ocean/Fresh Fst: 0.0107818
mean Ocean/Fresh Fst (Neutral mutations only): 0.00855641
mean Ocean/Fresh Fst (Effect mutations only): 0.118779
between lakes Fst: 0.2327
between lakes Fst (neutral): 0.227896
between lakes Fst (effect): 0.429513
between Marine Regions Fst: 0.0092899
-------------------------------
Output1 for generation 19601:

Oceanic mean pheno: 8.99246
Freshwater mean pheno: -8.7346
mean Ocean/Fresh Fst: 0.0112649
mean Ocean/Fresh Fst (Neutral mutations only): 0.00921077
mean Ocean/Fresh Fst (Effect mutations only): 0.111108
between lakes Fst: 0.238439
between lakes Fst (neutral): 0.233251
between lakes Fst (effect): 0.449663
between Marine Regions Fst: 0.00858519
-------------------------------
Output1 for generation 19701:

Oceanic mean pheno: 9.09248
Freshwater mean pheno: -8.92078
mean Ocean/Fresh Fst: 0.0108608
mean Ocean/Fresh Fst (Neutral mutations only): 0.00880901
mean Ocean/Fresh Fst (Effect mutations only): 0.102084
between lakes Fst: 0.235911
between lakes Fst (neutral): 0.231423
between lakes Fst (effect): 0.39899
between Marine Regions Fst: 0.00904204
-------------------------------
Output1 for generation 19801:

Oceanic mean pheno: 8.81551
Freshwater mean pheno: -8.88316
mean Ocean/Fresh Fst: 0.0102312
mean Ocean/Fresh Fst (Neutral mutations only): 0.00813226
mean Ocean/Fresh Fst (Effect mutations only): 0.1055
between lakes Fst: 0.230141
between lakes Fst (neutral): 0.225844
between lakes Fst (effect): 0.389489
between Marine Regions Fst: 0.00880475
-------------------------------
Output1 for generation 19901:

Oceanic mean pheno: 9.2533
Freshwater mean pheno: -9.09274
mean Ocean/Fresh Fst: 0.0111073
mean Ocean/Fresh Fst (Neutral mutations only): 0.00878484
mean Ocean/Fresh Fst (Effect mutations only): 0.117677
between lakes Fst: 0.227754
between lakes Fst (neutral): 0.222987
between lakes Fst (effect): 0.413653
between Marine Regions Fst: 0.00929547
-------------------------------
Output1 for generation 20000:

Oceanic mean pheno: 8.88
Freshwater mean pheno: -8.82476
mean Ocean/Fresh Fst: 0.00998359
mean Ocean/Fresh Fst (Neutral mutations only): 0.00782196
mean Ocean/Fresh Fst (Effect mutations only): 0.109295
between lakes Fst: 0.225344
between lakes Fst (neutral): 0.221134
between lakes Fst (effect): 0.382302
between Marine Regions Fst: 0.00875027
whole: 1643
Oceanic: 1332
Freshwater: 1341
fstsize: 1643
elapsed: 1:24:41 / kernel: 1.27 / user: 5082.80 / mem: 184108
Done!
