Task ID  - seed 029307
Parameters for SLiM run:
  -s 029307 MyRecipe1_9_8.E
// Initial random seed:
1502078925075

// RunInitializeCallbacks():
initializeSLiMOptions(dimensionality = 'x');
initializeMutationRate(1e-06);
initializeMutationType(1, 0.5, "g", 0.5, 1);
initializeMutationType(2, 0.5, "g", -0.5, 1);
initializeMutationType(3, 0.5, "f", 0);
initializeGenomicElementType(1, m3, 1);
initializeGenomicElementType(2, c(m1, m2), c(1, 1));
initializeGenomicElement(g1, 0, 39);
initializeGenomicElement(g2, 40, 49);
initializeGenomicElement(g2, 50, 50);
initializeGenomicElement(g2, 51, 60);
initializeGenomicElement(g1, 61, 100);
initializeGenomicElement(g1, 101, 140);
initializeGenomicElement(g2, 141, 150);
initializeGenomicElement(g2, 151, 151);
initializeGenomicElement(g2, 152, 161);
initializeGenomicElement(g1, 162, 201);
initializeGenomicElement(g1, 202, 241);
initializeGenomicElement(g2, 242, 251);
initializeGenomicElement(g2, 252, 252);
initializeGenomicElement(g2, 253, 262);
initializeGenomicElement(g1, 263, 302);
initializeGenomicElement(g1, 303, 342);
initializeGenomicElement(g2, 343, 352);
initializeGenomicElement(g2, 353, 353);
initializeGenomicElement(g2, 354, 363);
initializeGenomicElement(g1, 364, 403);
initializeGenomicElement(g1, 404, 443);
initializeGenomicElement(g2, 444, 453);
initializeGenomicElement(g2, 454, 454);
initializeGenomicElement(g2, 455, 464);
initializeGenomicElement(g1, 465, 504);
initializeGenomicElement(g1, 505, 544);
initializeGenomicElement(g2, 545, 554);
initializeGenomicElement(g2, 555, 555);
initializeGenomicElement(g2, 556, 565);
initializeGenomicElement(g1, 566, 605);
initializeGenomicElement(g1, 606, 645);
initializeGenomicElement(g2, 646, 655);
initializeGenomicElement(g2, 656, 656);
initializeGenomicElement(g2, 657, 666);
initializeGenomicElement(g1, 667, 706);
initializeGenomicElement(g1, 707, 746);
initializeGenomicElement(g2, 747, 756);
initializeGenomicElement(g2, 757, 757);
initializeGenomicElement(g2, 758, 767);
initializeGenomicElement(g1, 768, 807);
initializeGenomicElement(g1, 808, 847);
initializeGenomicElement(g2, 848, 857);
initializeGenomicElement(g2, 858, 858);
initializeGenomicElement(g2, 859, 868);
initializeGenomicElement(g1, 869, 908);
initializeGenomicElement(g1, 909, 948);
initializeGenomicElement(g2, 949, 958);
initializeGenomicElement(g2, 959, 959);
initializeGenomicElement(g2, 960, 969);
initializeGenomicElement(g1, 970, 1009);
initializeRecombinationRate(0.001);
initializeInteractionType(1, "x", reciprocal=T", maxDistance=0.02);

// Starting run at generation <start>:
1 

-------------------------------
Output1 for generation 1:

Oceanic mean pheno: 0.036
Freshwater mean pheno: -0.066
-------------------------------
Output1 for generation 101:

Oceanic mean pheno: 3.89686
Freshwater mean pheno: -9.73801
-------------------------------
Output1 for generation 201:

Oceanic mean pheno: 4.66313
Freshwater mean pheno: -10.6592
-------------------------------
Output1 for generation 301:

Oceanic mean pheno: 6.8535
Freshwater mean pheno: -9.70474
-------------------------------
Output1 for generation 401:

Oceanic mean pheno: 7.27135
Freshwater mean pheno: -9.65231
-------------------------------
Output1 for generation 501:

Oceanic mean pheno: 7.19665
Freshwater mean pheno: -10.0846
-------------------------------
Output1 for generation 601:

Oceanic mean pheno: 6.39069
Freshwater mean pheno: -10.1995
-------------------------------
Output1 for generation 701:

Oceanic mean pheno: 6.91748
Freshwater mean pheno: -9.33393
-------------------------------
Output1 for generation 801:

Oceanic mean pheno: 7.28578
Freshwater mean pheno: -9.79293
-------------------------------
Output1 for generation 901:

Oceanic mean pheno: 8.89396
Freshwater mean pheno: -9.66411
-------------------------------
Output1 for generation 1001:

Oceanic mean pheno: 8.38323
Freshwater mean pheno: -10.2182
-------------------------------
Output1 for generation 1101:

Oceanic mean pheno: 7.75756
Freshwater mean pheno: -9.90248
-------------------------------
Output1 for generation 1201:

Oceanic mean pheno: 8.79951
Freshwater mean pheno: -10.0969
-------------------------------
Output1 for generation 1301:

Oceanic mean pheno: 10.4367
Freshwater mean pheno: -9.14033
-------------------------------
Output1 for generation 1401:

Oceanic mean pheno: 10.6397
Freshwater mean pheno: -8.84865
-------------------------------
Output1 for generation 1501:

Oceanic mean pheno: 9.4687
Freshwater mean pheno: -9.13674
-------------------------------
Output1 for generation 1601:

Oceanic mean pheno: 10.2626
Freshwater mean pheno: -8.68839
-------------------------------
Output1 for generation 1701:

Oceanic mean pheno: 8.92204
Freshwater mean pheno: -8.44992
-------------------------------
Output1 for generation 1801:

Oceanic mean pheno: 7.5328
Freshwater mean pheno: -8.72289
-------------------------------
Output1 for generation 1901:

Oceanic mean pheno: 6.58845
Freshwater mean pheno: -8.67281
-------------------------------
Output1 for generation 2001:

Oceanic mean pheno: 6.58614
Freshwater mean pheno: -8.46237
-------------------------------
Output1 for generation 2101:

Oceanic mean pheno: 7.79577
Freshwater mean pheno: -8.44913
-------------------------------
Output1 for generation 2201:

Oceanic mean pheno: 8.45097
Freshwater mean pheno: -8.57438
-------------------------------
Output1 for generation 2301:

Oceanic mean pheno: 9.55062
Freshwater mean pheno: -8.99438
-------------------------------
Output1 for generation 2401:

Oceanic mean pheno: 9.51371
Freshwater mean pheno: -8.41697
-------------------------------
Output1 for generation 2501:

Oceanic mean pheno: 8.91952
Freshwater mean pheno: -8.09956
-------------------------------
Output1 for generation 2601:

Oceanic mean pheno: 9.55276
Freshwater mean pheno: -8.71537
-------------------------------
Output1 for generation 2701:

Oceanic mean pheno: 8.85978
Freshwater mean pheno: -8.82223
-------------------------------
Output1 for generation 2801:

Oceanic mean pheno: 9.21809
Freshwater mean pheno: -9.55229
-------------------------------
Output1 for generation 2901:

Oceanic mean pheno: 10.5266
Freshwater mean pheno: -9.13776
-------------------------------
Output1 for generation 3001:

Oceanic mean pheno: 9.37802
Freshwater mean pheno: -9.06615
-------------------------------
Output1 for generation 3101:

Oceanic mean pheno: 9.12183
Freshwater mean pheno: -8.83781
-------------------------------
Output1 for generation 3201:

Oceanic mean pheno: 8.02902
Freshwater mean pheno: -9.25987
-------------------------------
Output1 for generation 3301:

Oceanic mean pheno: 7.48262
Freshwater mean pheno: -9.26395
-------------------------------
Output1 for generation 3401:

Oceanic mean pheno: 7.04164
Freshwater mean pheno: -9.41455
-------------------------------
Output1 for generation 3501:

Oceanic mean pheno: 7.10657
Freshwater mean pheno: -9.347
-------------------------------
Output1 for generation 3601:

Oceanic mean pheno: 6.75355
Freshwater mean pheno: -8.85467
-------------------------------
Output1 for generation 3701:

Oceanic mean pheno: 7.29586
Freshwater mean pheno: -9.01199
-------------------------------
Output1 for generation 3801:

Oceanic mean pheno: 7.28159
Freshwater mean pheno: -8.93619
-------------------------------
Output1 for generation 3901:

Oceanic mean pheno: 7.74641
Freshwater mean pheno: -9.11112
-------------------------------
Output1 for generation 4001:

Oceanic mean pheno: 8.4816
Freshwater mean pheno: -8.81649
-------------------------------
Output1 for generation 4101:

Oceanic mean pheno: 7.58171
Freshwater mean pheno: -8.83593
-------------------------------
Output1 for generation 4201:

Oceanic mean pheno: 7.85989
Freshwater mean pheno: -8.92356
-------------------------------
Output1 for generation 4301:

Oceanic mean pheno: 8.98026
Freshwater mean pheno: -9.47895
-------------------------------
Output1 for generation 4401:

Oceanic mean pheno: 9.45096
Freshwater mean pheno: -9.01509
-------------------------------
Output1 for generation 4501:

Oceanic mean pheno: 9.1897
Freshwater mean pheno: -8.76638
-------------------------------
Output1 for generation 4601:

Oceanic mean pheno: 8.74996
Freshwater mean pheno: -8.92863
-------------------------------
Output1 for generation 4701:

Oceanic mean pheno: 9.79106
Freshwater mean pheno: -8.52052
-------------------------------
Output1 for generation 4801:

Oceanic mean pheno: 9.5495
Freshwater mean pheno: -8.70566
-------------------------------
Output1 for generation 4901:

Oceanic mean pheno: 8.8187
Freshwater mean pheno: -8.92656
-------------------------------
Output1 for generation 5001:

Oceanic mean pheno: 9.28696
Freshwater mean pheno: -8.52252
-------------------------------
Output1 for generation 5101:

Oceanic mean pheno: 9.10294
Freshwater mean pheno: -8.53353
-------------------------------
Output1 for generation 5201:

Oceanic mean pheno: 7.88602
Freshwater mean pheno: -8.29189
-------------------------------
Output1 for generation 5301:

Oceanic mean pheno: 8.4207
Freshwater mean pheno: -8.57468
-------------------------------
Output1 for generation 5401:

Oceanic mean pheno: 9.48538
Freshwater mean pheno: -8.60646
-------------------------------
Output1 for generation 5501:

Oceanic mean pheno: 10.2199
Freshwater mean pheno: -8.61545
-------------------------------
Output1 for generation 5601:

Oceanic mean pheno: 9.30055
Freshwater mean pheno: -8.70358
-------------------------------
Output1 for generation 5701:

Oceanic mean pheno: 9.57986
Freshwater mean pheno: -8.57853
-------------------------------
Output1 for generation 5801:

Oceanic mean pheno: 8.98305
Freshwater mean pheno: -9.04063
-------------------------------
Output1 for generation 5901:

Oceanic mean pheno: 8.86744
Freshwater mean pheno: -8.94228
-------------------------------
Output1 for generation 6001:

Oceanic mean pheno: 9.61917
Freshwater mean pheno: -9.39706
-------------------------------
Output1 for generation 6101:

Oceanic mean pheno: 8.53961
Freshwater mean pheno: -9.25579
-------------------------------
Output1 for generation 6201:

Oceanic mean pheno: 9.08394
Freshwater mean pheno: -9.31034
-------------------------------
Output1 for generation 6301:

Oceanic mean pheno: 9.24082
Freshwater mean pheno: -8.81792
-------------------------------
Output1 for generation 6401:

Oceanic mean pheno: 8.74482
Freshwater mean pheno: -9.00158
-------------------------------
Output1 for generation 6501:

Oceanic mean pheno: 8.47607
Freshwater mean pheno: -9.17412
-------------------------------
Output1 for generation 6601:

Oceanic mean pheno: 7.46054
Freshwater mean pheno: -8.8462
-------------------------------
Output1 for generation 6701:

Oceanic mean pheno: 7.58251
Freshwater mean pheno: -9.26773
-------------------------------
Output1 for generation 6801:

Oceanic mean pheno: 8.03467
Freshwater mean pheno: -9.58902
-------------------------------
Output1 for generation 6901:

Oceanic mean pheno: 7.93703
Freshwater mean pheno: -9.26193
-------------------------------
Output1 for generation 7001:

Oceanic mean pheno: 8.12199
Freshwater mean pheno: -9.30799
-------------------------------
Output1 for generation 7101:

Oceanic mean pheno: 8.72769
Freshwater mean pheno: -9.36896
-------------------------------
Output1 for generation 7201:

Oceanic mean pheno: 8.2108
Freshwater mean pheno: -9.30215
-------------------------------
Output1 for generation 7301:

Oceanic mean pheno: 7.78898
Freshwater mean pheno: -9.15654
-------------------------------
Output1 for generation 7401:

Oceanic mean pheno: 8.02018
Freshwater mean pheno: -9.26771
-------------------------------
Output1 for generation 7501:

Oceanic mean pheno: 8.65393
Freshwater mean pheno: -8.90712
-------------------------------
Output1 for generation 7601:

Oceanic mean pheno: 9.7672
Freshwater mean pheno: -9.3913
-------------------------------
Output1 for generation 7701:

Oceanic mean pheno: 8.30066
Freshwater mean pheno: -9.49263
-------------------------------
Output1 for generation 7801:

Oceanic mean pheno: 8.02953
Freshwater mean pheno: -9.59639
-------------------------------
Output1 for generation 7901:

Oceanic mean pheno: 8.36824
Freshwater mean pheno: -9.62529
-------------------------------
Output1 for generation 8001:

Oceanic mean pheno: 7.8595
Freshwater mean pheno: -9.91753
-------------------------------
Output1 for generation 8101:

Oceanic mean pheno: 8.08333
Freshwater mean pheno: -10.0701
-------------------------------
Output1 for generation 8201:

Oceanic mean pheno: 8.37264
Freshwater mean pheno: -9.65795
-------------------------------
Output1 for generation 8301:

Oceanic mean pheno: 8.74234
Freshwater mean pheno: -9.45946
-------------------------------
Output1 for generation 8401:

Oceanic mean pheno: 8.67514
Freshwater mean pheno: -9.54631
-------------------------------
Output1 for generation 8501:

Oceanic mean pheno: 8.30564
Freshwater mean pheno: -8.60961
-------------------------------
Output1 for generation 8601:

Oceanic mean pheno: 8.81429
Freshwater mean pheno: -9.45943
-------------------------------
Output1 for generation 8701:

Oceanic mean pheno: 8.55191
Freshwater mean pheno: -9.38656
-------------------------------
Output1 for generation 8801:

Oceanic mean pheno: 8.14132
Freshwater mean pheno: -9.37106
-------------------------------
Output1 for generation 8901:

Oceanic mean pheno: 6.38152
Freshwater mean pheno: -9.45029
-------------------------------
Output1 for generation 9001:

Oceanic mean pheno: 6.87918
Freshwater mean pheno: -9.23737
-------------------------------
Output1 for generation 9101:

Oceanic mean pheno: 7.79007
Freshwater mean pheno: -9.73727
-------------------------------
Output1 for generation 9201:

Oceanic mean pheno: 8.79538
Freshwater mean pheno: -9.78144
-------------------------------
Output1 for generation 9301:

Oceanic mean pheno: 8.86482
Freshwater mean pheno: -9.37274
-------------------------------
Output1 for generation 9401:

Oceanic mean pheno: 9.05699
Freshwater mean pheno: -9.73328
-------------------------------
Output1 for generation 9501:

Oceanic mean pheno: 8.37091
Freshwater mean pheno: -10.0273
-------------------------------
Output1 for generation 9601:

Oceanic mean pheno: 7.54957
Freshwater mean pheno: -9.41785
-------------------------------
Output1 for generation 9701:

Oceanic mean pheno: 9.17339
Freshwater mean pheno: -9.26929
-------------------------------
Output1 for generation 9801:

Oceanic mean pheno: 9.09984
Freshwater mean pheno: -9.70975
-------------------------------
Output1 for generation 9901:

Oceanic mean pheno: 8.58085
Freshwater mean pheno: -9.74223
-------------------------------
Output1 for generation 10000:

Oceanic mean pheno: 8.02014
Freshwater mean pheno: -9.68137
Oceanic mean pheno8.02014
Freshwater mean pheno-9.68137
whole: 206
Oceanic: 147
Freshwater: 151
elapsed: 8:39.44 / kernel: 0.14 / user: 519.55 / mem: 74752
Done!
