Task ID  - seed 026336
Parameters for SLiM run:
  -s 026336 MyRecipe1_9_8.E
// Initial random seed:
1503611545685

// RunInitializeCallbacks():
initializeSLiMOptions(dimensionality = 'x');
initializeMutationRate(1e-06);
initializeMutationType(1, 0.5, "g", 0.5, 1);
initializeMutationType(2, 0.5, "g", -0.5, 1);
initializeMutationType(3, 0.5, "f", 0);
initializeGenomicElementType(1, m3, 1);
initializeGenomicElementType(2, c(m1, m2), c(1, 1));
initializeGenomicElement(g1, 0, 39);
initializeGenomicElement(g2, 40, 49);
initializeGenomicElement(g2, 50, 50);
initializeGenomicElement(g2, 51, 60);
initializeGenomicElement(g1, 61, 100);
initializeGenomicElement(g1, 101, 140);
initializeGenomicElement(g2, 141, 150);
initializeGenomicElement(g2, 151, 151);
initializeGenomicElement(g2, 152, 161);
initializeGenomicElement(g1, 162, 201);
initializeGenomicElement(g1, 202, 241);
initializeGenomicElement(g2, 242, 251);
initializeGenomicElement(g2, 252, 252);
initializeGenomicElement(g2, 253, 262);
initializeGenomicElement(g1, 263, 302);
initializeGenomicElement(g1, 303, 342);
initializeGenomicElement(g2, 343, 352);
initializeGenomicElement(g2, 353, 353);
initializeGenomicElement(g2, 354, 363);
initializeGenomicElement(g1, 364, 403);
initializeGenomicElement(g1, 404, 443);
initializeGenomicElement(g2, 444, 453);
initializeGenomicElement(g2, 454, 454);
initializeGenomicElement(g2, 455, 464);
initializeGenomicElement(g1, 465, 504);
initializeGenomicElement(g1, 505, 544);
initializeGenomicElement(g2, 545, 554);
initializeGenomicElement(g2, 555, 555);
initializeGenomicElement(g2, 556, 565);
initializeGenomicElement(g1, 566, 605);
initializeGenomicElement(g1, 606, 645);
initializeGenomicElement(g2, 646, 655);
initializeGenomicElement(g2, 656, 656);
initializeGenomicElement(g2, 657, 666);
initializeGenomicElement(g1, 667, 706);
initializeGenomicElement(g1, 707, 746);
initializeGenomicElement(g2, 747, 756);
initializeGenomicElement(g2, 757, 757);
initializeGenomicElement(g2, 758, 767);
initializeGenomicElement(g1, 768, 807);
initializeGenomicElement(g1, 808, 847);
initializeGenomicElement(g2, 848, 857);
initializeGenomicElement(g2, 858, 858);
initializeGenomicElement(g2, 859, 868);
initializeGenomicElement(g1, 869, 908);
initializeGenomicElement(g1, 909, 948);
initializeGenomicElement(g2, 949, 958);
initializeGenomicElement(g2, 959, 959);
initializeGenomicElement(g2, 960, 969);
initializeGenomicElement(g1, 970, 1009);
initializeRecombinationRate(0.001);
initializeInteractionType(1, "x", reciprocal=T", maxDistance=0.02);

// Starting run at generation <start>:
1 

-------------------------------
Output1 for generation 1:

Oceanic mean pheno: -0.015
Freshwater mean pheno: -0.008
-------------------------------
Output1 for generation 101:

Oceanic mean pheno: 2.81746
Freshwater mean pheno: -9.5149
-------------------------------
Output1 for generation 201:

Oceanic mean pheno: 5.60335
Freshwater mean pheno: -10.2491
-------------------------------
Output1 for generation 301:

Oceanic mean pheno: 7.37768
Freshwater mean pheno: -9.78128
-------------------------------
Output1 for generation 401:

Oceanic mean pheno: 8.514
Freshwater mean pheno: -9.83663
-------------------------------
Output1 for generation 501:

Oceanic mean pheno: 7.68556
Freshwater mean pheno: -10.0305
-------------------------------
Output1 for generation 601:

Oceanic mean pheno: 8.99597
Freshwater mean pheno: -9.7123
-------------------------------
Output1 for generation 701:

Oceanic mean pheno: 9.25584
Freshwater mean pheno: -9.81835
-------------------------------
Output1 for generation 801:

Oceanic mean pheno: 8.66556
Freshwater mean pheno: -10.3541
-------------------------------
Output1 for generation 901:

Oceanic mean pheno: 8.81435
Freshwater mean pheno: -9.99225
-------------------------------
Output1 for generation 1001:

Oceanic mean pheno: 8.73749
Freshwater mean pheno: -10.1134
-------------------------------
Output1 for generation 1101:

Oceanic mean pheno: 9.04526
Freshwater mean pheno: -9.74143
-------------------------------
Output1 for generation 1201:

Oceanic mean pheno: 9.93961
Freshwater mean pheno: -9.39966
-------------------------------
Output1 for generation 1301:

Oceanic mean pheno: 8.83717
Freshwater mean pheno: -9.52965
-------------------------------
Output1 for generation 1401:

Oceanic mean pheno: 7.9174
Freshwater mean pheno: -9.03642
-------------------------------
Output1 for generation 1501:

Oceanic mean pheno: 9.12093
Freshwater mean pheno: -9.00795
-------------------------------
Output1 for generation 1601:

Oceanic mean pheno: 9.15885
Freshwater mean pheno: -9.35022
-------------------------------
Output1 for generation 1701:

Oceanic mean pheno: 9.02397
Freshwater mean pheno: -9.06927
-------------------------------
Output1 for generation 1801:

Oceanic mean pheno: 9.85817
Freshwater mean pheno: -9.17968
-------------------------------
Output1 for generation 1901:

Oceanic mean pheno: 8.57307
Freshwater mean pheno: -9.29483
-------------------------------
Output1 for generation 2001:

Oceanic mean pheno: 8.4394
Freshwater mean pheno: -9.72824
-------------------------------
Output1 for generation 2101:

Oceanic mean pheno: 8.19668
Freshwater mean pheno: -9.90011
-------------------------------
Output1 for generation 2201:

Oceanic mean pheno: 8.692
Freshwater mean pheno: -9.22533
-------------------------------
Output1 for generation 2301:

Oceanic mean pheno: 8.32607
Freshwater mean pheno: -9.36739
-------------------------------
Output1 for generation 2401:

Oceanic mean pheno: 8.17118
Freshwater mean pheno: -9.62523
-------------------------------
Output1 for generation 2501:

Oceanic mean pheno: 8.61517
Freshwater mean pheno: -9.69969
-------------------------------
Output1 for generation 2601:

Oceanic mean pheno: 7.80985
Freshwater mean pheno: -10.4157
-------------------------------
Output1 for generation 2701:

Oceanic mean pheno: 7.41511
Freshwater mean pheno: -10.4055
-------------------------------
Output1 for generation 2801:

Oceanic mean pheno: 9.02979
Freshwater mean pheno: -9.75113
-------------------------------
Output1 for generation 2901:

Oceanic mean pheno: 8.20559
Freshwater mean pheno: -9.72547
-------------------------------
Output1 for generation 3001:

Oceanic mean pheno: 7.76224
Freshwater mean pheno: -9.80937
-------------------------------
Output1 for generation 3101:

Oceanic mean pheno: 7.87172
Freshwater mean pheno: -9.87376
-------------------------------
Output1 for generation 3201:

Oceanic mean pheno: 7.23461
Freshwater mean pheno: -9.73903
-------------------------------
Output1 for generation 3301:

Oceanic mean pheno: 6.52138
Freshwater mean pheno: -9.46559
-------------------------------
Output1 for generation 3401:

Oceanic mean pheno: 6.95474
Freshwater mean pheno: -9.47128
-------------------------------
Output1 for generation 3501:

Oceanic mean pheno: 7.69906
Freshwater mean pheno: -10.1458
-------------------------------
Output1 for generation 3601:

Oceanic mean pheno: 8.26497
Freshwater mean pheno: -10.4201
-------------------------------
Output1 for generation 3701:

Oceanic mean pheno: 7.18668
Freshwater mean pheno: -10.3565
-------------------------------
Output1 for generation 3801:

Oceanic mean pheno: 9.03009
Freshwater mean pheno: -10.119
-------------------------------
Output1 for generation 3901:

Oceanic mean pheno: 9.22736
Freshwater mean pheno: -10.4026
-------------------------------
Output1 for generation 4001:

Oceanic mean pheno: 7.45685
Freshwater mean pheno: -10.5357
-------------------------------
Output1 for generation 4101:

Oceanic mean pheno: 8.47419
Freshwater mean pheno: -9.99259
-------------------------------
Output1 for generation 4201:

Oceanic mean pheno: 9.36769
Freshwater mean pheno: -9.67385
-------------------------------
Output1 for generation 4301:

Oceanic mean pheno: 8.64136
Freshwater mean pheno: -9.75656
-------------------------------
Output1 for generation 4401:

Oceanic mean pheno: 7.71986
Freshwater mean pheno: -9.7397
-------------------------------
Output1 for generation 4501:

Oceanic mean pheno: 7.67821
Freshwater mean pheno: -9.65944
-------------------------------
Output1 for generation 4601:

Oceanic mean pheno: 8.00881
Freshwater mean pheno: -9.64488
-------------------------------
Output1 for generation 4701:

Oceanic mean pheno: 6.51021
Freshwater mean pheno: -9.81971
-------------------------------
Output1 for generation 4801:

Oceanic mean pheno: 7.27529
Freshwater mean pheno: -9.7377
-------------------------------
Output1 for generation 4901:

Oceanic mean pheno: 9.5786
Freshwater mean pheno: -9.60333
-------------------------------
Output1 for generation 5001:

Oceanic mean pheno: 9.32723
Freshwater mean pheno: -9.39038
-------------------------------
Output1 for generation 5101:

Oceanic mean pheno: 9.18539
Freshwater mean pheno: -9.74336
-------------------------------
Output1 for generation 5201:

Oceanic mean pheno: 9.73809
Freshwater mean pheno: -9.95563
-------------------------------
Output1 for generation 5301:

Oceanic mean pheno: 8.7734
Freshwater mean pheno: -9.99501
-------------------------------
Output1 for generation 5401:

Oceanic mean pheno: 8.94887
Freshwater mean pheno: -9.93888
-------------------------------
Output1 for generation 5501:

Oceanic mean pheno: 8.47832
Freshwater mean pheno: -9.36023
-------------------------------
Output1 for generation 5601:

Oceanic mean pheno: 8.25776
Freshwater mean pheno: -9.33159
-------------------------------
Output1 for generation 5701:

Oceanic mean pheno: 7.74843
Freshwater mean pheno: -8.92279
-------------------------------
Output1 for generation 5801:

Oceanic mean pheno: 8.10339
Freshwater mean pheno: -8.98224
-------------------------------
Output1 for generation 5901:

Oceanic mean pheno: 7.76593
Freshwater mean pheno: -8.99837
-------------------------------
Output1 for generation 6001:

Oceanic mean pheno: 7.88432
Freshwater mean pheno: -9.11153
-------------------------------
Output1 for generation 6101:

Oceanic mean pheno: 7.78542
Freshwater mean pheno: -9.04434
-------------------------------
Output1 for generation 6201:

Oceanic mean pheno: 8.36776
Freshwater mean pheno: -8.86658
-------------------------------
Output1 for generation 6301:

Oceanic mean pheno: 8.32933
Freshwater mean pheno: -8.89233
-------------------------------
Output1 for generation 6401:

Oceanic mean pheno: 8.65363
Freshwater mean pheno: -8.98177
-------------------------------
Output1 for generation 6501:

Oceanic mean pheno: 9.32292
Freshwater mean pheno: -8.42911
-------------------------------
Output1 for generation 6601:

Oceanic mean pheno: 8.19875
Freshwater mean pheno: -8.94435
-------------------------------
Output1 for generation 6701:

Oceanic mean pheno: 7.75061
Freshwater mean pheno: -8.70371
-------------------------------
Output1 for generation 6801:

Oceanic mean pheno: 8.96354
Freshwater mean pheno: -8.8247
-------------------------------
Output1 for generation 6901:

Oceanic mean pheno: 9.56207
Freshwater mean pheno: -8.79603
-------------------------------
Output1 for generation 7001:

Oceanic mean pheno: 9.66995
Freshwater mean pheno: -8.85189
-------------------------------
Output1 for generation 7101:

Oceanic mean pheno: 10.1339
Freshwater mean pheno: -8.76816
-------------------------------
Output1 for generation 7201:

Oceanic mean pheno: 9.06095
Freshwater mean pheno: -9.25433
-------------------------------
Output1 for generation 7301:

Oceanic mean pheno: 8.99823
Freshwater mean pheno: -9.13617
-------------------------------
Output1 for generation 7401:

Oceanic mean pheno: 7.48954
Freshwater mean pheno: -8.67879
-------------------------------
Output1 for generation 7501:

Oceanic mean pheno: 8.50066
Freshwater mean pheno: -8.57092
-------------------------------
Output1 for generation 7601:

Oceanic mean pheno: 9.56652
Freshwater mean pheno: -8.40387
-------------------------------
Output1 for generation 7701:

Oceanic mean pheno: 7.99765
Freshwater mean pheno: -8.27457
-------------------------------
Output1 for generation 7801:

Oceanic mean pheno: 7.27441
Freshwater mean pheno: -8.21
-------------------------------
Output1 for generation 7901:

Oceanic mean pheno: 8.15501
Freshwater mean pheno: -8.20429
-------------------------------
Output1 for generation 8001:

Oceanic mean pheno: 8.01496
Freshwater mean pheno: -8.51371
-------------------------------
Output1 for generation 8101:

Oceanic mean pheno: 8.69931
Freshwater mean pheno: -8.17189
-------------------------------
Output1 for generation 8201:

Oceanic mean pheno: 8.34926
Freshwater mean pheno: -8.35415
-------------------------------
Output1 for generation 8301:

Oceanic mean pheno: 7.987
Freshwater mean pheno: -8.52506
-------------------------------
Output1 for generation 8401:

Oceanic mean pheno: 8.23314
Freshwater mean pheno: -8.58367
-------------------------------
Output1 for generation 8501:

Oceanic mean pheno: 8.44781
Freshwater mean pheno: -8.87047
-------------------------------
Output1 for generation 8601:

Oceanic mean pheno: 7.63545
Freshwater mean pheno: -9.16667
-------------------------------
Output1 for generation 8701:

Oceanic mean pheno: 7.91888
Freshwater mean pheno: -9.22286
-------------------------------
Output1 for generation 8801:

Oceanic mean pheno: 8.27037
Freshwater mean pheno: -8.91193
-------------------------------
Output1 for generation 8901:

Oceanic mean pheno: 8.05183
Freshwater mean pheno: -8.82696
-------------------------------
Output1 for generation 9001:

Oceanic mean pheno: 6.53905
Freshwater mean pheno: -9.01279
-------------------------------
Output1 for generation 9101:

Oceanic mean pheno: 7.51241
Freshwater mean pheno: -8.89054
-------------------------------
Output1 for generation 9201:

Oceanic mean pheno: 8.32362
Freshwater mean pheno: -8.48461
-------------------------------
Output1 for generation 9301:

Oceanic mean pheno: 8.57486
Freshwater mean pheno: -8.75599
-------------------------------
Output1 for generation 9401:

Oceanic mean pheno: 8.92468
Freshwater mean pheno: -8.665
-------------------------------
Output1 for generation 9501:

Oceanic mean pheno: 9.01574
Freshwater mean pheno: -8.86057
-------------------------------
Output1 for generation 9601:

Oceanic mean pheno: 8.67477
Freshwater mean pheno: -8.86768
-------------------------------
Output1 for generation 9701:

Oceanic mean pheno: 9.34921
Freshwater mean pheno: -9.07295
-------------------------------
Output1 for generation 9801:

Oceanic mean pheno: 9.61024
Freshwater mean pheno: -9.45519
-------------------------------
Output1 for generation 9901:

Oceanic mean pheno: 8.37636
Freshwater mean pheno: -9.39906
-------------------------------
Output1 for generation 10000:

Oceanic mean pheno: 8.47912
Freshwater mean pheno: -8.34072
Oceanic mean pheno8.47912
Freshwater mean pheno-8.34072
whole: 201
Oceanic: 133
Freshwater: 159
elapsed: 8:18.41 / kernel: 0.11 / user: 498.56 / mem: 74808
Done!
